[2022-12-30T00:16:35.350+0000] {taskinstance.py:1087} INFO - Dependencies all met for <TaskInstance: a_incremental_load.get_daily_data scheduled__2022-12-29T00:00:00+00:00 [queued]>
[2022-12-30T00:16:35.356+0000] {taskinstance.py:1087} INFO - Dependencies all met for <TaskInstance: a_incremental_load.get_daily_data scheduled__2022-12-29T00:00:00+00:00 [queued]>
[2022-12-30T00:16:35.356+0000] {taskinstance.py:1283} INFO - 
--------------------------------------------------------------------------------
[2022-12-30T00:16:35.356+0000] {taskinstance.py:1284} INFO - Starting attempt 1 of 1
[2022-12-30T00:16:35.356+0000] {taskinstance.py:1285} INFO - 
--------------------------------------------------------------------------------
[2022-12-30T00:16:35.368+0000] {taskinstance.py:1304} INFO - Executing <Task(PythonOperator): get_daily_data> on 2022-12-29 00:00:00+00:00
[2022-12-30T00:16:35.376+0000] {standard_task_runner.py:55} INFO - Started process 21476 to run task
[2022-12-30T00:16:35.378+0000] {standard_task_runner.py:82} INFO - Running: ['***', 'tasks', 'run', 'a_incremental_load', 'get_daily_data', 'scheduled__2022-12-29T00:00:00+00:00', '--job-id', '37', '--raw', '--subdir', 'DAGS_FOLDER/incremental_load.py', '--cfg-path', '/tmp/tmpq0bww5nv']
[2022-12-30T00:16:35.379+0000] {standard_task_runner.py:83} INFO - Job 37: Subtask get_daily_data
[2022-12-30T00:16:35.439+0000] {task_command.py:389} INFO - Running <TaskInstance: a_incremental_load.get_daily_data scheduled__2022-12-29T00:00:00+00:00 [running]> on host 617cc505ea19
[2022-12-30T00:16:35.513+0000] {taskinstance.py:1513} INFO - Exporting the following env vars:
AIRFLOW_CTX_DAG_OWNER=***
AIRFLOW_CTX_DAG_ID=a_incremental_load
AIRFLOW_CTX_TASK_ID=get_daily_data
AIRFLOW_CTX_EXECUTION_DATE=2022-12-29T00:00:00+00:00
AIRFLOW_CTX_TRY_NUMBER=1
AIRFLOW_CTX_DAG_RUN_ID=scheduled__2022-12-29T00:00:00+00:00
[2022-12-30T00:16:35.514+0000] {logging_mixin.py:137} INFO - AAPL
[2022-12-30T00:16:36.953+0000] {logging_mixin.py:137} INFO - data/AAPL_2022-12-28.csv
[2022-12-30T00:16:57.428+0000] {logging_mixin.py:137} INFO - GOOGL
[2022-12-30T00:16:58.623+0000] {logging_mixin.py:137} INFO - data/GOOGL_2022-12-28.csv
[2022-12-30T00:17:18.868+0000] {logging_mixin.py:137} INFO - MSFT
[2022-12-30T00:17:20.162+0000] {logging_mixin.py:137} INFO - data/MSFT_2022-12-28.csv
[2022-12-30T00:17:40.404+0000] {logging_mixin.py:137} INFO - IBM
[2022-12-30T00:17:41.576+0000] {logging_mixin.py:137} INFO - data/IBM_2022-12-28.csv
[2022-12-30T00:18:01.744+0000] {logging_mixin.py:137} INFO - NVDA
[2022-12-30T00:18:04.656+0000] {logging_mixin.py:137} INFO - data/NVDA_2022-12-28.csv
[2022-12-30T00:18:24.904+0000] {logging_mixin.py:137} INFO - ORCL
[2022-12-30T00:18:26.127+0000] {logging_mixin.py:137} INFO - data/ORCL_2022-12-28.csv
[2022-12-30T00:18:46.296+0000] {logging_mixin.py:137} INFO - INTC
[2022-12-30T00:18:47.609+0000] {logging_mixin.py:137} INFO - data/INTC_2022-12-28.csv
[2022-12-30T00:19:07.864+0000] {logging_mixin.py:137} INFO - QCOM
[2022-12-30T00:19:09.062+0000] {logging_mixin.py:137} INFO - data/QCOM_2022-12-28.csv
[2022-12-30T00:19:29.236+0000] {logging_mixin.py:137} INFO - AMD
[2022-12-30T00:19:30.567+0000] {logging_mixin.py:137} INFO - data/AMD_2022-12-28.csv
[2022-12-30T00:19:50.832+0000] {logging_mixin.py:137} INFO - TSM
[2022-12-30T00:19:52.331+0000] {logging_mixin.py:137} INFO - data/TSM_2022-12-28.csv
[2022-12-30T00:20:12.536+0000] {python.py:177} INFO - Done. Returned value was: None
[2022-12-30T00:20:12.548+0000] {taskinstance.py:1327} INFO - Marking task as SUCCESS. dag_id=a_incremental_load, task_id=get_daily_data, execution_date=20221229T000000, start_date=20221230T001635, end_date=20221230T002012
[2022-12-30T00:20:12.601+0000] {local_task_job.py:159} INFO - Task exited with return code 0
[2022-12-30T00:20:12.629+0000] {taskinstance.py:2582} INFO - 1 downstream tasks scheduled from follow-on schedule check
