[2022-12-29T21:02:48.216+0000] {taskinstance.py:1087} INFO - Dependencies all met for <TaskInstance: a_initial_load.load_data scheduled__2022-12-28T00:00:00+00:00 [queued]>
[2022-12-29T21:02:48.222+0000] {taskinstance.py:1087} INFO - Dependencies all met for <TaskInstance: a_initial_load.load_data scheduled__2022-12-28T00:00:00+00:00 [queued]>
[2022-12-29T21:02:48.223+0000] {taskinstance.py:1283} INFO - 
--------------------------------------------------------------------------------
[2022-12-29T21:02:48.223+0000] {taskinstance.py:1284} INFO - Starting attempt 1 of 1
[2022-12-29T21:02:48.223+0000] {taskinstance.py:1285} INFO - 
--------------------------------------------------------------------------------
[2022-12-29T21:02:48.236+0000] {taskinstance.py:1304} INFO - Executing <Task(PythonOperator): load_data> on 2022-12-28 00:00:00+00:00
[2022-12-29T21:02:48.245+0000] {standard_task_runner.py:55} INFO - Started process 1244 to run task
[2022-12-29T21:02:48.247+0000] {standard_task_runner.py:82} INFO - Running: ['***', 'tasks', 'run', 'a_initial_load', 'load_data', 'scheduled__2022-12-28T00:00:00+00:00', '--job-id', '24', '--raw', '--subdir', 'DAGS_FOLDER/initial_load.py', '--cfg-path', '/tmp/tmp_1pxa7p8']
[2022-12-29T21:02:48.249+0000] {standard_task_runner.py:83} INFO - Job 24: Subtask load_data
[2022-12-29T21:02:48.299+0000] {task_command.py:389} INFO - Running <TaskInstance: a_initial_load.load_data scheduled__2022-12-28T00:00:00+00:00 [running]> on host 617cc505ea19
[2022-12-29T21:02:48.361+0000] {taskinstance.py:1513} INFO - Exporting the following env vars:
AIRFLOW_CTX_DAG_OWNER=***
AIRFLOW_CTX_DAG_ID=a_initial_load
AIRFLOW_CTX_TASK_ID=load_data
AIRFLOW_CTX_EXECUTION_DATE=2022-12-28T00:00:00+00:00
AIRFLOW_CTX_TRY_NUMBER=1
AIRFLOW_CTX_DAG_RUN_ID=scheduled__2022-12-28T00:00:00+00:00
[2022-12-29T21:02:48.361+0000] {logging_mixin.py:137} INFO - AAPL
[2022-12-29T21:02:48.362+0000] {logging_mixin.py:137} INFO - AAPL year1month1
[2022-12-29T21:02:51.104+0000] {logging_mixin.py:137} INFO - data/AAPL_year1month1.csv
[2022-12-29T21:03:06.884+0000] {logging_mixin.py:137} INFO - AAPL year1month2
[2022-12-29T21:03:09.587+0000] {logging_mixin.py:137} INFO - data/AAPL_year1month2.csv
[2022-12-29T21:03:25.284+0000] {logging_mixin.py:137} INFO - AAPL year1month3
[2022-12-29T21:03:27.755+0000] {logging_mixin.py:137} INFO - data/AAPL_year1month3.csv
[2022-12-29T21:03:43.575+0000] {logging_mixin.py:137} INFO - AAPL year1month4
[2022-12-29T21:03:46.628+0000] {logging_mixin.py:137} INFO - data/AAPL_year1month4.csv
[2022-12-29T21:04:02.440+0000] {logging_mixin.py:137} INFO - AAPL year1month5
[2022-12-29T21:04:06.177+0000] {logging_mixin.py:137} INFO - data/AAPL_year1month5.csv
[2022-12-29T21:04:21.904+0000] {logging_mixin.py:137} INFO - AAPL year1month6
[2022-12-29T21:04:23.321+0000] {taskinstance.py:1772} ERROR - Task failed with exception
Traceback (most recent call last):
  File "/home/airflow/.local/lib/python3.7/site-packages/pandas/core/indexes/base.py", line 3361, in get_loc
    return self._engine.get_loc(casted_key)
  File "pandas/_libs/index.pyx", line 76, in pandas._libs.index.IndexEngine.get_loc
  File "pandas/_libs/index.pyx", line 103, in pandas._libs.index.IndexEngine.get_loc
  File "pandas/_libs/index.pyx", line 135, in pandas._libs.index.IndexEngine._get_loc_duplicates
  File "pandas/_libs/index.pyx", line 143, in pandas._libs.index.IndexEngine._maybe_get_bool_indexer
  File "pandas/_libs/index.pyx", line 161, in pandas._libs.index.IndexEngine._unpack_bool_indexer
KeyError: 'time'

The above exception was the direct cause of the following exception:

Traceback (most recent call last):
  File "/home/airflow/.local/lib/python3.7/site-packages/airflow/operators/python.py", line 175, in execute
    return_value = self.execute_callable()
  File "/home/airflow/.local/lib/python3.7/site-packages/airflow/operators/python.py", line 192, in execute_callable
    return self.python_callable(*self.op_args, **self.op_kwargs)
  File "/opt/airflow/dags/initial_load.py", line 72, in load_data
    load_ticker_data(stock_id)
  File "/opt/airflow/dags/initial_load.py", line 64, in load_ticker_data
    get_month_slice(ticker, apiint, month_slice, output="data")
  File "/opt/airflow/dags/initial_load.py", line 39, in get_month_slice
    df['time'] = pd.to_datetime(df['time'])
  File "/home/airflow/.local/lib/python3.7/site-packages/pandas/core/frame.py", line 3458, in __getitem__
    indexer = self.columns.get_loc(key)
  File "/home/airflow/.local/lib/python3.7/site-packages/pandas/core/indexes/base.py", line 3363, in get_loc
    raise KeyError(key) from err
KeyError: 'time'
[2022-12-29T21:04:23.332+0000] {taskinstance.py:1327} INFO - Marking task as FAILED. dag_id=a_initial_load, task_id=load_data, execution_date=20221228T000000, start_date=20221229T210248, end_date=20221229T210423
[2022-12-29T21:04:23.342+0000] {standard_task_runner.py:105} ERROR - Failed to execute job 24 for task load_data ('time'; 1244)
[2022-12-29T21:04:23.390+0000] {local_task_job.py:159} INFO - Task exited with return code 1
[2022-12-29T21:04:23.414+0000] {taskinstance.py:2582} INFO - 0 downstream tasks scheduled from follow-on schedule check
[2022-12-29T21:12:14.750+0000] {taskinstance.py:1087} INFO - Dependencies all met for <TaskInstance: a_initial_load.load_data scheduled__2022-12-28T00:00:00+00:00 [queued]>
[2022-12-29T21:12:14.758+0000] {taskinstance.py:1087} INFO - Dependencies all met for <TaskInstance: a_initial_load.load_data scheduled__2022-12-28T00:00:00+00:00 [queued]>
[2022-12-29T21:12:14.758+0000] {taskinstance.py:1283} INFO - 
--------------------------------------------------------------------------------
[2022-12-29T21:12:14.758+0000] {taskinstance.py:1284} INFO - Starting attempt 1 of 1
[2022-12-29T21:12:14.758+0000] {taskinstance.py:1285} INFO - 
--------------------------------------------------------------------------------
[2022-12-29T21:12:14.770+0000] {taskinstance.py:1304} INFO - Executing <Task(PythonOperator): load_data> on 2022-12-28 00:00:00+00:00
[2022-12-29T21:12:14.778+0000] {standard_task_runner.py:55} INFO - Started process 2247 to run task
[2022-12-29T21:12:14.781+0000] {standard_task_runner.py:82} INFO - Running: ['***', 'tasks', 'run', 'a_initial_load', 'load_data', 'scheduled__2022-12-28T00:00:00+00:00', '--job-id', '28', '--raw', '--subdir', 'DAGS_FOLDER/initial_load.py', '--cfg-path', '/tmp/tmpffckef5c']
[2022-12-29T21:12:14.782+0000] {standard_task_runner.py:83} INFO - Job 28: Subtask load_data
[2022-12-29T21:12:14.833+0000] {task_command.py:389} INFO - Running <TaskInstance: a_initial_load.load_data scheduled__2022-12-28T00:00:00+00:00 [running]> on host 617cc505ea19
[2022-12-29T21:12:14.899+0000] {taskinstance.py:1513} INFO - Exporting the following env vars:
AIRFLOW_CTX_DAG_OWNER=***
AIRFLOW_CTX_DAG_ID=a_initial_load
AIRFLOW_CTX_TASK_ID=load_data
AIRFLOW_CTX_EXECUTION_DATE=2022-12-28T00:00:00+00:00
AIRFLOW_CTX_TRY_NUMBER=1
AIRFLOW_CTX_DAG_RUN_ID=scheduled__2022-12-28T00:00:00+00:00
[2022-12-29T21:12:14.899+0000] {logging_mixin.py:137} INFO - AAPL
[2022-12-29T21:12:14.900+0000] {logging_mixin.py:137} INFO - AAPL year1month1
[2022-12-29T21:12:18.014+0000] {logging_mixin.py:137} INFO - data/AAPL_year1month1.csv
[2022-12-29T21:12:38.796+0000] {logging_mixin.py:137} INFO - AAPL year1month2
[2022-12-29T21:12:40.683+0000] {logging_mixin.py:137} INFO - data/AAPL_year1month2.csv
[2022-12-29T21:13:01.426+0000] {logging_mixin.py:137} INFO - AAPL year1month3
[2022-12-29T21:13:04.107+0000] {logging_mixin.py:137} INFO - data/AAPL_year1month3.csv
[2022-12-29T21:13:24.889+0000] {logging_mixin.py:137} INFO - AAPL year1month4
[2022-12-29T21:13:26.904+0000] {logging_mixin.py:137} INFO - data/AAPL_year1month4.csv
[2022-12-29T21:13:47.712+0000] {logging_mixin.py:137} INFO - AAPL year1month5
[2022-12-29T21:13:49.781+0000] {logging_mixin.py:137} INFO - data/AAPL_year1month5.csv
[2022-12-29T21:14:10.480+0000] {logging_mixin.py:137} INFO - AAPL year1month6
[2022-12-29T21:14:12.515+0000] {logging_mixin.py:137} INFO - data/AAPL_year1month6.csv
[2022-12-29T21:14:33.228+0000] {logging_mixin.py:137} INFO - AAPL year1month7
[2022-12-29T21:14:35.931+0000] {logging_mixin.py:137} INFO - data/AAPL_year1month7.csv
[2022-12-29T21:14:56.724+0000] {logging_mixin.py:137} INFO - AAPL year1month8
[2022-12-29T21:14:58.986+0000] {logging_mixin.py:137} INFO - data/AAPL_year1month8.csv
[2022-12-29T21:15:19.824+0000] {logging_mixin.py:137} INFO - AAPL year1month9
[2022-12-29T21:15:21.981+0000] {logging_mixin.py:137} INFO - data/AAPL_year1month9.csv
[2022-12-29T21:15:42.700+0000] {logging_mixin.py:137} INFO - AAPL year1month10
[2022-12-29T21:15:44.778+0000] {logging_mixin.py:137} INFO - data/AAPL_year1month10.csv
[2022-12-29T21:16:05.744+0000] {logging_mixin.py:137} INFO - AAPL year1month11
[2022-12-29T21:16:08.384+0000] {logging_mixin.py:137} INFO - data/AAPL_year1month11.csv
[2022-12-29T21:16:29.192+0000] {logging_mixin.py:137} INFO - AAPL year1month12
[2022-12-29T21:16:31.274+0000] {logging_mixin.py:137} INFO - data/AAPL_year1month12.csv
[2022-12-29T21:16:52.336+0000] {logging_mixin.py:137} INFO - AAPL year2month1
[2022-12-29T21:16:54.197+0000] {logging_mixin.py:137} INFO - data/AAPL_year2month1.csv
[2022-12-29T21:17:14.896+0000] {logging_mixin.py:137} INFO - AAPL year2month2
[2022-12-29T21:17:16.944+0000] {logging_mixin.py:137} INFO - data/AAPL_year2month2.csv
[2022-12-29T21:17:37.736+0000] {logging_mixin.py:137} INFO - AAPL year2month3
[2022-12-29T21:17:40.608+0000] {logging_mixin.py:137} INFO - data/AAPL_year2month3.csv
[2022-12-29T21:18:01.408+0000] {logging_mixin.py:137} INFO - AAPL year2month4
[2022-12-29T21:18:05.133+0000] {logging_mixin.py:137} INFO - data/AAPL_year2month4.csv
[2022-12-29T21:18:25.992+0000] {logging_mixin.py:137} INFO - AAPL year2month5
[2022-12-29T21:18:28.659+0000] {logging_mixin.py:137} INFO - data/AAPL_year2month5.csv
[2022-12-29T21:18:49.304+0000] {logging_mixin.py:137} INFO - AAPL year2month6
[2022-12-29T21:18:52.366+0000] {logging_mixin.py:137} INFO - data/AAPL_year2month6.csv
[2022-12-29T21:19:13.357+0000] {logging_mixin.py:137} INFO - AAPL year2month7
[2022-12-29T21:19:15.371+0000] {logging_mixin.py:137} INFO - data/AAPL_year2month7.csv
[2022-12-29T21:19:36.120+0000] {logging_mixin.py:137} INFO - AAPL year2month8
[2022-12-29T21:19:39.467+0000] {logging_mixin.py:137} INFO - data/AAPL_year2month8.csv
[2022-12-29T21:20:00.244+0000] {logging_mixin.py:137} INFO - AAPL year2month9
[2022-12-29T21:20:02.676+0000] {logging_mixin.py:137} INFO - data/AAPL_year2month9.csv
[2022-12-29T21:20:23.520+0000] {logging_mixin.py:137} INFO - AAPL year2month10
[2022-12-29T21:20:25.686+0000] {logging_mixin.py:137} INFO - data/AAPL_year2month10.csv
[2022-12-29T21:20:46.488+0000] {logging_mixin.py:137} INFO - AAPL year2month11
[2022-12-29T21:20:52.402+0000] {logging_mixin.py:137} INFO - data/AAPL_year2month11.csv
[2022-12-29T21:21:13.140+0000] {logging_mixin.py:137} INFO - AAPL year2month12
[2022-12-29T21:21:15.365+0000] {logging_mixin.py:137} INFO - data/AAPL_year2month12.csv
[2022-12-29T21:21:36.180+0000] {logging_mixin.py:137} INFO - GOOGL
[2022-12-29T21:21:36.180+0000] {logging_mixin.py:137} INFO - GOOGL year1month1
[2022-12-29T21:21:37.681+0000] {logging_mixin.py:137} INFO - data/GOOGL_year1month1.csv
[2022-12-29T21:21:58.236+0000] {logging_mixin.py:137} INFO - GOOGL year1month2
[2022-12-29T21:21:59.913+0000] {logging_mixin.py:137} INFO - data/GOOGL_year1month2.csv
[2022-12-29T21:22:20.469+0000] {logging_mixin.py:137} INFO - GOOGL year1month3
[2022-12-29T21:22:22.150+0000] {logging_mixin.py:137} INFO - data/GOOGL_year1month3.csv
[2022-12-29T21:22:42.740+0000] {logging_mixin.py:137} INFO - GOOGL year1month4
[2022-12-29T21:22:44.507+0000] {logging_mixin.py:137} INFO - data/GOOGL_year1month4.csv
[2022-12-29T21:23:05.096+0000] {logging_mixin.py:137} INFO - GOOGL year1month5
[2022-12-29T21:23:07.480+0000] {logging_mixin.py:137} INFO - data/GOOGL_year1month5.csv
[2022-12-29T21:23:28.148+0000] {logging_mixin.py:137} INFO - GOOGL year1month6
[2022-12-29T21:23:29.814+0000] {logging_mixin.py:137} INFO - data/GOOGL_year1month6.csv
[2022-12-29T21:23:50.272+0000] {logging_mixin.py:137} INFO - GOOGL year1month7
[2022-12-29T21:23:52.002+0000] {logging_mixin.py:137} INFO - data/GOOGL_year1month7.csv
[2022-12-29T21:24:12.376+0000] {logging_mixin.py:137} INFO - GOOGL year1month8
[2022-12-29T21:24:14.004+0000] {logging_mixin.py:137} INFO - data/GOOGL_year1month8.csv
[2022-12-29T21:24:34.456+0000] {logging_mixin.py:137} INFO - GOOGL year1month9
[2022-12-29T21:24:36.104+0000] {logging_mixin.py:137} INFO - data/GOOGL_year1month9.csv
[2022-12-29T21:24:56.480+0000] {logging_mixin.py:137} INFO - GOOGL year1month10
[2022-12-29T21:24:58.165+0000] {logging_mixin.py:137} INFO - data/GOOGL_year1month10.csv
[2022-12-29T21:25:18.540+0000] {logging_mixin.py:137} INFO - GOOGL year1month11
[2022-12-29T21:25:20.293+0000] {logging_mixin.py:137} INFO - data/GOOGL_year1month11.csv
[2022-12-29T21:25:40.720+0000] {logging_mixin.py:137} INFO - GOOGL year1month12
[2022-12-29T21:25:42.549+0000] {logging_mixin.py:137} INFO - data/GOOGL_year1month12.csv
[2022-12-29T21:26:02.911+0000] {logging_mixin.py:137} INFO - GOOGL year2month1
[2022-12-29T21:26:04.477+0000] {logging_mixin.py:137} INFO - data/GOOGL_year2month1.csv
[2022-12-29T21:26:24.748+0000] {logging_mixin.py:137} INFO - GOOGL year2month2
[2022-12-29T21:26:26.254+0000] {logging_mixin.py:137} INFO - data/GOOGL_year2month2.csv
[2022-12-29T21:26:46.584+0000] {logging_mixin.py:137} INFO - GOOGL year2month3
[2022-12-29T21:26:48.165+0000] {logging_mixin.py:137} INFO - data/GOOGL_year2month3.csv
[2022-12-29T21:27:08.600+0000] {logging_mixin.py:137} INFO - GOOGL year2month4
[2022-12-29T21:27:10.089+0000] {logging_mixin.py:137} INFO - data/GOOGL_year2month4.csv
[2022-12-29T21:27:30.420+0000] {logging_mixin.py:137} INFO - GOOGL year2month5
[2022-12-29T21:27:32.236+0000] {logging_mixin.py:137} INFO - data/GOOGL_year2month5.csv
[2022-12-29T21:27:52.584+0000] {logging_mixin.py:137} INFO - GOOGL year2month6
[2022-12-29T21:27:54.284+0000] {logging_mixin.py:137} INFO - data/GOOGL_year2month6.csv
[2022-12-29T21:28:14.664+0000] {logging_mixin.py:137} INFO - GOOGL year2month7
[2022-12-29T21:28:16.162+0000] {logging_mixin.py:137} INFO - data/GOOGL_year2month7.csv
[2022-12-29T21:28:36.466+0000] {logging_mixin.py:137} INFO - GOOGL year2month8
[2022-12-29T21:28:37.912+0000] {logging_mixin.py:137} INFO - data/GOOGL_year2month8.csv
[2022-12-29T21:28:58.317+0000] {logging_mixin.py:137} INFO - GOOGL year2month9
[2022-12-29T21:28:59.839+0000] {logging_mixin.py:137} INFO - data/GOOGL_year2month9.csv
[2022-12-29T21:29:20.252+0000] {logging_mixin.py:137} INFO - GOOGL year2month10
[2022-12-29T21:29:21.826+0000] {logging_mixin.py:137} INFO - data/GOOGL_year2month10.csv
[2022-12-29T21:29:42.196+0000] {logging_mixin.py:137} INFO - GOOGL year2month11
[2022-12-29T21:29:43.919+0000] {logging_mixin.py:137} INFO - data/GOOGL_year2month11.csv
[2022-12-29T21:30:04.290+0000] {logging_mixin.py:137} INFO - GOOGL year2month12
[2022-12-29T21:30:09.406+0000] {logging_mixin.py:137} INFO - data/GOOGL_year2month12.csv
[2022-12-29T21:30:29.869+0000] {logging_mixin.py:137} INFO - MSFT
[2022-12-29T21:30:29.869+0000] {logging_mixin.py:137} INFO - MSFT year1month1
[2022-12-29T21:30:31.440+0000] {logging_mixin.py:137} INFO - data/MSFT_year1month1.csv
[2022-12-29T21:30:51.932+0000] {logging_mixin.py:137} INFO - MSFT year1month2
[2022-12-29T21:30:53.912+0000] {logging_mixin.py:137} INFO - data/MSFT_year1month2.csv
[2022-12-29T21:31:14.464+0000] {logging_mixin.py:137} INFO - MSFT year1month3
[2022-12-29T21:31:16.595+0000] {logging_mixin.py:137} INFO - data/MSFT_year1month3.csv
[2022-12-29T21:31:37.300+0000] {logging_mixin.py:137} INFO - MSFT year1month4
[2022-12-29T21:31:39.120+0000] {logging_mixin.py:137} INFO - data/MSFT_year1month4.csv
[2022-12-29T21:31:59.624+0000] {logging_mixin.py:137} INFO - MSFT year1month5
[2022-12-29T21:32:02.361+0000] {logging_mixin.py:137} INFO - data/MSFT_year1month5.csv
[2022-12-29T21:32:22.942+0000] {logging_mixin.py:137} INFO - MSFT year1month6
[2022-12-29T21:32:24.770+0000] {logging_mixin.py:137} INFO - data/MSFT_year1month6.csv
[2022-12-29T21:32:45.320+0000] {logging_mixin.py:137} INFO - MSFT year1month7
[2022-12-29T21:32:47.664+0000] {logging_mixin.py:137} INFO - data/MSFT_year1month7.csv
[2022-12-29T21:33:08.220+0000] {logging_mixin.py:137} INFO - MSFT year1month8
[2022-12-29T21:33:10.746+0000] {logging_mixin.py:137} INFO - data/MSFT_year1month8.csv
[2022-12-29T21:33:31.304+0000] {logging_mixin.py:137} INFO - MSFT year1month9
[2022-12-29T21:33:33.150+0000] {logging_mixin.py:137} INFO - data/MSFT_year1month9.csv
[2022-12-29T21:33:53.832+0000] {logging_mixin.py:137} INFO - MSFT year1month10
[2022-12-29T21:33:56.281+0000] {logging_mixin.py:137} INFO - data/MSFT_year1month10.csv
[2022-12-29T21:34:16.792+0000] {logging_mixin.py:137} INFO - MSFT year1month11
[2022-12-29T21:34:19.195+0000] {logging_mixin.py:137} INFO - data/MSFT_year1month11.csv
[2022-12-29T21:34:39.920+0000] {logging_mixin.py:137} INFO - MSFT year1month12
[2022-12-29T21:34:41.896+0000] {logging_mixin.py:137} INFO - data/MSFT_year1month12.csv
[2022-12-29T21:35:02.572+0000] {logging_mixin.py:137} INFO - MSFT year2month1
[2022-12-29T21:35:06.070+0000] {logging_mixin.py:137} INFO - data/MSFT_year2month1.csv
[2022-12-29T21:35:26.567+0000] {logging_mixin.py:137} INFO - MSFT year2month2
[2022-12-29T21:35:28.563+0000] {logging_mixin.py:137} INFO - data/MSFT_year2month2.csv
[2022-12-29T21:35:49.148+0000] {logging_mixin.py:137} INFO - MSFT year2month3
[2022-12-29T21:35:51.054+0000] {logging_mixin.py:137} INFO - data/MSFT_year2month3.csv
[2022-12-29T21:36:11.585+0000] {logging_mixin.py:137} INFO - MSFT year2month4
[2022-12-29T21:36:13.801+0000] {logging_mixin.py:137} INFO - data/MSFT_year2month4.csv
[2022-12-29T21:36:34.368+0000] {logging_mixin.py:137} INFO - MSFT year2month5
[2022-12-29T21:36:36.322+0000] {logging_mixin.py:137} INFO - data/MSFT_year2month5.csv
[2022-12-29T21:36:56.949+0000] {logging_mixin.py:137} INFO - MSFT year2month6
[2022-12-29T21:36:58.787+0000] {logging_mixin.py:137} INFO - data/MSFT_year2month6.csv
[2022-12-29T21:37:19.296+0000] {logging_mixin.py:137} INFO - MSFT year2month7
[2022-12-29T21:37:21.076+0000] {logging_mixin.py:137} INFO - data/MSFT_year2month7.csv
[2022-12-29T21:37:41.552+0000] {logging_mixin.py:137} INFO - MSFT year2month8
[2022-12-29T21:37:43.328+0000] {logging_mixin.py:137} INFO - data/MSFT_year2month8.csv
[2022-12-29T21:38:03.924+0000] {logging_mixin.py:137} INFO - MSFT year2month9
[2022-12-29T21:38:07.001+0000] {logging_mixin.py:137} INFO - data/MSFT_year2month9.csv
[2022-12-29T21:38:27.579+0000] {logging_mixin.py:137} INFO - MSFT year2month10
[2022-12-29T21:38:31.473+0000] {logging_mixin.py:137} INFO - data/MSFT_year2month10.csv
[2022-12-29T21:38:51.944+0000] {logging_mixin.py:137} INFO - MSFT year2month11
[2022-12-29T21:38:53.680+0000] {logging_mixin.py:137} INFO - data/MSFT_year2month11.csv
[2022-12-29T21:39:14.179+0000] {logging_mixin.py:137} INFO - MSFT year2month12
[2022-12-29T21:39:16.267+0000] {logging_mixin.py:137} INFO - data/MSFT_year2month12.csv
[2022-12-29T21:39:36.848+0000] {logging_mixin.py:137} INFO - IBM
[2022-12-29T21:39:36.848+0000] {logging_mixin.py:137} INFO - IBM year1month1
[2022-12-29T21:39:40.231+0000] {logging_mixin.py:137} INFO - data/IBM_year1month1.csv
[2022-12-29T21:40:00.615+0000] {logging_mixin.py:137} INFO - IBM year1month2
[2022-12-29T21:40:03.092+0000] {logging_mixin.py:137} INFO - data/IBM_year1month2.csv
[2022-12-29T21:40:23.420+0000] {logging_mixin.py:137} INFO - IBM year1month3
[2022-12-29T21:40:25.292+0000] {logging_mixin.py:137} INFO - data/IBM_year1month3.csv
[2022-12-29T21:40:45.812+0000] {logging_mixin.py:137} INFO - IBM year1month4
[2022-12-29T21:40:47.420+0000] {logging_mixin.py:137} INFO - data/IBM_year1month4.csv
[2022-12-29T21:41:07.836+0000] {logging_mixin.py:137} INFO - IBM year1month5
[2022-12-29T21:41:14.683+0000] {logging_mixin.py:137} INFO - data/IBM_year1month5.csv
[2022-12-29T21:41:35.080+0000] {logging_mixin.py:137} INFO - IBM year1month6
[2022-12-29T21:41:36.960+0000] {logging_mixin.py:137} INFO - data/IBM_year1month6.csv
[2022-12-29T21:41:57.356+0000] {logging_mixin.py:137} INFO - IBM year1month7
[2022-12-29T21:41:58.991+0000] {logging_mixin.py:137} INFO - data/IBM_year1month7.csv
[2022-12-29T21:42:19.360+0000] {logging_mixin.py:137} INFO - IBM year1month8
[2022-12-29T21:42:21.418+0000] {logging_mixin.py:137} INFO - data/IBM_year1month8.csv
[2022-12-29T21:42:41.895+0000] {logging_mixin.py:137} INFO - IBM year1month9
[2022-12-29T21:42:43.467+0000] {logging_mixin.py:137} INFO - data/IBM_year1month9.csv
[2022-12-29T21:43:03.877+0000] {logging_mixin.py:137} INFO - IBM year1month10
[2022-12-29T21:43:07.272+0000] {logging_mixin.py:137} INFO - data/IBM_year1month10.csv
[2022-12-29T21:43:27.692+0000] {logging_mixin.py:137} INFO - IBM year1month11
[2022-12-29T21:43:29.331+0000] {logging_mixin.py:137} INFO - data/IBM_year1month11.csv
[2022-12-29T21:43:49.752+0000] {logging_mixin.py:137} INFO - IBM year1month12
[2022-12-29T21:43:51.493+0000] {logging_mixin.py:137} INFO - data/IBM_year1month12.csv
[2022-12-29T21:44:11.959+0000] {logging_mixin.py:137} INFO - IBM year2month1
[2022-12-29T21:44:13.624+0000] {logging_mixin.py:137} INFO - data/IBM_year2month1.csv
[2022-12-29T21:44:33.983+0000] {logging_mixin.py:137} INFO - IBM year2month2
[2022-12-29T21:44:35.887+0000] {logging_mixin.py:137} INFO - data/IBM_year2month2.csv
[2022-12-29T21:44:56.317+0000] {logging_mixin.py:137} INFO - IBM year2month3
[2022-12-29T21:44:57.992+0000] {logging_mixin.py:137} INFO - data/IBM_year2month3.csv
[2022-12-29T21:45:18.456+0000] {logging_mixin.py:137} INFO - IBM year2month4
[2022-12-29T21:45:20.017+0000] {logging_mixin.py:137} INFO - data/IBM_year2month4.csv
[2022-12-29T21:45:40.396+0000] {logging_mixin.py:137} INFO - IBM year2month5
[2022-12-29T21:45:42.215+0000] {logging_mixin.py:137} INFO - data/IBM_year2month5.csv
[2022-12-29T21:46:02.777+0000] {logging_mixin.py:137} INFO - IBM year2month6
[2022-12-29T21:46:06.472+0000] {logging_mixin.py:137} INFO - data/IBM_year2month6.csv
[2022-12-29T21:46:26.932+0000] {logging_mixin.py:137} INFO - IBM year2month7
[2022-12-29T21:46:28.521+0000] {logging_mixin.py:137} INFO - data/IBM_year2month7.csv
[2022-12-29T21:46:48.929+0000] {logging_mixin.py:137} INFO - IBM year2month8
[2022-12-29T21:46:50.804+0000] {logging_mixin.py:137} INFO - data/IBM_year2month8.csv
[2022-12-29T21:47:11.184+0000] {logging_mixin.py:137} INFO - IBM year2month9
[2022-12-29T21:47:12.878+0000] {logging_mixin.py:137} INFO - data/IBM_year2month9.csv
[2022-12-29T21:47:33.312+0000] {logging_mixin.py:137} INFO - IBM year2month10
[2022-12-29T21:47:34.886+0000] {logging_mixin.py:137} INFO - data/IBM_year2month10.csv
[2022-12-29T21:47:55.320+0000] {logging_mixin.py:137} INFO - IBM year2month11
[2022-12-29T21:47:57.987+0000] {logging_mixin.py:137} INFO - data/IBM_year2month11.csv
[2022-12-29T21:48:18.428+0000] {logging_mixin.py:137} INFO - IBM year2month12
[2022-12-29T21:48:20.108+0000] {logging_mixin.py:137} INFO - data/IBM_year2month12.csv
[2022-12-29T21:48:40.544+0000] {logging_mixin.py:137} INFO - NVDA
[2022-12-29T21:48:40.544+0000] {logging_mixin.py:137} INFO - NVDA year1month1
[2022-12-29T21:48:42.218+0000] {logging_mixin.py:137} INFO - data/NVDA_year1month1.csv
[2022-12-29T21:49:02.864+0000] {logging_mixin.py:137} INFO - NVDA year1month2
[2022-12-29T21:49:05.707+0000] {logging_mixin.py:137} INFO - data/NVDA_year1month2.csv
[2022-12-29T21:49:26.260+0000] {logging_mixin.py:137} INFO - NVDA year1month3
[2022-12-29T21:49:28.245+0000] {logging_mixin.py:137} INFO - data/NVDA_year1month3.csv
[2022-12-29T21:49:48.912+0000] {logging_mixin.py:137} INFO - NVDA year1month4
[2022-12-29T21:49:50.946+0000] {logging_mixin.py:137} INFO - data/NVDA_year1month4.csv
[2022-12-29T21:50:11.728+0000] {logging_mixin.py:137} INFO - NVDA year1month5
[2022-12-29T21:50:13.681+0000] {logging_mixin.py:137} INFO - data/NVDA_year1month5.csv
[2022-12-29T21:50:34.472+0000] {logging_mixin.py:137} INFO - NVDA year1month6
[2022-12-29T21:50:36.311+0000] {logging_mixin.py:137} INFO - data/NVDA_year1month6.csv
[2022-12-29T21:50:56.959+0000] {logging_mixin.py:137} INFO - NVDA year1month7
[2022-12-29T21:50:59.595+0000] {logging_mixin.py:137} INFO - data/NVDA_year1month7.csv
[2022-12-29T21:51:20.300+0000] {logging_mixin.py:137} INFO - NVDA year1month8
[2022-12-29T21:51:22.418+0000] {logging_mixin.py:137} INFO - data/NVDA_year1month8.csv
[2022-12-29T21:51:43.220+0000] {logging_mixin.py:137} INFO - NVDA year1month9
[2022-12-29T21:51:45.309+0000] {logging_mixin.py:137} INFO - data/NVDA_year1month9.csv
[2022-12-29T21:52:06.020+0000] {logging_mixin.py:137} INFO - NVDA year1month10
[2022-12-29T21:52:08.967+0000] {logging_mixin.py:137} INFO - data/NVDA_year1month10.csv
[2022-12-29T21:52:29.816+0000] {logging_mixin.py:137} INFO - NVDA year1month11
[2022-12-29T21:52:32.702+0000] {logging_mixin.py:137} INFO - data/NVDA_year1month11.csv
[2022-12-29T21:52:53.455+0000] {logging_mixin.py:137} INFO - NVDA year1month12
[2022-12-29T21:52:57.649+0000] {logging_mixin.py:137} INFO - data/NVDA_year1month12.csv
[2022-12-29T21:53:18.449+0000] {logging_mixin.py:137} INFO - NVDA year2month1
[2022-12-29T21:53:21.331+0000] {logging_mixin.py:137} INFO - data/NVDA_year2month1.csv
[2022-12-29T21:53:41.877+0000] {logging_mixin.py:137} INFO - NVDA year2month2
[2022-12-29T21:53:43.940+0000] {logging_mixin.py:137} INFO - data/NVDA_year2month2.csv
[2022-12-29T21:54:04.688+0000] {logging_mixin.py:137} INFO - NVDA year2month3
[2022-12-29T21:54:11.756+0000] {logging_mixin.py:137} INFO - data/NVDA_year2month3.csv
[2022-12-29T21:54:32.480+0000] {logging_mixin.py:137} INFO - NVDA year2month4
[2022-12-29T21:54:34.388+0000] {logging_mixin.py:137} INFO - data/NVDA_year2month4.csv
[2022-12-29T21:54:54.972+0000] {logging_mixin.py:137} INFO - NVDA year2month5
[2022-12-29T21:54:57.919+0000] {logging_mixin.py:137} INFO - data/NVDA_year2month5.csv
[2022-12-29T21:55:18.481+0000] {logging_mixin.py:137} INFO - NVDA year2month6
[2022-12-29T21:55:20.445+0000] {logging_mixin.py:137} INFO - data/NVDA_year2month6.csv
[2022-12-29T21:55:41.176+0000] {logging_mixin.py:137} INFO - NVDA year2month7
[2022-12-29T21:55:43.455+0000] {logging_mixin.py:137} INFO - data/NVDA_year2month7.csv
[2022-12-29T21:56:03.932+0000] {logging_mixin.py:137} INFO - NVDA year2month8
[2022-12-29T21:56:07.014+0000] {logging_mixin.py:137} INFO - data/NVDA_year2month8.csv
[2022-12-29T21:56:27.412+0000] {logging_mixin.py:137} INFO - NVDA year2month9
[2022-12-29T21:56:29.081+0000] {logging_mixin.py:137} INFO - data/NVDA_year2month9.csv
[2022-12-29T21:56:49.633+0000] {logging_mixin.py:137} INFO - NVDA year2month10
[2022-12-29T21:56:51.697+0000] {logging_mixin.py:137} INFO - data/NVDA_year2month10.csv
[2022-12-29T21:57:12.176+0000] {logging_mixin.py:137} INFO - NVDA year2month11
[2022-12-29T21:57:13.963+0000] {logging_mixin.py:137} INFO - data/NVDA_year2month11.csv
[2022-12-29T21:57:34.464+0000] {logging_mixin.py:137} INFO - NVDA year2month12
[2022-12-29T21:57:36.658+0000] {logging_mixin.py:137} INFO - data/NVDA_year2month12.csv
[2022-12-29T21:57:57.148+0000] {logging_mixin.py:137} INFO - ORCL
[2022-12-29T21:57:57.148+0000] {logging_mixin.py:137} INFO - ORCL year1month1
[2022-12-29T21:57:58.567+0000] {logging_mixin.py:137} INFO - data/ORCL_year1month1.csv
[2022-12-29T21:58:19.104+0000] {logging_mixin.py:137} INFO - ORCL year1month2
[2022-12-29T21:58:21.481+0000] {logging_mixin.py:137} INFO - data/ORCL_year1month2.csv
[2022-12-29T21:58:41.804+0000] {logging_mixin.py:137} INFO - ORCL year1month3
[2022-12-29T21:58:43.340+0000] {logging_mixin.py:137} INFO - data/ORCL_year1month3.csv
[2022-12-29T21:59:03.692+0000] {logging_mixin.py:137} INFO - ORCL year1month4
[2022-12-29T21:59:09.316+0000] {logging_mixin.py:137} INFO - data/ORCL_year1month4.csv
[2022-12-29T21:59:29.652+0000] {logging_mixin.py:137} INFO - ORCL year1month5
[2022-12-29T21:59:32.019+0000] {logging_mixin.py:137} INFO - data/ORCL_year1month5.csv
[2022-12-29T21:59:52.412+0000] {logging_mixin.py:137} INFO - ORCL year1month6
[2022-12-29T21:59:53.947+0000] {logging_mixin.py:137} INFO - data/ORCL_year1month6.csv
[2022-12-29T22:00:14.432+0000] {logging_mixin.py:137} INFO - ORCL year1month7
[2022-12-29T22:00:18.296+0000] {logging_mixin.py:137} INFO - data/ORCL_year1month7.csv
[2022-12-29T22:00:38.708+0000] {logging_mixin.py:137} INFO - ORCL year1month8
[2022-12-29T22:00:40.320+0000] {logging_mixin.py:137} INFO - data/ORCL_year1month8.csv
[2022-12-29T22:01:00.691+0000] {logging_mixin.py:137} INFO - ORCL year1month9
[2022-12-29T22:01:03.794+0000] {logging_mixin.py:137} INFO - data/ORCL_year1month9.csv
[2022-12-29T22:01:24.168+0000] {logging_mixin.py:137} INFO - ORCL year1month10
[2022-12-29T22:01:25.748+0000] {logging_mixin.py:137} INFO - data/ORCL_year1month10.csv
[2022-12-29T22:01:46.112+0000] {logging_mixin.py:137} INFO - ORCL year1month11
[2022-12-29T22:01:47.887+0000] {logging_mixin.py:137} INFO - data/ORCL_year1month11.csv
[2022-12-29T22:02:08.320+0000] {logging_mixin.py:137} INFO - ORCL year1month12
[2022-12-29T22:02:10.961+0000] {logging_mixin.py:137} INFO - data/ORCL_year1month12.csv
[2022-12-29T22:02:31.416+0000] {logging_mixin.py:137} INFO - ORCL year2month1
[2022-12-29T22:02:32.979+0000] {logging_mixin.py:137} INFO - data/ORCL_year2month1.csv
[2022-12-29T22:02:53.343+0000] {logging_mixin.py:137} INFO - ORCL year2month2
[2022-12-29T22:02:54.950+0000] {logging_mixin.py:137} INFO - data/ORCL_year2month2.csv
[2022-12-29T22:03:15.356+0000] {logging_mixin.py:137} INFO - ORCL year2month3
[2022-12-29T22:03:17.887+0000] {logging_mixin.py:137} INFO - data/ORCL_year2month3.csv
[2022-12-29T22:03:38.316+0000] {logging_mixin.py:137} INFO - ORCL year2month4
[2022-12-29T22:03:39.861+0000] {logging_mixin.py:137} INFO - data/ORCL_year2month4.csv
[2022-12-29T22:04:00.364+0000] {logging_mixin.py:137} INFO - ORCL year2month5
[2022-12-29T22:04:03.378+0000] {logging_mixin.py:137} INFO - data/ORCL_year2month5.csv
[2022-12-29T22:04:23.792+0000] {logging_mixin.py:137} INFO - ORCL year2month6
[2022-12-29T22:04:25.755+0000] {logging_mixin.py:137} INFO - data/ORCL_year2month6.csv
[2022-12-29T22:04:46.187+0000] {logging_mixin.py:137} INFO - ORCL year2month7
[2022-12-29T22:04:47.844+0000] {logging_mixin.py:137} INFO - data/ORCL_year2month7.csv
[2022-12-29T22:05:08.293+0000] {logging_mixin.py:137} INFO - ORCL year2month8
[2022-12-29T22:05:13.105+0000] {logging_mixin.py:137} INFO - data/ORCL_year2month8.csv
[2022-12-29T22:05:33.424+0000] {logging_mixin.py:137} INFO - ORCL year2month9
[2022-12-29T22:05:35.461+0000] {logging_mixin.py:137} INFO - data/ORCL_year2month9.csv
[2022-12-29T22:05:55.955+0000] {logging_mixin.py:137} INFO - ORCL year2month10
[2022-12-29T22:05:58.031+0000] {logging_mixin.py:137} INFO - data/ORCL_year2month10.csv
[2022-12-29T22:06:18.408+0000] {logging_mixin.py:137} INFO - ORCL year2month11
[2022-12-29T22:06:20.942+0000] {logging_mixin.py:137} INFO - data/ORCL_year2month11.csv
[2022-12-29T22:06:41.292+0000] {logging_mixin.py:137} INFO - ORCL year2month12
[2022-12-29T22:06:42.907+0000] {logging_mixin.py:137} INFO - data/ORCL_year2month12.csv
[2022-12-29T22:07:03.277+0000] {logging_mixin.py:137} INFO - INTC
[2022-12-29T22:07:03.277+0000] {logging_mixin.py:137} INFO - INTC year1month1
[2022-12-29T22:07:04.843+0000] {logging_mixin.py:137} INFO - data/INTC_year1month1.csv
[2022-12-29T22:07:25.492+0000] {logging_mixin.py:137} INFO - INTC year1month2
[2022-12-29T22:07:27.151+0000] {logging_mixin.py:137} INFO - data/INTC_year1month2.csv
[2022-12-29T22:07:47.651+0000] {logging_mixin.py:137} INFO - INTC year1month3
[2022-12-29T22:07:50.313+0000] {logging_mixin.py:137} INFO - data/INTC_year1month3.csv
[2022-12-29T22:08:10.908+0000] {logging_mixin.py:137} INFO - INTC year1month4
[2022-12-29T22:08:12.813+0000] {logging_mixin.py:137} INFO - data/INTC_year1month4.csv
[2022-12-29T22:08:33.478+0000] {logging_mixin.py:137} INFO - INTC year1month5
[2022-12-29T22:08:35.289+0000] {logging_mixin.py:137} INFO - data/INTC_year1month5.csv
[2022-12-29T22:08:55.912+0000] {logging_mixin.py:137} INFO - INTC year1month6
[2022-12-29T22:08:57.750+0000] {logging_mixin.py:137} INFO - data/INTC_year1month6.csv
[2022-12-29T22:09:18.196+0000] {logging_mixin.py:137} INFO - INTC year1month7
[2022-12-29T22:09:19.961+0000] {logging_mixin.py:137} INFO - data/INTC_year1month7.csv
[2022-12-29T22:09:40.484+0000] {logging_mixin.py:137} INFO - INTC year1month8
[2022-12-29T22:09:43.053+0000] {logging_mixin.py:137} INFO - data/INTC_year1month8.csv
[2022-12-29T22:10:03.556+0000] {logging_mixin.py:137} INFO - INTC year1month9
[2022-12-29T22:10:05.382+0000] {logging_mixin.py:137} INFO - data/INTC_year1month9.csv
[2022-12-29T22:10:25.824+0000] {logging_mixin.py:137} INFO - INTC year1month10
[2022-12-29T22:10:27.857+0000] {logging_mixin.py:137} INFO - data/INTC_year1month10.csv
[2022-12-29T22:10:48.404+0000] {logging_mixin.py:137} INFO - INTC year1month11
[2022-12-29T22:10:50.348+0000] {logging_mixin.py:137} INFO - data/INTC_year1month11.csv
[2022-12-29T22:11:10.948+0000] {logging_mixin.py:137} INFO - INTC year1month12
[2022-12-29T22:11:12.985+0000] {logging_mixin.py:137} INFO - data/INTC_year1month12.csv
[2022-12-29T22:11:33.600+0000] {logging_mixin.py:137} INFO - INTC year2month1
[2022-12-29T22:11:36.016+0000] {logging_mixin.py:137} INFO - data/INTC_year2month1.csv
[2022-12-29T22:11:56.498+0000] {logging_mixin.py:137} INFO - INTC year2month2
[2022-12-29T22:11:58.732+0000] {logging_mixin.py:137} INFO - data/INTC_year2month2.csv
[2022-12-29T22:12:19.196+0000] {logging_mixin.py:137} INFO - INTC year2month3
[2022-12-29T22:12:24.599+0000] {logging_mixin.py:137} INFO - data/INTC_year2month3.csv
[2022-12-29T22:12:45.228+0000] {logging_mixin.py:137} INFO - INTC year2month4
[2022-12-29T22:12:47.748+0000] {logging_mixin.py:137} INFO - data/INTC_year2month4.csv
[2022-12-29T22:13:08.340+0000] {logging_mixin.py:137} INFO - INTC year2month5
[2022-12-29T22:13:10.570+0000] {logging_mixin.py:137} INFO - data/INTC_year2month5.csv
[2022-12-29T22:13:31.036+0000] {logging_mixin.py:137} INFO - INTC year2month6
[2022-12-29T22:13:32.885+0000] {logging_mixin.py:137} INFO - data/INTC_year2month6.csv
[2022-12-29T22:13:53.478+0000] {logging_mixin.py:137} INFO - INTC year2month7
[2022-12-29T22:13:55.411+0000] {logging_mixin.py:137} INFO - data/INTC_year2month7.csv
[2022-12-29T22:14:15.952+0000] {logging_mixin.py:137} INFO - INTC year2month8
[2022-12-29T22:14:17.660+0000] {logging_mixin.py:137} INFO - data/INTC_year2month8.csv
[2022-12-29T22:14:38.252+0000] {logging_mixin.py:137} INFO - INTC year2month9
[2022-12-29T22:14:40.612+0000] {logging_mixin.py:137} INFO - data/INTC_year2month9.csv
[2022-12-29T22:15:01.176+0000] {logging_mixin.py:137} INFO - INTC year2month10
[2022-12-29T22:15:04.316+0000] {logging_mixin.py:137} INFO - data/INTC_year2month10.csv
[2022-12-29T22:15:24.796+0000] {logging_mixin.py:137} INFO - INTC year2month11
[2022-12-29T22:15:26.481+0000] {logging_mixin.py:137} INFO - data/INTC_year2month11.csv
[2022-12-29T22:15:47.112+0000] {logging_mixin.py:137} INFO - INTC year2month12
[2022-12-29T22:15:49.009+0000] {logging_mixin.py:137} INFO - data/INTC_year2month12.csv
[2022-12-29T22:16:09.628+0000] {logging_mixin.py:137} INFO - QCOM
[2022-12-29T22:16:09.628+0000] {logging_mixin.py:137} INFO - QCOM year1month1
[2022-12-29T22:16:11.111+0000] {logging_mixin.py:137} INFO - data/QCOM_year1month1.csv
[2022-12-29T22:16:31.506+0000] {logging_mixin.py:137} INFO - QCOM year1month2
[2022-12-29T22:16:33.058+0000] {logging_mixin.py:137} INFO - data/QCOM_year1month2.csv
[2022-12-29T22:16:53.440+0000] {logging_mixin.py:137} INFO - QCOM year1month3
[2022-12-29T22:16:55.068+0000] {logging_mixin.py:137} INFO - data/QCOM_year1month3.csv
[2022-12-29T22:17:15.633+0000] {logging_mixin.py:137} INFO - QCOM year1month4
[2022-12-29T22:17:17.467+0000] {logging_mixin.py:137} INFO - data/QCOM_year1month4.csv
[2022-12-29T22:17:37.884+0000] {logging_mixin.py:137} INFO - QCOM year1month5
[2022-12-29T22:17:39.596+0000] {logging_mixin.py:137} INFO - data/QCOM_year1month5.csv
[2022-12-29T22:18:00.053+0000] {logging_mixin.py:137} INFO - QCOM year1month6
[2022-12-29T22:18:03.997+0000] {logging_mixin.py:137} INFO - data/QCOM_year1month6.csv
[2022-12-29T22:18:24.416+0000] {logging_mixin.py:137} INFO - QCOM year1month7
[2022-12-29T22:18:26.066+0000] {logging_mixin.py:137} INFO - data/QCOM_year1month7.csv
[2022-12-29T22:18:46.532+0000] {logging_mixin.py:137} INFO - QCOM year1month8
[2022-12-29T22:18:48.483+0000] {logging_mixin.py:137} INFO - data/QCOM_year1month8.csv
[2022-12-29T22:19:09.036+0000] {logging_mixin.py:137} INFO - QCOM year1month9
[2022-12-29T22:19:10.765+0000] {logging_mixin.py:137} INFO - data/QCOM_year1month9.csv
[2022-12-29T22:19:31.240+0000] {logging_mixin.py:137} INFO - QCOM year1month10
[2022-12-29T22:19:33.197+0000] {logging_mixin.py:137} INFO - data/QCOM_year1month10.csv
[2022-12-29T22:19:53.668+0000] {logging_mixin.py:137} INFO - QCOM year1month11
[2022-12-29T22:19:55.421+0000] {logging_mixin.py:137} INFO - data/QCOM_year1month11.csv
[2022-12-29T22:20:15.955+0000] {logging_mixin.py:137} INFO - QCOM year1month12
[2022-12-29T22:20:17.708+0000] {logging_mixin.py:137} INFO - data/QCOM_year1month12.csv
[2022-12-29T22:20:38.276+0000] {logging_mixin.py:137} INFO - QCOM year2month1
[2022-12-29T22:20:39.830+0000] {logging_mixin.py:137} INFO - data/QCOM_year2month1.csv
[2022-12-29T22:21:00.185+0000] {logging_mixin.py:137} INFO - QCOM year2month2
[2022-12-29T22:21:03.069+0000] {logging_mixin.py:137} INFO - data/QCOM_year2month2.csv
[2022-12-29T22:21:23.588+0000] {logging_mixin.py:137} INFO - QCOM year2month3
[2022-12-29T22:21:25.330+0000] {logging_mixin.py:137} INFO - data/QCOM_year2month3.csv
[2022-12-29T22:21:45.812+0000] {logging_mixin.py:137} INFO - QCOM year2month4
[2022-12-29T22:21:47.451+0000] {logging_mixin.py:137} INFO - data/QCOM_year2month4.csv
[2022-12-29T22:22:07.832+0000] {logging_mixin.py:137} INFO - QCOM year2month5
[2022-12-29T22:22:09.584+0000] {logging_mixin.py:137} INFO - data/QCOM_year2month5.csv
[2022-12-29T22:22:29.948+0000] {logging_mixin.py:137} INFO - QCOM year2month6
[2022-12-29T22:22:31.631+0000] {logging_mixin.py:137} INFO - data/QCOM_year2month6.csv
[2022-12-29T22:22:52.056+0000] {logging_mixin.py:137} INFO - QCOM year2month7
[2022-12-29T22:22:53.715+0000] {logging_mixin.py:137} INFO - data/QCOM_year2month7.csv
[2022-12-29T22:23:14.096+0000] {logging_mixin.py:137} INFO - QCOM year2month8
[2022-12-29T22:23:16.850+0000] {logging_mixin.py:137} INFO - data/QCOM_year2month8.csv
[2022-12-29T22:23:37.256+0000] {logging_mixin.py:137} INFO - QCOM year2month9
[2022-12-29T22:23:42.417+0000] {logging_mixin.py:137} INFO - data/QCOM_year2month9.csv
[2022-12-29T22:24:03.043+0000] {logging_mixin.py:137} INFO - QCOM year2month10
[2022-12-29T22:24:08.951+0000] {logging_mixin.py:137} INFO - data/QCOM_year2month10.csv
[2022-12-29T22:24:29.428+0000] {logging_mixin.py:137} INFO - QCOM year2month11
[2022-12-29T22:24:31.120+0000] {logging_mixin.py:137} INFO - data/QCOM_year2month11.csv
[2022-12-29T22:24:51.616+0000] {logging_mixin.py:137} INFO - QCOM year2month12
[2022-12-29T22:24:53.364+0000] {logging_mixin.py:137} INFO - data/QCOM_year2month12.csv
[2022-12-29T22:25:13.812+0000] {logging_mixin.py:137} INFO - AMD
[2022-12-29T22:25:13.812+0000] {logging_mixin.py:137} INFO - AMD year1month1
[2022-12-29T22:25:15.663+0000] {logging_mixin.py:137} INFO - data/AMD_year1month1.csv
[2022-12-29T22:25:36.285+0000] {logging_mixin.py:137} INFO - AMD year1month2
[2022-12-29T22:25:38.307+0000] {logging_mixin.py:137} INFO - data/AMD_year1month2.csv
[2022-12-29T22:25:58.936+0000] {logging_mixin.py:137} INFO - AMD year1month3
[2022-12-29T22:26:00.831+0000] {logging_mixin.py:137} INFO - data/AMD_year1month3.csv
[2022-12-29T22:26:21.613+0000] {logging_mixin.py:137} INFO - AMD year1month4
[2022-12-29T22:26:23.539+0000] {logging_mixin.py:137} INFO - data/AMD_year1month4.csv
[2022-12-29T22:26:44.104+0000] {logging_mixin.py:137} INFO - AMD year1month5
[2022-12-29T22:26:45.968+0000] {logging_mixin.py:137} INFO - data/AMD_year1month5.csv
[2022-12-29T22:27:06.752+0000] {logging_mixin.py:137} INFO - AMD year1month6
[2022-12-29T22:27:08.692+0000] {logging_mixin.py:137} INFO - data/AMD_year1month6.csv
[2022-12-29T22:27:29.194+0000] {logging_mixin.py:137} INFO - AMD year1month7
[2022-12-29T22:27:31.291+0000] {logging_mixin.py:137} INFO - data/AMD_year1month7.csv
[2022-12-29T22:27:52.000+0000] {logging_mixin.py:137} INFO - AMD year1month8
[2022-12-29T22:27:53.969+0000] {logging_mixin.py:137} INFO - data/AMD_year1month8.csv
[2022-12-29T22:28:14.588+0000] {logging_mixin.py:137} INFO - AMD year1month9
[2022-12-29T22:28:19.069+0000] {logging_mixin.py:137} INFO - data/AMD_year1month9.csv
[2022-12-29T22:28:39.708+0000] {logging_mixin.py:137} INFO - AMD year1month10
[2022-12-29T22:28:41.534+0000] {logging_mixin.py:137} INFO - data/AMD_year1month10.csv
[2022-12-29T22:29:02.312+0000] {logging_mixin.py:137} INFO - AMD year1month11
[2022-12-29T22:29:06.798+0000] {logging_mixin.py:137} INFO - data/AMD_year1month11.csv
[2022-12-29T22:29:27.576+0000] {logging_mixin.py:137} INFO - AMD year1month12
[2022-12-29T22:29:29.569+0000] {logging_mixin.py:137} INFO - data/AMD_year1month12.csv
[2022-12-29T22:29:50.412+0000] {logging_mixin.py:137} INFO - AMD year2month1
[2022-12-29T22:29:52.407+0000] {logging_mixin.py:137} INFO - data/AMD_year2month1.csv
[2022-12-29T22:30:12.994+0000] {logging_mixin.py:137} INFO - AMD year2month2
[2022-12-29T22:30:16.752+0000] {logging_mixin.py:137} INFO - data/AMD_year2month2.csv
[2022-12-29T22:30:37.392+0000] {logging_mixin.py:137} INFO - AMD year2month3
[2022-12-29T22:30:39.196+0000] {logging_mixin.py:137} INFO - data/AMD_year2month3.csv
[2022-12-29T22:30:59.856+0000] {logging_mixin.py:137} INFO - AMD year2month4
[2022-12-29T22:31:02.700+0000] {logging_mixin.py:137} INFO - data/AMD_year2month4.csv
[2022-12-29T22:31:23.168+0000] {logging_mixin.py:137} INFO - AMD year2month5
[2022-12-29T22:31:25.261+0000] {logging_mixin.py:137} INFO - data/AMD_year2month5.csv
[2022-12-29T22:31:45.992+0000] {logging_mixin.py:137} INFO - AMD year2month6
[2022-12-29T22:31:47.840+0000] {logging_mixin.py:137} INFO - data/AMD_year2month6.csv
[2022-12-29T22:32:08.532+0000] {logging_mixin.py:137} INFO - AMD year2month7
[2022-12-29T22:32:10.329+0000] {logging_mixin.py:137} INFO - data/AMD_year2month7.csv
[2022-12-29T22:32:31.052+0000] {logging_mixin.py:137} INFO - AMD year2month8
[2022-12-29T22:32:32.786+0000] {logging_mixin.py:137} INFO - data/AMD_year2month8.csv
[2022-12-29T22:32:53.360+0000] {logging_mixin.py:137} INFO - AMD year2month9
[2022-12-29T22:32:55.206+0000] {logging_mixin.py:137} INFO - data/AMD_year2month9.csv
[2022-12-29T22:33:15.896+0000] {logging_mixin.py:137} INFO - AMD year2month10
[2022-12-29T22:33:17.927+0000] {logging_mixin.py:137} INFO - data/AMD_year2month10.csv
[2022-12-29T22:33:38.652+0000] {logging_mixin.py:137} INFO - AMD year2month11
[2022-12-29T22:33:40.400+0000] {logging_mixin.py:137} INFO - data/AMD_year2month11.csv
[2022-12-29T22:34:00.968+0000] {logging_mixin.py:137} INFO - AMD year2month12
[2022-12-29T22:34:04.605+0000] {logging_mixin.py:137} INFO - data/AMD_year2month12.csv
[2022-12-29T22:34:25.188+0000] {logging_mixin.py:137} INFO - TSM
[2022-12-29T22:34:25.188+0000] {logging_mixin.py:137} INFO - TSM year1month1
[2022-12-29T22:34:27.605+0000] {logging_mixin.py:137} INFO - data/TSM_year1month1.csv
[2022-12-29T22:34:48.140+0000] {logging_mixin.py:137} INFO - TSM year1month2
[2022-12-29T22:34:49.916+0000] {logging_mixin.py:137} INFO - data/TSM_year1month2.csv
[2022-12-29T22:35:10.464+0000] {logging_mixin.py:137} INFO - TSM year1month3
[2022-12-29T22:35:13.325+0000] {logging_mixin.py:137} INFO - data/TSM_year1month3.csv
[2022-12-29T22:35:33.858+0000] {logging_mixin.py:137} INFO - TSM year1month4
[2022-12-29T22:35:35.521+0000] {logging_mixin.py:137} INFO - data/TSM_year1month4.csv
[2022-12-29T22:35:56.100+0000] {logging_mixin.py:137} INFO - TSM year1month5
[2022-12-29T22:35:59.261+0000] {logging_mixin.py:137} INFO - data/TSM_year1month5.csv
[2022-12-29T22:36:19.704+0000] {logging_mixin.py:137} INFO - TSM year1month6
[2022-12-29T22:36:22.453+0000] {logging_mixin.py:137} INFO - data/TSM_year1month6.csv
[2022-12-29T22:36:42.852+0000] {logging_mixin.py:137} INFO - TSM year1month7
[2022-12-29T22:36:44.591+0000] {logging_mixin.py:137} INFO - data/TSM_year1month7.csv
[2022-12-29T22:37:05.056+0000] {logging_mixin.py:137} INFO - TSM year1month8
[2022-12-29T22:37:08.589+0000] {logging_mixin.py:137} INFO - data/TSM_year1month8.csv
[2022-12-29T22:37:29.152+0000] {logging_mixin.py:137} INFO - TSM year1month9
[2022-12-29T22:37:30.958+0000] {logging_mixin.py:137} INFO - data/TSM_year1month9.csv
[2022-12-29T22:37:51.362+0000] {logging_mixin.py:137} INFO - TSM year1month10
[2022-12-29T22:37:53.302+0000] {logging_mixin.py:137} INFO - data/TSM_year1month10.csv
[2022-12-29T22:38:13.820+0000] {logging_mixin.py:137} INFO - TSM year1month11
[2022-12-29T22:38:15.604+0000] {logging_mixin.py:137} INFO - data/TSM_year1month11.csv
[2022-12-29T22:38:36.194+0000] {logging_mixin.py:137} INFO - TSM year1month12
[2022-12-29T22:38:39.163+0000] {logging_mixin.py:137} INFO - data/TSM_year1month12.csv
[2022-12-29T22:38:59.724+0000] {logging_mixin.py:137} INFO - TSM year2month1
[2022-12-29T22:39:02.507+0000] {logging_mixin.py:137} INFO - data/TSM_year2month1.csv
[2022-12-29T22:39:22.903+0000] {logging_mixin.py:137} INFO - TSM year2month2
[2022-12-29T22:39:24.737+0000] {logging_mixin.py:137} INFO - data/TSM_year2month2.csv
[2022-12-29T22:39:45.204+0000] {logging_mixin.py:137} INFO - TSM year2month3
[2022-12-29T22:39:47.411+0000] {logging_mixin.py:137} INFO - data/TSM_year2month3.csv
[2022-12-29T22:40:08.030+0000] {logging_mixin.py:137} INFO - TSM year2month4
[2022-12-29T22:40:11.390+0000] {logging_mixin.py:137} INFO - data/TSM_year2month4.csv
[2022-12-29T22:40:31.833+0000] {logging_mixin.py:137} INFO - TSM year2month5
[2022-12-29T22:40:33.547+0000] {logging_mixin.py:137} INFO - data/TSM_year2month5.csv
[2022-12-29T22:40:53.954+0000] {logging_mixin.py:137} INFO - TSM year2month6
[2022-12-29T22:40:55.732+0000] {logging_mixin.py:137} INFO - data/TSM_year2month6.csv
[2022-12-29T22:41:16.240+0000] {logging_mixin.py:137} INFO - TSM year2month7
[2022-12-29T22:41:18.987+0000] {logging_mixin.py:137} INFO - data/TSM_year2month7.csv
[2022-12-29T22:41:39.450+0000] {logging_mixin.py:137} INFO - TSM year2month8
[2022-12-29T22:41:41.547+0000] {logging_mixin.py:137} INFO - data/TSM_year2month8.csv
[2022-12-29T22:42:02.076+0000] {logging_mixin.py:137} INFO - TSM year2month9
[2022-12-29T22:42:06.430+0000] {logging_mixin.py:137} INFO - data/TSM_year2month9.csv
[2022-12-29T22:42:26.988+0000] {logging_mixin.py:137} INFO - TSM year2month10
[2022-12-29T22:42:28.772+0000] {logging_mixin.py:137} INFO - data/TSM_year2month10.csv
[2022-12-29T22:42:49.372+0000] {logging_mixin.py:137} INFO - TSM year2month11
[2022-12-29T22:42:51.201+0000] {logging_mixin.py:137} INFO - data/TSM_year2month11.csv
[2022-12-29T22:43:11.873+0000] {logging_mixin.py:137} INFO - TSM year2month12
[2022-12-29T22:43:13.657+0000] {logging_mixin.py:137} INFO - data/TSM_year2month12.csv
[2022-12-29T22:43:34.228+0000] {python.py:177} INFO - Done. Returned value was: None
[2022-12-29T22:43:34.240+0000] {taskinstance.py:1327} INFO - Marking task as SUCCESS. dag_id=a_initial_load, task_id=load_data, execution_date=20221228T000000, start_date=20221229T211214, end_date=20221229T224334
[2022-12-29T22:43:34.272+0000] {local_task_job.py:159} INFO - Task exited with return code 0
[2022-12-29T22:43:34.294+0000] {taskinstance.py:2582} INFO - 1 downstream tasks scheduled from follow-on schedule check
