[2022-12-30T00:12:37.689+0000] {taskinstance.py:1087} INFO - Dependencies all met for <TaskInstance: a_incremental_load.get_daily_data scheduled__2022-12-28T00:00:00+00:00 [queued]>
[2022-12-30T00:12:37.695+0000] {taskinstance.py:1087} INFO - Dependencies all met for <TaskInstance: a_incremental_load.get_daily_data scheduled__2022-12-28T00:00:00+00:00 [queued]>
[2022-12-30T00:12:37.695+0000] {taskinstance.py:1283} INFO - 
--------------------------------------------------------------------------------
[2022-12-30T00:12:37.695+0000] {taskinstance.py:1284} INFO - Starting attempt 1 of 1
[2022-12-30T00:12:37.695+0000] {taskinstance.py:1285} INFO - 
--------------------------------------------------------------------------------
[2022-12-30T00:12:37.704+0000] {taskinstance.py:1304} INFO - Executing <Task(PythonOperator): get_daily_data> on 2022-12-28 00:00:00+00:00
[2022-12-30T00:12:37.710+0000] {standard_task_runner.py:55} INFO - Started process 21046 to run task
[2022-12-30T00:12:37.713+0000] {standard_task_runner.py:82} INFO - Running: ['***', 'tasks', 'run', 'a_incremental_load', 'get_daily_data', 'scheduled__2022-12-28T00:00:00+00:00', '--job-id', '34', '--raw', '--subdir', 'DAGS_FOLDER/incremental_load.py', '--cfg-path', '/tmp/tmpow_6xoaj']
[2022-12-30T00:12:37.715+0000] {standard_task_runner.py:83} INFO - Job 34: Subtask get_daily_data
[2022-12-30T00:12:37.767+0000] {task_command.py:389} INFO - Running <TaskInstance: a_incremental_load.get_daily_data scheduled__2022-12-28T00:00:00+00:00 [running]> on host 617cc505ea19
[2022-12-30T00:12:37.833+0000] {taskinstance.py:1513} INFO - Exporting the following env vars:
AIRFLOW_CTX_DAG_OWNER=***
AIRFLOW_CTX_DAG_ID=a_incremental_load
AIRFLOW_CTX_TASK_ID=get_daily_data
AIRFLOW_CTX_EXECUTION_DATE=2022-12-28T00:00:00+00:00
AIRFLOW_CTX_TRY_NUMBER=1
AIRFLOW_CTX_DAG_RUN_ID=scheduled__2022-12-28T00:00:00+00:00
[2022-12-30T00:12:37.834+0000] {logging_mixin.py:137} INFO - AAPL
[2022-12-30T00:12:39.223+0000] {logging_mixin.py:137} INFO - data/AAPL_2022-12-28.csv
[2022-12-30T00:12:59.704+0000] {logging_mixin.py:137} INFO - GOOGL
[2022-12-30T00:13:01.178+0000] {logging_mixin.py:137} INFO - data/GOOGL_2022-12-28.csv
[2022-12-30T00:13:21.440+0000] {logging_mixin.py:137} INFO - MSFT
[2022-12-30T00:13:22.767+0000] {logging_mixin.py:137} INFO - data/MSFT_2022-12-28.csv
[2022-12-30T00:13:43.012+0000] {logging_mixin.py:137} INFO - IBM
[2022-12-30T00:13:44.163+0000] {logging_mixin.py:137} INFO - data/IBM_2022-12-28.csv
[2022-12-30T00:14:04.340+0000] {logging_mixin.py:137} INFO - NVDA
[2022-12-30T00:14:05.958+0000] {logging_mixin.py:137} INFO - data/NVDA_2022-12-28.csv
[2022-12-30T00:14:26.248+0000] {logging_mixin.py:137} INFO - ORCL
[2022-12-30T00:14:27.561+0000] {logging_mixin.py:137} INFO - data/ORCL_2022-12-28.csv
[2022-12-30T00:14:47.728+0000] {logging_mixin.py:137} INFO - INTC
[2022-12-30T00:14:48.925+0000] {logging_mixin.py:137} INFO - data/INTC_2022-12-28.csv
[2022-12-30T00:15:09.164+0000] {logging_mixin.py:137} INFO - QCOM
[2022-12-30T00:15:10.357+0000] {logging_mixin.py:137} INFO - data/QCOM_2022-12-28.csv
[2022-12-30T00:15:30.530+0000] {logging_mixin.py:137} INFO - AMD
[2022-12-30T00:15:31.973+0000] {logging_mixin.py:137} INFO - data/AMD_2022-12-28.csv
[2022-12-30T00:15:52.236+0000] {logging_mixin.py:137} INFO - TSM
[2022-12-30T00:15:53.579+0000] {logging_mixin.py:137} INFO - data/TSM_2022-12-28.csv
[2022-12-30T00:16:13.781+0000] {python.py:177} INFO - Done. Returned value was: None
[2022-12-30T00:16:13.793+0000] {taskinstance.py:1327} INFO - Marking task as SUCCESS. dag_id=a_incremental_load, task_id=get_daily_data, execution_date=20221228T000000, start_date=20221230T001237, end_date=20221230T001613
[2022-12-30T00:16:13.825+0000] {local_task_job.py:159} INFO - Task exited with return code 0
[2022-12-30T00:16:13.852+0000] {taskinstance.py:2582} INFO - 1 downstream tasks scheduled from follow-on schedule check
