[2022-12-30T00:16:14.474+0000] {taskinstance.py:1087} INFO - Dependencies all met for <TaskInstance: a_incremental_load.refresh_views scheduled__2022-12-28T00:00:00+00:00 [queued]>
[2022-12-30T00:16:14.480+0000] {taskinstance.py:1087} INFO - Dependencies all met for <TaskInstance: a_incremental_load.refresh_views scheduled__2022-12-28T00:00:00+00:00 [queued]>
[2022-12-30T00:16:14.481+0000] {taskinstance.py:1283} INFO - 
--------------------------------------------------------------------------------
[2022-12-30T00:16:14.481+0000] {taskinstance.py:1284} INFO - Starting attempt 1 of 1
[2022-12-30T00:16:14.481+0000] {taskinstance.py:1285} INFO - 
--------------------------------------------------------------------------------
[2022-12-30T00:16:14.490+0000] {taskinstance.py:1304} INFO - Executing <Task(PythonOperator): refresh_views> on 2022-12-28 00:00:00+00:00
[2022-12-30T00:16:14.496+0000] {standard_task_runner.py:55} INFO - Started process 21430 to run task
[2022-12-30T00:16:14.500+0000] {standard_task_runner.py:82} INFO - Running: ['***', 'tasks', 'run', 'a_incremental_load', 'refresh_views', 'scheduled__2022-12-28T00:00:00+00:00', '--job-id', '35', '--raw', '--subdir', 'DAGS_FOLDER/incremental_load.py', '--cfg-path', '/tmp/tmp2wk4znd7']
[2022-12-30T00:16:14.501+0000] {standard_task_runner.py:83} INFO - Job 35: Subtask refresh_views
[2022-12-30T00:16:14.557+0000] {task_command.py:389} INFO - Running <TaskInstance: a_incremental_load.refresh_views scheduled__2022-12-28T00:00:00+00:00 [running]> on host 617cc505ea19
[2022-12-30T00:16:14.619+0000] {taskinstance.py:1513} INFO - Exporting the following env vars:
AIRFLOW_CTX_DAG_OWNER=***
AIRFLOW_CTX_DAG_ID=a_incremental_load
AIRFLOW_CTX_TASK_ID=refresh_views
AIRFLOW_CTX_EXECUTION_DATE=2022-12-28T00:00:00+00:00
AIRFLOW_CTX_TRY_NUMBER=1
AIRFLOW_CTX_DAG_RUN_ID=scheduled__2022-12-28T00:00:00+00:00
[2022-12-30T00:16:14.627+0000] {logging_mixin.py:137} INFO - REFRESH MATERIALIZED VIEW aaplview
[2022-12-30T00:16:15.842+0000] {logging_mixin.py:137} INFO - REFRESH MATERIALIZED VIEW googlview
[2022-12-30T00:16:16.497+0000] {logging_mixin.py:137} INFO - REFRESH MATERIALIZED VIEW msftview
[2022-12-30T00:16:17.427+0000] {logging_mixin.py:137} INFO - REFRESH MATERIALIZED VIEW ibmview
[2022-12-30T00:16:18.166+0000] {logging_mixin.py:137} INFO - REFRESH MATERIALIZED VIEW nvdaview
[2022-12-30T00:16:19.163+0000] {logging_mixin.py:137} INFO - REFRESH MATERIALIZED VIEW orclview
[2022-12-30T00:16:19.550+0000] {logging_mixin.py:137} INFO - REFRESH MATERIALIZED VIEW intcview
[2022-12-30T00:16:20.060+0000] {logging_mixin.py:137} INFO - REFRESH MATERIALIZED VIEW qcomview
[2022-12-30T00:16:20.461+0000] {logging_mixin.py:137} INFO - REFRESH MATERIALIZED VIEW amdview
[2022-12-30T00:16:21.097+0000] {logging_mixin.py:137} INFO - REFRESH MATERIALIZED VIEW tsmview
[2022-12-30T00:16:21.598+0000] {python.py:177} INFO - Done. Returned value was: None
[2022-12-30T00:16:21.609+0000] {taskinstance.py:1327} INFO - Marking task as SUCCESS. dag_id=a_incremental_load, task_id=refresh_views, execution_date=20221228T000000, start_date=20221230T001614, end_date=20221230T001621
[2022-12-30T00:16:21.642+0000] {local_task_job.py:159} INFO - Task exited with return code 0
[2022-12-30T00:16:21.663+0000] {taskinstance.py:2582} INFO - 1 downstream tasks scheduled from follow-on schedule check
