[2022-12-30T00:16:22.430+0000] {taskinstance.py:1087} INFO - Dependencies all met for <TaskInstance: a_incremental_load.refresh_mart scheduled__2022-12-28T00:00:00+00:00 [queued]>
[2022-12-30T00:16:22.438+0000] {taskinstance.py:1087} INFO - Dependencies all met for <TaskInstance: a_incremental_load.refresh_mart scheduled__2022-12-28T00:00:00+00:00 [queued]>
[2022-12-30T00:16:22.438+0000] {taskinstance.py:1283} INFO - 
--------------------------------------------------------------------------------
[2022-12-30T00:16:22.438+0000] {taskinstance.py:1284} INFO - Starting attempt 1 of 1
[2022-12-30T00:16:22.438+0000] {taskinstance.py:1285} INFO - 
--------------------------------------------------------------------------------
[2022-12-30T00:16:22.450+0000] {taskinstance.py:1304} INFO - Executing <Task(PythonOperator): refresh_mart> on 2022-12-28 00:00:00+00:00
[2022-12-30T00:16:22.456+0000] {standard_task_runner.py:55} INFO - Started process 21453 to run task
[2022-12-30T00:16:22.460+0000] {standard_task_runner.py:82} INFO - Running: ['***', 'tasks', 'run', 'a_incremental_load', 'refresh_mart', 'scheduled__2022-12-28T00:00:00+00:00', '--job-id', '36', '--raw', '--subdir', 'DAGS_FOLDER/incremental_load.py', '--cfg-path', '/tmp/tmp0l61t1ht']
[2022-12-30T00:16:22.461+0000] {standard_task_runner.py:83} INFO - Job 36: Subtask refresh_mart
[2022-12-30T00:16:22.518+0000] {task_command.py:389} INFO - Running <TaskInstance: a_incremental_load.refresh_mart scheduled__2022-12-28T00:00:00+00:00 [running]> on host 617cc505ea19
[2022-12-30T00:16:22.585+0000] {taskinstance.py:1513} INFO - Exporting the following env vars:
AIRFLOW_CTX_DAG_OWNER=***
AIRFLOW_CTX_DAG_ID=a_incremental_load
AIRFLOW_CTX_TASK_ID=refresh_mart
AIRFLOW_CTX_EXECUTION_DATE=2022-12-28T00:00:00+00:00
AIRFLOW_CTX_TRY_NUMBER=1
AIRFLOW_CTX_DAG_RUN_ID=scheduled__2022-12-28T00:00:00+00:00
[2022-12-30T00:16:22.591+0000] {logging_mixin.py:137} INFO - REFRESH MATERIALIZED VIEW stocks_mart
[2022-12-30T00:16:33.331+0000] {python.py:177} INFO - Done. Returned value was: None
[2022-12-30T00:16:33.341+0000] {taskinstance.py:1327} INFO - Marking task as SUCCESS. dag_id=a_incremental_load, task_id=refresh_mart, execution_date=20221228T000000, start_date=20221230T001622, end_date=20221230T001633
[2022-12-30T00:16:33.384+0000] {local_task_job.py:159} INFO - Task exited with return code 0
[2022-12-30T00:16:33.400+0000] {taskinstance.py:2582} INFO - 0 downstream tasks scheduled from follow-on schedule check
