[2022-12-30T00:20:19.925+0000] {taskinstance.py:1087} INFO - Dependencies all met for <TaskInstance: a_incremental_load.refresh_mart scheduled__2022-12-29T00:00:00+00:00 [queued]>
[2022-12-30T00:20:19.933+0000] {taskinstance.py:1087} INFO - Dependencies all met for <TaskInstance: a_incremental_load.refresh_mart scheduled__2022-12-29T00:00:00+00:00 [queued]>
[2022-12-30T00:20:19.933+0000] {taskinstance.py:1283} INFO - 
--------------------------------------------------------------------------------
[2022-12-30T00:20:19.934+0000] {taskinstance.py:1284} INFO - Starting attempt 1 of 1
[2022-12-30T00:20:19.934+0000] {taskinstance.py:1285} INFO - 
--------------------------------------------------------------------------------
[2022-12-30T00:20:19.950+0000] {taskinstance.py:1304} INFO - Executing <Task(PythonOperator): refresh_mart> on 2022-12-29 00:00:00+00:00
[2022-12-30T00:20:19.958+0000] {standard_task_runner.py:55} INFO - Started process 21863 to run task
[2022-12-30T00:20:19.962+0000] {standard_task_runner.py:82} INFO - Running: ['***', 'tasks', 'run', 'a_incremental_load', 'refresh_mart', 'scheduled__2022-12-29T00:00:00+00:00', '--job-id', '39', '--raw', '--subdir', 'DAGS_FOLDER/incremental_load.py', '--cfg-path', '/tmp/tmp79tuhd7r']
[2022-12-30T00:20:19.963+0000] {standard_task_runner.py:83} INFO - Job 39: Subtask refresh_mart
[2022-12-30T00:20:20.029+0000] {task_command.py:389} INFO - Running <TaskInstance: a_incremental_load.refresh_mart scheduled__2022-12-29T00:00:00+00:00 [running]> on host 617cc505ea19
[2022-12-30T00:20:20.090+0000] {taskinstance.py:1513} INFO - Exporting the following env vars:
AIRFLOW_CTX_DAG_OWNER=***
AIRFLOW_CTX_DAG_ID=a_incremental_load
AIRFLOW_CTX_TASK_ID=refresh_mart
AIRFLOW_CTX_EXECUTION_DATE=2022-12-29T00:00:00+00:00
AIRFLOW_CTX_TRY_NUMBER=1
AIRFLOW_CTX_DAG_RUN_ID=scheduled__2022-12-29T00:00:00+00:00
[2022-12-30T00:20:20.098+0000] {logging_mixin.py:137} INFO - REFRESH MATERIALIZED VIEW stocks_mart
[2022-12-30T00:20:31.196+0000] {python.py:177} INFO - Done. Returned value was: None
[2022-12-30T00:20:31.207+0000] {taskinstance.py:1327} INFO - Marking task as SUCCESS. dag_id=a_incremental_load, task_id=refresh_mart, execution_date=20221229T000000, start_date=20221230T002019, end_date=20221230T002031
[2022-12-30T00:20:31.229+0000] {local_task_job.py:159} INFO - Task exited with return code 0
[2022-12-30T00:20:31.244+0000] {taskinstance.py:2582} INFO - 0 downstream tasks scheduled from follow-on schedule check
