[2022-12-30T00:00:10.272+0000] {processor.py:153} INFO - Started process (PID=34552) to work on /home/airflow/.local/lib/python3.7/site-packages/airflow/example_dags/example_xcom.py
[2022-12-30T00:00:10.273+0000] {processor.py:743} INFO - Processing file /home/airflow/.local/lib/python3.7/site-packages/airflow/example_dags/example_xcom.py for tasks to queue
[2022-12-30T00:00:10.273+0000] {logging_mixin.py:137} INFO - [2022-12-30T00:00:10.273+0000] {dagbag.py:538} INFO - Filling up the DagBag from /home/airflow/.local/lib/python3.7/site-packages/airflow/example_dags/example_xcom.py
[2022-12-30T00:00:10.291+0000] {processor.py:753} INFO - DAG(s) dict_keys(['example_xcom']) retrieved from /home/airflow/.local/lib/python3.7/site-packages/airflow/example_dags/example_xcom.py
[2022-12-30T00:00:10.322+0000] {logging_mixin.py:137} INFO - [2022-12-30T00:00:10.322+0000] {dag.py:2676} INFO - Sync 1 DAGs
[2022-12-30T00:00:10.342+0000] {logging_mixin.py:137} INFO - [2022-12-30T00:00:10.342+0000] {dag.py:3427} INFO - Setting next_dagrun for example_xcom to 2021-01-01T00:00:00+00:00, run_after=2021-01-01T00:00:00+00:00
[2022-12-30T00:00:10.355+0000] {processor.py:175} INFO - Processing /home/airflow/.local/lib/python3.7/site-packages/airflow/example_dags/example_xcom.py took 0.086 seconds
[2022-12-30T00:00:40.856+0000] {processor.py:153} INFO - Started process (PID=34646) to work on /home/airflow/.local/lib/python3.7/site-packages/airflow/example_dags/example_xcom.py
[2022-12-30T00:00:40.857+0000] {processor.py:743} INFO - Processing file /home/airflow/.local/lib/python3.7/site-packages/airflow/example_dags/example_xcom.py for tasks to queue
[2022-12-30T00:00:40.858+0000] {logging_mixin.py:137} INFO - [2022-12-30T00:00:40.858+0000] {dagbag.py:538} INFO - Filling up the DagBag from /home/airflow/.local/lib/python3.7/site-packages/airflow/example_dags/example_xcom.py
[2022-12-30T00:00:40.874+0000] {processor.py:753} INFO - DAG(s) dict_keys(['example_xcom']) retrieved from /home/airflow/.local/lib/python3.7/site-packages/airflow/example_dags/example_xcom.py
[2022-12-30T00:00:40.904+0000] {logging_mixin.py:137} INFO - [2022-12-30T00:00:40.904+0000] {dag.py:2676} INFO - Sync 1 DAGs
[2022-12-30T00:00:40.921+0000] {logging_mixin.py:137} INFO - [2022-12-30T00:00:40.921+0000] {dag.py:3427} INFO - Setting next_dagrun for example_xcom to 2021-01-01T00:00:00+00:00, run_after=2021-01-01T00:00:00+00:00
[2022-12-30T00:00:40.933+0000] {processor.py:175} INFO - Processing /home/airflow/.local/lib/python3.7/site-packages/airflow/example_dags/example_xcom.py took 0.080 seconds
[2022-12-30T00:01:11.515+0000] {processor.py:153} INFO - Started process (PID=34748) to work on /home/airflow/.local/lib/python3.7/site-packages/airflow/example_dags/example_xcom.py
[2022-12-30T00:01:11.515+0000] {processor.py:743} INFO - Processing file /home/airflow/.local/lib/python3.7/site-packages/airflow/example_dags/example_xcom.py for tasks to queue
[2022-12-30T00:01:11.516+0000] {logging_mixin.py:137} INFO - [2022-12-30T00:01:11.516+0000] {dagbag.py:538} INFO - Filling up the DagBag from /home/airflow/.local/lib/python3.7/site-packages/airflow/example_dags/example_xcom.py
[2022-12-30T00:01:11.534+0000] {processor.py:753} INFO - DAG(s) dict_keys(['example_xcom']) retrieved from /home/airflow/.local/lib/python3.7/site-packages/airflow/example_dags/example_xcom.py
[2022-12-30T00:01:11.564+0000] {logging_mixin.py:137} INFO - [2022-12-30T00:01:11.564+0000] {dag.py:2676} INFO - Sync 1 DAGs
[2022-12-30T00:01:11.584+0000] {logging_mixin.py:137} INFO - [2022-12-30T00:01:11.584+0000] {dag.py:3427} INFO - Setting next_dagrun for example_xcom to 2021-01-01T00:00:00+00:00, run_after=2021-01-01T00:00:00+00:00
[2022-12-30T00:01:11.600+0000] {processor.py:175} INFO - Processing /home/airflow/.local/lib/python3.7/site-packages/airflow/example_dags/example_xcom.py took 0.089 seconds
[2022-12-30T00:01:41.878+0000] {processor.py:153} INFO - Started process (PID=34830) to work on /home/airflow/.local/lib/python3.7/site-packages/airflow/example_dags/example_xcom.py
[2022-12-30T00:01:41.878+0000] {processor.py:743} INFO - Processing file /home/airflow/.local/lib/python3.7/site-packages/airflow/example_dags/example_xcom.py for tasks to queue
[2022-12-30T00:01:41.879+0000] {logging_mixin.py:137} INFO - [2022-12-30T00:01:41.879+0000] {dagbag.py:538} INFO - Filling up the DagBag from /home/airflow/.local/lib/python3.7/site-packages/airflow/example_dags/example_xcom.py
[2022-12-30T00:01:41.894+0000] {processor.py:753} INFO - DAG(s) dict_keys(['example_xcom']) retrieved from /home/airflow/.local/lib/python3.7/site-packages/airflow/example_dags/example_xcom.py
[2022-12-30T00:01:41.919+0000] {logging_mixin.py:137} INFO - [2022-12-30T00:01:41.919+0000] {dag.py:2676} INFO - Sync 1 DAGs
[2022-12-30T00:01:41.937+0000] {logging_mixin.py:137} INFO - [2022-12-30T00:01:41.937+0000] {dag.py:3427} INFO - Setting next_dagrun for example_xcom to 2021-01-01T00:00:00+00:00, run_after=2021-01-01T00:00:00+00:00
[2022-12-30T00:01:41.948+0000] {processor.py:175} INFO - Processing /home/airflow/.local/lib/python3.7/site-packages/airflow/example_dags/example_xcom.py took 0.073 seconds
[2022-12-30T00:02:12.535+0000] {processor.py:153} INFO - Started process (PID=34932) to work on /home/airflow/.local/lib/python3.7/site-packages/airflow/example_dags/example_xcom.py
[2022-12-30T00:02:12.535+0000] {processor.py:743} INFO - Processing file /home/airflow/.local/lib/python3.7/site-packages/airflow/example_dags/example_xcom.py for tasks to queue
[2022-12-30T00:02:12.536+0000] {logging_mixin.py:137} INFO - [2022-12-30T00:02:12.536+0000] {dagbag.py:538} INFO - Filling up the DagBag from /home/airflow/.local/lib/python3.7/site-packages/airflow/example_dags/example_xcom.py
[2022-12-30T00:02:12.551+0000] {processor.py:753} INFO - DAG(s) dict_keys(['example_xcom']) retrieved from /home/airflow/.local/lib/python3.7/site-packages/airflow/example_dags/example_xcom.py
[2022-12-30T00:02:12.581+0000] {logging_mixin.py:137} INFO - [2022-12-30T00:02:12.581+0000] {dag.py:2676} INFO - Sync 1 DAGs
[2022-12-30T00:02:12.598+0000] {logging_mixin.py:137} INFO - [2022-12-30T00:02:12.597+0000] {dag.py:3427} INFO - Setting next_dagrun for example_xcom to 2021-01-01T00:00:00+00:00, run_after=2021-01-01T00:00:00+00:00
[2022-12-30T00:02:12.608+0000] {processor.py:175} INFO - Processing /home/airflow/.local/lib/python3.7/site-packages/airflow/example_dags/example_xcom.py took 0.077 seconds
[2022-12-30T00:02:43.006+0000] {processor.py:153} INFO - Started process (PID=35014) to work on /home/airflow/.local/lib/python3.7/site-packages/airflow/example_dags/example_xcom.py
[2022-12-30T00:02:43.006+0000] {processor.py:743} INFO - Processing file /home/airflow/.local/lib/python3.7/site-packages/airflow/example_dags/example_xcom.py for tasks to queue
[2022-12-30T00:02:43.007+0000] {logging_mixin.py:137} INFO - [2022-12-30T00:02:43.007+0000] {dagbag.py:538} INFO - Filling up the DagBag from /home/airflow/.local/lib/python3.7/site-packages/airflow/example_dags/example_xcom.py
[2022-12-30T00:02:43.024+0000] {processor.py:753} INFO - DAG(s) dict_keys(['example_xcom']) retrieved from /home/airflow/.local/lib/python3.7/site-packages/airflow/example_dags/example_xcom.py
[2022-12-30T00:02:43.050+0000] {logging_mixin.py:137} INFO - [2022-12-30T00:02:43.050+0000] {dag.py:2676} INFO - Sync 1 DAGs
[2022-12-30T00:02:43.072+0000] {logging_mixin.py:137} INFO - [2022-12-30T00:02:43.071+0000] {dag.py:3427} INFO - Setting next_dagrun for example_xcom to 2021-01-01T00:00:00+00:00, run_after=2021-01-01T00:00:00+00:00
[2022-12-30T00:02:43.085+0000] {processor.py:175} INFO - Processing /home/airflow/.local/lib/python3.7/site-packages/airflow/example_dags/example_xcom.py took 0.081 seconds
[2022-12-30T00:03:13.417+0000] {processor.py:153} INFO - Started process (PID=35116) to work on /home/airflow/.local/lib/python3.7/site-packages/airflow/example_dags/example_xcom.py
[2022-12-30T00:03:13.418+0000] {processor.py:743} INFO - Processing file /home/airflow/.local/lib/python3.7/site-packages/airflow/example_dags/example_xcom.py for tasks to queue
[2022-12-30T00:03:13.418+0000] {logging_mixin.py:137} INFO - [2022-12-30T00:03:13.418+0000] {dagbag.py:538} INFO - Filling up the DagBag from /home/airflow/.local/lib/python3.7/site-packages/airflow/example_dags/example_xcom.py
[2022-12-30T00:03:13.434+0000] {processor.py:753} INFO - DAG(s) dict_keys(['example_xcom']) retrieved from /home/airflow/.local/lib/python3.7/site-packages/airflow/example_dags/example_xcom.py
[2022-12-30T00:03:13.460+0000] {logging_mixin.py:137} INFO - [2022-12-30T00:03:13.460+0000] {dag.py:2676} INFO - Sync 1 DAGs
[2022-12-30T00:03:13.481+0000] {logging_mixin.py:137} INFO - [2022-12-30T00:03:13.480+0000] {dag.py:3427} INFO - Setting next_dagrun for example_xcom to 2021-01-01T00:00:00+00:00, run_after=2021-01-01T00:00:00+00:00
[2022-12-30T00:03:13.492+0000] {processor.py:175} INFO - Processing /home/airflow/.local/lib/python3.7/site-packages/airflow/example_dags/example_xcom.py took 0.078 seconds
[2022-12-30T00:03:44.063+0000] {processor.py:153} INFO - Started process (PID=35207) to work on /home/airflow/.local/lib/python3.7/site-packages/airflow/example_dags/example_xcom.py
[2022-12-30T00:03:44.064+0000] {processor.py:743} INFO - Processing file /home/airflow/.local/lib/python3.7/site-packages/airflow/example_dags/example_xcom.py for tasks to queue
[2022-12-30T00:03:44.064+0000] {logging_mixin.py:137} INFO - [2022-12-30T00:03:44.064+0000] {dagbag.py:538} INFO - Filling up the DagBag from /home/airflow/.local/lib/python3.7/site-packages/airflow/example_dags/example_xcom.py
[2022-12-30T00:03:44.084+0000] {processor.py:753} INFO - DAG(s) dict_keys(['example_xcom']) retrieved from /home/airflow/.local/lib/python3.7/site-packages/airflow/example_dags/example_xcom.py
[2022-12-30T00:03:44.112+0000] {logging_mixin.py:137} INFO - [2022-12-30T00:03:44.112+0000] {dag.py:2676} INFO - Sync 1 DAGs
[2022-12-30T00:03:44.136+0000] {logging_mixin.py:137} INFO - [2022-12-30T00:03:44.136+0000] {dag.py:3427} INFO - Setting next_dagrun for example_xcom to 2021-01-01T00:00:00+00:00, run_after=2021-01-01T00:00:00+00:00
[2022-12-30T00:03:44.149+0000] {processor.py:175} INFO - Processing /home/airflow/.local/lib/python3.7/site-packages/airflow/example_dags/example_xcom.py took 0.088 seconds
[2022-12-30T00:04:14.921+0000] {processor.py:153} INFO - Started process (PID=35300) to work on /home/airflow/.local/lib/python3.7/site-packages/airflow/example_dags/example_xcom.py
[2022-12-30T00:04:14.922+0000] {processor.py:743} INFO - Processing file /home/airflow/.local/lib/python3.7/site-packages/airflow/example_dags/example_xcom.py for tasks to queue
[2022-12-30T00:04:14.922+0000] {logging_mixin.py:137} INFO - [2022-12-30T00:04:14.922+0000] {dagbag.py:538} INFO - Filling up the DagBag from /home/airflow/.local/lib/python3.7/site-packages/airflow/example_dags/example_xcom.py
[2022-12-30T00:04:14.942+0000] {processor.py:753} INFO - DAG(s) dict_keys(['example_xcom']) retrieved from /home/airflow/.local/lib/python3.7/site-packages/airflow/example_dags/example_xcom.py
[2022-12-30T00:04:14.977+0000] {logging_mixin.py:137} INFO - [2022-12-30T00:04:14.977+0000] {dag.py:2676} INFO - Sync 1 DAGs
[2022-12-30T00:04:14.996+0000] {logging_mixin.py:137} INFO - [2022-12-30T00:04:14.996+0000] {dag.py:3427} INFO - Setting next_dagrun for example_xcom to 2021-01-01T00:00:00+00:00, run_after=2021-01-01T00:00:00+00:00
[2022-12-30T00:04:15.009+0000] {processor.py:175} INFO - Processing /home/airflow/.local/lib/python3.7/site-packages/airflow/example_dags/example_xcom.py took 0.090 seconds
[2022-12-30T00:04:45.550+0000] {processor.py:153} INFO - Started process (PID=35402) to work on /home/airflow/.local/lib/python3.7/site-packages/airflow/example_dags/example_xcom.py
[2022-12-30T00:04:45.552+0000] {processor.py:743} INFO - Processing file /home/airflow/.local/lib/python3.7/site-packages/airflow/example_dags/example_xcom.py for tasks to queue
[2022-12-30T00:04:45.553+0000] {logging_mixin.py:137} INFO - [2022-12-30T00:04:45.553+0000] {dagbag.py:538} INFO - Filling up the DagBag from /home/airflow/.local/lib/python3.7/site-packages/airflow/example_dags/example_xcom.py
[2022-12-30T00:04:45.568+0000] {processor.py:753} INFO - DAG(s) dict_keys(['example_xcom']) retrieved from /home/airflow/.local/lib/python3.7/site-packages/airflow/example_dags/example_xcom.py
[2022-12-30T00:04:45.595+0000] {logging_mixin.py:137} INFO - [2022-12-30T00:04:45.595+0000] {dag.py:2676} INFO - Sync 1 DAGs
[2022-12-30T00:04:45.612+0000] {logging_mixin.py:137} INFO - [2022-12-30T00:04:45.612+0000] {dag.py:3427} INFO - Setting next_dagrun for example_xcom to 2021-01-01T00:00:00+00:00, run_after=2021-01-01T00:00:00+00:00
[2022-12-30T00:04:45.623+0000] {processor.py:175} INFO - Processing /home/airflow/.local/lib/python3.7/site-packages/airflow/example_dags/example_xcom.py took 0.076 seconds
[2022-12-30T00:05:16.010+0000] {processor.py:153} INFO - Started process (PID=35484) to work on /home/airflow/.local/lib/python3.7/site-packages/airflow/example_dags/example_xcom.py
[2022-12-30T00:05:16.011+0000] {processor.py:743} INFO - Processing file /home/airflow/.local/lib/python3.7/site-packages/airflow/example_dags/example_xcom.py for tasks to queue
[2022-12-30T00:05:16.011+0000] {logging_mixin.py:137} INFO - [2022-12-30T00:05:16.011+0000] {dagbag.py:538} INFO - Filling up the DagBag from /home/airflow/.local/lib/python3.7/site-packages/airflow/example_dags/example_xcom.py
[2022-12-30T00:05:16.028+0000] {processor.py:753} INFO - DAG(s) dict_keys(['example_xcom']) retrieved from /home/airflow/.local/lib/python3.7/site-packages/airflow/example_dags/example_xcom.py
[2022-12-30T00:05:16.054+0000] {logging_mixin.py:137} INFO - [2022-12-30T00:05:16.053+0000] {dag.py:2676} INFO - Sync 1 DAGs
[2022-12-30T00:05:16.072+0000] {logging_mixin.py:137} INFO - [2022-12-30T00:05:16.072+0000] {dag.py:3427} INFO - Setting next_dagrun for example_xcom to 2021-01-01T00:00:00+00:00, run_after=2021-01-01T00:00:00+00:00
[2022-12-30T00:05:16.084+0000] {processor.py:175} INFO - Processing /home/airflow/.local/lib/python3.7/site-packages/airflow/example_dags/example_xcom.py took 0.076 seconds
[2022-12-30T00:05:46.335+0000] {processor.py:153} INFO - Started process (PID=35586) to work on /home/airflow/.local/lib/python3.7/site-packages/airflow/example_dags/example_xcom.py
[2022-12-30T00:05:46.336+0000] {processor.py:743} INFO - Processing file /home/airflow/.local/lib/python3.7/site-packages/airflow/example_dags/example_xcom.py for tasks to queue
[2022-12-30T00:05:46.336+0000] {logging_mixin.py:137} INFO - [2022-12-30T00:05:46.336+0000] {dagbag.py:538} INFO - Filling up the DagBag from /home/airflow/.local/lib/python3.7/site-packages/airflow/example_dags/example_xcom.py
[2022-12-30T00:05:46.351+0000] {processor.py:753} INFO - DAG(s) dict_keys(['example_xcom']) retrieved from /home/airflow/.local/lib/python3.7/site-packages/airflow/example_dags/example_xcom.py
[2022-12-30T00:05:46.377+0000] {logging_mixin.py:137} INFO - [2022-12-30T00:05:46.377+0000] {dag.py:2676} INFO - Sync 1 DAGs
[2022-12-30T00:05:46.394+0000] {logging_mixin.py:137} INFO - [2022-12-30T00:05:46.394+0000] {dag.py:3427} INFO - Setting next_dagrun for example_xcom to 2021-01-01T00:00:00+00:00, run_after=2021-01-01T00:00:00+00:00
[2022-12-30T00:05:46.405+0000] {processor.py:175} INFO - Processing /home/airflow/.local/lib/python3.7/site-packages/airflow/example_dags/example_xcom.py took 0.073 seconds
[2022-12-30T00:06:16.799+0000] {processor.py:153} INFO - Started process (PID=35668) to work on /home/airflow/.local/lib/python3.7/site-packages/airflow/example_dags/example_xcom.py
[2022-12-30T00:06:16.799+0000] {processor.py:743} INFO - Processing file /home/airflow/.local/lib/python3.7/site-packages/airflow/example_dags/example_xcom.py for tasks to queue
[2022-12-30T00:06:16.800+0000] {logging_mixin.py:137} INFO - [2022-12-30T00:06:16.800+0000] {dagbag.py:538} INFO - Filling up the DagBag from /home/airflow/.local/lib/python3.7/site-packages/airflow/example_dags/example_xcom.py
[2022-12-30T00:06:16.818+0000] {processor.py:753} INFO - DAG(s) dict_keys(['example_xcom']) retrieved from /home/airflow/.local/lib/python3.7/site-packages/airflow/example_dags/example_xcom.py
[2022-12-30T00:06:16.848+0000] {logging_mixin.py:137} INFO - [2022-12-30T00:06:16.848+0000] {dag.py:2676} INFO - Sync 1 DAGs
[2022-12-30T00:06:16.871+0000] {logging_mixin.py:137} INFO - [2022-12-30T00:06:16.870+0000] {dag.py:3427} INFO - Setting next_dagrun for example_xcom to 2021-01-01T00:00:00+00:00, run_after=2021-01-01T00:00:00+00:00
[2022-12-30T00:06:16.882+0000] {processor.py:175} INFO - Processing /home/airflow/.local/lib/python3.7/site-packages/airflow/example_dags/example_xcom.py took 0.085 seconds
[2022-12-30T00:06:47.206+0000] {processor.py:153} INFO - Started process (PID=35770) to work on /home/airflow/.local/lib/python3.7/site-packages/airflow/example_dags/example_xcom.py
[2022-12-30T00:06:47.206+0000] {processor.py:743} INFO - Processing file /home/airflow/.local/lib/python3.7/site-packages/airflow/example_dags/example_xcom.py for tasks to queue
[2022-12-30T00:06:47.207+0000] {logging_mixin.py:137} INFO - [2022-12-30T00:06:47.207+0000] {dagbag.py:538} INFO - Filling up the DagBag from /home/airflow/.local/lib/python3.7/site-packages/airflow/example_dags/example_xcom.py
[2022-12-30T00:06:47.222+0000] {processor.py:753} INFO - DAG(s) dict_keys(['example_xcom']) retrieved from /home/airflow/.local/lib/python3.7/site-packages/airflow/example_dags/example_xcom.py
[2022-12-30T00:06:47.253+0000] {logging_mixin.py:137} INFO - [2022-12-30T00:06:47.253+0000] {dag.py:2676} INFO - Sync 1 DAGs
[2022-12-30T00:06:47.272+0000] {logging_mixin.py:137} INFO - [2022-12-30T00:06:47.272+0000] {dag.py:3427} INFO - Setting next_dagrun for example_xcom to 2021-01-01T00:00:00+00:00, run_after=2021-01-01T00:00:00+00:00
[2022-12-30T00:06:47.288+0000] {processor.py:175} INFO - Processing /home/airflow/.local/lib/python3.7/site-packages/airflow/example_dags/example_xcom.py took 0.084 seconds
[2022-12-30T00:07:19.212+0000] {processor.py:153} INFO - Started process (PID=35872) to work on /home/airflow/.local/lib/python3.7/site-packages/airflow/example_dags/example_xcom.py
[2022-12-30T00:07:19.213+0000] {processor.py:743} INFO - Processing file /home/airflow/.local/lib/python3.7/site-packages/airflow/example_dags/example_xcom.py for tasks to queue
[2022-12-30T00:07:19.213+0000] {logging_mixin.py:137} INFO - [2022-12-30T00:07:19.213+0000] {dagbag.py:538} INFO - Filling up the DagBag from /home/airflow/.local/lib/python3.7/site-packages/airflow/example_dags/example_xcom.py
[2022-12-30T00:07:19.238+0000] {processor.py:753} INFO - DAG(s) dict_keys(['example_xcom']) retrieved from /home/airflow/.local/lib/python3.7/site-packages/airflow/example_dags/example_xcom.py
[2022-12-30T00:07:19.271+0000] {logging_mixin.py:137} INFO - [2022-12-30T00:07:19.271+0000] {dag.py:2676} INFO - Sync 1 DAGs
[2022-12-30T00:07:19.302+0000] {logging_mixin.py:137} INFO - [2022-12-30T00:07:19.302+0000] {dag.py:3427} INFO - Setting next_dagrun for example_xcom to 2021-01-01T00:00:00+00:00, run_after=2021-01-01T00:00:00+00:00
[2022-12-30T00:07:19.320+0000] {processor.py:175} INFO - Processing /home/airflow/.local/lib/python3.7/site-packages/airflow/example_dags/example_xcom.py took 0.111 seconds
[2022-12-30T00:07:49.926+0000] {processor.py:153} INFO - Started process (PID=35954) to work on /home/airflow/.local/lib/python3.7/site-packages/airflow/example_dags/example_xcom.py
[2022-12-30T00:07:49.927+0000] {processor.py:743} INFO - Processing file /home/airflow/.local/lib/python3.7/site-packages/airflow/example_dags/example_xcom.py for tasks to queue
[2022-12-30T00:07:49.928+0000] {logging_mixin.py:137} INFO - [2022-12-30T00:07:49.927+0000] {dagbag.py:538} INFO - Filling up the DagBag from /home/airflow/.local/lib/python3.7/site-packages/airflow/example_dags/example_xcom.py
[2022-12-30T00:07:49.945+0000] {processor.py:753} INFO - DAG(s) dict_keys(['example_xcom']) retrieved from /home/airflow/.local/lib/python3.7/site-packages/airflow/example_dags/example_xcom.py
[2022-12-30T00:07:49.975+0000] {logging_mixin.py:137} INFO - [2022-12-30T00:07:49.975+0000] {dag.py:2676} INFO - Sync 1 DAGs
[2022-12-30T00:07:49.993+0000] {logging_mixin.py:137} INFO - [2022-12-30T00:07:49.992+0000] {dag.py:3427} INFO - Setting next_dagrun for example_xcom to 2021-01-01T00:00:00+00:00, run_after=2021-01-01T00:00:00+00:00
[2022-12-30T00:07:50.004+0000] {processor.py:175} INFO - Processing /home/airflow/.local/lib/python3.7/site-packages/airflow/example_dags/example_xcom.py took 0.079 seconds
[2022-12-30T00:08:20.510+0000] {processor.py:153} INFO - Started process (PID=36056) to work on /home/airflow/.local/lib/python3.7/site-packages/airflow/example_dags/example_xcom.py
[2022-12-30T00:08:20.511+0000] {processor.py:743} INFO - Processing file /home/airflow/.local/lib/python3.7/site-packages/airflow/example_dags/example_xcom.py for tasks to queue
[2022-12-30T00:08:20.511+0000] {logging_mixin.py:137} INFO - [2022-12-30T00:08:20.511+0000] {dagbag.py:538} INFO - Filling up the DagBag from /home/airflow/.local/lib/python3.7/site-packages/airflow/example_dags/example_xcom.py
[2022-12-30T00:08:20.529+0000] {processor.py:753} INFO - DAG(s) dict_keys(['example_xcom']) retrieved from /home/airflow/.local/lib/python3.7/site-packages/airflow/example_dags/example_xcom.py
[2022-12-30T00:08:20.560+0000] {logging_mixin.py:137} INFO - [2022-12-30T00:08:20.559+0000] {dag.py:2676} INFO - Sync 1 DAGs
[2022-12-30T00:08:20.578+0000] {logging_mixin.py:137} INFO - [2022-12-30T00:08:20.578+0000] {dag.py:3427} INFO - Setting next_dagrun for example_xcom to 2021-01-01T00:00:00+00:00, run_after=2021-01-01T00:00:00+00:00
[2022-12-30T00:08:20.589+0000] {processor.py:175} INFO - Processing /home/airflow/.local/lib/python3.7/site-packages/airflow/example_dags/example_xcom.py took 0.081 seconds
[2022-12-30T00:08:51.045+0000] {processor.py:153} INFO - Started process (PID=36138) to work on /home/airflow/.local/lib/python3.7/site-packages/airflow/example_dags/example_xcom.py
[2022-12-30T00:08:51.046+0000] {processor.py:743} INFO - Processing file /home/airflow/.local/lib/python3.7/site-packages/airflow/example_dags/example_xcom.py for tasks to queue
[2022-12-30T00:08:51.046+0000] {logging_mixin.py:137} INFO - [2022-12-30T00:08:51.046+0000] {dagbag.py:538} INFO - Filling up the DagBag from /home/airflow/.local/lib/python3.7/site-packages/airflow/example_dags/example_xcom.py
[2022-12-30T00:08:51.063+0000] {processor.py:753} INFO - DAG(s) dict_keys(['example_xcom']) retrieved from /home/airflow/.local/lib/python3.7/site-packages/airflow/example_dags/example_xcom.py
[2022-12-30T00:08:51.088+0000] {logging_mixin.py:137} INFO - [2022-12-30T00:08:51.088+0000] {dag.py:2676} INFO - Sync 1 DAGs
[2022-12-30T00:08:51.111+0000] {logging_mixin.py:137} INFO - [2022-12-30T00:08:51.111+0000] {dag.py:3427} INFO - Setting next_dagrun for example_xcom to 2021-01-01T00:00:00+00:00, run_after=2021-01-01T00:00:00+00:00
[2022-12-30T00:08:51.125+0000] {processor.py:175} INFO - Processing /home/airflow/.local/lib/python3.7/site-packages/airflow/example_dags/example_xcom.py took 0.083 seconds
[2022-12-30T00:09:21.706+0000] {processor.py:153} INFO - Started process (PID=36240) to work on /home/airflow/.local/lib/python3.7/site-packages/airflow/example_dags/example_xcom.py
[2022-12-30T00:09:21.707+0000] {processor.py:743} INFO - Processing file /home/airflow/.local/lib/python3.7/site-packages/airflow/example_dags/example_xcom.py for tasks to queue
[2022-12-30T00:09:21.707+0000] {logging_mixin.py:137} INFO - [2022-12-30T00:09:21.707+0000] {dagbag.py:538} INFO - Filling up the DagBag from /home/airflow/.local/lib/python3.7/site-packages/airflow/example_dags/example_xcom.py
[2022-12-30T00:09:21.725+0000] {processor.py:753} INFO - DAG(s) dict_keys(['example_xcom']) retrieved from /home/airflow/.local/lib/python3.7/site-packages/airflow/example_dags/example_xcom.py
[2022-12-30T00:09:21.752+0000] {logging_mixin.py:137} INFO - [2022-12-30T00:09:21.752+0000] {dag.py:2676} INFO - Sync 1 DAGs
[2022-12-30T00:09:21.772+0000] {logging_mixin.py:137} INFO - [2022-12-30T00:09:21.772+0000] {dag.py:3427} INFO - Setting next_dagrun for example_xcom to 2021-01-01T00:00:00+00:00, run_after=2021-01-01T00:00:00+00:00
[2022-12-30T00:09:21.784+0000] {processor.py:175} INFO - Processing /home/airflow/.local/lib/python3.7/site-packages/airflow/example_dags/example_xcom.py took 0.081 seconds
[2022-12-30T00:09:52.310+0000] {processor.py:153} INFO - Started process (PID=36342) to work on /home/airflow/.local/lib/python3.7/site-packages/airflow/example_dags/example_xcom.py
[2022-12-30T00:09:52.310+0000] {processor.py:743} INFO - Processing file /home/airflow/.local/lib/python3.7/site-packages/airflow/example_dags/example_xcom.py for tasks to queue
[2022-12-30T00:09:52.310+0000] {logging_mixin.py:137} INFO - [2022-12-30T00:09:52.310+0000] {dagbag.py:538} INFO - Filling up the DagBag from /home/airflow/.local/lib/python3.7/site-packages/airflow/example_dags/example_xcom.py
[2022-12-30T00:09:52.329+0000] {processor.py:753} INFO - DAG(s) dict_keys(['example_xcom']) retrieved from /home/airflow/.local/lib/python3.7/site-packages/airflow/example_dags/example_xcom.py
[2022-12-30T00:09:52.362+0000] {logging_mixin.py:137} INFO - [2022-12-30T00:09:52.362+0000] {dag.py:2676} INFO - Sync 1 DAGs
[2022-12-30T00:09:52.380+0000] {logging_mixin.py:137} INFO - [2022-12-30T00:09:52.380+0000] {dag.py:3427} INFO - Setting next_dagrun for example_xcom to 2021-01-01T00:00:00+00:00, run_after=2021-01-01T00:00:00+00:00
[2022-12-30T00:09:52.392+0000] {processor.py:175} INFO - Processing /home/airflow/.local/lib/python3.7/site-packages/airflow/example_dags/example_xcom.py took 0.084 seconds
[2022-12-30T00:10:22.853+0000] {processor.py:153} INFO - Started process (PID=36424) to work on /home/airflow/.local/lib/python3.7/site-packages/airflow/example_dags/example_xcom.py
[2022-12-30T00:10:22.854+0000] {processor.py:743} INFO - Processing file /home/airflow/.local/lib/python3.7/site-packages/airflow/example_dags/example_xcom.py for tasks to queue
[2022-12-30T00:10:22.854+0000] {logging_mixin.py:137} INFO - [2022-12-30T00:10:22.854+0000] {dagbag.py:538} INFO - Filling up the DagBag from /home/airflow/.local/lib/python3.7/site-packages/airflow/example_dags/example_xcom.py
[2022-12-30T00:10:22.870+0000] {processor.py:753} INFO - DAG(s) dict_keys(['example_xcom']) retrieved from /home/airflow/.local/lib/python3.7/site-packages/airflow/example_dags/example_xcom.py
[2022-12-30T00:10:22.898+0000] {logging_mixin.py:137} INFO - [2022-12-30T00:10:22.898+0000] {dag.py:2676} INFO - Sync 1 DAGs
[2022-12-30T00:10:22.916+0000] {logging_mixin.py:137} INFO - [2022-12-30T00:10:22.915+0000] {dag.py:3427} INFO - Setting next_dagrun for example_xcom to 2021-01-01T00:00:00+00:00, run_after=2021-01-01T00:00:00+00:00
[2022-12-30T00:10:22.926+0000] {processor.py:175} INFO - Processing /home/airflow/.local/lib/python3.7/site-packages/airflow/example_dags/example_xcom.py took 0.076 seconds
[2022-12-30T00:10:53.401+0000] {processor.py:153} INFO - Started process (PID=36526) to work on /home/airflow/.local/lib/python3.7/site-packages/airflow/example_dags/example_xcom.py
[2022-12-30T00:10:53.402+0000] {processor.py:743} INFO - Processing file /home/airflow/.local/lib/python3.7/site-packages/airflow/example_dags/example_xcom.py for tasks to queue
[2022-12-30T00:10:53.402+0000] {logging_mixin.py:137} INFO - [2022-12-30T00:10:53.402+0000] {dagbag.py:538} INFO - Filling up the DagBag from /home/airflow/.local/lib/python3.7/site-packages/airflow/example_dags/example_xcom.py
[2022-12-30T00:10:53.418+0000] {processor.py:753} INFO - DAG(s) dict_keys(['example_xcom']) retrieved from /home/airflow/.local/lib/python3.7/site-packages/airflow/example_dags/example_xcom.py
[2022-12-30T00:10:53.446+0000] {logging_mixin.py:137} INFO - [2022-12-30T00:10:53.446+0000] {dag.py:2676} INFO - Sync 1 DAGs
[2022-12-30T00:10:53.464+0000] {logging_mixin.py:137} INFO - [2022-12-30T00:10:53.464+0000] {dag.py:3427} INFO - Setting next_dagrun for example_xcom to 2021-01-01T00:00:00+00:00, run_after=2021-01-01T00:00:00+00:00
[2022-12-30T00:10:53.477+0000] {processor.py:175} INFO - Processing /home/airflow/.local/lib/python3.7/site-packages/airflow/example_dags/example_xcom.py took 0.077 seconds
[2022-12-30T00:11:23.838+0000] {processor.py:153} INFO - Started process (PID=36608) to work on /home/airflow/.local/lib/python3.7/site-packages/airflow/example_dags/example_xcom.py
[2022-12-30T00:11:23.838+0000] {processor.py:743} INFO - Processing file /home/airflow/.local/lib/python3.7/site-packages/airflow/example_dags/example_xcom.py for tasks to queue
[2022-12-30T00:11:23.839+0000] {logging_mixin.py:137} INFO - [2022-12-30T00:11:23.839+0000] {dagbag.py:538} INFO - Filling up the DagBag from /home/airflow/.local/lib/python3.7/site-packages/airflow/example_dags/example_xcom.py
[2022-12-30T00:11:23.854+0000] {processor.py:753} INFO - DAG(s) dict_keys(['example_xcom']) retrieved from /home/airflow/.local/lib/python3.7/site-packages/airflow/example_dags/example_xcom.py
[2022-12-30T00:11:23.885+0000] {logging_mixin.py:137} INFO - [2022-12-30T00:11:23.885+0000] {dag.py:2676} INFO - Sync 1 DAGs
[2022-12-30T00:11:23.904+0000] {logging_mixin.py:137} INFO - [2022-12-30T00:11:23.904+0000] {dag.py:3427} INFO - Setting next_dagrun for example_xcom to 2021-01-01T00:00:00+00:00, run_after=2021-01-01T00:00:00+00:00
[2022-12-30T00:11:23.915+0000] {processor.py:175} INFO - Processing /home/airflow/.local/lib/python3.7/site-packages/airflow/example_dags/example_xcom.py took 0.081 seconds
[2022-12-30T00:11:54.273+0000] {processor.py:153} INFO - Started process (PID=36710) to work on /home/airflow/.local/lib/python3.7/site-packages/airflow/example_dags/example_xcom.py
[2022-12-30T00:11:54.274+0000] {processor.py:743} INFO - Processing file /home/airflow/.local/lib/python3.7/site-packages/airflow/example_dags/example_xcom.py for tasks to queue
[2022-12-30T00:11:54.274+0000] {logging_mixin.py:137} INFO - [2022-12-30T00:11:54.274+0000] {dagbag.py:538} INFO - Filling up the DagBag from /home/airflow/.local/lib/python3.7/site-packages/airflow/example_dags/example_xcom.py
[2022-12-30T00:11:54.291+0000] {processor.py:753} INFO - DAG(s) dict_keys(['example_xcom']) retrieved from /home/airflow/.local/lib/python3.7/site-packages/airflow/example_dags/example_xcom.py
[2022-12-30T00:11:54.317+0000] {logging_mixin.py:137} INFO - [2022-12-30T00:11:54.317+0000] {dag.py:2676} INFO - Sync 1 DAGs
[2022-12-30T00:11:54.346+0000] {logging_mixin.py:137} INFO - [2022-12-30T00:11:54.346+0000] {dag.py:3427} INFO - Setting next_dagrun for example_xcom to 2021-01-01T00:00:00+00:00, run_after=2021-01-01T00:00:00+00:00
[2022-12-30T00:11:54.364+0000] {processor.py:175} INFO - Processing /home/airflow/.local/lib/python3.7/site-packages/airflow/example_dags/example_xcom.py took 0.094 seconds
[2022-12-30T00:12:24.693+0000] {processor.py:153} INFO - Started process (PID=36812) to work on /home/airflow/.local/lib/python3.7/site-packages/airflow/example_dags/example_xcom.py
[2022-12-30T00:12:24.694+0000] {processor.py:743} INFO - Processing file /home/airflow/.local/lib/python3.7/site-packages/airflow/example_dags/example_xcom.py for tasks to queue
[2022-12-30T00:12:24.694+0000] {logging_mixin.py:137} INFO - [2022-12-30T00:12:24.694+0000] {dagbag.py:538} INFO - Filling up the DagBag from /home/airflow/.local/lib/python3.7/site-packages/airflow/example_dags/example_xcom.py
[2022-12-30T00:12:24.713+0000] {processor.py:753} INFO - DAG(s) dict_keys(['example_xcom']) retrieved from /home/airflow/.local/lib/python3.7/site-packages/airflow/example_dags/example_xcom.py
[2022-12-30T00:12:24.742+0000] {logging_mixin.py:137} INFO - [2022-12-30T00:12:24.742+0000] {dag.py:2676} INFO - Sync 1 DAGs
[2022-12-30T00:12:24.762+0000] {logging_mixin.py:137} INFO - [2022-12-30T00:12:24.762+0000] {dag.py:3427} INFO - Setting next_dagrun for example_xcom to 2021-01-01T00:00:00+00:00, run_after=2021-01-01T00:00:00+00:00
[2022-12-30T00:12:24.775+0000] {processor.py:175} INFO - Processing /home/airflow/.local/lib/python3.7/site-packages/airflow/example_dags/example_xcom.py took 0.085 seconds
[2022-12-30T00:12:55.219+0000] {processor.py:153} INFO - Started process (PID=36894) to work on /home/airflow/.local/lib/python3.7/site-packages/airflow/example_dags/example_xcom.py
[2022-12-30T00:12:55.219+0000] {processor.py:743} INFO - Processing file /home/airflow/.local/lib/python3.7/site-packages/airflow/example_dags/example_xcom.py for tasks to queue
[2022-12-30T00:12:55.220+0000] {logging_mixin.py:137} INFO - [2022-12-30T00:12:55.220+0000] {dagbag.py:538} INFO - Filling up the DagBag from /home/airflow/.local/lib/python3.7/site-packages/airflow/example_dags/example_xcom.py
[2022-12-30T00:12:55.238+0000] {processor.py:753} INFO - DAG(s) dict_keys(['example_xcom']) retrieved from /home/airflow/.local/lib/python3.7/site-packages/airflow/example_dags/example_xcom.py
[2022-12-30T00:12:55.264+0000] {logging_mixin.py:137} INFO - [2022-12-30T00:12:55.264+0000] {dag.py:2676} INFO - Sync 1 DAGs
[2022-12-30T00:12:55.283+0000] {logging_mixin.py:137} INFO - [2022-12-30T00:12:55.283+0000] {dag.py:3427} INFO - Setting next_dagrun for example_xcom to 2021-01-01T00:00:00+00:00, run_after=2021-01-01T00:00:00+00:00
[2022-12-30T00:12:55.294+0000] {processor.py:175} INFO - Processing /home/airflow/.local/lib/python3.7/site-packages/airflow/example_dags/example_xcom.py took 0.078 seconds
[2022-12-30T00:13:25.611+0000] {processor.py:153} INFO - Started process (PID=36996) to work on /home/airflow/.local/lib/python3.7/site-packages/airflow/example_dags/example_xcom.py
[2022-12-30T00:13:25.611+0000] {processor.py:743} INFO - Processing file /home/airflow/.local/lib/python3.7/site-packages/airflow/example_dags/example_xcom.py for tasks to queue
[2022-12-30T00:13:25.612+0000] {logging_mixin.py:137} INFO - [2022-12-30T00:13:25.612+0000] {dagbag.py:538} INFO - Filling up the DagBag from /home/airflow/.local/lib/python3.7/site-packages/airflow/example_dags/example_xcom.py
[2022-12-30T00:13:25.628+0000] {processor.py:753} INFO - DAG(s) dict_keys(['example_xcom']) retrieved from /home/airflow/.local/lib/python3.7/site-packages/airflow/example_dags/example_xcom.py
[2022-12-30T00:13:25.654+0000] {logging_mixin.py:137} INFO - [2022-12-30T00:13:25.654+0000] {dag.py:2676} INFO - Sync 1 DAGs
[2022-12-30T00:13:25.673+0000] {logging_mixin.py:137} INFO - [2022-12-30T00:13:25.673+0000] {dag.py:3427} INFO - Setting next_dagrun for example_xcom to 2021-01-01T00:00:00+00:00, run_after=2021-01-01T00:00:00+00:00
[2022-12-30T00:13:25.686+0000] {processor.py:175} INFO - Processing /home/airflow/.local/lib/python3.7/site-packages/airflow/example_dags/example_xcom.py took 0.078 seconds
[2022-12-30T00:13:55.998+0000] {processor.py:153} INFO - Started process (PID=37078) to work on /home/airflow/.local/lib/python3.7/site-packages/airflow/example_dags/example_xcom.py
[2022-12-30T00:13:55.999+0000] {processor.py:743} INFO - Processing file /home/airflow/.local/lib/python3.7/site-packages/airflow/example_dags/example_xcom.py for tasks to queue
[2022-12-30T00:13:55.999+0000] {logging_mixin.py:137} INFO - [2022-12-30T00:13:55.999+0000] {dagbag.py:538} INFO - Filling up the DagBag from /home/airflow/.local/lib/python3.7/site-packages/airflow/example_dags/example_xcom.py
[2022-12-30T00:13:56.018+0000] {processor.py:753} INFO - DAG(s) dict_keys(['example_xcom']) retrieved from /home/airflow/.local/lib/python3.7/site-packages/airflow/example_dags/example_xcom.py
[2022-12-30T00:13:56.045+0000] {logging_mixin.py:137} INFO - [2022-12-30T00:13:56.045+0000] {dag.py:2676} INFO - Sync 1 DAGs
[2022-12-30T00:13:56.065+0000] {logging_mixin.py:137} INFO - [2022-12-30T00:13:56.065+0000] {dag.py:3427} INFO - Setting next_dagrun for example_xcom to 2021-01-01T00:00:00+00:00, run_after=2021-01-01T00:00:00+00:00
[2022-12-30T00:13:56.077+0000] {processor.py:175} INFO - Processing /home/airflow/.local/lib/python3.7/site-packages/airflow/example_dags/example_xcom.py took 0.081 seconds
[2022-12-30T00:14:26.533+0000] {processor.py:153} INFO - Started process (PID=37180) to work on /home/airflow/.local/lib/python3.7/site-packages/airflow/example_dags/example_xcom.py
[2022-12-30T00:14:26.534+0000] {processor.py:743} INFO - Processing file /home/airflow/.local/lib/python3.7/site-packages/airflow/example_dags/example_xcom.py for tasks to queue
[2022-12-30T00:14:26.534+0000] {logging_mixin.py:137} INFO - [2022-12-30T00:14:26.534+0000] {dagbag.py:538} INFO - Filling up the DagBag from /home/airflow/.local/lib/python3.7/site-packages/airflow/example_dags/example_xcom.py
[2022-12-30T00:14:26.551+0000] {processor.py:753} INFO - DAG(s) dict_keys(['example_xcom']) retrieved from /home/airflow/.local/lib/python3.7/site-packages/airflow/example_dags/example_xcom.py
[2022-12-30T00:14:26.585+0000] {logging_mixin.py:137} INFO - [2022-12-30T00:14:26.585+0000] {dag.py:2676} INFO - Sync 1 DAGs
[2022-12-30T00:14:26.604+0000] {logging_mixin.py:137} INFO - [2022-12-30T00:14:26.604+0000] {dag.py:3427} INFO - Setting next_dagrun for example_xcom to 2021-01-01T00:00:00+00:00, run_after=2021-01-01T00:00:00+00:00
[2022-12-30T00:14:26.616+0000] {processor.py:175} INFO - Processing /home/airflow/.local/lib/python3.7/site-packages/airflow/example_dags/example_xcom.py took 0.085 seconds
[2022-12-30T00:14:56.973+0000] {processor.py:153} INFO - Started process (PID=37262) to work on /home/airflow/.local/lib/python3.7/site-packages/airflow/example_dags/example_xcom.py
[2022-12-30T00:14:56.974+0000] {processor.py:743} INFO - Processing file /home/airflow/.local/lib/python3.7/site-packages/airflow/example_dags/example_xcom.py for tasks to queue
[2022-12-30T00:14:56.974+0000] {logging_mixin.py:137} INFO - [2022-12-30T00:14:56.974+0000] {dagbag.py:538} INFO - Filling up the DagBag from /home/airflow/.local/lib/python3.7/site-packages/airflow/example_dags/example_xcom.py
[2022-12-30T00:14:56.999+0000] {processor.py:753} INFO - DAG(s) dict_keys(['example_xcom']) retrieved from /home/airflow/.local/lib/python3.7/site-packages/airflow/example_dags/example_xcom.py
[2022-12-30T00:14:57.033+0000] {logging_mixin.py:137} INFO - [2022-12-30T00:14:57.033+0000] {dag.py:2676} INFO - Sync 1 DAGs
[2022-12-30T00:14:57.060+0000] {logging_mixin.py:137} INFO - [2022-12-30T00:14:57.060+0000] {dag.py:3427} INFO - Setting next_dagrun for example_xcom to 2021-01-01T00:00:00+00:00, run_after=2021-01-01T00:00:00+00:00
[2022-12-30T00:14:57.071+0000] {processor.py:175} INFO - Processing /home/airflow/.local/lib/python3.7/site-packages/airflow/example_dags/example_xcom.py took 0.101 seconds
[2022-12-30T00:15:27.394+0000] {processor.py:153} INFO - Started process (PID=37364) to work on /home/airflow/.local/lib/python3.7/site-packages/airflow/example_dags/example_xcom.py
[2022-12-30T00:15:27.394+0000] {processor.py:743} INFO - Processing file /home/airflow/.local/lib/python3.7/site-packages/airflow/example_dags/example_xcom.py for tasks to queue
[2022-12-30T00:15:27.395+0000] {logging_mixin.py:137} INFO - [2022-12-30T00:15:27.395+0000] {dagbag.py:538} INFO - Filling up the DagBag from /home/airflow/.local/lib/python3.7/site-packages/airflow/example_dags/example_xcom.py
[2022-12-30T00:15:27.412+0000] {processor.py:753} INFO - DAG(s) dict_keys(['example_xcom']) retrieved from /home/airflow/.local/lib/python3.7/site-packages/airflow/example_dags/example_xcom.py
[2022-12-30T00:15:27.440+0000] {logging_mixin.py:137} INFO - [2022-12-30T00:15:27.440+0000] {dag.py:2676} INFO - Sync 1 DAGs
[2022-12-30T00:15:27.457+0000] {logging_mixin.py:137} INFO - [2022-12-30T00:15:27.457+0000] {dag.py:3427} INFO - Setting next_dagrun for example_xcom to 2021-01-01T00:00:00+00:00, run_after=2021-01-01T00:00:00+00:00
[2022-12-30T00:15:27.468+0000] {processor.py:175} INFO - Processing /home/airflow/.local/lib/python3.7/site-packages/airflow/example_dags/example_xcom.py took 0.076 seconds
[2022-12-30T00:15:58.139+0000] {processor.py:153} INFO - Started process (PID=37466) to work on /home/airflow/.local/lib/python3.7/site-packages/airflow/example_dags/example_xcom.py
[2022-12-30T00:15:58.139+0000] {processor.py:743} INFO - Processing file /home/airflow/.local/lib/python3.7/site-packages/airflow/example_dags/example_xcom.py for tasks to queue
[2022-12-30T00:15:58.140+0000] {logging_mixin.py:137} INFO - [2022-12-30T00:15:58.139+0000] {dagbag.py:538} INFO - Filling up the DagBag from /home/airflow/.local/lib/python3.7/site-packages/airflow/example_dags/example_xcom.py
[2022-12-30T00:15:58.160+0000] {processor.py:753} INFO - DAG(s) dict_keys(['example_xcom']) retrieved from /home/airflow/.local/lib/python3.7/site-packages/airflow/example_dags/example_xcom.py
[2022-12-30T00:15:58.195+0000] {logging_mixin.py:137} INFO - [2022-12-30T00:15:58.195+0000] {dag.py:2676} INFO - Sync 1 DAGs
[2022-12-30T00:15:58.223+0000] {logging_mixin.py:137} INFO - [2022-12-30T00:15:58.223+0000] {dag.py:3427} INFO - Setting next_dagrun for example_xcom to 2021-01-01T00:00:00+00:00, run_after=2021-01-01T00:00:00+00:00
[2022-12-30T00:15:58.239+0000] {processor.py:175} INFO - Processing /home/airflow/.local/lib/python3.7/site-packages/airflow/example_dags/example_xcom.py took 0.103 seconds
[2022-12-30T00:16:28.702+0000] {processor.py:153} INFO - Started process (PID=37548) to work on /home/airflow/.local/lib/python3.7/site-packages/airflow/example_dags/example_xcom.py
[2022-12-30T00:16:28.702+0000] {processor.py:743} INFO - Processing file /home/airflow/.local/lib/python3.7/site-packages/airflow/example_dags/example_xcom.py for tasks to queue
[2022-12-30T00:16:28.703+0000] {logging_mixin.py:137} INFO - [2022-12-30T00:16:28.703+0000] {dagbag.py:538} INFO - Filling up the DagBag from /home/airflow/.local/lib/python3.7/site-packages/airflow/example_dags/example_xcom.py
[2022-12-30T00:16:28.722+0000] {processor.py:753} INFO - DAG(s) dict_keys(['example_xcom']) retrieved from /home/airflow/.local/lib/python3.7/site-packages/airflow/example_dags/example_xcom.py
[2022-12-30T00:16:28.751+0000] {logging_mixin.py:137} INFO - [2022-12-30T00:16:28.750+0000] {dag.py:2676} INFO - Sync 1 DAGs
[2022-12-30T00:16:28.769+0000] {logging_mixin.py:137} INFO - [2022-12-30T00:16:28.769+0000] {dag.py:3427} INFO - Setting next_dagrun for example_xcom to 2021-01-01T00:00:00+00:00, run_after=2021-01-01T00:00:00+00:00
[2022-12-30T00:16:28.783+0000] {processor.py:175} INFO - Processing /home/airflow/.local/lib/python3.7/site-packages/airflow/example_dags/example_xcom.py took 0.084 seconds
[2022-12-30T00:16:59.217+0000] {processor.py:153} INFO - Started process (PID=37650) to work on /home/airflow/.local/lib/python3.7/site-packages/airflow/example_dags/example_xcom.py
[2022-12-30T00:16:59.217+0000] {processor.py:743} INFO - Processing file /home/airflow/.local/lib/python3.7/site-packages/airflow/example_dags/example_xcom.py for tasks to queue
[2022-12-30T00:16:59.218+0000] {logging_mixin.py:137} INFO - [2022-12-30T00:16:59.218+0000] {dagbag.py:538} INFO - Filling up the DagBag from /home/airflow/.local/lib/python3.7/site-packages/airflow/example_dags/example_xcom.py
[2022-12-30T00:16:59.234+0000] {processor.py:753} INFO - DAG(s) dict_keys(['example_xcom']) retrieved from /home/airflow/.local/lib/python3.7/site-packages/airflow/example_dags/example_xcom.py
[2022-12-30T00:16:59.263+0000] {logging_mixin.py:137} INFO - [2022-12-30T00:16:59.263+0000] {dag.py:2676} INFO - Sync 1 DAGs
[2022-12-30T00:16:59.283+0000] {logging_mixin.py:137} INFO - [2022-12-30T00:16:59.283+0000] {dag.py:3427} INFO - Setting next_dagrun for example_xcom to 2021-01-01T00:00:00+00:00, run_after=2021-01-01T00:00:00+00:00
[2022-12-30T00:16:59.295+0000] {processor.py:175} INFO - Processing /home/airflow/.local/lib/python3.7/site-packages/airflow/example_dags/example_xcom.py took 0.081 seconds
[2022-12-30T00:17:29.837+0000] {processor.py:153} INFO - Started process (PID=37732) to work on /home/airflow/.local/lib/python3.7/site-packages/airflow/example_dags/example_xcom.py
[2022-12-30T00:17:29.837+0000] {processor.py:743} INFO - Processing file /home/airflow/.local/lib/python3.7/site-packages/airflow/example_dags/example_xcom.py for tasks to queue
[2022-12-30T00:17:29.838+0000] {logging_mixin.py:137} INFO - [2022-12-30T00:17:29.838+0000] {dagbag.py:538} INFO - Filling up the DagBag from /home/airflow/.local/lib/python3.7/site-packages/airflow/example_dags/example_xcom.py
[2022-12-30T00:17:29.856+0000] {processor.py:753} INFO - DAG(s) dict_keys(['example_xcom']) retrieved from /home/airflow/.local/lib/python3.7/site-packages/airflow/example_dags/example_xcom.py
[2022-12-30T00:17:29.886+0000] {logging_mixin.py:137} INFO - [2022-12-30T00:17:29.885+0000] {dag.py:2676} INFO - Sync 1 DAGs
[2022-12-30T00:17:29.905+0000] {logging_mixin.py:137} INFO - [2022-12-30T00:17:29.905+0000] {dag.py:3427} INFO - Setting next_dagrun for example_xcom to 2021-01-01T00:00:00+00:00, run_after=2021-01-01T00:00:00+00:00
[2022-12-30T00:17:29.920+0000] {processor.py:175} INFO - Processing /home/airflow/.local/lib/python3.7/site-packages/airflow/example_dags/example_xcom.py took 0.086 seconds
[2022-12-30T00:18:00.323+0000] {processor.py:153} INFO - Started process (PID=37835) to work on /home/airflow/.local/lib/python3.7/site-packages/airflow/example_dags/example_xcom.py
[2022-12-30T00:18:00.323+0000] {processor.py:743} INFO - Processing file /home/airflow/.local/lib/python3.7/site-packages/airflow/example_dags/example_xcom.py for tasks to queue
[2022-12-30T00:18:00.324+0000] {logging_mixin.py:137} INFO - [2022-12-30T00:18:00.324+0000] {dagbag.py:538} INFO - Filling up the DagBag from /home/airflow/.local/lib/python3.7/site-packages/airflow/example_dags/example_xcom.py
[2022-12-30T00:18:00.343+0000] {processor.py:753} INFO - DAG(s) dict_keys(['example_xcom']) retrieved from /home/airflow/.local/lib/python3.7/site-packages/airflow/example_dags/example_xcom.py
[2022-12-30T00:18:00.377+0000] {logging_mixin.py:137} INFO - [2022-12-30T00:18:00.377+0000] {dag.py:2676} INFO - Sync 1 DAGs
[2022-12-30T00:18:00.396+0000] {logging_mixin.py:137} INFO - [2022-12-30T00:18:00.396+0000] {dag.py:3427} INFO - Setting next_dagrun for example_xcom to 2021-01-01T00:00:00+00:00, run_after=2021-01-01T00:00:00+00:00
[2022-12-30T00:18:00.407+0000] {processor.py:175} INFO - Processing /home/airflow/.local/lib/python3.7/site-packages/airflow/example_dags/example_xcom.py took 0.087 seconds
[2022-12-30T00:18:30.771+0000] {processor.py:153} INFO - Started process (PID=37918) to work on /home/airflow/.local/lib/python3.7/site-packages/airflow/example_dags/example_xcom.py
[2022-12-30T00:18:30.771+0000] {processor.py:743} INFO - Processing file /home/airflow/.local/lib/python3.7/site-packages/airflow/example_dags/example_xcom.py for tasks to queue
[2022-12-30T00:18:30.772+0000] {logging_mixin.py:137} INFO - [2022-12-30T00:18:30.772+0000] {dagbag.py:538} INFO - Filling up the DagBag from /home/airflow/.local/lib/python3.7/site-packages/airflow/example_dags/example_xcom.py
[2022-12-30T00:18:30.790+0000] {processor.py:753} INFO - DAG(s) dict_keys(['example_xcom']) retrieved from /home/airflow/.local/lib/python3.7/site-packages/airflow/example_dags/example_xcom.py
[2022-12-30T00:18:30.818+0000] {logging_mixin.py:137} INFO - [2022-12-30T00:18:30.818+0000] {dag.py:2676} INFO - Sync 1 DAGs
[2022-12-30T00:18:30.842+0000] {logging_mixin.py:137} INFO - [2022-12-30T00:18:30.842+0000] {dag.py:3427} INFO - Setting next_dagrun for example_xcom to 2021-01-01T00:00:00+00:00, run_after=2021-01-01T00:00:00+00:00
[2022-12-30T00:18:30.857+0000] {processor.py:175} INFO - Processing /home/airflow/.local/lib/python3.7/site-packages/airflow/example_dags/example_xcom.py took 0.089 seconds
[2022-12-30T00:19:01.273+0000] {processor.py:153} INFO - Started process (PID=38020) to work on /home/airflow/.local/lib/python3.7/site-packages/airflow/example_dags/example_xcom.py
[2022-12-30T00:19:01.273+0000] {processor.py:743} INFO - Processing file /home/airflow/.local/lib/python3.7/site-packages/airflow/example_dags/example_xcom.py for tasks to queue
[2022-12-30T00:19:01.274+0000] {logging_mixin.py:137} INFO - [2022-12-30T00:19:01.274+0000] {dagbag.py:538} INFO - Filling up the DagBag from /home/airflow/.local/lib/python3.7/site-packages/airflow/example_dags/example_xcom.py
[2022-12-30T00:19:01.291+0000] {processor.py:753} INFO - DAG(s) dict_keys(['example_xcom']) retrieved from /home/airflow/.local/lib/python3.7/site-packages/airflow/example_dags/example_xcom.py
[2022-12-30T00:19:01.321+0000] {logging_mixin.py:137} INFO - [2022-12-30T00:19:01.321+0000] {dag.py:2676} INFO - Sync 1 DAGs
[2022-12-30T00:19:01.344+0000] {logging_mixin.py:137} INFO - [2022-12-30T00:19:01.344+0000] {dag.py:3427} INFO - Setting next_dagrun for example_xcom to 2021-01-01T00:00:00+00:00, run_after=2021-01-01T00:00:00+00:00
[2022-12-30T00:19:01.355+0000] {processor.py:175} INFO - Processing /home/airflow/.local/lib/python3.7/site-packages/airflow/example_dags/example_xcom.py took 0.085 seconds
[2022-12-30T00:19:32.020+0000] {processor.py:153} INFO - Started process (PID=38111) to work on /home/airflow/.local/lib/python3.7/site-packages/airflow/example_dags/example_xcom.py
[2022-12-30T00:19:32.021+0000] {processor.py:743} INFO - Processing file /home/airflow/.local/lib/python3.7/site-packages/airflow/example_dags/example_xcom.py for tasks to queue
[2022-12-30T00:19:32.022+0000] {logging_mixin.py:137} INFO - [2022-12-30T00:19:32.022+0000] {dagbag.py:538} INFO - Filling up the DagBag from /home/airflow/.local/lib/python3.7/site-packages/airflow/example_dags/example_xcom.py
[2022-12-30T00:19:32.041+0000] {processor.py:753} INFO - DAG(s) dict_keys(['example_xcom']) retrieved from /home/airflow/.local/lib/python3.7/site-packages/airflow/example_dags/example_xcom.py
[2022-12-30T00:19:32.071+0000] {logging_mixin.py:137} INFO - [2022-12-30T00:19:32.071+0000] {dag.py:2676} INFO - Sync 1 DAGs
[2022-12-30T00:19:32.098+0000] {logging_mixin.py:137} INFO - [2022-12-30T00:19:32.098+0000] {dag.py:3427} INFO - Setting next_dagrun for example_xcom to 2021-01-01T00:00:00+00:00, run_after=2021-01-01T00:00:00+00:00
[2022-12-30T00:19:32.114+0000] {processor.py:175} INFO - Processing /home/airflow/.local/lib/python3.7/site-packages/airflow/example_dags/example_xcom.py took 0.095 seconds
[2022-12-30T00:20:02.661+0000] {processor.py:153} INFO - Started process (PID=38204) to work on /home/airflow/.local/lib/python3.7/site-packages/airflow/example_dags/example_xcom.py
[2022-12-30T00:20:02.662+0000] {processor.py:743} INFO - Processing file /home/airflow/.local/lib/python3.7/site-packages/airflow/example_dags/example_xcom.py for tasks to queue
[2022-12-30T00:20:02.663+0000] {logging_mixin.py:137} INFO - [2022-12-30T00:20:02.662+0000] {dagbag.py:538} INFO - Filling up the DagBag from /home/airflow/.local/lib/python3.7/site-packages/airflow/example_dags/example_xcom.py
[2022-12-30T00:20:02.682+0000] {processor.py:753} INFO - DAG(s) dict_keys(['example_xcom']) retrieved from /home/airflow/.local/lib/python3.7/site-packages/airflow/example_dags/example_xcom.py
[2022-12-30T00:20:02.712+0000] {logging_mixin.py:137} INFO - [2022-12-30T00:20:02.712+0000] {dag.py:2676} INFO - Sync 1 DAGs
[2022-12-30T00:20:02.736+0000] {logging_mixin.py:137} INFO - [2022-12-30T00:20:02.736+0000] {dag.py:3427} INFO - Setting next_dagrun for example_xcom to 2021-01-01T00:00:00+00:00, run_after=2021-01-01T00:00:00+00:00
[2022-12-30T00:20:02.752+0000] {processor.py:175} INFO - Processing /home/airflow/.local/lib/python3.7/site-packages/airflow/example_dags/example_xcom.py took 0.094 seconds
[2022-12-30T00:20:33.503+0000] {processor.py:153} INFO - Started process (PID=38306) to work on /home/airflow/.local/lib/python3.7/site-packages/airflow/example_dags/example_xcom.py
[2022-12-30T00:20:33.504+0000] {processor.py:743} INFO - Processing file /home/airflow/.local/lib/python3.7/site-packages/airflow/example_dags/example_xcom.py for tasks to queue
[2022-12-30T00:20:33.504+0000] {logging_mixin.py:137} INFO - [2022-12-30T00:20:33.504+0000] {dagbag.py:538} INFO - Filling up the DagBag from /home/airflow/.local/lib/python3.7/site-packages/airflow/example_dags/example_xcom.py
[2022-12-30T00:20:33.523+0000] {processor.py:753} INFO - DAG(s) dict_keys(['example_xcom']) retrieved from /home/airflow/.local/lib/python3.7/site-packages/airflow/example_dags/example_xcom.py
[2022-12-30T00:20:33.553+0000] {logging_mixin.py:137} INFO - [2022-12-30T00:20:33.552+0000] {dag.py:2676} INFO - Sync 1 DAGs
[2022-12-30T00:20:33.573+0000] {logging_mixin.py:137} INFO - [2022-12-30T00:20:33.573+0000] {dag.py:3427} INFO - Setting next_dagrun for example_xcom to 2021-01-01T00:00:00+00:00, run_after=2021-01-01T00:00:00+00:00
[2022-12-30T00:20:33.587+0000] {processor.py:175} INFO - Processing /home/airflow/.local/lib/python3.7/site-packages/airflow/example_dags/example_xcom.py took 0.085 seconds
[2022-12-30T00:21:03.838+0000] {processor.py:153} INFO - Started process (PID=38389) to work on /home/airflow/.local/lib/python3.7/site-packages/airflow/example_dags/example_xcom.py
[2022-12-30T00:21:03.838+0000] {processor.py:743} INFO - Processing file /home/airflow/.local/lib/python3.7/site-packages/airflow/example_dags/example_xcom.py for tasks to queue
[2022-12-30T00:21:03.839+0000] {logging_mixin.py:137} INFO - [2022-12-30T00:21:03.839+0000] {dagbag.py:538} INFO - Filling up the DagBag from /home/airflow/.local/lib/python3.7/site-packages/airflow/example_dags/example_xcom.py
[2022-12-30T00:21:03.857+0000] {processor.py:753} INFO - DAG(s) dict_keys(['example_xcom']) retrieved from /home/airflow/.local/lib/python3.7/site-packages/airflow/example_dags/example_xcom.py
[2022-12-30T00:21:03.883+0000] {logging_mixin.py:137} INFO - [2022-12-30T00:21:03.883+0000] {dag.py:2676} INFO - Sync 1 DAGs
[2022-12-30T00:21:03.907+0000] {logging_mixin.py:137} INFO - [2022-12-30T00:21:03.906+0000] {dag.py:3427} INFO - Setting next_dagrun for example_xcom to 2021-01-01T00:00:00+00:00, run_after=2021-01-01T00:00:00+00:00
[2022-12-30T00:21:03.921+0000] {processor.py:175} INFO - Processing /home/airflow/.local/lib/python3.7/site-packages/airflow/example_dags/example_xcom.py took 0.086 seconds
[2022-12-30T00:21:34.794+0000] {processor.py:153} INFO - Started process (PID=38492) to work on /home/airflow/.local/lib/python3.7/site-packages/airflow/example_dags/example_xcom.py
[2022-12-30T00:21:34.794+0000] {processor.py:743} INFO - Processing file /home/airflow/.local/lib/python3.7/site-packages/airflow/example_dags/example_xcom.py for tasks to queue
[2022-12-30T00:21:34.795+0000] {logging_mixin.py:137} INFO - [2022-12-30T00:21:34.795+0000] {dagbag.py:538} INFO - Filling up the DagBag from /home/airflow/.local/lib/python3.7/site-packages/airflow/example_dags/example_xcom.py
[2022-12-30T00:21:34.812+0000] {processor.py:753} INFO - DAG(s) dict_keys(['example_xcom']) retrieved from /home/airflow/.local/lib/python3.7/site-packages/airflow/example_dags/example_xcom.py
[2022-12-30T00:21:34.840+0000] {logging_mixin.py:137} INFO - [2022-12-30T00:21:34.840+0000] {dag.py:2676} INFO - Sync 1 DAGs
[2022-12-30T00:21:34.860+0000] {logging_mixin.py:137} INFO - [2022-12-30T00:21:34.859+0000] {dag.py:3427} INFO - Setting next_dagrun for example_xcom to 2021-01-01T00:00:00+00:00, run_after=2021-01-01T00:00:00+00:00
[2022-12-30T00:21:34.876+0000] {processor.py:175} INFO - Processing /home/airflow/.local/lib/python3.7/site-packages/airflow/example_dags/example_xcom.py took 0.086 seconds
[2022-12-30T00:22:04.986+0000] {processor.py:153} INFO - Started process (PID=38574) to work on /home/airflow/.local/lib/python3.7/site-packages/airflow/example_dags/example_xcom.py
[2022-12-30T00:22:04.987+0000] {processor.py:743} INFO - Processing file /home/airflow/.local/lib/python3.7/site-packages/airflow/example_dags/example_xcom.py for tasks to queue
[2022-12-30T00:22:04.987+0000] {logging_mixin.py:137} INFO - [2022-12-30T00:22:04.987+0000] {dagbag.py:538} INFO - Filling up the DagBag from /home/airflow/.local/lib/python3.7/site-packages/airflow/example_dags/example_xcom.py
[2022-12-30T00:22:05.004+0000] {processor.py:753} INFO - DAG(s) dict_keys(['example_xcom']) retrieved from /home/airflow/.local/lib/python3.7/site-packages/airflow/example_dags/example_xcom.py
[2022-12-30T00:22:05.036+0000] {logging_mixin.py:137} INFO - [2022-12-30T00:22:05.036+0000] {dag.py:2676} INFO - Sync 1 DAGs
[2022-12-30T00:22:05.055+0000] {logging_mixin.py:137} INFO - [2022-12-30T00:22:05.054+0000] {dag.py:3427} INFO - Setting next_dagrun for example_xcom to 2021-01-01T00:00:00+00:00, run_after=2021-01-01T00:00:00+00:00
[2022-12-30T00:22:05.067+0000] {processor.py:175} INFO - Processing /home/airflow/.local/lib/python3.7/site-packages/airflow/example_dags/example_xcom.py took 0.083 seconds
[2022-12-30T00:22:35.689+0000] {processor.py:153} INFO - Started process (PID=38676) to work on /home/airflow/.local/lib/python3.7/site-packages/airflow/example_dags/example_xcom.py
[2022-12-30T00:22:35.689+0000] {processor.py:743} INFO - Processing file /home/airflow/.local/lib/python3.7/site-packages/airflow/example_dags/example_xcom.py for tasks to queue
[2022-12-30T00:22:35.690+0000] {logging_mixin.py:137} INFO - [2022-12-30T00:22:35.690+0000] {dagbag.py:538} INFO - Filling up the DagBag from /home/airflow/.local/lib/python3.7/site-packages/airflow/example_dags/example_xcom.py
[2022-12-30T00:22:35.707+0000] {processor.py:753} INFO - DAG(s) dict_keys(['example_xcom']) retrieved from /home/airflow/.local/lib/python3.7/site-packages/airflow/example_dags/example_xcom.py
[2022-12-30T00:22:35.739+0000] {logging_mixin.py:137} INFO - [2022-12-30T00:22:35.739+0000] {dag.py:2676} INFO - Sync 1 DAGs
[2022-12-30T00:22:35.759+0000] {logging_mixin.py:137} INFO - [2022-12-30T00:22:35.758+0000] {dag.py:3427} INFO - Setting next_dagrun for example_xcom to 2021-01-01T00:00:00+00:00, run_after=2021-01-01T00:00:00+00:00
[2022-12-30T00:22:35.773+0000] {processor.py:175} INFO - Processing /home/airflow/.local/lib/python3.7/site-packages/airflow/example_dags/example_xcom.py took 0.086 seconds
[2022-12-30T00:23:06.526+0000] {processor.py:153} INFO - Started process (PID=38778) to work on /home/airflow/.local/lib/python3.7/site-packages/airflow/example_dags/example_xcom.py
[2022-12-30T00:23:06.538+0000] {processor.py:743} INFO - Processing file /home/airflow/.local/lib/python3.7/site-packages/airflow/example_dags/example_xcom.py for tasks to queue
[2022-12-30T00:23:06.539+0000] {logging_mixin.py:137} INFO - [2022-12-30T00:23:06.539+0000] {dagbag.py:538} INFO - Filling up the DagBag from /home/airflow/.local/lib/python3.7/site-packages/airflow/example_dags/example_xcom.py
[2022-12-30T00:23:06.561+0000] {processor.py:753} INFO - DAG(s) dict_keys(['example_xcom']) retrieved from /home/airflow/.local/lib/python3.7/site-packages/airflow/example_dags/example_xcom.py
[2022-12-30T00:23:06.593+0000] {logging_mixin.py:137} INFO - [2022-12-30T00:23:06.593+0000] {dag.py:2676} INFO - Sync 1 DAGs
[2022-12-30T00:23:06.615+0000] {logging_mixin.py:137} INFO - [2022-12-30T00:23:06.615+0000] {dag.py:3427} INFO - Setting next_dagrun for example_xcom to 2021-01-01T00:00:00+00:00, run_after=2021-01-01T00:00:00+00:00
[2022-12-30T00:23:06.630+0000] {processor.py:175} INFO - Processing /home/airflow/.local/lib/python3.7/site-packages/airflow/example_dags/example_xcom.py took 0.107 seconds
[2022-12-30T00:23:37.365+0000] {processor.py:153} INFO - Started process (PID=38860) to work on /home/airflow/.local/lib/python3.7/site-packages/airflow/example_dags/example_xcom.py
[2022-12-30T00:23:37.365+0000] {processor.py:743} INFO - Processing file /home/airflow/.local/lib/python3.7/site-packages/airflow/example_dags/example_xcom.py for tasks to queue
[2022-12-30T00:23:37.366+0000] {logging_mixin.py:137} INFO - [2022-12-30T00:23:37.366+0000] {dagbag.py:538} INFO - Filling up the DagBag from /home/airflow/.local/lib/python3.7/site-packages/airflow/example_dags/example_xcom.py
[2022-12-30T00:23:37.385+0000] {processor.py:753} INFO - DAG(s) dict_keys(['example_xcom']) retrieved from /home/airflow/.local/lib/python3.7/site-packages/airflow/example_dags/example_xcom.py
[2022-12-30T00:23:37.417+0000] {logging_mixin.py:137} INFO - [2022-12-30T00:23:37.417+0000] {dag.py:2676} INFO - Sync 1 DAGs
[2022-12-30T00:23:37.439+0000] {logging_mixin.py:137} INFO - [2022-12-30T00:23:37.438+0000] {dag.py:3427} INFO - Setting next_dagrun for example_xcom to 2021-01-01T00:00:00+00:00, run_after=2021-01-01T00:00:00+00:00
[2022-12-30T00:23:37.452+0000] {processor.py:175} INFO - Processing /home/airflow/.local/lib/python3.7/site-packages/airflow/example_dags/example_xcom.py took 0.089 seconds
[2022-12-30T00:24:07.968+0000] {processor.py:153} INFO - Started process (PID=38962) to work on /home/airflow/.local/lib/python3.7/site-packages/airflow/example_dags/example_xcom.py
[2022-12-30T00:24:07.969+0000] {processor.py:743} INFO - Processing file /home/airflow/.local/lib/python3.7/site-packages/airflow/example_dags/example_xcom.py for tasks to queue
[2022-12-30T00:24:07.969+0000] {logging_mixin.py:137} INFO - [2022-12-30T00:24:07.969+0000] {dagbag.py:538} INFO - Filling up the DagBag from /home/airflow/.local/lib/python3.7/site-packages/airflow/example_dags/example_xcom.py
[2022-12-30T00:24:07.986+0000] {processor.py:753} INFO - DAG(s) dict_keys(['example_xcom']) retrieved from /home/airflow/.local/lib/python3.7/site-packages/airflow/example_dags/example_xcom.py
[2022-12-30T00:24:08.013+0000] {logging_mixin.py:137} INFO - [2022-12-30T00:24:08.013+0000] {dag.py:2676} INFO - Sync 1 DAGs
[2022-12-30T00:24:08.032+0000] {logging_mixin.py:137} INFO - [2022-12-30T00:24:08.031+0000] {dag.py:3427} INFO - Setting next_dagrun for example_xcom to 2021-01-01T00:00:00+00:00, run_after=2021-01-01T00:00:00+00:00
[2022-12-30T00:24:08.044+0000] {processor.py:175} INFO - Processing /home/airflow/.local/lib/python3.7/site-packages/airflow/example_dags/example_xcom.py took 0.079 seconds
[2022-12-30T00:24:38.992+0000] {processor.py:153} INFO - Started process (PID=39044) to work on /home/airflow/.local/lib/python3.7/site-packages/airflow/example_dags/example_xcom.py
[2022-12-30T00:24:38.993+0000] {processor.py:743} INFO - Processing file /home/airflow/.local/lib/python3.7/site-packages/airflow/example_dags/example_xcom.py for tasks to queue
[2022-12-30T00:24:38.993+0000] {logging_mixin.py:137} INFO - [2022-12-30T00:24:38.993+0000] {dagbag.py:538} INFO - Filling up the DagBag from /home/airflow/.local/lib/python3.7/site-packages/airflow/example_dags/example_xcom.py
[2022-12-30T00:24:39.012+0000] {processor.py:753} INFO - DAG(s) dict_keys(['example_xcom']) retrieved from /home/airflow/.local/lib/python3.7/site-packages/airflow/example_dags/example_xcom.py
[2022-12-30T00:24:39.040+0000] {logging_mixin.py:137} INFO - [2022-12-30T00:24:39.040+0000] {dag.py:2676} INFO - Sync 1 DAGs
[2022-12-30T00:24:39.059+0000] {logging_mixin.py:137} INFO - [2022-12-30T00:24:39.059+0000] {dag.py:3427} INFO - Setting next_dagrun for example_xcom to 2021-01-01T00:00:00+00:00, run_after=2021-01-01T00:00:00+00:00
[2022-12-30T00:24:39.070+0000] {processor.py:175} INFO - Processing /home/airflow/.local/lib/python3.7/site-packages/airflow/example_dags/example_xcom.py took 0.081 seconds
[2022-12-30T00:25:09.395+0000] {processor.py:153} INFO - Started process (PID=39146) to work on /home/airflow/.local/lib/python3.7/site-packages/airflow/example_dags/example_xcom.py
[2022-12-30T00:25:09.395+0000] {processor.py:743} INFO - Processing file /home/airflow/.local/lib/python3.7/site-packages/airflow/example_dags/example_xcom.py for tasks to queue
[2022-12-30T00:25:09.396+0000] {logging_mixin.py:137} INFO - [2022-12-30T00:25:09.396+0000] {dagbag.py:538} INFO - Filling up the DagBag from /home/airflow/.local/lib/python3.7/site-packages/airflow/example_dags/example_xcom.py
[2022-12-30T00:25:09.411+0000] {processor.py:753} INFO - DAG(s) dict_keys(['example_xcom']) retrieved from /home/airflow/.local/lib/python3.7/site-packages/airflow/example_dags/example_xcom.py
[2022-12-30T00:25:09.439+0000] {logging_mixin.py:137} INFO - [2022-12-30T00:25:09.438+0000] {dag.py:2676} INFO - Sync 1 DAGs
[2022-12-30T00:25:09.456+0000] {logging_mixin.py:137} INFO - [2022-12-30T00:25:09.456+0000] {dag.py:3427} INFO - Setting next_dagrun for example_xcom to 2021-01-01T00:00:00+00:00, run_after=2021-01-01T00:00:00+00:00
[2022-12-30T00:25:09.470+0000] {processor.py:175} INFO - Processing /home/airflow/.local/lib/python3.7/site-packages/airflow/example_dags/example_xcom.py took 0.076 seconds
[2022-12-30T00:25:40.027+0000] {processor.py:153} INFO - Started process (PID=39228) to work on /home/airflow/.local/lib/python3.7/site-packages/airflow/example_dags/example_xcom.py
[2022-12-30T00:25:40.027+0000] {processor.py:743} INFO - Processing file /home/airflow/.local/lib/python3.7/site-packages/airflow/example_dags/example_xcom.py for tasks to queue
[2022-12-30T00:25:40.028+0000] {logging_mixin.py:137} INFO - [2022-12-30T00:25:40.028+0000] {dagbag.py:538} INFO - Filling up the DagBag from /home/airflow/.local/lib/python3.7/site-packages/airflow/example_dags/example_xcom.py
[2022-12-30T00:25:40.045+0000] {processor.py:753} INFO - DAG(s) dict_keys(['example_xcom']) retrieved from /home/airflow/.local/lib/python3.7/site-packages/airflow/example_dags/example_xcom.py
[2022-12-30T00:25:40.072+0000] {logging_mixin.py:137} INFO - [2022-12-30T00:25:40.072+0000] {dag.py:2676} INFO - Sync 1 DAGs
[2022-12-30T00:25:40.090+0000] {logging_mixin.py:137} INFO - [2022-12-30T00:25:40.090+0000] {dag.py:3427} INFO - Setting next_dagrun for example_xcom to 2021-01-01T00:00:00+00:00, run_after=2021-01-01T00:00:00+00:00
[2022-12-30T00:25:40.105+0000] {processor.py:175} INFO - Processing /home/airflow/.local/lib/python3.7/site-packages/airflow/example_dags/example_xcom.py took 0.081 seconds
[2022-12-30T00:26:10.578+0000] {processor.py:153} INFO - Started process (PID=39330) to work on /home/airflow/.local/lib/python3.7/site-packages/airflow/example_dags/example_xcom.py
[2022-12-30T00:26:10.579+0000] {processor.py:743} INFO - Processing file /home/airflow/.local/lib/python3.7/site-packages/airflow/example_dags/example_xcom.py for tasks to queue
[2022-12-30T00:26:10.579+0000] {logging_mixin.py:137} INFO - [2022-12-30T00:26:10.579+0000] {dagbag.py:538} INFO - Filling up the DagBag from /home/airflow/.local/lib/python3.7/site-packages/airflow/example_dags/example_xcom.py
[2022-12-30T00:26:10.597+0000] {processor.py:753} INFO - DAG(s) dict_keys(['example_xcom']) retrieved from /home/airflow/.local/lib/python3.7/site-packages/airflow/example_dags/example_xcom.py
[2022-12-30T00:26:10.624+0000] {logging_mixin.py:137} INFO - [2022-12-30T00:26:10.624+0000] {dag.py:2676} INFO - Sync 1 DAGs
[2022-12-30T00:26:10.643+0000] {logging_mixin.py:137} INFO - [2022-12-30T00:26:10.643+0000] {dag.py:3427} INFO - Setting next_dagrun for example_xcom to 2021-01-01T00:00:00+00:00, run_after=2021-01-01T00:00:00+00:00
[2022-12-30T00:26:10.656+0000] {processor.py:175} INFO - Processing /home/airflow/.local/lib/python3.7/site-packages/airflow/example_dags/example_xcom.py took 0.080 seconds
[2022-12-30T00:26:41.073+0000] {processor.py:153} INFO - Started process (PID=39432) to work on /home/airflow/.local/lib/python3.7/site-packages/airflow/example_dags/example_xcom.py
[2022-12-30T00:26:41.074+0000] {processor.py:743} INFO - Processing file /home/airflow/.local/lib/python3.7/site-packages/airflow/example_dags/example_xcom.py for tasks to queue
[2022-12-30T00:26:41.074+0000] {logging_mixin.py:137} INFO - [2022-12-30T00:26:41.074+0000] {dagbag.py:538} INFO - Filling up the DagBag from /home/airflow/.local/lib/python3.7/site-packages/airflow/example_dags/example_xcom.py
[2022-12-30T00:26:41.094+0000] {processor.py:753} INFO - DAG(s) dict_keys(['example_xcom']) retrieved from /home/airflow/.local/lib/python3.7/site-packages/airflow/example_dags/example_xcom.py
[2022-12-30T00:26:41.126+0000] {logging_mixin.py:137} INFO - [2022-12-30T00:26:41.126+0000] {dag.py:2676} INFO - Sync 1 DAGs
[2022-12-30T00:26:41.146+0000] {logging_mixin.py:137} INFO - [2022-12-30T00:26:41.145+0000] {dag.py:3427} INFO - Setting next_dagrun for example_xcom to 2021-01-01T00:00:00+00:00, run_after=2021-01-01T00:00:00+00:00
[2022-12-30T00:26:41.158+0000] {processor.py:175} INFO - Processing /home/airflow/.local/lib/python3.7/site-packages/airflow/example_dags/example_xcom.py took 0.087 seconds
[2022-12-30T00:27:11.387+0000] {processor.py:153} INFO - Started process (PID=39515) to work on /home/airflow/.local/lib/python3.7/site-packages/airflow/example_dags/example_xcom.py
[2022-12-30T00:27:11.387+0000] {processor.py:743} INFO - Processing file /home/airflow/.local/lib/python3.7/site-packages/airflow/example_dags/example_xcom.py for tasks to queue
[2022-12-30T00:27:11.388+0000] {logging_mixin.py:137} INFO - [2022-12-30T00:27:11.388+0000] {dagbag.py:538} INFO - Filling up the DagBag from /home/airflow/.local/lib/python3.7/site-packages/airflow/example_dags/example_xcom.py
[2022-12-30T00:27:11.406+0000] {processor.py:753} INFO - DAG(s) dict_keys(['example_xcom']) retrieved from /home/airflow/.local/lib/python3.7/site-packages/airflow/example_dags/example_xcom.py
[2022-12-30T00:27:11.436+0000] {logging_mixin.py:137} INFO - [2022-12-30T00:27:11.436+0000] {dag.py:2676} INFO - Sync 1 DAGs
[2022-12-30T00:27:11.455+0000] {logging_mixin.py:137} INFO - [2022-12-30T00:27:11.454+0000] {dag.py:3427} INFO - Setting next_dagrun for example_xcom to 2021-01-01T00:00:00+00:00, run_after=2021-01-01T00:00:00+00:00
[2022-12-30T00:27:11.468+0000] {processor.py:175} INFO - Processing /home/airflow/.local/lib/python3.7/site-packages/airflow/example_dags/example_xcom.py took 0.085 seconds
[2022-12-30T00:27:42.023+0000] {processor.py:153} INFO - Started process (PID=39617) to work on /home/airflow/.local/lib/python3.7/site-packages/airflow/example_dags/example_xcom.py
[2022-12-30T00:27:42.024+0000] {processor.py:743} INFO - Processing file /home/airflow/.local/lib/python3.7/site-packages/airflow/example_dags/example_xcom.py for tasks to queue
[2022-12-30T00:27:42.024+0000] {logging_mixin.py:137} INFO - [2022-12-30T00:27:42.024+0000] {dagbag.py:538} INFO - Filling up the DagBag from /home/airflow/.local/lib/python3.7/site-packages/airflow/example_dags/example_xcom.py
[2022-12-30T00:27:42.041+0000] {processor.py:753} INFO - DAG(s) dict_keys(['example_xcom']) retrieved from /home/airflow/.local/lib/python3.7/site-packages/airflow/example_dags/example_xcom.py
[2022-12-30T00:27:42.072+0000] {logging_mixin.py:137} INFO - [2022-12-30T00:27:42.072+0000] {dag.py:2676} INFO - Sync 1 DAGs
[2022-12-30T00:27:42.090+0000] {logging_mixin.py:137} INFO - [2022-12-30T00:27:42.090+0000] {dag.py:3427} INFO - Setting next_dagrun for example_xcom to 2021-01-01T00:00:00+00:00, run_after=2021-01-01T00:00:00+00:00
[2022-12-30T00:27:42.101+0000] {processor.py:175} INFO - Processing /home/airflow/.local/lib/python3.7/site-packages/airflow/example_dags/example_xcom.py took 0.081 seconds
[2022-12-30T00:28:12.165+0000] {processor.py:153} INFO - Started process (PID=39699) to work on /home/airflow/.local/lib/python3.7/site-packages/airflow/example_dags/example_xcom.py
[2022-12-30T00:28:12.166+0000] {processor.py:743} INFO - Processing file /home/airflow/.local/lib/python3.7/site-packages/airflow/example_dags/example_xcom.py for tasks to queue
[2022-12-30T00:28:12.167+0000] {logging_mixin.py:137} INFO - [2022-12-30T00:28:12.167+0000] {dagbag.py:538} INFO - Filling up the DagBag from /home/airflow/.local/lib/python3.7/site-packages/airflow/example_dags/example_xcom.py
[2022-12-30T00:28:12.184+0000] {processor.py:753} INFO - DAG(s) dict_keys(['example_xcom']) retrieved from /home/airflow/.local/lib/python3.7/site-packages/airflow/example_dags/example_xcom.py
[2022-12-30T00:28:12.215+0000] {logging_mixin.py:137} INFO - [2022-12-30T00:28:12.214+0000] {dag.py:2676} INFO - Sync 1 DAGs
[2022-12-30T00:28:12.232+0000] {logging_mixin.py:137} INFO - [2022-12-30T00:28:12.232+0000] {dag.py:3427} INFO - Setting next_dagrun for example_xcom to 2021-01-01T00:00:00+00:00, run_after=2021-01-01T00:00:00+00:00
[2022-12-30T00:28:12.246+0000] {processor.py:175} INFO - Processing /home/airflow/.local/lib/python3.7/site-packages/airflow/example_dags/example_xcom.py took 0.083 seconds
[2022-12-30T00:28:42.931+0000] {processor.py:153} INFO - Started process (PID=39801) to work on /home/airflow/.local/lib/python3.7/site-packages/airflow/example_dags/example_xcom.py
[2022-12-30T00:28:42.931+0000] {processor.py:743} INFO - Processing file /home/airflow/.local/lib/python3.7/site-packages/airflow/example_dags/example_xcom.py for tasks to queue
[2022-12-30T00:28:42.932+0000] {logging_mixin.py:137} INFO - [2022-12-30T00:28:42.932+0000] {dagbag.py:538} INFO - Filling up the DagBag from /home/airflow/.local/lib/python3.7/site-packages/airflow/example_dags/example_xcom.py
[2022-12-30T00:28:42.951+0000] {processor.py:753} INFO - DAG(s) dict_keys(['example_xcom']) retrieved from /home/airflow/.local/lib/python3.7/site-packages/airflow/example_dags/example_xcom.py
[2022-12-30T00:28:42.983+0000] {logging_mixin.py:137} INFO - [2022-12-30T00:28:42.983+0000] {dag.py:2676} INFO - Sync 1 DAGs
[2022-12-30T00:28:43.004+0000] {logging_mixin.py:137} INFO - [2022-12-30T00:28:43.004+0000] {dag.py:3427} INFO - Setting next_dagrun for example_xcom to 2021-01-01T00:00:00+00:00, run_after=2021-01-01T00:00:00+00:00
[2022-12-30T00:28:43.020+0000] {processor.py:175} INFO - Processing /home/airflow/.local/lib/python3.7/site-packages/airflow/example_dags/example_xcom.py took 0.093 seconds
[2022-12-30T00:29:13.153+0000] {processor.py:153} INFO - Started process (PID=39883) to work on /home/airflow/.local/lib/python3.7/site-packages/airflow/example_dags/example_xcom.py
[2022-12-30T00:29:13.154+0000] {processor.py:743} INFO - Processing file /home/airflow/.local/lib/python3.7/site-packages/airflow/example_dags/example_xcom.py for tasks to queue
[2022-12-30T00:29:13.154+0000] {logging_mixin.py:137} INFO - [2022-12-30T00:29:13.154+0000] {dagbag.py:538} INFO - Filling up the DagBag from /home/airflow/.local/lib/python3.7/site-packages/airflow/example_dags/example_xcom.py
[2022-12-30T00:29:13.171+0000] {processor.py:753} INFO - DAG(s) dict_keys(['example_xcom']) retrieved from /home/airflow/.local/lib/python3.7/site-packages/airflow/example_dags/example_xcom.py
[2022-12-30T00:29:13.202+0000] {logging_mixin.py:137} INFO - [2022-12-30T00:29:13.202+0000] {dag.py:2676} INFO - Sync 1 DAGs
[2022-12-30T00:29:13.221+0000] {logging_mixin.py:137} INFO - [2022-12-30T00:29:13.221+0000] {dag.py:3427} INFO - Setting next_dagrun for example_xcom to 2021-01-01T00:00:00+00:00, run_after=2021-01-01T00:00:00+00:00
[2022-12-30T00:29:13.234+0000] {processor.py:175} INFO - Processing /home/airflow/.local/lib/python3.7/site-packages/airflow/example_dags/example_xcom.py took 0.083 seconds
[2022-12-30T00:29:43.379+0000] {processor.py:153} INFO - Started process (PID=39985) to work on /home/airflow/.local/lib/python3.7/site-packages/airflow/example_dags/example_xcom.py
[2022-12-30T00:29:43.380+0000] {processor.py:743} INFO - Processing file /home/airflow/.local/lib/python3.7/site-packages/airflow/example_dags/example_xcom.py for tasks to queue
[2022-12-30T00:29:43.380+0000] {logging_mixin.py:137} INFO - [2022-12-30T00:29:43.380+0000] {dagbag.py:538} INFO - Filling up the DagBag from /home/airflow/.local/lib/python3.7/site-packages/airflow/example_dags/example_xcom.py
[2022-12-30T00:29:43.399+0000] {processor.py:753} INFO - DAG(s) dict_keys(['example_xcom']) retrieved from /home/airflow/.local/lib/python3.7/site-packages/airflow/example_dags/example_xcom.py
[2022-12-30T00:29:43.433+0000] {logging_mixin.py:137} INFO - [2022-12-30T00:29:43.432+0000] {dag.py:2676} INFO - Sync 1 DAGs
[2022-12-30T00:29:43.458+0000] {logging_mixin.py:137} INFO - [2022-12-30T00:29:43.457+0000] {dag.py:3427} INFO - Setting next_dagrun for example_xcom to 2021-01-01T00:00:00+00:00, run_after=2021-01-01T00:00:00+00:00
[2022-12-30T00:29:43.474+0000] {processor.py:175} INFO - Processing /home/airflow/.local/lib/python3.7/site-packages/airflow/example_dags/example_xcom.py took 0.097 seconds
[2022-12-30T00:30:13.904+0000] {processor.py:153} INFO - Started process (PID=40067) to work on /home/airflow/.local/lib/python3.7/site-packages/airflow/example_dags/example_xcom.py
[2022-12-30T00:30:13.905+0000] {processor.py:743} INFO - Processing file /home/airflow/.local/lib/python3.7/site-packages/airflow/example_dags/example_xcom.py for tasks to queue
[2022-12-30T00:30:13.906+0000] {logging_mixin.py:137} INFO - [2022-12-30T00:30:13.906+0000] {dagbag.py:538} INFO - Filling up the DagBag from /home/airflow/.local/lib/python3.7/site-packages/airflow/example_dags/example_xcom.py
[2022-12-30T00:30:13.921+0000] {processor.py:753} INFO - DAG(s) dict_keys(['example_xcom']) retrieved from /home/airflow/.local/lib/python3.7/site-packages/airflow/example_dags/example_xcom.py
[2022-12-30T00:30:13.949+0000] {logging_mixin.py:137} INFO - [2022-12-30T00:30:13.949+0000] {dag.py:2676} INFO - Sync 1 DAGs
[2022-12-30T00:30:13.968+0000] {logging_mixin.py:137} INFO - [2022-12-30T00:30:13.967+0000] {dag.py:3427} INFO - Setting next_dagrun for example_xcom to 2021-01-01T00:00:00+00:00, run_after=2021-01-01T00:00:00+00:00
[2022-12-30T00:30:13.979+0000] {processor.py:175} INFO - Processing /home/airflow/.local/lib/python3.7/site-packages/airflow/example_dags/example_xcom.py took 0.077 seconds
[2022-12-30T00:30:44.431+0000] {processor.py:153} INFO - Started process (PID=40169) to work on /home/airflow/.local/lib/python3.7/site-packages/airflow/example_dags/example_xcom.py
[2022-12-30T00:30:44.432+0000] {processor.py:743} INFO - Processing file /home/airflow/.local/lib/python3.7/site-packages/airflow/example_dags/example_xcom.py for tasks to queue
[2022-12-30T00:30:44.433+0000] {logging_mixin.py:137} INFO - [2022-12-30T00:30:44.432+0000] {dagbag.py:538} INFO - Filling up the DagBag from /home/airflow/.local/lib/python3.7/site-packages/airflow/example_dags/example_xcom.py
[2022-12-30T00:30:44.452+0000] {processor.py:753} INFO - DAG(s) dict_keys(['example_xcom']) retrieved from /home/airflow/.local/lib/python3.7/site-packages/airflow/example_dags/example_xcom.py
[2022-12-30T00:30:44.483+0000] {logging_mixin.py:137} INFO - [2022-12-30T00:30:44.483+0000] {dag.py:2676} INFO - Sync 1 DAGs
[2022-12-30T00:30:44.503+0000] {logging_mixin.py:137} INFO - [2022-12-30T00:30:44.503+0000] {dag.py:3427} INFO - Setting next_dagrun for example_xcom to 2021-01-01T00:00:00+00:00, run_after=2021-01-01T00:00:00+00:00
[2022-12-30T00:30:44.516+0000] {processor.py:175} INFO - Processing /home/airflow/.local/lib/python3.7/site-packages/airflow/example_dags/example_xcom.py took 0.088 seconds
[2022-12-30T00:31:14.905+0000] {processor.py:153} INFO - Started process (PID=40251) to work on /home/airflow/.local/lib/python3.7/site-packages/airflow/example_dags/example_xcom.py
[2022-12-30T00:31:14.906+0000] {processor.py:743} INFO - Processing file /home/airflow/.local/lib/python3.7/site-packages/airflow/example_dags/example_xcom.py for tasks to queue
[2022-12-30T00:31:14.907+0000] {logging_mixin.py:137} INFO - [2022-12-30T00:31:14.906+0000] {dagbag.py:538} INFO - Filling up the DagBag from /home/airflow/.local/lib/python3.7/site-packages/airflow/example_dags/example_xcom.py
[2022-12-30T00:31:14.925+0000] {processor.py:753} INFO - DAG(s) dict_keys(['example_xcom']) retrieved from /home/airflow/.local/lib/python3.7/site-packages/airflow/example_dags/example_xcom.py
[2022-12-30T00:31:14.955+0000] {logging_mixin.py:137} INFO - [2022-12-30T00:31:14.955+0000] {dag.py:2676} INFO - Sync 1 DAGs
[2022-12-30T00:31:14.974+0000] {logging_mixin.py:137} INFO - [2022-12-30T00:31:14.974+0000] {dag.py:3427} INFO - Setting next_dagrun for example_xcom to 2021-01-01T00:00:00+00:00, run_after=2021-01-01T00:00:00+00:00
[2022-12-30T00:31:14.987+0000] {processor.py:175} INFO - Processing /home/airflow/.local/lib/python3.7/site-packages/airflow/example_dags/example_xcom.py took 0.084 seconds
[2022-12-30T00:31:45.537+0000] {processor.py:153} INFO - Started process (PID=40353) to work on /home/airflow/.local/lib/python3.7/site-packages/airflow/example_dags/example_xcom.py
[2022-12-30T00:31:45.538+0000] {processor.py:743} INFO - Processing file /home/airflow/.local/lib/python3.7/site-packages/airflow/example_dags/example_xcom.py for tasks to queue
[2022-12-30T00:31:45.538+0000] {logging_mixin.py:137} INFO - [2022-12-30T00:31:45.538+0000] {dagbag.py:538} INFO - Filling up the DagBag from /home/airflow/.local/lib/python3.7/site-packages/airflow/example_dags/example_xcom.py
[2022-12-30T00:31:45.556+0000] {processor.py:753} INFO - DAG(s) dict_keys(['example_xcom']) retrieved from /home/airflow/.local/lib/python3.7/site-packages/airflow/example_dags/example_xcom.py
[2022-12-30T00:31:45.585+0000] {logging_mixin.py:137} INFO - [2022-12-30T00:31:45.585+0000] {dag.py:2676} INFO - Sync 1 DAGs
[2022-12-30T00:31:45.604+0000] {logging_mixin.py:137} INFO - [2022-12-30T00:31:45.604+0000] {dag.py:3427} INFO - Setting next_dagrun for example_xcom to 2021-01-01T00:00:00+00:00, run_after=2021-01-01T00:00:00+00:00
[2022-12-30T00:31:45.616+0000] {processor.py:175} INFO - Processing /home/airflow/.local/lib/python3.7/site-packages/airflow/example_dags/example_xcom.py took 0.082 seconds
[2022-12-30T00:32:15.861+0000] {processor.py:153} INFO - Started process (PID=40445) to work on /home/airflow/.local/lib/python3.7/site-packages/airflow/example_dags/example_xcom.py
[2022-12-30T00:32:15.862+0000] {processor.py:743} INFO - Processing file /home/airflow/.local/lib/python3.7/site-packages/airflow/example_dags/example_xcom.py for tasks to queue
[2022-12-30T00:32:15.862+0000] {logging_mixin.py:137} INFO - [2022-12-30T00:32:15.862+0000] {dagbag.py:538} INFO - Filling up the DagBag from /home/airflow/.local/lib/python3.7/site-packages/airflow/example_dags/example_xcom.py
[2022-12-30T00:32:15.880+0000] {processor.py:753} INFO - DAG(s) dict_keys(['example_xcom']) retrieved from /home/airflow/.local/lib/python3.7/site-packages/airflow/example_dags/example_xcom.py
[2022-12-30T00:32:15.911+0000] {logging_mixin.py:137} INFO - [2022-12-30T00:32:15.911+0000] {dag.py:2676} INFO - Sync 1 DAGs
[2022-12-30T00:32:15.932+0000] {logging_mixin.py:137} INFO - [2022-12-30T00:32:15.932+0000] {dag.py:3427} INFO - Setting next_dagrun for example_xcom to 2021-01-01T00:00:00+00:00, run_after=2021-01-01T00:00:00+00:00
[2022-12-30T00:32:15.945+0000] {processor.py:175} INFO - Processing /home/airflow/.local/lib/python3.7/site-packages/airflow/example_dags/example_xcom.py took 0.087 seconds
[2022-12-30T00:32:46.067+0000] {processor.py:153} INFO - Started process (PID=40538) to work on /home/airflow/.local/lib/python3.7/site-packages/airflow/example_dags/example_xcom.py
[2022-12-30T00:32:46.067+0000] {processor.py:743} INFO - Processing file /home/airflow/.local/lib/python3.7/site-packages/airflow/example_dags/example_xcom.py for tasks to queue
[2022-12-30T00:32:46.068+0000] {logging_mixin.py:137} INFO - [2022-12-30T00:32:46.068+0000] {dagbag.py:538} INFO - Filling up the DagBag from /home/airflow/.local/lib/python3.7/site-packages/airflow/example_dags/example_xcom.py
[2022-12-30T00:32:46.091+0000] {processor.py:753} INFO - DAG(s) dict_keys(['example_xcom']) retrieved from /home/airflow/.local/lib/python3.7/site-packages/airflow/example_dags/example_xcom.py
[2022-12-30T00:32:46.119+0000] {logging_mixin.py:137} INFO - [2022-12-30T00:32:46.119+0000] {dag.py:2676} INFO - Sync 1 DAGs
[2022-12-30T00:32:46.138+0000] {logging_mixin.py:137} INFO - [2022-12-30T00:32:46.138+0000] {dag.py:3427} INFO - Setting next_dagrun for example_xcom to 2021-01-01T00:00:00+00:00, run_after=2021-01-01T00:00:00+00:00
[2022-12-30T00:32:46.151+0000] {processor.py:175} INFO - Processing /home/airflow/.local/lib/python3.7/site-packages/airflow/example_dags/example_xcom.py took 0.088 seconds
[2022-12-30T00:33:17.005+0000] {processor.py:153} INFO - Started process (PID=40640) to work on /home/airflow/.local/lib/python3.7/site-packages/airflow/example_dags/example_xcom.py
[2022-12-30T00:33:17.006+0000] {processor.py:743} INFO - Processing file /home/airflow/.local/lib/python3.7/site-packages/airflow/example_dags/example_xcom.py for tasks to queue
[2022-12-30T00:33:17.006+0000] {logging_mixin.py:137} INFO - [2022-12-30T00:33:17.006+0000] {dagbag.py:538} INFO - Filling up the DagBag from /home/airflow/.local/lib/python3.7/site-packages/airflow/example_dags/example_xcom.py
[2022-12-30T00:33:17.025+0000] {processor.py:753} INFO - DAG(s) dict_keys(['example_xcom']) retrieved from /home/airflow/.local/lib/python3.7/site-packages/airflow/example_dags/example_xcom.py
[2022-12-30T00:33:17.053+0000] {logging_mixin.py:137} INFO - [2022-12-30T00:33:17.053+0000] {dag.py:2676} INFO - Sync 1 DAGs
[2022-12-30T00:33:17.072+0000] {logging_mixin.py:137} INFO - [2022-12-30T00:33:17.072+0000] {dag.py:3427} INFO - Setting next_dagrun for example_xcom to 2021-01-01T00:00:00+00:00, run_after=2021-01-01T00:00:00+00:00
[2022-12-30T00:33:17.085+0000] {processor.py:175} INFO - Processing /home/airflow/.local/lib/python3.7/site-packages/airflow/example_dags/example_xcom.py took 0.083 seconds
[2022-12-30T00:33:47.429+0000] {processor.py:153} INFO - Started process (PID=40722) to work on /home/airflow/.local/lib/python3.7/site-packages/airflow/example_dags/example_xcom.py
[2022-12-30T00:33:47.430+0000] {processor.py:743} INFO - Processing file /home/airflow/.local/lib/python3.7/site-packages/airflow/example_dags/example_xcom.py for tasks to queue
[2022-12-30T00:33:47.430+0000] {logging_mixin.py:137} INFO - [2022-12-30T00:33:47.430+0000] {dagbag.py:538} INFO - Filling up the DagBag from /home/airflow/.local/lib/python3.7/site-packages/airflow/example_dags/example_xcom.py
[2022-12-30T00:33:47.448+0000] {processor.py:753} INFO - DAG(s) dict_keys(['example_xcom']) retrieved from /home/airflow/.local/lib/python3.7/site-packages/airflow/example_dags/example_xcom.py
[2022-12-30T00:33:47.475+0000] {logging_mixin.py:137} INFO - [2022-12-30T00:33:47.475+0000] {dag.py:2676} INFO - Sync 1 DAGs
[2022-12-30T00:33:47.495+0000] {logging_mixin.py:137} INFO - [2022-12-30T00:33:47.495+0000] {dag.py:3427} INFO - Setting next_dagrun for example_xcom to 2021-01-01T00:00:00+00:00, run_after=2021-01-01T00:00:00+00:00
[2022-12-30T00:33:47.509+0000] {processor.py:175} INFO - Processing /home/airflow/.local/lib/python3.7/site-packages/airflow/example_dags/example_xcom.py took 0.084 seconds
