[2022-12-30T00:00:07.980+0000] {processor.py:153} INFO - Started process (PID=34524) to work on /home/airflow/.local/lib/python3.7/site-packages/airflow/example_dags/example_local_kubernetes_executor.py
[2022-12-30T00:00:07.981+0000] {processor.py:743} INFO - Processing file /home/airflow/.local/lib/python3.7/site-packages/airflow/example_dags/example_local_kubernetes_executor.py for tasks to queue
[2022-12-30T00:00:07.981+0000] {logging_mixin.py:137} INFO - [2022-12-30T00:00:07.981+0000] {dagbag.py:538} INFO - Filling up the DagBag from /home/airflow/.local/lib/python3.7/site-packages/airflow/example_dags/example_local_kubernetes_executor.py
[2022-12-30T00:00:08.001+0000] {processor.py:753} INFO - DAG(s) dict_keys(['example_local_kubernetes_executor']) retrieved from /home/airflow/.local/lib/python3.7/site-packages/airflow/example_dags/example_local_kubernetes_executor.py
[2022-12-30T00:00:08.033+0000] {logging_mixin.py:137} INFO - [2022-12-30T00:00:08.033+0000] {dag.py:2676} INFO - Sync 1 DAGs
[2022-12-30T00:00:08.052+0000] {logging_mixin.py:137} INFO - [2022-12-30T00:00:08.052+0000] {dag.py:3427} INFO - Setting next_dagrun for example_local_kubernetes_executor to None, run_after=None
[2022-12-30T00:00:08.065+0000] {processor.py:175} INFO - Processing /home/airflow/.local/lib/python3.7/site-packages/airflow/example_dags/example_local_kubernetes_executor.py took 0.088 seconds
[2022-12-30T00:00:38.838+0000] {processor.py:153} INFO - Started process (PID=34627) to work on /home/airflow/.local/lib/python3.7/site-packages/airflow/example_dags/example_local_kubernetes_executor.py
[2022-12-30T00:00:38.838+0000] {processor.py:743} INFO - Processing file /home/airflow/.local/lib/python3.7/site-packages/airflow/example_dags/example_local_kubernetes_executor.py for tasks to queue
[2022-12-30T00:00:38.839+0000] {logging_mixin.py:137} INFO - [2022-12-30T00:00:38.839+0000] {dagbag.py:538} INFO - Filling up the DagBag from /home/airflow/.local/lib/python3.7/site-packages/airflow/example_dags/example_local_kubernetes_executor.py
[2022-12-30T00:00:38.858+0000] {processor.py:753} INFO - DAG(s) dict_keys(['example_local_kubernetes_executor']) retrieved from /home/airflow/.local/lib/python3.7/site-packages/airflow/example_dags/example_local_kubernetes_executor.py
[2022-12-30T00:00:38.891+0000] {logging_mixin.py:137} INFO - [2022-12-30T00:00:38.890+0000] {dag.py:2676} INFO - Sync 1 DAGs
[2022-12-30T00:00:38.910+0000] {logging_mixin.py:137} INFO - [2022-12-30T00:00:38.910+0000] {dag.py:3427} INFO - Setting next_dagrun for example_local_kubernetes_executor to None, run_after=None
[2022-12-30T00:00:38.922+0000] {processor.py:175} INFO - Processing /home/airflow/.local/lib/python3.7/site-packages/airflow/example_dags/example_local_kubernetes_executor.py took 0.087 seconds
[2022-12-30T00:01:09.294+0000] {processor.py:153} INFO - Started process (PID=34709) to work on /home/airflow/.local/lib/python3.7/site-packages/airflow/example_dags/example_local_kubernetes_executor.py
[2022-12-30T00:01:09.295+0000] {processor.py:743} INFO - Processing file /home/airflow/.local/lib/python3.7/site-packages/airflow/example_dags/example_local_kubernetes_executor.py for tasks to queue
[2022-12-30T00:01:09.295+0000] {logging_mixin.py:137} INFO - [2022-12-30T00:01:09.295+0000] {dagbag.py:538} INFO - Filling up the DagBag from /home/airflow/.local/lib/python3.7/site-packages/airflow/example_dags/example_local_kubernetes_executor.py
[2022-12-30T00:01:09.314+0000] {processor.py:753} INFO - DAG(s) dict_keys(['example_local_kubernetes_executor']) retrieved from /home/airflow/.local/lib/python3.7/site-packages/airflow/example_dags/example_local_kubernetes_executor.py
[2022-12-30T00:01:09.348+0000] {logging_mixin.py:137} INFO - [2022-12-30T00:01:09.348+0000] {dag.py:2676} INFO - Sync 1 DAGs
[2022-12-30T00:01:09.368+0000] {logging_mixin.py:137} INFO - [2022-12-30T00:01:09.368+0000] {dag.py:3427} INFO - Setting next_dagrun for example_local_kubernetes_executor to None, run_after=None
[2022-12-30T00:01:09.383+0000] {processor.py:175} INFO - Processing /home/airflow/.local/lib/python3.7/site-packages/airflow/example_dags/example_local_kubernetes_executor.py took 0.092 seconds
[2022-12-30T00:01:39.803+0000] {processor.py:153} INFO - Started process (PID=34811) to work on /home/airflow/.local/lib/python3.7/site-packages/airflow/example_dags/example_local_kubernetes_executor.py
[2022-12-30T00:01:39.804+0000] {processor.py:743} INFO - Processing file /home/airflow/.local/lib/python3.7/site-packages/airflow/example_dags/example_local_kubernetes_executor.py for tasks to queue
[2022-12-30T00:01:39.804+0000] {logging_mixin.py:137} INFO - [2022-12-30T00:01:39.804+0000] {dagbag.py:538} INFO - Filling up the DagBag from /home/airflow/.local/lib/python3.7/site-packages/airflow/example_dags/example_local_kubernetes_executor.py
[2022-12-30T00:01:39.822+0000] {processor.py:753} INFO - DAG(s) dict_keys(['example_local_kubernetes_executor']) retrieved from /home/airflow/.local/lib/python3.7/site-packages/airflow/example_dags/example_local_kubernetes_executor.py
[2022-12-30T00:01:39.851+0000] {logging_mixin.py:137} INFO - [2022-12-30T00:01:39.850+0000] {dag.py:2676} INFO - Sync 1 DAGs
[2022-12-30T00:01:39.869+0000] {logging_mixin.py:137} INFO - [2022-12-30T00:01:39.869+0000] {dag.py:3427} INFO - Setting next_dagrun for example_local_kubernetes_executor to None, run_after=None
[2022-12-30T00:01:39.880+0000] {processor.py:175} INFO - Processing /home/airflow/.local/lib/python3.7/site-packages/airflow/example_dags/example_local_kubernetes_executor.py took 0.079 seconds
[2022-12-30T00:02:10.394+0000] {processor.py:153} INFO - Started process (PID=34913) to work on /home/airflow/.local/lib/python3.7/site-packages/airflow/example_dags/example_local_kubernetes_executor.py
[2022-12-30T00:02:10.395+0000] {processor.py:743} INFO - Processing file /home/airflow/.local/lib/python3.7/site-packages/airflow/example_dags/example_local_kubernetes_executor.py for tasks to queue
[2022-12-30T00:02:10.395+0000] {logging_mixin.py:137} INFO - [2022-12-30T00:02:10.395+0000] {dagbag.py:538} INFO - Filling up the DagBag from /home/airflow/.local/lib/python3.7/site-packages/airflow/example_dags/example_local_kubernetes_executor.py
[2022-12-30T00:02:10.412+0000] {processor.py:753} INFO - DAG(s) dict_keys(['example_local_kubernetes_executor']) retrieved from /home/airflow/.local/lib/python3.7/site-packages/airflow/example_dags/example_local_kubernetes_executor.py
[2022-12-30T00:02:10.445+0000] {logging_mixin.py:137} INFO - [2022-12-30T00:02:10.445+0000] {dag.py:2676} INFO - Sync 1 DAGs
[2022-12-30T00:02:10.464+0000] {logging_mixin.py:137} INFO - [2022-12-30T00:02:10.464+0000] {dag.py:3427} INFO - Setting next_dagrun for example_local_kubernetes_executor to None, run_after=None
[2022-12-30T00:02:10.479+0000] {processor.py:175} INFO - Processing /home/airflow/.local/lib/python3.7/site-packages/airflow/example_dags/example_local_kubernetes_executor.py took 0.087 seconds
[2022-12-30T00:02:40.904+0000] {processor.py:153} INFO - Started process (PID=34995) to work on /home/airflow/.local/lib/python3.7/site-packages/airflow/example_dags/example_local_kubernetes_executor.py
[2022-12-30T00:02:40.904+0000] {processor.py:743} INFO - Processing file /home/airflow/.local/lib/python3.7/site-packages/airflow/example_dags/example_local_kubernetes_executor.py for tasks to queue
[2022-12-30T00:02:40.905+0000] {logging_mixin.py:137} INFO - [2022-12-30T00:02:40.905+0000] {dagbag.py:538} INFO - Filling up the DagBag from /home/airflow/.local/lib/python3.7/site-packages/airflow/example_dags/example_local_kubernetes_executor.py
[2022-12-30T00:02:40.920+0000] {processor.py:753} INFO - DAG(s) dict_keys(['example_local_kubernetes_executor']) retrieved from /home/airflow/.local/lib/python3.7/site-packages/airflow/example_dags/example_local_kubernetes_executor.py
[2022-12-30T00:02:40.950+0000] {logging_mixin.py:137} INFO - [2022-12-30T00:02:40.950+0000] {dag.py:2676} INFO - Sync 1 DAGs
[2022-12-30T00:02:40.976+0000] {logging_mixin.py:137} INFO - [2022-12-30T00:02:40.976+0000] {dag.py:3427} INFO - Setting next_dagrun for example_local_kubernetes_executor to None, run_after=None
[2022-12-30T00:02:40.987+0000] {processor.py:175} INFO - Processing /home/airflow/.local/lib/python3.7/site-packages/airflow/example_dags/example_local_kubernetes_executor.py took 0.086 seconds
[2022-12-30T00:03:11.470+0000] {processor.py:153} INFO - Started process (PID=35097) to work on /home/airflow/.local/lib/python3.7/site-packages/airflow/example_dags/example_local_kubernetes_executor.py
[2022-12-30T00:03:11.470+0000] {processor.py:743} INFO - Processing file /home/airflow/.local/lib/python3.7/site-packages/airflow/example_dags/example_local_kubernetes_executor.py for tasks to queue
[2022-12-30T00:03:11.471+0000] {logging_mixin.py:137} INFO - [2022-12-30T00:03:11.471+0000] {dagbag.py:538} INFO - Filling up the DagBag from /home/airflow/.local/lib/python3.7/site-packages/airflow/example_dags/example_local_kubernetes_executor.py
[2022-12-30T00:03:11.489+0000] {processor.py:753} INFO - DAG(s) dict_keys(['example_local_kubernetes_executor']) retrieved from /home/airflow/.local/lib/python3.7/site-packages/airflow/example_dags/example_local_kubernetes_executor.py
[2022-12-30T00:03:11.523+0000] {logging_mixin.py:137} INFO - [2022-12-30T00:03:11.522+0000] {dag.py:2676} INFO - Sync 1 DAGs
[2022-12-30T00:03:11.542+0000] {logging_mixin.py:137} INFO - [2022-12-30T00:03:11.542+0000] {dag.py:3427} INFO - Setting next_dagrun for example_local_kubernetes_executor to None, run_after=None
[2022-12-30T00:03:11.554+0000] {processor.py:175} INFO - Processing /home/airflow/.local/lib/python3.7/site-packages/airflow/example_dags/example_local_kubernetes_executor.py took 0.087 seconds
[2022-12-30T00:03:41.941+0000] {processor.py:153} INFO - Started process (PID=35179) to work on /home/airflow/.local/lib/python3.7/site-packages/airflow/example_dags/example_local_kubernetes_executor.py
[2022-12-30T00:03:41.941+0000] {processor.py:743} INFO - Processing file /home/airflow/.local/lib/python3.7/site-packages/airflow/example_dags/example_local_kubernetes_executor.py for tasks to queue
[2022-12-30T00:03:41.942+0000] {logging_mixin.py:137} INFO - [2022-12-30T00:03:41.942+0000] {dagbag.py:538} INFO - Filling up the DagBag from /home/airflow/.local/lib/python3.7/site-packages/airflow/example_dags/example_local_kubernetes_executor.py
[2022-12-30T00:03:41.957+0000] {processor.py:753} INFO - DAG(s) dict_keys(['example_local_kubernetes_executor']) retrieved from /home/airflow/.local/lib/python3.7/site-packages/airflow/example_dags/example_local_kubernetes_executor.py
[2022-12-30T00:03:41.991+0000] {logging_mixin.py:137} INFO - [2022-12-30T00:03:41.991+0000] {dag.py:2676} INFO - Sync 1 DAGs
[2022-12-30T00:03:42.013+0000] {logging_mixin.py:137} INFO - [2022-12-30T00:03:42.013+0000] {dag.py:3427} INFO - Setting next_dagrun for example_local_kubernetes_executor to None, run_after=None
[2022-12-30T00:03:42.024+0000] {processor.py:175} INFO - Processing /home/airflow/.local/lib/python3.7/site-packages/airflow/example_dags/example_local_kubernetes_executor.py took 0.086 seconds
[2022-12-30T00:04:12.802+0000] {processor.py:153} INFO - Started process (PID=35281) to work on /home/airflow/.local/lib/python3.7/site-packages/airflow/example_dags/example_local_kubernetes_executor.py
[2022-12-30T00:04:12.803+0000] {processor.py:743} INFO - Processing file /home/airflow/.local/lib/python3.7/site-packages/airflow/example_dags/example_local_kubernetes_executor.py for tasks to queue
[2022-12-30T00:04:12.803+0000] {logging_mixin.py:137} INFO - [2022-12-30T00:04:12.803+0000] {dagbag.py:538} INFO - Filling up the DagBag from /home/airflow/.local/lib/python3.7/site-packages/airflow/example_dags/example_local_kubernetes_executor.py
[2022-12-30T00:04:12.826+0000] {processor.py:753} INFO - DAG(s) dict_keys(['example_local_kubernetes_executor']) retrieved from /home/airflow/.local/lib/python3.7/site-packages/airflow/example_dags/example_local_kubernetes_executor.py
[2022-12-30T00:04:12.858+0000] {logging_mixin.py:137} INFO - [2022-12-30T00:04:12.858+0000] {dag.py:2676} INFO - Sync 1 DAGs
[2022-12-30T00:04:12.876+0000] {logging_mixin.py:137} INFO - [2022-12-30T00:04:12.875+0000] {dag.py:3427} INFO - Setting next_dagrun for example_local_kubernetes_executor to None, run_after=None
[2022-12-30T00:04:12.886+0000] {processor.py:175} INFO - Processing /home/airflow/.local/lib/python3.7/site-packages/airflow/example_dags/example_local_kubernetes_executor.py took 0.086 seconds
[2022-12-30T00:04:43.388+0000] {processor.py:153} INFO - Started process (PID=35372) to work on /home/airflow/.local/lib/python3.7/site-packages/airflow/example_dags/example_local_kubernetes_executor.py
[2022-12-30T00:04:43.389+0000] {processor.py:743} INFO - Processing file /home/airflow/.local/lib/python3.7/site-packages/airflow/example_dags/example_local_kubernetes_executor.py for tasks to queue
[2022-12-30T00:04:43.389+0000] {logging_mixin.py:137} INFO - [2022-12-30T00:04:43.389+0000] {dagbag.py:538} INFO - Filling up the DagBag from /home/airflow/.local/lib/python3.7/site-packages/airflow/example_dags/example_local_kubernetes_executor.py
[2022-12-30T00:04:43.410+0000] {processor.py:753} INFO - DAG(s) dict_keys(['example_local_kubernetes_executor']) retrieved from /home/airflow/.local/lib/python3.7/site-packages/airflow/example_dags/example_local_kubernetes_executor.py
[2022-12-30T00:04:43.444+0000] {logging_mixin.py:137} INFO - [2022-12-30T00:04:43.444+0000] {dag.py:2676} INFO - Sync 1 DAGs
[2022-12-30T00:04:43.469+0000] {logging_mixin.py:137} INFO - [2022-12-30T00:04:43.469+0000] {dag.py:3427} INFO - Setting next_dagrun for example_local_kubernetes_executor to None, run_after=None
[2022-12-30T00:04:43.483+0000] {processor.py:175} INFO - Processing /home/airflow/.local/lib/python3.7/site-packages/airflow/example_dags/example_local_kubernetes_executor.py took 0.098 seconds
[2022-12-30T00:05:14.076+0000] {processor.py:153} INFO - Started process (PID=35465) to work on /home/airflow/.local/lib/python3.7/site-packages/airflow/example_dags/example_local_kubernetes_executor.py
[2022-12-30T00:05:14.077+0000] {processor.py:743} INFO - Processing file /home/airflow/.local/lib/python3.7/site-packages/airflow/example_dags/example_local_kubernetes_executor.py for tasks to queue
[2022-12-30T00:05:14.077+0000] {logging_mixin.py:137} INFO - [2022-12-30T00:05:14.077+0000] {dagbag.py:538} INFO - Filling up the DagBag from /home/airflow/.local/lib/python3.7/site-packages/airflow/example_dags/example_local_kubernetes_executor.py
[2022-12-30T00:05:14.097+0000] {processor.py:753} INFO - DAG(s) dict_keys(['example_local_kubernetes_executor']) retrieved from /home/airflow/.local/lib/python3.7/site-packages/airflow/example_dags/example_local_kubernetes_executor.py
[2022-12-30T00:05:14.124+0000] {logging_mixin.py:137} INFO - [2022-12-30T00:05:14.124+0000] {dag.py:2676} INFO - Sync 1 DAGs
[2022-12-30T00:05:14.143+0000] {logging_mixin.py:137} INFO - [2022-12-30T00:05:14.143+0000] {dag.py:3427} INFO - Setting next_dagrun for example_local_kubernetes_executor to None, run_after=None
[2022-12-30T00:05:14.155+0000] {processor.py:175} INFO - Processing /home/airflow/.local/lib/python3.7/site-packages/airflow/example_dags/example_local_kubernetes_executor.py took 0.080 seconds
[2022-12-30T00:05:44.371+0000] {processor.py:153} INFO - Started process (PID=35567) to work on /home/airflow/.local/lib/python3.7/site-packages/airflow/example_dags/example_local_kubernetes_executor.py
[2022-12-30T00:05:44.372+0000] {processor.py:743} INFO - Processing file /home/airflow/.local/lib/python3.7/site-packages/airflow/example_dags/example_local_kubernetes_executor.py for tasks to queue
[2022-12-30T00:05:44.372+0000] {logging_mixin.py:137} INFO - [2022-12-30T00:05:44.372+0000] {dagbag.py:538} INFO - Filling up the DagBag from /home/airflow/.local/lib/python3.7/site-packages/airflow/example_dags/example_local_kubernetes_executor.py
[2022-12-30T00:05:44.386+0000] {processor.py:753} INFO - DAG(s) dict_keys(['example_local_kubernetes_executor']) retrieved from /home/airflow/.local/lib/python3.7/site-packages/airflow/example_dags/example_local_kubernetes_executor.py
[2022-12-30T00:05:44.412+0000] {logging_mixin.py:137} INFO - [2022-12-30T00:05:44.411+0000] {dag.py:2676} INFO - Sync 1 DAGs
[2022-12-30T00:05:44.432+0000] {logging_mixin.py:137} INFO - [2022-12-30T00:05:44.432+0000] {dag.py:3427} INFO - Setting next_dagrun for example_local_kubernetes_executor to None, run_after=None
[2022-12-30T00:05:44.446+0000] {processor.py:175} INFO - Processing /home/airflow/.local/lib/python3.7/site-packages/airflow/example_dags/example_local_kubernetes_executor.py took 0.079 seconds
[2022-12-30T00:06:14.751+0000] {processor.py:153} INFO - Started process (PID=35649) to work on /home/airflow/.local/lib/python3.7/site-packages/airflow/example_dags/example_local_kubernetes_executor.py
[2022-12-30T00:06:14.752+0000] {processor.py:743} INFO - Processing file /home/airflow/.local/lib/python3.7/site-packages/airflow/example_dags/example_local_kubernetes_executor.py for tasks to queue
[2022-12-30T00:06:14.752+0000] {logging_mixin.py:137} INFO - [2022-12-30T00:06:14.752+0000] {dagbag.py:538} INFO - Filling up the DagBag from /home/airflow/.local/lib/python3.7/site-packages/airflow/example_dags/example_local_kubernetes_executor.py
[2022-12-30T00:06:14.767+0000] {processor.py:753} INFO - DAG(s) dict_keys(['example_local_kubernetes_executor']) retrieved from /home/airflow/.local/lib/python3.7/site-packages/airflow/example_dags/example_local_kubernetes_executor.py
[2022-12-30T00:06:14.797+0000] {logging_mixin.py:137} INFO - [2022-12-30T00:06:14.797+0000] {dag.py:2676} INFO - Sync 1 DAGs
[2022-12-30T00:06:14.814+0000] {logging_mixin.py:137} INFO - [2022-12-30T00:06:14.814+0000] {dag.py:3427} INFO - Setting next_dagrun for example_local_kubernetes_executor to None, run_after=None
[2022-12-30T00:06:14.825+0000] {processor.py:175} INFO - Processing /home/airflow/.local/lib/python3.7/site-packages/airflow/example_dags/example_local_kubernetes_executor.py took 0.077 seconds
[2022-12-30T00:06:45.737+0000] {processor.py:153} INFO - Started process (PID=35751) to work on /home/airflow/.local/lib/python3.7/site-packages/airflow/example_dags/example_local_kubernetes_executor.py
[2022-12-30T00:06:45.738+0000] {processor.py:743} INFO - Processing file /home/airflow/.local/lib/python3.7/site-packages/airflow/example_dags/example_local_kubernetes_executor.py for tasks to queue
[2022-12-30T00:06:45.739+0000] {logging_mixin.py:137} INFO - [2022-12-30T00:06:45.739+0000] {dagbag.py:538} INFO - Filling up the DagBag from /home/airflow/.local/lib/python3.7/site-packages/airflow/example_dags/example_local_kubernetes_executor.py
[2022-12-30T00:06:45.754+0000] {processor.py:753} INFO - DAG(s) dict_keys(['example_local_kubernetes_executor']) retrieved from /home/airflow/.local/lib/python3.7/site-packages/airflow/example_dags/example_local_kubernetes_executor.py
[2022-12-30T00:06:45.786+0000] {logging_mixin.py:137} INFO - [2022-12-30T00:06:45.786+0000] {dag.py:2676} INFO - Sync 1 DAGs
[2022-12-30T00:06:45.809+0000] {logging_mixin.py:137} INFO - [2022-12-30T00:06:45.809+0000] {dag.py:3427} INFO - Setting next_dagrun for example_local_kubernetes_executor to None, run_after=None
[2022-12-30T00:06:45.988+0000] {processor.py:175} INFO - Processing /home/airflow/.local/lib/python3.7/site-packages/airflow/example_dags/example_local_kubernetes_executor.py took 0.254 seconds
[2022-12-30T00:07:16.611+0000] {processor.py:153} INFO - Started process (PID=35840) to work on /home/airflow/.local/lib/python3.7/site-packages/airflow/example_dags/example_local_kubernetes_executor.py
[2022-12-30T00:07:16.612+0000] {processor.py:743} INFO - Processing file /home/airflow/.local/lib/python3.7/site-packages/airflow/example_dags/example_local_kubernetes_executor.py for tasks to queue
[2022-12-30T00:07:16.613+0000] {logging_mixin.py:137} INFO - [2022-12-30T00:07:16.613+0000] {dagbag.py:538} INFO - Filling up the DagBag from /home/airflow/.local/lib/python3.7/site-packages/airflow/example_dags/example_local_kubernetes_executor.py
[2022-12-30T00:07:16.630+0000] {processor.py:753} INFO - DAG(s) dict_keys(['example_local_kubernetes_executor']) retrieved from /home/airflow/.local/lib/python3.7/site-packages/airflow/example_dags/example_local_kubernetes_executor.py
[2022-12-30T00:07:16.658+0000] {logging_mixin.py:137} INFO - [2022-12-30T00:07:16.658+0000] {dag.py:2676} INFO - Sync 1 DAGs
[2022-12-30T00:07:16.680+0000] {logging_mixin.py:137} INFO - [2022-12-30T00:07:16.680+0000] {dag.py:3427} INFO - Setting next_dagrun for example_local_kubernetes_executor to None, run_after=None
[2022-12-30T00:07:17.437+0000] {processor.py:175} INFO - Processing /home/airflow/.local/lib/python3.7/site-packages/airflow/example_dags/example_local_kubernetes_executor.py took 0.829 seconds
[2022-12-30T00:07:47.707+0000] {processor.py:153} INFO - Started process (PID=35935) to work on /home/airflow/.local/lib/python3.7/site-packages/airflow/example_dags/example_local_kubernetes_executor.py
[2022-12-30T00:07:47.710+0000] {processor.py:743} INFO - Processing file /home/airflow/.local/lib/python3.7/site-packages/airflow/example_dags/example_local_kubernetes_executor.py for tasks to queue
[2022-12-30T00:07:47.710+0000] {logging_mixin.py:137} INFO - [2022-12-30T00:07:47.710+0000] {dagbag.py:538} INFO - Filling up the DagBag from /home/airflow/.local/lib/python3.7/site-packages/airflow/example_dags/example_local_kubernetes_executor.py
[2022-12-30T00:07:47.729+0000] {processor.py:753} INFO - DAG(s) dict_keys(['example_local_kubernetes_executor']) retrieved from /home/airflow/.local/lib/python3.7/site-packages/airflow/example_dags/example_local_kubernetes_executor.py
[2022-12-30T00:07:47.759+0000] {logging_mixin.py:137} INFO - [2022-12-30T00:07:47.759+0000] {dag.py:2676} INFO - Sync 1 DAGs
[2022-12-30T00:07:47.778+0000] {logging_mixin.py:137} INFO - [2022-12-30T00:07:47.778+0000] {dag.py:3427} INFO - Setting next_dagrun for example_local_kubernetes_executor to None, run_after=None
[2022-12-30T00:07:47.794+0000] {processor.py:175} INFO - Processing /home/airflow/.local/lib/python3.7/site-packages/airflow/example_dags/example_local_kubernetes_executor.py took 0.089 seconds
[2022-12-30T00:08:18.409+0000] {processor.py:153} INFO - Started process (PID=36037) to work on /home/airflow/.local/lib/python3.7/site-packages/airflow/example_dags/example_local_kubernetes_executor.py
[2022-12-30T00:08:18.410+0000] {processor.py:743} INFO - Processing file /home/airflow/.local/lib/python3.7/site-packages/airflow/example_dags/example_local_kubernetes_executor.py for tasks to queue
[2022-12-30T00:08:18.410+0000] {logging_mixin.py:137} INFO - [2022-12-30T00:08:18.410+0000] {dagbag.py:538} INFO - Filling up the DagBag from /home/airflow/.local/lib/python3.7/site-packages/airflow/example_dags/example_local_kubernetes_executor.py
[2022-12-30T00:08:18.427+0000] {processor.py:753} INFO - DAG(s) dict_keys(['example_local_kubernetes_executor']) retrieved from /home/airflow/.local/lib/python3.7/site-packages/airflow/example_dags/example_local_kubernetes_executor.py
[2022-12-30T00:08:18.465+0000] {logging_mixin.py:137} INFO - [2022-12-30T00:08:18.464+0000] {dag.py:2676} INFO - Sync 1 DAGs
[2022-12-30T00:08:18.482+0000] {logging_mixin.py:137} INFO - [2022-12-30T00:08:18.482+0000] {dag.py:3427} INFO - Setting next_dagrun for example_local_kubernetes_executor to None, run_after=None
[2022-12-30T00:08:18.493+0000] {processor.py:175} INFO - Processing /home/airflow/.local/lib/python3.7/site-packages/airflow/example_dags/example_local_kubernetes_executor.py took 0.087 seconds
[2022-12-30T00:08:48.827+0000] {processor.py:153} INFO - Started process (PID=36119) to work on /home/airflow/.local/lib/python3.7/site-packages/airflow/example_dags/example_local_kubernetes_executor.py
[2022-12-30T00:08:48.827+0000] {processor.py:743} INFO - Processing file /home/airflow/.local/lib/python3.7/site-packages/airflow/example_dags/example_local_kubernetes_executor.py for tasks to queue
[2022-12-30T00:08:48.828+0000] {logging_mixin.py:137} INFO - [2022-12-30T00:08:48.828+0000] {dagbag.py:538} INFO - Filling up the DagBag from /home/airflow/.local/lib/python3.7/site-packages/airflow/example_dags/example_local_kubernetes_executor.py
[2022-12-30T00:08:48.845+0000] {processor.py:753} INFO - DAG(s) dict_keys(['example_local_kubernetes_executor']) retrieved from /home/airflow/.local/lib/python3.7/site-packages/airflow/example_dags/example_local_kubernetes_executor.py
[2022-12-30T00:08:48.871+0000] {logging_mixin.py:137} INFO - [2022-12-30T00:08:48.871+0000] {dag.py:2676} INFO - Sync 1 DAGs
[2022-12-30T00:08:48.890+0000] {logging_mixin.py:137} INFO - [2022-12-30T00:08:48.890+0000] {dag.py:3427} INFO - Setting next_dagrun for example_local_kubernetes_executor to None, run_after=None
[2022-12-30T00:08:48.903+0000] {processor.py:175} INFO - Processing /home/airflow/.local/lib/python3.7/site-packages/airflow/example_dags/example_local_kubernetes_executor.py took 0.079 seconds
[2022-12-30T00:09:19.413+0000] {processor.py:153} INFO - Started process (PID=36221) to work on /home/airflow/.local/lib/python3.7/site-packages/airflow/example_dags/example_local_kubernetes_executor.py
[2022-12-30T00:09:19.413+0000] {processor.py:743} INFO - Processing file /home/airflow/.local/lib/python3.7/site-packages/airflow/example_dags/example_local_kubernetes_executor.py for tasks to queue
[2022-12-30T00:09:19.414+0000] {logging_mixin.py:137} INFO - [2022-12-30T00:09:19.414+0000] {dagbag.py:538} INFO - Filling up the DagBag from /home/airflow/.local/lib/python3.7/site-packages/airflow/example_dags/example_local_kubernetes_executor.py
[2022-12-30T00:09:19.429+0000] {processor.py:753} INFO - DAG(s) dict_keys(['example_local_kubernetes_executor']) retrieved from /home/airflow/.local/lib/python3.7/site-packages/airflow/example_dags/example_local_kubernetes_executor.py
[2022-12-30T00:09:19.459+0000] {logging_mixin.py:137} INFO - [2022-12-30T00:09:19.458+0000] {dag.py:2676} INFO - Sync 1 DAGs
[2022-12-30T00:09:19.479+0000] {logging_mixin.py:137} INFO - [2022-12-30T00:09:19.478+0000] {dag.py:3427} INFO - Setting next_dagrun for example_local_kubernetes_executor to None, run_after=None
[2022-12-30T00:09:19.490+0000] {processor.py:175} INFO - Processing /home/airflow/.local/lib/python3.7/site-packages/airflow/example_dags/example_local_kubernetes_executor.py took 0.081 seconds
[2022-12-30T00:09:50.117+0000] {processor.py:153} INFO - Started process (PID=36303) to work on /home/airflow/.local/lib/python3.7/site-packages/airflow/example_dags/example_local_kubernetes_executor.py
[2022-12-30T00:09:50.119+0000] {processor.py:743} INFO - Processing file /home/airflow/.local/lib/python3.7/site-packages/airflow/example_dags/example_local_kubernetes_executor.py for tasks to queue
[2022-12-30T00:09:50.119+0000] {logging_mixin.py:137} INFO - [2022-12-30T00:09:50.119+0000] {dagbag.py:538} INFO - Filling up the DagBag from /home/airflow/.local/lib/python3.7/site-packages/airflow/example_dags/example_local_kubernetes_executor.py
[2022-12-30T00:09:50.139+0000] {processor.py:753} INFO - DAG(s) dict_keys(['example_local_kubernetes_executor']) retrieved from /home/airflow/.local/lib/python3.7/site-packages/airflow/example_dags/example_local_kubernetes_executor.py
[2022-12-30T00:09:50.167+0000] {logging_mixin.py:137} INFO - [2022-12-30T00:09:50.166+0000] {dag.py:2676} INFO - Sync 1 DAGs
[2022-12-30T00:09:50.185+0000] {logging_mixin.py:137} INFO - [2022-12-30T00:09:50.184+0000] {dag.py:3427} INFO - Setting next_dagrun for example_local_kubernetes_executor to None, run_after=None
[2022-12-30T00:09:50.198+0000] {processor.py:175} INFO - Processing /home/airflow/.local/lib/python3.7/site-packages/airflow/example_dags/example_local_kubernetes_executor.py took 0.084 seconds
[2022-12-30T00:10:20.742+0000] {processor.py:153} INFO - Started process (PID=36405) to work on /home/airflow/.local/lib/python3.7/site-packages/airflow/example_dags/example_local_kubernetes_executor.py
[2022-12-30T00:10:20.745+0000] {processor.py:743} INFO - Processing file /home/airflow/.local/lib/python3.7/site-packages/airflow/example_dags/example_local_kubernetes_executor.py for tasks to queue
[2022-12-30T00:10:20.745+0000] {logging_mixin.py:137} INFO - [2022-12-30T00:10:20.745+0000] {dagbag.py:538} INFO - Filling up the DagBag from /home/airflow/.local/lib/python3.7/site-packages/airflow/example_dags/example_local_kubernetes_executor.py
[2022-12-30T00:10:20.760+0000] {processor.py:753} INFO - DAG(s) dict_keys(['example_local_kubernetes_executor']) retrieved from /home/airflow/.local/lib/python3.7/site-packages/airflow/example_dags/example_local_kubernetes_executor.py
[2022-12-30T00:10:20.789+0000] {logging_mixin.py:137} INFO - [2022-12-30T00:10:20.789+0000] {dag.py:2676} INFO - Sync 1 DAGs
[2022-12-30T00:10:20.807+0000] {logging_mixin.py:137} INFO - [2022-12-30T00:10:20.807+0000] {dag.py:3427} INFO - Setting next_dagrun for example_local_kubernetes_executor to None, run_after=None
[2022-12-30T00:10:20.818+0000] {processor.py:175} INFO - Processing /home/airflow/.local/lib/python3.7/site-packages/airflow/example_dags/example_local_kubernetes_executor.py took 0.080 seconds
[2022-12-30T00:10:51.309+0000] {processor.py:153} INFO - Started process (PID=36507) to work on /home/airflow/.local/lib/python3.7/site-packages/airflow/example_dags/example_local_kubernetes_executor.py
[2022-12-30T00:10:51.309+0000] {processor.py:743} INFO - Processing file /home/airflow/.local/lib/python3.7/site-packages/airflow/example_dags/example_local_kubernetes_executor.py for tasks to queue
[2022-12-30T00:10:51.310+0000] {logging_mixin.py:137} INFO - [2022-12-30T00:10:51.310+0000] {dagbag.py:538} INFO - Filling up the DagBag from /home/airflow/.local/lib/python3.7/site-packages/airflow/example_dags/example_local_kubernetes_executor.py
[2022-12-30T00:10:51.325+0000] {processor.py:753} INFO - DAG(s) dict_keys(['example_local_kubernetes_executor']) retrieved from /home/airflow/.local/lib/python3.7/site-packages/airflow/example_dags/example_local_kubernetes_executor.py
[2022-12-30T00:10:51.355+0000] {logging_mixin.py:137} INFO - [2022-12-30T00:10:51.355+0000] {dag.py:2676} INFO - Sync 1 DAGs
[2022-12-30T00:10:51.373+0000] {logging_mixin.py:137} INFO - [2022-12-30T00:10:51.373+0000] {dag.py:3427} INFO - Setting next_dagrun for example_local_kubernetes_executor to None, run_after=None
[2022-12-30T00:10:51.385+0000] {processor.py:175} INFO - Processing /home/airflow/.local/lib/python3.7/site-packages/airflow/example_dags/example_local_kubernetes_executor.py took 0.080 seconds
[2022-12-30T00:11:21.723+0000] {processor.py:153} INFO - Started process (PID=36589) to work on /home/airflow/.local/lib/python3.7/site-packages/airflow/example_dags/example_local_kubernetes_executor.py
[2022-12-30T00:11:21.724+0000] {processor.py:743} INFO - Processing file /home/airflow/.local/lib/python3.7/site-packages/airflow/example_dags/example_local_kubernetes_executor.py for tasks to queue
[2022-12-30T00:11:21.724+0000] {logging_mixin.py:137} INFO - [2022-12-30T00:11:21.724+0000] {dagbag.py:538} INFO - Filling up the DagBag from /home/airflow/.local/lib/python3.7/site-packages/airflow/example_dags/example_local_kubernetes_executor.py
[2022-12-30T00:11:21.741+0000] {processor.py:753} INFO - DAG(s) dict_keys(['example_local_kubernetes_executor']) retrieved from /home/airflow/.local/lib/python3.7/site-packages/airflow/example_dags/example_local_kubernetes_executor.py
[2022-12-30T00:11:21.774+0000] {logging_mixin.py:137} INFO - [2022-12-30T00:11:21.774+0000] {dag.py:2676} INFO - Sync 1 DAGs
[2022-12-30T00:11:21.798+0000] {logging_mixin.py:137} INFO - [2022-12-30T00:11:21.798+0000] {dag.py:3427} INFO - Setting next_dagrun for example_local_kubernetes_executor to None, run_after=None
[2022-12-30T00:11:21.813+0000] {processor.py:175} INFO - Processing /home/airflow/.local/lib/python3.7/site-packages/airflow/example_dags/example_local_kubernetes_executor.py took 0.093 seconds
[2022-12-30T00:11:52.257+0000] {processor.py:153} INFO - Started process (PID=36691) to work on /home/airflow/.local/lib/python3.7/site-packages/airflow/example_dags/example_local_kubernetes_executor.py
[2022-12-30T00:11:52.257+0000] {processor.py:743} INFO - Processing file /home/airflow/.local/lib/python3.7/site-packages/airflow/example_dags/example_local_kubernetes_executor.py for tasks to queue
[2022-12-30T00:11:52.258+0000] {logging_mixin.py:137} INFO - [2022-12-30T00:11:52.258+0000] {dagbag.py:538} INFO - Filling up the DagBag from /home/airflow/.local/lib/python3.7/site-packages/airflow/example_dags/example_local_kubernetes_executor.py
[2022-12-30T00:11:52.276+0000] {processor.py:753} INFO - DAG(s) dict_keys(['example_local_kubernetes_executor']) retrieved from /home/airflow/.local/lib/python3.7/site-packages/airflow/example_dags/example_local_kubernetes_executor.py
[2022-12-30T00:11:52.303+0000] {logging_mixin.py:137} INFO - [2022-12-30T00:11:52.303+0000] {dag.py:2676} INFO - Sync 1 DAGs
[2022-12-30T00:11:52.324+0000] {logging_mixin.py:137} INFO - [2022-12-30T00:11:52.323+0000] {dag.py:3427} INFO - Setting next_dagrun for example_local_kubernetes_executor to None, run_after=None
[2022-12-30T00:11:52.338+0000] {processor.py:175} INFO - Processing /home/airflow/.local/lib/python3.7/site-packages/airflow/example_dags/example_local_kubernetes_executor.py took 0.084 seconds
[2022-12-30T00:12:22.582+0000] {processor.py:153} INFO - Started process (PID=36773) to work on /home/airflow/.local/lib/python3.7/site-packages/airflow/example_dags/example_local_kubernetes_executor.py
[2022-12-30T00:12:22.583+0000] {processor.py:743} INFO - Processing file /home/airflow/.local/lib/python3.7/site-packages/airflow/example_dags/example_local_kubernetes_executor.py for tasks to queue
[2022-12-30T00:12:22.584+0000] {logging_mixin.py:137} INFO - [2022-12-30T00:12:22.584+0000] {dagbag.py:538} INFO - Filling up the DagBag from /home/airflow/.local/lib/python3.7/site-packages/airflow/example_dags/example_local_kubernetes_executor.py
[2022-12-30T00:12:22.603+0000] {processor.py:753} INFO - DAG(s) dict_keys(['example_local_kubernetes_executor']) retrieved from /home/airflow/.local/lib/python3.7/site-packages/airflow/example_dags/example_local_kubernetes_executor.py
[2022-12-30T00:12:22.636+0000] {logging_mixin.py:137} INFO - [2022-12-30T00:12:22.635+0000] {dag.py:2676} INFO - Sync 1 DAGs
[2022-12-30T00:12:22.660+0000] {logging_mixin.py:137} INFO - [2022-12-30T00:12:22.660+0000] {dag.py:3427} INFO - Setting next_dagrun for example_local_kubernetes_executor to None, run_after=None
[2022-12-30T00:12:22.673+0000] {processor.py:175} INFO - Processing /home/airflow/.local/lib/python3.7/site-packages/airflow/example_dags/example_local_kubernetes_executor.py took 0.092 seconds
[2022-12-30T00:12:53.108+0000] {processor.py:153} INFO - Started process (PID=36875) to work on /home/airflow/.local/lib/python3.7/site-packages/airflow/example_dags/example_local_kubernetes_executor.py
[2022-12-30T00:12:53.108+0000] {processor.py:743} INFO - Processing file /home/airflow/.local/lib/python3.7/site-packages/airflow/example_dags/example_local_kubernetes_executor.py for tasks to queue
[2022-12-30T00:12:53.109+0000] {logging_mixin.py:137} INFO - [2022-12-30T00:12:53.109+0000] {dagbag.py:538} INFO - Filling up the DagBag from /home/airflow/.local/lib/python3.7/site-packages/airflow/example_dags/example_local_kubernetes_executor.py
[2022-12-30T00:12:53.125+0000] {processor.py:753} INFO - DAG(s) dict_keys(['example_local_kubernetes_executor']) retrieved from /home/airflow/.local/lib/python3.7/site-packages/airflow/example_dags/example_local_kubernetes_executor.py
[2022-12-30T00:12:53.157+0000] {logging_mixin.py:137} INFO - [2022-12-30T00:12:53.157+0000] {dag.py:2676} INFO - Sync 1 DAGs
[2022-12-30T00:12:53.177+0000] {logging_mixin.py:137} INFO - [2022-12-30T00:12:53.177+0000] {dag.py:3427} INFO - Setting next_dagrun for example_local_kubernetes_executor to None, run_after=None
[2022-12-30T00:12:53.191+0000] {processor.py:175} INFO - Processing /home/airflow/.local/lib/python3.7/site-packages/airflow/example_dags/example_local_kubernetes_executor.py took 0.087 seconds
[2022-12-30T00:13:23.553+0000] {processor.py:153} INFO - Started process (PID=36966) to work on /home/airflow/.local/lib/python3.7/site-packages/airflow/example_dags/example_local_kubernetes_executor.py
[2022-12-30T00:13:23.553+0000] {processor.py:743} INFO - Processing file /home/airflow/.local/lib/python3.7/site-packages/airflow/example_dags/example_local_kubernetes_executor.py for tasks to queue
[2022-12-30T00:13:23.554+0000] {logging_mixin.py:137} INFO - [2022-12-30T00:13:23.554+0000] {dagbag.py:538} INFO - Filling up the DagBag from /home/airflow/.local/lib/python3.7/site-packages/airflow/example_dags/example_local_kubernetes_executor.py
[2022-12-30T00:13:23.570+0000] {processor.py:753} INFO - DAG(s) dict_keys(['example_local_kubernetes_executor']) retrieved from /home/airflow/.local/lib/python3.7/site-packages/airflow/example_dags/example_local_kubernetes_executor.py
[2022-12-30T00:13:23.598+0000] {logging_mixin.py:137} INFO - [2022-12-30T00:13:23.598+0000] {dag.py:2676} INFO - Sync 1 DAGs
[2022-12-30T00:13:23.619+0000] {logging_mixin.py:137} INFO - [2022-12-30T00:13:23.618+0000] {dag.py:3427} INFO - Setting next_dagrun for example_local_kubernetes_executor to None, run_after=None
[2022-12-30T00:13:23.631+0000] {processor.py:175} INFO - Processing /home/airflow/.local/lib/python3.7/site-packages/airflow/example_dags/example_local_kubernetes_executor.py took 0.081 seconds
[2022-12-30T00:13:53.958+0000] {processor.py:153} INFO - Started process (PID=37059) to work on /home/airflow/.local/lib/python3.7/site-packages/airflow/example_dags/example_local_kubernetes_executor.py
[2022-12-30T00:13:53.958+0000] {processor.py:743} INFO - Processing file /home/airflow/.local/lib/python3.7/site-packages/airflow/example_dags/example_local_kubernetes_executor.py for tasks to queue
[2022-12-30T00:13:53.959+0000] {logging_mixin.py:137} INFO - [2022-12-30T00:13:53.959+0000] {dagbag.py:538} INFO - Filling up the DagBag from /home/airflow/.local/lib/python3.7/site-packages/airflow/example_dags/example_local_kubernetes_executor.py
[2022-12-30T00:13:53.975+0000] {processor.py:753} INFO - DAG(s) dict_keys(['example_local_kubernetes_executor']) retrieved from /home/airflow/.local/lib/python3.7/site-packages/airflow/example_dags/example_local_kubernetes_executor.py
[2022-12-30T00:13:54.006+0000] {logging_mixin.py:137} INFO - [2022-12-30T00:13:54.006+0000] {dag.py:2676} INFO - Sync 1 DAGs
[2022-12-30T00:13:54.028+0000] {logging_mixin.py:137} INFO - [2022-12-30T00:13:54.028+0000] {dag.py:3427} INFO - Setting next_dagrun for example_local_kubernetes_executor to None, run_after=None
[2022-12-30T00:13:54.039+0000] {processor.py:175} INFO - Processing /home/airflow/.local/lib/python3.7/site-packages/airflow/example_dags/example_local_kubernetes_executor.py took 0.084 seconds
[2022-12-30T00:14:24.357+0000] {processor.py:153} INFO - Started process (PID=37161) to work on /home/airflow/.local/lib/python3.7/site-packages/airflow/example_dags/example_local_kubernetes_executor.py
[2022-12-30T00:14:24.360+0000] {processor.py:743} INFO - Processing file /home/airflow/.local/lib/python3.7/site-packages/airflow/example_dags/example_local_kubernetes_executor.py for tasks to queue
[2022-12-30T00:14:24.361+0000] {logging_mixin.py:137} INFO - [2022-12-30T00:14:24.361+0000] {dagbag.py:538} INFO - Filling up the DagBag from /home/airflow/.local/lib/python3.7/site-packages/airflow/example_dags/example_local_kubernetes_executor.py
[2022-12-30T00:14:24.376+0000] {processor.py:753} INFO - DAG(s) dict_keys(['example_local_kubernetes_executor']) retrieved from /home/airflow/.local/lib/python3.7/site-packages/airflow/example_dags/example_local_kubernetes_executor.py
[2022-12-30T00:14:24.405+0000] {logging_mixin.py:137} INFO - [2022-12-30T00:14:24.405+0000] {dag.py:2676} INFO - Sync 1 DAGs
[2022-12-30T00:14:24.423+0000] {logging_mixin.py:137} INFO - [2022-12-30T00:14:24.422+0000] {dag.py:3427} INFO - Setting next_dagrun for example_local_kubernetes_executor to None, run_after=None
[2022-12-30T00:14:24.433+0000] {processor.py:175} INFO - Processing /home/airflow/.local/lib/python3.7/site-packages/airflow/example_dags/example_local_kubernetes_executor.py took 0.079 seconds
[2022-12-30T00:14:54.962+0000] {processor.py:153} INFO - Started process (PID=37243) to work on /home/airflow/.local/lib/python3.7/site-packages/airflow/example_dags/example_local_kubernetes_executor.py
[2022-12-30T00:14:54.963+0000] {processor.py:743} INFO - Processing file /home/airflow/.local/lib/python3.7/site-packages/airflow/example_dags/example_local_kubernetes_executor.py for tasks to queue
[2022-12-30T00:14:54.963+0000] {logging_mixin.py:137} INFO - [2022-12-30T00:14:54.963+0000] {dagbag.py:538} INFO - Filling up the DagBag from /home/airflow/.local/lib/python3.7/site-packages/airflow/example_dags/example_local_kubernetes_executor.py
[2022-12-30T00:14:54.979+0000] {processor.py:753} INFO - DAG(s) dict_keys(['example_local_kubernetes_executor']) retrieved from /home/airflow/.local/lib/python3.7/site-packages/airflow/example_dags/example_local_kubernetes_executor.py
[2022-12-30T00:14:55.010+0000] {logging_mixin.py:137} INFO - [2022-12-30T00:14:55.010+0000] {dag.py:2676} INFO - Sync 1 DAGs
[2022-12-30T00:14:55.038+0000] {logging_mixin.py:137} INFO - [2022-12-30T00:14:55.037+0000] {dag.py:3427} INFO - Setting next_dagrun for example_local_kubernetes_executor to None, run_after=None
[2022-12-30T00:14:55.051+0000] {processor.py:175} INFO - Processing /home/airflow/.local/lib/python3.7/site-packages/airflow/example_dags/example_local_kubernetes_executor.py took 0.092 seconds
[2022-12-30T00:15:25.374+0000] {processor.py:153} INFO - Started process (PID=37345) to work on /home/airflow/.local/lib/python3.7/site-packages/airflow/example_dags/example_local_kubernetes_executor.py
[2022-12-30T00:15:25.376+0000] {processor.py:743} INFO - Processing file /home/airflow/.local/lib/python3.7/site-packages/airflow/example_dags/example_local_kubernetes_executor.py for tasks to queue
[2022-12-30T00:15:25.377+0000] {logging_mixin.py:137} INFO - [2022-12-30T00:15:25.377+0000] {dagbag.py:538} INFO - Filling up the DagBag from /home/airflow/.local/lib/python3.7/site-packages/airflow/example_dags/example_local_kubernetes_executor.py
[2022-12-30T00:15:25.394+0000] {processor.py:753} INFO - DAG(s) dict_keys(['example_local_kubernetes_executor']) retrieved from /home/airflow/.local/lib/python3.7/site-packages/airflow/example_dags/example_local_kubernetes_executor.py
[2022-12-30T00:15:25.423+0000] {logging_mixin.py:137} INFO - [2022-12-30T00:15:25.422+0000] {dag.py:2676} INFO - Sync 1 DAGs
[2022-12-30T00:15:25.443+0000] {logging_mixin.py:137} INFO - [2022-12-30T00:15:25.443+0000] {dag.py:3427} INFO - Setting next_dagrun for example_local_kubernetes_executor to None, run_after=None
[2022-12-30T00:15:25.454+0000] {processor.py:175} INFO - Processing /home/airflow/.local/lib/python3.7/site-packages/airflow/example_dags/example_local_kubernetes_executor.py took 0.082 seconds
[2022-12-30T00:15:55.736+0000] {processor.py:153} INFO - Started process (PID=37427) to work on /home/airflow/.local/lib/python3.7/site-packages/airflow/example_dags/example_local_kubernetes_executor.py
[2022-12-30T00:15:55.737+0000] {processor.py:743} INFO - Processing file /home/airflow/.local/lib/python3.7/site-packages/airflow/example_dags/example_local_kubernetes_executor.py for tasks to queue
[2022-12-30T00:15:55.737+0000] {logging_mixin.py:137} INFO - [2022-12-30T00:15:55.737+0000] {dagbag.py:538} INFO - Filling up the DagBag from /home/airflow/.local/lib/python3.7/site-packages/airflow/example_dags/example_local_kubernetes_executor.py
[2022-12-30T00:15:55.754+0000] {processor.py:753} INFO - DAG(s) dict_keys(['example_local_kubernetes_executor']) retrieved from /home/airflow/.local/lib/python3.7/site-packages/airflow/example_dags/example_local_kubernetes_executor.py
[2022-12-30T00:15:55.786+0000] {logging_mixin.py:137} INFO - [2022-12-30T00:15:55.786+0000] {dag.py:2676} INFO - Sync 1 DAGs
[2022-12-30T00:15:55.811+0000] {logging_mixin.py:137} INFO - [2022-12-30T00:15:55.811+0000] {dag.py:3427} INFO - Setting next_dagrun for example_local_kubernetes_executor to None, run_after=None
[2022-12-30T00:15:55.827+0000] {processor.py:175} INFO - Processing /home/airflow/.local/lib/python3.7/site-packages/airflow/example_dags/example_local_kubernetes_executor.py took 0.094 seconds
[2022-12-30T00:16:26.616+0000] {processor.py:153} INFO - Started process (PID=37529) to work on /home/airflow/.local/lib/python3.7/site-packages/airflow/example_dags/example_local_kubernetes_executor.py
[2022-12-30T00:16:26.617+0000] {processor.py:743} INFO - Processing file /home/airflow/.local/lib/python3.7/site-packages/airflow/example_dags/example_local_kubernetes_executor.py for tasks to queue
[2022-12-30T00:16:26.618+0000] {logging_mixin.py:137} INFO - [2022-12-30T00:16:26.618+0000] {dagbag.py:538} INFO - Filling up the DagBag from /home/airflow/.local/lib/python3.7/site-packages/airflow/example_dags/example_local_kubernetes_executor.py
[2022-12-30T00:16:26.638+0000] {processor.py:753} INFO - DAG(s) dict_keys(['example_local_kubernetes_executor']) retrieved from /home/airflow/.local/lib/python3.7/site-packages/airflow/example_dags/example_local_kubernetes_executor.py
[2022-12-30T00:16:26.665+0000] {logging_mixin.py:137} INFO - [2022-12-30T00:16:26.665+0000] {dag.py:2676} INFO - Sync 1 DAGs
[2022-12-30T00:16:26.684+0000] {logging_mixin.py:137} INFO - [2022-12-30T00:16:26.684+0000] {dag.py:3427} INFO - Setting next_dagrun for example_local_kubernetes_executor to None, run_after=None
[2022-12-30T00:16:26.700+0000] {processor.py:175} INFO - Processing /home/airflow/.local/lib/python3.7/site-packages/airflow/example_dags/example_local_kubernetes_executor.py took 0.086 seconds
[2022-12-30T00:16:57.114+0000] {processor.py:153} INFO - Started process (PID=37620) to work on /home/airflow/.local/lib/python3.7/site-packages/airflow/example_dags/example_local_kubernetes_executor.py
[2022-12-30T00:16:57.114+0000] {processor.py:743} INFO - Processing file /home/airflow/.local/lib/python3.7/site-packages/airflow/example_dags/example_local_kubernetes_executor.py for tasks to queue
[2022-12-30T00:16:57.115+0000] {logging_mixin.py:137} INFO - [2022-12-30T00:16:57.115+0000] {dagbag.py:538} INFO - Filling up the DagBag from /home/airflow/.local/lib/python3.7/site-packages/airflow/example_dags/example_local_kubernetes_executor.py
[2022-12-30T00:16:57.138+0000] {processor.py:753} INFO - DAG(s) dict_keys(['example_local_kubernetes_executor']) retrieved from /home/airflow/.local/lib/python3.7/site-packages/airflow/example_dags/example_local_kubernetes_executor.py
[2022-12-30T00:16:57.173+0000] {logging_mixin.py:137} INFO - [2022-12-30T00:16:57.172+0000] {dag.py:2676} INFO - Sync 1 DAGs
[2022-12-30T00:16:57.197+0000] {logging_mixin.py:137} INFO - [2022-12-30T00:16:57.197+0000] {dag.py:3427} INFO - Setting next_dagrun for example_local_kubernetes_executor to None, run_after=None
[2022-12-30T00:16:57.211+0000] {processor.py:175} INFO - Processing /home/airflow/.local/lib/python3.7/site-packages/airflow/example_dags/example_local_kubernetes_executor.py took 0.100 seconds
[2022-12-30T00:17:27.592+0000] {processor.py:153} INFO - Started process (PID=37713) to work on /home/airflow/.local/lib/python3.7/site-packages/airflow/example_dags/example_local_kubernetes_executor.py
[2022-12-30T00:17:27.593+0000] {processor.py:743} INFO - Processing file /home/airflow/.local/lib/python3.7/site-packages/airflow/example_dags/example_local_kubernetes_executor.py for tasks to queue
[2022-12-30T00:17:27.593+0000] {logging_mixin.py:137} INFO - [2022-12-30T00:17:27.593+0000] {dagbag.py:538} INFO - Filling up the DagBag from /home/airflow/.local/lib/python3.7/site-packages/airflow/example_dags/example_local_kubernetes_executor.py
[2022-12-30T00:17:27.611+0000] {processor.py:753} INFO - DAG(s) dict_keys(['example_local_kubernetes_executor']) retrieved from /home/airflow/.local/lib/python3.7/site-packages/airflow/example_dags/example_local_kubernetes_executor.py
[2022-12-30T00:17:27.645+0000] {logging_mixin.py:137} INFO - [2022-12-30T00:17:27.644+0000] {dag.py:2676} INFO - Sync 1 DAGs
[2022-12-30T00:17:27.665+0000] {logging_mixin.py:137} INFO - [2022-12-30T00:17:27.664+0000] {dag.py:3427} INFO - Setting next_dagrun for example_local_kubernetes_executor to None, run_after=None
[2022-12-30T00:17:27.678+0000] {processor.py:175} INFO - Processing /home/airflow/.local/lib/python3.7/site-packages/airflow/example_dags/example_local_kubernetes_executor.py took 0.088 seconds
[2022-12-30T00:17:58.260+0000] {processor.py:153} INFO - Started process (PID=37816) to work on /home/airflow/.local/lib/python3.7/site-packages/airflow/example_dags/example_local_kubernetes_executor.py
[2022-12-30T00:17:58.261+0000] {processor.py:743} INFO - Processing file /home/airflow/.local/lib/python3.7/site-packages/airflow/example_dags/example_local_kubernetes_executor.py for tasks to queue
[2022-12-30T00:17:58.262+0000] {logging_mixin.py:137} INFO - [2022-12-30T00:17:58.262+0000] {dagbag.py:538} INFO - Filling up the DagBag from /home/airflow/.local/lib/python3.7/site-packages/airflow/example_dags/example_local_kubernetes_executor.py
[2022-12-30T00:17:58.278+0000] {processor.py:753} INFO - DAG(s) dict_keys(['example_local_kubernetes_executor']) retrieved from /home/airflow/.local/lib/python3.7/site-packages/airflow/example_dags/example_local_kubernetes_executor.py
[2022-12-30T00:17:58.309+0000] {logging_mixin.py:137} INFO - [2022-12-30T00:17:58.308+0000] {dag.py:2676} INFO - Sync 1 DAGs
[2022-12-30T00:17:58.328+0000] {logging_mixin.py:137} INFO - [2022-12-30T00:17:58.327+0000] {dag.py:3427} INFO - Setting next_dagrun for example_local_kubernetes_executor to None, run_after=None
[2022-12-30T00:17:58.339+0000] {processor.py:175} INFO - Processing /home/airflow/.local/lib/python3.7/site-packages/airflow/example_dags/example_local_kubernetes_executor.py took 0.082 seconds
[2022-12-30T00:18:28.726+0000] {processor.py:153} INFO - Started process (PID=37899) to work on /home/airflow/.local/lib/python3.7/site-packages/airflow/example_dags/example_local_kubernetes_executor.py
[2022-12-30T00:18:28.727+0000] {processor.py:743} INFO - Processing file /home/airflow/.local/lib/python3.7/site-packages/airflow/example_dags/example_local_kubernetes_executor.py for tasks to queue
[2022-12-30T00:18:28.728+0000] {logging_mixin.py:137} INFO - [2022-12-30T00:18:28.728+0000] {dagbag.py:538} INFO - Filling up the DagBag from /home/airflow/.local/lib/python3.7/site-packages/airflow/example_dags/example_local_kubernetes_executor.py
[2022-12-30T00:18:28.747+0000] {processor.py:753} INFO - DAG(s) dict_keys(['example_local_kubernetes_executor']) retrieved from /home/airflow/.local/lib/python3.7/site-packages/airflow/example_dags/example_local_kubernetes_executor.py
[2022-12-30T00:18:28.779+0000] {logging_mixin.py:137} INFO - [2022-12-30T00:18:28.779+0000] {dag.py:2676} INFO - Sync 1 DAGs
[2022-12-30T00:18:28.798+0000] {logging_mixin.py:137} INFO - [2022-12-30T00:18:28.798+0000] {dag.py:3427} INFO - Setting next_dagrun for example_local_kubernetes_executor to None, run_after=None
[2022-12-30T00:18:28.814+0000] {processor.py:175} INFO - Processing /home/airflow/.local/lib/python3.7/site-packages/airflow/example_dags/example_local_kubernetes_executor.py took 0.091 seconds
[2022-12-30T00:18:59.170+0000] {processor.py:153} INFO - Started process (PID=38001) to work on /home/airflow/.local/lib/python3.7/site-packages/airflow/example_dags/example_local_kubernetes_executor.py
[2022-12-30T00:18:59.171+0000] {processor.py:743} INFO - Processing file /home/airflow/.local/lib/python3.7/site-packages/airflow/example_dags/example_local_kubernetes_executor.py for tasks to queue
[2022-12-30T00:18:59.171+0000] {logging_mixin.py:137} INFO - [2022-12-30T00:18:59.171+0000] {dagbag.py:538} INFO - Filling up the DagBag from /home/airflow/.local/lib/python3.7/site-packages/airflow/example_dags/example_local_kubernetes_executor.py
[2022-12-30T00:18:59.189+0000] {processor.py:753} INFO - DAG(s) dict_keys(['example_local_kubernetes_executor']) retrieved from /home/airflow/.local/lib/python3.7/site-packages/airflow/example_dags/example_local_kubernetes_executor.py
[2022-12-30T00:18:59.218+0000] {logging_mixin.py:137} INFO - [2022-12-30T00:18:59.218+0000] {dag.py:2676} INFO - Sync 1 DAGs
[2022-12-30T00:18:59.237+0000] {logging_mixin.py:137} INFO - [2022-12-30T00:18:59.237+0000] {dag.py:3427} INFO - Setting next_dagrun for example_local_kubernetes_executor to None, run_after=None
[2022-12-30T00:18:59.253+0000] {processor.py:175} INFO - Processing /home/airflow/.local/lib/python3.7/site-packages/airflow/example_dags/example_local_kubernetes_executor.py took 0.085 seconds
[2022-12-30T00:19:29.790+0000] {processor.py:153} INFO - Started process (PID=38083) to work on /home/airflow/.local/lib/python3.7/site-packages/airflow/example_dags/example_local_kubernetes_executor.py
[2022-12-30T00:19:29.791+0000] {processor.py:743} INFO - Processing file /home/airflow/.local/lib/python3.7/site-packages/airflow/example_dags/example_local_kubernetes_executor.py for tasks to queue
[2022-12-30T00:19:29.791+0000] {logging_mixin.py:137} INFO - [2022-12-30T00:19:29.791+0000] {dagbag.py:538} INFO - Filling up the DagBag from /home/airflow/.local/lib/python3.7/site-packages/airflow/example_dags/example_local_kubernetes_executor.py
[2022-12-30T00:19:29.807+0000] {processor.py:753} INFO - DAG(s) dict_keys(['example_local_kubernetes_executor']) retrieved from /home/airflow/.local/lib/python3.7/site-packages/airflow/example_dags/example_local_kubernetes_executor.py
[2022-12-30T00:19:29.835+0000] {logging_mixin.py:137} INFO - [2022-12-30T00:19:29.835+0000] {dag.py:2676} INFO - Sync 1 DAGs
[2022-12-30T00:19:29.858+0000] {logging_mixin.py:137} INFO - [2022-12-30T00:19:29.858+0000] {dag.py:3427} INFO - Setting next_dagrun for example_local_kubernetes_executor to None, run_after=None
[2022-12-30T00:19:29.870+0000] {processor.py:175} INFO - Processing /home/airflow/.local/lib/python3.7/site-packages/airflow/example_dags/example_local_kubernetes_executor.py took 0.083 seconds
[2022-12-30T00:20:00.541+0000] {processor.py:153} INFO - Started process (PID=38185) to work on /home/airflow/.local/lib/python3.7/site-packages/airflow/example_dags/example_local_kubernetes_executor.py
[2022-12-30T00:20:00.542+0000] {processor.py:743} INFO - Processing file /home/airflow/.local/lib/python3.7/site-packages/airflow/example_dags/example_local_kubernetes_executor.py for tasks to queue
[2022-12-30T00:20:00.542+0000] {logging_mixin.py:137} INFO - [2022-12-30T00:20:00.542+0000] {dagbag.py:538} INFO - Filling up the DagBag from /home/airflow/.local/lib/python3.7/site-packages/airflow/example_dags/example_local_kubernetes_executor.py
[2022-12-30T00:20:00.563+0000] {processor.py:753} INFO - DAG(s) dict_keys(['example_local_kubernetes_executor']) retrieved from /home/airflow/.local/lib/python3.7/site-packages/airflow/example_dags/example_local_kubernetes_executor.py
[2022-12-30T00:20:00.590+0000] {logging_mixin.py:137} INFO - [2022-12-30T00:20:00.590+0000] {dag.py:2676} INFO - Sync 1 DAGs
[2022-12-30T00:20:00.608+0000] {logging_mixin.py:137} INFO - [2022-12-30T00:20:00.608+0000] {dag.py:3427} INFO - Setting next_dagrun for example_local_kubernetes_executor to None, run_after=None
[2022-12-30T00:20:00.621+0000] {processor.py:175} INFO - Processing /home/airflow/.local/lib/python3.7/site-packages/airflow/example_dags/example_local_kubernetes_executor.py took 0.082 seconds
[2022-12-30T00:20:31.288+0000] {processor.py:153} INFO - Started process (PID=38274) to work on /home/airflow/.local/lib/python3.7/site-packages/airflow/example_dags/example_local_kubernetes_executor.py
[2022-12-30T00:20:31.289+0000] {processor.py:743} INFO - Processing file /home/airflow/.local/lib/python3.7/site-packages/airflow/example_dags/example_local_kubernetes_executor.py for tasks to queue
[2022-12-30T00:20:31.289+0000] {logging_mixin.py:137} INFO - [2022-12-30T00:20:31.289+0000] {dagbag.py:538} INFO - Filling up the DagBag from /home/airflow/.local/lib/python3.7/site-packages/airflow/example_dags/example_local_kubernetes_executor.py
[2022-12-30T00:20:31.305+0000] {processor.py:753} INFO - DAG(s) dict_keys(['example_local_kubernetes_executor']) retrieved from /home/airflow/.local/lib/python3.7/site-packages/airflow/example_dags/example_local_kubernetes_executor.py
[2022-12-30T00:20:31.335+0000] {logging_mixin.py:137} INFO - [2022-12-30T00:20:31.335+0000] {dag.py:2676} INFO - Sync 1 DAGs
[2022-12-30T00:20:31.361+0000] {logging_mixin.py:137} INFO - [2022-12-30T00:20:31.361+0000] {dag.py:3427} INFO - Setting next_dagrun for example_local_kubernetes_executor to None, run_after=None
[2022-12-30T00:20:31.375+0000] {processor.py:175} INFO - Processing /home/airflow/.local/lib/python3.7/site-packages/airflow/example_dags/example_local_kubernetes_executor.py took 0.091 seconds
[2022-12-30T00:21:01.642+0000] {processor.py:153} INFO - Started process (PID=38370) to work on /home/airflow/.local/lib/python3.7/site-packages/airflow/example_dags/example_local_kubernetes_executor.py
[2022-12-30T00:21:01.643+0000] {processor.py:743} INFO - Processing file /home/airflow/.local/lib/python3.7/site-packages/airflow/example_dags/example_local_kubernetes_executor.py for tasks to queue
[2022-12-30T00:21:01.644+0000] {logging_mixin.py:137} INFO - [2022-12-30T00:21:01.644+0000] {dagbag.py:538} INFO - Filling up the DagBag from /home/airflow/.local/lib/python3.7/site-packages/airflow/example_dags/example_local_kubernetes_executor.py
[2022-12-30T00:21:01.661+0000] {processor.py:753} INFO - DAG(s) dict_keys(['example_local_kubernetes_executor']) retrieved from /home/airflow/.local/lib/python3.7/site-packages/airflow/example_dags/example_local_kubernetes_executor.py
[2022-12-30T00:21:01.687+0000] {logging_mixin.py:137} INFO - [2022-12-30T00:21:01.687+0000] {dag.py:2676} INFO - Sync 1 DAGs
[2022-12-30T00:21:01.714+0000] {logging_mixin.py:137} INFO - [2022-12-30T00:21:01.714+0000] {dag.py:3427} INFO - Setting next_dagrun for example_local_kubernetes_executor to None, run_after=None
[2022-12-30T00:21:01.731+0000] {processor.py:175} INFO - Processing /home/airflow/.local/lib/python3.7/site-packages/airflow/example_dags/example_local_kubernetes_executor.py took 0.093 seconds
[2022-12-30T00:21:32.452+0000] {processor.py:153} INFO - Started process (PID=38473) to work on /home/airflow/.local/lib/python3.7/site-packages/airflow/example_dags/example_local_kubernetes_executor.py
[2022-12-30T00:21:32.453+0000] {processor.py:743} INFO - Processing file /home/airflow/.local/lib/python3.7/site-packages/airflow/example_dags/example_local_kubernetes_executor.py for tasks to queue
[2022-12-30T00:21:32.454+0000] {logging_mixin.py:137} INFO - [2022-12-30T00:21:32.454+0000] {dagbag.py:538} INFO - Filling up the DagBag from /home/airflow/.local/lib/python3.7/site-packages/airflow/example_dags/example_local_kubernetes_executor.py
[2022-12-30T00:21:32.470+0000] {processor.py:753} INFO - DAG(s) dict_keys(['example_local_kubernetes_executor']) retrieved from /home/airflow/.local/lib/python3.7/site-packages/airflow/example_dags/example_local_kubernetes_executor.py
[2022-12-30T00:21:32.503+0000] {logging_mixin.py:137} INFO - [2022-12-30T00:21:32.503+0000] {dag.py:2676} INFO - Sync 1 DAGs
[2022-12-30T00:21:32.521+0000] {logging_mixin.py:137} INFO - [2022-12-30T00:21:32.521+0000] {dag.py:3427} INFO - Setting next_dagrun for example_local_kubernetes_executor to None, run_after=None
[2022-12-30T00:21:32.537+0000] {processor.py:175} INFO - Processing /home/airflow/.local/lib/python3.7/site-packages/airflow/example_dags/example_local_kubernetes_executor.py took 0.088 seconds
[2022-12-30T00:22:02.876+0000] {processor.py:153} INFO - Started process (PID=38555) to work on /home/airflow/.local/lib/python3.7/site-packages/airflow/example_dags/example_local_kubernetes_executor.py
[2022-12-30T00:22:02.878+0000] {processor.py:743} INFO - Processing file /home/airflow/.local/lib/python3.7/site-packages/airflow/example_dags/example_local_kubernetes_executor.py for tasks to queue
[2022-12-30T00:22:02.878+0000] {logging_mixin.py:137} INFO - [2022-12-30T00:22:02.878+0000] {dagbag.py:538} INFO - Filling up the DagBag from /home/airflow/.local/lib/python3.7/site-packages/airflow/example_dags/example_local_kubernetes_executor.py
[2022-12-30T00:22:02.895+0000] {processor.py:753} INFO - DAG(s) dict_keys(['example_local_kubernetes_executor']) retrieved from /home/airflow/.local/lib/python3.7/site-packages/airflow/example_dags/example_local_kubernetes_executor.py
[2022-12-30T00:22:02.928+0000] {logging_mixin.py:137} INFO - [2022-12-30T00:22:02.927+0000] {dag.py:2676} INFO - Sync 1 DAGs
[2022-12-30T00:22:02.947+0000] {logging_mixin.py:137} INFO - [2022-12-30T00:22:02.947+0000] {dag.py:3427} INFO - Setting next_dagrun for example_local_kubernetes_executor to None, run_after=None
[2022-12-30T00:22:02.958+0000] {processor.py:175} INFO - Processing /home/airflow/.local/lib/python3.7/site-packages/airflow/example_dags/example_local_kubernetes_executor.py took 0.086 seconds
[2022-12-30T00:22:33.545+0000] {processor.py:153} INFO - Started process (PID=38657) to work on /home/airflow/.local/lib/python3.7/site-packages/airflow/example_dags/example_local_kubernetes_executor.py
[2022-12-30T00:22:33.546+0000] {processor.py:743} INFO - Processing file /home/airflow/.local/lib/python3.7/site-packages/airflow/example_dags/example_local_kubernetes_executor.py for tasks to queue
[2022-12-30T00:22:33.546+0000] {logging_mixin.py:137} INFO - [2022-12-30T00:22:33.546+0000] {dagbag.py:538} INFO - Filling up the DagBag from /home/airflow/.local/lib/python3.7/site-packages/airflow/example_dags/example_local_kubernetes_executor.py
[2022-12-30T00:22:33.563+0000] {processor.py:753} INFO - DAG(s) dict_keys(['example_local_kubernetes_executor']) retrieved from /home/airflow/.local/lib/python3.7/site-packages/airflow/example_dags/example_local_kubernetes_executor.py
[2022-12-30T00:22:33.595+0000] {logging_mixin.py:137} INFO - [2022-12-30T00:22:33.595+0000] {dag.py:2676} INFO - Sync 1 DAGs
[2022-12-30T00:22:33.616+0000] {logging_mixin.py:137} INFO - [2022-12-30T00:22:33.616+0000] {dag.py:3427} INFO - Setting next_dagrun for example_local_kubernetes_executor to None, run_after=None
[2022-12-30T00:22:33.631+0000] {processor.py:175} INFO - Processing /home/airflow/.local/lib/python3.7/site-packages/airflow/example_dags/example_local_kubernetes_executor.py took 0.089 seconds
[2022-12-30T00:23:04.078+0000] {processor.py:153} INFO - Started process (PID=38739) to work on /home/airflow/.local/lib/python3.7/site-packages/airflow/example_dags/example_local_kubernetes_executor.py
[2022-12-30T00:23:04.079+0000] {processor.py:743} INFO - Processing file /home/airflow/.local/lib/python3.7/site-packages/airflow/example_dags/example_local_kubernetes_executor.py for tasks to queue
[2022-12-30T00:23:04.080+0000] {logging_mixin.py:137} INFO - [2022-12-30T00:23:04.080+0000] {dagbag.py:538} INFO - Filling up the DagBag from /home/airflow/.local/lib/python3.7/site-packages/airflow/example_dags/example_local_kubernetes_executor.py
[2022-12-30T00:23:04.096+0000] {processor.py:753} INFO - DAG(s) dict_keys(['example_local_kubernetes_executor']) retrieved from /home/airflow/.local/lib/python3.7/site-packages/airflow/example_dags/example_local_kubernetes_executor.py
[2022-12-30T00:23:04.127+0000] {logging_mixin.py:137} INFO - [2022-12-30T00:23:04.127+0000] {dag.py:2676} INFO - Sync 1 DAGs
[2022-12-30T00:23:04.146+0000] {logging_mixin.py:137} INFO - [2022-12-30T00:23:04.146+0000] {dag.py:3427} INFO - Setting next_dagrun for example_local_kubernetes_executor to None, run_after=None
[2022-12-30T00:23:04.161+0000] {processor.py:175} INFO - Processing /home/airflow/.local/lib/python3.7/site-packages/airflow/example_dags/example_local_kubernetes_executor.py took 0.087 seconds
[2022-12-30T00:23:35.071+0000] {processor.py:153} INFO - Started process (PID=38841) to work on /home/airflow/.local/lib/python3.7/site-packages/airflow/example_dags/example_local_kubernetes_executor.py
[2022-12-30T00:23:35.071+0000] {processor.py:743} INFO - Processing file /home/airflow/.local/lib/python3.7/site-packages/airflow/example_dags/example_local_kubernetes_executor.py for tasks to queue
[2022-12-30T00:23:35.072+0000] {logging_mixin.py:137} INFO - [2022-12-30T00:23:35.072+0000] {dagbag.py:538} INFO - Filling up the DagBag from /home/airflow/.local/lib/python3.7/site-packages/airflow/example_dags/example_local_kubernetes_executor.py
[2022-12-30T00:23:35.088+0000] {processor.py:753} INFO - DAG(s) dict_keys(['example_local_kubernetes_executor']) retrieved from /home/airflow/.local/lib/python3.7/site-packages/airflow/example_dags/example_local_kubernetes_executor.py
[2022-12-30T00:23:35.121+0000] {logging_mixin.py:137} INFO - [2022-12-30T00:23:35.121+0000] {dag.py:2676} INFO - Sync 1 DAGs
[2022-12-30T00:23:35.140+0000] {logging_mixin.py:137} INFO - [2022-12-30T00:23:35.140+0000] {dag.py:3427} INFO - Setting next_dagrun for example_local_kubernetes_executor to None, run_after=None
[2022-12-30T00:23:35.153+0000] {processor.py:175} INFO - Processing /home/airflow/.local/lib/python3.7/site-packages/airflow/example_dags/example_local_kubernetes_executor.py took 0.085 seconds
[2022-12-30T00:24:05.807+0000] {processor.py:153} INFO - Started process (PID=38932) to work on /home/airflow/.local/lib/python3.7/site-packages/airflow/example_dags/example_local_kubernetes_executor.py
[2022-12-30T00:24:05.808+0000] {processor.py:743} INFO - Processing file /home/airflow/.local/lib/python3.7/site-packages/airflow/example_dags/example_local_kubernetes_executor.py for tasks to queue
[2022-12-30T00:24:05.809+0000] {logging_mixin.py:137} INFO - [2022-12-30T00:24:05.808+0000] {dagbag.py:538} INFO - Filling up the DagBag from /home/airflow/.local/lib/python3.7/site-packages/airflow/example_dags/example_local_kubernetes_executor.py
[2022-12-30T00:24:05.826+0000] {processor.py:753} INFO - DAG(s) dict_keys(['example_local_kubernetes_executor']) retrieved from /home/airflow/.local/lib/python3.7/site-packages/airflow/example_dags/example_local_kubernetes_executor.py
[2022-12-30T00:24:05.860+0000] {logging_mixin.py:137} INFO - [2022-12-30T00:24:05.860+0000] {dag.py:2676} INFO - Sync 1 DAGs
[2022-12-30T00:24:05.881+0000] {logging_mixin.py:137} INFO - [2022-12-30T00:24:05.880+0000] {dag.py:3427} INFO - Setting next_dagrun for example_local_kubernetes_executor to None, run_after=None
[2022-12-30T00:24:05.899+0000] {processor.py:175} INFO - Processing /home/airflow/.local/lib/python3.7/site-packages/airflow/example_dags/example_local_kubernetes_executor.py took 0.095 seconds
[2022-12-30T00:24:35.955+0000] {processor.py:153} INFO - Started process (PID=39025) to work on /home/airflow/.local/lib/python3.7/site-packages/airflow/example_dags/example_local_kubernetes_executor.py
[2022-12-30T00:24:35.956+0000] {processor.py:743} INFO - Processing file /home/airflow/.local/lib/python3.7/site-packages/airflow/example_dags/example_local_kubernetes_executor.py for tasks to queue
[2022-12-30T00:24:35.957+0000] {logging_mixin.py:137} INFO - [2022-12-30T00:24:35.957+0000] {dagbag.py:538} INFO - Filling up the DagBag from /home/airflow/.local/lib/python3.7/site-packages/airflow/example_dags/example_local_kubernetes_executor.py
[2022-12-30T00:24:35.974+0000] {processor.py:753} INFO - DAG(s) dict_keys(['example_local_kubernetes_executor']) retrieved from /home/airflow/.local/lib/python3.7/site-packages/airflow/example_dags/example_local_kubernetes_executor.py
[2022-12-30T00:24:36.003+0000] {logging_mixin.py:137} INFO - [2022-12-30T00:24:36.003+0000] {dag.py:2676} INFO - Sync 1 DAGs
[2022-12-30T00:24:36.021+0000] {logging_mixin.py:137} INFO - [2022-12-30T00:24:36.021+0000] {dag.py:3427} INFO - Setting next_dagrun for example_local_kubernetes_executor to None, run_after=None
[2022-12-30T00:24:36.036+0000] {processor.py:175} INFO - Processing /home/airflow/.local/lib/python3.7/site-packages/airflow/example_dags/example_local_kubernetes_executor.py took 0.084 seconds
[2022-12-30T00:25:06.367+0000] {processor.py:153} INFO - Started process (PID=39127) to work on /home/airflow/.local/lib/python3.7/site-packages/airflow/example_dags/example_local_kubernetes_executor.py
[2022-12-30T00:25:06.368+0000] {processor.py:743} INFO - Processing file /home/airflow/.local/lib/python3.7/site-packages/airflow/example_dags/example_local_kubernetes_executor.py for tasks to queue
[2022-12-30T00:25:06.369+0000] {logging_mixin.py:137} INFO - [2022-12-30T00:25:06.368+0000] {dagbag.py:538} INFO - Filling up the DagBag from /home/airflow/.local/lib/python3.7/site-packages/airflow/example_dags/example_local_kubernetes_executor.py
[2022-12-30T00:25:06.385+0000] {processor.py:753} INFO - DAG(s) dict_keys(['example_local_kubernetes_executor']) retrieved from /home/airflow/.local/lib/python3.7/site-packages/airflow/example_dags/example_local_kubernetes_executor.py
[2022-12-30T00:25:06.416+0000] {logging_mixin.py:137} INFO - [2022-12-30T00:25:06.416+0000] {dag.py:2676} INFO - Sync 1 DAGs
[2022-12-30T00:25:06.437+0000] {logging_mixin.py:137} INFO - [2022-12-30T00:25:06.437+0000] {dag.py:3427} INFO - Setting next_dagrun for example_local_kubernetes_executor to None, run_after=None
[2022-12-30T00:25:06.450+0000] {processor.py:175} INFO - Processing /home/airflow/.local/lib/python3.7/site-packages/airflow/example_dags/example_local_kubernetes_executor.py took 0.085 seconds
[2022-12-30T00:25:36.868+0000] {processor.py:153} INFO - Started process (PID=39209) to work on /home/airflow/.local/lib/python3.7/site-packages/airflow/example_dags/example_local_kubernetes_executor.py
[2022-12-30T00:25:36.869+0000] {processor.py:743} INFO - Processing file /home/airflow/.local/lib/python3.7/site-packages/airflow/example_dags/example_local_kubernetes_executor.py for tasks to queue
[2022-12-30T00:25:36.870+0000] {logging_mixin.py:137} INFO - [2022-12-30T00:25:36.869+0000] {dagbag.py:538} INFO - Filling up the DagBag from /home/airflow/.local/lib/python3.7/site-packages/airflow/example_dags/example_local_kubernetes_executor.py
[2022-12-30T00:25:36.887+0000] {processor.py:753} INFO - DAG(s) dict_keys(['example_local_kubernetes_executor']) retrieved from /home/airflow/.local/lib/python3.7/site-packages/airflow/example_dags/example_local_kubernetes_executor.py
[2022-12-30T00:25:36.920+0000] {logging_mixin.py:137} INFO - [2022-12-30T00:25:36.920+0000] {dag.py:2676} INFO - Sync 1 DAGs
[2022-12-30T00:25:36.944+0000] {logging_mixin.py:137} INFO - [2022-12-30T00:25:36.944+0000] {dag.py:3427} INFO - Setting next_dagrun for example_local_kubernetes_executor to None, run_after=None
[2022-12-30T00:25:36.961+0000] {processor.py:175} INFO - Processing /home/airflow/.local/lib/python3.7/site-packages/airflow/example_dags/example_local_kubernetes_executor.py took 0.097 seconds
[2022-12-30T00:26:07.549+0000] {processor.py:153} INFO - Started process (PID=39311) to work on /home/airflow/.local/lib/python3.7/site-packages/airflow/example_dags/example_local_kubernetes_executor.py
[2022-12-30T00:26:07.550+0000] {processor.py:743} INFO - Processing file /home/airflow/.local/lib/python3.7/site-packages/airflow/example_dags/example_local_kubernetes_executor.py for tasks to queue
[2022-12-30T00:26:07.550+0000] {logging_mixin.py:137} INFO - [2022-12-30T00:26:07.550+0000] {dagbag.py:538} INFO - Filling up the DagBag from /home/airflow/.local/lib/python3.7/site-packages/airflow/example_dags/example_local_kubernetes_executor.py
[2022-12-30T00:26:07.566+0000] {processor.py:753} INFO - DAG(s) dict_keys(['example_local_kubernetes_executor']) retrieved from /home/airflow/.local/lib/python3.7/site-packages/airflow/example_dags/example_local_kubernetes_executor.py
[2022-12-30T00:26:07.597+0000] {logging_mixin.py:137} INFO - [2022-12-30T00:26:07.597+0000] {dag.py:2676} INFO - Sync 1 DAGs
[2022-12-30T00:26:07.615+0000] {logging_mixin.py:137} INFO - [2022-12-30T00:26:07.615+0000] {dag.py:3427} INFO - Setting next_dagrun for example_local_kubernetes_executor to None, run_after=None
[2022-12-30T00:26:07.628+0000] {processor.py:175} INFO - Processing /home/airflow/.local/lib/python3.7/site-packages/airflow/example_dags/example_local_kubernetes_executor.py took 0.082 seconds
[2022-12-30T00:26:37.993+0000] {processor.py:153} INFO - Started process (PID=39393) to work on /home/airflow/.local/lib/python3.7/site-packages/airflow/example_dags/example_local_kubernetes_executor.py
[2022-12-30T00:26:37.994+0000] {processor.py:743} INFO - Processing file /home/airflow/.local/lib/python3.7/site-packages/airflow/example_dags/example_local_kubernetes_executor.py for tasks to queue
[2022-12-30T00:26:37.994+0000] {logging_mixin.py:137} INFO - [2022-12-30T00:26:37.994+0000] {dagbag.py:538} INFO - Filling up the DagBag from /home/airflow/.local/lib/python3.7/site-packages/airflow/example_dags/example_local_kubernetes_executor.py
[2022-12-30T00:26:38.012+0000] {processor.py:753} INFO - DAG(s) dict_keys(['example_local_kubernetes_executor']) retrieved from /home/airflow/.local/lib/python3.7/site-packages/airflow/example_dags/example_local_kubernetes_executor.py
[2022-12-30T00:26:38.048+0000] {logging_mixin.py:137} INFO - [2022-12-30T00:26:38.048+0000] {dag.py:2676} INFO - Sync 1 DAGs
[2022-12-30T00:26:38.067+0000] {logging_mixin.py:137} INFO - [2022-12-30T00:26:38.067+0000] {dag.py:3427} INFO - Setting next_dagrun for example_local_kubernetes_executor to None, run_after=None
[2022-12-30T00:26:38.078+0000] {processor.py:175} INFO - Processing /home/airflow/.local/lib/python3.7/site-packages/airflow/example_dags/example_local_kubernetes_executor.py took 0.088 seconds
[2022-12-30T00:27:08.183+0000] {processor.py:153} INFO - Started process (PID=39496) to work on /home/airflow/.local/lib/python3.7/site-packages/airflow/example_dags/example_local_kubernetes_executor.py
[2022-12-30T00:27:08.184+0000] {processor.py:743} INFO - Processing file /home/airflow/.local/lib/python3.7/site-packages/airflow/example_dags/example_local_kubernetes_executor.py for tasks to queue
[2022-12-30T00:27:08.184+0000] {logging_mixin.py:137} INFO - [2022-12-30T00:27:08.184+0000] {dagbag.py:538} INFO - Filling up the DagBag from /home/airflow/.local/lib/python3.7/site-packages/airflow/example_dags/example_local_kubernetes_executor.py
[2022-12-30T00:27:08.200+0000] {processor.py:753} INFO - DAG(s) dict_keys(['example_local_kubernetes_executor']) retrieved from /home/airflow/.local/lib/python3.7/site-packages/airflow/example_dags/example_local_kubernetes_executor.py
[2022-12-30T00:27:08.228+0000] {logging_mixin.py:137} INFO - [2022-12-30T00:27:08.228+0000] {dag.py:2676} INFO - Sync 1 DAGs
[2022-12-30T00:27:08.249+0000] {logging_mixin.py:137} INFO - [2022-12-30T00:27:08.249+0000] {dag.py:3427} INFO - Setting next_dagrun for example_local_kubernetes_executor to None, run_after=None
[2022-12-30T00:27:08.263+0000] {processor.py:175} INFO - Processing /home/airflow/.local/lib/python3.7/site-packages/airflow/example_dags/example_local_kubernetes_executor.py took 0.083 seconds
[2022-12-30T00:27:38.896+0000] {processor.py:153} INFO - Started process (PID=39578) to work on /home/airflow/.local/lib/python3.7/site-packages/airflow/example_dags/example_local_kubernetes_executor.py
[2022-12-30T00:27:38.900+0000] {processor.py:743} INFO - Processing file /home/airflow/.local/lib/python3.7/site-packages/airflow/example_dags/example_local_kubernetes_executor.py for tasks to queue
[2022-12-30T00:27:38.900+0000] {logging_mixin.py:137} INFO - [2022-12-30T00:27:38.900+0000] {dagbag.py:538} INFO - Filling up the DagBag from /home/airflow/.local/lib/python3.7/site-packages/airflow/example_dags/example_local_kubernetes_executor.py
[2022-12-30T00:27:38.918+0000] {processor.py:753} INFO - DAG(s) dict_keys(['example_local_kubernetes_executor']) retrieved from /home/airflow/.local/lib/python3.7/site-packages/airflow/example_dags/example_local_kubernetes_executor.py
[2022-12-30T00:27:38.946+0000] {logging_mixin.py:137} INFO - [2022-12-30T00:27:38.946+0000] {dag.py:2676} INFO - Sync 1 DAGs
[2022-12-30T00:27:38.966+0000] {logging_mixin.py:137} INFO - [2022-12-30T00:27:38.966+0000] {dag.py:3427} INFO - Setting next_dagrun for example_local_kubernetes_executor to None, run_after=None
[2022-12-30T00:27:38.979+0000] {processor.py:175} INFO - Processing /home/airflow/.local/lib/python3.7/site-packages/airflow/example_dags/example_local_kubernetes_executor.py took 0.086 seconds
[2022-12-30T00:28:09.083+0000] {processor.py:153} INFO - Started process (PID=39680) to work on /home/airflow/.local/lib/python3.7/site-packages/airflow/example_dags/example_local_kubernetes_executor.py
[2022-12-30T00:28:09.084+0000] {processor.py:743} INFO - Processing file /home/airflow/.local/lib/python3.7/site-packages/airflow/example_dags/example_local_kubernetes_executor.py for tasks to queue
[2022-12-30T00:28:09.084+0000] {logging_mixin.py:137} INFO - [2022-12-30T00:28:09.084+0000] {dagbag.py:538} INFO - Filling up the DagBag from /home/airflow/.local/lib/python3.7/site-packages/airflow/example_dags/example_local_kubernetes_executor.py
[2022-12-30T00:28:09.103+0000] {processor.py:753} INFO - DAG(s) dict_keys(['example_local_kubernetes_executor']) retrieved from /home/airflow/.local/lib/python3.7/site-packages/airflow/example_dags/example_local_kubernetes_executor.py
[2022-12-30T00:28:09.138+0000] {logging_mixin.py:137} INFO - [2022-12-30T00:28:09.138+0000] {dag.py:2676} INFO - Sync 1 DAGs
[2022-12-30T00:28:09.162+0000] {logging_mixin.py:137} INFO - [2022-12-30T00:28:09.162+0000] {dag.py:3427} INFO - Setting next_dagrun for example_local_kubernetes_executor to None, run_after=None
[2022-12-30T00:28:09.174+0000] {processor.py:175} INFO - Processing /home/airflow/.local/lib/python3.7/site-packages/airflow/example_dags/example_local_kubernetes_executor.py took 0.095 seconds
[2022-12-30T00:28:39.629+0000] {processor.py:153} INFO - Started process (PID=39771) to work on /home/airflow/.local/lib/python3.7/site-packages/airflow/example_dags/example_local_kubernetes_executor.py
[2022-12-30T00:28:39.630+0000] {processor.py:743} INFO - Processing file /home/airflow/.local/lib/python3.7/site-packages/airflow/example_dags/example_local_kubernetes_executor.py for tasks to queue
[2022-12-30T00:28:39.631+0000] {logging_mixin.py:137} INFO - [2022-12-30T00:28:39.631+0000] {dagbag.py:538} INFO - Filling up the DagBag from /home/airflow/.local/lib/python3.7/site-packages/airflow/example_dags/example_local_kubernetes_executor.py
[2022-12-30T00:28:39.649+0000] {processor.py:753} INFO - DAG(s) dict_keys(['example_local_kubernetes_executor']) retrieved from /home/airflow/.local/lib/python3.7/site-packages/airflow/example_dags/example_local_kubernetes_executor.py
[2022-12-30T00:28:39.686+0000] {logging_mixin.py:137} INFO - [2022-12-30T00:28:39.686+0000] {dag.py:2676} INFO - Sync 1 DAGs
[2022-12-30T00:28:39.716+0000] {logging_mixin.py:137} INFO - [2022-12-30T00:28:39.715+0000] {dag.py:3427} INFO - Setting next_dagrun for example_local_kubernetes_executor to None, run_after=None
[2022-12-30T00:28:39.735+0000] {processor.py:175} INFO - Processing /home/airflow/.local/lib/python3.7/site-packages/airflow/example_dags/example_local_kubernetes_executor.py took 0.110 seconds
[2022-12-30T00:29:09.895+0000] {processor.py:153} INFO - Started process (PID=39864) to work on /home/airflow/.local/lib/python3.7/site-packages/airflow/example_dags/example_local_kubernetes_executor.py
[2022-12-30T00:29:09.896+0000] {processor.py:743} INFO - Processing file /home/airflow/.local/lib/python3.7/site-packages/airflow/example_dags/example_local_kubernetes_executor.py for tasks to queue
[2022-12-30T00:29:09.897+0000] {logging_mixin.py:137} INFO - [2022-12-30T00:29:09.897+0000] {dagbag.py:538} INFO - Filling up the DagBag from /home/airflow/.local/lib/python3.7/site-packages/airflow/example_dags/example_local_kubernetes_executor.py
[2022-12-30T00:29:09.914+0000] {processor.py:753} INFO - DAG(s) dict_keys(['example_local_kubernetes_executor']) retrieved from /home/airflow/.local/lib/python3.7/site-packages/airflow/example_dags/example_local_kubernetes_executor.py
[2022-12-30T00:29:09.951+0000] {logging_mixin.py:137} INFO - [2022-12-30T00:29:09.950+0000] {dag.py:2676} INFO - Sync 1 DAGs
[2022-12-30T00:29:09.976+0000] {logging_mixin.py:137} INFO - [2022-12-30T00:29:09.976+0000] {dag.py:3427} INFO - Setting next_dagrun for example_local_kubernetes_executor to None, run_after=None
[2022-12-30T00:29:09.993+0000] {processor.py:175} INFO - Processing /home/airflow/.local/lib/python3.7/site-packages/airflow/example_dags/example_local_kubernetes_executor.py took 0.101 seconds
[2022-12-30T00:29:40.209+0000] {processor.py:153} INFO - Started process (PID=39955) to work on /home/airflow/.local/lib/python3.7/site-packages/airflow/example_dags/example_local_kubernetes_executor.py
[2022-12-30T00:29:40.209+0000] {processor.py:743} INFO - Processing file /home/airflow/.local/lib/python3.7/site-packages/airflow/example_dags/example_local_kubernetes_executor.py for tasks to queue
[2022-12-30T00:29:40.210+0000] {logging_mixin.py:137} INFO - [2022-12-30T00:29:40.210+0000] {dagbag.py:538} INFO - Filling up the DagBag from /home/airflow/.local/lib/python3.7/site-packages/airflow/example_dags/example_local_kubernetes_executor.py
[2022-12-30T00:29:40.228+0000] {processor.py:753} INFO - DAG(s) dict_keys(['example_local_kubernetes_executor']) retrieved from /home/airflow/.local/lib/python3.7/site-packages/airflow/example_dags/example_local_kubernetes_executor.py
[2022-12-30T00:29:40.266+0000] {logging_mixin.py:137} INFO - [2022-12-30T00:29:40.266+0000] {dag.py:2676} INFO - Sync 1 DAGs
[2022-12-30T00:29:40.288+0000] {logging_mixin.py:137} INFO - [2022-12-30T00:29:40.288+0000] {dag.py:3427} INFO - Setting next_dagrun for example_local_kubernetes_executor to None, run_after=None
[2022-12-30T00:29:40.301+0000] {processor.py:175} INFO - Processing /home/airflow/.local/lib/python3.7/site-packages/airflow/example_dags/example_local_kubernetes_executor.py took 0.095 seconds
[2022-12-30T00:30:10.831+0000] {processor.py:153} INFO - Started process (PID=40048) to work on /home/airflow/.local/lib/python3.7/site-packages/airflow/example_dags/example_local_kubernetes_executor.py
[2022-12-30T00:30:10.831+0000] {processor.py:743} INFO - Processing file /home/airflow/.local/lib/python3.7/site-packages/airflow/example_dags/example_local_kubernetes_executor.py for tasks to queue
[2022-12-30T00:30:10.832+0000] {logging_mixin.py:137} INFO - [2022-12-30T00:30:10.832+0000] {dagbag.py:538} INFO - Filling up the DagBag from /home/airflow/.local/lib/python3.7/site-packages/airflow/example_dags/example_local_kubernetes_executor.py
[2022-12-30T00:30:10.850+0000] {processor.py:753} INFO - DAG(s) dict_keys(['example_local_kubernetes_executor']) retrieved from /home/airflow/.local/lib/python3.7/site-packages/airflow/example_dags/example_local_kubernetes_executor.py
[2022-12-30T00:30:10.878+0000] {logging_mixin.py:137} INFO - [2022-12-30T00:30:10.878+0000] {dag.py:2676} INFO - Sync 1 DAGs
[2022-12-30T00:30:10.898+0000] {logging_mixin.py:137} INFO - [2022-12-30T00:30:10.898+0000] {dag.py:3427} INFO - Setting next_dagrun for example_local_kubernetes_executor to None, run_after=None
[2022-12-30T00:30:10.912+0000] {processor.py:175} INFO - Processing /home/airflow/.local/lib/python3.7/site-packages/airflow/example_dags/example_local_kubernetes_executor.py took 0.084 seconds
[2022-12-30T00:30:41.334+0000] {processor.py:153} INFO - Started process (PID=40150) to work on /home/airflow/.local/lib/python3.7/site-packages/airflow/example_dags/example_local_kubernetes_executor.py
[2022-12-30T00:30:41.336+0000] {processor.py:743} INFO - Processing file /home/airflow/.local/lib/python3.7/site-packages/airflow/example_dags/example_local_kubernetes_executor.py for tasks to queue
[2022-12-30T00:30:41.336+0000] {logging_mixin.py:137} INFO - [2022-12-30T00:30:41.336+0000] {dagbag.py:538} INFO - Filling up the DagBag from /home/airflow/.local/lib/python3.7/site-packages/airflow/example_dags/example_local_kubernetes_executor.py
[2022-12-30T00:30:41.355+0000] {processor.py:753} INFO - DAG(s) dict_keys(['example_local_kubernetes_executor']) retrieved from /home/airflow/.local/lib/python3.7/site-packages/airflow/example_dags/example_local_kubernetes_executor.py
[2022-12-30T00:30:41.395+0000] {logging_mixin.py:137} INFO - [2022-12-30T00:30:41.394+0000] {dag.py:2676} INFO - Sync 1 DAGs
[2022-12-30T00:30:41.425+0000] {logging_mixin.py:137} INFO - [2022-12-30T00:30:41.425+0000] {dag.py:3427} INFO - Setting next_dagrun for example_local_kubernetes_executor to None, run_after=None
[2022-12-30T00:30:41.443+0000] {processor.py:175} INFO - Processing /home/airflow/.local/lib/python3.7/site-packages/airflow/example_dags/example_local_kubernetes_executor.py took 0.111 seconds
[2022-12-30T00:31:11.843+0000] {processor.py:153} INFO - Started process (PID=40232) to work on /home/airflow/.local/lib/python3.7/site-packages/airflow/example_dags/example_local_kubernetes_executor.py
[2022-12-30T00:31:11.844+0000] {processor.py:743} INFO - Processing file /home/airflow/.local/lib/python3.7/site-packages/airflow/example_dags/example_local_kubernetes_executor.py for tasks to queue
[2022-12-30T00:31:11.845+0000] {logging_mixin.py:137} INFO - [2022-12-30T00:31:11.845+0000] {dagbag.py:538} INFO - Filling up the DagBag from /home/airflow/.local/lib/python3.7/site-packages/airflow/example_dags/example_local_kubernetes_executor.py
[2022-12-30T00:31:11.862+0000] {processor.py:753} INFO - DAG(s) dict_keys(['example_local_kubernetes_executor']) retrieved from /home/airflow/.local/lib/python3.7/site-packages/airflow/example_dags/example_local_kubernetes_executor.py
[2022-12-30T00:31:11.894+0000] {logging_mixin.py:137} INFO - [2022-12-30T00:31:11.893+0000] {dag.py:2676} INFO - Sync 1 DAGs
[2022-12-30T00:31:11.912+0000] {logging_mixin.py:137} INFO - [2022-12-30T00:31:11.911+0000] {dag.py:3427} INFO - Setting next_dagrun for example_local_kubernetes_executor to None, run_after=None
[2022-12-30T00:31:11.926+0000] {processor.py:175} INFO - Processing /home/airflow/.local/lib/python3.7/site-packages/airflow/example_dags/example_local_kubernetes_executor.py took 0.086 seconds
[2022-12-30T00:31:42.401+0000] {processor.py:153} INFO - Started process (PID=40334) to work on /home/airflow/.local/lib/python3.7/site-packages/airflow/example_dags/example_local_kubernetes_executor.py
[2022-12-30T00:31:42.401+0000] {processor.py:743} INFO - Processing file /home/airflow/.local/lib/python3.7/site-packages/airflow/example_dags/example_local_kubernetes_executor.py for tasks to queue
[2022-12-30T00:31:42.402+0000] {logging_mixin.py:137} INFO - [2022-12-30T00:31:42.402+0000] {dagbag.py:538} INFO - Filling up the DagBag from /home/airflow/.local/lib/python3.7/site-packages/airflow/example_dags/example_local_kubernetes_executor.py
[2022-12-30T00:31:42.419+0000] {processor.py:753} INFO - DAG(s) dict_keys(['example_local_kubernetes_executor']) retrieved from /home/airflow/.local/lib/python3.7/site-packages/airflow/example_dags/example_local_kubernetes_executor.py
[2022-12-30T00:31:42.451+0000] {logging_mixin.py:137} INFO - [2022-12-30T00:31:42.451+0000] {dag.py:2676} INFO - Sync 1 DAGs
[2022-12-30T00:31:42.470+0000] {logging_mixin.py:137} INFO - [2022-12-30T00:31:42.470+0000] {dag.py:3427} INFO - Setting next_dagrun for example_local_kubernetes_executor to None, run_after=None
[2022-12-30T00:31:42.485+0000] {processor.py:175} INFO - Processing /home/airflow/.local/lib/python3.7/site-packages/airflow/example_dags/example_local_kubernetes_executor.py took 0.088 seconds
[2022-12-30T00:32:12.615+0000] {processor.py:153} INFO - Started process (PID=40417) to work on /home/airflow/.local/lib/python3.7/site-packages/airflow/example_dags/example_local_kubernetes_executor.py
[2022-12-30T00:32:12.615+0000] {processor.py:743} INFO - Processing file /home/airflow/.local/lib/python3.7/site-packages/airflow/example_dags/example_local_kubernetes_executor.py for tasks to queue
[2022-12-30T00:32:12.616+0000] {logging_mixin.py:137} INFO - [2022-12-30T00:32:12.616+0000] {dagbag.py:538} INFO - Filling up the DagBag from /home/airflow/.local/lib/python3.7/site-packages/airflow/example_dags/example_local_kubernetes_executor.py
[2022-12-30T00:32:12.632+0000] {processor.py:753} INFO - DAG(s) dict_keys(['example_local_kubernetes_executor']) retrieved from /home/airflow/.local/lib/python3.7/site-packages/airflow/example_dags/example_local_kubernetes_executor.py
[2022-12-30T00:32:12.660+0000] {logging_mixin.py:137} INFO - [2022-12-30T00:32:12.660+0000] {dag.py:2676} INFO - Sync 1 DAGs
[2022-12-30T00:32:12.680+0000] {logging_mixin.py:137} INFO - [2022-12-30T00:32:12.680+0000] {dag.py:3427} INFO - Setting next_dagrun for example_local_kubernetes_executor to None, run_after=None
[2022-12-30T00:32:12.693+0000] {processor.py:175} INFO - Processing /home/airflow/.local/lib/python3.7/site-packages/airflow/example_dags/example_local_kubernetes_executor.py took 0.081 seconds
[2022-12-30T00:32:42.980+0000] {processor.py:153} INFO - Started process (PID=40519) to work on /home/airflow/.local/lib/python3.7/site-packages/airflow/example_dags/example_local_kubernetes_executor.py
[2022-12-30T00:32:42.984+0000] {processor.py:743} INFO - Processing file /home/airflow/.local/lib/python3.7/site-packages/airflow/example_dags/example_local_kubernetes_executor.py for tasks to queue
[2022-12-30T00:32:42.984+0000] {logging_mixin.py:137} INFO - [2022-12-30T00:32:42.984+0000] {dagbag.py:538} INFO - Filling up the DagBag from /home/airflow/.local/lib/python3.7/site-packages/airflow/example_dags/example_local_kubernetes_executor.py
[2022-12-30T00:32:43.001+0000] {processor.py:753} INFO - DAG(s) dict_keys(['example_local_kubernetes_executor']) retrieved from /home/airflow/.local/lib/python3.7/site-packages/airflow/example_dags/example_local_kubernetes_executor.py
[2022-12-30T00:32:43.034+0000] {logging_mixin.py:137} INFO - [2022-12-30T00:32:43.034+0000] {dag.py:2676} INFO - Sync 1 DAGs
[2022-12-30T00:32:43.054+0000] {logging_mixin.py:137} INFO - [2022-12-30T00:32:43.054+0000] {dag.py:3427} INFO - Setting next_dagrun for example_local_kubernetes_executor to None, run_after=None
[2022-12-30T00:32:43.068+0000] {processor.py:175} INFO - Processing /home/airflow/.local/lib/python3.7/site-packages/airflow/example_dags/example_local_kubernetes_executor.py took 0.090 seconds
[2022-12-30T00:33:13.787+0000] {processor.py:153} INFO - Started process (PID=40601) to work on /home/airflow/.local/lib/python3.7/site-packages/airflow/example_dags/example_local_kubernetes_executor.py
[2022-12-30T00:33:13.787+0000] {processor.py:743} INFO - Processing file /home/airflow/.local/lib/python3.7/site-packages/airflow/example_dags/example_local_kubernetes_executor.py for tasks to queue
[2022-12-30T00:33:13.788+0000] {logging_mixin.py:137} INFO - [2022-12-30T00:33:13.788+0000] {dagbag.py:538} INFO - Filling up the DagBag from /home/airflow/.local/lib/python3.7/site-packages/airflow/example_dags/example_local_kubernetes_executor.py
[2022-12-30T00:33:13.805+0000] {processor.py:753} INFO - DAG(s) dict_keys(['example_local_kubernetes_executor']) retrieved from /home/airflow/.local/lib/python3.7/site-packages/airflow/example_dags/example_local_kubernetes_executor.py
[2022-12-30T00:33:13.837+0000] {logging_mixin.py:137} INFO - [2022-12-30T00:33:13.837+0000] {dag.py:2676} INFO - Sync 1 DAGs
[2022-12-30T00:33:13.858+0000] {logging_mixin.py:137} INFO - [2022-12-30T00:33:13.858+0000] {dag.py:3427} INFO - Setting next_dagrun for example_local_kubernetes_executor to None, run_after=None
[2022-12-30T00:33:13.871+0000] {processor.py:175} INFO - Processing /home/airflow/.local/lib/python3.7/site-packages/airflow/example_dags/example_local_kubernetes_executor.py took 0.087 seconds
[2022-12-30T00:33:44.463+0000] {processor.py:153} INFO - Started process (PID=40703) to work on /home/airflow/.local/lib/python3.7/site-packages/airflow/example_dags/example_local_kubernetes_executor.py
[2022-12-30T00:33:44.466+0000] {processor.py:743} INFO - Processing file /home/airflow/.local/lib/python3.7/site-packages/airflow/example_dags/example_local_kubernetes_executor.py for tasks to queue
[2022-12-30T00:33:44.467+0000] {logging_mixin.py:137} INFO - [2022-12-30T00:33:44.467+0000] {dagbag.py:538} INFO - Filling up the DagBag from /home/airflow/.local/lib/python3.7/site-packages/airflow/example_dags/example_local_kubernetes_executor.py
[2022-12-30T00:33:44.484+0000] {processor.py:753} INFO - DAG(s) dict_keys(['example_local_kubernetes_executor']) retrieved from /home/airflow/.local/lib/python3.7/site-packages/airflow/example_dags/example_local_kubernetes_executor.py
[2022-12-30T00:33:44.515+0000] {logging_mixin.py:137} INFO - [2022-12-30T00:33:44.515+0000] {dag.py:2676} INFO - Sync 1 DAGs
[2022-12-30T00:33:44.534+0000] {logging_mixin.py:137} INFO - [2022-12-30T00:33:44.533+0000] {dag.py:3427} INFO - Setting next_dagrun for example_local_kubernetes_executor to None, run_after=None
[2022-12-30T00:33:44.545+0000] {processor.py:175} INFO - Processing /home/airflow/.local/lib/python3.7/site-packages/airflow/example_dags/example_local_kubernetes_executor.py took 0.085 seconds
