[2022-12-30T00:00:10.741+0000] {processor.py:153} INFO - Started process (PID=34570) to work on /home/airflow/.local/lib/python3.7/site-packages/airflow/example_dags/example_trigger_target_dag.py
[2022-12-30T00:00:10.742+0000] {processor.py:743} INFO - Processing file /home/airflow/.local/lib/python3.7/site-packages/airflow/example_dags/example_trigger_target_dag.py for tasks to queue
[2022-12-30T00:00:10.742+0000] {logging_mixin.py:137} INFO - [2022-12-30T00:00:10.742+0000] {dagbag.py:538} INFO - Filling up the DagBag from /home/airflow/.local/lib/python3.7/site-packages/airflow/example_dags/example_trigger_target_dag.py
[2022-12-30T00:00:10.779+0000] {processor.py:753} INFO - DAG(s) dict_keys(['example_trigger_target_dag']) retrieved from /home/airflow/.local/lib/python3.7/site-packages/airflow/example_dags/example_trigger_target_dag.py
[2022-12-30T00:00:10.818+0000] {logging_mixin.py:137} INFO - [2022-12-30T00:00:10.818+0000] {dag.py:2676} INFO - Sync 1 DAGs
[2022-12-30T00:00:10.838+0000] {logging_mixin.py:137} INFO - [2022-12-30T00:00:10.838+0000] {dag.py:3427} INFO - Setting next_dagrun for example_trigger_target_dag to None, run_after=None
[2022-12-30T00:00:10.849+0000] {processor.py:175} INFO - Processing /home/airflow/.local/lib/python3.7/site-packages/airflow/example_dags/example_trigger_target_dag.py took 0.111 seconds
[2022-12-30T00:00:41.235+0000] {processor.py:153} INFO - Started process (PID=34653) to work on /home/airflow/.local/lib/python3.7/site-packages/airflow/example_dags/example_trigger_target_dag.py
[2022-12-30T00:00:41.236+0000] {processor.py:743} INFO - Processing file /home/airflow/.local/lib/python3.7/site-packages/airflow/example_dags/example_trigger_target_dag.py for tasks to queue
[2022-12-30T00:00:41.236+0000] {logging_mixin.py:137} INFO - [2022-12-30T00:00:41.236+0000] {dagbag.py:538} INFO - Filling up the DagBag from /home/airflow/.local/lib/python3.7/site-packages/airflow/example_dags/example_trigger_target_dag.py
[2022-12-30T00:00:41.250+0000] {processor.py:753} INFO - DAG(s) dict_keys(['example_trigger_target_dag']) retrieved from /home/airflow/.local/lib/python3.7/site-packages/airflow/example_dags/example_trigger_target_dag.py
[2022-12-30T00:00:41.281+0000] {logging_mixin.py:137} INFO - [2022-12-30T00:00:41.281+0000] {dag.py:2676} INFO - Sync 1 DAGs
[2022-12-30T00:00:41.298+0000] {logging_mixin.py:137} INFO - [2022-12-30T00:00:41.298+0000] {dag.py:3427} INFO - Setting next_dagrun for example_trigger_target_dag to None, run_after=None
[2022-12-30T00:00:41.310+0000] {processor.py:175} INFO - Processing /home/airflow/.local/lib/python3.7/site-packages/airflow/example_dags/example_trigger_target_dag.py took 0.079 seconds
[2022-12-30T00:01:12.047+0000] {processor.py:153} INFO - Started process (PID=34755) to work on /home/airflow/.local/lib/python3.7/site-packages/airflow/example_dags/example_trigger_target_dag.py
[2022-12-30T00:01:12.048+0000] {processor.py:743} INFO - Processing file /home/airflow/.local/lib/python3.7/site-packages/airflow/example_dags/example_trigger_target_dag.py for tasks to queue
[2022-12-30T00:01:12.049+0000] {logging_mixin.py:137} INFO - [2022-12-30T00:01:12.049+0000] {dagbag.py:538} INFO - Filling up the DagBag from /home/airflow/.local/lib/python3.7/site-packages/airflow/example_dags/example_trigger_target_dag.py
[2022-12-30T00:01:12.068+0000] {processor.py:753} INFO - DAG(s) dict_keys(['example_trigger_target_dag']) retrieved from /home/airflow/.local/lib/python3.7/site-packages/airflow/example_dags/example_trigger_target_dag.py
[2022-12-30T00:01:12.132+0000] {logging_mixin.py:137} INFO - [2022-12-30T00:01:12.131+0000] {dag.py:2676} INFO - Sync 1 DAGs
[2022-12-30T00:01:12.152+0000] {logging_mixin.py:137} INFO - [2022-12-30T00:01:12.152+0000] {dag.py:3427} INFO - Setting next_dagrun for example_trigger_target_dag to None, run_after=None
[2022-12-30T00:01:12.167+0000] {processor.py:175} INFO - Processing /home/airflow/.local/lib/python3.7/site-packages/airflow/example_dags/example_trigger_target_dag.py took 0.124 seconds
[2022-12-30T00:01:42.358+0000] {processor.py:153} INFO - Started process (PID=34837) to work on /home/airflow/.local/lib/python3.7/site-packages/airflow/example_dags/example_trigger_target_dag.py
[2022-12-30T00:01:42.358+0000] {processor.py:743} INFO - Processing file /home/airflow/.local/lib/python3.7/site-packages/airflow/example_dags/example_trigger_target_dag.py for tasks to queue
[2022-12-30T00:01:42.359+0000] {logging_mixin.py:137} INFO - [2022-12-30T00:01:42.359+0000] {dagbag.py:538} INFO - Filling up the DagBag from /home/airflow/.local/lib/python3.7/site-packages/airflow/example_dags/example_trigger_target_dag.py
[2022-12-30T00:01:42.373+0000] {processor.py:753} INFO - DAG(s) dict_keys(['example_trigger_target_dag']) retrieved from /home/airflow/.local/lib/python3.7/site-packages/airflow/example_dags/example_trigger_target_dag.py
[2022-12-30T00:01:42.404+0000] {logging_mixin.py:137} INFO - [2022-12-30T00:01:42.404+0000] {dag.py:2676} INFO - Sync 1 DAGs
[2022-12-30T00:01:42.422+0000] {logging_mixin.py:137} INFO - [2022-12-30T00:01:42.422+0000] {dag.py:3427} INFO - Setting next_dagrun for example_trigger_target_dag to None, run_after=None
[2022-12-30T00:01:42.432+0000] {processor.py:175} INFO - Processing /home/airflow/.local/lib/python3.7/site-packages/airflow/example_dags/example_trigger_target_dag.py took 0.077 seconds
[2022-12-30T00:02:12.895+0000] {processor.py:153} INFO - Started process (PID=34939) to work on /home/airflow/.local/lib/python3.7/site-packages/airflow/example_dags/example_trigger_target_dag.py
[2022-12-30T00:02:12.896+0000] {processor.py:743} INFO - Processing file /home/airflow/.local/lib/python3.7/site-packages/airflow/example_dags/example_trigger_target_dag.py for tasks to queue
[2022-12-30T00:02:12.896+0000] {logging_mixin.py:137} INFO - [2022-12-30T00:02:12.896+0000] {dagbag.py:538} INFO - Filling up the DagBag from /home/airflow/.local/lib/python3.7/site-packages/airflow/example_dags/example_trigger_target_dag.py
[2022-12-30T00:02:12.912+0000] {processor.py:753} INFO - DAG(s) dict_keys(['example_trigger_target_dag']) retrieved from /home/airflow/.local/lib/python3.7/site-packages/airflow/example_dags/example_trigger_target_dag.py
[2022-12-30T00:02:12.963+0000] {logging_mixin.py:137} INFO - [2022-12-30T00:02:12.963+0000] {dag.py:2676} INFO - Sync 1 DAGs
[2022-12-30T00:02:12.984+0000] {logging_mixin.py:137} INFO - [2022-12-30T00:02:12.984+0000] {dag.py:3427} INFO - Setting next_dagrun for example_trigger_target_dag to None, run_after=None
[2022-12-30T00:02:12.998+0000] {processor.py:175} INFO - Processing /home/airflow/.local/lib/python3.7/site-packages/airflow/example_dags/example_trigger_target_dag.py took 0.105 seconds
[2022-12-30T00:02:43.400+0000] {processor.py:153} INFO - Started process (PID=35021) to work on /home/airflow/.local/lib/python3.7/site-packages/airflow/example_dags/example_trigger_target_dag.py
[2022-12-30T00:02:43.401+0000] {processor.py:743} INFO - Processing file /home/airflow/.local/lib/python3.7/site-packages/airflow/example_dags/example_trigger_target_dag.py for tasks to queue
[2022-12-30T00:02:43.401+0000] {logging_mixin.py:137} INFO - [2022-12-30T00:02:43.401+0000] {dagbag.py:538} INFO - Filling up the DagBag from /home/airflow/.local/lib/python3.7/site-packages/airflow/example_dags/example_trigger_target_dag.py
[2022-12-30T00:02:43.417+0000] {processor.py:753} INFO - DAG(s) dict_keys(['example_trigger_target_dag']) retrieved from /home/airflow/.local/lib/python3.7/site-packages/airflow/example_dags/example_trigger_target_dag.py
[2022-12-30T00:02:43.447+0000] {logging_mixin.py:137} INFO - [2022-12-30T00:02:43.447+0000] {dag.py:2676} INFO - Sync 1 DAGs
[2022-12-30T00:02:43.467+0000] {logging_mixin.py:137} INFO - [2022-12-30T00:02:43.467+0000] {dag.py:3427} INFO - Setting next_dagrun for example_trigger_target_dag to None, run_after=None
[2022-12-30T00:02:43.479+0000] {processor.py:175} INFO - Processing /home/airflow/.local/lib/python3.7/site-packages/airflow/example_dags/example_trigger_target_dag.py took 0.082 seconds
[2022-12-30T00:03:13.797+0000] {processor.py:153} INFO - Started process (PID=35123) to work on /home/airflow/.local/lib/python3.7/site-packages/airflow/example_dags/example_trigger_target_dag.py
[2022-12-30T00:03:13.797+0000] {processor.py:743} INFO - Processing file /home/airflow/.local/lib/python3.7/site-packages/airflow/example_dags/example_trigger_target_dag.py for tasks to queue
[2022-12-30T00:03:13.798+0000] {logging_mixin.py:137} INFO - [2022-12-30T00:03:13.798+0000] {dagbag.py:538} INFO - Filling up the DagBag from /home/airflow/.local/lib/python3.7/site-packages/airflow/example_dags/example_trigger_target_dag.py
[2022-12-30T00:03:13.813+0000] {processor.py:753} INFO - DAG(s) dict_keys(['example_trigger_target_dag']) retrieved from /home/airflow/.local/lib/python3.7/site-packages/airflow/example_dags/example_trigger_target_dag.py
[2022-12-30T00:03:13.841+0000] {logging_mixin.py:137} INFO - [2022-12-30T00:03:13.841+0000] {dag.py:2676} INFO - Sync 1 DAGs
[2022-12-30T00:03:13.859+0000] {logging_mixin.py:137} INFO - [2022-12-30T00:03:13.859+0000] {dag.py:3427} INFO - Setting next_dagrun for example_trigger_target_dag to None, run_after=None
[2022-12-30T00:03:13.870+0000] {processor.py:175} INFO - Processing /home/airflow/.local/lib/python3.7/site-packages/airflow/example_dags/example_trigger_target_dag.py took 0.076 seconds
[2022-12-30T00:03:44.629+0000] {processor.py:153} INFO - Started process (PID=35225) to work on /home/airflow/.local/lib/python3.7/site-packages/airflow/example_dags/example_trigger_target_dag.py
[2022-12-30T00:03:44.630+0000] {processor.py:743} INFO - Processing file /home/airflow/.local/lib/python3.7/site-packages/airflow/example_dags/example_trigger_target_dag.py for tasks to queue
[2022-12-30T00:03:44.630+0000] {logging_mixin.py:137} INFO - [2022-12-30T00:03:44.630+0000] {dagbag.py:538} INFO - Filling up the DagBag from /home/airflow/.local/lib/python3.7/site-packages/airflow/example_dags/example_trigger_target_dag.py
[2022-12-30T00:03:44.645+0000] {processor.py:753} INFO - DAG(s) dict_keys(['example_trigger_target_dag']) retrieved from /home/airflow/.local/lib/python3.7/site-packages/airflow/example_dags/example_trigger_target_dag.py
[2022-12-30T00:03:44.676+0000] {logging_mixin.py:137} INFO - [2022-12-30T00:03:44.676+0000] {dag.py:2676} INFO - Sync 1 DAGs
[2022-12-30T00:03:44.704+0000] {logging_mixin.py:137} INFO - [2022-12-30T00:03:44.704+0000] {dag.py:3427} INFO - Setting next_dagrun for example_trigger_target_dag to None, run_after=None
[2022-12-30T00:03:44.721+0000] {processor.py:175} INFO - Processing /home/airflow/.local/lib/python3.7/site-packages/airflow/example_dags/example_trigger_target_dag.py took 0.094 seconds
[2022-12-30T00:04:15.362+0000] {processor.py:153} INFO - Started process (PID=35307) to work on /home/airflow/.local/lib/python3.7/site-packages/airflow/example_dags/example_trigger_target_dag.py
[2022-12-30T00:04:15.362+0000] {processor.py:743} INFO - Processing file /home/airflow/.local/lib/python3.7/site-packages/airflow/example_dags/example_trigger_target_dag.py for tasks to queue
[2022-12-30T00:04:15.363+0000] {logging_mixin.py:137} INFO - [2022-12-30T00:04:15.363+0000] {dagbag.py:538} INFO - Filling up the DagBag from /home/airflow/.local/lib/python3.7/site-packages/airflow/example_dags/example_trigger_target_dag.py
[2022-12-30T00:04:15.380+0000] {processor.py:753} INFO - DAG(s) dict_keys(['example_trigger_target_dag']) retrieved from /home/airflow/.local/lib/python3.7/site-packages/airflow/example_dags/example_trigger_target_dag.py
[2022-12-30T00:04:15.410+0000] {logging_mixin.py:137} INFO - [2022-12-30T00:04:15.410+0000] {dag.py:2676} INFO - Sync 1 DAGs
[2022-12-30T00:04:15.429+0000] {logging_mixin.py:137} INFO - [2022-12-30T00:04:15.429+0000] {dag.py:3427} INFO - Setting next_dagrun for example_trigger_target_dag to None, run_after=None
[2022-12-30T00:04:15.440+0000] {processor.py:175} INFO - Processing /home/airflow/.local/lib/python3.7/site-packages/airflow/example_dags/example_trigger_target_dag.py took 0.081 seconds
[2022-12-30T00:04:46.011+0000] {processor.py:153} INFO - Started process (PID=35409) to work on /home/airflow/.local/lib/python3.7/site-packages/airflow/example_dags/example_trigger_target_dag.py
[2022-12-30T00:04:46.011+0000] {processor.py:743} INFO - Processing file /home/airflow/.local/lib/python3.7/site-packages/airflow/example_dags/example_trigger_target_dag.py for tasks to queue
[2022-12-30T00:04:46.012+0000] {logging_mixin.py:137} INFO - [2022-12-30T00:04:46.011+0000] {dagbag.py:538} INFO - Filling up the DagBag from /home/airflow/.local/lib/python3.7/site-packages/airflow/example_dags/example_trigger_target_dag.py
[2022-12-30T00:04:46.026+0000] {processor.py:753} INFO - DAG(s) dict_keys(['example_trigger_target_dag']) retrieved from /home/airflow/.local/lib/python3.7/site-packages/airflow/example_dags/example_trigger_target_dag.py
[2022-12-30T00:04:46.055+0000] {logging_mixin.py:137} INFO - [2022-12-30T00:04:46.054+0000] {dag.py:2676} INFO - Sync 1 DAGs
[2022-12-30T00:04:46.072+0000] {logging_mixin.py:137} INFO - [2022-12-30T00:04:46.072+0000] {dag.py:3427} INFO - Setting next_dagrun for example_trigger_target_dag to None, run_after=None
[2022-12-30T00:04:46.083+0000] {processor.py:175} INFO - Processing /home/airflow/.local/lib/python3.7/site-packages/airflow/example_dags/example_trigger_target_dag.py took 0.074 seconds
[2022-12-30T00:05:16.375+0000] {processor.py:153} INFO - Started process (PID=35491) to work on /home/airflow/.local/lib/python3.7/site-packages/airflow/example_dags/example_trigger_target_dag.py
[2022-12-30T00:05:16.375+0000] {processor.py:743} INFO - Processing file /home/airflow/.local/lib/python3.7/site-packages/airflow/example_dags/example_trigger_target_dag.py for tasks to queue
[2022-12-30T00:05:16.376+0000] {logging_mixin.py:137} INFO - [2022-12-30T00:05:16.376+0000] {dagbag.py:538} INFO - Filling up the DagBag from /home/airflow/.local/lib/python3.7/site-packages/airflow/example_dags/example_trigger_target_dag.py
[2022-12-30T00:05:16.393+0000] {processor.py:753} INFO - DAG(s) dict_keys(['example_trigger_target_dag']) retrieved from /home/airflow/.local/lib/python3.7/site-packages/airflow/example_dags/example_trigger_target_dag.py
[2022-12-30T00:05:16.418+0000] {logging_mixin.py:137} INFO - [2022-12-30T00:05:16.418+0000] {dag.py:2676} INFO - Sync 1 DAGs
[2022-12-30T00:05:16.441+0000] {logging_mixin.py:137} INFO - [2022-12-30T00:05:16.440+0000] {dag.py:3427} INFO - Setting next_dagrun for example_trigger_target_dag to None, run_after=None
[2022-12-30T00:05:16.452+0000] {processor.py:175} INFO - Processing /home/airflow/.local/lib/python3.7/site-packages/airflow/example_dags/example_trigger_target_dag.py took 0.080 seconds
[2022-12-30T00:05:46.738+0000] {processor.py:153} INFO - Started process (PID=35593) to work on /home/airflow/.local/lib/python3.7/site-packages/airflow/example_dags/example_trigger_target_dag.py
[2022-12-30T00:05:46.739+0000] {processor.py:743} INFO - Processing file /home/airflow/.local/lib/python3.7/site-packages/airflow/example_dags/example_trigger_target_dag.py for tasks to queue
[2022-12-30T00:05:46.740+0000] {logging_mixin.py:137} INFO - [2022-12-30T00:05:46.740+0000] {dagbag.py:538} INFO - Filling up the DagBag from /home/airflow/.local/lib/python3.7/site-packages/airflow/example_dags/example_trigger_target_dag.py
[2022-12-30T00:05:46.754+0000] {processor.py:753} INFO - DAG(s) dict_keys(['example_trigger_target_dag']) retrieved from /home/airflow/.local/lib/python3.7/site-packages/airflow/example_dags/example_trigger_target_dag.py
[2022-12-30T00:05:46.786+0000] {logging_mixin.py:137} INFO - [2022-12-30T00:05:46.786+0000] {dag.py:2676} INFO - Sync 1 DAGs
[2022-12-30T00:05:46.811+0000] {logging_mixin.py:137} INFO - [2022-12-30T00:05:46.811+0000] {dag.py:3427} INFO - Setting next_dagrun for example_trigger_target_dag to None, run_after=None
[2022-12-30T00:05:46.826+0000] {processor.py:175} INFO - Processing /home/airflow/.local/lib/python3.7/site-packages/airflow/example_dags/example_trigger_target_dag.py took 0.091 seconds
[2022-12-30T00:06:17.318+0000] {processor.py:153} INFO - Started process (PID=35675) to work on /home/airflow/.local/lib/python3.7/site-packages/airflow/example_dags/example_trigger_target_dag.py
[2022-12-30T00:06:17.319+0000] {processor.py:743} INFO - Processing file /home/airflow/.local/lib/python3.7/site-packages/airflow/example_dags/example_trigger_target_dag.py for tasks to queue
[2022-12-30T00:06:17.320+0000] {logging_mixin.py:137} INFO - [2022-12-30T00:06:17.320+0000] {dagbag.py:538} INFO - Filling up the DagBag from /home/airflow/.local/lib/python3.7/site-packages/airflow/example_dags/example_trigger_target_dag.py
[2022-12-30T00:06:17.336+0000] {processor.py:753} INFO - DAG(s) dict_keys(['example_trigger_target_dag']) retrieved from /home/airflow/.local/lib/python3.7/site-packages/airflow/example_dags/example_trigger_target_dag.py
[2022-12-30T00:06:17.362+0000] {logging_mixin.py:137} INFO - [2022-12-30T00:06:17.362+0000] {dag.py:2676} INFO - Sync 1 DAGs
[2022-12-30T00:06:17.379+0000] {logging_mixin.py:137} INFO - [2022-12-30T00:06:17.379+0000] {dag.py:3427} INFO - Setting next_dagrun for example_trigger_target_dag to None, run_after=None
[2022-12-30T00:06:17.390+0000] {processor.py:175} INFO - Processing /home/airflow/.local/lib/python3.7/site-packages/airflow/example_dags/example_trigger_target_dag.py took 0.075 seconds
[2022-12-30T00:06:47.590+0000] {processor.py:153} INFO - Started process (PID=35777) to work on /home/airflow/.local/lib/python3.7/site-packages/airflow/example_dags/example_trigger_target_dag.py
[2022-12-30T00:06:47.591+0000] {processor.py:743} INFO - Processing file /home/airflow/.local/lib/python3.7/site-packages/airflow/example_dags/example_trigger_target_dag.py for tasks to queue
[2022-12-30T00:06:47.591+0000] {logging_mixin.py:137} INFO - [2022-12-30T00:06:47.591+0000] {dagbag.py:538} INFO - Filling up the DagBag from /home/airflow/.local/lib/python3.7/site-packages/airflow/example_dags/example_trigger_target_dag.py
[2022-12-30T00:06:47.606+0000] {processor.py:753} INFO - DAG(s) dict_keys(['example_trigger_target_dag']) retrieved from /home/airflow/.local/lib/python3.7/site-packages/airflow/example_dags/example_trigger_target_dag.py
[2022-12-30T00:06:47.632+0000] {logging_mixin.py:137} INFO - [2022-12-30T00:06:47.632+0000] {dag.py:2676} INFO - Sync 1 DAGs
[2022-12-30T00:06:47.650+0000] {logging_mixin.py:137} INFO - [2022-12-30T00:06:47.650+0000] {dag.py:3427} INFO - Setting next_dagrun for example_trigger_target_dag to None, run_after=None
[2022-12-30T00:06:47.662+0000] {processor.py:175} INFO - Processing /home/airflow/.local/lib/python3.7/site-packages/airflow/example_dags/example_trigger_target_dag.py took 0.076 seconds
[2022-12-30T00:07:19.635+0000] {processor.py:153} INFO - Started process (PID=35879) to work on /home/airflow/.local/lib/python3.7/site-packages/airflow/example_dags/example_trigger_target_dag.py
[2022-12-30T00:07:19.636+0000] {processor.py:743} INFO - Processing file /home/airflow/.local/lib/python3.7/site-packages/airflow/example_dags/example_trigger_target_dag.py for tasks to queue
[2022-12-30T00:07:19.637+0000] {logging_mixin.py:137} INFO - [2022-12-30T00:07:19.637+0000] {dagbag.py:538} INFO - Filling up the DagBag from /home/airflow/.local/lib/python3.7/site-packages/airflow/example_dags/example_trigger_target_dag.py
[2022-12-30T00:07:19.658+0000] {processor.py:753} INFO - DAG(s) dict_keys(['example_trigger_target_dag']) retrieved from /home/airflow/.local/lib/python3.7/site-packages/airflow/example_dags/example_trigger_target_dag.py
[2022-12-30T00:07:19.691+0000] {logging_mixin.py:137} INFO - [2022-12-30T00:07:19.691+0000] {dag.py:2676} INFO - Sync 1 DAGs
[2022-12-30T00:07:19.713+0000] {logging_mixin.py:137} INFO - [2022-12-30T00:07:19.713+0000] {dag.py:3427} INFO - Setting next_dagrun for example_trigger_target_dag to None, run_after=None
[2022-12-30T00:07:19.729+0000] {processor.py:175} INFO - Processing /home/airflow/.local/lib/python3.7/site-packages/airflow/example_dags/example_trigger_target_dag.py took 0.098 seconds
[2022-12-30T00:07:50.345+0000] {processor.py:153} INFO - Started process (PID=35961) to work on /home/airflow/.local/lib/python3.7/site-packages/airflow/example_dags/example_trigger_target_dag.py
[2022-12-30T00:07:50.346+0000] {processor.py:743} INFO - Processing file /home/airflow/.local/lib/python3.7/site-packages/airflow/example_dags/example_trigger_target_dag.py for tasks to queue
[2022-12-30T00:07:50.346+0000] {logging_mixin.py:137} INFO - [2022-12-30T00:07:50.346+0000] {dagbag.py:538} INFO - Filling up the DagBag from /home/airflow/.local/lib/python3.7/site-packages/airflow/example_dags/example_trigger_target_dag.py
[2022-12-30T00:07:50.362+0000] {processor.py:753} INFO - DAG(s) dict_keys(['example_trigger_target_dag']) retrieved from /home/airflow/.local/lib/python3.7/site-packages/airflow/example_dags/example_trigger_target_dag.py
[2022-12-30T00:07:50.393+0000] {logging_mixin.py:137} INFO - [2022-12-30T00:07:50.393+0000] {dag.py:2676} INFO - Sync 1 DAGs
[2022-12-30T00:07:50.411+0000] {logging_mixin.py:137} INFO - [2022-12-30T00:07:50.411+0000] {dag.py:3427} INFO - Setting next_dagrun for example_trigger_target_dag to None, run_after=None
[2022-12-30T00:07:50.424+0000] {processor.py:175} INFO - Processing /home/airflow/.local/lib/python3.7/site-packages/airflow/example_dags/example_trigger_target_dag.py took 0.081 seconds
[2022-12-30T00:08:20.879+0000] {processor.py:153} INFO - Started process (PID=36063) to work on /home/airflow/.local/lib/python3.7/site-packages/airflow/example_dags/example_trigger_target_dag.py
[2022-12-30T00:08:20.880+0000] {processor.py:743} INFO - Processing file /home/airflow/.local/lib/python3.7/site-packages/airflow/example_dags/example_trigger_target_dag.py for tasks to queue
[2022-12-30T00:08:20.880+0000] {logging_mixin.py:137} INFO - [2022-12-30T00:08:20.880+0000] {dagbag.py:538} INFO - Filling up the DagBag from /home/airflow/.local/lib/python3.7/site-packages/airflow/example_dags/example_trigger_target_dag.py
[2022-12-30T00:08:20.894+0000] {processor.py:753} INFO - DAG(s) dict_keys(['example_trigger_target_dag']) retrieved from /home/airflow/.local/lib/python3.7/site-packages/airflow/example_dags/example_trigger_target_dag.py
[2022-12-30T00:08:20.919+0000] {logging_mixin.py:137} INFO - [2022-12-30T00:08:20.919+0000] {dag.py:2676} INFO - Sync 1 DAGs
[2022-12-30T00:08:20.937+0000] {logging_mixin.py:137} INFO - [2022-12-30T00:08:20.937+0000] {dag.py:3427} INFO - Setting next_dagrun for example_trigger_target_dag to None, run_after=None
[2022-12-30T00:08:20.949+0000] {processor.py:175} INFO - Processing /home/airflow/.local/lib/python3.7/site-packages/airflow/example_dags/example_trigger_target_dag.py took 0.073 seconds
[2022-12-30T00:08:51.403+0000] {processor.py:153} INFO - Started process (PID=36145) to work on /home/airflow/.local/lib/python3.7/site-packages/airflow/example_dags/example_trigger_target_dag.py
[2022-12-30T00:08:51.403+0000] {processor.py:743} INFO - Processing file /home/airflow/.local/lib/python3.7/site-packages/airflow/example_dags/example_trigger_target_dag.py for tasks to queue
[2022-12-30T00:08:51.404+0000] {logging_mixin.py:137} INFO - [2022-12-30T00:08:51.404+0000] {dagbag.py:538} INFO - Filling up the DagBag from /home/airflow/.local/lib/python3.7/site-packages/airflow/example_dags/example_trigger_target_dag.py
[2022-12-30T00:08:51.419+0000] {processor.py:753} INFO - DAG(s) dict_keys(['example_trigger_target_dag']) retrieved from /home/airflow/.local/lib/python3.7/site-packages/airflow/example_dags/example_trigger_target_dag.py
[2022-12-30T00:08:51.447+0000] {logging_mixin.py:137} INFO - [2022-12-30T00:08:51.447+0000] {dag.py:2676} INFO - Sync 1 DAGs
[2022-12-30T00:08:51.464+0000] {logging_mixin.py:137} INFO - [2022-12-30T00:08:51.464+0000] {dag.py:3427} INFO - Setting next_dagrun for example_trigger_target_dag to None, run_after=None
[2022-12-30T00:08:51.476+0000] {processor.py:175} INFO - Processing /home/airflow/.local/lib/python3.7/site-packages/airflow/example_dags/example_trigger_target_dag.py took 0.076 seconds
[2022-12-30T00:09:22.087+0000] {processor.py:153} INFO - Started process (PID=36247) to work on /home/airflow/.local/lib/python3.7/site-packages/airflow/example_dags/example_trigger_target_dag.py
[2022-12-30T00:09:22.088+0000] {processor.py:743} INFO - Processing file /home/airflow/.local/lib/python3.7/site-packages/airflow/example_dags/example_trigger_target_dag.py for tasks to queue
[2022-12-30T00:09:22.088+0000] {logging_mixin.py:137} INFO - [2022-12-30T00:09:22.088+0000] {dagbag.py:538} INFO - Filling up the DagBag from /home/airflow/.local/lib/python3.7/site-packages/airflow/example_dags/example_trigger_target_dag.py
[2022-12-30T00:09:22.102+0000] {processor.py:753} INFO - DAG(s) dict_keys(['example_trigger_target_dag']) retrieved from /home/airflow/.local/lib/python3.7/site-packages/airflow/example_dags/example_trigger_target_dag.py
[2022-12-30T00:09:22.129+0000] {logging_mixin.py:137} INFO - [2022-12-30T00:09:22.129+0000] {dag.py:2676} INFO - Sync 1 DAGs
[2022-12-30T00:09:22.148+0000] {logging_mixin.py:137} INFO - [2022-12-30T00:09:22.148+0000] {dag.py:3427} INFO - Setting next_dagrun for example_trigger_target_dag to None, run_after=None
[2022-12-30T00:09:22.160+0000] {processor.py:175} INFO - Processing /home/airflow/.local/lib/python3.7/site-packages/airflow/example_dags/example_trigger_target_dag.py took 0.077 seconds
[2022-12-30T00:09:52.702+0000] {processor.py:153} INFO - Started process (PID=36349) to work on /home/airflow/.local/lib/python3.7/site-packages/airflow/example_dags/example_trigger_target_dag.py
[2022-12-30T00:09:52.702+0000] {processor.py:743} INFO - Processing file /home/airflow/.local/lib/python3.7/site-packages/airflow/example_dags/example_trigger_target_dag.py for tasks to queue
[2022-12-30T00:09:52.702+0000] {logging_mixin.py:137} INFO - [2022-12-30T00:09:52.702+0000] {dagbag.py:538} INFO - Filling up the DagBag from /home/airflow/.local/lib/python3.7/site-packages/airflow/example_dags/example_trigger_target_dag.py
[2022-12-30T00:09:52.716+0000] {processor.py:753} INFO - DAG(s) dict_keys(['example_trigger_target_dag']) retrieved from /home/airflow/.local/lib/python3.7/site-packages/airflow/example_dags/example_trigger_target_dag.py
[2022-12-30T00:09:52.742+0000] {logging_mixin.py:137} INFO - [2022-12-30T00:09:52.742+0000] {dag.py:2676} INFO - Sync 1 DAGs
[2022-12-30T00:09:52.759+0000] {logging_mixin.py:137} INFO - [2022-12-30T00:09:52.759+0000] {dag.py:3427} INFO - Setting next_dagrun for example_trigger_target_dag to None, run_after=None
[2022-12-30T00:09:52.772+0000] {processor.py:175} INFO - Processing /home/airflow/.local/lib/python3.7/site-packages/airflow/example_dags/example_trigger_target_dag.py took 0.073 seconds
[2022-12-30T00:10:23.241+0000] {processor.py:153} INFO - Started process (PID=36431) to work on /home/airflow/.local/lib/python3.7/site-packages/airflow/example_dags/example_trigger_target_dag.py
[2022-12-30T00:10:23.242+0000] {processor.py:743} INFO - Processing file /home/airflow/.local/lib/python3.7/site-packages/airflow/example_dags/example_trigger_target_dag.py for tasks to queue
[2022-12-30T00:10:23.242+0000] {logging_mixin.py:137} INFO - [2022-12-30T00:10:23.242+0000] {dagbag.py:538} INFO - Filling up the DagBag from /home/airflow/.local/lib/python3.7/site-packages/airflow/example_dags/example_trigger_target_dag.py
[2022-12-30T00:10:23.258+0000] {processor.py:753} INFO - DAG(s) dict_keys(['example_trigger_target_dag']) retrieved from /home/airflow/.local/lib/python3.7/site-packages/airflow/example_dags/example_trigger_target_dag.py
[2022-12-30T00:10:23.284+0000] {logging_mixin.py:137} INFO - [2022-12-30T00:10:23.284+0000] {dag.py:2676} INFO - Sync 1 DAGs
[2022-12-30T00:10:23.301+0000] {logging_mixin.py:137} INFO - [2022-12-30T00:10:23.301+0000] {dag.py:3427} INFO - Setting next_dagrun for example_trigger_target_dag to None, run_after=None
[2022-12-30T00:10:23.315+0000] {processor.py:175} INFO - Processing /home/airflow/.local/lib/python3.7/site-packages/airflow/example_dags/example_trigger_target_dag.py took 0.077 seconds
[2022-12-30T00:10:53.726+0000] {processor.py:153} INFO - Started process (PID=36533) to work on /home/airflow/.local/lib/python3.7/site-packages/airflow/example_dags/example_trigger_target_dag.py
[2022-12-30T00:10:53.727+0000] {processor.py:743} INFO - Processing file /home/airflow/.local/lib/python3.7/site-packages/airflow/example_dags/example_trigger_target_dag.py for tasks to queue
[2022-12-30T00:10:53.727+0000] {logging_mixin.py:137} INFO - [2022-12-30T00:10:53.727+0000] {dagbag.py:538} INFO - Filling up the DagBag from /home/airflow/.local/lib/python3.7/site-packages/airflow/example_dags/example_trigger_target_dag.py
[2022-12-30T00:10:53.744+0000] {processor.py:753} INFO - DAG(s) dict_keys(['example_trigger_target_dag']) retrieved from /home/airflow/.local/lib/python3.7/site-packages/airflow/example_dags/example_trigger_target_dag.py
[2022-12-30T00:10:53.773+0000] {logging_mixin.py:137} INFO - [2022-12-30T00:10:53.773+0000] {dag.py:2676} INFO - Sync 1 DAGs
[2022-12-30T00:10:53.796+0000] {logging_mixin.py:137} INFO - [2022-12-30T00:10:53.796+0000] {dag.py:3427} INFO - Setting next_dagrun for example_trigger_target_dag to None, run_after=None
[2022-12-30T00:10:53.811+0000] {processor.py:175} INFO - Processing /home/airflow/.local/lib/python3.7/site-packages/airflow/example_dags/example_trigger_target_dag.py took 0.087 seconds
[2022-12-30T00:11:24.233+0000] {processor.py:153} INFO - Started process (PID=36615) to work on /home/airflow/.local/lib/python3.7/site-packages/airflow/example_dags/example_trigger_target_dag.py
[2022-12-30T00:11:24.233+0000] {processor.py:743} INFO - Processing file /home/airflow/.local/lib/python3.7/site-packages/airflow/example_dags/example_trigger_target_dag.py for tasks to queue
[2022-12-30T00:11:24.234+0000] {logging_mixin.py:137} INFO - [2022-12-30T00:11:24.234+0000] {dagbag.py:538} INFO - Filling up the DagBag from /home/airflow/.local/lib/python3.7/site-packages/airflow/example_dags/example_trigger_target_dag.py
[2022-12-30T00:11:24.252+0000] {processor.py:753} INFO - DAG(s) dict_keys(['example_trigger_target_dag']) retrieved from /home/airflow/.local/lib/python3.7/site-packages/airflow/example_dags/example_trigger_target_dag.py
[2022-12-30T00:11:24.278+0000] {logging_mixin.py:137} INFO - [2022-12-30T00:11:24.278+0000] {dag.py:2676} INFO - Sync 1 DAGs
[2022-12-30T00:11:24.296+0000] {logging_mixin.py:137} INFO - [2022-12-30T00:11:24.296+0000] {dag.py:3427} INFO - Setting next_dagrun for example_trigger_target_dag to None, run_after=None
[2022-12-30T00:11:24.308+0000] {processor.py:175} INFO - Processing /home/airflow/.local/lib/python3.7/site-packages/airflow/example_dags/example_trigger_target_dag.py took 0.079 seconds
[2022-12-30T00:11:54.608+0000] {processor.py:153} INFO - Started process (PID=36717) to work on /home/airflow/.local/lib/python3.7/site-packages/airflow/example_dags/example_trigger_target_dag.py
[2022-12-30T00:11:54.609+0000] {processor.py:743} INFO - Processing file /home/airflow/.local/lib/python3.7/site-packages/airflow/example_dags/example_trigger_target_dag.py for tasks to queue
[2022-12-30T00:11:54.609+0000] {logging_mixin.py:137} INFO - [2022-12-30T00:11:54.609+0000] {dagbag.py:538} INFO - Filling up the DagBag from /home/airflow/.local/lib/python3.7/site-packages/airflow/example_dags/example_trigger_target_dag.py
[2022-12-30T00:11:54.628+0000] {processor.py:753} INFO - DAG(s) dict_keys(['example_trigger_target_dag']) retrieved from /home/airflow/.local/lib/python3.7/site-packages/airflow/example_dags/example_trigger_target_dag.py
[2022-12-30T00:11:54.662+0000] {logging_mixin.py:137} INFO - [2022-12-30T00:11:54.661+0000] {dag.py:2676} INFO - Sync 1 DAGs
[2022-12-30T00:11:54.679+0000] {logging_mixin.py:137} INFO - [2022-12-30T00:11:54.679+0000] {dag.py:3427} INFO - Setting next_dagrun for example_trigger_target_dag to None, run_after=None
[2022-12-30T00:11:54.692+0000] {processor.py:175} INFO - Processing /home/airflow/.local/lib/python3.7/site-packages/airflow/example_dags/example_trigger_target_dag.py took 0.085 seconds
[2022-12-30T00:12:25.082+0000] {processor.py:153} INFO - Started process (PID=36819) to work on /home/airflow/.local/lib/python3.7/site-packages/airflow/example_dags/example_trigger_target_dag.py
[2022-12-30T00:12:25.083+0000] {processor.py:743} INFO - Processing file /home/airflow/.local/lib/python3.7/site-packages/airflow/example_dags/example_trigger_target_dag.py for tasks to queue
[2022-12-30T00:12:25.083+0000] {logging_mixin.py:137} INFO - [2022-12-30T00:12:25.083+0000] {dagbag.py:538} INFO - Filling up the DagBag from /home/airflow/.local/lib/python3.7/site-packages/airflow/example_dags/example_trigger_target_dag.py
[2022-12-30T00:12:25.099+0000] {processor.py:753} INFO - DAG(s) dict_keys(['example_trigger_target_dag']) retrieved from /home/airflow/.local/lib/python3.7/site-packages/airflow/example_dags/example_trigger_target_dag.py
[2022-12-30T00:12:25.132+0000] {logging_mixin.py:137} INFO - [2022-12-30T00:12:25.132+0000] {dag.py:2676} INFO - Sync 1 DAGs
[2022-12-30T00:12:25.159+0000] {logging_mixin.py:137} INFO - [2022-12-30T00:12:25.159+0000] {dag.py:3427} INFO - Setting next_dagrun for example_trigger_target_dag to None, run_after=None
[2022-12-30T00:12:25.177+0000] {processor.py:175} INFO - Processing /home/airflow/.local/lib/python3.7/site-packages/airflow/example_dags/example_trigger_target_dag.py took 0.098 seconds
[2022-12-30T00:12:55.587+0000] {processor.py:153} INFO - Started process (PID=36901) to work on /home/airflow/.local/lib/python3.7/site-packages/airflow/example_dags/example_trigger_target_dag.py
[2022-12-30T00:12:55.588+0000] {processor.py:743} INFO - Processing file /home/airflow/.local/lib/python3.7/site-packages/airflow/example_dags/example_trigger_target_dag.py for tasks to queue
[2022-12-30T00:12:55.588+0000] {logging_mixin.py:137} INFO - [2022-12-30T00:12:55.588+0000] {dagbag.py:538} INFO - Filling up the DagBag from /home/airflow/.local/lib/python3.7/site-packages/airflow/example_dags/example_trigger_target_dag.py
[2022-12-30T00:12:55.604+0000] {processor.py:753} INFO - DAG(s) dict_keys(['example_trigger_target_dag']) retrieved from /home/airflow/.local/lib/python3.7/site-packages/airflow/example_dags/example_trigger_target_dag.py
[2022-12-30T00:12:55.630+0000] {logging_mixin.py:137} INFO - [2022-12-30T00:12:55.630+0000] {dag.py:2676} INFO - Sync 1 DAGs
[2022-12-30T00:12:55.649+0000] {logging_mixin.py:137} INFO - [2022-12-30T00:12:55.649+0000] {dag.py:3427} INFO - Setting next_dagrun for example_trigger_target_dag to None, run_after=None
[2022-12-30T00:12:55.662+0000] {processor.py:175} INFO - Processing /home/airflow/.local/lib/python3.7/site-packages/airflow/example_dags/example_trigger_target_dag.py took 0.078 seconds
[2022-12-30T00:13:25.980+0000] {processor.py:153} INFO - Started process (PID=37003) to work on /home/airflow/.local/lib/python3.7/site-packages/airflow/example_dags/example_trigger_target_dag.py
[2022-12-30T00:13:25.981+0000] {processor.py:743} INFO - Processing file /home/airflow/.local/lib/python3.7/site-packages/airflow/example_dags/example_trigger_target_dag.py for tasks to queue
[2022-12-30T00:13:25.981+0000] {logging_mixin.py:137} INFO - [2022-12-30T00:13:25.981+0000] {dagbag.py:538} INFO - Filling up the DagBag from /home/airflow/.local/lib/python3.7/site-packages/airflow/example_dags/example_trigger_target_dag.py
[2022-12-30T00:13:25.996+0000] {processor.py:753} INFO - DAG(s) dict_keys(['example_trigger_target_dag']) retrieved from /home/airflow/.local/lib/python3.7/site-packages/airflow/example_dags/example_trigger_target_dag.py
[2022-12-30T00:13:26.020+0000] {logging_mixin.py:137} INFO - [2022-12-30T00:13:26.020+0000] {dag.py:2676} INFO - Sync 1 DAGs
[2022-12-30T00:13:26.038+0000] {logging_mixin.py:137} INFO - [2022-12-30T00:13:26.038+0000] {dag.py:3427} INFO - Setting next_dagrun for example_trigger_target_dag to None, run_after=None
[2022-12-30T00:13:26.050+0000] {processor.py:175} INFO - Processing /home/airflow/.local/lib/python3.7/site-packages/airflow/example_dags/example_trigger_target_dag.py took 0.072 seconds
[2022-12-30T00:13:56.325+0000] {processor.py:153} INFO - Started process (PID=37085) to work on /home/airflow/.local/lib/python3.7/site-packages/airflow/example_dags/example_trigger_target_dag.py
[2022-12-30T00:13:56.326+0000] {processor.py:743} INFO - Processing file /home/airflow/.local/lib/python3.7/site-packages/airflow/example_dags/example_trigger_target_dag.py for tasks to queue
[2022-12-30T00:13:56.326+0000] {logging_mixin.py:137} INFO - [2022-12-30T00:13:56.326+0000] {dagbag.py:538} INFO - Filling up the DagBag from /home/airflow/.local/lib/python3.7/site-packages/airflow/example_dags/example_trigger_target_dag.py
[2022-12-30T00:13:56.342+0000] {processor.py:753} INFO - DAG(s) dict_keys(['example_trigger_target_dag']) retrieved from /home/airflow/.local/lib/python3.7/site-packages/airflow/example_dags/example_trigger_target_dag.py
[2022-12-30T00:13:56.373+0000] {logging_mixin.py:137} INFO - [2022-12-30T00:13:56.373+0000] {dag.py:2676} INFO - Sync 1 DAGs
[2022-12-30T00:13:56.392+0000] {logging_mixin.py:137} INFO - [2022-12-30T00:13:56.392+0000] {dag.py:3427} INFO - Setting next_dagrun for example_trigger_target_dag to None, run_after=None
[2022-12-30T00:13:56.403+0000] {processor.py:175} INFO - Processing /home/airflow/.local/lib/python3.7/site-packages/airflow/example_dags/example_trigger_target_dag.py took 0.080 seconds
[2022-12-30T00:14:26.943+0000] {processor.py:153} INFO - Started process (PID=37187) to work on /home/airflow/.local/lib/python3.7/site-packages/airflow/example_dags/example_trigger_target_dag.py
[2022-12-30T00:14:26.943+0000] {processor.py:743} INFO - Processing file /home/airflow/.local/lib/python3.7/site-packages/airflow/example_dags/example_trigger_target_dag.py for tasks to queue
[2022-12-30T00:14:26.944+0000] {logging_mixin.py:137} INFO - [2022-12-30T00:14:26.944+0000] {dagbag.py:538} INFO - Filling up the DagBag from /home/airflow/.local/lib/python3.7/site-packages/airflow/example_dags/example_trigger_target_dag.py
[2022-12-30T00:14:26.958+0000] {processor.py:753} INFO - DAG(s) dict_keys(['example_trigger_target_dag']) retrieved from /home/airflow/.local/lib/python3.7/site-packages/airflow/example_dags/example_trigger_target_dag.py
[2022-12-30T00:14:26.984+0000] {logging_mixin.py:137} INFO - [2022-12-30T00:14:26.983+0000] {dag.py:2676} INFO - Sync 1 DAGs
[2022-12-30T00:14:27.001+0000] {logging_mixin.py:137} INFO - [2022-12-30T00:14:27.001+0000] {dag.py:3427} INFO - Setting next_dagrun for example_trigger_target_dag to None, run_after=None
[2022-12-30T00:14:27.013+0000] {processor.py:175} INFO - Processing /home/airflow/.local/lib/python3.7/site-packages/airflow/example_dags/example_trigger_target_dag.py took 0.072 seconds
[2022-12-30T00:14:57.355+0000] {processor.py:153} INFO - Started process (PID=37269) to work on /home/airflow/.local/lib/python3.7/site-packages/airflow/example_dags/example_trigger_target_dag.py
[2022-12-30T00:14:57.355+0000] {processor.py:743} INFO - Processing file /home/airflow/.local/lib/python3.7/site-packages/airflow/example_dags/example_trigger_target_dag.py for tasks to queue
[2022-12-30T00:14:57.356+0000] {logging_mixin.py:137} INFO - [2022-12-30T00:14:57.356+0000] {dagbag.py:538} INFO - Filling up the DagBag from /home/airflow/.local/lib/python3.7/site-packages/airflow/example_dags/example_trigger_target_dag.py
[2022-12-30T00:14:57.371+0000] {processor.py:753} INFO - DAG(s) dict_keys(['example_trigger_target_dag']) retrieved from /home/airflow/.local/lib/python3.7/site-packages/airflow/example_dags/example_trigger_target_dag.py
[2022-12-30T00:14:57.399+0000] {logging_mixin.py:137} INFO - [2022-12-30T00:14:57.399+0000] {dag.py:2676} INFO - Sync 1 DAGs
[2022-12-30T00:14:57.419+0000] {logging_mixin.py:137} INFO - [2022-12-30T00:14:57.418+0000] {dag.py:3427} INFO - Setting next_dagrun for example_trigger_target_dag to None, run_after=None
[2022-12-30T00:14:57.430+0000] {processor.py:175} INFO - Processing /home/airflow/.local/lib/python3.7/site-packages/airflow/example_dags/example_trigger_target_dag.py took 0.078 seconds
[2022-12-30T00:15:27.741+0000] {processor.py:153} INFO - Started process (PID=37371) to work on /home/airflow/.local/lib/python3.7/site-packages/airflow/example_dags/example_trigger_target_dag.py
[2022-12-30T00:15:27.742+0000] {processor.py:743} INFO - Processing file /home/airflow/.local/lib/python3.7/site-packages/airflow/example_dags/example_trigger_target_dag.py for tasks to queue
[2022-12-30T00:15:27.742+0000] {logging_mixin.py:137} INFO - [2022-12-30T00:15:27.742+0000] {dagbag.py:538} INFO - Filling up the DagBag from /home/airflow/.local/lib/python3.7/site-packages/airflow/example_dags/example_trigger_target_dag.py
[2022-12-30T00:15:27.756+0000] {processor.py:753} INFO - DAG(s) dict_keys(['example_trigger_target_dag']) retrieved from /home/airflow/.local/lib/python3.7/site-packages/airflow/example_dags/example_trigger_target_dag.py
[2022-12-30T00:15:27.783+0000] {logging_mixin.py:137} INFO - [2022-12-30T00:15:27.783+0000] {dag.py:2676} INFO - Sync 1 DAGs
[2022-12-30T00:15:27.802+0000] {logging_mixin.py:137} INFO - [2022-12-30T00:15:27.801+0000] {dag.py:3427} INFO - Setting next_dagrun for example_trigger_target_dag to None, run_after=None
[2022-12-30T00:15:27.812+0000] {processor.py:175} INFO - Processing /home/airflow/.local/lib/python3.7/site-packages/airflow/example_dags/example_trigger_target_dag.py took 0.074 seconds
[2022-12-30T00:15:58.625+0000] {processor.py:153} INFO - Started process (PID=37473) to work on /home/airflow/.local/lib/python3.7/site-packages/airflow/example_dags/example_trigger_target_dag.py
[2022-12-30T00:15:58.625+0000] {processor.py:743} INFO - Processing file /home/airflow/.local/lib/python3.7/site-packages/airflow/example_dags/example_trigger_target_dag.py for tasks to queue
[2022-12-30T00:15:58.626+0000] {logging_mixin.py:137} INFO - [2022-12-30T00:15:58.626+0000] {dagbag.py:538} INFO - Filling up the DagBag from /home/airflow/.local/lib/python3.7/site-packages/airflow/example_dags/example_trigger_target_dag.py
[2022-12-30T00:15:58.643+0000] {processor.py:753} INFO - DAG(s) dict_keys(['example_trigger_target_dag']) retrieved from /home/airflow/.local/lib/python3.7/site-packages/airflow/example_dags/example_trigger_target_dag.py
[2022-12-30T00:15:58.674+0000] {logging_mixin.py:137} INFO - [2022-12-30T00:15:58.673+0000] {dag.py:2676} INFO - Sync 1 DAGs
[2022-12-30T00:15:58.693+0000] {logging_mixin.py:137} INFO - [2022-12-30T00:15:58.693+0000] {dag.py:3427} INFO - Setting next_dagrun for example_trigger_target_dag to None, run_after=None
[2022-12-30T00:15:58.705+0000] {processor.py:175} INFO - Processing /home/airflow/.local/lib/python3.7/site-packages/airflow/example_dags/example_trigger_target_dag.py took 0.084 seconds
[2022-12-30T00:16:29.058+0000] {processor.py:153} INFO - Started process (PID=37555) to work on /home/airflow/.local/lib/python3.7/site-packages/airflow/example_dags/example_trigger_target_dag.py
[2022-12-30T00:16:29.059+0000] {processor.py:743} INFO - Processing file /home/airflow/.local/lib/python3.7/site-packages/airflow/example_dags/example_trigger_target_dag.py for tasks to queue
[2022-12-30T00:16:29.059+0000] {logging_mixin.py:137} INFO - [2022-12-30T00:16:29.059+0000] {dagbag.py:538} INFO - Filling up the DagBag from /home/airflow/.local/lib/python3.7/site-packages/airflow/example_dags/example_trigger_target_dag.py
[2022-12-30T00:16:29.075+0000] {processor.py:753} INFO - DAG(s) dict_keys(['example_trigger_target_dag']) retrieved from /home/airflow/.local/lib/python3.7/site-packages/airflow/example_dags/example_trigger_target_dag.py
[2022-12-30T00:16:29.106+0000] {logging_mixin.py:137} INFO - [2022-12-30T00:16:29.106+0000] {dag.py:2676} INFO - Sync 1 DAGs
[2022-12-30T00:16:29.128+0000] {logging_mixin.py:137} INFO - [2022-12-30T00:16:29.128+0000] {dag.py:3427} INFO - Setting next_dagrun for example_trigger_target_dag to None, run_after=None
[2022-12-30T00:16:29.141+0000] {processor.py:175} INFO - Processing /home/airflow/.local/lib/python3.7/site-packages/airflow/example_dags/example_trigger_target_dag.py took 0.085 seconds
[2022-12-30T00:16:59.565+0000] {processor.py:153} INFO - Started process (PID=37657) to work on /home/airflow/.local/lib/python3.7/site-packages/airflow/example_dags/example_trigger_target_dag.py
[2022-12-30T00:16:59.566+0000] {processor.py:743} INFO - Processing file /home/airflow/.local/lib/python3.7/site-packages/airflow/example_dags/example_trigger_target_dag.py for tasks to queue
[2022-12-30T00:16:59.566+0000] {logging_mixin.py:137} INFO - [2022-12-30T00:16:59.566+0000] {dagbag.py:538} INFO - Filling up the DagBag from /home/airflow/.local/lib/python3.7/site-packages/airflow/example_dags/example_trigger_target_dag.py
[2022-12-30T00:16:59.583+0000] {processor.py:753} INFO - DAG(s) dict_keys(['example_trigger_target_dag']) retrieved from /home/airflow/.local/lib/python3.7/site-packages/airflow/example_dags/example_trigger_target_dag.py
[2022-12-30T00:16:59.612+0000] {logging_mixin.py:137} INFO - [2022-12-30T00:16:59.612+0000] {dag.py:2676} INFO - Sync 1 DAGs
[2022-12-30T00:16:59.633+0000] {logging_mixin.py:137} INFO - [2022-12-30T00:16:59.633+0000] {dag.py:3427} INFO - Setting next_dagrun for example_trigger_target_dag to None, run_after=None
[2022-12-30T00:16:59.644+0000] {processor.py:175} INFO - Processing /home/airflow/.local/lib/python3.7/site-packages/airflow/example_dags/example_trigger_target_dag.py took 0.082 seconds
[2022-12-30T00:17:30.228+0000] {processor.py:153} INFO - Started process (PID=37739) to work on /home/airflow/.local/lib/python3.7/site-packages/airflow/example_dags/example_trigger_target_dag.py
[2022-12-30T00:17:30.229+0000] {processor.py:743} INFO - Processing file /home/airflow/.local/lib/python3.7/site-packages/airflow/example_dags/example_trigger_target_dag.py for tasks to queue
[2022-12-30T00:17:30.229+0000] {logging_mixin.py:137} INFO - [2022-12-30T00:17:30.229+0000] {dagbag.py:538} INFO - Filling up the DagBag from /home/airflow/.local/lib/python3.7/site-packages/airflow/example_dags/example_trigger_target_dag.py
[2022-12-30T00:17:30.245+0000] {processor.py:753} INFO - DAG(s) dict_keys(['example_trigger_target_dag']) retrieved from /home/airflow/.local/lib/python3.7/site-packages/airflow/example_dags/example_trigger_target_dag.py
[2022-12-30T00:17:30.279+0000] {logging_mixin.py:137} INFO - [2022-12-30T00:17:30.279+0000] {dag.py:2676} INFO - Sync 1 DAGs
[2022-12-30T00:17:30.305+0000] {logging_mixin.py:137} INFO - [2022-12-30T00:17:30.305+0000] {dag.py:3427} INFO - Setting next_dagrun for example_trigger_target_dag to None, run_after=None
[2022-12-30T00:17:30.318+0000] {processor.py:175} INFO - Processing /home/airflow/.local/lib/python3.7/site-packages/airflow/example_dags/example_trigger_target_dag.py took 0.093 seconds
[2022-12-30T00:18:00.668+0000] {processor.py:153} INFO - Started process (PID=37842) to work on /home/airflow/.local/lib/python3.7/site-packages/airflow/example_dags/example_trigger_target_dag.py
[2022-12-30T00:18:00.669+0000] {processor.py:743} INFO - Processing file /home/airflow/.local/lib/python3.7/site-packages/airflow/example_dags/example_trigger_target_dag.py for tasks to queue
[2022-12-30T00:18:00.669+0000] {logging_mixin.py:137} INFO - [2022-12-30T00:18:00.669+0000] {dagbag.py:538} INFO - Filling up the DagBag from /home/airflow/.local/lib/python3.7/site-packages/airflow/example_dags/example_trigger_target_dag.py
[2022-12-30T00:18:00.687+0000] {processor.py:753} INFO - DAG(s) dict_keys(['example_trigger_target_dag']) retrieved from /home/airflow/.local/lib/python3.7/site-packages/airflow/example_dags/example_trigger_target_dag.py
[2022-12-30T00:18:00.722+0000] {logging_mixin.py:137} INFO - [2022-12-30T00:18:00.721+0000] {dag.py:2676} INFO - Sync 1 DAGs
[2022-12-30T00:18:00.748+0000] {logging_mixin.py:137} INFO - [2022-12-30T00:18:00.748+0000] {dag.py:3427} INFO - Setting next_dagrun for example_trigger_target_dag to None, run_after=None
[2022-12-30T00:18:00.760+0000] {processor.py:175} INFO - Processing /home/airflow/.local/lib/python3.7/site-packages/airflow/example_dags/example_trigger_target_dag.py took 0.095 seconds
[2022-12-30T00:18:31.124+0000] {processor.py:153} INFO - Started process (PID=37925) to work on /home/airflow/.local/lib/python3.7/site-packages/airflow/example_dags/example_trigger_target_dag.py
[2022-12-30T00:18:31.125+0000] {processor.py:743} INFO - Processing file /home/airflow/.local/lib/python3.7/site-packages/airflow/example_dags/example_trigger_target_dag.py for tasks to queue
[2022-12-30T00:18:31.125+0000] {logging_mixin.py:137} INFO - [2022-12-30T00:18:31.125+0000] {dagbag.py:538} INFO - Filling up the DagBag from /home/airflow/.local/lib/python3.7/site-packages/airflow/example_dags/example_trigger_target_dag.py
[2022-12-30T00:18:31.144+0000] {processor.py:753} INFO - DAG(s) dict_keys(['example_trigger_target_dag']) retrieved from /home/airflow/.local/lib/python3.7/site-packages/airflow/example_dags/example_trigger_target_dag.py
[2022-12-30T00:18:31.171+0000] {logging_mixin.py:137} INFO - [2022-12-30T00:18:31.171+0000] {dag.py:2676} INFO - Sync 1 DAGs
[2022-12-30T00:18:31.196+0000] {logging_mixin.py:137} INFO - [2022-12-30T00:18:31.196+0000] {dag.py:3427} INFO - Setting next_dagrun for example_trigger_target_dag to None, run_after=None
[2022-12-30T00:18:31.208+0000] {processor.py:175} INFO - Processing /home/airflow/.local/lib/python3.7/site-packages/airflow/example_dags/example_trigger_target_dag.py took 0.086 seconds
[2022-12-30T00:19:01.692+0000] {processor.py:153} INFO - Started process (PID=38027) to work on /home/airflow/.local/lib/python3.7/site-packages/airflow/example_dags/example_trigger_target_dag.py
[2022-12-30T00:19:01.693+0000] {processor.py:743} INFO - Processing file /home/airflow/.local/lib/python3.7/site-packages/airflow/example_dags/example_trigger_target_dag.py for tasks to queue
[2022-12-30T00:19:01.693+0000] {logging_mixin.py:137} INFO - [2022-12-30T00:19:01.693+0000] {dagbag.py:538} INFO - Filling up the DagBag from /home/airflow/.local/lib/python3.7/site-packages/airflow/example_dags/example_trigger_target_dag.py
[2022-12-30T00:19:01.708+0000] {processor.py:753} INFO - DAG(s) dict_keys(['example_trigger_target_dag']) retrieved from /home/airflow/.local/lib/python3.7/site-packages/airflow/example_dags/example_trigger_target_dag.py
[2022-12-30T00:19:01.739+0000] {logging_mixin.py:137} INFO - [2022-12-30T00:19:01.739+0000] {dag.py:2676} INFO - Sync 1 DAGs
[2022-12-30T00:19:01.759+0000] {logging_mixin.py:137} INFO - [2022-12-30T00:19:01.758+0000] {dag.py:3427} INFO - Setting next_dagrun for example_trigger_target_dag to None, run_after=None
[2022-12-30T00:19:01.770+0000] {processor.py:175} INFO - Processing /home/airflow/.local/lib/python3.7/site-packages/airflow/example_dags/example_trigger_target_dag.py took 0.081 seconds
[2022-12-30T00:19:32.407+0000] {processor.py:153} INFO - Started process (PID=38129) to work on /home/airflow/.local/lib/python3.7/site-packages/airflow/example_dags/example_trigger_target_dag.py
[2022-12-30T00:19:32.415+0000] {processor.py:743} INFO - Processing file /home/airflow/.local/lib/python3.7/site-packages/airflow/example_dags/example_trigger_target_dag.py for tasks to queue
[2022-12-30T00:19:32.416+0000] {logging_mixin.py:137} INFO - [2022-12-30T00:19:32.416+0000] {dagbag.py:538} INFO - Filling up the DagBag from /home/airflow/.local/lib/python3.7/site-packages/airflow/example_dags/example_trigger_target_dag.py
[2022-12-30T00:19:32.449+0000] {processor.py:753} INFO - DAG(s) dict_keys(['example_trigger_target_dag']) retrieved from /home/airflow/.local/lib/python3.7/site-packages/airflow/example_dags/example_trigger_target_dag.py
[2022-12-30T00:19:32.490+0000] {logging_mixin.py:137} INFO - [2022-12-30T00:19:32.490+0000] {dag.py:2676} INFO - Sync 1 DAGs
[2022-12-30T00:19:32.519+0000] {logging_mixin.py:137} INFO - [2022-12-30T00:19:32.518+0000] {dag.py:3427} INFO - Setting next_dagrun for example_trigger_target_dag to None, run_after=None
[2022-12-30T00:19:32.536+0000] {processor.py:175} INFO - Processing /home/airflow/.local/lib/python3.7/site-packages/airflow/example_dags/example_trigger_target_dag.py took 0.134 seconds
[2022-12-30T00:20:03.178+0000] {processor.py:153} INFO - Started process (PID=38211) to work on /home/airflow/.local/lib/python3.7/site-packages/airflow/example_dags/example_trigger_target_dag.py
[2022-12-30T00:20:03.179+0000] {processor.py:743} INFO - Processing file /home/airflow/.local/lib/python3.7/site-packages/airflow/example_dags/example_trigger_target_dag.py for tasks to queue
[2022-12-30T00:20:03.180+0000] {logging_mixin.py:137} INFO - [2022-12-30T00:20:03.180+0000] {dagbag.py:538} INFO - Filling up the DagBag from /home/airflow/.local/lib/python3.7/site-packages/airflow/example_dags/example_trigger_target_dag.py
[2022-12-30T00:20:03.197+0000] {processor.py:753} INFO - DAG(s) dict_keys(['example_trigger_target_dag']) retrieved from /home/airflow/.local/lib/python3.7/site-packages/airflow/example_dags/example_trigger_target_dag.py
[2022-12-30T00:20:03.226+0000] {logging_mixin.py:137} INFO - [2022-12-30T00:20:03.225+0000] {dag.py:2676} INFO - Sync 1 DAGs
[2022-12-30T00:20:03.242+0000] {logging_mixin.py:137} INFO - [2022-12-30T00:20:03.242+0000] {dag.py:3427} INFO - Setting next_dagrun for example_trigger_target_dag to None, run_after=None
[2022-12-30T00:20:03.256+0000] {processor.py:175} INFO - Processing /home/airflow/.local/lib/python3.7/site-packages/airflow/example_dags/example_trigger_target_dag.py took 0.081 seconds
[2022-12-30T00:20:33.841+0000] {processor.py:153} INFO - Started process (PID=38313) to work on /home/airflow/.local/lib/python3.7/site-packages/airflow/example_dags/example_trigger_target_dag.py
[2022-12-30T00:20:33.842+0000] {processor.py:743} INFO - Processing file /home/airflow/.local/lib/python3.7/site-packages/airflow/example_dags/example_trigger_target_dag.py for tasks to queue
[2022-12-30T00:20:33.842+0000] {logging_mixin.py:137} INFO - [2022-12-30T00:20:33.842+0000] {dagbag.py:538} INFO - Filling up the DagBag from /home/airflow/.local/lib/python3.7/site-packages/airflow/example_dags/example_trigger_target_dag.py
[2022-12-30T00:20:33.859+0000] {processor.py:753} INFO - DAG(s) dict_keys(['example_trigger_target_dag']) retrieved from /home/airflow/.local/lib/python3.7/site-packages/airflow/example_dags/example_trigger_target_dag.py
[2022-12-30T00:20:33.895+0000] {logging_mixin.py:137} INFO - [2022-12-30T00:20:33.895+0000] {dag.py:2676} INFO - Sync 1 DAGs
[2022-12-30T00:20:33.922+0000] {logging_mixin.py:137} INFO - [2022-12-30T00:20:33.921+0000] {dag.py:3427} INFO - Setting next_dagrun for example_trigger_target_dag to None, run_after=None
[2022-12-30T00:20:33.936+0000] {processor.py:175} INFO - Processing /home/airflow/.local/lib/python3.7/site-packages/airflow/example_dags/example_trigger_target_dag.py took 0.099 seconds
[2022-12-30T00:21:04.258+0000] {processor.py:153} INFO - Started process (PID=38396) to work on /home/airflow/.local/lib/python3.7/site-packages/airflow/example_dags/example_trigger_target_dag.py
[2022-12-30T00:21:04.259+0000] {processor.py:743} INFO - Processing file /home/airflow/.local/lib/python3.7/site-packages/airflow/example_dags/example_trigger_target_dag.py for tasks to queue
[2022-12-30T00:21:04.260+0000] {logging_mixin.py:137} INFO - [2022-12-30T00:21:04.260+0000] {dagbag.py:538} INFO - Filling up the DagBag from /home/airflow/.local/lib/python3.7/site-packages/airflow/example_dags/example_trigger_target_dag.py
[2022-12-30T00:21:04.277+0000] {processor.py:753} INFO - DAG(s) dict_keys(['example_trigger_target_dag']) retrieved from /home/airflow/.local/lib/python3.7/site-packages/airflow/example_dags/example_trigger_target_dag.py
[2022-12-30T00:21:04.315+0000] {logging_mixin.py:137} INFO - [2022-12-30T00:21:04.315+0000] {dag.py:2676} INFO - Sync 1 DAGs
[2022-12-30T00:21:04.337+0000] {logging_mixin.py:137} INFO - [2022-12-30T00:21:04.337+0000] {dag.py:3427} INFO - Setting next_dagrun for example_trigger_target_dag to None, run_after=None
[2022-12-30T00:21:04.354+0000] {processor.py:175} INFO - Processing /home/airflow/.local/lib/python3.7/site-packages/airflow/example_dags/example_trigger_target_dag.py took 0.100 seconds
[2022-12-30T00:21:35.235+0000] {processor.py:153} INFO - Started process (PID=38499) to work on /home/airflow/.local/lib/python3.7/site-packages/airflow/example_dags/example_trigger_target_dag.py
[2022-12-30T00:21:35.236+0000] {processor.py:743} INFO - Processing file /home/airflow/.local/lib/python3.7/site-packages/airflow/example_dags/example_trigger_target_dag.py for tasks to queue
[2022-12-30T00:21:35.236+0000] {logging_mixin.py:137} INFO - [2022-12-30T00:21:35.236+0000] {dagbag.py:538} INFO - Filling up the DagBag from /home/airflow/.local/lib/python3.7/site-packages/airflow/example_dags/example_trigger_target_dag.py
[2022-12-30T00:21:35.252+0000] {processor.py:753} INFO - DAG(s) dict_keys(['example_trigger_target_dag']) retrieved from /home/airflow/.local/lib/python3.7/site-packages/airflow/example_dags/example_trigger_target_dag.py
[2022-12-30T00:21:35.287+0000] {logging_mixin.py:137} INFO - [2022-12-30T00:21:35.287+0000] {dag.py:2676} INFO - Sync 1 DAGs
[2022-12-30T00:21:35.311+0000] {logging_mixin.py:137} INFO - [2022-12-30T00:21:35.311+0000] {dag.py:3427} INFO - Setting next_dagrun for example_trigger_target_dag to None, run_after=None
[2022-12-30T00:21:35.322+0000] {processor.py:175} INFO - Processing /home/airflow/.local/lib/python3.7/site-packages/airflow/example_dags/example_trigger_target_dag.py took 0.090 seconds
[2022-12-30T00:22:05.412+0000] {processor.py:153} INFO - Started process (PID=38581) to work on /home/airflow/.local/lib/python3.7/site-packages/airflow/example_dags/example_trigger_target_dag.py
[2022-12-30T00:22:05.413+0000] {processor.py:743} INFO - Processing file /home/airflow/.local/lib/python3.7/site-packages/airflow/example_dags/example_trigger_target_dag.py for tasks to queue
[2022-12-30T00:22:05.413+0000] {logging_mixin.py:137} INFO - [2022-12-30T00:22:05.413+0000] {dagbag.py:538} INFO - Filling up the DagBag from /home/airflow/.local/lib/python3.7/site-packages/airflow/example_dags/example_trigger_target_dag.py
[2022-12-30T00:22:05.433+0000] {processor.py:753} INFO - DAG(s) dict_keys(['example_trigger_target_dag']) retrieved from /home/airflow/.local/lib/python3.7/site-packages/airflow/example_dags/example_trigger_target_dag.py
[2022-12-30T00:22:05.464+0000] {logging_mixin.py:137} INFO - [2022-12-30T00:22:05.464+0000] {dag.py:2676} INFO - Sync 1 DAGs
[2022-12-30T00:22:05.483+0000] {logging_mixin.py:137} INFO - [2022-12-30T00:22:05.483+0000] {dag.py:3427} INFO - Setting next_dagrun for example_trigger_target_dag to None, run_after=None
[2022-12-30T00:22:05.495+0000] {processor.py:175} INFO - Processing /home/airflow/.local/lib/python3.7/site-packages/airflow/example_dags/example_trigger_target_dag.py took 0.085 seconds
[2022-12-30T00:22:36.039+0000] {processor.py:153} INFO - Started process (PID=38683) to work on /home/airflow/.local/lib/python3.7/site-packages/airflow/example_dags/example_trigger_target_dag.py
[2022-12-30T00:22:36.040+0000] {processor.py:743} INFO - Processing file /home/airflow/.local/lib/python3.7/site-packages/airflow/example_dags/example_trigger_target_dag.py for tasks to queue
[2022-12-30T00:22:36.040+0000] {logging_mixin.py:137} INFO - [2022-12-30T00:22:36.040+0000] {dagbag.py:538} INFO - Filling up the DagBag from /home/airflow/.local/lib/python3.7/site-packages/airflow/example_dags/example_trigger_target_dag.py
[2022-12-30T00:22:36.056+0000] {processor.py:753} INFO - DAG(s) dict_keys(['example_trigger_target_dag']) retrieved from /home/airflow/.local/lib/python3.7/site-packages/airflow/example_dags/example_trigger_target_dag.py
[2022-12-30T00:22:36.088+0000] {logging_mixin.py:137} INFO - [2022-12-30T00:22:36.087+0000] {dag.py:2676} INFO - Sync 1 DAGs
[2022-12-30T00:22:36.107+0000] {logging_mixin.py:137} INFO - [2022-12-30T00:22:36.107+0000] {dag.py:3427} INFO - Setting next_dagrun for example_trigger_target_dag to None, run_after=None
[2022-12-30T00:22:36.119+0000] {processor.py:175} INFO - Processing /home/airflow/.local/lib/python3.7/site-packages/airflow/example_dags/example_trigger_target_dag.py took 0.083 seconds
[2022-12-30T00:23:06.983+0000] {processor.py:153} INFO - Started process (PID=38785) to work on /home/airflow/.local/lib/python3.7/site-packages/airflow/example_dags/example_trigger_target_dag.py
[2022-12-30T00:23:06.983+0000] {processor.py:743} INFO - Processing file /home/airflow/.local/lib/python3.7/site-packages/airflow/example_dags/example_trigger_target_dag.py for tasks to queue
[2022-12-30T00:23:06.984+0000] {logging_mixin.py:137} INFO - [2022-12-30T00:23:06.984+0000] {dagbag.py:538} INFO - Filling up the DagBag from /home/airflow/.local/lib/python3.7/site-packages/airflow/example_dags/example_trigger_target_dag.py
[2022-12-30T00:23:07.000+0000] {processor.py:753} INFO - DAG(s) dict_keys(['example_trigger_target_dag']) retrieved from /home/airflow/.local/lib/python3.7/site-packages/airflow/example_dags/example_trigger_target_dag.py
[2022-12-30T00:23:07.034+0000] {logging_mixin.py:137} INFO - [2022-12-30T00:23:07.033+0000] {dag.py:2676} INFO - Sync 1 DAGs
[2022-12-30T00:23:07.064+0000] {logging_mixin.py:137} INFO - [2022-12-30T00:23:07.064+0000] {dag.py:3427} INFO - Setting next_dagrun for example_trigger_target_dag to None, run_after=None
[2022-12-30T00:23:07.082+0000] {processor.py:175} INFO - Processing /home/airflow/.local/lib/python3.7/site-packages/airflow/example_dags/example_trigger_target_dag.py took 0.102 seconds
[2022-12-30T00:23:37.771+0000] {processor.py:153} INFO - Started process (PID=38867) to work on /home/airflow/.local/lib/python3.7/site-packages/airflow/example_dags/example_trigger_target_dag.py
[2022-12-30T00:23:37.771+0000] {processor.py:743} INFO - Processing file /home/airflow/.local/lib/python3.7/site-packages/airflow/example_dags/example_trigger_target_dag.py for tasks to queue
[2022-12-30T00:23:37.772+0000] {logging_mixin.py:137} INFO - [2022-12-30T00:23:37.772+0000] {dagbag.py:538} INFO - Filling up the DagBag from /home/airflow/.local/lib/python3.7/site-packages/airflow/example_dags/example_trigger_target_dag.py
[2022-12-30T00:23:37.789+0000] {processor.py:753} INFO - DAG(s) dict_keys(['example_trigger_target_dag']) retrieved from /home/airflow/.local/lib/python3.7/site-packages/airflow/example_dags/example_trigger_target_dag.py
[2022-12-30T00:23:37.822+0000] {logging_mixin.py:137} INFO - [2022-12-30T00:23:37.822+0000] {dag.py:2676} INFO - Sync 1 DAGs
[2022-12-30T00:23:37.844+0000] {logging_mixin.py:137} INFO - [2022-12-30T00:23:37.844+0000] {dag.py:3427} INFO - Setting next_dagrun for example_trigger_target_dag to None, run_after=None
[2022-12-30T00:23:37.858+0000] {processor.py:175} INFO - Processing /home/airflow/.local/lib/python3.7/site-packages/airflow/example_dags/example_trigger_target_dag.py took 0.090 seconds
[2022-12-30T00:24:08.280+0000] {processor.py:153} INFO - Started process (PID=38969) to work on /home/airflow/.local/lib/python3.7/site-packages/airflow/example_dags/example_trigger_target_dag.py
[2022-12-30T00:24:08.281+0000] {processor.py:743} INFO - Processing file /home/airflow/.local/lib/python3.7/site-packages/airflow/example_dags/example_trigger_target_dag.py for tasks to queue
[2022-12-30T00:24:08.282+0000] {logging_mixin.py:137} INFO - [2022-12-30T00:24:08.282+0000] {dagbag.py:538} INFO - Filling up the DagBag from /home/airflow/.local/lib/python3.7/site-packages/airflow/example_dags/example_trigger_target_dag.py
[2022-12-30T00:24:08.301+0000] {processor.py:753} INFO - DAG(s) dict_keys(['example_trigger_target_dag']) retrieved from /home/airflow/.local/lib/python3.7/site-packages/airflow/example_dags/example_trigger_target_dag.py
[2022-12-30T00:24:08.328+0000] {logging_mixin.py:137} INFO - [2022-12-30T00:24:08.328+0000] {dag.py:2676} INFO - Sync 1 DAGs
[2022-12-30T00:24:08.348+0000] {logging_mixin.py:137} INFO - [2022-12-30T00:24:08.348+0000] {dag.py:3427} INFO - Setting next_dagrun for example_trigger_target_dag to None, run_after=None
[2022-12-30T00:24:08.362+0000] {processor.py:175} INFO - Processing /home/airflow/.local/lib/python3.7/site-packages/airflow/example_dags/example_trigger_target_dag.py took 0.085 seconds
[2022-12-30T00:24:39.369+0000] {processor.py:153} INFO - Started process (PID=39051) to work on /home/airflow/.local/lib/python3.7/site-packages/airflow/example_dags/example_trigger_target_dag.py
[2022-12-30T00:24:39.370+0000] {processor.py:743} INFO - Processing file /home/airflow/.local/lib/python3.7/site-packages/airflow/example_dags/example_trigger_target_dag.py for tasks to queue
[2022-12-30T00:24:39.370+0000] {logging_mixin.py:137} INFO - [2022-12-30T00:24:39.370+0000] {dagbag.py:538} INFO - Filling up the DagBag from /home/airflow/.local/lib/python3.7/site-packages/airflow/example_dags/example_trigger_target_dag.py
[2022-12-30T00:24:39.388+0000] {processor.py:753} INFO - DAG(s) dict_keys(['example_trigger_target_dag']) retrieved from /home/airflow/.local/lib/python3.7/site-packages/airflow/example_dags/example_trigger_target_dag.py
[2022-12-30T00:24:39.416+0000] {logging_mixin.py:137} INFO - [2022-12-30T00:24:39.416+0000] {dag.py:2676} INFO - Sync 1 DAGs
[2022-12-30T00:24:39.439+0000] {logging_mixin.py:137} INFO - [2022-12-30T00:24:39.439+0000] {dag.py:3427} INFO - Setting next_dagrun for example_trigger_target_dag to None, run_after=None
[2022-12-30T00:24:39.452+0000] {processor.py:175} INFO - Processing /home/airflow/.local/lib/python3.7/site-packages/airflow/example_dags/example_trigger_target_dag.py took 0.085 seconds
[2022-12-30T00:25:09.784+0000] {processor.py:153} INFO - Started process (PID=39153) to work on /home/airflow/.local/lib/python3.7/site-packages/airflow/example_dags/example_trigger_target_dag.py
[2022-12-30T00:25:09.784+0000] {processor.py:743} INFO - Processing file /home/airflow/.local/lib/python3.7/site-packages/airflow/example_dags/example_trigger_target_dag.py for tasks to queue
[2022-12-30T00:25:09.785+0000] {logging_mixin.py:137} INFO - [2022-12-30T00:25:09.785+0000] {dagbag.py:538} INFO - Filling up the DagBag from /home/airflow/.local/lib/python3.7/site-packages/airflow/example_dags/example_trigger_target_dag.py
[2022-12-30T00:25:09.800+0000] {processor.py:753} INFO - DAG(s) dict_keys(['example_trigger_target_dag']) retrieved from /home/airflow/.local/lib/python3.7/site-packages/airflow/example_dags/example_trigger_target_dag.py
[2022-12-30T00:25:09.831+0000] {logging_mixin.py:137} INFO - [2022-12-30T00:25:09.831+0000] {dag.py:2676} INFO - Sync 1 DAGs
[2022-12-30T00:25:09.848+0000] {logging_mixin.py:137} INFO - [2022-12-30T00:25:09.848+0000] {dag.py:3427} INFO - Setting next_dagrun for example_trigger_target_dag to None, run_after=None
[2022-12-30T00:25:09.862+0000] {processor.py:175} INFO - Processing /home/airflow/.local/lib/python3.7/site-packages/airflow/example_dags/example_trigger_target_dag.py took 0.081 seconds
[2022-12-30T00:25:40.440+0000] {processor.py:153} INFO - Started process (PID=39235) to work on /home/airflow/.local/lib/python3.7/site-packages/airflow/example_dags/example_trigger_target_dag.py
[2022-12-30T00:25:40.440+0000] {processor.py:743} INFO - Processing file /home/airflow/.local/lib/python3.7/site-packages/airflow/example_dags/example_trigger_target_dag.py for tasks to queue
[2022-12-30T00:25:40.441+0000] {logging_mixin.py:137} INFO - [2022-12-30T00:25:40.441+0000] {dagbag.py:538} INFO - Filling up the DagBag from /home/airflow/.local/lib/python3.7/site-packages/airflow/example_dags/example_trigger_target_dag.py
[2022-12-30T00:25:40.457+0000] {processor.py:753} INFO - DAG(s) dict_keys(['example_trigger_target_dag']) retrieved from /home/airflow/.local/lib/python3.7/site-packages/airflow/example_dags/example_trigger_target_dag.py
[2022-12-30T00:25:40.486+0000] {logging_mixin.py:137} INFO - [2022-12-30T00:25:40.485+0000] {dag.py:2676} INFO - Sync 1 DAGs
[2022-12-30T00:25:40.507+0000] {logging_mixin.py:137} INFO - [2022-12-30T00:25:40.507+0000] {dag.py:3427} INFO - Setting next_dagrun for example_trigger_target_dag to None, run_after=None
[2022-12-30T00:25:40.525+0000] {processor.py:175} INFO - Processing /home/airflow/.local/lib/python3.7/site-packages/airflow/example_dags/example_trigger_target_dag.py took 0.088 seconds
[2022-12-30T00:26:10.971+0000] {processor.py:153} INFO - Started process (PID=39337) to work on /home/airflow/.local/lib/python3.7/site-packages/airflow/example_dags/example_trigger_target_dag.py
[2022-12-30T00:26:10.971+0000] {processor.py:743} INFO - Processing file /home/airflow/.local/lib/python3.7/site-packages/airflow/example_dags/example_trigger_target_dag.py for tasks to queue
[2022-12-30T00:26:10.972+0000] {logging_mixin.py:137} INFO - [2022-12-30T00:26:10.972+0000] {dagbag.py:538} INFO - Filling up the DagBag from /home/airflow/.local/lib/python3.7/site-packages/airflow/example_dags/example_trigger_target_dag.py
[2022-12-30T00:26:10.988+0000] {processor.py:753} INFO - DAG(s) dict_keys(['example_trigger_target_dag']) retrieved from /home/airflow/.local/lib/python3.7/site-packages/airflow/example_dags/example_trigger_target_dag.py
[2022-12-30T00:26:11.015+0000] {logging_mixin.py:137} INFO - [2022-12-30T00:26:11.015+0000] {dag.py:2676} INFO - Sync 1 DAGs
[2022-12-30T00:26:11.035+0000] {logging_mixin.py:137} INFO - [2022-12-30T00:26:11.035+0000] {dag.py:3427} INFO - Setting next_dagrun for example_trigger_target_dag to None, run_after=None
[2022-12-30T00:26:11.049+0000] {processor.py:175} INFO - Processing /home/airflow/.local/lib/python3.7/site-packages/airflow/example_dags/example_trigger_target_dag.py took 0.081 seconds
[2022-12-30T00:26:41.635+0000] {processor.py:153} INFO - Started process (PID=39439) to work on /home/airflow/.local/lib/python3.7/site-packages/airflow/example_dags/example_trigger_target_dag.py
[2022-12-30T00:26:41.635+0000] {processor.py:743} INFO - Processing file /home/airflow/.local/lib/python3.7/site-packages/airflow/example_dags/example_trigger_target_dag.py for tasks to queue
[2022-12-30T00:26:41.636+0000] {logging_mixin.py:137} INFO - [2022-12-30T00:26:41.635+0000] {dagbag.py:538} INFO - Filling up the DagBag from /home/airflow/.local/lib/python3.7/site-packages/airflow/example_dags/example_trigger_target_dag.py
[2022-12-30T00:26:41.655+0000] {processor.py:753} INFO - DAG(s) dict_keys(['example_trigger_target_dag']) retrieved from /home/airflow/.local/lib/python3.7/site-packages/airflow/example_dags/example_trigger_target_dag.py
[2022-12-30T00:26:41.685+0000] {logging_mixin.py:137} INFO - [2022-12-30T00:26:41.685+0000] {dag.py:2676} INFO - Sync 1 DAGs
[2022-12-30T00:26:41.705+0000] {logging_mixin.py:137} INFO - [2022-12-30T00:26:41.705+0000] {dag.py:3427} INFO - Setting next_dagrun for example_trigger_target_dag to None, run_after=None
[2022-12-30T00:26:41.718+0000] {processor.py:175} INFO - Processing /home/airflow/.local/lib/python3.7/site-packages/airflow/example_dags/example_trigger_target_dag.py took 0.085 seconds
[2022-12-30T00:27:11.791+0000] {processor.py:153} INFO - Started process (PID=39522) to work on /home/airflow/.local/lib/python3.7/site-packages/airflow/example_dags/example_trigger_target_dag.py
[2022-12-30T00:27:11.792+0000] {processor.py:743} INFO - Processing file /home/airflow/.local/lib/python3.7/site-packages/airflow/example_dags/example_trigger_target_dag.py for tasks to queue
[2022-12-30T00:27:11.793+0000] {logging_mixin.py:137} INFO - [2022-12-30T00:27:11.792+0000] {dagbag.py:538} INFO - Filling up the DagBag from /home/airflow/.local/lib/python3.7/site-packages/airflow/example_dags/example_trigger_target_dag.py
[2022-12-30T00:27:11.812+0000] {processor.py:753} INFO - DAG(s) dict_keys(['example_trigger_target_dag']) retrieved from /home/airflow/.local/lib/python3.7/site-packages/airflow/example_dags/example_trigger_target_dag.py
[2022-12-30T00:27:11.844+0000] {logging_mixin.py:137} INFO - [2022-12-30T00:27:11.843+0000] {dag.py:2676} INFO - Sync 1 DAGs
[2022-12-30T00:27:11.863+0000] {logging_mixin.py:137} INFO - [2022-12-30T00:27:11.863+0000] {dag.py:3427} INFO - Setting next_dagrun for example_trigger_target_dag to None, run_after=None
[2022-12-30T00:27:11.874+0000] {processor.py:175} INFO - Processing /home/airflow/.local/lib/python3.7/site-packages/airflow/example_dags/example_trigger_target_dag.py took 0.085 seconds
[2022-12-30T00:27:42.414+0000] {processor.py:153} INFO - Started process (PID=39624) to work on /home/airflow/.local/lib/python3.7/site-packages/airflow/example_dags/example_trigger_target_dag.py
[2022-12-30T00:27:42.414+0000] {processor.py:743} INFO - Processing file /home/airflow/.local/lib/python3.7/site-packages/airflow/example_dags/example_trigger_target_dag.py for tasks to queue
[2022-12-30T00:27:42.415+0000] {logging_mixin.py:137} INFO - [2022-12-30T00:27:42.414+0000] {dagbag.py:538} INFO - Filling up the DagBag from /home/airflow/.local/lib/python3.7/site-packages/airflow/example_dags/example_trigger_target_dag.py
[2022-12-30T00:27:42.429+0000] {processor.py:753} INFO - DAG(s) dict_keys(['example_trigger_target_dag']) retrieved from /home/airflow/.local/lib/python3.7/site-packages/airflow/example_dags/example_trigger_target_dag.py
[2022-12-30T00:27:42.460+0000] {logging_mixin.py:137} INFO - [2022-12-30T00:27:42.460+0000] {dag.py:2676} INFO - Sync 1 DAGs
[2022-12-30T00:27:42.480+0000] {logging_mixin.py:137} INFO - [2022-12-30T00:27:42.480+0000] {dag.py:3427} INFO - Setting next_dagrun for example_trigger_target_dag to None, run_after=None
[2022-12-30T00:27:42.494+0000] {processor.py:175} INFO - Processing /home/airflow/.local/lib/python3.7/site-packages/airflow/example_dags/example_trigger_target_dag.py took 0.083 seconds
[2022-12-30T00:28:12.556+0000] {processor.py:153} INFO - Started process (PID=39706) to work on /home/airflow/.local/lib/python3.7/site-packages/airflow/example_dags/example_trigger_target_dag.py
[2022-12-30T00:28:12.557+0000] {processor.py:743} INFO - Processing file /home/airflow/.local/lib/python3.7/site-packages/airflow/example_dags/example_trigger_target_dag.py for tasks to queue
[2022-12-30T00:28:12.557+0000] {logging_mixin.py:137} INFO - [2022-12-30T00:28:12.557+0000] {dagbag.py:538} INFO - Filling up the DagBag from /home/airflow/.local/lib/python3.7/site-packages/airflow/example_dags/example_trigger_target_dag.py
[2022-12-30T00:28:12.574+0000] {processor.py:753} INFO - DAG(s) dict_keys(['example_trigger_target_dag']) retrieved from /home/airflow/.local/lib/python3.7/site-packages/airflow/example_dags/example_trigger_target_dag.py
[2022-12-30T00:28:12.604+0000] {logging_mixin.py:137} INFO - [2022-12-30T00:28:12.603+0000] {dag.py:2676} INFO - Sync 1 DAGs
[2022-12-30T00:28:12.625+0000] {logging_mixin.py:137} INFO - [2022-12-30T00:28:12.624+0000] {dag.py:3427} INFO - Setting next_dagrun for example_trigger_target_dag to None, run_after=None
[2022-12-30T00:28:12.643+0000] {processor.py:175} INFO - Processing /home/airflow/.local/lib/python3.7/site-packages/airflow/example_dags/example_trigger_target_dag.py took 0.090 seconds
[2022-12-30T00:28:43.318+0000] {processor.py:153} INFO - Started process (PID=39808) to work on /home/airflow/.local/lib/python3.7/site-packages/airflow/example_dags/example_trigger_target_dag.py
[2022-12-30T00:28:43.318+0000] {processor.py:743} INFO - Processing file /home/airflow/.local/lib/python3.7/site-packages/airflow/example_dags/example_trigger_target_dag.py for tasks to queue
[2022-12-30T00:28:43.319+0000] {logging_mixin.py:137} INFO - [2022-12-30T00:28:43.319+0000] {dagbag.py:538} INFO - Filling up the DagBag from /home/airflow/.local/lib/python3.7/site-packages/airflow/example_dags/example_trigger_target_dag.py
[2022-12-30T00:28:43.335+0000] {processor.py:753} INFO - DAG(s) dict_keys(['example_trigger_target_dag']) retrieved from /home/airflow/.local/lib/python3.7/site-packages/airflow/example_dags/example_trigger_target_dag.py
[2022-12-30T00:28:43.364+0000] {logging_mixin.py:137} INFO - [2022-12-30T00:28:43.363+0000] {dag.py:2676} INFO - Sync 1 DAGs
[2022-12-30T00:28:43.386+0000] {logging_mixin.py:137} INFO - [2022-12-30T00:28:43.386+0000] {dag.py:3427} INFO - Setting next_dagrun for example_trigger_target_dag to None, run_after=None
[2022-12-30T00:28:43.399+0000] {processor.py:175} INFO - Processing /home/airflow/.local/lib/python3.7/site-packages/airflow/example_dags/example_trigger_target_dag.py took 0.084 seconds
[2022-12-30T00:29:13.556+0000] {processor.py:153} INFO - Started process (PID=39890) to work on /home/airflow/.local/lib/python3.7/site-packages/airflow/example_dags/example_trigger_target_dag.py
[2022-12-30T00:29:13.556+0000] {processor.py:743} INFO - Processing file /home/airflow/.local/lib/python3.7/site-packages/airflow/example_dags/example_trigger_target_dag.py for tasks to queue
[2022-12-30T00:29:13.557+0000] {logging_mixin.py:137} INFO - [2022-12-30T00:29:13.557+0000] {dagbag.py:538} INFO - Filling up the DagBag from /home/airflow/.local/lib/python3.7/site-packages/airflow/example_dags/example_trigger_target_dag.py
[2022-12-30T00:29:13.574+0000] {processor.py:753} INFO - DAG(s) dict_keys(['example_trigger_target_dag']) retrieved from /home/airflow/.local/lib/python3.7/site-packages/airflow/example_dags/example_trigger_target_dag.py
[2022-12-30T00:29:13.602+0000] {logging_mixin.py:137} INFO - [2022-12-30T00:29:13.602+0000] {dag.py:2676} INFO - Sync 1 DAGs
[2022-12-30T00:29:13.624+0000] {logging_mixin.py:137} INFO - [2022-12-30T00:29:13.623+0000] {dag.py:3427} INFO - Setting next_dagrun for example_trigger_target_dag to None, run_after=None
[2022-12-30T00:29:13.640+0000] {processor.py:175} INFO - Processing /home/airflow/.local/lib/python3.7/site-packages/airflow/example_dags/example_trigger_target_dag.py took 0.087 seconds
[2022-12-30T00:29:43.749+0000] {processor.py:153} INFO - Started process (PID=39992) to work on /home/airflow/.local/lib/python3.7/site-packages/airflow/example_dags/example_trigger_target_dag.py
[2022-12-30T00:29:43.750+0000] {processor.py:743} INFO - Processing file /home/airflow/.local/lib/python3.7/site-packages/airflow/example_dags/example_trigger_target_dag.py for tasks to queue
[2022-12-30T00:29:43.751+0000] {logging_mixin.py:137} INFO - [2022-12-30T00:29:43.751+0000] {dagbag.py:538} INFO - Filling up the DagBag from /home/airflow/.local/lib/python3.7/site-packages/airflow/example_dags/example_trigger_target_dag.py
[2022-12-30T00:29:43.766+0000] {processor.py:753} INFO - DAG(s) dict_keys(['example_trigger_target_dag']) retrieved from /home/airflow/.local/lib/python3.7/site-packages/airflow/example_dags/example_trigger_target_dag.py
[2022-12-30T00:29:43.797+0000] {logging_mixin.py:137} INFO - [2022-12-30T00:29:43.797+0000] {dag.py:2676} INFO - Sync 1 DAGs
[2022-12-30T00:29:43.822+0000] {logging_mixin.py:137} INFO - [2022-12-30T00:29:43.822+0000] {dag.py:3427} INFO - Setting next_dagrun for example_trigger_target_dag to None, run_after=None
[2022-12-30T00:29:43.834+0000] {processor.py:175} INFO - Processing /home/airflow/.local/lib/python3.7/site-packages/airflow/example_dags/example_trigger_target_dag.py took 0.088 seconds
[2022-12-30T00:30:14.292+0000] {processor.py:153} INFO - Started process (PID=40074) to work on /home/airflow/.local/lib/python3.7/site-packages/airflow/example_dags/example_trigger_target_dag.py
[2022-12-30T00:30:14.293+0000] {processor.py:743} INFO - Processing file /home/airflow/.local/lib/python3.7/site-packages/airflow/example_dags/example_trigger_target_dag.py for tasks to queue
[2022-12-30T00:30:14.293+0000] {logging_mixin.py:137} INFO - [2022-12-30T00:30:14.293+0000] {dagbag.py:538} INFO - Filling up the DagBag from /home/airflow/.local/lib/python3.7/site-packages/airflow/example_dags/example_trigger_target_dag.py
[2022-12-30T00:30:14.308+0000] {processor.py:753} INFO - DAG(s) dict_keys(['example_trigger_target_dag']) retrieved from /home/airflow/.local/lib/python3.7/site-packages/airflow/example_dags/example_trigger_target_dag.py
[2022-12-30T00:30:14.336+0000] {logging_mixin.py:137} INFO - [2022-12-30T00:30:14.336+0000] {dag.py:2676} INFO - Sync 1 DAGs
[2022-12-30T00:30:14.355+0000] {logging_mixin.py:137} INFO - [2022-12-30T00:30:14.355+0000] {dag.py:3427} INFO - Setting next_dagrun for example_trigger_target_dag to None, run_after=None
[2022-12-30T00:30:14.371+0000] {processor.py:175} INFO - Processing /home/airflow/.local/lib/python3.7/site-packages/airflow/example_dags/example_trigger_target_dag.py took 0.082 seconds
[2022-12-30T00:30:44.824+0000] {processor.py:153} INFO - Started process (PID=40176) to work on /home/airflow/.local/lib/python3.7/site-packages/airflow/example_dags/example_trigger_target_dag.py
[2022-12-30T00:30:44.825+0000] {processor.py:743} INFO - Processing file /home/airflow/.local/lib/python3.7/site-packages/airflow/example_dags/example_trigger_target_dag.py for tasks to queue
[2022-12-30T00:30:44.826+0000] {logging_mixin.py:137} INFO - [2022-12-30T00:30:44.826+0000] {dagbag.py:538} INFO - Filling up the DagBag from /home/airflow/.local/lib/python3.7/site-packages/airflow/example_dags/example_trigger_target_dag.py
[2022-12-30T00:30:44.843+0000] {processor.py:753} INFO - DAG(s) dict_keys(['example_trigger_target_dag']) retrieved from /home/airflow/.local/lib/python3.7/site-packages/airflow/example_dags/example_trigger_target_dag.py
[2022-12-30T00:30:44.875+0000] {logging_mixin.py:137} INFO - [2022-12-30T00:30:44.875+0000] {dag.py:2676} INFO - Sync 1 DAGs
[2022-12-30T00:30:44.897+0000] {logging_mixin.py:137} INFO - [2022-12-30T00:30:44.896+0000] {dag.py:3427} INFO - Setting next_dagrun for example_trigger_target_dag to None, run_after=None
[2022-12-30T00:30:44.908+0000] {processor.py:175} INFO - Processing /home/airflow/.local/lib/python3.7/site-packages/airflow/example_dags/example_trigger_target_dag.py took 0.085 seconds
[2022-12-30T00:31:15.301+0000] {processor.py:153} INFO - Started process (PID=40258) to work on /home/airflow/.local/lib/python3.7/site-packages/airflow/example_dags/example_trigger_target_dag.py
[2022-12-30T00:31:15.302+0000] {processor.py:743} INFO - Processing file /home/airflow/.local/lib/python3.7/site-packages/airflow/example_dags/example_trigger_target_dag.py for tasks to queue
[2022-12-30T00:31:15.303+0000] {logging_mixin.py:137} INFO - [2022-12-30T00:31:15.303+0000] {dagbag.py:538} INFO - Filling up the DagBag from /home/airflow/.local/lib/python3.7/site-packages/airflow/example_dags/example_trigger_target_dag.py
[2022-12-30T00:31:15.321+0000] {processor.py:753} INFO - DAG(s) dict_keys(['example_trigger_target_dag']) retrieved from /home/airflow/.local/lib/python3.7/site-packages/airflow/example_dags/example_trigger_target_dag.py
[2022-12-30T00:31:15.354+0000] {logging_mixin.py:137} INFO - [2022-12-30T00:31:15.354+0000] {dag.py:2676} INFO - Sync 1 DAGs
[2022-12-30T00:31:15.375+0000] {logging_mixin.py:137} INFO - [2022-12-30T00:31:15.375+0000] {dag.py:3427} INFO - Setting next_dagrun for example_trigger_target_dag to None, run_after=None
[2022-12-30T00:31:15.390+0000] {processor.py:175} INFO - Processing /home/airflow/.local/lib/python3.7/site-packages/airflow/example_dags/example_trigger_target_dag.py took 0.092 seconds
[2022-12-30T00:31:45.943+0000] {processor.py:153} INFO - Started process (PID=40360) to work on /home/airflow/.local/lib/python3.7/site-packages/airflow/example_dags/example_trigger_target_dag.py
[2022-12-30T00:31:45.944+0000] {processor.py:743} INFO - Processing file /home/airflow/.local/lib/python3.7/site-packages/airflow/example_dags/example_trigger_target_dag.py for tasks to queue
[2022-12-30T00:31:45.944+0000] {logging_mixin.py:137} INFO - [2022-12-30T00:31:45.944+0000] {dagbag.py:538} INFO - Filling up the DagBag from /home/airflow/.local/lib/python3.7/site-packages/airflow/example_dags/example_trigger_target_dag.py
[2022-12-30T00:31:45.960+0000] {processor.py:753} INFO - DAG(s) dict_keys(['example_trigger_target_dag']) retrieved from /home/airflow/.local/lib/python3.7/site-packages/airflow/example_dags/example_trigger_target_dag.py
[2022-12-30T00:31:45.989+0000] {logging_mixin.py:137} INFO - [2022-12-30T00:31:45.989+0000] {dag.py:2676} INFO - Sync 1 DAGs
[2022-12-30T00:31:46.009+0000] {logging_mixin.py:137} INFO - [2022-12-30T00:31:46.009+0000] {dag.py:3427} INFO - Setting next_dagrun for example_trigger_target_dag to None, run_after=None
[2022-12-30T00:31:46.020+0000] {processor.py:175} INFO - Processing /home/airflow/.local/lib/python3.7/site-packages/airflow/example_dags/example_trigger_target_dag.py took 0.081 seconds
[2022-12-30T00:32:16.426+0000] {processor.py:153} INFO - Started process (PID=40463) to work on /home/airflow/.local/lib/python3.7/site-packages/airflow/example_dags/example_trigger_target_dag.py
[2022-12-30T00:32:16.427+0000] {processor.py:743} INFO - Processing file /home/airflow/.local/lib/python3.7/site-packages/airflow/example_dags/example_trigger_target_dag.py for tasks to queue
[2022-12-30T00:32:16.427+0000] {logging_mixin.py:137} INFO - [2022-12-30T00:32:16.427+0000] {dagbag.py:538} INFO - Filling up the DagBag from /home/airflow/.local/lib/python3.7/site-packages/airflow/example_dags/example_trigger_target_dag.py
[2022-12-30T00:32:16.442+0000] {processor.py:753} INFO - DAG(s) dict_keys(['example_trigger_target_dag']) retrieved from /home/airflow/.local/lib/python3.7/site-packages/airflow/example_dags/example_trigger_target_dag.py
[2022-12-30T00:32:16.470+0000] {logging_mixin.py:137} INFO - [2022-12-30T00:32:16.470+0000] {dag.py:2676} INFO - Sync 1 DAGs
[2022-12-30T00:32:16.491+0000] {logging_mixin.py:137} INFO - [2022-12-30T00:32:16.491+0000] {dag.py:3427} INFO - Setting next_dagrun for example_trigger_target_dag to None, run_after=None
[2022-12-30T00:32:16.505+0000] {processor.py:175} INFO - Processing /home/airflow/.local/lib/python3.7/site-packages/airflow/example_dags/example_trigger_target_dag.py took 0.082 seconds
[2022-12-30T00:32:46.586+0000] {processor.py:153} INFO - Started process (PID=40545) to work on /home/airflow/.local/lib/python3.7/site-packages/airflow/example_dags/example_trigger_target_dag.py
[2022-12-30T00:32:46.586+0000] {processor.py:743} INFO - Processing file /home/airflow/.local/lib/python3.7/site-packages/airflow/example_dags/example_trigger_target_dag.py for tasks to queue
[2022-12-30T00:32:46.587+0000] {logging_mixin.py:137} INFO - [2022-12-30T00:32:46.587+0000] {dagbag.py:538} INFO - Filling up the DagBag from /home/airflow/.local/lib/python3.7/site-packages/airflow/example_dags/example_trigger_target_dag.py
[2022-12-30T00:32:46.606+0000] {processor.py:753} INFO - DAG(s) dict_keys(['example_trigger_target_dag']) retrieved from /home/airflow/.local/lib/python3.7/site-packages/airflow/example_dags/example_trigger_target_dag.py
[2022-12-30T00:32:46.636+0000] {logging_mixin.py:137} INFO - [2022-12-30T00:32:46.636+0000] {dag.py:2676} INFO - Sync 1 DAGs
[2022-12-30T00:32:46.656+0000] {logging_mixin.py:137} INFO - [2022-12-30T00:32:46.656+0000] {dag.py:3427} INFO - Setting next_dagrun for example_trigger_target_dag to None, run_after=None
[2022-12-30T00:32:46.668+0000] {processor.py:175} INFO - Processing /home/airflow/.local/lib/python3.7/site-packages/airflow/example_dags/example_trigger_target_dag.py took 0.084 seconds
[2022-12-30T00:33:17.429+0000] {processor.py:153} INFO - Started process (PID=40647) to work on /home/airflow/.local/lib/python3.7/site-packages/airflow/example_dags/example_trigger_target_dag.py
[2022-12-30T00:33:17.429+0000] {processor.py:743} INFO - Processing file /home/airflow/.local/lib/python3.7/site-packages/airflow/example_dags/example_trigger_target_dag.py for tasks to queue
[2022-12-30T00:33:17.430+0000] {logging_mixin.py:137} INFO - [2022-12-30T00:33:17.430+0000] {dagbag.py:538} INFO - Filling up the DagBag from /home/airflow/.local/lib/python3.7/site-packages/airflow/example_dags/example_trigger_target_dag.py
[2022-12-30T00:33:17.446+0000] {processor.py:753} INFO - DAG(s) dict_keys(['example_trigger_target_dag']) retrieved from /home/airflow/.local/lib/python3.7/site-packages/airflow/example_dags/example_trigger_target_dag.py
[2022-12-30T00:33:17.477+0000] {logging_mixin.py:137} INFO - [2022-12-30T00:33:17.477+0000] {dag.py:2676} INFO - Sync 1 DAGs
[2022-12-30T00:33:17.496+0000] {logging_mixin.py:137} INFO - [2022-12-30T00:33:17.496+0000] {dag.py:3427} INFO - Setting next_dagrun for example_trigger_target_dag to None, run_after=None
[2022-12-30T00:33:17.509+0000] {processor.py:175} INFO - Processing /home/airflow/.local/lib/python3.7/site-packages/airflow/example_dags/example_trigger_target_dag.py took 0.084 seconds
[2022-12-30T00:33:47.940+0000] {processor.py:153} INFO - Started process (PID=40729) to work on /home/airflow/.local/lib/python3.7/site-packages/airflow/example_dags/example_trigger_target_dag.py
[2022-12-30T00:33:47.940+0000] {processor.py:743} INFO - Processing file /home/airflow/.local/lib/python3.7/site-packages/airflow/example_dags/example_trigger_target_dag.py for tasks to queue
[2022-12-30T00:33:47.940+0000] {logging_mixin.py:137} INFO - [2022-12-30T00:33:47.940+0000] {dagbag.py:538} INFO - Filling up the DagBag from /home/airflow/.local/lib/python3.7/site-packages/airflow/example_dags/example_trigger_target_dag.py
[2022-12-30T00:33:47.956+0000] {processor.py:753} INFO - DAG(s) dict_keys(['example_trigger_target_dag']) retrieved from /home/airflow/.local/lib/python3.7/site-packages/airflow/example_dags/example_trigger_target_dag.py
[2022-12-30T00:33:47.987+0000] {logging_mixin.py:137} INFO - [2022-12-30T00:33:47.987+0000] {dag.py:2676} INFO - Sync 1 DAGs
[2022-12-30T00:33:48.007+0000] {logging_mixin.py:137} INFO - [2022-12-30T00:33:48.007+0000] {dag.py:3427} INFO - Setting next_dagrun for example_trigger_target_dag to None, run_after=None
[2022-12-30T00:33:48.021+0000] {processor.py:175} INFO - Processing /home/airflow/.local/lib/python3.7/site-packages/airflow/example_dags/example_trigger_target_dag.py took 0.085 seconds
