[2022-12-30T00:00:10.827+0000] {processor.py:153} INFO - Started process (PID=34571) to work on /home/airflow/.local/lib/python3.7/site-packages/airflow/example_dags/example_branch_operator_decorator.py
[2022-12-30T00:00:10.827+0000] {processor.py:743} INFO - Processing file /home/airflow/.local/lib/python3.7/site-packages/airflow/example_dags/example_branch_operator_decorator.py for tasks to queue
[2022-12-30T00:00:10.828+0000] {logging_mixin.py:137} INFO - [2022-12-30T00:00:10.828+0000] {dagbag.py:538} INFO - Filling up the DagBag from /home/airflow/.local/lib/python3.7/site-packages/airflow/example_dags/example_branch_operator_decorator.py
[2022-12-30T00:00:10.846+0000] {processor.py:753} INFO - DAG(s) dict_keys(['example_branch_python_operator_decorator']) retrieved from /home/airflow/.local/lib/python3.7/site-packages/airflow/example_dags/example_branch_operator_decorator.py
[2022-12-30T00:00:10.880+0000] {logging_mixin.py:137} INFO - [2022-12-30T00:00:10.880+0000] {dag.py:2676} INFO - Sync 1 DAGs
[2022-12-30T00:00:10.901+0000] {logging_mixin.py:137} INFO - [2022-12-30T00:00:10.901+0000] {dag.py:3427} INFO - Setting next_dagrun for example_branch_python_operator_decorator to 2022-12-29T00:00:00+00:00, run_after=2022-12-30T00:00:00+00:00
[2022-12-30T00:00:10.916+0000] {processor.py:175} INFO - Processing /home/airflow/.local/lib/python3.7/site-packages/airflow/example_dags/example_branch_operator_decorator.py took 0.092 seconds
[2022-12-30T00:00:41.261+0000] {processor.py:153} INFO - Started process (PID=34654) to work on /home/airflow/.local/lib/python3.7/site-packages/airflow/example_dags/example_branch_operator_decorator.py
[2022-12-30T00:00:41.262+0000] {processor.py:743} INFO - Processing file /home/airflow/.local/lib/python3.7/site-packages/airflow/example_dags/example_branch_operator_decorator.py for tasks to queue
[2022-12-30T00:00:41.263+0000] {logging_mixin.py:137} INFO - [2022-12-30T00:00:41.263+0000] {dagbag.py:538} INFO - Filling up the DagBag from /home/airflow/.local/lib/python3.7/site-packages/airflow/example_dags/example_branch_operator_decorator.py
[2022-12-30T00:00:41.281+0000] {processor.py:753} INFO - DAG(s) dict_keys(['example_branch_python_operator_decorator']) retrieved from /home/airflow/.local/lib/python3.7/site-packages/airflow/example_dags/example_branch_operator_decorator.py
[2022-12-30T00:00:41.313+0000] {logging_mixin.py:137} INFO - [2022-12-30T00:00:41.313+0000] {dag.py:2676} INFO - Sync 1 DAGs
[2022-12-30T00:00:41.333+0000] {logging_mixin.py:137} INFO - [2022-12-30T00:00:41.333+0000] {dag.py:3427} INFO - Setting next_dagrun for example_branch_python_operator_decorator to 2022-12-29T00:00:00+00:00, run_after=2022-12-30T00:00:00+00:00
[2022-12-30T00:00:41.344+0000] {processor.py:175} INFO - Processing /home/airflow/.local/lib/python3.7/site-packages/airflow/example_dags/example_branch_operator_decorator.py took 0.086 seconds
[2022-12-30T00:01:12.054+0000] {processor.py:153} INFO - Started process (PID=34756) to work on /home/airflow/.local/lib/python3.7/site-packages/airflow/example_dags/example_branch_operator_decorator.py
[2022-12-30T00:01:12.055+0000] {processor.py:743} INFO - Processing file /home/airflow/.local/lib/python3.7/site-packages/airflow/example_dags/example_branch_operator_decorator.py for tasks to queue
[2022-12-30T00:01:12.056+0000] {logging_mixin.py:137} INFO - [2022-12-30T00:01:12.056+0000] {dagbag.py:538} INFO - Filling up the DagBag from /home/airflow/.local/lib/python3.7/site-packages/airflow/example_dags/example_branch_operator_decorator.py
[2022-12-30T00:01:12.078+0000] {processor.py:753} INFO - DAG(s) dict_keys(['example_branch_python_operator_decorator']) retrieved from /home/airflow/.local/lib/python3.7/site-packages/airflow/example_dags/example_branch_operator_decorator.py
[2022-12-30T00:01:12.133+0000] {logging_mixin.py:137} INFO - [2022-12-30T00:01:12.133+0000] {dag.py:2676} INFO - Sync 1 DAGs
[2022-12-30T00:01:12.156+0000] {logging_mixin.py:137} INFO - [2022-12-30T00:01:12.156+0000] {dag.py:3427} INFO - Setting next_dagrun for example_branch_python_operator_decorator to 2022-12-29T00:00:00+00:00, run_after=2022-12-30T00:00:00+00:00
[2022-12-30T00:01:12.171+0000] {processor.py:175} INFO - Processing /home/airflow/.local/lib/python3.7/site-packages/airflow/example_dags/example_branch_operator_decorator.py took 0.120 seconds
[2022-12-30T00:01:42.443+0000] {processor.py:153} INFO - Started process (PID=34838) to work on /home/airflow/.local/lib/python3.7/site-packages/airflow/example_dags/example_branch_operator_decorator.py
[2022-12-30T00:01:42.444+0000] {processor.py:743} INFO - Processing file /home/airflow/.local/lib/python3.7/site-packages/airflow/example_dags/example_branch_operator_decorator.py for tasks to queue
[2022-12-30T00:01:42.444+0000] {logging_mixin.py:137} INFO - [2022-12-30T00:01:42.444+0000] {dagbag.py:538} INFO - Filling up the DagBag from /home/airflow/.local/lib/python3.7/site-packages/airflow/example_dags/example_branch_operator_decorator.py
[2022-12-30T00:01:42.462+0000] {processor.py:753} INFO - DAG(s) dict_keys(['example_branch_python_operator_decorator']) retrieved from /home/airflow/.local/lib/python3.7/site-packages/airflow/example_dags/example_branch_operator_decorator.py
[2022-12-30T00:01:42.489+0000] {logging_mixin.py:137} INFO - [2022-12-30T00:01:42.489+0000] {dag.py:2676} INFO - Sync 1 DAGs
[2022-12-30T00:01:42.518+0000] {logging_mixin.py:137} INFO - [2022-12-30T00:01:42.518+0000] {dag.py:3427} INFO - Setting next_dagrun for example_branch_python_operator_decorator to 2022-12-29T00:00:00+00:00, run_after=2022-12-30T00:00:00+00:00
[2022-12-30T00:01:42.533+0000] {processor.py:175} INFO - Processing /home/airflow/.local/lib/python3.7/site-packages/airflow/example_dags/example_branch_operator_decorator.py took 0.092 seconds
[2022-12-30T00:02:12.947+0000] {processor.py:153} INFO - Started process (PID=34940) to work on /home/airflow/.local/lib/python3.7/site-packages/airflow/example_dags/example_branch_operator_decorator.py
[2022-12-30T00:02:12.948+0000] {processor.py:743} INFO - Processing file /home/airflow/.local/lib/python3.7/site-packages/airflow/example_dags/example_branch_operator_decorator.py for tasks to queue
[2022-12-30T00:02:12.949+0000] {logging_mixin.py:137} INFO - [2022-12-30T00:02:12.949+0000] {dagbag.py:538} INFO - Filling up the DagBag from /home/airflow/.local/lib/python3.7/site-packages/airflow/example_dags/example_branch_operator_decorator.py
[2022-12-30T00:02:12.968+0000] {processor.py:753} INFO - DAG(s) dict_keys(['example_branch_python_operator_decorator']) retrieved from /home/airflow/.local/lib/python3.7/site-packages/airflow/example_dags/example_branch_operator_decorator.py
[2022-12-30T00:02:13.000+0000] {logging_mixin.py:137} INFO - [2022-12-30T00:02:13.000+0000] {dag.py:2676} INFO - Sync 1 DAGs
[2022-12-30T00:02:13.019+0000] {logging_mixin.py:137} INFO - [2022-12-30T00:02:13.019+0000] {dag.py:3427} INFO - Setting next_dagrun for example_branch_python_operator_decorator to 2022-12-29T00:00:00+00:00, run_after=2022-12-30T00:00:00+00:00
[2022-12-30T00:02:13.031+0000] {processor.py:175} INFO - Processing /home/airflow/.local/lib/python3.7/site-packages/airflow/example_dags/example_branch_operator_decorator.py took 0.087 seconds
[2022-12-30T00:02:43.501+0000] {processor.py:153} INFO - Started process (PID=35022) to work on /home/airflow/.local/lib/python3.7/site-packages/airflow/example_dags/example_branch_operator_decorator.py
[2022-12-30T00:02:43.502+0000] {processor.py:743} INFO - Processing file /home/airflow/.local/lib/python3.7/site-packages/airflow/example_dags/example_branch_operator_decorator.py for tasks to queue
[2022-12-30T00:02:43.502+0000] {logging_mixin.py:137} INFO - [2022-12-30T00:02:43.502+0000] {dagbag.py:538} INFO - Filling up the DagBag from /home/airflow/.local/lib/python3.7/site-packages/airflow/example_dags/example_branch_operator_decorator.py
[2022-12-30T00:02:43.522+0000] {processor.py:753} INFO - DAG(s) dict_keys(['example_branch_python_operator_decorator']) retrieved from /home/airflow/.local/lib/python3.7/site-packages/airflow/example_dags/example_branch_operator_decorator.py
[2022-12-30T00:02:43.559+0000] {logging_mixin.py:137} INFO - [2022-12-30T00:02:43.558+0000] {dag.py:2676} INFO - Sync 1 DAGs
[2022-12-30T00:02:43.587+0000] {logging_mixin.py:137} INFO - [2022-12-30T00:02:43.586+0000] {dag.py:3427} INFO - Setting next_dagrun for example_branch_python_operator_decorator to 2022-12-29T00:00:00+00:00, run_after=2022-12-30T00:00:00+00:00
[2022-12-30T00:02:43.598+0000] {processor.py:175} INFO - Processing /home/airflow/.local/lib/python3.7/site-packages/airflow/example_dags/example_branch_operator_decorator.py took 0.100 seconds
[2022-12-30T00:03:13.994+0000] {processor.py:153} INFO - Started process (PID=35125) to work on /home/airflow/.local/lib/python3.7/site-packages/airflow/example_dags/example_branch_operator_decorator.py
[2022-12-30T00:03:13.994+0000] {processor.py:743} INFO - Processing file /home/airflow/.local/lib/python3.7/site-packages/airflow/example_dags/example_branch_operator_decorator.py for tasks to queue
[2022-12-30T00:03:13.995+0000] {logging_mixin.py:137} INFO - [2022-12-30T00:03:13.995+0000] {dagbag.py:538} INFO - Filling up the DagBag from /home/airflow/.local/lib/python3.7/site-packages/airflow/example_dags/example_branch_operator_decorator.py
[2022-12-30T00:03:14.015+0000] {processor.py:753} INFO - DAG(s) dict_keys(['example_branch_python_operator_decorator']) retrieved from /home/airflow/.local/lib/python3.7/site-packages/airflow/example_dags/example_branch_operator_decorator.py
[2022-12-30T00:03:14.041+0000] {logging_mixin.py:137} INFO - [2022-12-30T00:03:14.041+0000] {dag.py:2676} INFO - Sync 1 DAGs
[2022-12-30T00:03:14.062+0000] {logging_mixin.py:137} INFO - [2022-12-30T00:03:14.061+0000] {dag.py:3427} INFO - Setting next_dagrun for example_branch_python_operator_decorator to 2022-12-29T00:00:00+00:00, run_after=2022-12-30T00:00:00+00:00
[2022-12-30T00:03:14.073+0000] {processor.py:175} INFO - Processing /home/airflow/.local/lib/python3.7/site-packages/airflow/example_dags/example_branch_operator_decorator.py took 0.082 seconds
[2022-12-30T00:03:44.638+0000] {processor.py:153} INFO - Started process (PID=35226) to work on /home/airflow/.local/lib/python3.7/site-packages/airflow/example_dags/example_branch_operator_decorator.py
[2022-12-30T00:03:44.638+0000] {processor.py:743} INFO - Processing file /home/airflow/.local/lib/python3.7/site-packages/airflow/example_dags/example_branch_operator_decorator.py for tasks to queue
[2022-12-30T00:03:44.639+0000] {logging_mixin.py:137} INFO - [2022-12-30T00:03:44.639+0000] {dagbag.py:538} INFO - Filling up the DagBag from /home/airflow/.local/lib/python3.7/site-packages/airflow/example_dags/example_branch_operator_decorator.py
[2022-12-30T00:03:44.659+0000] {processor.py:753} INFO - DAG(s) dict_keys(['example_branch_python_operator_decorator']) retrieved from /home/airflow/.local/lib/python3.7/site-packages/airflow/example_dags/example_branch_operator_decorator.py
[2022-12-30T00:03:44.688+0000] {logging_mixin.py:137} INFO - [2022-12-30T00:03:44.688+0000] {dag.py:2676} INFO - Sync 1 DAGs
[2022-12-30T00:03:44.711+0000] {logging_mixin.py:137} INFO - [2022-12-30T00:03:44.711+0000] {dag.py:3427} INFO - Setting next_dagrun for example_branch_python_operator_decorator to 2022-12-29T00:00:00+00:00, run_after=2022-12-30T00:00:00+00:00
[2022-12-30T00:03:44.725+0000] {processor.py:175} INFO - Processing /home/airflow/.local/lib/python3.7/site-packages/airflow/example_dags/example_branch_operator_decorator.py took 0.091 seconds
[2022-12-30T00:04:15.378+0000] {processor.py:153} INFO - Started process (PID=35308) to work on /home/airflow/.local/lib/python3.7/site-packages/airflow/example_dags/example_branch_operator_decorator.py
[2022-12-30T00:04:15.378+0000] {processor.py:743} INFO - Processing file /home/airflow/.local/lib/python3.7/site-packages/airflow/example_dags/example_branch_operator_decorator.py for tasks to queue
[2022-12-30T00:04:15.379+0000] {logging_mixin.py:137} INFO - [2022-12-30T00:04:15.378+0000] {dagbag.py:538} INFO - Filling up the DagBag from /home/airflow/.local/lib/python3.7/site-packages/airflow/example_dags/example_branch_operator_decorator.py
[2022-12-30T00:04:15.402+0000] {processor.py:753} INFO - DAG(s) dict_keys(['example_branch_python_operator_decorator']) retrieved from /home/airflow/.local/lib/python3.7/site-packages/airflow/example_dags/example_branch_operator_decorator.py
[2022-12-30T00:04:15.439+0000] {logging_mixin.py:137} INFO - [2022-12-30T00:04:15.439+0000] {dag.py:2676} INFO - Sync 1 DAGs
[2022-12-30T00:04:15.468+0000] {logging_mixin.py:137} INFO - [2022-12-30T00:04:15.468+0000] {dag.py:3427} INFO - Setting next_dagrun for example_branch_python_operator_decorator to 2022-12-29T00:00:00+00:00, run_after=2022-12-30T00:00:00+00:00
[2022-12-30T00:04:15.483+0000] {processor.py:175} INFO - Processing /home/airflow/.local/lib/python3.7/site-packages/airflow/example_dags/example_branch_operator_decorator.py took 0.108 seconds
[2022-12-30T00:04:46.102+0000] {processor.py:153} INFO - Started process (PID=35410) to work on /home/airflow/.local/lib/python3.7/site-packages/airflow/example_dags/example_branch_operator_decorator.py
[2022-12-30T00:04:46.103+0000] {processor.py:743} INFO - Processing file /home/airflow/.local/lib/python3.7/site-packages/airflow/example_dags/example_branch_operator_decorator.py for tasks to queue
[2022-12-30T00:04:46.104+0000] {logging_mixin.py:137} INFO - [2022-12-30T00:04:46.104+0000] {dagbag.py:538} INFO - Filling up the DagBag from /home/airflow/.local/lib/python3.7/site-packages/airflow/example_dags/example_branch_operator_decorator.py
[2022-12-30T00:04:46.123+0000] {processor.py:753} INFO - DAG(s) dict_keys(['example_branch_python_operator_decorator']) retrieved from /home/airflow/.local/lib/python3.7/site-packages/airflow/example_dags/example_branch_operator_decorator.py
[2022-12-30T00:04:46.153+0000] {logging_mixin.py:137} INFO - [2022-12-30T00:04:46.153+0000] {dag.py:2676} INFO - Sync 1 DAGs
[2022-12-30T00:04:46.172+0000] {logging_mixin.py:137} INFO - [2022-12-30T00:04:46.172+0000] {dag.py:3427} INFO - Setting next_dagrun for example_branch_python_operator_decorator to 2022-12-29T00:00:00+00:00, run_after=2022-12-30T00:00:00+00:00
[2022-12-30T00:04:46.183+0000] {processor.py:175} INFO - Processing /home/airflow/.local/lib/python3.7/site-packages/airflow/example_dags/example_branch_operator_decorator.py took 0.083 seconds
[2022-12-30T00:05:16.402+0000] {processor.py:153} INFO - Started process (PID=35492) to work on /home/airflow/.local/lib/python3.7/site-packages/airflow/example_dags/example_branch_operator_decorator.py
[2022-12-30T00:05:16.402+0000] {processor.py:743} INFO - Processing file /home/airflow/.local/lib/python3.7/site-packages/airflow/example_dags/example_branch_operator_decorator.py for tasks to queue
[2022-12-30T00:05:16.403+0000] {logging_mixin.py:137} INFO - [2022-12-30T00:05:16.402+0000] {dagbag.py:538} INFO - Filling up the DagBag from /home/airflow/.local/lib/python3.7/site-packages/airflow/example_dags/example_branch_operator_decorator.py
[2022-12-30T00:05:16.421+0000] {processor.py:753} INFO - DAG(s) dict_keys(['example_branch_python_operator_decorator']) retrieved from /home/airflow/.local/lib/python3.7/site-packages/airflow/example_dags/example_branch_operator_decorator.py
[2022-12-30T00:05:16.447+0000] {logging_mixin.py:137} INFO - [2022-12-30T00:05:16.447+0000] {dag.py:2676} INFO - Sync 1 DAGs
[2022-12-30T00:05:16.467+0000] {logging_mixin.py:137} INFO - [2022-12-30T00:05:16.467+0000] {dag.py:3427} INFO - Setting next_dagrun for example_branch_python_operator_decorator to 2022-12-29T00:00:00+00:00, run_after=2022-12-30T00:00:00+00:00
[2022-12-30T00:05:16.479+0000] {processor.py:175} INFO - Processing /home/airflow/.local/lib/python3.7/site-packages/airflow/example_dags/example_branch_operator_decorator.py took 0.079 seconds
[2022-12-30T00:05:46.815+0000] {processor.py:153} INFO - Started process (PID=35594) to work on /home/airflow/.local/lib/python3.7/site-packages/airflow/example_dags/example_branch_operator_decorator.py
[2022-12-30T00:05:46.816+0000] {processor.py:743} INFO - Processing file /home/airflow/.local/lib/python3.7/site-packages/airflow/example_dags/example_branch_operator_decorator.py for tasks to queue
[2022-12-30T00:05:46.816+0000] {logging_mixin.py:137} INFO - [2022-12-30T00:05:46.816+0000] {dagbag.py:538} INFO - Filling up the DagBag from /home/airflow/.local/lib/python3.7/site-packages/airflow/example_dags/example_branch_operator_decorator.py
[2022-12-30T00:05:46.833+0000] {processor.py:753} INFO - DAG(s) dict_keys(['example_branch_python_operator_decorator']) retrieved from /home/airflow/.local/lib/python3.7/site-packages/airflow/example_dags/example_branch_operator_decorator.py
[2022-12-30T00:05:46.859+0000] {logging_mixin.py:137} INFO - [2022-12-30T00:05:46.859+0000] {dag.py:2676} INFO - Sync 1 DAGs
[2022-12-30T00:05:46.878+0000] {logging_mixin.py:137} INFO - [2022-12-30T00:05:46.877+0000] {dag.py:3427} INFO - Setting next_dagrun for example_branch_python_operator_decorator to 2022-12-29T00:00:00+00:00, run_after=2022-12-30T00:00:00+00:00
[2022-12-30T00:05:46.888+0000] {processor.py:175} INFO - Processing /home/airflow/.local/lib/python3.7/site-packages/airflow/example_dags/example_branch_operator_decorator.py took 0.076 seconds
[2022-12-30T00:06:17.406+0000] {processor.py:153} INFO - Started process (PID=35683) to work on /home/airflow/.local/lib/python3.7/site-packages/airflow/example_dags/example_branch_operator_decorator.py
[2022-12-30T00:06:17.407+0000] {processor.py:743} INFO - Processing file /home/airflow/.local/lib/python3.7/site-packages/airflow/example_dags/example_branch_operator_decorator.py for tasks to queue
[2022-12-30T00:06:17.407+0000] {logging_mixin.py:137} INFO - [2022-12-30T00:06:17.407+0000] {dagbag.py:538} INFO - Filling up the DagBag from /home/airflow/.local/lib/python3.7/site-packages/airflow/example_dags/example_branch_operator_decorator.py
[2022-12-30T00:06:17.424+0000] {processor.py:753} INFO - DAG(s) dict_keys(['example_branch_python_operator_decorator']) retrieved from /home/airflow/.local/lib/python3.7/site-packages/airflow/example_dags/example_branch_operator_decorator.py
[2022-12-30T00:06:17.455+0000] {logging_mixin.py:137} INFO - [2022-12-30T00:06:17.455+0000] {dag.py:2676} INFO - Sync 1 DAGs
[2022-12-30T00:06:17.473+0000] {logging_mixin.py:137} INFO - [2022-12-30T00:06:17.473+0000] {dag.py:3427} INFO - Setting next_dagrun for example_branch_python_operator_decorator to 2022-12-29T00:00:00+00:00, run_after=2022-12-30T00:00:00+00:00
[2022-12-30T00:06:17.484+0000] {processor.py:175} INFO - Processing /home/airflow/.local/lib/python3.7/site-packages/airflow/example_dags/example_branch_operator_decorator.py took 0.080 seconds
[2022-12-30T00:06:47.633+0000] {processor.py:153} INFO - Started process (PID=35778) to work on /home/airflow/.local/lib/python3.7/site-packages/airflow/example_dags/example_branch_operator_decorator.py
[2022-12-30T00:06:47.633+0000] {processor.py:743} INFO - Processing file /home/airflow/.local/lib/python3.7/site-packages/airflow/example_dags/example_branch_operator_decorator.py for tasks to queue
[2022-12-30T00:06:47.634+0000] {logging_mixin.py:137} INFO - [2022-12-30T00:06:47.634+0000] {dagbag.py:538} INFO - Filling up the DagBag from /home/airflow/.local/lib/python3.7/site-packages/airflow/example_dags/example_branch_operator_decorator.py
[2022-12-30T00:06:47.651+0000] {processor.py:753} INFO - DAG(s) dict_keys(['example_branch_python_operator_decorator']) retrieved from /home/airflow/.local/lib/python3.7/site-packages/airflow/example_dags/example_branch_operator_decorator.py
[2022-12-30T00:06:47.680+0000] {logging_mixin.py:137} INFO - [2022-12-30T00:06:47.680+0000] {dag.py:2676} INFO - Sync 1 DAGs
[2022-12-30T00:06:47.700+0000] {logging_mixin.py:137} INFO - [2022-12-30T00:06:47.700+0000] {dag.py:3427} INFO - Setting next_dagrun for example_branch_python_operator_decorator to 2022-12-29T00:00:00+00:00, run_after=2022-12-30T00:00:00+00:00
[2022-12-30T00:06:47.713+0000] {processor.py:175} INFO - Processing /home/airflow/.local/lib/python3.7/site-packages/airflow/example_dags/example_branch_operator_decorator.py took 0.083 seconds
[2022-12-30T00:07:19.726+0000] {processor.py:153} INFO - Started process (PID=35880) to work on /home/airflow/.local/lib/python3.7/site-packages/airflow/example_dags/example_branch_operator_decorator.py
[2022-12-30T00:07:19.727+0000] {processor.py:743} INFO - Processing file /home/airflow/.local/lib/python3.7/site-packages/airflow/example_dags/example_branch_operator_decorator.py for tasks to queue
[2022-12-30T00:07:19.727+0000] {logging_mixin.py:137} INFO - [2022-12-30T00:07:19.727+0000] {dagbag.py:538} INFO - Filling up the DagBag from /home/airflow/.local/lib/python3.7/site-packages/airflow/example_dags/example_branch_operator_decorator.py
[2022-12-30T00:07:19.748+0000] {processor.py:753} INFO - DAG(s) dict_keys(['example_branch_python_operator_decorator']) retrieved from /home/airflow/.local/lib/python3.7/site-packages/airflow/example_dags/example_branch_operator_decorator.py
[2022-12-30T00:07:19.781+0000] {logging_mixin.py:137} INFO - [2022-12-30T00:07:19.781+0000] {dag.py:2676} INFO - Sync 1 DAGs
[2022-12-30T00:07:19.804+0000] {logging_mixin.py:137} INFO - [2022-12-30T00:07:19.804+0000] {dag.py:3427} INFO - Setting next_dagrun for example_branch_python_operator_decorator to 2022-12-29T00:00:00+00:00, run_after=2022-12-30T00:00:00+00:00
[2022-12-30T00:07:19.821+0000] {processor.py:175} INFO - Processing /home/airflow/.local/lib/python3.7/site-packages/airflow/example_dags/example_branch_operator_decorator.py took 0.098 seconds
[2022-12-30T00:07:50.435+0000] {processor.py:153} INFO - Started process (PID=35962) to work on /home/airflow/.local/lib/python3.7/site-packages/airflow/example_dags/example_branch_operator_decorator.py
[2022-12-30T00:07:50.436+0000] {processor.py:743} INFO - Processing file /home/airflow/.local/lib/python3.7/site-packages/airflow/example_dags/example_branch_operator_decorator.py for tasks to queue
[2022-12-30T00:07:50.436+0000] {logging_mixin.py:137} INFO - [2022-12-30T00:07:50.436+0000] {dagbag.py:538} INFO - Filling up the DagBag from /home/airflow/.local/lib/python3.7/site-packages/airflow/example_dags/example_branch_operator_decorator.py
[2022-12-30T00:07:50.454+0000] {processor.py:753} INFO - DAG(s) dict_keys(['example_branch_python_operator_decorator']) retrieved from /home/airflow/.local/lib/python3.7/site-packages/airflow/example_dags/example_branch_operator_decorator.py
[2022-12-30T00:07:50.484+0000] {logging_mixin.py:137} INFO - [2022-12-30T00:07:50.484+0000] {dag.py:2676} INFO - Sync 1 DAGs
[2022-12-30T00:07:50.504+0000] {logging_mixin.py:137} INFO - [2022-12-30T00:07:50.504+0000] {dag.py:3427} INFO - Setting next_dagrun for example_branch_python_operator_decorator to 2022-12-29T00:00:00+00:00, run_after=2022-12-30T00:00:00+00:00
[2022-12-30T00:07:50.516+0000] {processor.py:175} INFO - Processing /home/airflow/.local/lib/python3.7/site-packages/airflow/example_dags/example_branch_operator_decorator.py took 0.083 seconds
[2022-12-30T00:08:20.901+0000] {processor.py:153} INFO - Started process (PID=36064) to work on /home/airflow/.local/lib/python3.7/site-packages/airflow/example_dags/example_branch_operator_decorator.py
[2022-12-30T00:08:20.901+0000] {processor.py:743} INFO - Processing file /home/airflow/.local/lib/python3.7/site-packages/airflow/example_dags/example_branch_operator_decorator.py for tasks to queue
[2022-12-30T00:08:20.902+0000] {logging_mixin.py:137} INFO - [2022-12-30T00:08:20.902+0000] {dagbag.py:538} INFO - Filling up the DagBag from /home/airflow/.local/lib/python3.7/site-packages/airflow/example_dags/example_branch_operator_decorator.py
[2022-12-30T00:08:20.919+0000] {processor.py:753} INFO - DAG(s) dict_keys(['example_branch_python_operator_decorator']) retrieved from /home/airflow/.local/lib/python3.7/site-packages/airflow/example_dags/example_branch_operator_decorator.py
[2022-12-30T00:08:20.944+0000] {logging_mixin.py:137} INFO - [2022-12-30T00:08:20.944+0000] {dag.py:2676} INFO - Sync 1 DAGs
[2022-12-30T00:08:20.963+0000] {logging_mixin.py:137} INFO - [2022-12-30T00:08:20.962+0000] {dag.py:3427} INFO - Setting next_dagrun for example_branch_python_operator_decorator to 2022-12-29T00:00:00+00:00, run_after=2022-12-30T00:00:00+00:00
[2022-12-30T00:08:20.974+0000] {processor.py:175} INFO - Processing /home/airflow/.local/lib/python3.7/site-packages/airflow/example_dags/example_branch_operator_decorator.py took 0.076 seconds
[2022-12-30T00:08:51.481+0000] {processor.py:153} INFO - Started process (PID=36146) to work on /home/airflow/.local/lib/python3.7/site-packages/airflow/example_dags/example_branch_operator_decorator.py
[2022-12-30T00:08:51.482+0000] {processor.py:743} INFO - Processing file /home/airflow/.local/lib/python3.7/site-packages/airflow/example_dags/example_branch_operator_decorator.py for tasks to queue
[2022-12-30T00:08:51.483+0000] {logging_mixin.py:137} INFO - [2022-12-30T00:08:51.483+0000] {dagbag.py:538} INFO - Filling up the DagBag from /home/airflow/.local/lib/python3.7/site-packages/airflow/example_dags/example_branch_operator_decorator.py
[2022-12-30T00:08:51.500+0000] {processor.py:753} INFO - DAG(s) dict_keys(['example_branch_python_operator_decorator']) retrieved from /home/airflow/.local/lib/python3.7/site-packages/airflow/example_dags/example_branch_operator_decorator.py
[2022-12-30T00:08:51.531+0000] {logging_mixin.py:137} INFO - [2022-12-30T00:08:51.531+0000] {dag.py:2676} INFO - Sync 1 DAGs
[2022-12-30T00:08:51.555+0000] {logging_mixin.py:137} INFO - [2022-12-30T00:08:51.555+0000] {dag.py:3427} INFO - Setting next_dagrun for example_branch_python_operator_decorator to 2022-12-29T00:00:00+00:00, run_after=2022-12-30T00:00:00+00:00
[2022-12-30T00:08:51.567+0000] {processor.py:175} INFO - Processing /home/airflow/.local/lib/python3.7/site-packages/airflow/example_dags/example_branch_operator_decorator.py took 0.088 seconds
[2022-12-30T00:09:22.180+0000] {processor.py:153} INFO - Started process (PID=36248) to work on /home/airflow/.local/lib/python3.7/site-packages/airflow/example_dags/example_branch_operator_decorator.py
[2022-12-30T00:09:22.180+0000] {processor.py:743} INFO - Processing file /home/airflow/.local/lib/python3.7/site-packages/airflow/example_dags/example_branch_operator_decorator.py for tasks to queue
[2022-12-30T00:09:22.181+0000] {logging_mixin.py:137} INFO - [2022-12-30T00:09:22.181+0000] {dagbag.py:538} INFO - Filling up the DagBag from /home/airflow/.local/lib/python3.7/site-packages/airflow/example_dags/example_branch_operator_decorator.py
[2022-12-30T00:09:22.198+0000] {processor.py:753} INFO - DAG(s) dict_keys(['example_branch_python_operator_decorator']) retrieved from /home/airflow/.local/lib/python3.7/site-packages/airflow/example_dags/example_branch_operator_decorator.py
[2022-12-30T00:09:22.229+0000] {logging_mixin.py:137} INFO - [2022-12-30T00:09:22.228+0000] {dag.py:2676} INFO - Sync 1 DAGs
[2022-12-30T00:09:22.248+0000] {logging_mixin.py:137} INFO - [2022-12-30T00:09:22.248+0000] {dag.py:3427} INFO - Setting next_dagrun for example_branch_python_operator_decorator to 2022-12-29T00:00:00+00:00, run_after=2022-12-30T00:00:00+00:00
[2022-12-30T00:09:22.259+0000] {processor.py:175} INFO - Processing /home/airflow/.local/lib/python3.7/site-packages/airflow/example_dags/example_branch_operator_decorator.py took 0.082 seconds
[2022-12-30T00:09:52.791+0000] {processor.py:153} INFO - Started process (PID=36350) to work on /home/airflow/.local/lib/python3.7/site-packages/airflow/example_dags/example_branch_operator_decorator.py
[2022-12-30T00:09:52.792+0000] {processor.py:743} INFO - Processing file /home/airflow/.local/lib/python3.7/site-packages/airflow/example_dags/example_branch_operator_decorator.py for tasks to queue
[2022-12-30T00:09:52.792+0000] {logging_mixin.py:137} INFO - [2022-12-30T00:09:52.792+0000] {dagbag.py:538} INFO - Filling up the DagBag from /home/airflow/.local/lib/python3.7/site-packages/airflow/example_dags/example_branch_operator_decorator.py
[2022-12-30T00:09:52.810+0000] {processor.py:753} INFO - DAG(s) dict_keys(['example_branch_python_operator_decorator']) retrieved from /home/airflow/.local/lib/python3.7/site-packages/airflow/example_dags/example_branch_operator_decorator.py
[2022-12-30T00:09:52.840+0000] {logging_mixin.py:137} INFO - [2022-12-30T00:09:52.840+0000] {dag.py:2676} INFO - Sync 1 DAGs
[2022-12-30T00:09:52.859+0000] {logging_mixin.py:137} INFO - [2022-12-30T00:09:52.859+0000] {dag.py:3427} INFO - Setting next_dagrun for example_branch_python_operator_decorator to 2022-12-29T00:00:00+00:00, run_after=2022-12-30T00:00:00+00:00
[2022-12-30T00:09:52.871+0000] {processor.py:175} INFO - Processing /home/airflow/.local/lib/python3.7/site-packages/airflow/example_dags/example_branch_operator_decorator.py took 0.083 seconds
[2022-12-30T00:10:23.336+0000] {processor.py:153} INFO - Started process (PID=36432) to work on /home/airflow/.local/lib/python3.7/site-packages/airflow/example_dags/example_branch_operator_decorator.py
[2022-12-30T00:10:23.337+0000] {processor.py:743} INFO - Processing file /home/airflow/.local/lib/python3.7/site-packages/airflow/example_dags/example_branch_operator_decorator.py for tasks to queue
[2022-12-30T00:10:23.337+0000] {logging_mixin.py:137} INFO - [2022-12-30T00:10:23.337+0000] {dagbag.py:538} INFO - Filling up the DagBag from /home/airflow/.local/lib/python3.7/site-packages/airflow/example_dags/example_branch_operator_decorator.py
[2022-12-30T00:10:23.356+0000] {processor.py:753} INFO - DAG(s) dict_keys(['example_branch_python_operator_decorator']) retrieved from /home/airflow/.local/lib/python3.7/site-packages/airflow/example_dags/example_branch_operator_decorator.py
[2022-12-30T00:10:23.387+0000] {logging_mixin.py:137} INFO - [2022-12-30T00:10:23.387+0000] {dag.py:2676} INFO - Sync 1 DAGs
[2022-12-30T00:10:23.406+0000] {logging_mixin.py:137} INFO - [2022-12-30T00:10:23.406+0000] {dag.py:3427} INFO - Setting next_dagrun for example_branch_python_operator_decorator to 2022-12-29T00:00:00+00:00, run_after=2022-12-30T00:00:00+00:00
[2022-12-30T00:10:23.419+0000] {processor.py:175} INFO - Processing /home/airflow/.local/lib/python3.7/site-packages/airflow/example_dags/example_branch_operator_decorator.py took 0.085 seconds
[2022-12-30T00:10:53.808+0000] {processor.py:153} INFO - Started process (PID=36534) to work on /home/airflow/.local/lib/python3.7/site-packages/airflow/example_dags/example_branch_operator_decorator.py
[2022-12-30T00:10:53.808+0000] {processor.py:743} INFO - Processing file /home/airflow/.local/lib/python3.7/site-packages/airflow/example_dags/example_branch_operator_decorator.py for tasks to queue
[2022-12-30T00:10:53.809+0000] {logging_mixin.py:137} INFO - [2022-12-30T00:10:53.809+0000] {dagbag.py:538} INFO - Filling up the DagBag from /home/airflow/.local/lib/python3.7/site-packages/airflow/example_dags/example_branch_operator_decorator.py
[2022-12-30T00:10:53.830+0000] {processor.py:753} INFO - DAG(s) dict_keys(['example_branch_python_operator_decorator']) retrieved from /home/airflow/.local/lib/python3.7/site-packages/airflow/example_dags/example_branch_operator_decorator.py
[2022-12-30T00:10:53.860+0000] {logging_mixin.py:137} INFO - [2022-12-30T00:10:53.860+0000] {dag.py:2676} INFO - Sync 1 DAGs
[2022-12-30T00:10:53.879+0000] {logging_mixin.py:137} INFO - [2022-12-30T00:10:53.879+0000] {dag.py:3427} INFO - Setting next_dagrun for example_branch_python_operator_decorator to 2022-12-29T00:00:00+00:00, run_after=2022-12-30T00:00:00+00:00
[2022-12-30T00:10:53.893+0000] {processor.py:175} INFO - Processing /home/airflow/.local/lib/python3.7/site-packages/airflow/example_dags/example_branch_operator_decorator.py took 0.087 seconds
[2022-12-30T00:11:24.318+0000] {processor.py:153} INFO - Started process (PID=36616) to work on /home/airflow/.local/lib/python3.7/site-packages/airflow/example_dags/example_branch_operator_decorator.py
[2022-12-30T00:11:24.318+0000] {processor.py:743} INFO - Processing file /home/airflow/.local/lib/python3.7/site-packages/airflow/example_dags/example_branch_operator_decorator.py for tasks to queue
[2022-12-30T00:11:24.319+0000] {logging_mixin.py:137} INFO - [2022-12-30T00:11:24.319+0000] {dagbag.py:538} INFO - Filling up the DagBag from /home/airflow/.local/lib/python3.7/site-packages/airflow/example_dags/example_branch_operator_decorator.py
[2022-12-30T00:11:24.336+0000] {processor.py:753} INFO - DAG(s) dict_keys(['example_branch_python_operator_decorator']) retrieved from /home/airflow/.local/lib/python3.7/site-packages/airflow/example_dags/example_branch_operator_decorator.py
[2022-12-30T00:11:24.363+0000] {logging_mixin.py:137} INFO - [2022-12-30T00:11:24.362+0000] {dag.py:2676} INFO - Sync 1 DAGs
[2022-12-30T00:11:24.383+0000] {logging_mixin.py:137} INFO - [2022-12-30T00:11:24.383+0000] {dag.py:3427} INFO - Setting next_dagrun for example_branch_python_operator_decorator to 2022-12-29T00:00:00+00:00, run_after=2022-12-30T00:00:00+00:00
[2022-12-30T00:11:24.397+0000] {processor.py:175} INFO - Processing /home/airflow/.local/lib/python3.7/site-packages/airflow/example_dags/example_branch_operator_decorator.py took 0.082 seconds
[2022-12-30T00:11:54.687+0000] {processor.py:153} INFO - Started process (PID=36718) to work on /home/airflow/.local/lib/python3.7/site-packages/airflow/example_dags/example_branch_operator_decorator.py
[2022-12-30T00:11:54.688+0000] {processor.py:743} INFO - Processing file /home/airflow/.local/lib/python3.7/site-packages/airflow/example_dags/example_branch_operator_decorator.py for tasks to queue
[2022-12-30T00:11:54.688+0000] {logging_mixin.py:137} INFO - [2022-12-30T00:11:54.688+0000] {dagbag.py:538} INFO - Filling up the DagBag from /home/airflow/.local/lib/python3.7/site-packages/airflow/example_dags/example_branch_operator_decorator.py
[2022-12-30T00:11:54.707+0000] {processor.py:753} INFO - DAG(s) dict_keys(['example_branch_python_operator_decorator']) retrieved from /home/airflow/.local/lib/python3.7/site-packages/airflow/example_dags/example_branch_operator_decorator.py
[2022-12-30T00:11:54.734+0000] {logging_mixin.py:137} INFO - [2022-12-30T00:11:54.734+0000] {dag.py:2676} INFO - Sync 1 DAGs
[2022-12-30T00:11:54.753+0000] {logging_mixin.py:137} INFO - [2022-12-30T00:11:54.752+0000] {dag.py:3427} INFO - Setting next_dagrun for example_branch_python_operator_decorator to 2022-12-29T00:00:00+00:00, run_after=2022-12-30T00:00:00+00:00
[2022-12-30T00:11:54.764+0000] {processor.py:175} INFO - Processing /home/airflow/.local/lib/python3.7/site-packages/airflow/example_dags/example_branch_operator_decorator.py took 0.080 seconds
[2022-12-30T00:12:25.129+0000] {processor.py:153} INFO - Started process (PID=36820) to work on /home/airflow/.local/lib/python3.7/site-packages/airflow/example_dags/example_branch_operator_decorator.py
[2022-12-30T00:12:25.129+0000] {processor.py:743} INFO - Processing file /home/airflow/.local/lib/python3.7/site-packages/airflow/example_dags/example_branch_operator_decorator.py for tasks to queue
[2022-12-30T00:12:25.130+0000] {logging_mixin.py:137} INFO - [2022-12-30T00:12:25.130+0000] {dagbag.py:538} INFO - Filling up the DagBag from /home/airflow/.local/lib/python3.7/site-packages/airflow/example_dags/example_branch_operator_decorator.py
[2022-12-30T00:12:25.149+0000] {processor.py:753} INFO - DAG(s) dict_keys(['example_branch_python_operator_decorator']) retrieved from /home/airflow/.local/lib/python3.7/site-packages/airflow/example_dags/example_branch_operator_decorator.py
[2022-12-30T00:12:25.177+0000] {logging_mixin.py:137} INFO - [2022-12-30T00:12:25.177+0000] {dag.py:2676} INFO - Sync 1 DAGs
[2022-12-30T00:12:25.198+0000] {logging_mixin.py:137} INFO - [2022-12-30T00:12:25.198+0000] {dag.py:3427} INFO - Setting next_dagrun for example_branch_python_operator_decorator to 2022-12-29T00:00:00+00:00, run_after=2022-12-30T00:00:00+00:00
[2022-12-30T00:12:25.212+0000] {processor.py:175} INFO - Processing /home/airflow/.local/lib/python3.7/site-packages/airflow/example_dags/example_branch_operator_decorator.py took 0.087 seconds
[2022-12-30T00:12:55.613+0000] {processor.py:153} INFO - Started process (PID=36902) to work on /home/airflow/.local/lib/python3.7/site-packages/airflow/example_dags/example_branch_operator_decorator.py
[2022-12-30T00:12:55.613+0000] {processor.py:743} INFO - Processing file /home/airflow/.local/lib/python3.7/site-packages/airflow/example_dags/example_branch_operator_decorator.py for tasks to queue
[2022-12-30T00:12:55.614+0000] {logging_mixin.py:137} INFO - [2022-12-30T00:12:55.614+0000] {dagbag.py:538} INFO - Filling up the DagBag from /home/airflow/.local/lib/python3.7/site-packages/airflow/example_dags/example_branch_operator_decorator.py
[2022-12-30T00:12:55.633+0000] {processor.py:753} INFO - DAG(s) dict_keys(['example_branch_python_operator_decorator']) retrieved from /home/airflow/.local/lib/python3.7/site-packages/airflow/example_dags/example_branch_operator_decorator.py
[2022-12-30T00:12:55.664+0000] {logging_mixin.py:137} INFO - [2022-12-30T00:12:55.664+0000] {dag.py:2676} INFO - Sync 1 DAGs
[2022-12-30T00:12:55.687+0000] {logging_mixin.py:137} INFO - [2022-12-30T00:12:55.686+0000] {dag.py:3427} INFO - Setting next_dagrun for example_branch_python_operator_decorator to 2022-12-29T00:00:00+00:00, run_after=2022-12-30T00:00:00+00:00
[2022-12-30T00:12:55.698+0000] {processor.py:175} INFO - Processing /home/airflow/.local/lib/python3.7/site-packages/airflow/example_dags/example_branch_operator_decorator.py took 0.087 seconds
[2022-12-30T00:13:26.008+0000] {processor.py:153} INFO - Started process (PID=37004) to work on /home/airflow/.local/lib/python3.7/site-packages/airflow/example_dags/example_branch_operator_decorator.py
[2022-12-30T00:13:26.009+0000] {processor.py:743} INFO - Processing file /home/airflow/.local/lib/python3.7/site-packages/airflow/example_dags/example_branch_operator_decorator.py for tasks to queue
[2022-12-30T00:13:26.009+0000] {logging_mixin.py:137} INFO - [2022-12-30T00:13:26.009+0000] {dagbag.py:538} INFO - Filling up the DagBag from /home/airflow/.local/lib/python3.7/site-packages/airflow/example_dags/example_branch_operator_decorator.py
[2022-12-30T00:13:26.031+0000] {processor.py:753} INFO - DAG(s) dict_keys(['example_branch_python_operator_decorator']) retrieved from /home/airflow/.local/lib/python3.7/site-packages/airflow/example_dags/example_branch_operator_decorator.py
[2022-12-30T00:13:26.062+0000] {logging_mixin.py:137} INFO - [2022-12-30T00:13:26.062+0000] {dag.py:2676} INFO - Sync 1 DAGs
[2022-12-30T00:13:26.082+0000] {logging_mixin.py:137} INFO - [2022-12-30T00:13:26.082+0000] {dag.py:3427} INFO - Setting next_dagrun for example_branch_python_operator_decorator to 2022-12-29T00:00:00+00:00, run_after=2022-12-30T00:00:00+00:00
[2022-12-30T00:13:26.093+0000] {processor.py:175} INFO - Processing /home/airflow/.local/lib/python3.7/site-packages/airflow/example_dags/example_branch_operator_decorator.py took 0.088 seconds
[2022-12-30T00:13:56.406+0000] {processor.py:153} INFO - Started process (PID=37086) to work on /home/airflow/.local/lib/python3.7/site-packages/airflow/example_dags/example_branch_operator_decorator.py
[2022-12-30T00:13:56.406+0000] {processor.py:743} INFO - Processing file /home/airflow/.local/lib/python3.7/site-packages/airflow/example_dags/example_branch_operator_decorator.py for tasks to queue
[2022-12-30T00:13:56.407+0000] {logging_mixin.py:137} INFO - [2022-12-30T00:13:56.407+0000] {dagbag.py:538} INFO - Filling up the DagBag from /home/airflow/.local/lib/python3.7/site-packages/airflow/example_dags/example_branch_operator_decorator.py
[2022-12-30T00:13:56.428+0000] {processor.py:753} INFO - DAG(s) dict_keys(['example_branch_python_operator_decorator']) retrieved from /home/airflow/.local/lib/python3.7/site-packages/airflow/example_dags/example_branch_operator_decorator.py
[2022-12-30T00:13:56.460+0000] {logging_mixin.py:137} INFO - [2022-12-30T00:13:56.460+0000] {dag.py:2676} INFO - Sync 1 DAGs
[2022-12-30T00:13:56.482+0000] {logging_mixin.py:137} INFO - [2022-12-30T00:13:56.482+0000] {dag.py:3427} INFO - Setting next_dagrun for example_branch_python_operator_decorator to 2022-12-29T00:00:00+00:00, run_after=2022-12-30T00:00:00+00:00
[2022-12-30T00:13:56.494+0000] {processor.py:175} INFO - Processing /home/airflow/.local/lib/python3.7/site-packages/airflow/example_dags/example_branch_operator_decorator.py took 0.091 seconds
[2022-12-30T00:14:27.031+0000] {processor.py:153} INFO - Started process (PID=37188) to work on /home/airflow/.local/lib/python3.7/site-packages/airflow/example_dags/example_branch_operator_decorator.py
[2022-12-30T00:14:27.032+0000] {processor.py:743} INFO - Processing file /home/airflow/.local/lib/python3.7/site-packages/airflow/example_dags/example_branch_operator_decorator.py for tasks to queue
[2022-12-30T00:14:27.032+0000] {logging_mixin.py:137} INFO - [2022-12-30T00:14:27.032+0000] {dagbag.py:538} INFO - Filling up the DagBag from /home/airflow/.local/lib/python3.7/site-packages/airflow/example_dags/example_branch_operator_decorator.py
[2022-12-30T00:14:27.049+0000] {processor.py:753} INFO - DAG(s) dict_keys(['example_branch_python_operator_decorator']) retrieved from /home/airflow/.local/lib/python3.7/site-packages/airflow/example_dags/example_branch_operator_decorator.py
[2022-12-30T00:14:27.078+0000] {logging_mixin.py:137} INFO - [2022-12-30T00:14:27.077+0000] {dag.py:2676} INFO - Sync 1 DAGs
[2022-12-30T00:14:27.097+0000] {logging_mixin.py:137} INFO - [2022-12-30T00:14:27.097+0000] {dag.py:3427} INFO - Setting next_dagrun for example_branch_python_operator_decorator to 2022-12-29T00:00:00+00:00, run_after=2022-12-30T00:00:00+00:00
[2022-12-30T00:14:27.108+0000] {processor.py:175} INFO - Processing /home/airflow/.local/lib/python3.7/site-packages/airflow/example_dags/example_branch_operator_decorator.py took 0.079 seconds
[2022-12-30T00:14:57.393+0000] {processor.py:153} INFO - Started process (PID=37270) to work on /home/airflow/.local/lib/python3.7/site-packages/airflow/example_dags/example_branch_operator_decorator.py
[2022-12-30T00:14:57.393+0000] {processor.py:743} INFO - Processing file /home/airflow/.local/lib/python3.7/site-packages/airflow/example_dags/example_branch_operator_decorator.py for tasks to queue
[2022-12-30T00:14:57.394+0000] {logging_mixin.py:137} INFO - [2022-12-30T00:14:57.394+0000] {dagbag.py:538} INFO - Filling up the DagBag from /home/airflow/.local/lib/python3.7/site-packages/airflow/example_dags/example_branch_operator_decorator.py
[2022-12-30T00:14:57.414+0000] {processor.py:753} INFO - DAG(s) dict_keys(['example_branch_python_operator_decorator']) retrieved from /home/airflow/.local/lib/python3.7/site-packages/airflow/example_dags/example_branch_operator_decorator.py
[2022-12-30T00:14:57.468+0000] {logging_mixin.py:137} INFO - [2022-12-30T00:14:57.468+0000] {dag.py:2676} INFO - Sync 1 DAGs
[2022-12-30T00:14:57.493+0000] {logging_mixin.py:137} INFO - [2022-12-30T00:14:57.493+0000] {dag.py:3427} INFO - Setting next_dagrun for example_branch_python_operator_decorator to 2022-12-29T00:00:00+00:00, run_after=2022-12-30T00:00:00+00:00
[2022-12-30T00:14:57.504+0000] {processor.py:175} INFO - Processing /home/airflow/.local/lib/python3.7/site-packages/airflow/example_dags/example_branch_operator_decorator.py took 0.114 seconds
[2022-12-30T00:15:27.789+0000] {processor.py:153} INFO - Started process (PID=37372) to work on /home/airflow/.local/lib/python3.7/site-packages/airflow/example_dags/example_branch_operator_decorator.py
[2022-12-30T00:15:27.789+0000] {processor.py:743} INFO - Processing file /home/airflow/.local/lib/python3.7/site-packages/airflow/example_dags/example_branch_operator_decorator.py for tasks to queue
[2022-12-30T00:15:27.790+0000] {logging_mixin.py:137} INFO - [2022-12-30T00:15:27.790+0000] {dagbag.py:538} INFO - Filling up the DagBag from /home/airflow/.local/lib/python3.7/site-packages/airflow/example_dags/example_branch_operator_decorator.py
[2022-12-30T00:15:27.810+0000] {processor.py:753} INFO - DAG(s) dict_keys(['example_branch_python_operator_decorator']) retrieved from /home/airflow/.local/lib/python3.7/site-packages/airflow/example_dags/example_branch_operator_decorator.py
[2022-12-30T00:15:27.839+0000] {logging_mixin.py:137} INFO - [2022-12-30T00:15:27.839+0000] {dag.py:2676} INFO - Sync 1 DAGs
[2022-12-30T00:15:27.858+0000] {logging_mixin.py:137} INFO - [2022-12-30T00:15:27.858+0000] {dag.py:3427} INFO - Setting next_dagrun for example_branch_python_operator_decorator to 2022-12-29T00:00:00+00:00, run_after=2022-12-30T00:00:00+00:00
[2022-12-30T00:15:27.869+0000] {processor.py:175} INFO - Processing /home/airflow/.local/lib/python3.7/site-packages/airflow/example_dags/example_branch_operator_decorator.py took 0.084 seconds
[2022-12-30T00:15:58.631+0000] {processor.py:153} INFO - Started process (PID=37474) to work on /home/airflow/.local/lib/python3.7/site-packages/airflow/example_dags/example_branch_operator_decorator.py
[2022-12-30T00:15:58.631+0000] {processor.py:743} INFO - Processing file /home/airflow/.local/lib/python3.7/site-packages/airflow/example_dags/example_branch_operator_decorator.py for tasks to queue
[2022-12-30T00:15:58.632+0000] {logging_mixin.py:137} INFO - [2022-12-30T00:15:58.632+0000] {dagbag.py:538} INFO - Filling up the DagBag from /home/airflow/.local/lib/python3.7/site-packages/airflow/example_dags/example_branch_operator_decorator.py
[2022-12-30T00:15:58.658+0000] {processor.py:753} INFO - DAG(s) dict_keys(['example_branch_python_operator_decorator']) retrieved from /home/airflow/.local/lib/python3.7/site-packages/airflow/example_dags/example_branch_operator_decorator.py
[2022-12-30T00:15:58.696+0000] {logging_mixin.py:137} INFO - [2022-12-30T00:15:58.696+0000] {dag.py:2676} INFO - Sync 1 DAGs
[2022-12-30T00:15:58.719+0000] {logging_mixin.py:137} INFO - [2022-12-30T00:15:58.719+0000] {dag.py:3427} INFO - Setting next_dagrun for example_branch_python_operator_decorator to 2022-12-29T00:00:00+00:00, run_after=2022-12-30T00:00:00+00:00
[2022-12-30T00:15:58.732+0000] {processor.py:175} INFO - Processing /home/airflow/.local/lib/python3.7/site-packages/airflow/example_dags/example_branch_operator_decorator.py took 0.104 seconds
[2022-12-30T00:16:29.130+0000] {processor.py:153} INFO - Started process (PID=37556) to work on /home/airflow/.local/lib/python3.7/site-packages/airflow/example_dags/example_branch_operator_decorator.py
[2022-12-30T00:16:29.131+0000] {processor.py:743} INFO - Processing file /home/airflow/.local/lib/python3.7/site-packages/airflow/example_dags/example_branch_operator_decorator.py for tasks to queue
[2022-12-30T00:16:29.131+0000] {logging_mixin.py:137} INFO - [2022-12-30T00:16:29.131+0000] {dagbag.py:538} INFO - Filling up the DagBag from /home/airflow/.local/lib/python3.7/site-packages/airflow/example_dags/example_branch_operator_decorator.py
[2022-12-30T00:16:29.151+0000] {processor.py:753} INFO - DAG(s) dict_keys(['example_branch_python_operator_decorator']) retrieved from /home/airflow/.local/lib/python3.7/site-packages/airflow/example_dags/example_branch_operator_decorator.py
[2022-12-30T00:16:29.182+0000] {logging_mixin.py:137} INFO - [2022-12-30T00:16:29.182+0000] {dag.py:2676} INFO - Sync 1 DAGs
[2022-12-30T00:16:29.206+0000] {logging_mixin.py:137} INFO - [2022-12-30T00:16:29.206+0000] {dag.py:3427} INFO - Setting next_dagrun for example_branch_python_operator_decorator to 2022-12-29T00:00:00+00:00, run_after=2022-12-30T00:00:00+00:00
[2022-12-30T00:16:29.219+0000] {processor.py:175} INFO - Processing /home/airflow/.local/lib/python3.7/site-packages/airflow/example_dags/example_branch_operator_decorator.py took 0.092 seconds
[2022-12-30T00:16:59.638+0000] {processor.py:153} INFO - Started process (PID=37658) to work on /home/airflow/.local/lib/python3.7/site-packages/airflow/example_dags/example_branch_operator_decorator.py
[2022-12-30T00:16:59.639+0000] {processor.py:743} INFO - Processing file /home/airflow/.local/lib/python3.7/site-packages/airflow/example_dags/example_branch_operator_decorator.py for tasks to queue
[2022-12-30T00:16:59.639+0000] {logging_mixin.py:137} INFO - [2022-12-30T00:16:59.639+0000] {dagbag.py:538} INFO - Filling up the DagBag from /home/airflow/.local/lib/python3.7/site-packages/airflow/example_dags/example_branch_operator_decorator.py
[2022-12-30T00:16:59.658+0000] {processor.py:753} INFO - DAG(s) dict_keys(['example_branch_python_operator_decorator']) retrieved from /home/airflow/.local/lib/python3.7/site-packages/airflow/example_dags/example_branch_operator_decorator.py
[2022-12-30T00:16:59.685+0000] {logging_mixin.py:137} INFO - [2022-12-30T00:16:59.685+0000] {dag.py:2676} INFO - Sync 1 DAGs
[2022-12-30T00:16:59.707+0000] {logging_mixin.py:137} INFO - [2022-12-30T00:16:59.707+0000] {dag.py:3427} INFO - Setting next_dagrun for example_branch_python_operator_decorator to 2022-12-29T00:00:00+00:00, run_after=2022-12-30T00:00:00+00:00
[2022-12-30T00:16:59.719+0000] {processor.py:175} INFO - Processing /home/airflow/.local/lib/python3.7/site-packages/airflow/example_dags/example_branch_operator_decorator.py took 0.083 seconds
[2022-12-30T00:17:30.259+0000] {processor.py:153} INFO - Started process (PID=37740) to work on /home/airflow/.local/lib/python3.7/site-packages/airflow/example_dags/example_branch_operator_decorator.py
[2022-12-30T00:17:30.260+0000] {processor.py:743} INFO - Processing file /home/airflow/.local/lib/python3.7/site-packages/airflow/example_dags/example_branch_operator_decorator.py for tasks to queue
[2022-12-30T00:17:30.260+0000] {logging_mixin.py:137} INFO - [2022-12-30T00:17:30.260+0000] {dagbag.py:538} INFO - Filling up the DagBag from /home/airflow/.local/lib/python3.7/site-packages/airflow/example_dags/example_branch_operator_decorator.py
[2022-12-30T00:17:30.286+0000] {processor.py:753} INFO - DAG(s) dict_keys(['example_branch_python_operator_decorator']) retrieved from /home/airflow/.local/lib/python3.7/site-packages/airflow/example_dags/example_branch_operator_decorator.py
[2022-12-30T00:17:30.318+0000] {logging_mixin.py:137} INFO - [2022-12-30T00:17:30.318+0000] {dag.py:2676} INFO - Sync 1 DAGs
[2022-12-30T00:17:30.337+0000] {logging_mixin.py:137} INFO - [2022-12-30T00:17:30.337+0000] {dag.py:3427} INFO - Setting next_dagrun for example_branch_python_operator_decorator to 2022-12-29T00:00:00+00:00, run_after=2022-12-30T00:00:00+00:00
[2022-12-30T00:17:30.349+0000] {processor.py:175} INFO - Processing /home/airflow/.local/lib/python3.7/site-packages/airflow/example_dags/example_branch_operator_decorator.py took 0.093 seconds
[2022-12-30T00:18:00.741+0000] {processor.py:153} INFO - Started process (PID=37843) to work on /home/airflow/.local/lib/python3.7/site-packages/airflow/example_dags/example_branch_operator_decorator.py
[2022-12-30T00:18:00.742+0000] {processor.py:743} INFO - Processing file /home/airflow/.local/lib/python3.7/site-packages/airflow/example_dags/example_branch_operator_decorator.py for tasks to queue
[2022-12-30T00:18:00.742+0000] {logging_mixin.py:137} INFO - [2022-12-30T00:18:00.742+0000] {dagbag.py:538} INFO - Filling up the DagBag from /home/airflow/.local/lib/python3.7/site-packages/airflow/example_dags/example_branch_operator_decorator.py
[2022-12-30T00:18:00.760+0000] {processor.py:753} INFO - DAG(s) dict_keys(['example_branch_python_operator_decorator']) retrieved from /home/airflow/.local/lib/python3.7/site-packages/airflow/example_dags/example_branch_operator_decorator.py
[2022-12-30T00:18:00.787+0000] {logging_mixin.py:137} INFO - [2022-12-30T00:18:00.787+0000] {dag.py:2676} INFO - Sync 1 DAGs
[2022-12-30T00:18:00.806+0000] {logging_mixin.py:137} INFO - [2022-12-30T00:18:00.806+0000] {dag.py:3427} INFO - Setting next_dagrun for example_branch_python_operator_decorator to 2022-12-29T00:00:00+00:00, run_after=2022-12-30T00:00:00+00:00
[2022-12-30T00:18:00.819+0000] {processor.py:175} INFO - Processing /home/airflow/.local/lib/python3.7/site-packages/airflow/example_dags/example_branch_operator_decorator.py took 0.081 seconds
[2022-12-30T00:18:31.194+0000] {processor.py:153} INFO - Started process (PID=37926) to work on /home/airflow/.local/lib/python3.7/site-packages/airflow/example_dags/example_branch_operator_decorator.py
[2022-12-30T00:18:31.195+0000] {processor.py:743} INFO - Processing file /home/airflow/.local/lib/python3.7/site-packages/airflow/example_dags/example_branch_operator_decorator.py for tasks to queue
[2022-12-30T00:18:31.196+0000] {logging_mixin.py:137} INFO - [2022-12-30T00:18:31.196+0000] {dagbag.py:538} INFO - Filling up the DagBag from /home/airflow/.local/lib/python3.7/site-packages/airflow/example_dags/example_branch_operator_decorator.py
[2022-12-30T00:18:31.217+0000] {processor.py:753} INFO - DAG(s) dict_keys(['example_branch_python_operator_decorator']) retrieved from /home/airflow/.local/lib/python3.7/site-packages/airflow/example_dags/example_branch_operator_decorator.py
[2022-12-30T00:18:31.248+0000] {logging_mixin.py:137} INFO - [2022-12-30T00:18:31.248+0000] {dag.py:2676} INFO - Sync 1 DAGs
[2022-12-30T00:18:31.269+0000] {logging_mixin.py:137} INFO - [2022-12-30T00:18:31.269+0000] {dag.py:3427} INFO - Setting next_dagrun for example_branch_python_operator_decorator to 2022-12-29T00:00:00+00:00, run_after=2022-12-30T00:00:00+00:00
[2022-12-30T00:18:31.281+0000] {processor.py:175} INFO - Processing /home/airflow/.local/lib/python3.7/site-packages/airflow/example_dags/example_branch_operator_decorator.py took 0.089 seconds
[2022-12-30T00:19:01.793+0000] {processor.py:153} INFO - Started process (PID=38028) to work on /home/airflow/.local/lib/python3.7/site-packages/airflow/example_dags/example_branch_operator_decorator.py
[2022-12-30T00:19:01.793+0000] {processor.py:743} INFO - Processing file /home/airflow/.local/lib/python3.7/site-packages/airflow/example_dags/example_branch_operator_decorator.py for tasks to queue
[2022-12-30T00:19:01.794+0000] {logging_mixin.py:137} INFO - [2022-12-30T00:19:01.794+0000] {dagbag.py:538} INFO - Filling up the DagBag from /home/airflow/.local/lib/python3.7/site-packages/airflow/example_dags/example_branch_operator_decorator.py
[2022-12-30T00:19:01.813+0000] {processor.py:753} INFO - DAG(s) dict_keys(['example_branch_python_operator_decorator']) retrieved from /home/airflow/.local/lib/python3.7/site-packages/airflow/example_dags/example_branch_operator_decorator.py
[2022-12-30T00:19:01.844+0000] {logging_mixin.py:137} INFO - [2022-12-30T00:19:01.844+0000] {dag.py:2676} INFO - Sync 1 DAGs
[2022-12-30T00:19:01.865+0000] {logging_mixin.py:137} INFO - [2022-12-30T00:19:01.865+0000] {dag.py:3427} INFO - Setting next_dagrun for example_branch_python_operator_decorator to 2022-12-29T00:00:00+00:00, run_after=2022-12-30T00:00:00+00:00
[2022-12-30T00:19:01.881+0000] {processor.py:175} INFO - Processing /home/airflow/.local/lib/python3.7/site-packages/airflow/example_dags/example_branch_operator_decorator.py took 0.092 seconds
[2022-12-30T00:19:32.517+0000] {processor.py:153} INFO - Started process (PID=38130) to work on /home/airflow/.local/lib/python3.7/site-packages/airflow/example_dags/example_branch_operator_decorator.py
[2022-12-30T00:19:32.518+0000] {processor.py:743} INFO - Processing file /home/airflow/.local/lib/python3.7/site-packages/airflow/example_dags/example_branch_operator_decorator.py for tasks to queue
[2022-12-30T00:19:32.519+0000] {logging_mixin.py:137} INFO - [2022-12-30T00:19:32.519+0000] {dagbag.py:538} INFO - Filling up the DagBag from /home/airflow/.local/lib/python3.7/site-packages/airflow/example_dags/example_branch_operator_decorator.py
[2022-12-30T00:19:32.542+0000] {processor.py:753} INFO - DAG(s) dict_keys(['example_branch_python_operator_decorator']) retrieved from /home/airflow/.local/lib/python3.7/site-packages/airflow/example_dags/example_branch_operator_decorator.py
[2022-12-30T00:19:32.571+0000] {logging_mixin.py:137} INFO - [2022-12-30T00:19:32.570+0000] {dag.py:2676} INFO - Sync 1 DAGs
[2022-12-30T00:19:32.593+0000] {logging_mixin.py:137} INFO - [2022-12-30T00:19:32.593+0000] {dag.py:3427} INFO - Setting next_dagrun for example_branch_python_operator_decorator to 2022-12-29T00:00:00+00:00, run_after=2022-12-30T00:00:00+00:00
[2022-12-30T00:19:32.608+0000] {processor.py:175} INFO - Processing /home/airflow/.local/lib/python3.7/site-packages/airflow/example_dags/example_branch_operator_decorator.py took 0.093 seconds
[2022-12-30T00:20:03.179+0000] {processor.py:153} INFO - Started process (PID=38212) to work on /home/airflow/.local/lib/python3.7/site-packages/airflow/example_dags/example_branch_operator_decorator.py
[2022-12-30T00:20:03.179+0000] {processor.py:743} INFO - Processing file /home/airflow/.local/lib/python3.7/site-packages/airflow/example_dags/example_branch_operator_decorator.py for tasks to queue
[2022-12-30T00:20:03.180+0000] {logging_mixin.py:137} INFO - [2022-12-30T00:20:03.179+0000] {dagbag.py:538} INFO - Filling up the DagBag from /home/airflow/.local/lib/python3.7/site-packages/airflow/example_dags/example_branch_operator_decorator.py
[2022-12-30T00:20:03.197+0000] {processor.py:753} INFO - DAG(s) dict_keys(['example_branch_python_operator_decorator']) retrieved from /home/airflow/.local/lib/python3.7/site-packages/airflow/example_dags/example_branch_operator_decorator.py
[2022-12-30T00:20:03.224+0000] {logging_mixin.py:137} INFO - [2022-12-30T00:20:03.224+0000] {dag.py:2676} INFO - Sync 1 DAGs
[2022-12-30T00:20:03.244+0000] {logging_mixin.py:137} INFO - [2022-12-30T00:20:03.244+0000] {dag.py:3427} INFO - Setting next_dagrun for example_branch_python_operator_decorator to 2022-12-29T00:00:00+00:00, run_after=2022-12-30T00:00:00+00:00
[2022-12-30T00:20:03.255+0000] {processor.py:175} INFO - Processing /home/airflow/.local/lib/python3.7/site-packages/airflow/example_dags/example_branch_operator_decorator.py took 0.078 seconds
[2022-12-30T00:20:33.953+0000] {processor.py:153} INFO - Started process (PID=38314) to work on /home/airflow/.local/lib/python3.7/site-packages/airflow/example_dags/example_branch_operator_decorator.py
[2022-12-30T00:20:33.954+0000] {processor.py:743} INFO - Processing file /home/airflow/.local/lib/python3.7/site-packages/airflow/example_dags/example_branch_operator_decorator.py for tasks to queue
[2022-12-30T00:20:33.954+0000] {logging_mixin.py:137} INFO - [2022-12-30T00:20:33.954+0000] {dagbag.py:538} INFO - Filling up the DagBag from /home/airflow/.local/lib/python3.7/site-packages/airflow/example_dags/example_branch_operator_decorator.py
[2022-12-30T00:20:33.974+0000] {processor.py:753} INFO - DAG(s) dict_keys(['example_branch_python_operator_decorator']) retrieved from /home/airflow/.local/lib/python3.7/site-packages/airflow/example_dags/example_branch_operator_decorator.py
[2022-12-30T00:20:34.009+0000] {logging_mixin.py:137} INFO - [2022-12-30T00:20:34.009+0000] {dag.py:2676} INFO - Sync 1 DAGs
[2022-12-30T00:20:34.030+0000] {logging_mixin.py:137} INFO - [2022-12-30T00:20:34.030+0000] {dag.py:3427} INFO - Setting next_dagrun for example_branch_python_operator_decorator to 2022-12-29T00:00:00+00:00, run_after=2022-12-30T00:00:00+00:00
[2022-12-30T00:20:34.043+0000] {processor.py:175} INFO - Processing /home/airflow/.local/lib/python3.7/site-packages/airflow/example_dags/example_branch_operator_decorator.py took 0.093 seconds
[2022-12-30T00:21:04.372+0000] {processor.py:153} INFO - Started process (PID=38397) to work on /home/airflow/.local/lib/python3.7/site-packages/airflow/example_dags/example_branch_operator_decorator.py
[2022-12-30T00:21:04.372+0000] {processor.py:743} INFO - Processing file /home/airflow/.local/lib/python3.7/site-packages/airflow/example_dags/example_branch_operator_decorator.py for tasks to queue
[2022-12-30T00:21:04.373+0000] {logging_mixin.py:137} INFO - [2022-12-30T00:21:04.373+0000] {dagbag.py:538} INFO - Filling up the DagBag from /home/airflow/.local/lib/python3.7/site-packages/airflow/example_dags/example_branch_operator_decorator.py
[2022-12-30T00:21:04.392+0000] {processor.py:753} INFO - DAG(s) dict_keys(['example_branch_python_operator_decorator']) retrieved from /home/airflow/.local/lib/python3.7/site-packages/airflow/example_dags/example_branch_operator_decorator.py
[2022-12-30T00:21:04.419+0000] {logging_mixin.py:137} INFO - [2022-12-30T00:21:04.419+0000] {dag.py:2676} INFO - Sync 1 DAGs
[2022-12-30T00:21:04.439+0000] {logging_mixin.py:137} INFO - [2022-12-30T00:21:04.439+0000] {dag.py:3427} INFO - Setting next_dagrun for example_branch_python_operator_decorator to 2022-12-29T00:00:00+00:00, run_after=2022-12-30T00:00:00+00:00
[2022-12-30T00:21:04.450+0000] {processor.py:175} INFO - Processing /home/airflow/.local/lib/python3.7/site-packages/airflow/example_dags/example_branch_operator_decorator.py took 0.082 seconds
[2022-12-30T00:21:35.250+0000] {processor.py:153} INFO - Started process (PID=38500) to work on /home/airflow/.local/lib/python3.7/site-packages/airflow/example_dags/example_branch_operator_decorator.py
[2022-12-30T00:21:35.250+0000] {processor.py:743} INFO - Processing file /home/airflow/.local/lib/python3.7/site-packages/airflow/example_dags/example_branch_operator_decorator.py for tasks to queue
[2022-12-30T00:21:35.251+0000] {logging_mixin.py:137} INFO - [2022-12-30T00:21:35.251+0000] {dagbag.py:538} INFO - Filling up the DagBag from /home/airflow/.local/lib/python3.7/site-packages/airflow/example_dags/example_branch_operator_decorator.py
[2022-12-30T00:21:35.271+0000] {processor.py:753} INFO - DAG(s) dict_keys(['example_branch_python_operator_decorator']) retrieved from /home/airflow/.local/lib/python3.7/site-packages/airflow/example_dags/example_branch_operator_decorator.py
[2022-12-30T00:21:35.305+0000] {logging_mixin.py:137} INFO - [2022-12-30T00:21:35.305+0000] {dag.py:2676} INFO - Sync 1 DAGs
[2022-12-30T00:21:35.327+0000] {logging_mixin.py:137} INFO - [2022-12-30T00:21:35.326+0000] {dag.py:3427} INFO - Setting next_dagrun for example_branch_python_operator_decorator to 2022-12-29T00:00:00+00:00, run_after=2022-12-30T00:00:00+00:00
[2022-12-30T00:21:35.339+0000] {processor.py:175} INFO - Processing /home/airflow/.local/lib/python3.7/site-packages/airflow/example_dags/example_branch_operator_decorator.py took 0.092 seconds
[2022-12-30T00:22:05.515+0000] {processor.py:153} INFO - Started process (PID=38582) to work on /home/airflow/.local/lib/python3.7/site-packages/airflow/example_dags/example_branch_operator_decorator.py
[2022-12-30T00:22:05.515+0000] {processor.py:743} INFO - Processing file /home/airflow/.local/lib/python3.7/site-packages/airflow/example_dags/example_branch_operator_decorator.py for tasks to queue
[2022-12-30T00:22:05.516+0000] {logging_mixin.py:137} INFO - [2022-12-30T00:22:05.516+0000] {dagbag.py:538} INFO - Filling up the DagBag from /home/airflow/.local/lib/python3.7/site-packages/airflow/example_dags/example_branch_operator_decorator.py
[2022-12-30T00:22:05.533+0000] {processor.py:753} INFO - DAG(s) dict_keys(['example_branch_python_operator_decorator']) retrieved from /home/airflow/.local/lib/python3.7/site-packages/airflow/example_dags/example_branch_operator_decorator.py
[2022-12-30T00:22:05.565+0000] {logging_mixin.py:137} INFO - [2022-12-30T00:22:05.565+0000] {dag.py:2676} INFO - Sync 1 DAGs
[2022-12-30T00:22:05.585+0000] {logging_mixin.py:137} INFO - [2022-12-30T00:22:05.585+0000] {dag.py:3427} INFO - Setting next_dagrun for example_branch_python_operator_decorator to 2022-12-29T00:00:00+00:00, run_after=2022-12-30T00:00:00+00:00
[2022-12-30T00:22:05.597+0000] {processor.py:175} INFO - Processing /home/airflow/.local/lib/python3.7/site-packages/airflow/example_dags/example_branch_operator_decorator.py took 0.085 seconds
[2022-12-30T00:22:36.104+0000] {processor.py:153} INFO - Started process (PID=38684) to work on /home/airflow/.local/lib/python3.7/site-packages/airflow/example_dags/example_branch_operator_decorator.py
[2022-12-30T00:22:36.104+0000] {processor.py:743} INFO - Processing file /home/airflow/.local/lib/python3.7/site-packages/airflow/example_dags/example_branch_operator_decorator.py for tasks to queue
[2022-12-30T00:22:36.105+0000] {logging_mixin.py:137} INFO - [2022-12-30T00:22:36.105+0000] {dagbag.py:538} INFO - Filling up the DagBag from /home/airflow/.local/lib/python3.7/site-packages/airflow/example_dags/example_branch_operator_decorator.py
[2022-12-30T00:22:36.123+0000] {processor.py:753} INFO - DAG(s) dict_keys(['example_branch_python_operator_decorator']) retrieved from /home/airflow/.local/lib/python3.7/site-packages/airflow/example_dags/example_branch_operator_decorator.py
[2022-12-30T00:22:36.153+0000] {logging_mixin.py:137} INFO - [2022-12-30T00:22:36.153+0000] {dag.py:2676} INFO - Sync 1 DAGs
[2022-12-30T00:22:36.176+0000] {logging_mixin.py:137} INFO - [2022-12-30T00:22:36.176+0000] {dag.py:3427} INFO - Setting next_dagrun for example_branch_python_operator_decorator to 2022-12-29T00:00:00+00:00, run_after=2022-12-30T00:00:00+00:00
[2022-12-30T00:22:36.190+0000] {processor.py:175} INFO - Processing /home/airflow/.local/lib/python3.7/site-packages/airflow/example_dags/example_branch_operator_decorator.py took 0.088 seconds
[2022-12-30T00:23:07.043+0000] {processor.py:153} INFO - Started process (PID=38786) to work on /home/airflow/.local/lib/python3.7/site-packages/airflow/example_dags/example_branch_operator_decorator.py
[2022-12-30T00:23:07.044+0000] {processor.py:743} INFO - Processing file /home/airflow/.local/lib/python3.7/site-packages/airflow/example_dags/example_branch_operator_decorator.py for tasks to queue
[2022-12-30T00:23:07.044+0000] {logging_mixin.py:137} INFO - [2022-12-30T00:23:07.044+0000] {dagbag.py:538} INFO - Filling up the DagBag from /home/airflow/.local/lib/python3.7/site-packages/airflow/example_dags/example_branch_operator_decorator.py
[2022-12-30T00:23:07.062+0000] {processor.py:753} INFO - DAG(s) dict_keys(['example_branch_python_operator_decorator']) retrieved from /home/airflow/.local/lib/python3.7/site-packages/airflow/example_dags/example_branch_operator_decorator.py
[2022-12-30T00:23:07.090+0000] {logging_mixin.py:137} INFO - [2022-12-30T00:23:07.090+0000] {dag.py:2676} INFO - Sync 1 DAGs
[2022-12-30T00:23:07.111+0000] {logging_mixin.py:137} INFO - [2022-12-30T00:23:07.111+0000] {dag.py:3427} INFO - Setting next_dagrun for example_branch_python_operator_decorator to 2022-12-29T00:00:00+00:00, run_after=2022-12-30T00:00:00+00:00
[2022-12-30T00:23:07.125+0000] {processor.py:175} INFO - Processing /home/airflow/.local/lib/python3.7/site-packages/airflow/example_dags/example_branch_operator_decorator.py took 0.086 seconds
[2022-12-30T00:23:37.791+0000] {processor.py:153} INFO - Started process (PID=38868) to work on /home/airflow/.local/lib/python3.7/site-packages/airflow/example_dags/example_branch_operator_decorator.py
[2022-12-30T00:23:37.791+0000] {processor.py:743} INFO - Processing file /home/airflow/.local/lib/python3.7/site-packages/airflow/example_dags/example_branch_operator_decorator.py for tasks to queue
[2022-12-30T00:23:37.792+0000] {logging_mixin.py:137} INFO - [2022-12-30T00:23:37.792+0000] {dagbag.py:538} INFO - Filling up the DagBag from /home/airflow/.local/lib/python3.7/site-packages/airflow/example_dags/example_branch_operator_decorator.py
[2022-12-30T00:23:37.811+0000] {processor.py:753} INFO - DAG(s) dict_keys(['example_branch_python_operator_decorator']) retrieved from /home/airflow/.local/lib/python3.7/site-packages/airflow/example_dags/example_branch_operator_decorator.py
[2022-12-30T00:23:37.839+0000] {logging_mixin.py:137} INFO - [2022-12-30T00:23:37.839+0000] {dag.py:2676} INFO - Sync 1 DAGs
[2022-12-30T00:23:37.864+0000] {logging_mixin.py:137} INFO - [2022-12-30T00:23:37.864+0000] {dag.py:3427} INFO - Setting next_dagrun for example_branch_python_operator_decorator to 2022-12-29T00:00:00+00:00, run_after=2022-12-30T00:00:00+00:00
[2022-12-30T00:23:37.880+0000] {processor.py:175} INFO - Processing /home/airflow/.local/lib/python3.7/site-packages/airflow/example_dags/example_branch_operator_decorator.py took 0.091 seconds
[2022-12-30T00:24:08.366+0000] {processor.py:153} INFO - Started process (PID=38970) to work on /home/airflow/.local/lib/python3.7/site-packages/airflow/example_dags/example_branch_operator_decorator.py
[2022-12-30T00:24:08.367+0000] {processor.py:743} INFO - Processing file /home/airflow/.local/lib/python3.7/site-packages/airflow/example_dags/example_branch_operator_decorator.py for tasks to queue
[2022-12-30T00:24:08.367+0000] {logging_mixin.py:137} INFO - [2022-12-30T00:24:08.367+0000] {dagbag.py:538} INFO - Filling up the DagBag from /home/airflow/.local/lib/python3.7/site-packages/airflow/example_dags/example_branch_operator_decorator.py
[2022-12-30T00:24:08.385+0000] {processor.py:753} INFO - DAG(s) dict_keys(['example_branch_python_operator_decorator']) retrieved from /home/airflow/.local/lib/python3.7/site-packages/airflow/example_dags/example_branch_operator_decorator.py
[2022-12-30T00:24:08.413+0000] {logging_mixin.py:137} INFO - [2022-12-30T00:24:08.413+0000] {dag.py:2676} INFO - Sync 1 DAGs
[2022-12-30T00:24:08.432+0000] {logging_mixin.py:137} INFO - [2022-12-30T00:24:08.432+0000] {dag.py:3427} INFO - Setting next_dagrun for example_branch_python_operator_decorator to 2022-12-29T00:00:00+00:00, run_after=2022-12-30T00:00:00+00:00
[2022-12-30T00:24:08.446+0000] {processor.py:175} INFO - Processing /home/airflow/.local/lib/python3.7/site-packages/airflow/example_dags/example_branch_operator_decorator.py took 0.084 seconds
[2022-12-30T00:24:39.414+0000] {processor.py:153} INFO - Started process (PID=39052) to work on /home/airflow/.local/lib/python3.7/site-packages/airflow/example_dags/example_branch_operator_decorator.py
[2022-12-30T00:24:39.414+0000] {processor.py:743} INFO - Processing file /home/airflow/.local/lib/python3.7/site-packages/airflow/example_dags/example_branch_operator_decorator.py for tasks to queue
[2022-12-30T00:24:39.415+0000] {logging_mixin.py:137} INFO - [2022-12-30T00:24:39.415+0000] {dagbag.py:538} INFO - Filling up the DagBag from /home/airflow/.local/lib/python3.7/site-packages/airflow/example_dags/example_branch_operator_decorator.py
[2022-12-30T00:24:39.435+0000] {processor.py:753} INFO - DAG(s) dict_keys(['example_branch_python_operator_decorator']) retrieved from /home/airflow/.local/lib/python3.7/site-packages/airflow/example_dags/example_branch_operator_decorator.py
[2022-12-30T00:24:39.467+0000] {logging_mixin.py:137} INFO - [2022-12-30T00:24:39.467+0000] {dag.py:2676} INFO - Sync 1 DAGs
[2022-12-30T00:24:39.489+0000] {logging_mixin.py:137} INFO - [2022-12-30T00:24:39.488+0000] {dag.py:3427} INFO - Setting next_dagrun for example_branch_python_operator_decorator to 2022-12-29T00:00:00+00:00, run_after=2022-12-30T00:00:00+00:00
[2022-12-30T00:24:39.501+0000] {processor.py:175} INFO - Processing /home/airflow/.local/lib/python3.7/site-packages/airflow/example_dags/example_branch_operator_decorator.py took 0.090 seconds
[2022-12-30T00:25:09.883+0000] {processor.py:153} INFO - Started process (PID=39154) to work on /home/airflow/.local/lib/python3.7/site-packages/airflow/example_dags/example_branch_operator_decorator.py
[2022-12-30T00:25:09.884+0000] {processor.py:743} INFO - Processing file /home/airflow/.local/lib/python3.7/site-packages/airflow/example_dags/example_branch_operator_decorator.py for tasks to queue
[2022-12-30T00:25:09.884+0000] {logging_mixin.py:137} INFO - [2022-12-30T00:25:09.884+0000] {dagbag.py:538} INFO - Filling up the DagBag from /home/airflow/.local/lib/python3.7/site-packages/airflow/example_dags/example_branch_operator_decorator.py
[2022-12-30T00:25:09.903+0000] {processor.py:753} INFO - DAG(s) dict_keys(['example_branch_python_operator_decorator']) retrieved from /home/airflow/.local/lib/python3.7/site-packages/airflow/example_dags/example_branch_operator_decorator.py
[2022-12-30T00:25:09.935+0000] {logging_mixin.py:137} INFO - [2022-12-30T00:25:09.935+0000] {dag.py:2676} INFO - Sync 1 DAGs
[2022-12-30T00:25:09.954+0000] {logging_mixin.py:137} INFO - [2022-12-30T00:25:09.953+0000] {dag.py:3427} INFO - Setting next_dagrun for example_branch_python_operator_decorator to 2022-12-29T00:00:00+00:00, run_after=2022-12-30T00:00:00+00:00
[2022-12-30T00:25:09.967+0000] {processor.py:175} INFO - Processing /home/airflow/.local/lib/python3.7/site-packages/airflow/example_dags/example_branch_operator_decorator.py took 0.087 seconds
[2022-12-30T00:25:40.531+0000] {processor.py:153} INFO - Started process (PID=39236) to work on /home/airflow/.local/lib/python3.7/site-packages/airflow/example_dags/example_branch_operator_decorator.py
[2022-12-30T00:25:40.532+0000] {processor.py:743} INFO - Processing file /home/airflow/.local/lib/python3.7/site-packages/airflow/example_dags/example_branch_operator_decorator.py for tasks to queue
[2022-12-30T00:25:40.532+0000] {logging_mixin.py:137} INFO - [2022-12-30T00:25:40.532+0000] {dagbag.py:538} INFO - Filling up the DagBag from /home/airflow/.local/lib/python3.7/site-packages/airflow/example_dags/example_branch_operator_decorator.py
[2022-12-30T00:25:40.551+0000] {processor.py:753} INFO - DAG(s) dict_keys(['example_branch_python_operator_decorator']) retrieved from /home/airflow/.local/lib/python3.7/site-packages/airflow/example_dags/example_branch_operator_decorator.py
[2022-12-30T00:25:40.579+0000] {logging_mixin.py:137} INFO - [2022-12-30T00:25:40.579+0000] {dag.py:2676} INFO - Sync 1 DAGs
[2022-12-30T00:25:40.598+0000] {logging_mixin.py:137} INFO - [2022-12-30T00:25:40.598+0000] {dag.py:3427} INFO - Setting next_dagrun for example_branch_python_operator_decorator to 2022-12-29T00:00:00+00:00, run_after=2022-12-30T00:00:00+00:00
[2022-12-30T00:25:40.609+0000] {processor.py:175} INFO - Processing /home/airflow/.local/lib/python3.7/site-packages/airflow/example_dags/example_branch_operator_decorator.py took 0.082 seconds
[2022-12-30T00:26:10.994+0000] {processor.py:153} INFO - Started process (PID=39338) to work on /home/airflow/.local/lib/python3.7/site-packages/airflow/example_dags/example_branch_operator_decorator.py
[2022-12-30T00:26:10.995+0000] {processor.py:743} INFO - Processing file /home/airflow/.local/lib/python3.7/site-packages/airflow/example_dags/example_branch_operator_decorator.py for tasks to queue
[2022-12-30T00:26:10.995+0000] {logging_mixin.py:137} INFO - [2022-12-30T00:26:10.995+0000] {dagbag.py:538} INFO - Filling up the DagBag from /home/airflow/.local/lib/python3.7/site-packages/airflow/example_dags/example_branch_operator_decorator.py
[2022-12-30T00:26:11.013+0000] {processor.py:753} INFO - DAG(s) dict_keys(['example_branch_python_operator_decorator']) retrieved from /home/airflow/.local/lib/python3.7/site-packages/airflow/example_dags/example_branch_operator_decorator.py
[2022-12-30T00:26:11.040+0000] {logging_mixin.py:137} INFO - [2022-12-30T00:26:11.040+0000] {dag.py:2676} INFO - Sync 1 DAGs
[2022-12-30T00:26:11.065+0000] {logging_mixin.py:137} INFO - [2022-12-30T00:26:11.065+0000] {dag.py:3427} INFO - Setting next_dagrun for example_branch_python_operator_decorator to 2022-12-29T00:00:00+00:00, run_after=2022-12-30T00:00:00+00:00
[2022-12-30T00:26:11.078+0000] {processor.py:175} INFO - Processing /home/airflow/.local/lib/python3.7/site-packages/airflow/example_dags/example_branch_operator_decorator.py took 0.088 seconds
[2022-12-30T00:26:41.737+0000] {processor.py:153} INFO - Started process (PID=39440) to work on /home/airflow/.local/lib/python3.7/site-packages/airflow/example_dags/example_branch_operator_decorator.py
[2022-12-30T00:26:41.738+0000] {processor.py:743} INFO - Processing file /home/airflow/.local/lib/python3.7/site-packages/airflow/example_dags/example_branch_operator_decorator.py for tasks to queue
[2022-12-30T00:26:41.738+0000] {logging_mixin.py:137} INFO - [2022-12-30T00:26:41.738+0000] {dagbag.py:538} INFO - Filling up the DagBag from /home/airflow/.local/lib/python3.7/site-packages/airflow/example_dags/example_branch_operator_decorator.py
[2022-12-30T00:26:41.758+0000] {processor.py:753} INFO - DAG(s) dict_keys(['example_branch_python_operator_decorator']) retrieved from /home/airflow/.local/lib/python3.7/site-packages/airflow/example_dags/example_branch_operator_decorator.py
[2022-12-30T00:26:41.788+0000] {logging_mixin.py:137} INFO - [2022-12-30T00:26:41.788+0000] {dag.py:2676} INFO - Sync 1 DAGs
[2022-12-30T00:26:41.817+0000] {logging_mixin.py:137} INFO - [2022-12-30T00:26:41.817+0000] {dag.py:3427} INFO - Setting next_dagrun for example_branch_python_operator_decorator to 2022-12-29T00:00:00+00:00, run_after=2022-12-30T00:00:00+00:00
[2022-12-30T00:26:41.833+0000] {processor.py:175} INFO - Processing /home/airflow/.local/lib/python3.7/site-packages/airflow/example_dags/example_branch_operator_decorator.py took 0.097 seconds
[2022-12-30T00:27:11.895+0000] {processor.py:153} INFO - Started process (PID=39523) to work on /home/airflow/.local/lib/python3.7/site-packages/airflow/example_dags/example_branch_operator_decorator.py
[2022-12-30T00:27:11.896+0000] {processor.py:743} INFO - Processing file /home/airflow/.local/lib/python3.7/site-packages/airflow/example_dags/example_branch_operator_decorator.py for tasks to queue
[2022-12-30T00:27:11.896+0000] {logging_mixin.py:137} INFO - [2022-12-30T00:27:11.896+0000] {dagbag.py:538} INFO - Filling up the DagBag from /home/airflow/.local/lib/python3.7/site-packages/airflow/example_dags/example_branch_operator_decorator.py
[2022-12-30T00:27:11.915+0000] {processor.py:753} INFO - DAG(s) dict_keys(['example_branch_python_operator_decorator']) retrieved from /home/airflow/.local/lib/python3.7/site-packages/airflow/example_dags/example_branch_operator_decorator.py
[2022-12-30T00:27:11.947+0000] {logging_mixin.py:137} INFO - [2022-12-30T00:27:11.947+0000] {dag.py:2676} INFO - Sync 1 DAGs
[2022-12-30T00:27:11.967+0000] {logging_mixin.py:137} INFO - [2022-12-30T00:27:11.967+0000] {dag.py:3427} INFO - Setting next_dagrun for example_branch_python_operator_decorator to 2022-12-29T00:00:00+00:00, run_after=2022-12-30T00:00:00+00:00
[2022-12-30T00:27:11.978+0000] {processor.py:175} INFO - Processing /home/airflow/.local/lib/python3.7/site-packages/airflow/example_dags/example_branch_operator_decorator.py took 0.087 seconds
[2022-12-30T00:27:42.449+0000] {processor.py:153} INFO - Started process (PID=39625) to work on /home/airflow/.local/lib/python3.7/site-packages/airflow/example_dags/example_branch_operator_decorator.py
[2022-12-30T00:27:42.450+0000] {processor.py:743} INFO - Processing file /home/airflow/.local/lib/python3.7/site-packages/airflow/example_dags/example_branch_operator_decorator.py for tasks to queue
[2022-12-30T00:27:42.450+0000] {logging_mixin.py:137} INFO - [2022-12-30T00:27:42.450+0000] {dagbag.py:538} INFO - Filling up the DagBag from /home/airflow/.local/lib/python3.7/site-packages/airflow/example_dags/example_branch_operator_decorator.py
[2022-12-30T00:27:42.468+0000] {processor.py:753} INFO - DAG(s) dict_keys(['example_branch_python_operator_decorator']) retrieved from /home/airflow/.local/lib/python3.7/site-packages/airflow/example_dags/example_branch_operator_decorator.py
[2022-12-30T00:27:42.500+0000] {logging_mixin.py:137} INFO - [2022-12-30T00:27:42.500+0000] {dag.py:2676} INFO - Sync 1 DAGs
[2022-12-30T00:27:42.522+0000] {logging_mixin.py:137} INFO - [2022-12-30T00:27:42.521+0000] {dag.py:3427} INFO - Setting next_dagrun for example_branch_python_operator_decorator to 2022-12-29T00:00:00+00:00, run_after=2022-12-30T00:00:00+00:00
[2022-12-30T00:27:42.534+0000] {processor.py:175} INFO - Processing /home/airflow/.local/lib/python3.7/site-packages/airflow/example_dags/example_branch_operator_decorator.py took 0.089 seconds
[2022-12-30T00:28:12.576+0000] {processor.py:153} INFO - Started process (PID=39707) to work on /home/airflow/.local/lib/python3.7/site-packages/airflow/example_dags/example_branch_operator_decorator.py
[2022-12-30T00:28:12.577+0000] {processor.py:743} INFO - Processing file /home/airflow/.local/lib/python3.7/site-packages/airflow/example_dags/example_branch_operator_decorator.py for tasks to queue
[2022-12-30T00:28:12.578+0000] {logging_mixin.py:137} INFO - [2022-12-30T00:28:12.578+0000] {dagbag.py:538} INFO - Filling up the DagBag from /home/airflow/.local/lib/python3.7/site-packages/airflow/example_dags/example_branch_operator_decorator.py
[2022-12-30T00:28:12.599+0000] {processor.py:753} INFO - DAG(s) dict_keys(['example_branch_python_operator_decorator']) retrieved from /home/airflow/.local/lib/python3.7/site-packages/airflow/example_dags/example_branch_operator_decorator.py
[2022-12-30T00:28:12.631+0000] {logging_mixin.py:137} INFO - [2022-12-30T00:28:12.631+0000] {dag.py:2676} INFO - Sync 1 DAGs
[2022-12-30T00:28:12.652+0000] {logging_mixin.py:137} INFO - [2022-12-30T00:28:12.652+0000] {dag.py:3427} INFO - Setting next_dagrun for example_branch_python_operator_decorator to 2022-12-29T00:00:00+00:00, run_after=2022-12-30T00:00:00+00:00
[2022-12-30T00:28:12.667+0000] {processor.py:175} INFO - Processing /home/airflow/.local/lib/python3.7/site-packages/airflow/example_dags/example_branch_operator_decorator.py took 0.093 seconds
[2022-12-30T00:28:43.349+0000] {processor.py:153} INFO - Started process (PID=39809) to work on /home/airflow/.local/lib/python3.7/site-packages/airflow/example_dags/example_branch_operator_decorator.py
[2022-12-30T00:28:43.350+0000] {processor.py:743} INFO - Processing file /home/airflow/.local/lib/python3.7/site-packages/airflow/example_dags/example_branch_operator_decorator.py for tasks to queue
[2022-12-30T00:28:43.350+0000] {logging_mixin.py:137} INFO - [2022-12-30T00:28:43.350+0000] {dagbag.py:538} INFO - Filling up the DagBag from /home/airflow/.local/lib/python3.7/site-packages/airflow/example_dags/example_branch_operator_decorator.py
[2022-12-30T00:28:43.368+0000] {processor.py:753} INFO - DAG(s) dict_keys(['example_branch_python_operator_decorator']) retrieved from /home/airflow/.local/lib/python3.7/site-packages/airflow/example_dags/example_branch_operator_decorator.py
[2022-12-30T00:28:43.436+0000] {logging_mixin.py:137} INFO - [2022-12-30T00:28:43.436+0000] {dag.py:2676} INFO - Sync 1 DAGs
[2022-12-30T00:28:43.460+0000] {logging_mixin.py:137} INFO - [2022-12-30T00:28:43.460+0000] {dag.py:3427} INFO - Setting next_dagrun for example_branch_python_operator_decorator to 2022-12-29T00:00:00+00:00, run_after=2022-12-30T00:00:00+00:00
[2022-12-30T00:28:43.474+0000] {processor.py:175} INFO - Processing /home/airflow/.local/lib/python3.7/site-packages/airflow/example_dags/example_branch_operator_decorator.py took 0.127 seconds
[2022-12-30T00:29:13.577+0000] {processor.py:153} INFO - Started process (PID=39891) to work on /home/airflow/.local/lib/python3.7/site-packages/airflow/example_dags/example_branch_operator_decorator.py
[2022-12-30T00:29:13.578+0000] {processor.py:743} INFO - Processing file /home/airflow/.local/lib/python3.7/site-packages/airflow/example_dags/example_branch_operator_decorator.py for tasks to queue
[2022-12-30T00:29:13.579+0000] {logging_mixin.py:137} INFO - [2022-12-30T00:29:13.579+0000] {dagbag.py:538} INFO - Filling up the DagBag from /home/airflow/.local/lib/python3.7/site-packages/airflow/example_dags/example_branch_operator_decorator.py
[2022-12-30T00:29:13.599+0000] {processor.py:753} INFO - DAG(s) dict_keys(['example_branch_python_operator_decorator']) retrieved from /home/airflow/.local/lib/python3.7/site-packages/airflow/example_dags/example_branch_operator_decorator.py
[2022-12-30T00:29:13.632+0000] {logging_mixin.py:137} INFO - [2022-12-30T00:29:13.632+0000] {dag.py:2676} INFO - Sync 1 DAGs
[2022-12-30T00:29:13.657+0000] {logging_mixin.py:137} INFO - [2022-12-30T00:29:13.657+0000] {dag.py:3427} INFO - Setting next_dagrun for example_branch_python_operator_decorator to 2022-12-29T00:00:00+00:00, run_after=2022-12-30T00:00:00+00:00
[2022-12-30T00:29:13.670+0000] {processor.py:175} INFO - Processing /home/airflow/.local/lib/python3.7/site-packages/airflow/example_dags/example_branch_operator_decorator.py took 0.095 seconds
[2022-12-30T00:29:43.824+0000] {processor.py:153} INFO - Started process (PID=39993) to work on /home/airflow/.local/lib/python3.7/site-packages/airflow/example_dags/example_branch_operator_decorator.py
[2022-12-30T00:29:43.825+0000] {processor.py:743} INFO - Processing file /home/airflow/.local/lib/python3.7/site-packages/airflow/example_dags/example_branch_operator_decorator.py for tasks to queue
[2022-12-30T00:29:43.826+0000] {logging_mixin.py:137} INFO - [2022-12-30T00:29:43.826+0000] {dagbag.py:538} INFO - Filling up the DagBag from /home/airflow/.local/lib/python3.7/site-packages/airflow/example_dags/example_branch_operator_decorator.py
[2022-12-30T00:29:43.846+0000] {processor.py:753} INFO - DAG(s) dict_keys(['example_branch_python_operator_decorator']) retrieved from /home/airflow/.local/lib/python3.7/site-packages/airflow/example_dags/example_branch_operator_decorator.py
[2022-12-30T00:29:43.879+0000] {logging_mixin.py:137} INFO - [2022-12-30T00:29:43.879+0000] {dag.py:2676} INFO - Sync 1 DAGs
[2022-12-30T00:29:43.899+0000] {logging_mixin.py:137} INFO - [2022-12-30T00:29:43.899+0000] {dag.py:3427} INFO - Setting next_dagrun for example_branch_python_operator_decorator to 2022-12-29T00:00:00+00:00, run_after=2022-12-30T00:00:00+00:00
[2022-12-30T00:29:43.913+0000] {processor.py:175} INFO - Processing /home/airflow/.local/lib/python3.7/site-packages/airflow/example_dags/example_branch_operator_decorator.py took 0.091 seconds
[2022-12-30T00:30:14.322+0000] {processor.py:153} INFO - Started process (PID=40075) to work on /home/airflow/.local/lib/python3.7/site-packages/airflow/example_dags/example_branch_operator_decorator.py
[2022-12-30T00:30:14.322+0000] {processor.py:743} INFO - Processing file /home/airflow/.local/lib/python3.7/site-packages/airflow/example_dags/example_branch_operator_decorator.py for tasks to queue
[2022-12-30T00:30:14.323+0000] {logging_mixin.py:137} INFO - [2022-12-30T00:30:14.323+0000] {dagbag.py:538} INFO - Filling up the DagBag from /home/airflow/.local/lib/python3.7/site-packages/airflow/example_dags/example_branch_operator_decorator.py
[2022-12-30T00:30:14.344+0000] {processor.py:753} INFO - DAG(s) dict_keys(['example_branch_python_operator_decorator']) retrieved from /home/airflow/.local/lib/python3.7/site-packages/airflow/example_dags/example_branch_operator_decorator.py
[2022-12-30T00:30:14.376+0000] {logging_mixin.py:137} INFO - [2022-12-30T00:30:14.376+0000] {dag.py:2676} INFO - Sync 1 DAGs
[2022-12-30T00:30:14.398+0000] {logging_mixin.py:137} INFO - [2022-12-30T00:30:14.398+0000] {dag.py:3427} INFO - Setting next_dagrun for example_branch_python_operator_decorator to 2022-12-29T00:00:00+00:00, run_after=2022-12-30T00:00:00+00:00
[2022-12-30T00:30:14.409+0000] {processor.py:175} INFO - Processing /home/airflow/.local/lib/python3.7/site-packages/airflow/example_dags/example_branch_operator_decorator.py took 0.089 seconds
[2022-12-30T00:30:44.866+0000] {processor.py:153} INFO - Started process (PID=40177) to work on /home/airflow/.local/lib/python3.7/site-packages/airflow/example_dags/example_branch_operator_decorator.py
[2022-12-30T00:30:44.866+0000] {processor.py:743} INFO - Processing file /home/airflow/.local/lib/python3.7/site-packages/airflow/example_dags/example_branch_operator_decorator.py for tasks to queue
[2022-12-30T00:30:44.867+0000] {logging_mixin.py:137} INFO - [2022-12-30T00:30:44.867+0000] {dagbag.py:538} INFO - Filling up the DagBag from /home/airflow/.local/lib/python3.7/site-packages/airflow/example_dags/example_branch_operator_decorator.py
[2022-12-30T00:30:44.885+0000] {processor.py:753} INFO - DAG(s) dict_keys(['example_branch_python_operator_decorator']) retrieved from /home/airflow/.local/lib/python3.7/site-packages/airflow/example_dags/example_branch_operator_decorator.py
[2022-12-30T00:30:44.916+0000] {logging_mixin.py:137} INFO - [2022-12-30T00:30:44.916+0000] {dag.py:2676} INFO - Sync 1 DAGs
[2022-12-30T00:30:44.938+0000] {logging_mixin.py:137} INFO - [2022-12-30T00:30:44.938+0000] {dag.py:3427} INFO - Setting next_dagrun for example_branch_python_operator_decorator to 2022-12-29T00:00:00+00:00, run_after=2022-12-30T00:00:00+00:00
[2022-12-30T00:30:44.953+0000] {processor.py:175} INFO - Processing /home/airflow/.local/lib/python3.7/site-packages/airflow/example_dags/example_branch_operator_decorator.py took 0.090 seconds
[2022-12-30T00:31:15.334+0000] {processor.py:153} INFO - Started process (PID=40259) to work on /home/airflow/.local/lib/python3.7/site-packages/airflow/example_dags/example_branch_operator_decorator.py
[2022-12-30T00:31:15.335+0000] {processor.py:743} INFO - Processing file /home/airflow/.local/lib/python3.7/site-packages/airflow/example_dags/example_branch_operator_decorator.py for tasks to queue
[2022-12-30T00:31:15.335+0000] {logging_mixin.py:137} INFO - [2022-12-30T00:31:15.335+0000] {dagbag.py:538} INFO - Filling up the DagBag from /home/airflow/.local/lib/python3.7/site-packages/airflow/example_dags/example_branch_operator_decorator.py
[2022-12-30T00:31:15.353+0000] {processor.py:753} INFO - DAG(s) dict_keys(['example_branch_python_operator_decorator']) retrieved from /home/airflow/.local/lib/python3.7/site-packages/airflow/example_dags/example_branch_operator_decorator.py
[2022-12-30T00:31:15.383+0000] {logging_mixin.py:137} INFO - [2022-12-30T00:31:15.383+0000] {dag.py:2676} INFO - Sync 1 DAGs
[2022-12-30T00:31:15.404+0000] {logging_mixin.py:137} INFO - [2022-12-30T00:31:15.404+0000] {dag.py:3427} INFO - Setting next_dagrun for example_branch_python_operator_decorator to 2022-12-29T00:00:00+00:00, run_after=2022-12-30T00:00:00+00:00
[2022-12-30T00:31:15.420+0000] {processor.py:175} INFO - Processing /home/airflow/.local/lib/python3.7/site-packages/airflow/example_dags/example_branch_operator_decorator.py took 0.089 seconds
[2022-12-30T00:31:46.041+0000] {processor.py:153} INFO - Started process (PID=40361) to work on /home/airflow/.local/lib/python3.7/site-packages/airflow/example_dags/example_branch_operator_decorator.py
[2022-12-30T00:31:46.041+0000] {processor.py:743} INFO - Processing file /home/airflow/.local/lib/python3.7/site-packages/airflow/example_dags/example_branch_operator_decorator.py for tasks to queue
[2022-12-30T00:31:46.042+0000] {logging_mixin.py:137} INFO - [2022-12-30T00:31:46.042+0000] {dagbag.py:538} INFO - Filling up the DagBag from /home/airflow/.local/lib/python3.7/site-packages/airflow/example_dags/example_branch_operator_decorator.py
[2022-12-30T00:31:46.065+0000] {processor.py:753} INFO - DAG(s) dict_keys(['example_branch_python_operator_decorator']) retrieved from /home/airflow/.local/lib/python3.7/site-packages/airflow/example_dags/example_branch_operator_decorator.py
[2022-12-30T00:31:46.096+0000] {logging_mixin.py:137} INFO - [2022-12-30T00:31:46.096+0000] {dag.py:2676} INFO - Sync 1 DAGs
[2022-12-30T00:31:46.115+0000] {logging_mixin.py:137} INFO - [2022-12-30T00:31:46.114+0000] {dag.py:3427} INFO - Setting next_dagrun for example_branch_python_operator_decorator to 2022-12-29T00:00:00+00:00, run_after=2022-12-30T00:00:00+00:00
[2022-12-30T00:31:46.127+0000] {processor.py:175} INFO - Processing /home/airflow/.local/lib/python3.7/site-packages/airflow/example_dags/example_branch_operator_decorator.py took 0.088 seconds
[2022-12-30T00:32:16.529+0000] {processor.py:153} INFO - Started process (PID=40464) to work on /home/airflow/.local/lib/python3.7/site-packages/airflow/example_dags/example_branch_operator_decorator.py
[2022-12-30T00:32:16.530+0000] {processor.py:743} INFO - Processing file /home/airflow/.local/lib/python3.7/site-packages/airflow/example_dags/example_branch_operator_decorator.py for tasks to queue
[2022-12-30T00:32:16.531+0000] {logging_mixin.py:137} INFO - [2022-12-30T00:32:16.531+0000] {dagbag.py:538} INFO - Filling up the DagBag from /home/airflow/.local/lib/python3.7/site-packages/airflow/example_dags/example_branch_operator_decorator.py
[2022-12-30T00:32:16.550+0000] {processor.py:753} INFO - DAG(s) dict_keys(['example_branch_python_operator_decorator']) retrieved from /home/airflow/.local/lib/python3.7/site-packages/airflow/example_dags/example_branch_operator_decorator.py
[2022-12-30T00:32:16.584+0000] {logging_mixin.py:137} INFO - [2022-12-30T00:32:16.584+0000] {dag.py:2676} INFO - Sync 1 DAGs
[2022-12-30T00:32:16.616+0000] {logging_mixin.py:137} INFO - [2022-12-30T00:32:16.616+0000] {dag.py:3427} INFO - Setting next_dagrun for example_branch_python_operator_decorator to 2022-12-29T00:00:00+00:00, run_after=2022-12-30T00:00:00+00:00
[2022-12-30T00:32:16.634+0000] {processor.py:175} INFO - Processing /home/airflow/.local/lib/python3.7/site-packages/airflow/example_dags/example_branch_operator_decorator.py took 0.108 seconds
[2022-12-30T00:32:46.691+0000] {processor.py:153} INFO - Started process (PID=40546) to work on /home/airflow/.local/lib/python3.7/site-packages/airflow/example_dags/example_branch_operator_decorator.py
[2022-12-30T00:32:46.692+0000] {processor.py:743} INFO - Processing file /home/airflow/.local/lib/python3.7/site-packages/airflow/example_dags/example_branch_operator_decorator.py for tasks to queue
[2022-12-30T00:32:46.693+0000] {logging_mixin.py:137} INFO - [2022-12-30T00:32:46.693+0000] {dagbag.py:538} INFO - Filling up the DagBag from /home/airflow/.local/lib/python3.7/site-packages/airflow/example_dags/example_branch_operator_decorator.py
[2022-12-30T00:32:46.712+0000] {processor.py:753} INFO - DAG(s) dict_keys(['example_branch_python_operator_decorator']) retrieved from /home/airflow/.local/lib/python3.7/site-packages/airflow/example_dags/example_branch_operator_decorator.py
[2022-12-30T00:32:46.742+0000] {logging_mixin.py:137} INFO - [2022-12-30T00:32:46.742+0000] {dag.py:2676} INFO - Sync 1 DAGs
[2022-12-30T00:32:46.768+0000] {logging_mixin.py:137} INFO - [2022-12-30T00:32:46.768+0000] {dag.py:3427} INFO - Setting next_dagrun for example_branch_python_operator_decorator to 2022-12-29T00:00:00+00:00, run_after=2022-12-30T00:00:00+00:00
[2022-12-30T00:32:46.783+0000] {processor.py:175} INFO - Processing /home/airflow/.local/lib/python3.7/site-packages/airflow/example_dags/example_branch_operator_decorator.py took 0.096 seconds
[2022-12-30T00:33:17.516+0000] {processor.py:153} INFO - Started process (PID=40648) to work on /home/airflow/.local/lib/python3.7/site-packages/airflow/example_dags/example_branch_operator_decorator.py
[2022-12-30T00:33:17.517+0000] {processor.py:743} INFO - Processing file /home/airflow/.local/lib/python3.7/site-packages/airflow/example_dags/example_branch_operator_decorator.py for tasks to queue
[2022-12-30T00:33:17.517+0000] {logging_mixin.py:137} INFO - [2022-12-30T00:33:17.517+0000] {dagbag.py:538} INFO - Filling up the DagBag from /home/airflow/.local/lib/python3.7/site-packages/airflow/example_dags/example_branch_operator_decorator.py
[2022-12-30T00:33:17.535+0000] {processor.py:753} INFO - DAG(s) dict_keys(['example_branch_python_operator_decorator']) retrieved from /home/airflow/.local/lib/python3.7/site-packages/airflow/example_dags/example_branch_operator_decorator.py
[2022-12-30T00:33:17.565+0000] {logging_mixin.py:137} INFO - [2022-12-30T00:33:17.565+0000] {dag.py:2676} INFO - Sync 1 DAGs
[2022-12-30T00:33:17.585+0000] {logging_mixin.py:137} INFO - [2022-12-30T00:33:17.585+0000] {dag.py:3427} INFO - Setting next_dagrun for example_branch_python_operator_decorator to 2022-12-29T00:00:00+00:00, run_after=2022-12-30T00:00:00+00:00
[2022-12-30T00:33:17.597+0000] {processor.py:175} INFO - Processing /home/airflow/.local/lib/python3.7/site-packages/airflow/example_dags/example_branch_operator_decorator.py took 0.083 seconds
[2022-12-30T00:33:47.942+0000] {processor.py:153} INFO - Started process (PID=40730) to work on /home/airflow/.local/lib/python3.7/site-packages/airflow/example_dags/example_branch_operator_decorator.py
[2022-12-30T00:33:47.943+0000] {processor.py:743} INFO - Processing file /home/airflow/.local/lib/python3.7/site-packages/airflow/example_dags/example_branch_operator_decorator.py for tasks to queue
[2022-12-30T00:33:47.944+0000] {logging_mixin.py:137} INFO - [2022-12-30T00:33:47.944+0000] {dagbag.py:538} INFO - Filling up the DagBag from /home/airflow/.local/lib/python3.7/site-packages/airflow/example_dags/example_branch_operator_decorator.py
[2022-12-30T00:33:47.962+0000] {processor.py:753} INFO - DAG(s) dict_keys(['example_branch_python_operator_decorator']) retrieved from /home/airflow/.local/lib/python3.7/site-packages/airflow/example_dags/example_branch_operator_decorator.py
[2022-12-30T00:33:47.989+0000] {logging_mixin.py:137} INFO - [2022-12-30T00:33:47.989+0000] {dag.py:2676} INFO - Sync 1 DAGs
[2022-12-30T00:33:48.009+0000] {logging_mixin.py:137} INFO - [2022-12-30T00:33:48.009+0000] {dag.py:3427} INFO - Setting next_dagrun for example_branch_python_operator_decorator to 2022-12-29T00:00:00+00:00, run_after=2022-12-30T00:00:00+00:00
[2022-12-30T00:33:48.021+0000] {processor.py:175} INFO - Processing /home/airflow/.local/lib/python3.7/site-packages/airflow/example_dags/example_branch_operator_decorator.py took 0.082 seconds
