[2022-12-30T00:00:08.428+0000] {processor.py:153} INFO - Started process (PID=34530) to work on /home/airflow/.local/lib/python3.7/site-packages/airflow/example_dags/example_task_group_decorator.py
[2022-12-30T00:00:08.428+0000] {processor.py:743} INFO - Processing file /home/airflow/.local/lib/python3.7/site-packages/airflow/example_dags/example_task_group_decorator.py for tasks to queue
[2022-12-30T00:00:08.429+0000] {logging_mixin.py:137} INFO - [2022-12-30T00:00:08.429+0000] {dagbag.py:538} INFO - Filling up the DagBag from /home/airflow/.local/lib/python3.7/site-packages/airflow/example_dags/example_task_group_decorator.py
[2022-12-30T00:00:08.449+0000] {processor.py:753} INFO - DAG(s) dict_keys(['example_task_group_decorator']) retrieved from /home/airflow/.local/lib/python3.7/site-packages/airflow/example_dags/example_task_group_decorator.py
[2022-12-30T00:00:08.482+0000] {logging_mixin.py:137} INFO - [2022-12-30T00:00:08.482+0000] {dag.py:2676} INFO - Sync 1 DAGs
[2022-12-30T00:00:08.501+0000] {logging_mixin.py:137} INFO - [2022-12-30T00:00:08.500+0000] {dag.py:3427} INFO - Setting next_dagrun for example_task_group_decorator to 2022-12-29T00:00:08.500503+00:00, run_after=2022-12-30T00:00:08.500503+00:00
[2022-12-30T00:00:08.516+0000] {processor.py:175} INFO - Processing /home/airflow/.local/lib/python3.7/site-packages/airflow/example_dags/example_task_group_decorator.py took 0.092 seconds
[2022-12-30T00:00:39.159+0000] {processor.py:153} INFO - Started process (PID=34633) to work on /home/airflow/.local/lib/python3.7/site-packages/airflow/example_dags/example_task_group_decorator.py
[2022-12-30T00:00:39.159+0000] {processor.py:743} INFO - Processing file /home/airflow/.local/lib/python3.7/site-packages/airflow/example_dags/example_task_group_decorator.py for tasks to queue
[2022-12-30T00:00:39.160+0000] {logging_mixin.py:137} INFO - [2022-12-30T00:00:39.160+0000] {dagbag.py:538} INFO - Filling up the DagBag from /home/airflow/.local/lib/python3.7/site-packages/airflow/example_dags/example_task_group_decorator.py
[2022-12-30T00:00:39.182+0000] {processor.py:753} INFO - DAG(s) dict_keys(['example_task_group_decorator']) retrieved from /home/airflow/.local/lib/python3.7/site-packages/airflow/example_dags/example_task_group_decorator.py
[2022-12-30T00:00:39.210+0000] {logging_mixin.py:137} INFO - [2022-12-30T00:00:39.210+0000] {dag.py:2676} INFO - Sync 1 DAGs
[2022-12-30T00:00:39.229+0000] {logging_mixin.py:137} INFO - [2022-12-30T00:00:39.229+0000] {dag.py:3427} INFO - Setting next_dagrun for example_task_group_decorator to 2022-12-29T00:00:39.229142+00:00, run_after=2022-12-30T00:00:39.229142+00:00
[2022-12-30T00:00:39.242+0000] {processor.py:175} INFO - Processing /home/airflow/.local/lib/python3.7/site-packages/airflow/example_dags/example_task_group_decorator.py took 0.087 seconds
[2022-12-30T00:01:09.751+0000] {processor.py:153} INFO - Started process (PID=34722) to work on /home/airflow/.local/lib/python3.7/site-packages/airflow/example_dags/example_task_group_decorator.py
[2022-12-30T00:01:09.752+0000] {processor.py:743} INFO - Processing file /home/airflow/.local/lib/python3.7/site-packages/airflow/example_dags/example_task_group_decorator.py for tasks to queue
[2022-12-30T00:01:09.752+0000] {logging_mixin.py:137} INFO - [2022-12-30T00:01:09.752+0000] {dagbag.py:538} INFO - Filling up the DagBag from /home/airflow/.local/lib/python3.7/site-packages/airflow/example_dags/example_task_group_decorator.py
[2022-12-30T00:01:09.775+0000] {processor.py:753} INFO - DAG(s) dict_keys(['example_task_group_decorator']) retrieved from /home/airflow/.local/lib/python3.7/site-packages/airflow/example_dags/example_task_group_decorator.py
[2022-12-30T00:01:09.806+0000] {logging_mixin.py:137} INFO - [2022-12-30T00:01:09.806+0000] {dag.py:2676} INFO - Sync 1 DAGs
[2022-12-30T00:01:09.825+0000] {logging_mixin.py:137} INFO - [2022-12-30T00:01:09.824+0000] {dag.py:3427} INFO - Setting next_dagrun for example_task_group_decorator to 2022-12-29T00:01:09.824698+00:00, run_after=2022-12-30T00:01:09.824698+00:00
[2022-12-30T00:01:09.838+0000] {processor.py:175} INFO - Processing /home/airflow/.local/lib/python3.7/site-packages/airflow/example_dags/example_task_group_decorator.py took 0.089 seconds
[2022-12-30T00:01:40.219+0000] {processor.py:153} INFO - Started process (PID=34817) to work on /home/airflow/.local/lib/python3.7/site-packages/airflow/example_dags/example_task_group_decorator.py
[2022-12-30T00:01:40.220+0000] {processor.py:743} INFO - Processing file /home/airflow/.local/lib/python3.7/site-packages/airflow/example_dags/example_task_group_decorator.py for tasks to queue
[2022-12-30T00:01:40.220+0000] {logging_mixin.py:137} INFO - [2022-12-30T00:01:40.220+0000] {dagbag.py:538} INFO - Filling up the DagBag from /home/airflow/.local/lib/python3.7/site-packages/airflow/example_dags/example_task_group_decorator.py
[2022-12-30T00:01:40.240+0000] {processor.py:753} INFO - DAG(s) dict_keys(['example_task_group_decorator']) retrieved from /home/airflow/.local/lib/python3.7/site-packages/airflow/example_dags/example_task_group_decorator.py
[2022-12-30T00:01:40.267+0000] {logging_mixin.py:137} INFO - [2022-12-30T00:01:40.267+0000] {dag.py:2676} INFO - Sync 1 DAGs
[2022-12-30T00:01:40.285+0000] {logging_mixin.py:137} INFO - [2022-12-30T00:01:40.285+0000] {dag.py:3427} INFO - Setting next_dagrun for example_task_group_decorator to 2022-12-29T00:01:40.285568+00:00, run_after=2022-12-30T00:01:40.285568+00:00
[2022-12-30T00:01:40.297+0000] {processor.py:175} INFO - Processing /home/airflow/.local/lib/python3.7/site-packages/airflow/example_dags/example_task_group_decorator.py took 0.082 seconds
[2022-12-30T00:02:10.826+0000] {processor.py:153} INFO - Started process (PID=34919) to work on /home/airflow/.local/lib/python3.7/site-packages/airflow/example_dags/example_task_group_decorator.py
[2022-12-30T00:02:10.826+0000] {processor.py:743} INFO - Processing file /home/airflow/.local/lib/python3.7/site-packages/airflow/example_dags/example_task_group_decorator.py for tasks to queue
[2022-12-30T00:02:10.827+0000] {logging_mixin.py:137} INFO - [2022-12-30T00:02:10.827+0000] {dagbag.py:538} INFO - Filling up the DagBag from /home/airflow/.local/lib/python3.7/site-packages/airflow/example_dags/example_task_group_decorator.py
[2022-12-30T00:02:10.848+0000] {processor.py:753} INFO - DAG(s) dict_keys(['example_task_group_decorator']) retrieved from /home/airflow/.local/lib/python3.7/site-packages/airflow/example_dags/example_task_group_decorator.py
[2022-12-30T00:02:10.877+0000] {logging_mixin.py:137} INFO - [2022-12-30T00:02:10.877+0000] {dag.py:2676} INFO - Sync 1 DAGs
[2022-12-30T00:02:10.901+0000] {logging_mixin.py:137} INFO - [2022-12-30T00:02:10.901+0000] {dag.py:3427} INFO - Setting next_dagrun for example_task_group_decorator to 2022-12-29T00:02:10.900894+00:00, run_after=2022-12-30T00:02:10.900894+00:00
[2022-12-30T00:02:10.916+0000] {processor.py:175} INFO - Processing /home/airflow/.local/lib/python3.7/site-packages/airflow/example_dags/example_task_group_decorator.py took 0.093 seconds
[2022-12-30T00:02:41.321+0000] {processor.py:153} INFO - Started process (PID=35001) to work on /home/airflow/.local/lib/python3.7/site-packages/airflow/example_dags/example_task_group_decorator.py
[2022-12-30T00:02:41.321+0000] {processor.py:743} INFO - Processing file /home/airflow/.local/lib/python3.7/site-packages/airflow/example_dags/example_task_group_decorator.py for tasks to queue
[2022-12-30T00:02:41.322+0000] {logging_mixin.py:137} INFO - [2022-12-30T00:02:41.322+0000] {dagbag.py:538} INFO - Filling up the DagBag from /home/airflow/.local/lib/python3.7/site-packages/airflow/example_dags/example_task_group_decorator.py
[2022-12-30T00:02:41.340+0000] {processor.py:753} INFO - DAG(s) dict_keys(['example_task_group_decorator']) retrieved from /home/airflow/.local/lib/python3.7/site-packages/airflow/example_dags/example_task_group_decorator.py
[2022-12-30T00:02:41.369+0000] {logging_mixin.py:137} INFO - [2022-12-30T00:02:41.369+0000] {dag.py:2676} INFO - Sync 1 DAGs
[2022-12-30T00:02:41.386+0000] {logging_mixin.py:137} INFO - [2022-12-30T00:02:41.386+0000] {dag.py:3427} INFO - Setting next_dagrun for example_task_group_decorator to 2022-12-29T00:02:41.386579+00:00, run_after=2022-12-30T00:02:41.386579+00:00
[2022-12-30T00:02:41.399+0000] {processor.py:175} INFO - Processing /home/airflow/.local/lib/python3.7/site-packages/airflow/example_dags/example_task_group_decorator.py took 0.080 seconds
[2022-12-30T00:03:11.788+0000] {processor.py:153} INFO - Started process (PID=35103) to work on /home/airflow/.local/lib/python3.7/site-packages/airflow/example_dags/example_task_group_decorator.py
[2022-12-30T00:03:11.789+0000] {processor.py:743} INFO - Processing file /home/airflow/.local/lib/python3.7/site-packages/airflow/example_dags/example_task_group_decorator.py for tasks to queue
[2022-12-30T00:03:11.789+0000] {logging_mixin.py:137} INFO - [2022-12-30T00:03:11.789+0000] {dagbag.py:538} INFO - Filling up the DagBag from /home/airflow/.local/lib/python3.7/site-packages/airflow/example_dags/example_task_group_decorator.py
[2022-12-30T00:03:11.809+0000] {processor.py:753} INFO - DAG(s) dict_keys(['example_task_group_decorator']) retrieved from /home/airflow/.local/lib/python3.7/site-packages/airflow/example_dags/example_task_group_decorator.py
[2022-12-30T00:03:11.836+0000] {logging_mixin.py:137} INFO - [2022-12-30T00:03:11.836+0000] {dag.py:2676} INFO - Sync 1 DAGs
[2022-12-30T00:03:11.859+0000] {logging_mixin.py:137} INFO - [2022-12-30T00:03:11.859+0000] {dag.py:3427} INFO - Setting next_dagrun for example_task_group_decorator to 2022-12-29T00:03:11.858862+00:00, run_after=2022-12-30T00:03:11.858862+00:00
[2022-12-30T00:03:11.870+0000] {processor.py:175} INFO - Processing /home/airflow/.local/lib/python3.7/site-packages/airflow/example_dags/example_task_group_decorator.py took 0.084 seconds
[2022-12-30T00:03:42.339+0000] {processor.py:153} INFO - Started process (PID=35185) to work on /home/airflow/.local/lib/python3.7/site-packages/airflow/example_dags/example_task_group_decorator.py
[2022-12-30T00:03:42.340+0000] {processor.py:743} INFO - Processing file /home/airflow/.local/lib/python3.7/site-packages/airflow/example_dags/example_task_group_decorator.py for tasks to queue
[2022-12-30T00:03:42.340+0000] {logging_mixin.py:137} INFO - [2022-12-30T00:03:42.340+0000] {dagbag.py:538} INFO - Filling up the DagBag from /home/airflow/.local/lib/python3.7/site-packages/airflow/example_dags/example_task_group_decorator.py
[2022-12-30T00:03:42.362+0000] {processor.py:753} INFO - DAG(s) dict_keys(['example_task_group_decorator']) retrieved from /home/airflow/.local/lib/python3.7/site-packages/airflow/example_dags/example_task_group_decorator.py
[2022-12-30T00:03:42.388+0000] {logging_mixin.py:137} INFO - [2022-12-30T00:03:42.388+0000] {dag.py:2676} INFO - Sync 1 DAGs
[2022-12-30T00:03:42.408+0000] {logging_mixin.py:137} INFO - [2022-12-30T00:03:42.408+0000] {dag.py:3427} INFO - Setting next_dagrun for example_task_group_decorator to 2022-12-29T00:03:42.407853+00:00, run_after=2022-12-30T00:03:42.407853+00:00
[2022-12-30T00:03:42.419+0000] {processor.py:175} INFO - Processing /home/airflow/.local/lib/python3.7/site-packages/airflow/example_dags/example_task_group_decorator.py took 0.083 seconds
[2022-12-30T00:04:13.195+0000] {processor.py:153} INFO - Started process (PID=35287) to work on /home/airflow/.local/lib/python3.7/site-packages/airflow/example_dags/example_task_group_decorator.py
[2022-12-30T00:04:13.196+0000] {processor.py:743} INFO - Processing file /home/airflow/.local/lib/python3.7/site-packages/airflow/example_dags/example_task_group_decorator.py for tasks to queue
[2022-12-30T00:04:13.196+0000] {logging_mixin.py:137} INFO - [2022-12-30T00:04:13.196+0000] {dagbag.py:538} INFO - Filling up the DagBag from /home/airflow/.local/lib/python3.7/site-packages/airflow/example_dags/example_task_group_decorator.py
[2022-12-30T00:04:13.216+0000] {processor.py:753} INFO - DAG(s) dict_keys(['example_task_group_decorator']) retrieved from /home/airflow/.local/lib/python3.7/site-packages/airflow/example_dags/example_task_group_decorator.py
[2022-12-30T00:04:13.245+0000] {logging_mixin.py:137} INFO - [2022-12-30T00:04:13.245+0000] {dag.py:2676} INFO - Sync 1 DAGs
[2022-12-30T00:04:13.264+0000] {logging_mixin.py:137} INFO - [2022-12-30T00:04:13.264+0000] {dag.py:3427} INFO - Setting next_dagrun for example_task_group_decorator to 2022-12-29T00:04:13.263968+00:00, run_after=2022-12-30T00:04:13.263968+00:00
[2022-12-30T00:04:13.275+0000] {processor.py:175} INFO - Processing /home/airflow/.local/lib/python3.7/site-packages/airflow/example_dags/example_task_group_decorator.py took 0.084 seconds
[2022-12-30T00:04:43.766+0000] {processor.py:153} INFO - Started process (PID=35378) to work on /home/airflow/.local/lib/python3.7/site-packages/airflow/example_dags/example_task_group_decorator.py
[2022-12-30T00:04:43.768+0000] {processor.py:743} INFO - Processing file /home/airflow/.local/lib/python3.7/site-packages/airflow/example_dags/example_task_group_decorator.py for tasks to queue
[2022-12-30T00:04:43.768+0000] {logging_mixin.py:137} INFO - [2022-12-30T00:04:43.768+0000] {dagbag.py:538} INFO - Filling up the DagBag from /home/airflow/.local/lib/python3.7/site-packages/airflow/example_dags/example_task_group_decorator.py
[2022-12-30T00:04:43.788+0000] {processor.py:753} INFO - DAG(s) dict_keys(['example_task_group_decorator']) retrieved from /home/airflow/.local/lib/python3.7/site-packages/airflow/example_dags/example_task_group_decorator.py
[2022-12-30T00:04:43.820+0000] {logging_mixin.py:137} INFO - [2022-12-30T00:04:43.820+0000] {dag.py:2676} INFO - Sync 1 DAGs
[2022-12-30T00:04:43.841+0000] {logging_mixin.py:137} INFO - [2022-12-30T00:04:43.840+0000] {dag.py:3427} INFO - Setting next_dagrun for example_task_group_decorator to 2022-12-29T00:04:43.840776+00:00, run_after=2022-12-30T00:04:43.840776+00:00
[2022-12-30T00:04:43.856+0000] {processor.py:175} INFO - Processing /home/airflow/.local/lib/python3.7/site-packages/airflow/example_dags/example_task_group_decorator.py took 0.092 seconds
[2022-12-30T00:05:14.381+0000] {processor.py:153} INFO - Started process (PID=35471) to work on /home/airflow/.local/lib/python3.7/site-packages/airflow/example_dags/example_task_group_decorator.py
[2022-12-30T00:05:14.382+0000] {processor.py:743} INFO - Processing file /home/airflow/.local/lib/python3.7/site-packages/airflow/example_dags/example_task_group_decorator.py for tasks to queue
[2022-12-30T00:05:14.382+0000] {logging_mixin.py:137} INFO - [2022-12-30T00:05:14.382+0000] {dagbag.py:538} INFO - Filling up the DagBag from /home/airflow/.local/lib/python3.7/site-packages/airflow/example_dags/example_task_group_decorator.py
[2022-12-30T00:05:14.401+0000] {processor.py:753} INFO - DAG(s) dict_keys(['example_task_group_decorator']) retrieved from /home/airflow/.local/lib/python3.7/site-packages/airflow/example_dags/example_task_group_decorator.py
[2022-12-30T00:05:14.428+0000] {logging_mixin.py:137} INFO - [2022-12-30T00:05:14.428+0000] {dag.py:2676} INFO - Sync 1 DAGs
[2022-12-30T00:05:14.450+0000] {logging_mixin.py:137} INFO - [2022-12-30T00:05:14.450+0000] {dag.py:3427} INFO - Setting next_dagrun for example_task_group_decorator to 2022-12-29T00:05:14.449911+00:00, run_after=2022-12-30T00:05:14.449911+00:00
[2022-12-30T00:05:14.461+0000] {processor.py:175} INFO - Processing /home/airflow/.local/lib/python3.7/site-packages/airflow/example_dags/example_task_group_decorator.py took 0.084 seconds
[2022-12-30T00:05:44.676+0000] {processor.py:153} INFO - Started process (PID=35573) to work on /home/airflow/.local/lib/python3.7/site-packages/airflow/example_dags/example_task_group_decorator.py
[2022-12-30T00:05:44.676+0000] {processor.py:743} INFO - Processing file /home/airflow/.local/lib/python3.7/site-packages/airflow/example_dags/example_task_group_decorator.py for tasks to queue
[2022-12-30T00:05:44.677+0000] {logging_mixin.py:137} INFO - [2022-12-30T00:05:44.677+0000] {dagbag.py:538} INFO - Filling up the DagBag from /home/airflow/.local/lib/python3.7/site-packages/airflow/example_dags/example_task_group_decorator.py
[2022-12-30T00:05:44.698+0000] {processor.py:753} INFO - DAG(s) dict_keys(['example_task_group_decorator']) retrieved from /home/airflow/.local/lib/python3.7/site-packages/airflow/example_dags/example_task_group_decorator.py
[2022-12-30T00:05:44.725+0000] {logging_mixin.py:137} INFO - [2022-12-30T00:05:44.725+0000] {dag.py:2676} INFO - Sync 1 DAGs
[2022-12-30T00:05:44.743+0000] {logging_mixin.py:137} INFO - [2022-12-30T00:05:44.743+0000] {dag.py:3427} INFO - Setting next_dagrun for example_task_group_decorator to 2022-12-29T00:05:44.743680+00:00, run_after=2022-12-30T00:05:44.743680+00:00
[2022-12-30T00:05:44.755+0000] {processor.py:175} INFO - Processing /home/airflow/.local/lib/python3.7/site-packages/airflow/example_dags/example_task_group_decorator.py took 0.081 seconds
[2022-12-30T00:06:15.142+0000] {processor.py:153} INFO - Started process (PID=35655) to work on /home/airflow/.local/lib/python3.7/site-packages/airflow/example_dags/example_task_group_decorator.py
[2022-12-30T00:06:15.143+0000] {processor.py:743} INFO - Processing file /home/airflow/.local/lib/python3.7/site-packages/airflow/example_dags/example_task_group_decorator.py for tasks to queue
[2022-12-30T00:06:15.143+0000] {logging_mixin.py:137} INFO - [2022-12-30T00:06:15.143+0000] {dagbag.py:538} INFO - Filling up the DagBag from /home/airflow/.local/lib/python3.7/site-packages/airflow/example_dags/example_task_group_decorator.py
[2022-12-30T00:06:15.162+0000] {processor.py:753} INFO - DAG(s) dict_keys(['example_task_group_decorator']) retrieved from /home/airflow/.local/lib/python3.7/site-packages/airflow/example_dags/example_task_group_decorator.py
[2022-12-30T00:06:15.193+0000] {logging_mixin.py:137} INFO - [2022-12-30T00:06:15.193+0000] {dag.py:2676} INFO - Sync 1 DAGs
[2022-12-30T00:06:15.211+0000] {logging_mixin.py:137} INFO - [2022-12-30T00:06:15.211+0000] {dag.py:3427} INFO - Setting next_dagrun for example_task_group_decorator to 2022-12-29T00:06:15.210879+00:00, run_after=2022-12-30T00:06:15.210879+00:00
[2022-12-30T00:06:15.222+0000] {processor.py:175} INFO - Processing /home/airflow/.local/lib/python3.7/site-packages/airflow/example_dags/example_task_group_decorator.py took 0.081 seconds
[2022-12-30T00:06:46.389+0000] {processor.py:153} INFO - Started process (PID=35757) to work on /home/airflow/.local/lib/python3.7/site-packages/airflow/example_dags/example_task_group_decorator.py
[2022-12-30T00:06:46.389+0000] {processor.py:743} INFO - Processing file /home/airflow/.local/lib/python3.7/site-packages/airflow/example_dags/example_task_group_decorator.py for tasks to queue
[2022-12-30T00:06:46.390+0000] {logging_mixin.py:137} INFO - [2022-12-30T00:06:46.390+0000] {dagbag.py:538} INFO - Filling up the DagBag from /home/airflow/.local/lib/python3.7/site-packages/airflow/example_dags/example_task_group_decorator.py
[2022-12-30T00:06:46.412+0000] {processor.py:753} INFO - DAG(s) dict_keys(['example_task_group_decorator']) retrieved from /home/airflow/.local/lib/python3.7/site-packages/airflow/example_dags/example_task_group_decorator.py
[2022-12-30T00:06:46.478+0000] {logging_mixin.py:137} INFO - [2022-12-30T00:06:46.478+0000] {dag.py:2676} INFO - Sync 1 DAGs
[2022-12-30T00:06:46.497+0000] {logging_mixin.py:137} INFO - [2022-12-30T00:06:46.497+0000] {dag.py:3427} INFO - Setting next_dagrun for example_task_group_decorator to 2022-12-29T00:06:46.497639+00:00, run_after=2022-12-30T00:06:46.497639+00:00
[2022-12-30T00:06:46.509+0000] {processor.py:175} INFO - Processing /home/airflow/.local/lib/python3.7/site-packages/airflow/example_dags/example_task_group_decorator.py took 0.122 seconds
[2022-12-30T00:07:18.196+0000] {processor.py:153} INFO - Started process (PID=35859) to work on /home/airflow/.local/lib/python3.7/site-packages/airflow/example_dags/example_task_group_decorator.py
[2022-12-30T00:07:18.199+0000] {processor.py:743} INFO - Processing file /home/airflow/.local/lib/python3.7/site-packages/airflow/example_dags/example_task_group_decorator.py for tasks to queue
[2022-12-30T00:07:18.200+0000] {logging_mixin.py:137} INFO - [2022-12-30T00:07:18.200+0000] {dagbag.py:538} INFO - Filling up the DagBag from /home/airflow/.local/lib/python3.7/site-packages/airflow/example_dags/example_task_group_decorator.py
[2022-12-30T00:07:18.221+0000] {processor.py:753} INFO - DAG(s) dict_keys(['example_task_group_decorator']) retrieved from /home/airflow/.local/lib/python3.7/site-packages/airflow/example_dags/example_task_group_decorator.py
[2022-12-30T00:07:18.256+0000] {logging_mixin.py:137} INFO - [2022-12-30T00:07:18.256+0000] {dag.py:2676} INFO - Sync 1 DAGs
[2022-12-30T00:07:18.283+0000] {logging_mixin.py:137} INFO - [2022-12-30T00:07:18.283+0000] {dag.py:3427} INFO - Setting next_dagrun for example_task_group_decorator to 2022-12-29T00:07:18.283247+00:00, run_after=2022-12-30T00:07:18.283247+00:00
[2022-12-30T00:07:18.423+0000] {processor.py:175} INFO - Processing /home/airflow/.local/lib/python3.7/site-packages/airflow/example_dags/example_task_group_decorator.py took 0.230 seconds
[2022-12-30T00:07:49.150+0000] {processor.py:153} INFO - Started process (PID=35941) to work on /home/airflow/.local/lib/python3.7/site-packages/airflow/example_dags/example_task_group_decorator.py
[2022-12-30T00:07:49.151+0000] {processor.py:743} INFO - Processing file /home/airflow/.local/lib/python3.7/site-packages/airflow/example_dags/example_task_group_decorator.py for tasks to queue
[2022-12-30T00:07:49.151+0000] {logging_mixin.py:137} INFO - [2022-12-30T00:07:49.151+0000] {dagbag.py:538} INFO - Filling up the DagBag from /home/airflow/.local/lib/python3.7/site-packages/airflow/example_dags/example_task_group_decorator.py
[2022-12-30T00:07:49.171+0000] {processor.py:753} INFO - DAG(s) dict_keys(['example_task_group_decorator']) retrieved from /home/airflow/.local/lib/python3.7/site-packages/airflow/example_dags/example_task_group_decorator.py
[2022-12-30T00:07:49.203+0000] {logging_mixin.py:137} INFO - [2022-12-30T00:07:49.203+0000] {dag.py:2676} INFO - Sync 1 DAGs
[2022-12-30T00:07:49.221+0000] {logging_mixin.py:137} INFO - [2022-12-30T00:07:49.221+0000] {dag.py:3427} INFO - Setting next_dagrun for example_task_group_decorator to 2022-12-29T00:07:49.221628+00:00, run_after=2022-12-30T00:07:49.221628+00:00
[2022-12-30T00:07:49.238+0000] {processor.py:175} INFO - Processing /home/airflow/.local/lib/python3.7/site-packages/airflow/example_dags/example_task_group_decorator.py took 0.089 seconds
[2022-12-30T00:08:19.833+0000] {processor.py:153} INFO - Started process (PID=36043) to work on /home/airflow/.local/lib/python3.7/site-packages/airflow/example_dags/example_task_group_decorator.py
[2022-12-30T00:08:19.834+0000] {processor.py:743} INFO - Processing file /home/airflow/.local/lib/python3.7/site-packages/airflow/example_dags/example_task_group_decorator.py for tasks to queue
[2022-12-30T00:08:19.834+0000] {logging_mixin.py:137} INFO - [2022-12-30T00:08:19.834+0000] {dagbag.py:538} INFO - Filling up the DagBag from /home/airflow/.local/lib/python3.7/site-packages/airflow/example_dags/example_task_group_decorator.py
[2022-12-30T00:08:19.855+0000] {processor.py:753} INFO - DAG(s) dict_keys(['example_task_group_decorator']) retrieved from /home/airflow/.local/lib/python3.7/site-packages/airflow/example_dags/example_task_group_decorator.py
[2022-12-30T00:08:19.887+0000] {logging_mixin.py:137} INFO - [2022-12-30T00:08:19.887+0000] {dag.py:2676} INFO - Sync 1 DAGs
[2022-12-30T00:08:19.905+0000] {logging_mixin.py:137} INFO - [2022-12-30T00:08:19.905+0000] {dag.py:3427} INFO - Setting next_dagrun for example_task_group_decorator to 2022-12-29T00:08:19.905022+00:00, run_after=2022-12-30T00:08:19.905022+00:00
[2022-12-30T00:08:19.919+0000] {processor.py:175} INFO - Processing /home/airflow/.local/lib/python3.7/site-packages/airflow/example_dags/example_task_group_decorator.py took 0.089 seconds
[2022-12-30T00:08:50.262+0000] {processor.py:153} INFO - Started process (PID=36125) to work on /home/airflow/.local/lib/python3.7/site-packages/airflow/example_dags/example_task_group_decorator.py
[2022-12-30T00:08:50.263+0000] {processor.py:743} INFO - Processing file /home/airflow/.local/lib/python3.7/site-packages/airflow/example_dags/example_task_group_decorator.py for tasks to queue
[2022-12-30T00:08:50.264+0000] {logging_mixin.py:137} INFO - [2022-12-30T00:08:50.263+0000] {dagbag.py:538} INFO - Filling up the DagBag from /home/airflow/.local/lib/python3.7/site-packages/airflow/example_dags/example_task_group_decorator.py
[2022-12-30T00:08:50.283+0000] {processor.py:753} INFO - DAG(s) dict_keys(['example_task_group_decorator']) retrieved from /home/airflow/.local/lib/python3.7/site-packages/airflow/example_dags/example_task_group_decorator.py
[2022-12-30T00:08:50.313+0000] {logging_mixin.py:137} INFO - [2022-12-30T00:08:50.313+0000] {dag.py:2676} INFO - Sync 1 DAGs
[2022-12-30T00:08:50.332+0000] {logging_mixin.py:137} INFO - [2022-12-30T00:08:50.332+0000] {dag.py:3427} INFO - Setting next_dagrun for example_task_group_decorator to 2022-12-29T00:08:50.332324+00:00, run_after=2022-12-30T00:08:50.332324+00:00
[2022-12-30T00:08:50.345+0000] {processor.py:175} INFO - Processing /home/airflow/.local/lib/python3.7/site-packages/airflow/example_dags/example_task_group_decorator.py took 0.086 seconds
[2022-12-30T00:09:20.848+0000] {processor.py:153} INFO - Started process (PID=36227) to work on /home/airflow/.local/lib/python3.7/site-packages/airflow/example_dags/example_task_group_decorator.py
[2022-12-30T00:09:20.849+0000] {processor.py:743} INFO - Processing file /home/airflow/.local/lib/python3.7/site-packages/airflow/example_dags/example_task_group_decorator.py for tasks to queue
[2022-12-30T00:09:20.849+0000] {logging_mixin.py:137} INFO - [2022-12-30T00:09:20.849+0000] {dagbag.py:538} INFO - Filling up the DagBag from /home/airflow/.local/lib/python3.7/site-packages/airflow/example_dags/example_task_group_decorator.py
[2022-12-30T00:09:20.868+0000] {processor.py:753} INFO - DAG(s) dict_keys(['example_task_group_decorator']) retrieved from /home/airflow/.local/lib/python3.7/site-packages/airflow/example_dags/example_task_group_decorator.py
[2022-12-30T00:09:20.895+0000] {logging_mixin.py:137} INFO - [2022-12-30T00:09:20.895+0000] {dag.py:2676} INFO - Sync 1 DAGs
[2022-12-30T00:09:20.913+0000] {logging_mixin.py:137} INFO - [2022-12-30T00:09:20.913+0000] {dag.py:3427} INFO - Setting next_dagrun for example_task_group_decorator to 2022-12-29T00:09:20.913218+00:00, run_after=2022-12-30T00:09:20.913218+00:00
[2022-12-30T00:09:20.926+0000] {processor.py:175} INFO - Processing /home/airflow/.local/lib/python3.7/site-packages/airflow/example_dags/example_task_group_decorator.py took 0.080 seconds
[2022-12-30T00:09:51.594+0000] {processor.py:153} INFO - Started process (PID=36329) to work on /home/airflow/.local/lib/python3.7/site-packages/airflow/example_dags/example_task_group_decorator.py
[2022-12-30T00:09:51.595+0000] {processor.py:743} INFO - Processing file /home/airflow/.local/lib/python3.7/site-packages/airflow/example_dags/example_task_group_decorator.py for tasks to queue
[2022-12-30T00:09:51.595+0000] {logging_mixin.py:137} INFO - [2022-12-30T00:09:51.595+0000] {dagbag.py:538} INFO - Filling up the DagBag from /home/airflow/.local/lib/python3.7/site-packages/airflow/example_dags/example_task_group_decorator.py
[2022-12-30T00:09:51.615+0000] {processor.py:753} INFO - DAG(s) dict_keys(['example_task_group_decorator']) retrieved from /home/airflow/.local/lib/python3.7/site-packages/airflow/example_dags/example_task_group_decorator.py
[2022-12-30T00:09:51.650+0000] {logging_mixin.py:137} INFO - [2022-12-30T00:09:51.650+0000] {dag.py:2676} INFO - Sync 1 DAGs
[2022-12-30T00:09:51.676+0000] {logging_mixin.py:137} INFO - [2022-12-30T00:09:51.676+0000] {dag.py:3427} INFO - Setting next_dagrun for example_task_group_decorator to 2022-12-29T00:09:51.676441+00:00, run_after=2022-12-30T00:09:51.676441+00:00
[2022-12-30T00:09:51.693+0000] {processor.py:175} INFO - Processing /home/airflow/.local/lib/python3.7/site-packages/airflow/example_dags/example_task_group_decorator.py took 0.102 seconds
[2022-12-30T00:10:22.176+0000] {processor.py:153} INFO - Started process (PID=36411) to work on /home/airflow/.local/lib/python3.7/site-packages/airflow/example_dags/example_task_group_decorator.py
[2022-12-30T00:10:22.176+0000] {processor.py:743} INFO - Processing file /home/airflow/.local/lib/python3.7/site-packages/airflow/example_dags/example_task_group_decorator.py for tasks to queue
[2022-12-30T00:10:22.177+0000] {logging_mixin.py:137} INFO - [2022-12-30T00:10:22.177+0000] {dagbag.py:538} INFO - Filling up the DagBag from /home/airflow/.local/lib/python3.7/site-packages/airflow/example_dags/example_task_group_decorator.py
[2022-12-30T00:10:22.195+0000] {processor.py:753} INFO - DAG(s) dict_keys(['example_task_group_decorator']) retrieved from /home/airflow/.local/lib/python3.7/site-packages/airflow/example_dags/example_task_group_decorator.py
[2022-12-30T00:10:22.230+0000] {logging_mixin.py:137} INFO - [2022-12-30T00:10:22.230+0000] {dag.py:2676} INFO - Sync 1 DAGs
[2022-12-30T00:10:22.253+0000] {logging_mixin.py:137} INFO - [2022-12-30T00:10:22.253+0000] {dag.py:3427} INFO - Setting next_dagrun for example_task_group_decorator to 2022-12-29T00:10:22.253531+00:00, run_after=2022-12-30T00:10:22.253531+00:00
[2022-12-30T00:10:22.266+0000] {processor.py:175} INFO - Processing /home/airflow/.local/lib/python3.7/site-packages/airflow/example_dags/example_task_group_decorator.py took 0.094 seconds
[2022-12-30T00:10:52.746+0000] {processor.py:153} INFO - Started process (PID=36513) to work on /home/airflow/.local/lib/python3.7/site-packages/airflow/example_dags/example_task_group_decorator.py
[2022-12-30T00:10:52.746+0000] {processor.py:743} INFO - Processing file /home/airflow/.local/lib/python3.7/site-packages/airflow/example_dags/example_task_group_decorator.py for tasks to queue
[2022-12-30T00:10:52.747+0000] {logging_mixin.py:137} INFO - [2022-12-30T00:10:52.746+0000] {dagbag.py:538} INFO - Filling up the DagBag from /home/airflow/.local/lib/python3.7/site-packages/airflow/example_dags/example_task_group_decorator.py
[2022-12-30T00:10:52.766+0000] {processor.py:753} INFO - DAG(s) dict_keys(['example_task_group_decorator']) retrieved from /home/airflow/.local/lib/python3.7/site-packages/airflow/example_dags/example_task_group_decorator.py
[2022-12-30T00:10:52.793+0000] {logging_mixin.py:137} INFO - [2022-12-30T00:10:52.793+0000] {dag.py:2676} INFO - Sync 1 DAGs
[2022-12-30T00:10:52.811+0000] {logging_mixin.py:137} INFO - [2022-12-30T00:10:52.811+0000] {dag.py:3427} INFO - Setting next_dagrun for example_task_group_decorator to 2022-12-29T00:10:52.810990+00:00, run_after=2022-12-30T00:10:52.810990+00:00
[2022-12-30T00:10:52.823+0000] {processor.py:175} INFO - Processing /home/airflow/.local/lib/python3.7/site-packages/airflow/example_dags/example_task_group_decorator.py took 0.079 seconds
[2022-12-30T00:11:23.163+0000] {processor.py:153} INFO - Started process (PID=36595) to work on /home/airflow/.local/lib/python3.7/site-packages/airflow/example_dags/example_task_group_decorator.py
[2022-12-30T00:11:23.164+0000] {processor.py:743} INFO - Processing file /home/airflow/.local/lib/python3.7/site-packages/airflow/example_dags/example_task_group_decorator.py for tasks to queue
[2022-12-30T00:11:23.165+0000] {logging_mixin.py:137} INFO - [2022-12-30T00:11:23.164+0000] {dagbag.py:538} INFO - Filling up the DagBag from /home/airflow/.local/lib/python3.7/site-packages/airflow/example_dags/example_task_group_decorator.py
[2022-12-30T00:11:23.184+0000] {processor.py:753} INFO - DAG(s) dict_keys(['example_task_group_decorator']) retrieved from /home/airflow/.local/lib/python3.7/site-packages/airflow/example_dags/example_task_group_decorator.py
[2022-12-30T00:11:23.217+0000] {logging_mixin.py:137} INFO - [2022-12-30T00:11:23.217+0000] {dag.py:2676} INFO - Sync 1 DAGs
[2022-12-30T00:11:23.243+0000] {logging_mixin.py:137} INFO - [2022-12-30T00:11:23.242+0000] {dag.py:3427} INFO - Setting next_dagrun for example_task_group_decorator to 2022-12-29T00:11:23.242753+00:00, run_after=2022-12-30T00:11:23.242753+00:00
[2022-12-30T00:11:23.256+0000] {processor.py:175} INFO - Processing /home/airflow/.local/lib/python3.7/site-packages/airflow/example_dags/example_task_group_decorator.py took 0.096 seconds
[2022-12-30T00:11:53.618+0000] {processor.py:153} INFO - Started process (PID=36697) to work on /home/airflow/.local/lib/python3.7/site-packages/airflow/example_dags/example_task_group_decorator.py
[2022-12-30T00:11:53.619+0000] {processor.py:743} INFO - Processing file /home/airflow/.local/lib/python3.7/site-packages/airflow/example_dags/example_task_group_decorator.py for tasks to queue
[2022-12-30T00:11:53.620+0000] {logging_mixin.py:137} INFO - [2022-12-30T00:11:53.620+0000] {dagbag.py:538} INFO - Filling up the DagBag from /home/airflow/.local/lib/python3.7/site-packages/airflow/example_dags/example_task_group_decorator.py
[2022-12-30T00:11:53.640+0000] {processor.py:753} INFO - DAG(s) dict_keys(['example_task_group_decorator']) retrieved from /home/airflow/.local/lib/python3.7/site-packages/airflow/example_dags/example_task_group_decorator.py
[2022-12-30T00:11:53.667+0000] {logging_mixin.py:137} INFO - [2022-12-30T00:11:53.667+0000] {dag.py:2676} INFO - Sync 1 DAGs
[2022-12-30T00:11:53.685+0000] {logging_mixin.py:137} INFO - [2022-12-30T00:11:53.685+0000] {dag.py:3427} INFO - Setting next_dagrun for example_task_group_decorator to 2022-12-29T00:11:53.685385+00:00, run_after=2022-12-30T00:11:53.685385+00:00
[2022-12-30T00:11:53.697+0000] {processor.py:175} INFO - Processing /home/airflow/.local/lib/python3.7/site-packages/airflow/example_dags/example_task_group_decorator.py took 0.081 seconds
[2022-12-30T00:12:23.967+0000] {processor.py:153} INFO - Started process (PID=36788) to work on /home/airflow/.local/lib/python3.7/site-packages/airflow/example_dags/example_task_group_decorator.py
[2022-12-30T00:12:23.968+0000] {processor.py:743} INFO - Processing file /home/airflow/.local/lib/python3.7/site-packages/airflow/example_dags/example_task_group_decorator.py for tasks to queue
[2022-12-30T00:12:23.968+0000] {logging_mixin.py:137} INFO - [2022-12-30T00:12:23.968+0000] {dagbag.py:538} INFO - Filling up the DagBag from /home/airflow/.local/lib/python3.7/site-packages/airflow/example_dags/example_task_group_decorator.py
[2022-12-30T00:12:23.991+0000] {processor.py:753} INFO - DAG(s) dict_keys(['example_task_group_decorator']) retrieved from /home/airflow/.local/lib/python3.7/site-packages/airflow/example_dags/example_task_group_decorator.py
[2022-12-30T00:12:24.022+0000] {logging_mixin.py:137} INFO - [2022-12-30T00:12:24.022+0000] {dag.py:2676} INFO - Sync 1 DAGs
[2022-12-30T00:12:24.041+0000] {logging_mixin.py:137} INFO - [2022-12-30T00:12:24.041+0000] {dag.py:3427} INFO - Setting next_dagrun for example_task_group_decorator to 2022-12-29T00:12:24.041553+00:00, run_after=2022-12-30T00:12:24.041553+00:00
[2022-12-30T00:12:24.053+0000] {processor.py:175} INFO - Processing /home/airflow/.local/lib/python3.7/site-packages/airflow/example_dags/example_task_group_decorator.py took 0.088 seconds
[2022-12-30T00:12:54.536+0000] {processor.py:153} INFO - Started process (PID=36881) to work on /home/airflow/.local/lib/python3.7/site-packages/airflow/example_dags/example_task_group_decorator.py
[2022-12-30T00:12:54.537+0000] {processor.py:743} INFO - Processing file /home/airflow/.local/lib/python3.7/site-packages/airflow/example_dags/example_task_group_decorator.py for tasks to queue
[2022-12-30T00:12:54.537+0000] {logging_mixin.py:137} INFO - [2022-12-30T00:12:54.537+0000] {dagbag.py:538} INFO - Filling up the DagBag from /home/airflow/.local/lib/python3.7/site-packages/airflow/example_dags/example_task_group_decorator.py
[2022-12-30T00:12:54.557+0000] {processor.py:753} INFO - DAG(s) dict_keys(['example_task_group_decorator']) retrieved from /home/airflow/.local/lib/python3.7/site-packages/airflow/example_dags/example_task_group_decorator.py
[2022-12-30T00:12:54.585+0000] {logging_mixin.py:137} INFO - [2022-12-30T00:12:54.585+0000] {dag.py:2676} INFO - Sync 1 DAGs
[2022-12-30T00:12:54.603+0000] {logging_mixin.py:137} INFO - [2022-12-30T00:12:54.603+0000] {dag.py:3427} INFO - Setting next_dagrun for example_task_group_decorator to 2022-12-29T00:12:54.603526+00:00, run_after=2022-12-30T00:12:54.603526+00:00
[2022-12-30T00:12:54.616+0000] {processor.py:175} INFO - Processing /home/airflow/.local/lib/python3.7/site-packages/airflow/example_dags/example_task_group_decorator.py took 0.084 seconds
[2022-12-30T00:13:24.942+0000] {processor.py:153} INFO - Started process (PID=36983) to work on /home/airflow/.local/lib/python3.7/site-packages/airflow/example_dags/example_task_group_decorator.py
[2022-12-30T00:13:24.943+0000] {processor.py:743} INFO - Processing file /home/airflow/.local/lib/python3.7/site-packages/airflow/example_dags/example_task_group_decorator.py for tasks to queue
[2022-12-30T00:13:24.944+0000] {logging_mixin.py:137} INFO - [2022-12-30T00:13:24.944+0000] {dagbag.py:538} INFO - Filling up the DagBag from /home/airflow/.local/lib/python3.7/site-packages/airflow/example_dags/example_task_group_decorator.py
[2022-12-30T00:13:24.971+0000] {processor.py:753} INFO - DAG(s) dict_keys(['example_task_group_decorator']) retrieved from /home/airflow/.local/lib/python3.7/site-packages/airflow/example_dags/example_task_group_decorator.py
[2022-12-30T00:13:25.011+0000] {logging_mixin.py:137} INFO - [2022-12-30T00:13:25.011+0000] {dag.py:2676} INFO - Sync 1 DAGs
[2022-12-30T00:13:25.034+0000] {logging_mixin.py:137} INFO - [2022-12-30T00:13:25.033+0000] {dag.py:3427} INFO - Setting next_dagrun for example_task_group_decorator to 2022-12-29T00:13:25.033735+00:00, run_after=2022-12-30T00:13:25.033735+00:00
[2022-12-30T00:13:25.047+0000] {processor.py:175} INFO - Processing /home/airflow/.local/lib/python3.7/site-packages/airflow/example_dags/example_task_group_decorator.py took 0.108 seconds
[2022-12-30T00:13:55.308+0000] {processor.py:153} INFO - Started process (PID=37065) to work on /home/airflow/.local/lib/python3.7/site-packages/airflow/example_dags/example_task_group_decorator.py
[2022-12-30T00:13:55.309+0000] {processor.py:743} INFO - Processing file /home/airflow/.local/lib/python3.7/site-packages/airflow/example_dags/example_task_group_decorator.py for tasks to queue
[2022-12-30T00:13:55.310+0000] {logging_mixin.py:137} INFO - [2022-12-30T00:13:55.310+0000] {dagbag.py:538} INFO - Filling up the DagBag from /home/airflow/.local/lib/python3.7/site-packages/airflow/example_dags/example_task_group_decorator.py
[2022-12-30T00:13:55.330+0000] {processor.py:753} INFO - DAG(s) dict_keys(['example_task_group_decorator']) retrieved from /home/airflow/.local/lib/python3.7/site-packages/airflow/example_dags/example_task_group_decorator.py
[2022-12-30T00:13:55.364+0000] {logging_mixin.py:137} INFO - [2022-12-30T00:13:55.364+0000] {dag.py:2676} INFO - Sync 1 DAGs
[2022-12-30T00:13:55.381+0000] {logging_mixin.py:137} INFO - [2022-12-30T00:13:55.381+0000] {dag.py:3427} INFO - Setting next_dagrun for example_task_group_decorator to 2022-12-29T00:13:55.381675+00:00, run_after=2022-12-30T00:13:55.381675+00:00
[2022-12-30T00:13:55.394+0000] {processor.py:175} INFO - Processing /home/airflow/.local/lib/python3.7/site-packages/airflow/example_dags/example_task_group_decorator.py took 0.088 seconds
[2022-12-30T00:14:25.819+0000] {processor.py:153} INFO - Started process (PID=37167) to work on /home/airflow/.local/lib/python3.7/site-packages/airflow/example_dags/example_task_group_decorator.py
[2022-12-30T00:14:25.820+0000] {processor.py:743} INFO - Processing file /home/airflow/.local/lib/python3.7/site-packages/airflow/example_dags/example_task_group_decorator.py for tasks to queue
[2022-12-30T00:14:25.820+0000] {logging_mixin.py:137} INFO - [2022-12-30T00:14:25.820+0000] {dagbag.py:538} INFO - Filling up the DagBag from /home/airflow/.local/lib/python3.7/site-packages/airflow/example_dags/example_task_group_decorator.py
[2022-12-30T00:14:25.843+0000] {processor.py:753} INFO - DAG(s) dict_keys(['example_task_group_decorator']) retrieved from /home/airflow/.local/lib/python3.7/site-packages/airflow/example_dags/example_task_group_decorator.py
[2022-12-30T00:14:25.879+0000] {logging_mixin.py:137} INFO - [2022-12-30T00:14:25.879+0000] {dag.py:2676} INFO - Sync 1 DAGs
[2022-12-30T00:14:25.903+0000] {logging_mixin.py:137} INFO - [2022-12-30T00:14:25.903+0000] {dag.py:3427} INFO - Setting next_dagrun for example_task_group_decorator to 2022-12-29T00:14:25.903088+00:00, run_after=2022-12-30T00:14:25.903088+00:00
[2022-12-30T00:14:25.916+0000] {processor.py:175} INFO - Processing /home/airflow/.local/lib/python3.7/site-packages/airflow/example_dags/example_task_group_decorator.py took 0.099 seconds
[2022-12-30T00:14:56.322+0000] {processor.py:153} INFO - Started process (PID=37249) to work on /home/airflow/.local/lib/python3.7/site-packages/airflow/example_dags/example_task_group_decorator.py
[2022-12-30T00:14:56.323+0000] {processor.py:743} INFO - Processing file /home/airflow/.local/lib/python3.7/site-packages/airflow/example_dags/example_task_group_decorator.py for tasks to queue
[2022-12-30T00:14:56.324+0000] {logging_mixin.py:137} INFO - [2022-12-30T00:14:56.323+0000] {dagbag.py:538} INFO - Filling up the DagBag from /home/airflow/.local/lib/python3.7/site-packages/airflow/example_dags/example_task_group_decorator.py
[2022-12-30T00:14:56.347+0000] {processor.py:753} INFO - DAG(s) dict_keys(['example_task_group_decorator']) retrieved from /home/airflow/.local/lib/python3.7/site-packages/airflow/example_dags/example_task_group_decorator.py
[2022-12-30T00:14:56.374+0000] {logging_mixin.py:137} INFO - [2022-12-30T00:14:56.374+0000] {dag.py:2676} INFO - Sync 1 DAGs
[2022-12-30T00:14:56.394+0000] {logging_mixin.py:137} INFO - [2022-12-30T00:14:56.393+0000] {dag.py:3427} INFO - Setting next_dagrun for example_task_group_decorator to 2022-12-29T00:14:56.393728+00:00, run_after=2022-12-30T00:14:56.393728+00:00
[2022-12-30T00:14:56.407+0000] {processor.py:175} INFO - Processing /home/airflow/.local/lib/python3.7/site-packages/airflow/example_dags/example_task_group_decorator.py took 0.087 seconds
[2022-12-30T00:15:26.725+0000] {processor.py:153} INFO - Started process (PID=37351) to work on /home/airflow/.local/lib/python3.7/site-packages/airflow/example_dags/example_task_group_decorator.py
[2022-12-30T00:15:26.726+0000] {processor.py:743} INFO - Processing file /home/airflow/.local/lib/python3.7/site-packages/airflow/example_dags/example_task_group_decorator.py for tasks to queue
[2022-12-30T00:15:26.726+0000] {logging_mixin.py:137} INFO - [2022-12-30T00:15:26.726+0000] {dagbag.py:538} INFO - Filling up the DagBag from /home/airflow/.local/lib/python3.7/site-packages/airflow/example_dags/example_task_group_decorator.py
[2022-12-30T00:15:26.754+0000] {processor.py:753} INFO - DAG(s) dict_keys(['example_task_group_decorator']) retrieved from /home/airflow/.local/lib/python3.7/site-packages/airflow/example_dags/example_task_group_decorator.py
[2022-12-30T00:15:26.793+0000] {logging_mixin.py:137} INFO - [2022-12-30T00:15:26.793+0000] {dag.py:2676} INFO - Sync 1 DAGs
[2022-12-30T00:15:26.812+0000] {logging_mixin.py:137} INFO - [2022-12-30T00:15:26.812+0000] {dag.py:3427} INFO - Setting next_dagrun for example_task_group_decorator to 2022-12-29T00:15:26.811735+00:00, run_after=2022-12-30T00:15:26.811735+00:00
[2022-12-30T00:15:26.829+0000] {processor.py:175} INFO - Processing /home/airflow/.local/lib/python3.7/site-packages/airflow/example_dags/example_task_group_decorator.py took 0.106 seconds
[2022-12-30T00:15:57.085+0000] {processor.py:153} INFO - Started process (PID=37442) to work on /home/airflow/.local/lib/python3.7/site-packages/airflow/example_dags/example_task_group_decorator.py
[2022-12-30T00:15:57.086+0000] {processor.py:743} INFO - Processing file /home/airflow/.local/lib/python3.7/site-packages/airflow/example_dags/example_task_group_decorator.py for tasks to queue
[2022-12-30T00:15:57.086+0000] {logging_mixin.py:137} INFO - [2022-12-30T00:15:57.086+0000] {dagbag.py:538} INFO - Filling up the DagBag from /home/airflow/.local/lib/python3.7/site-packages/airflow/example_dags/example_task_group_decorator.py
[2022-12-30T00:15:57.109+0000] {processor.py:753} INFO - DAG(s) dict_keys(['example_task_group_decorator']) retrieved from /home/airflow/.local/lib/python3.7/site-packages/airflow/example_dags/example_task_group_decorator.py
[2022-12-30T00:15:57.148+0000] {logging_mixin.py:137} INFO - [2022-12-30T00:15:57.148+0000] {dag.py:2676} INFO - Sync 1 DAGs
[2022-12-30T00:15:57.169+0000] {logging_mixin.py:137} INFO - [2022-12-30T00:15:57.169+0000] {dag.py:3427} INFO - Setting next_dagrun for example_task_group_decorator to 2022-12-29T00:15:57.169051+00:00, run_after=2022-12-30T00:15:57.169051+00:00
[2022-12-30T00:15:57.182+0000] {processor.py:175} INFO - Processing /home/airflow/.local/lib/python3.7/site-packages/airflow/example_dags/example_task_group_decorator.py took 0.099 seconds
[2022-12-30T00:16:27.993+0000] {processor.py:153} INFO - Started process (PID=37535) to work on /home/airflow/.local/lib/python3.7/site-packages/airflow/example_dags/example_task_group_decorator.py
[2022-12-30T00:16:27.993+0000] {processor.py:743} INFO - Processing file /home/airflow/.local/lib/python3.7/site-packages/airflow/example_dags/example_task_group_decorator.py for tasks to queue
[2022-12-30T00:16:27.994+0000] {logging_mixin.py:137} INFO - [2022-12-30T00:16:27.994+0000] {dagbag.py:538} INFO - Filling up the DagBag from /home/airflow/.local/lib/python3.7/site-packages/airflow/example_dags/example_task_group_decorator.py
[2022-12-30T00:16:28.015+0000] {processor.py:753} INFO - DAG(s) dict_keys(['example_task_group_decorator']) retrieved from /home/airflow/.local/lib/python3.7/site-packages/airflow/example_dags/example_task_group_decorator.py
[2022-12-30T00:16:28.049+0000] {logging_mixin.py:137} INFO - [2022-12-30T00:16:28.049+0000] {dag.py:2676} INFO - Sync 1 DAGs
[2022-12-30T00:16:28.076+0000] {logging_mixin.py:137} INFO - [2022-12-30T00:16:28.076+0000] {dag.py:3427} INFO - Setting next_dagrun for example_task_group_decorator to 2022-12-29T00:16:28.076448+00:00, run_after=2022-12-30T00:16:28.076448+00:00
[2022-12-30T00:16:28.088+0000] {processor.py:175} INFO - Processing /home/airflow/.local/lib/python3.7/site-packages/airflow/example_dags/example_task_group_decorator.py took 0.098 seconds
[2022-12-30T00:16:58.525+0000] {processor.py:153} INFO - Started process (PID=37637) to work on /home/airflow/.local/lib/python3.7/site-packages/airflow/example_dags/example_task_group_decorator.py
[2022-12-30T00:16:58.526+0000] {processor.py:743} INFO - Processing file /home/airflow/.local/lib/python3.7/site-packages/airflow/example_dags/example_task_group_decorator.py for tasks to queue
[2022-12-30T00:16:58.527+0000] {logging_mixin.py:137} INFO - [2022-12-30T00:16:58.527+0000] {dagbag.py:538} INFO - Filling up the DagBag from /home/airflow/.local/lib/python3.7/site-packages/airflow/example_dags/example_task_group_decorator.py
[2022-12-30T00:16:58.553+0000] {processor.py:753} INFO - DAG(s) dict_keys(['example_task_group_decorator']) retrieved from /home/airflow/.local/lib/python3.7/site-packages/airflow/example_dags/example_task_group_decorator.py
[2022-12-30T00:16:58.588+0000] {logging_mixin.py:137} INFO - [2022-12-30T00:16:58.587+0000] {dag.py:2676} INFO - Sync 1 DAGs
[2022-12-30T00:16:58.615+0000] {logging_mixin.py:137} INFO - [2022-12-30T00:16:58.615+0000] {dag.py:3427} INFO - Setting next_dagrun for example_task_group_decorator to 2022-12-29T00:16:58.615606+00:00, run_after=2022-12-30T00:16:58.615606+00:00
[2022-12-30T00:16:58.633+0000] {processor.py:175} INFO - Processing /home/airflow/.local/lib/python3.7/site-packages/airflow/example_dags/example_task_group_decorator.py took 0.110 seconds
[2022-12-30T00:17:29.097+0000] {processor.py:153} INFO - Started process (PID=37719) to work on /home/airflow/.local/lib/python3.7/site-packages/airflow/example_dags/example_task_group_decorator.py
[2022-12-30T00:17:29.097+0000] {processor.py:743} INFO - Processing file /home/airflow/.local/lib/python3.7/site-packages/airflow/example_dags/example_task_group_decorator.py for tasks to queue
[2022-12-30T00:17:29.098+0000] {logging_mixin.py:137} INFO - [2022-12-30T00:17:29.098+0000] {dagbag.py:538} INFO - Filling up the DagBag from /home/airflow/.local/lib/python3.7/site-packages/airflow/example_dags/example_task_group_decorator.py
[2022-12-30T00:17:29.119+0000] {processor.py:753} INFO - DAG(s) dict_keys(['example_task_group_decorator']) retrieved from /home/airflow/.local/lib/python3.7/site-packages/airflow/example_dags/example_task_group_decorator.py
[2022-12-30T00:17:29.148+0000] {logging_mixin.py:137} INFO - [2022-12-30T00:17:29.148+0000] {dag.py:2676} INFO - Sync 1 DAGs
[2022-12-30T00:17:29.167+0000] {logging_mixin.py:137} INFO - [2022-12-30T00:17:29.167+0000] {dag.py:3427} INFO - Setting next_dagrun for example_task_group_decorator to 2022-12-29T00:17:29.166984+00:00, run_after=2022-12-30T00:17:29.166984+00:00
[2022-12-30T00:17:29.183+0000] {processor.py:175} INFO - Processing /home/airflow/.local/lib/python3.7/site-packages/airflow/example_dags/example_task_group_decorator.py took 0.089 seconds
[2022-12-30T00:17:59.623+0000] {processor.py:153} INFO - Started process (PID=37822) to work on /home/airflow/.local/lib/python3.7/site-packages/airflow/example_dags/example_task_group_decorator.py
[2022-12-30T00:17:59.624+0000] {processor.py:743} INFO - Processing file /home/airflow/.local/lib/python3.7/site-packages/airflow/example_dags/example_task_group_decorator.py for tasks to queue
[2022-12-30T00:17:59.624+0000] {logging_mixin.py:137} INFO - [2022-12-30T00:17:59.624+0000] {dagbag.py:538} INFO - Filling up the DagBag from /home/airflow/.local/lib/python3.7/site-packages/airflow/example_dags/example_task_group_decorator.py
[2022-12-30T00:17:59.647+0000] {processor.py:753} INFO - DAG(s) dict_keys(['example_task_group_decorator']) retrieved from /home/airflow/.local/lib/python3.7/site-packages/airflow/example_dags/example_task_group_decorator.py
[2022-12-30T00:17:59.685+0000] {logging_mixin.py:137} INFO - [2022-12-30T00:17:59.684+0000] {dag.py:2676} INFO - Sync 1 DAGs
[2022-12-30T00:17:59.709+0000] {logging_mixin.py:137} INFO - [2022-12-30T00:17:59.709+0000] {dag.py:3427} INFO - Setting next_dagrun for example_task_group_decorator to 2022-12-29T00:17:59.709156+00:00, run_after=2022-12-30T00:17:59.709156+00:00
[2022-12-30T00:17:59.723+0000] {processor.py:175} INFO - Processing /home/airflow/.local/lib/python3.7/site-packages/airflow/example_dags/example_task_group_decorator.py took 0.103 seconds
[2022-12-30T00:18:30.062+0000] {processor.py:153} INFO - Started process (PID=37905) to work on /home/airflow/.local/lib/python3.7/site-packages/airflow/example_dags/example_task_group_decorator.py
[2022-12-30T00:18:30.062+0000] {processor.py:743} INFO - Processing file /home/airflow/.local/lib/python3.7/site-packages/airflow/example_dags/example_task_group_decorator.py for tasks to queue
[2022-12-30T00:18:30.063+0000] {logging_mixin.py:137} INFO - [2022-12-30T00:18:30.063+0000] {dagbag.py:538} INFO - Filling up the DagBag from /home/airflow/.local/lib/python3.7/site-packages/airflow/example_dags/example_task_group_decorator.py
[2022-12-30T00:18:30.084+0000] {processor.py:753} INFO - DAG(s) dict_keys(['example_task_group_decorator']) retrieved from /home/airflow/.local/lib/python3.7/site-packages/airflow/example_dags/example_task_group_decorator.py
[2022-12-30T00:18:30.114+0000] {logging_mixin.py:137} INFO - [2022-12-30T00:18:30.114+0000] {dag.py:2676} INFO - Sync 1 DAGs
[2022-12-30T00:18:30.135+0000] {logging_mixin.py:137} INFO - [2022-12-30T00:18:30.135+0000] {dag.py:3427} INFO - Setting next_dagrun for example_task_group_decorator to 2022-12-29T00:18:30.134937+00:00, run_after=2022-12-30T00:18:30.134937+00:00
[2022-12-30T00:18:30.150+0000] {processor.py:175} INFO - Processing /home/airflow/.local/lib/python3.7/site-packages/airflow/example_dags/example_task_group_decorator.py took 0.092 seconds
[2022-12-30T00:19:00.557+0000] {processor.py:153} INFO - Started process (PID=38007) to work on /home/airflow/.local/lib/python3.7/site-packages/airflow/example_dags/example_task_group_decorator.py
[2022-12-30T00:19:00.558+0000] {processor.py:743} INFO - Processing file /home/airflow/.local/lib/python3.7/site-packages/airflow/example_dags/example_task_group_decorator.py for tasks to queue
[2022-12-30T00:19:00.559+0000] {logging_mixin.py:137} INFO - [2022-12-30T00:19:00.558+0000] {dagbag.py:538} INFO - Filling up the DagBag from /home/airflow/.local/lib/python3.7/site-packages/airflow/example_dags/example_task_group_decorator.py
[2022-12-30T00:19:00.581+0000] {processor.py:753} INFO - DAG(s) dict_keys(['example_task_group_decorator']) retrieved from /home/airflow/.local/lib/python3.7/site-packages/airflow/example_dags/example_task_group_decorator.py
[2022-12-30T00:19:00.613+0000] {logging_mixin.py:137} INFO - [2022-12-30T00:19:00.613+0000] {dag.py:2676} INFO - Sync 1 DAGs
[2022-12-30T00:19:00.634+0000] {logging_mixin.py:137} INFO - [2022-12-30T00:19:00.634+0000] {dag.py:3427} INFO - Setting next_dagrun for example_task_group_decorator to 2022-12-29T00:19:00.634396+00:00, run_after=2022-12-30T00:19:00.634396+00:00
[2022-12-30T00:19:00.646+0000] {processor.py:175} INFO - Processing /home/airflow/.local/lib/python3.7/site-packages/airflow/example_dags/example_task_group_decorator.py took 0.091 seconds
[2022-12-30T00:19:31.247+0000] {processor.py:153} INFO - Started process (PID=38089) to work on /home/airflow/.local/lib/python3.7/site-packages/airflow/example_dags/example_task_group_decorator.py
[2022-12-30T00:19:31.248+0000] {processor.py:743} INFO - Processing file /home/airflow/.local/lib/python3.7/site-packages/airflow/example_dags/example_task_group_decorator.py for tasks to queue
[2022-12-30T00:19:31.248+0000] {logging_mixin.py:137} INFO - [2022-12-30T00:19:31.248+0000] {dagbag.py:538} INFO - Filling up the DagBag from /home/airflow/.local/lib/python3.7/site-packages/airflow/example_dags/example_task_group_decorator.py
[2022-12-30T00:19:31.269+0000] {processor.py:753} INFO - DAG(s) dict_keys(['example_task_group_decorator']) retrieved from /home/airflow/.local/lib/python3.7/site-packages/airflow/example_dags/example_task_group_decorator.py
[2022-12-30T00:19:31.305+0000] {logging_mixin.py:137} INFO - [2022-12-30T00:19:31.305+0000] {dag.py:2676} INFO - Sync 1 DAGs
[2022-12-30T00:19:31.332+0000] {logging_mixin.py:137} INFO - [2022-12-30T00:19:31.332+0000] {dag.py:3427} INFO - Setting next_dagrun for example_task_group_decorator to 2022-12-29T00:19:31.332366+00:00, run_after=2022-12-30T00:19:31.332366+00:00
[2022-12-30T00:19:31.348+0000] {processor.py:175} INFO - Processing /home/airflow/.local/lib/python3.7/site-packages/airflow/example_dags/example_task_group_decorator.py took 0.103 seconds
[2022-12-30T00:20:01.924+0000] {processor.py:153} INFO - Started process (PID=38191) to work on /home/airflow/.local/lib/python3.7/site-packages/airflow/example_dags/example_task_group_decorator.py
[2022-12-30T00:20:01.924+0000] {processor.py:743} INFO - Processing file /home/airflow/.local/lib/python3.7/site-packages/airflow/example_dags/example_task_group_decorator.py for tasks to queue
[2022-12-30T00:20:01.925+0000] {logging_mixin.py:137} INFO - [2022-12-30T00:20:01.925+0000] {dagbag.py:538} INFO - Filling up the DagBag from /home/airflow/.local/lib/python3.7/site-packages/airflow/example_dags/example_task_group_decorator.py
[2022-12-30T00:20:01.947+0000] {processor.py:753} INFO - DAG(s) dict_keys(['example_task_group_decorator']) retrieved from /home/airflow/.local/lib/python3.7/site-packages/airflow/example_dags/example_task_group_decorator.py
[2022-12-30T00:20:01.982+0000] {logging_mixin.py:137} INFO - [2022-12-30T00:20:01.982+0000] {dag.py:2676} INFO - Sync 1 DAGs
[2022-12-30T00:20:02.002+0000] {logging_mixin.py:137} INFO - [2022-12-30T00:20:02.001+0000] {dag.py:3427} INFO - Setting next_dagrun for example_task_group_decorator to 2022-12-29T00:20:02.001715+00:00, run_after=2022-12-30T00:20:02.001715+00:00
[2022-12-30T00:20:02.016+0000] {processor.py:175} INFO - Processing /home/airflow/.local/lib/python3.7/site-packages/airflow/example_dags/example_task_group_decorator.py took 0.095 seconds
[2022-12-30T00:20:32.780+0000] {processor.py:153} INFO - Started process (PID=38293) to work on /home/airflow/.local/lib/python3.7/site-packages/airflow/example_dags/example_task_group_decorator.py
[2022-12-30T00:20:32.781+0000] {processor.py:743} INFO - Processing file /home/airflow/.local/lib/python3.7/site-packages/airflow/example_dags/example_task_group_decorator.py for tasks to queue
[2022-12-30T00:20:32.781+0000] {logging_mixin.py:137} INFO - [2022-12-30T00:20:32.781+0000] {dagbag.py:538} INFO - Filling up the DagBag from /home/airflow/.local/lib/python3.7/site-packages/airflow/example_dags/example_task_group_decorator.py
[2022-12-30T00:20:32.805+0000] {processor.py:753} INFO - DAG(s) dict_keys(['example_task_group_decorator']) retrieved from /home/airflow/.local/lib/python3.7/site-packages/airflow/example_dags/example_task_group_decorator.py
[2022-12-30T00:20:32.840+0000] {logging_mixin.py:137} INFO - [2022-12-30T00:20:32.840+0000] {dag.py:2676} INFO - Sync 1 DAGs
[2022-12-30T00:20:32.863+0000] {logging_mixin.py:137} INFO - [2022-12-30T00:20:32.863+0000] {dag.py:3427} INFO - Setting next_dagrun for example_task_group_decorator to 2022-12-29T00:20:32.863042+00:00, run_after=2022-12-30T00:20:32.863042+00:00
[2022-12-30T00:20:32.878+0000] {processor.py:175} INFO - Processing /home/airflow/.local/lib/python3.7/site-packages/airflow/example_dags/example_task_group_decorator.py took 0.101 seconds
[2022-12-30T00:21:03.001+0000] {processor.py:153} INFO - Started process (PID=38376) to work on /home/airflow/.local/lib/python3.7/site-packages/airflow/example_dags/example_task_group_decorator.py
[2022-12-30T00:21:03.001+0000] {processor.py:743} INFO - Processing file /home/airflow/.local/lib/python3.7/site-packages/airflow/example_dags/example_task_group_decorator.py for tasks to queue
[2022-12-30T00:21:03.002+0000] {logging_mixin.py:137} INFO - [2022-12-30T00:21:03.002+0000] {dagbag.py:538} INFO - Filling up the DagBag from /home/airflow/.local/lib/python3.7/site-packages/airflow/example_dags/example_task_group_decorator.py
[2022-12-30T00:21:03.022+0000] {processor.py:753} INFO - DAG(s) dict_keys(['example_task_group_decorator']) retrieved from /home/airflow/.local/lib/python3.7/site-packages/airflow/example_dags/example_task_group_decorator.py
[2022-12-30T00:21:03.056+0000] {logging_mixin.py:137} INFO - [2022-12-30T00:21:03.056+0000] {dag.py:2676} INFO - Sync 1 DAGs
[2022-12-30T00:21:03.081+0000] {logging_mixin.py:137} INFO - [2022-12-30T00:21:03.081+0000] {dag.py:3427} INFO - Setting next_dagrun for example_task_group_decorator to 2022-12-29T00:21:03.081312+00:00, run_after=2022-12-30T00:21:03.081312+00:00
[2022-12-30T00:21:03.095+0000] {processor.py:175} INFO - Processing /home/airflow/.local/lib/python3.7/site-packages/airflow/example_dags/example_task_group_decorator.py took 0.096 seconds
[2022-12-30T00:21:33.975+0000] {processor.py:153} INFO - Started process (PID=38479) to work on /home/airflow/.local/lib/python3.7/site-packages/airflow/example_dags/example_task_group_decorator.py
[2022-12-30T00:21:33.976+0000] {processor.py:743} INFO - Processing file /home/airflow/.local/lib/python3.7/site-packages/airflow/example_dags/example_task_group_decorator.py for tasks to queue
[2022-12-30T00:21:33.977+0000] {logging_mixin.py:137} INFO - [2022-12-30T00:21:33.977+0000] {dagbag.py:538} INFO - Filling up the DagBag from /home/airflow/.local/lib/python3.7/site-packages/airflow/example_dags/example_task_group_decorator.py
[2022-12-30T00:21:34.002+0000] {processor.py:753} INFO - DAG(s) dict_keys(['example_task_group_decorator']) retrieved from /home/airflow/.local/lib/python3.7/site-packages/airflow/example_dags/example_task_group_decorator.py
[2022-12-30T00:21:34.033+0000] {logging_mixin.py:137} INFO - [2022-12-30T00:21:34.033+0000] {dag.py:2676} INFO - Sync 1 DAGs
[2022-12-30T00:21:34.053+0000] {logging_mixin.py:137} INFO - [2022-12-30T00:21:34.053+0000] {dag.py:3427} INFO - Setting next_dagrun for example_task_group_decorator to 2022-12-29T00:21:34.053659+00:00, run_after=2022-12-30T00:21:34.053659+00:00
[2022-12-30T00:21:34.066+0000] {processor.py:175} INFO - Processing /home/airflow/.local/lib/python3.7/site-packages/airflow/example_dags/example_task_group_decorator.py took 0.095 seconds
[2022-12-30T00:22:04.246+0000] {processor.py:153} INFO - Started process (PID=38561) to work on /home/airflow/.local/lib/python3.7/site-packages/airflow/example_dags/example_task_group_decorator.py
[2022-12-30T00:22:04.246+0000] {processor.py:743} INFO - Processing file /home/airflow/.local/lib/python3.7/site-packages/airflow/example_dags/example_task_group_decorator.py for tasks to queue
[2022-12-30T00:22:04.247+0000] {logging_mixin.py:137} INFO - [2022-12-30T00:22:04.247+0000] {dagbag.py:538} INFO - Filling up the DagBag from /home/airflow/.local/lib/python3.7/site-packages/airflow/example_dags/example_task_group_decorator.py
[2022-12-30T00:22:04.268+0000] {processor.py:753} INFO - DAG(s) dict_keys(['example_task_group_decorator']) retrieved from /home/airflow/.local/lib/python3.7/site-packages/airflow/example_dags/example_task_group_decorator.py
[2022-12-30T00:22:04.296+0000] {logging_mixin.py:137} INFO - [2022-12-30T00:22:04.296+0000] {dag.py:2676} INFO - Sync 1 DAGs
[2022-12-30T00:22:04.313+0000] {logging_mixin.py:137} INFO - [2022-12-30T00:22:04.313+0000] {dag.py:3427} INFO - Setting next_dagrun for example_task_group_decorator to 2022-12-29T00:22:04.313013+00:00, run_after=2022-12-30T00:22:04.313013+00:00
[2022-12-30T00:22:04.328+0000] {processor.py:175} INFO - Processing /home/airflow/.local/lib/python3.7/site-packages/airflow/example_dags/example_task_group_decorator.py took 0.086 seconds
[2022-12-30T00:22:34.984+0000] {processor.py:153} INFO - Started process (PID=38663) to work on /home/airflow/.local/lib/python3.7/site-packages/airflow/example_dags/example_task_group_decorator.py
[2022-12-30T00:22:34.985+0000] {processor.py:743} INFO - Processing file /home/airflow/.local/lib/python3.7/site-packages/airflow/example_dags/example_task_group_decorator.py for tasks to queue
[2022-12-30T00:22:34.985+0000] {logging_mixin.py:137} INFO - [2022-12-30T00:22:34.985+0000] {dagbag.py:538} INFO - Filling up the DagBag from /home/airflow/.local/lib/python3.7/site-packages/airflow/example_dags/example_task_group_decorator.py
[2022-12-30T00:22:35.006+0000] {processor.py:753} INFO - DAG(s) dict_keys(['example_task_group_decorator']) retrieved from /home/airflow/.local/lib/python3.7/site-packages/airflow/example_dags/example_task_group_decorator.py
[2022-12-30T00:22:35.041+0000] {logging_mixin.py:137} INFO - [2022-12-30T00:22:35.040+0000] {dag.py:2676} INFO - Sync 1 DAGs
[2022-12-30T00:22:35.060+0000] {logging_mixin.py:137} INFO - [2022-12-30T00:22:35.059+0000] {dag.py:3427} INFO - Setting next_dagrun for example_task_group_decorator to 2022-12-29T00:22:35.059804+00:00, run_after=2022-12-30T00:22:35.059804+00:00
[2022-12-30T00:22:35.072+0000] {processor.py:175} INFO - Processing /home/airflow/.local/lib/python3.7/site-packages/airflow/example_dags/example_task_group_decorator.py took 0.091 seconds
[2022-12-30T00:23:05.515+0000] {processor.py:153} INFO - Started process (PID=38745) to work on /home/airflow/.local/lib/python3.7/site-packages/airflow/example_dags/example_task_group_decorator.py
[2022-12-30T00:23:05.515+0000] {processor.py:743} INFO - Processing file /home/airflow/.local/lib/python3.7/site-packages/airflow/example_dags/example_task_group_decorator.py for tasks to queue
[2022-12-30T00:23:05.516+0000] {logging_mixin.py:137} INFO - [2022-12-30T00:23:05.516+0000] {dagbag.py:538} INFO - Filling up the DagBag from /home/airflow/.local/lib/python3.7/site-packages/airflow/example_dags/example_task_group_decorator.py
[2022-12-30T00:23:05.538+0000] {processor.py:753} INFO - DAG(s) dict_keys(['example_task_group_decorator']) retrieved from /home/airflow/.local/lib/python3.7/site-packages/airflow/example_dags/example_task_group_decorator.py
[2022-12-30T00:23:05.569+0000] {logging_mixin.py:137} INFO - [2022-12-30T00:23:05.569+0000] {dag.py:2676} INFO - Sync 1 DAGs
[2022-12-30T00:23:05.589+0000] {logging_mixin.py:137} INFO - [2022-12-30T00:23:05.589+0000] {dag.py:3427} INFO - Setting next_dagrun for example_task_group_decorator to 2022-12-29T00:23:05.589111+00:00, run_after=2022-12-30T00:23:05.589111+00:00
[2022-12-30T00:23:05.602+0000] {processor.py:175} INFO - Processing /home/airflow/.local/lib/python3.7/site-packages/airflow/example_dags/example_task_group_decorator.py took 0.090 seconds
[2022-12-30T00:23:35.632+0000] {processor.py:153} INFO - Started process (PID=38847) to work on /home/airflow/.local/lib/python3.7/site-packages/airflow/example_dags/example_task_group_decorator.py
[2022-12-30T00:23:35.632+0000] {processor.py:743} INFO - Processing file /home/airflow/.local/lib/python3.7/site-packages/airflow/example_dags/example_task_group_decorator.py for tasks to queue
[2022-12-30T00:23:35.633+0000] {logging_mixin.py:137} INFO - [2022-12-30T00:23:35.633+0000] {dagbag.py:538} INFO - Filling up the DagBag from /home/airflow/.local/lib/python3.7/site-packages/airflow/example_dags/example_task_group_decorator.py
[2022-12-30T00:23:35.655+0000] {processor.py:753} INFO - DAG(s) dict_keys(['example_task_group_decorator']) retrieved from /home/airflow/.local/lib/python3.7/site-packages/airflow/example_dags/example_task_group_decorator.py
[2022-12-30T00:23:35.684+0000] {logging_mixin.py:137} INFO - [2022-12-30T00:23:35.684+0000] {dag.py:2676} INFO - Sync 1 DAGs
[2022-12-30T00:23:35.703+0000] {logging_mixin.py:137} INFO - [2022-12-30T00:23:35.703+0000] {dag.py:3427} INFO - Setting next_dagrun for example_task_group_decorator to 2022-12-29T00:23:35.703219+00:00, run_after=2022-12-30T00:23:35.703219+00:00
[2022-12-30T00:23:35.716+0000] {processor.py:175} INFO - Processing /home/airflow/.local/lib/python3.7/site-packages/airflow/example_dags/example_task_group_decorator.py took 0.088 seconds
[2022-12-30T00:24:06.220+0000] {processor.py:153} INFO - Started process (PID=38938) to work on /home/airflow/.local/lib/python3.7/site-packages/airflow/example_dags/example_task_group_decorator.py
[2022-12-30T00:24:06.220+0000] {processor.py:743} INFO - Processing file /home/airflow/.local/lib/python3.7/site-packages/airflow/example_dags/example_task_group_decorator.py for tasks to queue
[2022-12-30T00:24:06.221+0000] {logging_mixin.py:137} INFO - [2022-12-30T00:24:06.221+0000] {dagbag.py:538} INFO - Filling up the DagBag from /home/airflow/.local/lib/python3.7/site-packages/airflow/example_dags/example_task_group_decorator.py
[2022-12-30T00:24:06.273+0000] {processor.py:753} INFO - DAG(s) dict_keys(['example_task_group_decorator']) retrieved from /home/airflow/.local/lib/python3.7/site-packages/airflow/example_dags/example_task_group_decorator.py
[2022-12-30T00:24:06.321+0000] {logging_mixin.py:137} INFO - [2022-12-30T00:24:06.320+0000] {dag.py:2676} INFO - Sync 1 DAGs
[2022-12-30T00:24:06.341+0000] {logging_mixin.py:137} INFO - [2022-12-30T00:24:06.341+0000] {dag.py:3427} INFO - Setting next_dagrun for example_task_group_decorator to 2022-12-29T00:24:06.341421+00:00, run_after=2022-12-30T00:24:06.341421+00:00
[2022-12-30T00:24:06.355+0000] {processor.py:175} INFO - Processing /home/airflow/.local/lib/python3.7/site-packages/airflow/example_dags/example_task_group_decorator.py took 0.139 seconds
[2022-12-30T00:24:37.312+0000] {processor.py:153} INFO - Started process (PID=39031) to work on /home/airflow/.local/lib/python3.7/site-packages/airflow/example_dags/example_task_group_decorator.py
[2022-12-30T00:24:37.313+0000] {processor.py:743} INFO - Processing file /home/airflow/.local/lib/python3.7/site-packages/airflow/example_dags/example_task_group_decorator.py for tasks to queue
[2022-12-30T00:24:37.314+0000] {logging_mixin.py:137} INFO - [2022-12-30T00:24:37.314+0000] {dagbag.py:538} INFO - Filling up the DagBag from /home/airflow/.local/lib/python3.7/site-packages/airflow/example_dags/example_task_group_decorator.py
[2022-12-30T00:24:37.337+0000] {processor.py:753} INFO - DAG(s) dict_keys(['example_task_group_decorator']) retrieved from /home/airflow/.local/lib/python3.7/site-packages/airflow/example_dags/example_task_group_decorator.py
[2022-12-30T00:24:37.369+0000] {logging_mixin.py:137} INFO - [2022-12-30T00:24:37.369+0000] {dag.py:2676} INFO - Sync 1 DAGs
[2022-12-30T00:24:37.391+0000] {logging_mixin.py:137} INFO - [2022-12-30T00:24:37.391+0000] {dag.py:3427} INFO - Setting next_dagrun for example_task_group_decorator to 2022-12-29T00:24:37.391542+00:00, run_after=2022-12-30T00:24:37.391542+00:00
[2022-12-30T00:24:37.404+0000] {processor.py:175} INFO - Processing /home/airflow/.local/lib/python3.7/site-packages/airflow/example_dags/example_task_group_decorator.py took 0.095 seconds
[2022-12-30T00:25:07.742+0000] {processor.py:153} INFO - Started process (PID=39133) to work on /home/airflow/.local/lib/python3.7/site-packages/airflow/example_dags/example_task_group_decorator.py
[2022-12-30T00:25:07.742+0000] {processor.py:743} INFO - Processing file /home/airflow/.local/lib/python3.7/site-packages/airflow/example_dags/example_task_group_decorator.py for tasks to queue
[2022-12-30T00:25:07.743+0000] {logging_mixin.py:137} INFO - [2022-12-30T00:25:07.743+0000] {dagbag.py:538} INFO - Filling up the DagBag from /home/airflow/.local/lib/python3.7/site-packages/airflow/example_dags/example_task_group_decorator.py
[2022-12-30T00:25:07.764+0000] {processor.py:753} INFO - DAG(s) dict_keys(['example_task_group_decorator']) retrieved from /home/airflow/.local/lib/python3.7/site-packages/airflow/example_dags/example_task_group_decorator.py
[2022-12-30T00:25:07.797+0000] {logging_mixin.py:137} INFO - [2022-12-30T00:25:07.797+0000] {dag.py:2676} INFO - Sync 1 DAGs
[2022-12-30T00:25:07.816+0000] {logging_mixin.py:137} INFO - [2022-12-30T00:25:07.816+0000] {dag.py:3427} INFO - Setting next_dagrun for example_task_group_decorator to 2022-12-29T00:25:07.816671+00:00, run_after=2022-12-30T00:25:07.816671+00:00
[2022-12-30T00:25:07.829+0000] {processor.py:175} INFO - Processing /home/airflow/.local/lib/python3.7/site-packages/airflow/example_dags/example_task_group_decorator.py took 0.089 seconds
[2022-12-30T00:25:38.278+0000] {processor.py:153} INFO - Started process (PID=39215) to work on /home/airflow/.local/lib/python3.7/site-packages/airflow/example_dags/example_task_group_decorator.py
[2022-12-30T00:25:38.279+0000] {processor.py:743} INFO - Processing file /home/airflow/.local/lib/python3.7/site-packages/airflow/example_dags/example_task_group_decorator.py for tasks to queue
[2022-12-30T00:25:38.279+0000] {logging_mixin.py:137} INFO - [2022-12-30T00:25:38.279+0000] {dagbag.py:538} INFO - Filling up the DagBag from /home/airflow/.local/lib/python3.7/site-packages/airflow/example_dags/example_task_group_decorator.py
[2022-12-30T00:25:38.300+0000] {processor.py:753} INFO - DAG(s) dict_keys(['example_task_group_decorator']) retrieved from /home/airflow/.local/lib/python3.7/site-packages/airflow/example_dags/example_task_group_decorator.py
[2022-12-30T00:25:38.334+0000] {logging_mixin.py:137} INFO - [2022-12-30T00:25:38.334+0000] {dag.py:2676} INFO - Sync 1 DAGs
[2022-12-30T00:25:38.354+0000] {logging_mixin.py:137} INFO - [2022-12-30T00:25:38.354+0000] {dag.py:3427} INFO - Setting next_dagrun for example_task_group_decorator to 2022-12-29T00:25:38.354145+00:00, run_after=2022-12-30T00:25:38.354145+00:00
[2022-12-30T00:25:38.367+0000] {processor.py:175} INFO - Processing /home/airflow/.local/lib/python3.7/site-packages/airflow/example_dags/example_task_group_decorator.py took 0.093 seconds
[2022-12-30T00:26:08.895+0000] {processor.py:153} INFO - Started process (PID=39317) to work on /home/airflow/.local/lib/python3.7/site-packages/airflow/example_dags/example_task_group_decorator.py
[2022-12-30T00:26:08.896+0000] {processor.py:743} INFO - Processing file /home/airflow/.local/lib/python3.7/site-packages/airflow/example_dags/example_task_group_decorator.py for tasks to queue
[2022-12-30T00:26:08.896+0000] {logging_mixin.py:137} INFO - [2022-12-30T00:26:08.896+0000] {dagbag.py:538} INFO - Filling up the DagBag from /home/airflow/.local/lib/python3.7/site-packages/airflow/example_dags/example_task_group_decorator.py
[2022-12-30T00:26:08.918+0000] {processor.py:753} INFO - DAG(s) dict_keys(['example_task_group_decorator']) retrieved from /home/airflow/.local/lib/python3.7/site-packages/airflow/example_dags/example_task_group_decorator.py
[2022-12-30T00:26:08.946+0000] {logging_mixin.py:137} INFO - [2022-12-30T00:26:08.946+0000] {dag.py:2676} INFO - Sync 1 DAGs
[2022-12-30T00:26:08.964+0000] {logging_mixin.py:137} INFO - [2022-12-30T00:26:08.964+0000] {dag.py:3427} INFO - Setting next_dagrun for example_task_group_decorator to 2022-12-29T00:26:08.964438+00:00, run_after=2022-12-30T00:26:08.964438+00:00
[2022-12-30T00:26:08.977+0000] {processor.py:175} INFO - Processing /home/airflow/.local/lib/python3.7/site-packages/airflow/example_dags/example_task_group_decorator.py took 0.085 seconds
[2022-12-30T00:26:39.347+0000] {processor.py:153} INFO - Started process (PID=39399) to work on /home/airflow/.local/lib/python3.7/site-packages/airflow/example_dags/example_task_group_decorator.py
[2022-12-30T00:26:39.348+0000] {processor.py:743} INFO - Processing file /home/airflow/.local/lib/python3.7/site-packages/airflow/example_dags/example_task_group_decorator.py for tasks to queue
[2022-12-30T00:26:39.349+0000] {logging_mixin.py:137} INFO - [2022-12-30T00:26:39.348+0000] {dagbag.py:538} INFO - Filling up the DagBag from /home/airflow/.local/lib/python3.7/site-packages/airflow/example_dags/example_task_group_decorator.py
[2022-12-30T00:26:39.370+0000] {processor.py:753} INFO - DAG(s) dict_keys(['example_task_group_decorator']) retrieved from /home/airflow/.local/lib/python3.7/site-packages/airflow/example_dags/example_task_group_decorator.py
[2022-12-30T00:26:39.398+0000] {logging_mixin.py:137} INFO - [2022-12-30T00:26:39.398+0000] {dag.py:2676} INFO - Sync 1 DAGs
[2022-12-30T00:26:39.418+0000] {logging_mixin.py:137} INFO - [2022-12-30T00:26:39.418+0000] {dag.py:3427} INFO - Setting next_dagrun for example_task_group_decorator to 2022-12-29T00:26:39.418226+00:00, run_after=2022-12-30T00:26:39.418226+00:00
[2022-12-30T00:26:39.429+0000] {processor.py:175} INFO - Processing /home/airflow/.local/lib/python3.7/site-packages/airflow/example_dags/example_task_group_decorator.py took 0.085 seconds
[2022-12-30T00:27:09.586+0000] {processor.py:153} INFO - Started process (PID=39502) to work on /home/airflow/.local/lib/python3.7/site-packages/airflow/example_dags/example_task_group_decorator.py
[2022-12-30T00:27:09.586+0000] {processor.py:743} INFO - Processing file /home/airflow/.local/lib/python3.7/site-packages/airflow/example_dags/example_task_group_decorator.py for tasks to queue
[2022-12-30T00:27:09.587+0000] {logging_mixin.py:137} INFO - [2022-12-30T00:27:09.587+0000] {dagbag.py:538} INFO - Filling up the DagBag from /home/airflow/.local/lib/python3.7/site-packages/airflow/example_dags/example_task_group_decorator.py
[2022-12-30T00:27:09.609+0000] {processor.py:753} INFO - DAG(s) dict_keys(['example_task_group_decorator']) retrieved from /home/airflow/.local/lib/python3.7/site-packages/airflow/example_dags/example_task_group_decorator.py
[2022-12-30T00:27:09.642+0000] {logging_mixin.py:137} INFO - [2022-12-30T00:27:09.642+0000] {dag.py:2676} INFO - Sync 1 DAGs
[2022-12-30T00:27:09.662+0000] {logging_mixin.py:137} INFO - [2022-12-30T00:27:09.662+0000] {dag.py:3427} INFO - Setting next_dagrun for example_task_group_decorator to 2022-12-29T00:27:09.662494+00:00, run_after=2022-12-30T00:27:09.662494+00:00
[2022-12-30T00:27:09.674+0000] {processor.py:175} INFO - Processing /home/airflow/.local/lib/python3.7/site-packages/airflow/example_dags/example_task_group_decorator.py took 0.092 seconds
[2022-12-30T00:27:40.227+0000] {processor.py:153} INFO - Started process (PID=39593) to work on /home/airflow/.local/lib/python3.7/site-packages/airflow/example_dags/example_task_group_decorator.py
[2022-12-30T00:27:40.228+0000] {processor.py:743} INFO - Processing file /home/airflow/.local/lib/python3.7/site-packages/airflow/example_dags/example_task_group_decorator.py for tasks to queue
[2022-12-30T00:27:40.228+0000] {logging_mixin.py:137} INFO - [2022-12-30T00:27:40.228+0000] {dagbag.py:538} INFO - Filling up the DagBag from /home/airflow/.local/lib/python3.7/site-packages/airflow/example_dags/example_task_group_decorator.py
[2022-12-30T00:27:40.251+0000] {processor.py:753} INFO - DAG(s) dict_keys(['example_task_group_decorator']) retrieved from /home/airflow/.local/lib/python3.7/site-packages/airflow/example_dags/example_task_group_decorator.py
[2022-12-30T00:27:40.284+0000] {logging_mixin.py:137} INFO - [2022-12-30T00:27:40.284+0000] {dag.py:2676} INFO - Sync 1 DAGs
[2022-12-30T00:27:40.304+0000] {logging_mixin.py:137} INFO - [2022-12-30T00:27:40.304+0000] {dag.py:3427} INFO - Setting next_dagrun for example_task_group_decorator to 2022-12-29T00:27:40.304620+00:00, run_after=2022-12-30T00:27:40.304620+00:00
[2022-12-30T00:27:40.318+0000] {processor.py:175} INFO - Processing /home/airflow/.local/lib/python3.7/site-packages/airflow/example_dags/example_task_group_decorator.py took 0.095 seconds
[2022-12-30T00:28:10.417+0000] {processor.py:153} INFO - Started process (PID=39686) to work on /home/airflow/.local/lib/python3.7/site-packages/airflow/example_dags/example_task_group_decorator.py
[2022-12-30T00:28:10.417+0000] {processor.py:743} INFO - Processing file /home/airflow/.local/lib/python3.7/site-packages/airflow/example_dags/example_task_group_decorator.py for tasks to queue
[2022-12-30T00:28:10.418+0000] {logging_mixin.py:137} INFO - [2022-12-30T00:28:10.418+0000] {dagbag.py:538} INFO - Filling up the DagBag from /home/airflow/.local/lib/python3.7/site-packages/airflow/example_dags/example_task_group_decorator.py
[2022-12-30T00:28:10.441+0000] {processor.py:753} INFO - DAG(s) dict_keys(['example_task_group_decorator']) retrieved from /home/airflow/.local/lib/python3.7/site-packages/airflow/example_dags/example_task_group_decorator.py
[2022-12-30T00:28:10.471+0000] {logging_mixin.py:137} INFO - [2022-12-30T00:28:10.471+0000] {dag.py:2676} INFO - Sync 1 DAGs
[2022-12-30T00:28:10.491+0000] {logging_mixin.py:137} INFO - [2022-12-30T00:28:10.491+0000] {dag.py:3427} INFO - Setting next_dagrun for example_task_group_decorator to 2022-12-29T00:28:10.491517+00:00, run_after=2022-12-30T00:28:10.491517+00:00
[2022-12-30T00:28:10.506+0000] {processor.py:175} INFO - Processing /home/airflow/.local/lib/python3.7/site-packages/airflow/example_dags/example_task_group_decorator.py took 0.093 seconds
[2022-12-30T00:28:41.150+0000] {processor.py:153} INFO - Started process (PID=39788) to work on /home/airflow/.local/lib/python3.7/site-packages/airflow/example_dags/example_task_group_decorator.py
[2022-12-30T00:28:41.151+0000] {processor.py:743} INFO - Processing file /home/airflow/.local/lib/python3.7/site-packages/airflow/example_dags/example_task_group_decorator.py for tasks to queue
[2022-12-30T00:28:41.151+0000] {logging_mixin.py:137} INFO - [2022-12-30T00:28:41.151+0000] {dagbag.py:538} INFO - Filling up the DagBag from /home/airflow/.local/lib/python3.7/site-packages/airflow/example_dags/example_task_group_decorator.py
[2022-12-30T00:28:41.175+0000] {processor.py:753} INFO - DAG(s) dict_keys(['example_task_group_decorator']) retrieved from /home/airflow/.local/lib/python3.7/site-packages/airflow/example_dags/example_task_group_decorator.py
[2022-12-30T00:28:41.213+0000] {logging_mixin.py:137} INFO - [2022-12-30T00:28:41.213+0000] {dag.py:2676} INFO - Sync 1 DAGs
[2022-12-30T00:28:41.240+0000] {logging_mixin.py:137} INFO - [2022-12-30T00:28:41.240+0000] {dag.py:3427} INFO - Setting next_dagrun for example_task_group_decorator to 2022-12-29T00:28:41.240480+00:00, run_after=2022-12-30T00:28:41.240480+00:00
[2022-12-30T00:28:41.257+0000] {processor.py:175} INFO - Processing /home/airflow/.local/lib/python3.7/site-packages/airflow/example_dags/example_task_group_decorator.py took 0.110 seconds
[2022-12-30T00:29:11.301+0000] {processor.py:153} INFO - Started process (PID=39870) to work on /home/airflow/.local/lib/python3.7/site-packages/airflow/example_dags/example_task_group_decorator.py
[2022-12-30T00:29:11.301+0000] {processor.py:743} INFO - Processing file /home/airflow/.local/lib/python3.7/site-packages/airflow/example_dags/example_task_group_decorator.py for tasks to queue
[2022-12-30T00:29:11.302+0000] {logging_mixin.py:137} INFO - [2022-12-30T00:29:11.302+0000] {dagbag.py:538} INFO - Filling up the DagBag from /home/airflow/.local/lib/python3.7/site-packages/airflow/example_dags/example_task_group_decorator.py
[2022-12-30T00:29:11.323+0000] {processor.py:753} INFO - DAG(s) dict_keys(['example_task_group_decorator']) retrieved from /home/airflow/.local/lib/python3.7/site-packages/airflow/example_dags/example_task_group_decorator.py
[2022-12-30T00:29:11.355+0000] {logging_mixin.py:137} INFO - [2022-12-30T00:29:11.355+0000] {dag.py:2676} INFO - Sync 1 DAGs
[2022-12-30T00:29:11.374+0000] {logging_mixin.py:137} INFO - [2022-12-30T00:29:11.374+0000] {dag.py:3427} INFO - Setting next_dagrun for example_task_group_decorator to 2022-12-29T00:29:11.374630+00:00, run_after=2022-12-30T00:29:11.374630+00:00
[2022-12-30T00:29:11.393+0000] {processor.py:175} INFO - Processing /home/airflow/.local/lib/python3.7/site-packages/airflow/example_dags/example_task_group_decorator.py took 0.095 seconds
[2022-12-30T00:29:41.619+0000] {processor.py:153} INFO - Started process (PID=39972) to work on /home/airflow/.local/lib/python3.7/site-packages/airflow/example_dags/example_task_group_decorator.py
[2022-12-30T00:29:41.620+0000] {processor.py:743} INFO - Processing file /home/airflow/.local/lib/python3.7/site-packages/airflow/example_dags/example_task_group_decorator.py for tasks to queue
[2022-12-30T00:29:41.620+0000] {logging_mixin.py:137} INFO - [2022-12-30T00:29:41.620+0000] {dagbag.py:538} INFO - Filling up the DagBag from /home/airflow/.local/lib/python3.7/site-packages/airflow/example_dags/example_task_group_decorator.py
[2022-12-30T00:29:41.648+0000] {processor.py:753} INFO - DAG(s) dict_keys(['example_task_group_decorator']) retrieved from /home/airflow/.local/lib/python3.7/site-packages/airflow/example_dags/example_task_group_decorator.py
[2022-12-30T00:29:41.688+0000] {logging_mixin.py:137} INFO - [2022-12-30T00:29:41.688+0000] {dag.py:2676} INFO - Sync 1 DAGs
[2022-12-30T00:29:41.708+0000] {logging_mixin.py:137} INFO - [2022-12-30T00:29:41.708+0000] {dag.py:3427} INFO - Setting next_dagrun for example_task_group_decorator to 2022-12-29T00:29:41.708188+00:00, run_after=2022-12-30T00:29:41.708188+00:00
[2022-12-30T00:29:41.722+0000] {processor.py:175} INFO - Processing /home/airflow/.local/lib/python3.7/site-packages/airflow/example_dags/example_task_group_decorator.py took 0.105 seconds
[2022-12-30T00:30:12.139+0000] {processor.py:153} INFO - Started process (PID=40054) to work on /home/airflow/.local/lib/python3.7/site-packages/airflow/example_dags/example_task_group_decorator.py
[2022-12-30T00:30:12.140+0000] {processor.py:743} INFO - Processing file /home/airflow/.local/lib/python3.7/site-packages/airflow/example_dags/example_task_group_decorator.py for tasks to queue
[2022-12-30T00:30:12.140+0000] {logging_mixin.py:137} INFO - [2022-12-30T00:30:12.140+0000] {dagbag.py:538} INFO - Filling up the DagBag from /home/airflow/.local/lib/python3.7/site-packages/airflow/example_dags/example_task_group_decorator.py
[2022-12-30T00:30:12.162+0000] {processor.py:753} INFO - DAG(s) dict_keys(['example_task_group_decorator']) retrieved from /home/airflow/.local/lib/python3.7/site-packages/airflow/example_dags/example_task_group_decorator.py
[2022-12-30T00:30:12.195+0000] {logging_mixin.py:137} INFO - [2022-12-30T00:30:12.195+0000] {dag.py:2676} INFO - Sync 1 DAGs
[2022-12-30T00:30:12.218+0000] {logging_mixin.py:137} INFO - [2022-12-30T00:30:12.218+0000] {dag.py:3427} INFO - Setting next_dagrun for example_task_group_decorator to 2022-12-29T00:30:12.218253+00:00, run_after=2022-12-30T00:30:12.218253+00:00
[2022-12-30T00:30:12.233+0000] {processor.py:175} INFO - Processing /home/airflow/.local/lib/python3.7/site-packages/airflow/example_dags/example_task_group_decorator.py took 0.096 seconds
[2022-12-30T00:30:42.727+0000] {processor.py:153} INFO - Started process (PID=40156) to work on /home/airflow/.local/lib/python3.7/site-packages/airflow/example_dags/example_task_group_decorator.py
[2022-12-30T00:30:42.728+0000] {processor.py:743} INFO - Processing file /home/airflow/.local/lib/python3.7/site-packages/airflow/example_dags/example_task_group_decorator.py for tasks to queue
[2022-12-30T00:30:42.728+0000] {logging_mixin.py:137} INFO - [2022-12-30T00:30:42.728+0000] {dagbag.py:538} INFO - Filling up the DagBag from /home/airflow/.local/lib/python3.7/site-packages/airflow/example_dags/example_task_group_decorator.py
[2022-12-30T00:30:42.749+0000] {processor.py:753} INFO - DAG(s) dict_keys(['example_task_group_decorator']) retrieved from /home/airflow/.local/lib/python3.7/site-packages/airflow/example_dags/example_task_group_decorator.py
[2022-12-30T00:30:42.781+0000] {logging_mixin.py:137} INFO - [2022-12-30T00:30:42.781+0000] {dag.py:2676} INFO - Sync 1 DAGs
[2022-12-30T00:30:42.803+0000] {logging_mixin.py:137} INFO - [2022-12-30T00:30:42.803+0000] {dag.py:3427} INFO - Setting next_dagrun for example_task_group_decorator to 2022-12-29T00:30:42.803606+00:00, run_after=2022-12-30T00:30:42.803606+00:00
[2022-12-30T00:30:42.817+0000] {processor.py:175} INFO - Processing /home/airflow/.local/lib/python3.7/site-packages/airflow/example_dags/example_task_group_decorator.py took 0.093 seconds
[2022-12-30T00:31:13.214+0000] {processor.py:153} INFO - Started process (PID=40238) to work on /home/airflow/.local/lib/python3.7/site-packages/airflow/example_dags/example_task_group_decorator.py
[2022-12-30T00:31:13.214+0000] {processor.py:743} INFO - Processing file /home/airflow/.local/lib/python3.7/site-packages/airflow/example_dags/example_task_group_decorator.py for tasks to queue
[2022-12-30T00:31:13.215+0000] {logging_mixin.py:137} INFO - [2022-12-30T00:31:13.215+0000] {dagbag.py:538} INFO - Filling up the DagBag from /home/airflow/.local/lib/python3.7/site-packages/airflow/example_dags/example_task_group_decorator.py
[2022-12-30T00:31:13.241+0000] {processor.py:753} INFO - DAG(s) dict_keys(['example_task_group_decorator']) retrieved from /home/airflow/.local/lib/python3.7/site-packages/airflow/example_dags/example_task_group_decorator.py
[2022-12-30T00:31:13.278+0000] {logging_mixin.py:137} INFO - [2022-12-30T00:31:13.278+0000] {dag.py:2676} INFO - Sync 1 DAGs
[2022-12-30T00:31:13.299+0000] {logging_mixin.py:137} INFO - [2022-12-30T00:31:13.298+0000] {dag.py:3427} INFO - Setting next_dagrun for example_task_group_decorator to 2022-12-29T00:31:13.298767+00:00, run_after=2022-12-30T00:31:13.298767+00:00
[2022-12-30T00:31:13.312+0000] {processor.py:175} INFO - Processing /home/airflow/.local/lib/python3.7/site-packages/airflow/example_dags/example_task_group_decorator.py took 0.101 seconds
[2022-12-30T00:31:43.772+0000] {processor.py:153} INFO - Started process (PID=40340) to work on /home/airflow/.local/lib/python3.7/site-packages/airflow/example_dags/example_task_group_decorator.py
[2022-12-30T00:31:43.773+0000] {processor.py:743} INFO - Processing file /home/airflow/.local/lib/python3.7/site-packages/airflow/example_dags/example_task_group_decorator.py for tasks to queue
[2022-12-30T00:31:43.773+0000] {logging_mixin.py:137} INFO - [2022-12-30T00:31:43.773+0000] {dagbag.py:538} INFO - Filling up the DagBag from /home/airflow/.local/lib/python3.7/site-packages/airflow/example_dags/example_task_group_decorator.py
[2022-12-30T00:31:43.796+0000] {processor.py:753} INFO - DAG(s) dict_keys(['example_task_group_decorator']) retrieved from /home/airflow/.local/lib/python3.7/site-packages/airflow/example_dags/example_task_group_decorator.py
[2022-12-30T00:31:43.826+0000] {logging_mixin.py:137} INFO - [2022-12-30T00:31:43.825+0000] {dag.py:2676} INFO - Sync 1 DAGs
[2022-12-30T00:31:43.846+0000] {logging_mixin.py:137} INFO - [2022-12-30T00:31:43.846+0000] {dag.py:3427} INFO - Setting next_dagrun for example_task_group_decorator to 2022-12-29T00:31:43.846055+00:00, run_after=2022-12-30T00:31:43.846055+00:00
[2022-12-30T00:31:43.858+0000] {processor.py:175} INFO - Processing /home/airflow/.local/lib/python3.7/site-packages/airflow/example_dags/example_task_group_decorator.py took 0.089 seconds
[2022-12-30T00:32:14.075+0000] {processor.py:153} INFO - Started process (PID=40423) to work on /home/airflow/.local/lib/python3.7/site-packages/airflow/example_dags/example_task_group_decorator.py
[2022-12-30T00:32:14.076+0000] {processor.py:743} INFO - Processing file /home/airflow/.local/lib/python3.7/site-packages/airflow/example_dags/example_task_group_decorator.py for tasks to queue
[2022-12-30T00:32:14.076+0000] {logging_mixin.py:137} INFO - [2022-12-30T00:32:14.076+0000] {dagbag.py:538} INFO - Filling up the DagBag from /home/airflow/.local/lib/python3.7/site-packages/airflow/example_dags/example_task_group_decorator.py
[2022-12-30T00:32:14.101+0000] {processor.py:753} INFO - DAG(s) dict_keys(['example_task_group_decorator']) retrieved from /home/airflow/.local/lib/python3.7/site-packages/airflow/example_dags/example_task_group_decorator.py
[2022-12-30T00:32:14.134+0000] {logging_mixin.py:137} INFO - [2022-12-30T00:32:14.133+0000] {dag.py:2676} INFO - Sync 1 DAGs
[2022-12-30T00:32:14.161+0000] {logging_mixin.py:137} INFO - [2022-12-30T00:32:14.161+0000] {dag.py:3427} INFO - Setting next_dagrun for example_task_group_decorator to 2022-12-29T00:32:14.161021+00:00, run_after=2022-12-30T00:32:14.161021+00:00
[2022-12-30T00:32:14.173+0000] {processor.py:175} INFO - Processing /home/airflow/.local/lib/python3.7/site-packages/airflow/example_dags/example_task_group_decorator.py took 0.101 seconds
[2022-12-30T00:32:44.395+0000] {processor.py:153} INFO - Started process (PID=40525) to work on /home/airflow/.local/lib/python3.7/site-packages/airflow/example_dags/example_task_group_decorator.py
[2022-12-30T00:32:44.396+0000] {processor.py:743} INFO - Processing file /home/airflow/.local/lib/python3.7/site-packages/airflow/example_dags/example_task_group_decorator.py for tasks to queue
[2022-12-30T00:32:44.397+0000] {logging_mixin.py:137} INFO - [2022-12-30T00:32:44.396+0000] {dagbag.py:538} INFO - Filling up the DagBag from /home/airflow/.local/lib/python3.7/site-packages/airflow/example_dags/example_task_group_decorator.py
[2022-12-30T00:32:44.419+0000] {processor.py:753} INFO - DAG(s) dict_keys(['example_task_group_decorator']) retrieved from /home/airflow/.local/lib/python3.7/site-packages/airflow/example_dags/example_task_group_decorator.py
[2022-12-30T00:32:44.448+0000] {logging_mixin.py:137} INFO - [2022-12-30T00:32:44.447+0000] {dag.py:2676} INFO - Sync 1 DAGs
[2022-12-30T00:32:44.469+0000] {logging_mixin.py:137} INFO - [2022-12-30T00:32:44.469+0000] {dag.py:3427} INFO - Setting next_dagrun for example_task_group_decorator to 2022-12-29T00:32:44.468880+00:00, run_after=2022-12-30T00:32:44.468880+00:00
[2022-12-30T00:32:44.481+0000] {processor.py:175} INFO - Processing /home/airflow/.local/lib/python3.7/site-packages/airflow/example_dags/example_task_group_decorator.py took 0.090 seconds
[2022-12-30T00:33:15.180+0000] {processor.py:153} INFO - Started process (PID=40614) to work on /home/airflow/.local/lib/python3.7/site-packages/airflow/example_dags/example_task_group_decorator.py
[2022-12-30T00:33:15.180+0000] {processor.py:743} INFO - Processing file /home/airflow/.local/lib/python3.7/site-packages/airflow/example_dags/example_task_group_decorator.py for tasks to queue
[2022-12-30T00:33:15.180+0000] {logging_mixin.py:137} INFO - [2022-12-30T00:33:15.180+0000] {dagbag.py:538} INFO - Filling up the DagBag from /home/airflow/.local/lib/python3.7/site-packages/airflow/example_dags/example_task_group_decorator.py
[2022-12-30T00:33:15.203+0000] {processor.py:753} INFO - DAG(s) dict_keys(['example_task_group_decorator']) retrieved from /home/airflow/.local/lib/python3.7/site-packages/airflow/example_dags/example_task_group_decorator.py
[2022-12-30T00:33:15.238+0000] {logging_mixin.py:137} INFO - [2022-12-30T00:33:15.238+0000] {dag.py:2676} INFO - Sync 1 DAGs
[2022-12-30T00:33:15.265+0000] {logging_mixin.py:137} INFO - [2022-12-30T00:33:15.265+0000] {dag.py:3427} INFO - Setting next_dagrun for example_task_group_decorator to 2022-12-29T00:33:15.265056+00:00, run_after=2022-12-30T00:33:15.265056+00:00
[2022-12-30T00:33:15.281+0000] {processor.py:175} INFO - Processing /home/airflow/.local/lib/python3.7/site-packages/airflow/example_dags/example_task_group_decorator.py took 0.103 seconds
[2022-12-30T00:33:45.744+0000] {processor.py:153} INFO - Started process (PID=40709) to work on /home/airflow/.local/lib/python3.7/site-packages/airflow/example_dags/example_task_group_decorator.py
[2022-12-30T00:33:45.745+0000] {processor.py:743} INFO - Processing file /home/airflow/.local/lib/python3.7/site-packages/airflow/example_dags/example_task_group_decorator.py for tasks to queue
[2022-12-30T00:33:45.745+0000] {logging_mixin.py:137} INFO - [2022-12-30T00:33:45.745+0000] {dagbag.py:538} INFO - Filling up the DagBag from /home/airflow/.local/lib/python3.7/site-packages/airflow/example_dags/example_task_group_decorator.py
[2022-12-30T00:33:45.766+0000] {processor.py:753} INFO - DAG(s) dict_keys(['example_task_group_decorator']) retrieved from /home/airflow/.local/lib/python3.7/site-packages/airflow/example_dags/example_task_group_decorator.py
[2022-12-30T00:33:45.799+0000] {logging_mixin.py:137} INFO - [2022-12-30T00:33:45.799+0000] {dag.py:2676} INFO - Sync 1 DAGs
[2022-12-30T00:33:45.817+0000] {logging_mixin.py:137} INFO - [2022-12-30T00:33:45.817+0000] {dag.py:3427} INFO - Setting next_dagrun for example_task_group_decorator to 2022-12-29T00:33:45.817523+00:00, run_after=2022-12-30T00:33:45.817523+00:00
[2022-12-30T00:33:45.829+0000] {processor.py:175} INFO - Processing /home/airflow/.local/lib/python3.7/site-packages/airflow/example_dags/example_task_group_decorator.py took 0.089 seconds
