[2022-12-30T00:00:10.058+0000] {processor.py:153} INFO - Started process (PID=34547) to work on /home/airflow/.local/lib/python3.7/site-packages/airflow/example_dags/example_time_delta_sensor_async.py
[2022-12-30T00:00:10.059+0000] {processor.py:743} INFO - Processing file /home/airflow/.local/lib/python3.7/site-packages/airflow/example_dags/example_time_delta_sensor_async.py for tasks to queue
[2022-12-30T00:00:10.059+0000] {logging_mixin.py:137} INFO - [2022-12-30T00:00:10.059+0000] {dagbag.py:538} INFO - Filling up the DagBag from /home/airflow/.local/lib/python3.7/site-packages/airflow/example_dags/example_time_delta_sensor_async.py
[2022-12-30T00:00:10.069+0000] {processor.py:753} INFO - DAG(s) dict_keys(['example_time_delta_sensor_async']) retrieved from /home/airflow/.local/lib/python3.7/site-packages/airflow/example_dags/example_time_delta_sensor_async.py
[2022-12-30T00:00:10.099+0000] {logging_mixin.py:137} INFO - [2022-12-30T00:00:10.098+0000] {dag.py:2676} INFO - Sync 1 DAGs
[2022-12-30T00:00:10.121+0000] {logging_mixin.py:137} INFO - [2022-12-30T00:00:10.121+0000] {dag.py:3427} INFO - Setting next_dagrun for example_time_delta_sensor_async to None, run_after=None
[2022-12-30T00:00:10.144+0000] {processor.py:175} INFO - Processing /home/airflow/.local/lib/python3.7/site-packages/airflow/example_dags/example_time_delta_sensor_async.py took 0.088 seconds
[2022-12-30T00:00:40.650+0000] {processor.py:153} INFO - Started process (PID=34643) to work on /home/airflow/.local/lib/python3.7/site-packages/airflow/example_dags/example_time_delta_sensor_async.py
[2022-12-30T00:00:40.653+0000] {processor.py:743} INFO - Processing file /home/airflow/.local/lib/python3.7/site-packages/airflow/example_dags/example_time_delta_sensor_async.py for tasks to queue
[2022-12-30T00:00:40.653+0000] {logging_mixin.py:137} INFO - [2022-12-30T00:00:40.653+0000] {dagbag.py:538} INFO - Filling up the DagBag from /home/airflow/.local/lib/python3.7/site-packages/airflow/example_dags/example_time_delta_sensor_async.py
[2022-12-30T00:00:40.662+0000] {processor.py:753} INFO - DAG(s) dict_keys(['example_time_delta_sensor_async']) retrieved from /home/airflow/.local/lib/python3.7/site-packages/airflow/example_dags/example_time_delta_sensor_async.py
[2022-12-30T00:00:40.692+0000] {logging_mixin.py:137} INFO - [2022-12-30T00:00:40.692+0000] {dag.py:2676} INFO - Sync 1 DAGs
[2022-12-30T00:00:40.715+0000] {logging_mixin.py:137} INFO - [2022-12-30T00:00:40.715+0000] {dag.py:3427} INFO - Setting next_dagrun for example_time_delta_sensor_async to None, run_after=None
[2022-12-30T00:00:40.728+0000] {processor.py:175} INFO - Processing /home/airflow/.local/lib/python3.7/site-packages/airflow/example_dags/example_time_delta_sensor_async.py took 0.081 seconds
[2022-12-30T00:01:11.293+0000] {processor.py:153} INFO - Started process (PID=34745) to work on /home/airflow/.local/lib/python3.7/site-packages/airflow/example_dags/example_time_delta_sensor_async.py
[2022-12-30T00:01:11.293+0000] {processor.py:743} INFO - Processing file /home/airflow/.local/lib/python3.7/site-packages/airflow/example_dags/example_time_delta_sensor_async.py for tasks to queue
[2022-12-30T00:01:11.294+0000] {logging_mixin.py:137} INFO - [2022-12-30T00:01:11.294+0000] {dagbag.py:538} INFO - Filling up the DagBag from /home/airflow/.local/lib/python3.7/site-packages/airflow/example_dags/example_time_delta_sensor_async.py
[2022-12-30T00:01:11.303+0000] {processor.py:753} INFO - DAG(s) dict_keys(['example_time_delta_sensor_async']) retrieved from /home/airflow/.local/lib/python3.7/site-packages/airflow/example_dags/example_time_delta_sensor_async.py
[2022-12-30T00:01:11.337+0000] {logging_mixin.py:137} INFO - [2022-12-30T00:01:11.337+0000] {dag.py:2676} INFO - Sync 1 DAGs
[2022-12-30T00:01:11.362+0000] {logging_mixin.py:137} INFO - [2022-12-30T00:01:11.362+0000] {dag.py:3427} INFO - Setting next_dagrun for example_time_delta_sensor_async to None, run_after=None
[2022-12-30T00:01:11.376+0000] {processor.py:175} INFO - Processing /home/airflow/.local/lib/python3.7/site-packages/airflow/example_dags/example_time_delta_sensor_async.py took 0.086 seconds
[2022-12-30T00:01:41.695+0000] {processor.py:153} INFO - Started process (PID=34827) to work on /home/airflow/.local/lib/python3.7/site-packages/airflow/example_dags/example_time_delta_sensor_async.py
[2022-12-30T00:01:41.696+0000] {processor.py:743} INFO - Processing file /home/airflow/.local/lib/python3.7/site-packages/airflow/example_dags/example_time_delta_sensor_async.py for tasks to queue
[2022-12-30T00:01:41.697+0000] {logging_mixin.py:137} INFO - [2022-12-30T00:01:41.697+0000] {dagbag.py:538} INFO - Filling up the DagBag from /home/airflow/.local/lib/python3.7/site-packages/airflow/example_dags/example_time_delta_sensor_async.py
[2022-12-30T00:01:41.705+0000] {processor.py:753} INFO - DAG(s) dict_keys(['example_time_delta_sensor_async']) retrieved from /home/airflow/.local/lib/python3.7/site-packages/airflow/example_dags/example_time_delta_sensor_async.py
[2022-12-30T00:01:41.731+0000] {logging_mixin.py:137} INFO - [2022-12-30T00:01:41.731+0000] {dag.py:2676} INFO - Sync 1 DAGs
[2022-12-30T00:01:41.748+0000] {logging_mixin.py:137} INFO - [2022-12-30T00:01:41.748+0000] {dag.py:3427} INFO - Setting next_dagrun for example_time_delta_sensor_async to None, run_after=None
[2022-12-30T00:01:41.766+0000] {processor.py:175} INFO - Processing /home/airflow/.local/lib/python3.7/site-packages/airflow/example_dags/example_time_delta_sensor_async.py took 0.074 seconds
[2022-12-30T00:02:12.346+0000] {processor.py:153} INFO - Started process (PID=34929) to work on /home/airflow/.local/lib/python3.7/site-packages/airflow/example_dags/example_time_delta_sensor_async.py
[2022-12-30T00:02:12.346+0000] {processor.py:743} INFO - Processing file /home/airflow/.local/lib/python3.7/site-packages/airflow/example_dags/example_time_delta_sensor_async.py for tasks to queue
[2022-12-30T00:02:12.347+0000] {logging_mixin.py:137} INFO - [2022-12-30T00:02:12.347+0000] {dagbag.py:538} INFO - Filling up the DagBag from /home/airflow/.local/lib/python3.7/site-packages/airflow/example_dags/example_time_delta_sensor_async.py
[2022-12-30T00:02:12.358+0000] {processor.py:753} INFO - DAG(s) dict_keys(['example_time_delta_sensor_async']) retrieved from /home/airflow/.local/lib/python3.7/site-packages/airflow/example_dags/example_time_delta_sensor_async.py
[2022-12-30T00:02:12.384+0000] {logging_mixin.py:137} INFO - [2022-12-30T00:02:12.383+0000] {dag.py:2676} INFO - Sync 1 DAGs
[2022-12-30T00:02:12.402+0000] {logging_mixin.py:137} INFO - [2022-12-30T00:02:12.402+0000] {dag.py:3427} INFO - Setting next_dagrun for example_time_delta_sensor_async to None, run_after=None
[2022-12-30T00:02:12.417+0000] {processor.py:175} INFO - Processing /home/airflow/.local/lib/python3.7/site-packages/airflow/example_dags/example_time_delta_sensor_async.py took 0.073 seconds
[2022-12-30T00:02:42.831+0000] {processor.py:153} INFO - Started process (PID=35011) to work on /home/airflow/.local/lib/python3.7/site-packages/airflow/example_dags/example_time_delta_sensor_async.py
[2022-12-30T00:02:42.832+0000] {processor.py:743} INFO - Processing file /home/airflow/.local/lib/python3.7/site-packages/airflow/example_dags/example_time_delta_sensor_async.py for tasks to queue
[2022-12-30T00:02:42.832+0000] {logging_mixin.py:137} INFO - [2022-12-30T00:02:42.832+0000] {dagbag.py:538} INFO - Filling up the DagBag from /home/airflow/.local/lib/python3.7/site-packages/airflow/example_dags/example_time_delta_sensor_async.py
[2022-12-30T00:02:42.841+0000] {processor.py:753} INFO - DAG(s) dict_keys(['example_time_delta_sensor_async']) retrieved from /home/airflow/.local/lib/python3.7/site-packages/airflow/example_dags/example_time_delta_sensor_async.py
[2022-12-30T00:02:42.869+0000] {logging_mixin.py:137} INFO - [2022-12-30T00:02:42.869+0000] {dag.py:2676} INFO - Sync 1 DAGs
[2022-12-30T00:02:42.887+0000] {logging_mixin.py:137} INFO - [2022-12-30T00:02:42.887+0000] {dag.py:3427} INFO - Setting next_dagrun for example_time_delta_sensor_async to None, run_after=None
[2022-12-30T00:02:42.898+0000] {processor.py:175} INFO - Processing /home/airflow/.local/lib/python3.7/site-packages/airflow/example_dags/example_time_delta_sensor_async.py took 0.070 seconds
[2022-12-30T00:03:13.237+0000] {processor.py:153} INFO - Started process (PID=35113) to work on /home/airflow/.local/lib/python3.7/site-packages/airflow/example_dags/example_time_delta_sensor_async.py
[2022-12-30T00:03:13.238+0000] {processor.py:743} INFO - Processing file /home/airflow/.local/lib/python3.7/site-packages/airflow/example_dags/example_time_delta_sensor_async.py for tasks to queue
[2022-12-30T00:03:13.238+0000] {logging_mixin.py:137} INFO - [2022-12-30T00:03:13.238+0000] {dagbag.py:538} INFO - Filling up the DagBag from /home/airflow/.local/lib/python3.7/site-packages/airflow/example_dags/example_time_delta_sensor_async.py
[2022-12-30T00:03:13.248+0000] {processor.py:753} INFO - DAG(s) dict_keys(['example_time_delta_sensor_async']) retrieved from /home/airflow/.local/lib/python3.7/site-packages/airflow/example_dags/example_time_delta_sensor_async.py
[2022-12-30T00:03:13.272+0000] {logging_mixin.py:137} INFO - [2022-12-30T00:03:13.272+0000] {dag.py:2676} INFO - Sync 1 DAGs
[2022-12-30T00:03:13.292+0000] {logging_mixin.py:137} INFO - [2022-12-30T00:03:13.292+0000] {dag.py:3427} INFO - Setting next_dagrun for example_time_delta_sensor_async to None, run_after=None
[2022-12-30T00:03:13.305+0000] {processor.py:175} INFO - Processing /home/airflow/.local/lib/python3.7/site-packages/airflow/example_dags/example_time_delta_sensor_async.py took 0.071 seconds
[2022-12-30T00:03:43.848+0000] {processor.py:153} INFO - Started process (PID=35204) to work on /home/airflow/.local/lib/python3.7/site-packages/airflow/example_dags/example_time_delta_sensor_async.py
[2022-12-30T00:03:43.849+0000] {processor.py:743} INFO - Processing file /home/airflow/.local/lib/python3.7/site-packages/airflow/example_dags/example_time_delta_sensor_async.py for tasks to queue
[2022-12-30T00:03:43.849+0000] {logging_mixin.py:137} INFO - [2022-12-30T00:03:43.849+0000] {dagbag.py:538} INFO - Filling up the DagBag from /home/airflow/.local/lib/python3.7/site-packages/airflow/example_dags/example_time_delta_sensor_async.py
[2022-12-30T00:03:43.857+0000] {processor.py:753} INFO - DAG(s) dict_keys(['example_time_delta_sensor_async']) retrieved from /home/airflow/.local/lib/python3.7/site-packages/airflow/example_dags/example_time_delta_sensor_async.py
[2022-12-30T00:03:43.887+0000] {logging_mixin.py:137} INFO - [2022-12-30T00:03:43.887+0000] {dag.py:2676} INFO - Sync 1 DAGs
[2022-12-30T00:03:43.907+0000] {logging_mixin.py:137} INFO - [2022-12-30T00:03:43.907+0000] {dag.py:3427} INFO - Setting next_dagrun for example_time_delta_sensor_async to None, run_after=None
[2022-12-30T00:03:43.920+0000] {processor.py:175} INFO - Processing /home/airflow/.local/lib/python3.7/site-packages/airflow/example_dags/example_time_delta_sensor_async.py took 0.076 seconds
[2022-12-30T00:04:14.706+0000] {processor.py:153} INFO - Started process (PID=35297) to work on /home/airflow/.local/lib/python3.7/site-packages/airflow/example_dags/example_time_delta_sensor_async.py
[2022-12-30T00:04:14.706+0000] {processor.py:743} INFO - Processing file /home/airflow/.local/lib/python3.7/site-packages/airflow/example_dags/example_time_delta_sensor_async.py for tasks to queue
[2022-12-30T00:04:14.707+0000] {logging_mixin.py:137} INFO - [2022-12-30T00:04:14.707+0000] {dagbag.py:538} INFO - Filling up the DagBag from /home/airflow/.local/lib/python3.7/site-packages/airflow/example_dags/example_time_delta_sensor_async.py
[2022-12-30T00:04:14.716+0000] {processor.py:753} INFO - DAG(s) dict_keys(['example_time_delta_sensor_async']) retrieved from /home/airflow/.local/lib/python3.7/site-packages/airflow/example_dags/example_time_delta_sensor_async.py
[2022-12-30T00:04:14.750+0000] {logging_mixin.py:137} INFO - [2022-12-30T00:04:14.750+0000] {dag.py:2676} INFO - Sync 1 DAGs
[2022-12-30T00:04:14.777+0000] {logging_mixin.py:137} INFO - [2022-12-30T00:04:14.777+0000] {dag.py:3427} INFO - Setting next_dagrun for example_time_delta_sensor_async to None, run_after=None
[2022-12-30T00:04:14.794+0000] {processor.py:175} INFO - Processing /home/airflow/.local/lib/python3.7/site-packages/airflow/example_dags/example_time_delta_sensor_async.py took 0.093 seconds
[2022-12-30T00:04:45.338+0000] {processor.py:153} INFO - Started process (PID=35399) to work on /home/airflow/.local/lib/python3.7/site-packages/airflow/example_dags/example_time_delta_sensor_async.py
[2022-12-30T00:04:45.339+0000] {processor.py:743} INFO - Processing file /home/airflow/.local/lib/python3.7/site-packages/airflow/example_dags/example_time_delta_sensor_async.py for tasks to queue
[2022-12-30T00:04:45.339+0000] {logging_mixin.py:137} INFO - [2022-12-30T00:04:45.339+0000] {dagbag.py:538} INFO - Filling up the DagBag from /home/airflow/.local/lib/python3.7/site-packages/airflow/example_dags/example_time_delta_sensor_async.py
[2022-12-30T00:04:45.350+0000] {processor.py:753} INFO - DAG(s) dict_keys(['example_time_delta_sensor_async']) retrieved from /home/airflow/.local/lib/python3.7/site-packages/airflow/example_dags/example_time_delta_sensor_async.py
[2022-12-30T00:04:45.378+0000] {logging_mixin.py:137} INFO - [2022-12-30T00:04:45.378+0000] {dag.py:2676} INFO - Sync 1 DAGs
[2022-12-30T00:04:45.394+0000] {logging_mixin.py:137} INFO - [2022-12-30T00:04:45.394+0000] {dag.py:3427} INFO - Setting next_dagrun for example_time_delta_sensor_async to None, run_after=None
[2022-12-30T00:04:45.405+0000] {processor.py:175} INFO - Processing /home/airflow/.local/lib/python3.7/site-packages/airflow/example_dags/example_time_delta_sensor_async.py took 0.070 seconds
[2022-12-30T00:05:15.829+0000] {processor.py:153} INFO - Started process (PID=35481) to work on /home/airflow/.local/lib/python3.7/site-packages/airflow/example_dags/example_time_delta_sensor_async.py
[2022-12-30T00:05:15.829+0000] {processor.py:743} INFO - Processing file /home/airflow/.local/lib/python3.7/site-packages/airflow/example_dags/example_time_delta_sensor_async.py for tasks to queue
[2022-12-30T00:05:15.830+0000] {logging_mixin.py:137} INFO - [2022-12-30T00:05:15.830+0000] {dagbag.py:538} INFO - Filling up the DagBag from /home/airflow/.local/lib/python3.7/site-packages/airflow/example_dags/example_time_delta_sensor_async.py
[2022-12-30T00:05:15.837+0000] {processor.py:753} INFO - DAG(s) dict_keys(['example_time_delta_sensor_async']) retrieved from /home/airflow/.local/lib/python3.7/site-packages/airflow/example_dags/example_time_delta_sensor_async.py
[2022-12-30T00:05:15.864+0000] {logging_mixin.py:137} INFO - [2022-12-30T00:05:15.864+0000] {dag.py:2676} INFO - Sync 1 DAGs
[2022-12-30T00:05:15.883+0000] {logging_mixin.py:137} INFO - [2022-12-30T00:05:15.883+0000] {dag.py:3427} INFO - Setting next_dagrun for example_time_delta_sensor_async to None, run_after=None
[2022-12-30T00:05:15.896+0000] {processor.py:175} INFO - Processing /home/airflow/.local/lib/python3.7/site-packages/airflow/example_dags/example_time_delta_sensor_async.py took 0.070 seconds
[2022-12-30T00:05:46.150+0000] {processor.py:153} INFO - Started process (PID=35583) to work on /home/airflow/.local/lib/python3.7/site-packages/airflow/example_dags/example_time_delta_sensor_async.py
[2022-12-30T00:05:46.151+0000] {processor.py:743} INFO - Processing file /home/airflow/.local/lib/python3.7/site-packages/airflow/example_dags/example_time_delta_sensor_async.py for tasks to queue
[2022-12-30T00:05:46.151+0000] {logging_mixin.py:137} INFO - [2022-12-30T00:05:46.151+0000] {dagbag.py:538} INFO - Filling up the DagBag from /home/airflow/.local/lib/python3.7/site-packages/airflow/example_dags/example_time_delta_sensor_async.py
[2022-12-30T00:05:46.159+0000] {processor.py:753} INFO - DAG(s) dict_keys(['example_time_delta_sensor_async']) retrieved from /home/airflow/.local/lib/python3.7/site-packages/airflow/example_dags/example_time_delta_sensor_async.py
[2022-12-30T00:05:46.183+0000] {logging_mixin.py:137} INFO - [2022-12-30T00:05:46.183+0000] {dag.py:2676} INFO - Sync 1 DAGs
[2022-12-30T00:05:46.202+0000] {logging_mixin.py:137} INFO - [2022-12-30T00:05:46.202+0000] {dag.py:3427} INFO - Setting next_dagrun for example_time_delta_sensor_async to None, run_after=None
[2022-12-30T00:05:46.216+0000] {processor.py:175} INFO - Processing /home/airflow/.local/lib/python3.7/site-packages/airflow/example_dags/example_time_delta_sensor_async.py took 0.069 seconds
[2022-12-30T00:06:16.623+0000] {processor.py:153} INFO - Started process (PID=35665) to work on /home/airflow/.local/lib/python3.7/site-packages/airflow/example_dags/example_time_delta_sensor_async.py
[2022-12-30T00:06:16.624+0000] {processor.py:743} INFO - Processing file /home/airflow/.local/lib/python3.7/site-packages/airflow/example_dags/example_time_delta_sensor_async.py for tasks to queue
[2022-12-30T00:06:16.624+0000] {logging_mixin.py:137} INFO - [2022-12-30T00:06:16.624+0000] {dagbag.py:538} INFO - Filling up the DagBag from /home/airflow/.local/lib/python3.7/site-packages/airflow/example_dags/example_time_delta_sensor_async.py
[2022-12-30T00:06:16.632+0000] {processor.py:753} INFO - DAG(s) dict_keys(['example_time_delta_sensor_async']) retrieved from /home/airflow/.local/lib/python3.7/site-packages/airflow/example_dags/example_time_delta_sensor_async.py
[2022-12-30T00:06:16.661+0000] {logging_mixin.py:137} INFO - [2022-12-30T00:06:16.661+0000] {dag.py:2676} INFO - Sync 1 DAGs
[2022-12-30T00:06:16.679+0000] {logging_mixin.py:137} INFO - [2022-12-30T00:06:16.678+0000] {dag.py:3427} INFO - Setting next_dagrun for example_time_delta_sensor_async to None, run_after=None
[2022-12-30T00:06:16.690+0000] {processor.py:175} INFO - Processing /home/airflow/.local/lib/python3.7/site-packages/airflow/example_dags/example_time_delta_sensor_async.py took 0.070 seconds
[2022-12-30T00:06:47.011+0000] {processor.py:153} INFO - Started process (PID=35767) to work on /home/airflow/.local/lib/python3.7/site-packages/airflow/example_dags/example_time_delta_sensor_async.py
[2022-12-30T00:06:47.015+0000] {processor.py:743} INFO - Processing file /home/airflow/.local/lib/python3.7/site-packages/airflow/example_dags/example_time_delta_sensor_async.py for tasks to queue
[2022-12-30T00:06:47.015+0000] {logging_mixin.py:137} INFO - [2022-12-30T00:06:47.015+0000] {dagbag.py:538} INFO - Filling up the DagBag from /home/airflow/.local/lib/python3.7/site-packages/airflow/example_dags/example_time_delta_sensor_async.py
[2022-12-30T00:06:47.027+0000] {processor.py:753} INFO - DAG(s) dict_keys(['example_time_delta_sensor_async']) retrieved from /home/airflow/.local/lib/python3.7/site-packages/airflow/example_dags/example_time_delta_sensor_async.py
[2022-12-30T00:06:47.055+0000] {logging_mixin.py:137} INFO - [2022-12-30T00:06:47.055+0000] {dag.py:2676} INFO - Sync 1 DAGs
[2022-12-30T00:06:47.076+0000] {logging_mixin.py:137} INFO - [2022-12-30T00:06:47.076+0000] {dag.py:3427} INFO - Setting next_dagrun for example_time_delta_sensor_async to None, run_after=None
[2022-12-30T00:06:47.088+0000] {processor.py:175} INFO - Processing /home/airflow/.local/lib/python3.7/site-packages/airflow/example_dags/example_time_delta_sensor_async.py took 0.078 seconds
[2022-12-30T00:07:18.996+0000] {processor.py:153} INFO - Started process (PID=35869) to work on /home/airflow/.local/lib/python3.7/site-packages/airflow/example_dags/example_time_delta_sensor_async.py
[2022-12-30T00:07:18.997+0000] {processor.py:743} INFO - Processing file /home/airflow/.local/lib/python3.7/site-packages/airflow/example_dags/example_time_delta_sensor_async.py for tasks to queue
[2022-12-30T00:07:18.998+0000] {logging_mixin.py:137} INFO - [2022-12-30T00:07:18.998+0000] {dagbag.py:538} INFO - Filling up the DagBag from /home/airflow/.local/lib/python3.7/site-packages/airflow/example_dags/example_time_delta_sensor_async.py
[2022-12-30T00:07:19.010+0000] {processor.py:753} INFO - DAG(s) dict_keys(['example_time_delta_sensor_async']) retrieved from /home/airflow/.local/lib/python3.7/site-packages/airflow/example_dags/example_time_delta_sensor_async.py
[2022-12-30T00:07:19.048+0000] {logging_mixin.py:137} INFO - [2022-12-30T00:07:19.048+0000] {dag.py:2676} INFO - Sync 1 DAGs
[2022-12-30T00:07:19.077+0000] {logging_mixin.py:137} INFO - [2022-12-30T00:07:19.076+0000] {dag.py:3427} INFO - Setting next_dagrun for example_time_delta_sensor_async to None, run_after=None
[2022-12-30T00:07:19.105+0000] {processor.py:175} INFO - Processing /home/airflow/.local/lib/python3.7/site-packages/airflow/example_dags/example_time_delta_sensor_async.py took 0.111 seconds
[2022-12-30T00:07:49.752+0000] {processor.py:153} INFO - Started process (PID=35951) to work on /home/airflow/.local/lib/python3.7/site-packages/airflow/example_dags/example_time_delta_sensor_async.py
[2022-12-30T00:07:49.753+0000] {processor.py:743} INFO - Processing file /home/airflow/.local/lib/python3.7/site-packages/airflow/example_dags/example_time_delta_sensor_async.py for tasks to queue
[2022-12-30T00:07:49.754+0000] {logging_mixin.py:137} INFO - [2022-12-30T00:07:49.754+0000] {dagbag.py:538} INFO - Filling up the DagBag from /home/airflow/.local/lib/python3.7/site-packages/airflow/example_dags/example_time_delta_sensor_async.py
[2022-12-30T00:07:49.762+0000] {processor.py:753} INFO - DAG(s) dict_keys(['example_time_delta_sensor_async']) retrieved from /home/airflow/.local/lib/python3.7/site-packages/airflow/example_dags/example_time_delta_sensor_async.py
[2022-12-30T00:07:49.788+0000] {logging_mixin.py:137} INFO - [2022-12-30T00:07:49.788+0000] {dag.py:2676} INFO - Sync 1 DAGs
[2022-12-30T00:07:49.808+0000] {logging_mixin.py:137} INFO - [2022-12-30T00:07:49.807+0000] {dag.py:3427} INFO - Setting next_dagrun for example_time_delta_sensor_async to None, run_after=None
[2022-12-30T00:07:49.819+0000] {processor.py:175} INFO - Processing /home/airflow/.local/lib/python3.7/site-packages/airflow/example_dags/example_time_delta_sensor_async.py took 0.071 seconds
[2022-12-30T00:08:20.398+0000] {processor.py:153} INFO - Started process (PID=36053) to work on /home/airflow/.local/lib/python3.7/site-packages/airflow/example_dags/example_time_delta_sensor_async.py
[2022-12-30T00:08:20.399+0000] {processor.py:743} INFO - Processing file /home/airflow/.local/lib/python3.7/site-packages/airflow/example_dags/example_time_delta_sensor_async.py for tasks to queue
[2022-12-30T00:08:20.399+0000] {logging_mixin.py:137} INFO - [2022-12-30T00:08:20.399+0000] {dagbag.py:538} INFO - Filling up the DagBag from /home/airflow/.local/lib/python3.7/site-packages/airflow/example_dags/example_time_delta_sensor_async.py
[2022-12-30T00:08:20.408+0000] {processor.py:753} INFO - DAG(s) dict_keys(['example_time_delta_sensor_async']) retrieved from /home/airflow/.local/lib/python3.7/site-packages/airflow/example_dags/example_time_delta_sensor_async.py
[2022-12-30T00:08:20.438+0000] {logging_mixin.py:137} INFO - [2022-12-30T00:08:20.438+0000] {dag.py:2676} INFO - Sync 1 DAGs
[2022-12-30T00:08:20.462+0000] {logging_mixin.py:137} INFO - [2022-12-30T00:08:20.462+0000] {dag.py:3427} INFO - Setting next_dagrun for example_time_delta_sensor_async to None, run_after=None
[2022-12-30T00:08:20.473+0000] {processor.py:175} INFO - Processing /home/airflow/.local/lib/python3.7/site-packages/airflow/example_dags/example_time_delta_sensor_async.py took 0.078 seconds
[2022-12-30T00:08:50.860+0000] {processor.py:153} INFO - Started process (PID=36135) to work on /home/airflow/.local/lib/python3.7/site-packages/airflow/example_dags/example_time_delta_sensor_async.py
[2022-12-30T00:08:50.861+0000] {processor.py:743} INFO - Processing file /home/airflow/.local/lib/python3.7/site-packages/airflow/example_dags/example_time_delta_sensor_async.py for tasks to queue
[2022-12-30T00:08:50.861+0000] {logging_mixin.py:137} INFO - [2022-12-30T00:08:50.861+0000] {dagbag.py:538} INFO - Filling up the DagBag from /home/airflow/.local/lib/python3.7/site-packages/airflow/example_dags/example_time_delta_sensor_async.py
[2022-12-30T00:08:50.869+0000] {processor.py:753} INFO - DAG(s) dict_keys(['example_time_delta_sensor_async']) retrieved from /home/airflow/.local/lib/python3.7/site-packages/airflow/example_dags/example_time_delta_sensor_async.py
[2022-12-30T00:08:50.896+0000] {logging_mixin.py:137} INFO - [2022-12-30T00:08:50.896+0000] {dag.py:2676} INFO - Sync 1 DAGs
[2022-12-30T00:08:50.914+0000] {logging_mixin.py:137} INFO - [2022-12-30T00:08:50.914+0000] {dag.py:3427} INFO - Setting next_dagrun for example_time_delta_sensor_async to None, run_after=None
[2022-12-30T00:08:50.925+0000] {processor.py:175} INFO - Processing /home/airflow/.local/lib/python3.7/site-packages/airflow/example_dags/example_time_delta_sensor_async.py took 0.068 seconds
[2022-12-30T00:09:21.436+0000] {processor.py:153} INFO - Started process (PID=36237) to work on /home/airflow/.local/lib/python3.7/site-packages/airflow/example_dags/example_time_delta_sensor_async.py
[2022-12-30T00:09:21.437+0000] {processor.py:743} INFO - Processing file /home/airflow/.local/lib/python3.7/site-packages/airflow/example_dags/example_time_delta_sensor_async.py for tasks to queue
[2022-12-30T00:09:21.437+0000] {logging_mixin.py:137} INFO - [2022-12-30T00:09:21.437+0000] {dagbag.py:538} INFO - Filling up the DagBag from /home/airflow/.local/lib/python3.7/site-packages/airflow/example_dags/example_time_delta_sensor_async.py
[2022-12-30T00:09:21.445+0000] {processor.py:753} INFO - DAG(s) dict_keys(['example_time_delta_sensor_async']) retrieved from /home/airflow/.local/lib/python3.7/site-packages/airflow/example_dags/example_time_delta_sensor_async.py
[2022-12-30T00:09:21.470+0000] {logging_mixin.py:137} INFO - [2022-12-30T00:09:21.469+0000] {dag.py:2676} INFO - Sync 1 DAGs
[2022-12-30T00:09:21.491+0000] {logging_mixin.py:137} INFO - [2022-12-30T00:09:21.491+0000] {dag.py:3427} INFO - Setting next_dagrun for example_time_delta_sensor_async to None, run_after=None
[2022-12-30T00:09:21.503+0000] {processor.py:175} INFO - Processing /home/airflow/.local/lib/python3.7/site-packages/airflow/example_dags/example_time_delta_sensor_async.py took 0.069 seconds
[2022-12-30T00:09:52.138+0000] {processor.py:153} INFO - Started process (PID=36339) to work on /home/airflow/.local/lib/python3.7/site-packages/airflow/example_dags/example_time_delta_sensor_async.py
[2022-12-30T00:09:52.138+0000] {processor.py:743} INFO - Processing file /home/airflow/.local/lib/python3.7/site-packages/airflow/example_dags/example_time_delta_sensor_async.py for tasks to queue
[2022-12-30T00:09:52.139+0000] {logging_mixin.py:137} INFO - [2022-12-30T00:09:52.139+0000] {dagbag.py:538} INFO - Filling up the DagBag from /home/airflow/.local/lib/python3.7/site-packages/airflow/example_dags/example_time_delta_sensor_async.py
[2022-12-30T00:09:52.147+0000] {processor.py:753} INFO - DAG(s) dict_keys(['example_time_delta_sensor_async']) retrieved from /home/airflow/.local/lib/python3.7/site-packages/airflow/example_dags/example_time_delta_sensor_async.py
[2022-12-30T00:09:52.175+0000] {logging_mixin.py:137} INFO - [2022-12-30T00:09:52.175+0000] {dag.py:2676} INFO - Sync 1 DAGs
[2022-12-30T00:09:52.194+0000] {logging_mixin.py:137} INFO - [2022-12-30T00:09:52.194+0000] {dag.py:3427} INFO - Setting next_dagrun for example_time_delta_sensor_async to None, run_after=None
[2022-12-30T00:09:52.210+0000] {processor.py:175} INFO - Processing /home/airflow/.local/lib/python3.7/site-packages/airflow/example_dags/example_time_delta_sensor_async.py took 0.076 seconds
[2022-12-30T00:10:22.690+0000] {processor.py:153} INFO - Started process (PID=36421) to work on /home/airflow/.local/lib/python3.7/site-packages/airflow/example_dags/example_time_delta_sensor_async.py
[2022-12-30T00:10:22.691+0000] {processor.py:743} INFO - Processing file /home/airflow/.local/lib/python3.7/site-packages/airflow/example_dags/example_time_delta_sensor_async.py for tasks to queue
[2022-12-30T00:10:22.692+0000] {logging_mixin.py:137} INFO - [2022-12-30T00:10:22.692+0000] {dagbag.py:538} INFO - Filling up the DagBag from /home/airflow/.local/lib/python3.7/site-packages/airflow/example_dags/example_time_delta_sensor_async.py
[2022-12-30T00:10:22.703+0000] {processor.py:753} INFO - DAG(s) dict_keys(['example_time_delta_sensor_async']) retrieved from /home/airflow/.local/lib/python3.7/site-packages/airflow/example_dags/example_time_delta_sensor_async.py
[2022-12-30T00:10:22.736+0000] {logging_mixin.py:137} INFO - [2022-12-30T00:10:22.736+0000] {dag.py:2676} INFO - Sync 1 DAGs
[2022-12-30T00:10:22.754+0000] {logging_mixin.py:137} INFO - [2022-12-30T00:10:22.754+0000] {dag.py:3427} INFO - Setting next_dagrun for example_time_delta_sensor_async to None, run_after=None
[2022-12-30T00:10:22.765+0000] {processor.py:175} INFO - Processing /home/airflow/.local/lib/python3.7/site-packages/airflow/example_dags/example_time_delta_sensor_async.py took 0.078 seconds
[2022-12-30T00:10:53.246+0000] {processor.py:153} INFO - Started process (PID=36523) to work on /home/airflow/.local/lib/python3.7/site-packages/airflow/example_dags/example_time_delta_sensor_async.py
[2022-12-30T00:10:53.246+0000] {processor.py:743} INFO - Processing file /home/airflow/.local/lib/python3.7/site-packages/airflow/example_dags/example_time_delta_sensor_async.py for tasks to queue
[2022-12-30T00:10:53.247+0000] {logging_mixin.py:137} INFO - [2022-12-30T00:10:53.247+0000] {dagbag.py:538} INFO - Filling up the DagBag from /home/airflow/.local/lib/python3.7/site-packages/airflow/example_dags/example_time_delta_sensor_async.py
[2022-12-30T00:10:53.257+0000] {processor.py:753} INFO - DAG(s) dict_keys(['example_time_delta_sensor_async']) retrieved from /home/airflow/.local/lib/python3.7/site-packages/airflow/example_dags/example_time_delta_sensor_async.py
[2022-12-30T00:10:53.290+0000] {logging_mixin.py:137} INFO - [2022-12-30T00:10:53.290+0000] {dag.py:2676} INFO - Sync 1 DAGs
[2022-12-30T00:10:53.308+0000] {logging_mixin.py:137} INFO - [2022-12-30T00:10:53.308+0000] {dag.py:3427} INFO - Setting next_dagrun for example_time_delta_sensor_async to None, run_after=None
[2022-12-30T00:10:53.319+0000] {processor.py:175} INFO - Processing /home/airflow/.local/lib/python3.7/site-packages/airflow/example_dags/example_time_delta_sensor_async.py took 0.076 seconds
[2022-12-30T00:11:23.673+0000] {processor.py:153} INFO - Started process (PID=36605) to work on /home/airflow/.local/lib/python3.7/site-packages/airflow/example_dags/example_time_delta_sensor_async.py
[2022-12-30T00:11:23.674+0000] {processor.py:743} INFO - Processing file /home/airflow/.local/lib/python3.7/site-packages/airflow/example_dags/example_time_delta_sensor_async.py for tasks to queue
[2022-12-30T00:11:23.674+0000] {logging_mixin.py:137} INFO - [2022-12-30T00:11:23.674+0000] {dagbag.py:538} INFO - Filling up the DagBag from /home/airflow/.local/lib/python3.7/site-packages/airflow/example_dags/example_time_delta_sensor_async.py
[2022-12-30T00:11:23.683+0000] {processor.py:753} INFO - DAG(s) dict_keys(['example_time_delta_sensor_async']) retrieved from /home/airflow/.local/lib/python3.7/site-packages/airflow/example_dags/example_time_delta_sensor_async.py
[2022-12-30T00:11:23.712+0000] {logging_mixin.py:137} INFO - [2022-12-30T00:11:23.712+0000] {dag.py:2676} INFO - Sync 1 DAGs
[2022-12-30T00:11:23.735+0000] {logging_mixin.py:137} INFO - [2022-12-30T00:11:23.735+0000] {dag.py:3427} INFO - Setting next_dagrun for example_time_delta_sensor_async to None, run_after=None
[2022-12-30T00:11:23.750+0000] {processor.py:175} INFO - Processing /home/airflow/.local/lib/python3.7/site-packages/airflow/example_dags/example_time_delta_sensor_async.py took 0.079 seconds
[2022-12-30T00:11:54.131+0000] {processor.py:153} INFO - Started process (PID=36707) to work on /home/airflow/.local/lib/python3.7/site-packages/airflow/example_dags/example_time_delta_sensor_async.py
[2022-12-30T00:11:54.132+0000] {processor.py:743} INFO - Processing file /home/airflow/.local/lib/python3.7/site-packages/airflow/example_dags/example_time_delta_sensor_async.py for tasks to queue
[2022-12-30T00:11:54.132+0000] {logging_mixin.py:137} INFO - [2022-12-30T00:11:54.132+0000] {dagbag.py:538} INFO - Filling up the DagBag from /home/airflow/.local/lib/python3.7/site-packages/airflow/example_dags/example_time_delta_sensor_async.py
[2022-12-30T00:11:54.142+0000] {processor.py:753} INFO - DAG(s) dict_keys(['example_time_delta_sensor_async']) retrieved from /home/airflow/.local/lib/python3.7/site-packages/airflow/example_dags/example_time_delta_sensor_async.py
[2022-12-30T00:11:54.168+0000] {logging_mixin.py:137} INFO - [2022-12-30T00:11:54.168+0000] {dag.py:2676} INFO - Sync 1 DAGs
[2022-12-30T00:11:54.187+0000] {logging_mixin.py:137} INFO - [2022-12-30T00:11:54.187+0000] {dag.py:3427} INFO - Setting next_dagrun for example_time_delta_sensor_async to None, run_after=None
[2022-12-30T00:11:54.200+0000] {processor.py:175} INFO - Processing /home/airflow/.local/lib/python3.7/site-packages/airflow/example_dags/example_time_delta_sensor_async.py took 0.073 seconds
[2022-12-30T00:12:24.562+0000] {processor.py:153} INFO - Started process (PID=36809) to work on /home/airflow/.local/lib/python3.7/site-packages/airflow/example_dags/example_time_delta_sensor_async.py
[2022-12-30T00:12:24.563+0000] {processor.py:743} INFO - Processing file /home/airflow/.local/lib/python3.7/site-packages/airflow/example_dags/example_time_delta_sensor_async.py for tasks to queue
[2022-12-30T00:12:24.564+0000] {logging_mixin.py:137} INFO - [2022-12-30T00:12:24.563+0000] {dagbag.py:538} INFO - Filling up the DagBag from /home/airflow/.local/lib/python3.7/site-packages/airflow/example_dags/example_time_delta_sensor_async.py
[2022-12-30T00:12:24.572+0000] {processor.py:753} INFO - DAG(s) dict_keys(['example_time_delta_sensor_async']) retrieved from /home/airflow/.local/lib/python3.7/site-packages/airflow/example_dags/example_time_delta_sensor_async.py
[2022-12-30T00:12:24.601+0000] {logging_mixin.py:137} INFO - [2022-12-30T00:12:24.601+0000] {dag.py:2676} INFO - Sync 1 DAGs
[2022-12-30T00:12:24.621+0000] {logging_mixin.py:137} INFO - [2022-12-30T00:12:24.621+0000] {dag.py:3427} INFO - Setting next_dagrun for example_time_delta_sensor_async to None, run_after=None
[2022-12-30T00:12:24.635+0000] {processor.py:175} INFO - Processing /home/airflow/.local/lib/python3.7/site-packages/airflow/example_dags/example_time_delta_sensor_async.py took 0.076 seconds
[2022-12-30T00:12:55.039+0000] {processor.py:153} INFO - Started process (PID=36891) to work on /home/airflow/.local/lib/python3.7/site-packages/airflow/example_dags/example_time_delta_sensor_async.py
[2022-12-30T00:12:55.040+0000] {processor.py:743} INFO - Processing file /home/airflow/.local/lib/python3.7/site-packages/airflow/example_dags/example_time_delta_sensor_async.py for tasks to queue
[2022-12-30T00:12:55.040+0000] {logging_mixin.py:137} INFO - [2022-12-30T00:12:55.040+0000] {dagbag.py:538} INFO - Filling up the DagBag from /home/airflow/.local/lib/python3.7/site-packages/airflow/example_dags/example_time_delta_sensor_async.py
[2022-12-30T00:12:55.049+0000] {processor.py:753} INFO - DAG(s) dict_keys(['example_time_delta_sensor_async']) retrieved from /home/airflow/.local/lib/python3.7/site-packages/airflow/example_dags/example_time_delta_sensor_async.py
[2022-12-30T00:12:55.074+0000] {logging_mixin.py:137} INFO - [2022-12-30T00:12:55.074+0000] {dag.py:2676} INFO - Sync 1 DAGs
[2022-12-30T00:12:55.091+0000] {logging_mixin.py:137} INFO - [2022-12-30T00:12:55.090+0000] {dag.py:3427} INFO - Setting next_dagrun for example_time_delta_sensor_async to None, run_after=None
[2022-12-30T00:12:55.102+0000] {processor.py:175} INFO - Processing /home/airflow/.local/lib/python3.7/site-packages/airflow/example_dags/example_time_delta_sensor_async.py took 0.064 seconds
[2022-12-30T00:13:25.498+0000] {processor.py:153} INFO - Started process (PID=36993) to work on /home/airflow/.local/lib/python3.7/site-packages/airflow/example_dags/example_time_delta_sensor_async.py
[2022-12-30T00:13:25.499+0000] {processor.py:743} INFO - Processing file /home/airflow/.local/lib/python3.7/site-packages/airflow/example_dags/example_time_delta_sensor_async.py for tasks to queue
[2022-12-30T00:13:25.499+0000] {logging_mixin.py:137} INFO - [2022-12-30T00:13:25.499+0000] {dagbag.py:538} INFO - Filling up the DagBag from /home/airflow/.local/lib/python3.7/site-packages/airflow/example_dags/example_time_delta_sensor_async.py
[2022-12-30T00:13:25.510+0000] {processor.py:753} INFO - DAG(s) dict_keys(['example_time_delta_sensor_async']) retrieved from /home/airflow/.local/lib/python3.7/site-packages/airflow/example_dags/example_time_delta_sensor_async.py
[2022-12-30T00:13:25.536+0000] {logging_mixin.py:137} INFO - [2022-12-30T00:13:25.536+0000] {dag.py:2676} INFO - Sync 1 DAGs
[2022-12-30T00:13:25.557+0000] {logging_mixin.py:137} INFO - [2022-12-30T00:13:25.557+0000] {dag.py:3427} INFO - Setting next_dagrun for example_time_delta_sensor_async to None, run_after=None
[2022-12-30T00:13:25.569+0000] {processor.py:175} INFO - Processing /home/airflow/.local/lib/python3.7/site-packages/airflow/example_dags/example_time_delta_sensor_async.py took 0.074 seconds
[2022-12-30T00:13:55.832+0000] {processor.py:153} INFO - Started process (PID=37075) to work on /home/airflow/.local/lib/python3.7/site-packages/airflow/example_dags/example_time_delta_sensor_async.py
[2022-12-30T00:13:55.833+0000] {processor.py:743} INFO - Processing file /home/airflow/.local/lib/python3.7/site-packages/airflow/example_dags/example_time_delta_sensor_async.py for tasks to queue
[2022-12-30T00:13:55.833+0000] {logging_mixin.py:137} INFO - [2022-12-30T00:13:55.833+0000] {dagbag.py:538} INFO - Filling up the DagBag from /home/airflow/.local/lib/python3.7/site-packages/airflow/example_dags/example_time_delta_sensor_async.py
[2022-12-30T00:13:55.841+0000] {processor.py:753} INFO - DAG(s) dict_keys(['example_time_delta_sensor_async']) retrieved from /home/airflow/.local/lib/python3.7/site-packages/airflow/example_dags/example_time_delta_sensor_async.py
[2022-12-30T00:13:55.869+0000] {logging_mixin.py:137} INFO - [2022-12-30T00:13:55.869+0000] {dag.py:2676} INFO - Sync 1 DAGs
[2022-12-30T00:13:55.888+0000] {logging_mixin.py:137} INFO - [2022-12-30T00:13:55.888+0000] {dag.py:3427} INFO - Setting next_dagrun for example_time_delta_sensor_async to None, run_after=None
[2022-12-30T00:13:55.900+0000] {processor.py:175} INFO - Processing /home/airflow/.local/lib/python3.7/site-packages/airflow/example_dags/example_time_delta_sensor_async.py took 0.070 seconds
[2022-12-30T00:14:26.374+0000] {processor.py:153} INFO - Started process (PID=37177) to work on /home/airflow/.local/lib/python3.7/site-packages/airflow/example_dags/example_time_delta_sensor_async.py
[2022-12-30T00:14:26.374+0000] {processor.py:743} INFO - Processing file /home/airflow/.local/lib/python3.7/site-packages/airflow/example_dags/example_time_delta_sensor_async.py for tasks to queue
[2022-12-30T00:14:26.375+0000] {logging_mixin.py:137} INFO - [2022-12-30T00:14:26.375+0000] {dagbag.py:538} INFO - Filling up the DagBag from /home/airflow/.local/lib/python3.7/site-packages/airflow/example_dags/example_time_delta_sensor_async.py
[2022-12-30T00:14:26.384+0000] {processor.py:753} INFO - DAG(s) dict_keys(['example_time_delta_sensor_async']) retrieved from /home/airflow/.local/lib/python3.7/site-packages/airflow/example_dags/example_time_delta_sensor_async.py
[2022-12-30T00:14:26.418+0000] {logging_mixin.py:137} INFO - [2022-12-30T00:14:26.418+0000] {dag.py:2676} INFO - Sync 1 DAGs
[2022-12-30T00:14:26.436+0000] {logging_mixin.py:137} INFO - [2022-12-30T00:14:26.435+0000] {dag.py:3427} INFO - Setting next_dagrun for example_time_delta_sensor_async to None, run_after=None
[2022-12-30T00:14:26.447+0000] {processor.py:175} INFO - Processing /home/airflow/.local/lib/python3.7/site-packages/airflow/example_dags/example_time_delta_sensor_async.py took 0.076 seconds
[2022-12-30T00:14:56.847+0000] {processor.py:153} INFO - Started process (PID=37259) to work on /home/airflow/.local/lib/python3.7/site-packages/airflow/example_dags/example_time_delta_sensor_async.py
[2022-12-30T00:14:56.847+0000] {processor.py:743} INFO - Processing file /home/airflow/.local/lib/python3.7/site-packages/airflow/example_dags/example_time_delta_sensor_async.py for tasks to queue
[2022-12-30T00:14:56.848+0000] {logging_mixin.py:137} INFO - [2022-12-30T00:14:56.848+0000] {dagbag.py:538} INFO - Filling up the DagBag from /home/airflow/.local/lib/python3.7/site-packages/airflow/example_dags/example_time_delta_sensor_async.py
[2022-12-30T00:14:56.858+0000] {processor.py:753} INFO - DAG(s) dict_keys(['example_time_delta_sensor_async']) retrieved from /home/airflow/.local/lib/python3.7/site-packages/airflow/example_dags/example_time_delta_sensor_async.py
[2022-12-30T00:14:56.888+0000] {logging_mixin.py:137} INFO - [2022-12-30T00:14:56.888+0000] {dag.py:2676} INFO - Sync 1 DAGs
[2022-12-30T00:14:56.907+0000] {logging_mixin.py:137} INFO - [2022-12-30T00:14:56.907+0000] {dag.py:3427} INFO - Setting next_dagrun for example_time_delta_sensor_async to None, run_after=None
[2022-12-30T00:14:56.923+0000] {processor.py:175} INFO - Processing /home/airflow/.local/lib/python3.7/site-packages/airflow/example_dags/example_time_delta_sensor_async.py took 0.079 seconds
[2022-12-30T00:15:27.248+0000] {processor.py:153} INFO - Started process (PID=37361) to work on /home/airflow/.local/lib/python3.7/site-packages/airflow/example_dags/example_time_delta_sensor_async.py
[2022-12-30T00:15:27.249+0000] {processor.py:743} INFO - Processing file /home/airflow/.local/lib/python3.7/site-packages/airflow/example_dags/example_time_delta_sensor_async.py for tasks to queue
[2022-12-30T00:15:27.249+0000] {logging_mixin.py:137} INFO - [2022-12-30T00:15:27.249+0000] {dagbag.py:538} INFO - Filling up the DagBag from /home/airflow/.local/lib/python3.7/site-packages/airflow/example_dags/example_time_delta_sensor_async.py
[2022-12-30T00:15:27.257+0000] {processor.py:753} INFO - DAG(s) dict_keys(['example_time_delta_sensor_async']) retrieved from /home/airflow/.local/lib/python3.7/site-packages/airflow/example_dags/example_time_delta_sensor_async.py
[2022-12-30T00:15:27.288+0000] {logging_mixin.py:137} INFO - [2022-12-30T00:15:27.288+0000] {dag.py:2676} INFO - Sync 1 DAGs
[2022-12-30T00:15:27.308+0000] {logging_mixin.py:137} INFO - [2022-12-30T00:15:27.308+0000] {dag.py:3427} INFO - Setting next_dagrun for example_time_delta_sensor_async to None, run_after=None
[2022-12-30T00:15:27.326+0000] {processor.py:175} INFO - Processing /home/airflow/.local/lib/python3.7/site-packages/airflow/example_dags/example_time_delta_sensor_async.py took 0.081 seconds
[2022-12-30T00:15:57.918+0000] {processor.py:153} INFO - Started process (PID=37463) to work on /home/airflow/.local/lib/python3.7/site-packages/airflow/example_dags/example_time_delta_sensor_async.py
[2022-12-30T00:15:57.918+0000] {processor.py:743} INFO - Processing file /home/airflow/.local/lib/python3.7/site-packages/airflow/example_dags/example_time_delta_sensor_async.py for tasks to queue
[2022-12-30T00:15:57.919+0000] {logging_mixin.py:137} INFO - [2022-12-30T00:15:57.919+0000] {dagbag.py:538} INFO - Filling up the DagBag from /home/airflow/.local/lib/python3.7/site-packages/airflow/example_dags/example_time_delta_sensor_async.py
[2022-12-30T00:15:57.930+0000] {processor.py:753} INFO - DAG(s) dict_keys(['example_time_delta_sensor_async']) retrieved from /home/airflow/.local/lib/python3.7/site-packages/airflow/example_dags/example_time_delta_sensor_async.py
[2022-12-30T00:15:57.962+0000] {logging_mixin.py:137} INFO - [2022-12-30T00:15:57.962+0000] {dag.py:2676} INFO - Sync 1 DAGs
[2022-12-30T00:15:57.991+0000] {logging_mixin.py:137} INFO - [2022-12-30T00:15:57.991+0000] {dag.py:3427} INFO - Setting next_dagrun for example_time_delta_sensor_async to None, run_after=None
[2022-12-30T00:15:58.007+0000] {processor.py:175} INFO - Processing /home/airflow/.local/lib/python3.7/site-packages/airflow/example_dags/example_time_delta_sensor_async.py took 0.093 seconds
[2022-12-30T00:16:28.563+0000] {processor.py:153} INFO - Started process (PID=37545) to work on /home/airflow/.local/lib/python3.7/site-packages/airflow/example_dags/example_time_delta_sensor_async.py
[2022-12-30T00:16:28.563+0000] {processor.py:743} INFO - Processing file /home/airflow/.local/lib/python3.7/site-packages/airflow/example_dags/example_time_delta_sensor_async.py for tasks to queue
[2022-12-30T00:16:28.564+0000] {logging_mixin.py:137} INFO - [2022-12-30T00:16:28.564+0000] {dagbag.py:538} INFO - Filling up the DagBag from /home/airflow/.local/lib/python3.7/site-packages/airflow/example_dags/example_time_delta_sensor_async.py
[2022-12-30T00:16:28.575+0000] {processor.py:753} INFO - DAG(s) dict_keys(['example_time_delta_sensor_async']) retrieved from /home/airflow/.local/lib/python3.7/site-packages/airflow/example_dags/example_time_delta_sensor_async.py
[2022-12-30T00:16:28.607+0000] {logging_mixin.py:137} INFO - [2022-12-30T00:16:28.607+0000] {dag.py:2676} INFO - Sync 1 DAGs
[2022-12-30T00:16:28.627+0000] {logging_mixin.py:137} INFO - [2022-12-30T00:16:28.627+0000] {dag.py:3427} INFO - Setting next_dagrun for example_time_delta_sensor_async to None, run_after=None
[2022-12-30T00:16:28.639+0000] {processor.py:175} INFO - Processing /home/airflow/.local/lib/python3.7/site-packages/airflow/example_dags/example_time_delta_sensor_async.py took 0.078 seconds
[2022-12-30T00:16:59.083+0000] {processor.py:153} INFO - Started process (PID=37647) to work on /home/airflow/.local/lib/python3.7/site-packages/airflow/example_dags/example_time_delta_sensor_async.py
[2022-12-30T00:16:59.083+0000] {processor.py:743} INFO - Processing file /home/airflow/.local/lib/python3.7/site-packages/airflow/example_dags/example_time_delta_sensor_async.py for tasks to queue
[2022-12-30T00:16:59.084+0000] {logging_mixin.py:137} INFO - [2022-12-30T00:16:59.084+0000] {dagbag.py:538} INFO - Filling up the DagBag from /home/airflow/.local/lib/python3.7/site-packages/airflow/example_dags/example_time_delta_sensor_async.py
[2022-12-30T00:16:59.094+0000] {processor.py:753} INFO - DAG(s) dict_keys(['example_time_delta_sensor_async']) retrieved from /home/airflow/.local/lib/python3.7/site-packages/airflow/example_dags/example_time_delta_sensor_async.py
[2022-12-30T00:16:59.124+0000] {logging_mixin.py:137} INFO - [2022-12-30T00:16:59.124+0000] {dag.py:2676} INFO - Sync 1 DAGs
[2022-12-30T00:16:59.143+0000] {logging_mixin.py:137} INFO - [2022-12-30T00:16:59.143+0000] {dag.py:3427} INFO - Setting next_dagrun for example_time_delta_sensor_async to None, run_after=None
[2022-12-30T00:16:59.156+0000] {processor.py:175} INFO - Processing /home/airflow/.local/lib/python3.7/site-packages/airflow/example_dags/example_time_delta_sensor_async.py took 0.075 seconds
[2022-12-30T00:17:29.721+0000] {processor.py:153} INFO - Started process (PID=37729) to work on /home/airflow/.local/lib/python3.7/site-packages/airflow/example_dags/example_time_delta_sensor_async.py
[2022-12-30T00:17:29.722+0000] {processor.py:743} INFO - Processing file /home/airflow/.local/lib/python3.7/site-packages/airflow/example_dags/example_time_delta_sensor_async.py for tasks to queue
[2022-12-30T00:17:29.722+0000] {logging_mixin.py:137} INFO - [2022-12-30T00:17:29.722+0000] {dagbag.py:538} INFO - Filling up the DagBag from /home/airflow/.local/lib/python3.7/site-packages/airflow/example_dags/example_time_delta_sensor_async.py
[2022-12-30T00:17:29.731+0000] {processor.py:753} INFO - DAG(s) dict_keys(['example_time_delta_sensor_async']) retrieved from /home/airflow/.local/lib/python3.7/site-packages/airflow/example_dags/example_time_delta_sensor_async.py
[2022-12-30T00:17:29.762+0000] {logging_mixin.py:137} INFO - [2022-12-30T00:17:29.762+0000] {dag.py:2676} INFO - Sync 1 DAGs
[2022-12-30T00:17:29.783+0000] {logging_mixin.py:137} INFO - [2022-12-30T00:17:29.783+0000] {dag.py:3427} INFO - Setting next_dagrun for example_time_delta_sensor_async to None, run_after=None
[2022-12-30T00:17:29.797+0000] {processor.py:175} INFO - Processing /home/airflow/.local/lib/python3.7/site-packages/airflow/example_dags/example_time_delta_sensor_async.py took 0.080 seconds
[2022-12-30T00:18:00.178+0000] {processor.py:153} INFO - Started process (PID=37832) to work on /home/airflow/.local/lib/python3.7/site-packages/airflow/example_dags/example_time_delta_sensor_async.py
[2022-12-30T00:18:00.179+0000] {processor.py:743} INFO - Processing file /home/airflow/.local/lib/python3.7/site-packages/airflow/example_dags/example_time_delta_sensor_async.py for tasks to queue
[2022-12-30T00:18:00.180+0000] {logging_mixin.py:137} INFO - [2022-12-30T00:18:00.180+0000] {dagbag.py:538} INFO - Filling up the DagBag from /home/airflow/.local/lib/python3.7/site-packages/airflow/example_dags/example_time_delta_sensor_async.py
[2022-12-30T00:18:00.188+0000] {processor.py:753} INFO - DAG(s) dict_keys(['example_time_delta_sensor_async']) retrieved from /home/airflow/.local/lib/python3.7/site-packages/airflow/example_dags/example_time_delta_sensor_async.py
[2022-12-30T00:18:00.215+0000] {logging_mixin.py:137} INFO - [2022-12-30T00:18:00.215+0000] {dag.py:2676} INFO - Sync 1 DAGs
[2022-12-30T00:18:00.234+0000] {logging_mixin.py:137} INFO - [2022-12-30T00:18:00.234+0000] {dag.py:3427} INFO - Setting next_dagrun for example_time_delta_sensor_async to None, run_after=None
[2022-12-30T00:18:00.246+0000] {processor.py:175} INFO - Processing /home/airflow/.local/lib/python3.7/site-packages/airflow/example_dags/example_time_delta_sensor_async.py took 0.073 seconds
[2022-12-30T00:18:30.627+0000] {processor.py:153} INFO - Started process (PID=37915) to work on /home/airflow/.local/lib/python3.7/site-packages/airflow/example_dags/example_time_delta_sensor_async.py
[2022-12-30T00:18:30.628+0000] {processor.py:743} INFO - Processing file /home/airflow/.local/lib/python3.7/site-packages/airflow/example_dags/example_time_delta_sensor_async.py for tasks to queue
[2022-12-30T00:18:30.628+0000] {logging_mixin.py:137} INFO - [2022-12-30T00:18:30.628+0000] {dagbag.py:538} INFO - Filling up the DagBag from /home/airflow/.local/lib/python3.7/site-packages/airflow/example_dags/example_time_delta_sensor_async.py
[2022-12-30T00:18:30.637+0000] {processor.py:753} INFO - DAG(s) dict_keys(['example_time_delta_sensor_async']) retrieved from /home/airflow/.local/lib/python3.7/site-packages/airflow/example_dags/example_time_delta_sensor_async.py
[2022-12-30T00:18:30.665+0000] {logging_mixin.py:137} INFO - [2022-12-30T00:18:30.665+0000] {dag.py:2676} INFO - Sync 1 DAGs
[2022-12-30T00:18:30.685+0000] {logging_mixin.py:137} INFO - [2022-12-30T00:18:30.684+0000] {dag.py:3427} INFO - Setting next_dagrun for example_time_delta_sensor_async to None, run_after=None
[2022-12-30T00:18:30.696+0000] {processor.py:175} INFO - Processing /home/airflow/.local/lib/python3.7/site-packages/airflow/example_dags/example_time_delta_sensor_async.py took 0.072 seconds
[2022-12-30T00:19:01.105+0000] {processor.py:153} INFO - Started process (PID=38017) to work on /home/airflow/.local/lib/python3.7/site-packages/airflow/example_dags/example_time_delta_sensor_async.py
[2022-12-30T00:19:01.105+0000] {processor.py:743} INFO - Processing file /home/airflow/.local/lib/python3.7/site-packages/airflow/example_dags/example_time_delta_sensor_async.py for tasks to queue
[2022-12-30T00:19:01.106+0000] {logging_mixin.py:137} INFO - [2022-12-30T00:19:01.106+0000] {dagbag.py:538} INFO - Filling up the DagBag from /home/airflow/.local/lib/python3.7/site-packages/airflow/example_dags/example_time_delta_sensor_async.py
[2022-12-30T00:19:01.117+0000] {processor.py:753} INFO - DAG(s) dict_keys(['example_time_delta_sensor_async']) retrieved from /home/airflow/.local/lib/python3.7/site-packages/airflow/example_dags/example_time_delta_sensor_async.py
[2022-12-30T00:19:01.147+0000] {logging_mixin.py:137} INFO - [2022-12-30T00:19:01.147+0000] {dag.py:2676} INFO - Sync 1 DAGs
[2022-12-30T00:19:01.169+0000] {logging_mixin.py:137} INFO - [2022-12-30T00:19:01.169+0000] {dag.py:3427} INFO - Setting next_dagrun for example_time_delta_sensor_async to None, run_after=None
[2022-12-30T00:19:01.181+0000] {processor.py:175} INFO - Processing /home/airflow/.local/lib/python3.7/site-packages/airflow/example_dags/example_time_delta_sensor_async.py took 0.079 seconds
[2022-12-30T00:19:31.845+0000] {processor.py:153} INFO - Started process (PID=38108) to work on /home/airflow/.local/lib/python3.7/site-packages/airflow/example_dags/example_time_delta_sensor_async.py
[2022-12-30T00:19:31.845+0000] {processor.py:743} INFO - Processing file /home/airflow/.local/lib/python3.7/site-packages/airflow/example_dags/example_time_delta_sensor_async.py for tasks to queue
[2022-12-30T00:19:31.846+0000] {logging_mixin.py:137} INFO - [2022-12-30T00:19:31.846+0000] {dagbag.py:538} INFO - Filling up the DagBag from /home/airflow/.local/lib/python3.7/site-packages/airflow/example_dags/example_time_delta_sensor_async.py
[2022-12-30T00:19:31.855+0000] {processor.py:753} INFO - DAG(s) dict_keys(['example_time_delta_sensor_async']) retrieved from /home/airflow/.local/lib/python3.7/site-packages/airflow/example_dags/example_time_delta_sensor_async.py
[2022-12-30T00:19:31.884+0000] {logging_mixin.py:137} INFO - [2022-12-30T00:19:31.884+0000] {dag.py:2676} INFO - Sync 1 DAGs
[2022-12-30T00:19:31.904+0000] {logging_mixin.py:137} INFO - [2022-12-30T00:19:31.903+0000] {dag.py:3427} INFO - Setting next_dagrun for example_time_delta_sensor_async to None, run_after=None
[2022-12-30T00:19:31.917+0000] {processor.py:175} INFO - Processing /home/airflow/.local/lib/python3.7/site-packages/airflow/example_dags/example_time_delta_sensor_async.py took 0.076 seconds
[2022-12-30T00:20:02.485+0000] {processor.py:153} INFO - Started process (PID=38201) to work on /home/airflow/.local/lib/python3.7/site-packages/airflow/example_dags/example_time_delta_sensor_async.py
[2022-12-30T00:20:02.486+0000] {processor.py:743} INFO - Processing file /home/airflow/.local/lib/python3.7/site-packages/airflow/example_dags/example_time_delta_sensor_async.py for tasks to queue
[2022-12-30T00:20:02.487+0000] {logging_mixin.py:137} INFO - [2022-12-30T00:20:02.487+0000] {dagbag.py:538} INFO - Filling up the DagBag from /home/airflow/.local/lib/python3.7/site-packages/airflow/example_dags/example_time_delta_sensor_async.py
[2022-12-30T00:20:02.500+0000] {processor.py:753} INFO - DAG(s) dict_keys(['example_time_delta_sensor_async']) retrieved from /home/airflow/.local/lib/python3.7/site-packages/airflow/example_dags/example_time_delta_sensor_async.py
[2022-12-30T00:20:02.530+0000] {logging_mixin.py:137} INFO - [2022-12-30T00:20:02.530+0000] {dag.py:2676} INFO - Sync 1 DAGs
[2022-12-30T00:20:02.552+0000] {logging_mixin.py:137} INFO - [2022-12-30T00:20:02.551+0000] {dag.py:3427} INFO - Setting next_dagrun for example_time_delta_sensor_async to None, run_after=None
[2022-12-30T00:20:02.568+0000] {processor.py:175} INFO - Processing /home/airflow/.local/lib/python3.7/site-packages/airflow/example_dags/example_time_delta_sensor_async.py took 0.085 seconds
[2022-12-30T00:20:33.357+0000] {processor.py:153} INFO - Started process (PID=38303) to work on /home/airflow/.local/lib/python3.7/site-packages/airflow/example_dags/example_time_delta_sensor_async.py
[2022-12-30T00:20:33.357+0000] {processor.py:743} INFO - Processing file /home/airflow/.local/lib/python3.7/site-packages/airflow/example_dags/example_time_delta_sensor_async.py for tasks to queue
[2022-12-30T00:20:33.358+0000] {logging_mixin.py:137} INFO - [2022-12-30T00:20:33.358+0000] {dagbag.py:538} INFO - Filling up the DagBag from /home/airflow/.local/lib/python3.7/site-packages/airflow/example_dags/example_time_delta_sensor_async.py
[2022-12-30T00:20:33.366+0000] {processor.py:753} INFO - DAG(s) dict_keys(['example_time_delta_sensor_async']) retrieved from /home/airflow/.local/lib/python3.7/site-packages/airflow/example_dags/example_time_delta_sensor_async.py
[2022-12-30T00:20:33.393+0000] {logging_mixin.py:137} INFO - [2022-12-30T00:20:33.392+0000] {dag.py:2676} INFO - Sync 1 DAGs
[2022-12-30T00:20:33.411+0000] {logging_mixin.py:137} INFO - [2022-12-30T00:20:33.411+0000] {dag.py:3427} INFO - Setting next_dagrun for example_time_delta_sensor_async to None, run_after=None
[2022-12-30T00:20:33.422+0000] {processor.py:175} INFO - Processing /home/airflow/.local/lib/python3.7/site-packages/airflow/example_dags/example_time_delta_sensor_async.py took 0.069 seconds
[2022-12-30T00:21:03.736+0000] {processor.py:153} INFO - Started process (PID=38386) to work on /home/airflow/.local/lib/python3.7/site-packages/airflow/example_dags/example_time_delta_sensor_async.py
[2022-12-30T00:21:03.736+0000] {processor.py:743} INFO - Processing file /home/airflow/.local/lib/python3.7/site-packages/airflow/example_dags/example_time_delta_sensor_async.py for tasks to queue
[2022-12-30T00:21:03.737+0000] {logging_mixin.py:137} INFO - [2022-12-30T00:21:03.737+0000] {dagbag.py:538} INFO - Filling up the DagBag from /home/airflow/.local/lib/python3.7/site-packages/airflow/example_dags/example_time_delta_sensor_async.py
[2022-12-30T00:21:03.746+0000] {processor.py:753} INFO - DAG(s) dict_keys(['example_time_delta_sensor_async']) retrieved from /home/airflow/.local/lib/python3.7/site-packages/airflow/example_dags/example_time_delta_sensor_async.py
[2022-12-30T00:21:03.775+0000] {logging_mixin.py:137} INFO - [2022-12-30T00:21:03.775+0000] {dag.py:2676} INFO - Sync 1 DAGs
[2022-12-30T00:21:03.795+0000] {logging_mixin.py:137} INFO - [2022-12-30T00:21:03.795+0000] {dag.py:3427} INFO - Setting next_dagrun for example_time_delta_sensor_async to None, run_after=None
[2022-12-30T00:21:03.807+0000] {processor.py:175} INFO - Processing /home/airflow/.local/lib/python3.7/site-packages/airflow/example_dags/example_time_delta_sensor_async.py took 0.074 seconds
[2022-12-30T00:21:34.562+0000] {processor.py:153} INFO - Started process (PID=38489) to work on /home/airflow/.local/lib/python3.7/site-packages/airflow/example_dags/example_time_delta_sensor_async.py
[2022-12-30T00:21:34.563+0000] {processor.py:743} INFO - Processing file /home/airflow/.local/lib/python3.7/site-packages/airflow/example_dags/example_time_delta_sensor_async.py for tasks to queue
[2022-12-30T00:21:34.564+0000] {logging_mixin.py:137} INFO - [2022-12-30T00:21:34.564+0000] {dagbag.py:538} INFO - Filling up the DagBag from /home/airflow/.local/lib/python3.7/site-packages/airflow/example_dags/example_time_delta_sensor_async.py
[2022-12-30T00:21:34.573+0000] {processor.py:753} INFO - DAG(s) dict_keys(['example_time_delta_sensor_async']) retrieved from /home/airflow/.local/lib/python3.7/site-packages/airflow/example_dags/example_time_delta_sensor_async.py
[2022-12-30T00:21:34.599+0000] {logging_mixin.py:137} INFO - [2022-12-30T00:21:34.599+0000] {dag.py:2676} INFO - Sync 1 DAGs
[2022-12-30T00:21:34.622+0000] {logging_mixin.py:137} INFO - [2022-12-30T00:21:34.622+0000] {dag.py:3427} INFO - Setting next_dagrun for example_time_delta_sensor_async to None, run_after=None
[2022-12-30T00:21:34.636+0000] {processor.py:175} INFO - Processing /home/airflow/.local/lib/python3.7/site-packages/airflow/example_dags/example_time_delta_sensor_async.py took 0.077 seconds
[2022-12-30T00:22:04.836+0000] {processor.py:153} INFO - Started process (PID=38571) to work on /home/airflow/.local/lib/python3.7/site-packages/airflow/example_dags/example_time_delta_sensor_async.py
[2022-12-30T00:22:04.836+0000] {processor.py:743} INFO - Processing file /home/airflow/.local/lib/python3.7/site-packages/airflow/example_dags/example_time_delta_sensor_async.py for tasks to queue
[2022-12-30T00:22:04.837+0000] {logging_mixin.py:137} INFO - [2022-12-30T00:22:04.837+0000] {dagbag.py:538} INFO - Filling up the DagBag from /home/airflow/.local/lib/python3.7/site-packages/airflow/example_dags/example_time_delta_sensor_async.py
[2022-12-30T00:22:04.845+0000] {processor.py:753} INFO - DAG(s) dict_keys(['example_time_delta_sensor_async']) retrieved from /home/airflow/.local/lib/python3.7/site-packages/airflow/example_dags/example_time_delta_sensor_async.py
[2022-12-30T00:22:04.875+0000] {logging_mixin.py:137} INFO - [2022-12-30T00:22:04.874+0000] {dag.py:2676} INFO - Sync 1 DAGs
[2022-12-30T00:22:04.894+0000] {logging_mixin.py:137} INFO - [2022-12-30T00:22:04.894+0000] {dag.py:3427} INFO - Setting next_dagrun for example_time_delta_sensor_async to None, run_after=None
[2022-12-30T00:22:04.905+0000] {processor.py:175} INFO - Processing /home/airflow/.local/lib/python3.7/site-packages/airflow/example_dags/example_time_delta_sensor_async.py took 0.072 seconds
[2022-12-30T00:22:35.535+0000] {processor.py:153} INFO - Started process (PID=38673) to work on /home/airflow/.local/lib/python3.7/site-packages/airflow/example_dags/example_time_delta_sensor_async.py
[2022-12-30T00:22:35.536+0000] {processor.py:743} INFO - Processing file /home/airflow/.local/lib/python3.7/site-packages/airflow/example_dags/example_time_delta_sensor_async.py for tasks to queue
[2022-12-30T00:22:35.536+0000] {logging_mixin.py:137} INFO - [2022-12-30T00:22:35.536+0000] {dagbag.py:538} INFO - Filling up the DagBag from /home/airflow/.local/lib/python3.7/site-packages/airflow/example_dags/example_time_delta_sensor_async.py
[2022-12-30T00:22:35.545+0000] {processor.py:753} INFO - DAG(s) dict_keys(['example_time_delta_sensor_async']) retrieved from /home/airflow/.local/lib/python3.7/site-packages/airflow/example_dags/example_time_delta_sensor_async.py
[2022-12-30T00:22:35.574+0000] {logging_mixin.py:137} INFO - [2022-12-30T00:22:35.574+0000] {dag.py:2676} INFO - Sync 1 DAGs
[2022-12-30T00:22:35.597+0000] {logging_mixin.py:137} INFO - [2022-12-30T00:22:35.596+0000] {dag.py:3427} INFO - Setting next_dagrun for example_time_delta_sensor_async to None, run_after=None
[2022-12-30T00:22:35.612+0000] {processor.py:175} INFO - Processing /home/airflow/.local/lib/python3.7/site-packages/airflow/example_dags/example_time_delta_sensor_async.py took 0.079 seconds
[2022-12-30T00:23:06.295+0000] {processor.py:153} INFO - Started process (PID=38764) to work on /home/airflow/.local/lib/python3.7/site-packages/airflow/example_dags/example_time_delta_sensor_async.py
[2022-12-30T00:23:06.296+0000] {processor.py:743} INFO - Processing file /home/airflow/.local/lib/python3.7/site-packages/airflow/example_dags/example_time_delta_sensor_async.py for tasks to queue
[2022-12-30T00:23:06.296+0000] {logging_mixin.py:137} INFO - [2022-12-30T00:23:06.296+0000] {dagbag.py:538} INFO - Filling up the DagBag from /home/airflow/.local/lib/python3.7/site-packages/airflow/example_dags/example_time_delta_sensor_async.py
[2022-12-30T00:23:06.306+0000] {processor.py:753} INFO - DAG(s) dict_keys(['example_time_delta_sensor_async']) retrieved from /home/airflow/.local/lib/python3.7/site-packages/airflow/example_dags/example_time_delta_sensor_async.py
[2022-12-30T00:23:06.339+0000] {logging_mixin.py:137} INFO - [2022-12-30T00:23:06.339+0000] {dag.py:2676} INFO - Sync 1 DAGs
[2022-12-30T00:23:06.367+0000] {logging_mixin.py:137} INFO - [2022-12-30T00:23:06.367+0000] {dag.py:3427} INFO - Setting next_dagrun for example_time_delta_sensor_async to None, run_after=None
[2022-12-30T00:23:06.383+0000] {processor.py:175} INFO - Processing /home/airflow/.local/lib/python3.7/site-packages/airflow/example_dags/example_time_delta_sensor_async.py took 0.091 seconds
[2022-12-30T00:23:37.263+0000] {processor.py:153} INFO - Started process (PID=38857) to work on /home/airflow/.local/lib/python3.7/site-packages/airflow/example_dags/example_time_delta_sensor_async.py
[2022-12-30T00:23:37.264+0000] {processor.py:743} INFO - Processing file /home/airflow/.local/lib/python3.7/site-packages/airflow/example_dags/example_time_delta_sensor_async.py for tasks to queue
[2022-12-30T00:23:37.265+0000] {logging_mixin.py:137} INFO - [2022-12-30T00:23:37.265+0000] {dagbag.py:538} INFO - Filling up the DagBag from /home/airflow/.local/lib/python3.7/site-packages/airflow/example_dags/example_time_delta_sensor_async.py
[2022-12-30T00:23:37.273+0000] {processor.py:753} INFO - DAG(s) dict_keys(['example_time_delta_sensor_async']) retrieved from /home/airflow/.local/lib/python3.7/site-packages/airflow/example_dags/example_time_delta_sensor_async.py
[2022-12-30T00:23:37.299+0000] {logging_mixin.py:137} INFO - [2022-12-30T00:23:37.298+0000] {dag.py:2676} INFO - Sync 1 DAGs
[2022-12-30T00:23:37.318+0000] {logging_mixin.py:137} INFO - [2022-12-30T00:23:37.318+0000] {dag.py:3427} INFO - Setting next_dagrun for example_time_delta_sensor_async to None, run_after=None
[2022-12-30T00:23:37.331+0000] {processor.py:175} INFO - Processing /home/airflow/.local/lib/python3.7/site-packages/airflow/example_dags/example_time_delta_sensor_async.py took 0.071 seconds
[2022-12-30T00:24:07.788+0000] {processor.py:153} INFO - Started process (PID=38959) to work on /home/airflow/.local/lib/python3.7/site-packages/airflow/example_dags/example_time_delta_sensor_async.py
[2022-12-30T00:24:07.789+0000] {processor.py:743} INFO - Processing file /home/airflow/.local/lib/python3.7/site-packages/airflow/example_dags/example_time_delta_sensor_async.py for tasks to queue
[2022-12-30T00:24:07.789+0000] {logging_mixin.py:137} INFO - [2022-12-30T00:24:07.789+0000] {dagbag.py:538} INFO - Filling up the DagBag from /home/airflow/.local/lib/python3.7/site-packages/airflow/example_dags/example_time_delta_sensor_async.py
[2022-12-30T00:24:07.799+0000] {processor.py:753} INFO - DAG(s) dict_keys(['example_time_delta_sensor_async']) retrieved from /home/airflow/.local/lib/python3.7/site-packages/airflow/example_dags/example_time_delta_sensor_async.py
[2022-12-30T00:24:07.830+0000] {logging_mixin.py:137} INFO - [2022-12-30T00:24:07.830+0000] {dag.py:2676} INFO - Sync 1 DAGs
[2022-12-30T00:24:07.849+0000] {logging_mixin.py:137} INFO - [2022-12-30T00:24:07.849+0000] {dag.py:3427} INFO - Setting next_dagrun for example_time_delta_sensor_async to None, run_after=None
[2022-12-30T00:24:07.860+0000] {processor.py:175} INFO - Processing /home/airflow/.local/lib/python3.7/site-packages/airflow/example_dags/example_time_delta_sensor_async.py took 0.075 seconds
[2022-12-30T00:24:38.893+0000] {processor.py:153} INFO - Started process (PID=39041) to work on /home/airflow/.local/lib/python3.7/site-packages/airflow/example_dags/example_time_delta_sensor_async.py
[2022-12-30T00:24:38.894+0000] {processor.py:743} INFO - Processing file /home/airflow/.local/lib/python3.7/site-packages/airflow/example_dags/example_time_delta_sensor_async.py for tasks to queue
[2022-12-30T00:24:38.894+0000] {logging_mixin.py:137} INFO - [2022-12-30T00:24:38.894+0000] {dagbag.py:538} INFO - Filling up the DagBag from /home/airflow/.local/lib/python3.7/site-packages/airflow/example_dags/example_time_delta_sensor_async.py
[2022-12-30T00:24:38.903+0000] {processor.py:753} INFO - DAG(s) dict_keys(['example_time_delta_sensor_async']) retrieved from /home/airflow/.local/lib/python3.7/site-packages/airflow/example_dags/example_time_delta_sensor_async.py
[2022-12-30T00:24:38.931+0000] {logging_mixin.py:137} INFO - [2022-12-30T00:24:38.931+0000] {dag.py:2676} INFO - Sync 1 DAGs
[2022-12-30T00:24:38.950+0000] {logging_mixin.py:137} INFO - [2022-12-30T00:24:38.950+0000] {dag.py:3427} INFO - Setting next_dagrun for example_time_delta_sensor_async to None, run_after=None
[2022-12-30T00:24:38.963+0000] {processor.py:175} INFO - Processing /home/airflow/.local/lib/python3.7/site-packages/airflow/example_dags/example_time_delta_sensor_async.py took 0.073 seconds
[2022-12-30T00:25:09.214+0000] {processor.py:153} INFO - Started process (PID=39143) to work on /home/airflow/.local/lib/python3.7/site-packages/airflow/example_dags/example_time_delta_sensor_async.py
[2022-12-30T00:25:09.214+0000] {processor.py:743} INFO - Processing file /home/airflow/.local/lib/python3.7/site-packages/airflow/example_dags/example_time_delta_sensor_async.py for tasks to queue
[2022-12-30T00:25:09.215+0000] {logging_mixin.py:137} INFO - [2022-12-30T00:25:09.215+0000] {dagbag.py:538} INFO - Filling up the DagBag from /home/airflow/.local/lib/python3.7/site-packages/airflow/example_dags/example_time_delta_sensor_async.py
[2022-12-30T00:25:09.225+0000] {processor.py:753} INFO - DAG(s) dict_keys(['example_time_delta_sensor_async']) retrieved from /home/airflow/.local/lib/python3.7/site-packages/airflow/example_dags/example_time_delta_sensor_async.py
[2022-12-30T00:25:09.252+0000] {logging_mixin.py:137} INFO - [2022-12-30T00:25:09.252+0000] {dag.py:2676} INFO - Sync 1 DAGs
[2022-12-30T00:25:09.277+0000] {logging_mixin.py:137} INFO - [2022-12-30T00:25:09.277+0000] {dag.py:3427} INFO - Setting next_dagrun for example_time_delta_sensor_async to None, run_after=None
[2022-12-30T00:25:09.290+0000] {processor.py:175} INFO - Processing /home/airflow/.local/lib/python3.7/site-packages/airflow/example_dags/example_time_delta_sensor_async.py took 0.079 seconds
[2022-12-30T00:25:39.839+0000] {processor.py:153} INFO - Started process (PID=39225) to work on /home/airflow/.local/lib/python3.7/site-packages/airflow/example_dags/example_time_delta_sensor_async.py
[2022-12-30T00:25:39.840+0000] {processor.py:743} INFO - Processing file /home/airflow/.local/lib/python3.7/site-packages/airflow/example_dags/example_time_delta_sensor_async.py for tasks to queue
[2022-12-30T00:25:39.840+0000] {logging_mixin.py:137} INFO - [2022-12-30T00:25:39.840+0000] {dagbag.py:538} INFO - Filling up the DagBag from /home/airflow/.local/lib/python3.7/site-packages/airflow/example_dags/example_time_delta_sensor_async.py
[2022-12-30T00:25:39.850+0000] {processor.py:753} INFO - DAG(s) dict_keys(['example_time_delta_sensor_async']) retrieved from /home/airflow/.local/lib/python3.7/site-packages/airflow/example_dags/example_time_delta_sensor_async.py
[2022-12-30T00:25:39.881+0000] {logging_mixin.py:137} INFO - [2022-12-30T00:25:39.881+0000] {dag.py:2676} INFO - Sync 1 DAGs
[2022-12-30T00:25:39.900+0000] {logging_mixin.py:137} INFO - [2022-12-30T00:25:39.900+0000] {dag.py:3427} INFO - Setting next_dagrun for example_time_delta_sensor_async to None, run_after=None
[2022-12-30T00:25:39.913+0000] {processor.py:175} INFO - Processing /home/airflow/.local/lib/python3.7/site-packages/airflow/example_dags/example_time_delta_sensor_async.py took 0.078 seconds
[2022-12-30T00:26:10.468+0000] {processor.py:153} INFO - Started process (PID=39327) to work on /home/airflow/.local/lib/python3.7/site-packages/airflow/example_dags/example_time_delta_sensor_async.py
[2022-12-30T00:26:10.470+0000] {processor.py:743} INFO - Processing file /home/airflow/.local/lib/python3.7/site-packages/airflow/example_dags/example_time_delta_sensor_async.py for tasks to queue
[2022-12-30T00:26:10.470+0000] {logging_mixin.py:137} INFO - [2022-12-30T00:26:10.470+0000] {dagbag.py:538} INFO - Filling up the DagBag from /home/airflow/.local/lib/python3.7/site-packages/airflow/example_dags/example_time_delta_sensor_async.py
[2022-12-30T00:26:10.483+0000] {processor.py:753} INFO - DAG(s) dict_keys(['example_time_delta_sensor_async']) retrieved from /home/airflow/.local/lib/python3.7/site-packages/airflow/example_dags/example_time_delta_sensor_async.py
[2022-12-30T00:26:10.511+0000] {logging_mixin.py:137} INFO - [2022-12-30T00:26:10.510+0000] {dag.py:2676} INFO - Sync 1 DAGs
[2022-12-30T00:26:10.531+0000] {logging_mixin.py:137} INFO - [2022-12-30T00:26:10.531+0000] {dag.py:3427} INFO - Setting next_dagrun for example_time_delta_sensor_async to None, run_after=None
[2022-12-30T00:26:10.547+0000] {processor.py:175} INFO - Processing /home/airflow/.local/lib/python3.7/site-packages/airflow/example_dags/example_time_delta_sensor_async.py took 0.081 seconds
[2022-12-30T00:26:40.856+0000] {processor.py:153} INFO - Started process (PID=39418) to work on /home/airflow/.local/lib/python3.7/site-packages/airflow/example_dags/example_time_delta_sensor_async.py
[2022-12-30T00:26:40.857+0000] {processor.py:743} INFO - Processing file /home/airflow/.local/lib/python3.7/site-packages/airflow/example_dags/example_time_delta_sensor_async.py for tasks to queue
[2022-12-30T00:26:40.857+0000] {logging_mixin.py:137} INFO - [2022-12-30T00:26:40.857+0000] {dagbag.py:538} INFO - Filling up the DagBag from /home/airflow/.local/lib/python3.7/site-packages/airflow/example_dags/example_time_delta_sensor_async.py
[2022-12-30T00:26:40.866+0000] {processor.py:753} INFO - DAG(s) dict_keys(['example_time_delta_sensor_async']) retrieved from /home/airflow/.local/lib/python3.7/site-packages/airflow/example_dags/example_time_delta_sensor_async.py
[2022-12-30T00:26:40.901+0000] {logging_mixin.py:137} INFO - [2022-12-30T00:26:40.900+0000] {dag.py:2676} INFO - Sync 1 DAGs
[2022-12-30T00:26:40.925+0000] {logging_mixin.py:137} INFO - [2022-12-30T00:26:40.925+0000] {dag.py:3427} INFO - Setting next_dagrun for example_time_delta_sensor_async to None, run_after=None
[2022-12-30T00:26:40.944+0000] {processor.py:175} INFO - Processing /home/airflow/.local/lib/python3.7/site-packages/airflow/example_dags/example_time_delta_sensor_async.py took 0.090 seconds
[2022-12-30T00:27:11.171+0000] {processor.py:153} INFO - Started process (PID=39512) to work on /home/airflow/.local/lib/python3.7/site-packages/airflow/example_dags/example_time_delta_sensor_async.py
[2022-12-30T00:27:11.171+0000] {processor.py:743} INFO - Processing file /home/airflow/.local/lib/python3.7/site-packages/airflow/example_dags/example_time_delta_sensor_async.py for tasks to queue
[2022-12-30T00:27:11.172+0000] {logging_mixin.py:137} INFO - [2022-12-30T00:27:11.172+0000] {dagbag.py:538} INFO - Filling up the DagBag from /home/airflow/.local/lib/python3.7/site-packages/airflow/example_dags/example_time_delta_sensor_async.py
[2022-12-30T00:27:11.182+0000] {processor.py:753} INFO - DAG(s) dict_keys(['example_time_delta_sensor_async']) retrieved from /home/airflow/.local/lib/python3.7/site-packages/airflow/example_dags/example_time_delta_sensor_async.py
[2022-12-30T00:27:11.212+0000] {logging_mixin.py:137} INFO - [2022-12-30T00:27:11.212+0000] {dag.py:2676} INFO - Sync 1 DAGs
[2022-12-30T00:27:11.231+0000] {logging_mixin.py:137} INFO - [2022-12-30T00:27:11.231+0000] {dag.py:3427} INFO - Setting next_dagrun for example_time_delta_sensor_async to None, run_after=None
[2022-12-30T00:27:11.245+0000] {processor.py:175} INFO - Processing /home/airflow/.local/lib/python3.7/site-packages/airflow/example_dags/example_time_delta_sensor_async.py took 0.077 seconds
[2022-12-30T00:27:41.922+0000] {processor.py:153} INFO - Started process (PID=39614) to work on /home/airflow/.local/lib/python3.7/site-packages/airflow/example_dags/example_time_delta_sensor_async.py
[2022-12-30T00:27:41.922+0000] {processor.py:743} INFO - Processing file /home/airflow/.local/lib/python3.7/site-packages/airflow/example_dags/example_time_delta_sensor_async.py for tasks to queue
[2022-12-30T00:27:41.923+0000] {logging_mixin.py:137} INFO - [2022-12-30T00:27:41.923+0000] {dagbag.py:538} INFO - Filling up the DagBag from /home/airflow/.local/lib/python3.7/site-packages/airflow/example_dags/example_time_delta_sensor_async.py
[2022-12-30T00:27:41.935+0000] {processor.py:753} INFO - DAG(s) dict_keys(['example_time_delta_sensor_async']) retrieved from /home/airflow/.local/lib/python3.7/site-packages/airflow/example_dags/example_time_delta_sensor_async.py
[2022-12-30T00:27:41.964+0000] {logging_mixin.py:137} INFO - [2022-12-30T00:27:41.964+0000] {dag.py:2676} INFO - Sync 1 DAGs
[2022-12-30T00:27:41.983+0000] {logging_mixin.py:137} INFO - [2022-12-30T00:27:41.982+0000] {dag.py:3427} INFO - Setting next_dagrun for example_time_delta_sensor_async to None, run_after=None
[2022-12-30T00:27:41.994+0000] {processor.py:175} INFO - Processing /home/airflow/.local/lib/python3.7/site-packages/airflow/example_dags/example_time_delta_sensor_async.py took 0.075 seconds
[2022-12-30T00:28:12.058+0000] {processor.py:153} INFO - Started process (PID=39696) to work on /home/airflow/.local/lib/python3.7/site-packages/airflow/example_dags/example_time_delta_sensor_async.py
[2022-12-30T00:28:12.059+0000] {processor.py:743} INFO - Processing file /home/airflow/.local/lib/python3.7/site-packages/airflow/example_dags/example_time_delta_sensor_async.py for tasks to queue
[2022-12-30T00:28:12.060+0000] {logging_mixin.py:137} INFO - [2022-12-30T00:28:12.060+0000] {dagbag.py:538} INFO - Filling up the DagBag from /home/airflow/.local/lib/python3.7/site-packages/airflow/example_dags/example_time_delta_sensor_async.py
[2022-12-30T00:28:12.068+0000] {processor.py:753} INFO - DAG(s) dict_keys(['example_time_delta_sensor_async']) retrieved from /home/airflow/.local/lib/python3.7/site-packages/airflow/example_dags/example_time_delta_sensor_async.py
[2022-12-30T00:28:12.097+0000] {logging_mixin.py:137} INFO - [2022-12-30T00:28:12.097+0000] {dag.py:2676} INFO - Sync 1 DAGs
[2022-12-30T00:28:12.116+0000] {logging_mixin.py:137} INFO - [2022-12-30T00:28:12.116+0000] {dag.py:3427} INFO - Setting next_dagrun for example_time_delta_sensor_async to None, run_after=None
[2022-12-30T00:28:12.134+0000] {processor.py:175} INFO - Processing /home/airflow/.local/lib/python3.7/site-packages/airflow/example_dags/example_time_delta_sensor_async.py took 0.079 seconds
[2022-12-30T00:28:42.825+0000] {processor.py:153} INFO - Started process (PID=39798) to work on /home/airflow/.local/lib/python3.7/site-packages/airflow/example_dags/example_time_delta_sensor_async.py
[2022-12-30T00:28:42.827+0000] {processor.py:743} INFO - Processing file /home/airflow/.local/lib/python3.7/site-packages/airflow/example_dags/example_time_delta_sensor_async.py for tasks to queue
[2022-12-30T00:28:42.828+0000] {logging_mixin.py:137} INFO - [2022-12-30T00:28:42.827+0000] {dagbag.py:538} INFO - Filling up the DagBag from /home/airflow/.local/lib/python3.7/site-packages/airflow/example_dags/example_time_delta_sensor_async.py
[2022-12-30T00:28:42.839+0000] {processor.py:753} INFO - DAG(s) dict_keys(['example_time_delta_sensor_async']) retrieved from /home/airflow/.local/lib/python3.7/site-packages/airflow/example_dags/example_time_delta_sensor_async.py
[2022-12-30T00:28:42.868+0000] {logging_mixin.py:137} INFO - [2022-12-30T00:28:42.868+0000] {dag.py:2676} INFO - Sync 1 DAGs
[2022-12-30T00:28:42.886+0000] {logging_mixin.py:137} INFO - [2022-12-30T00:28:42.886+0000] {dag.py:3427} INFO - Setting next_dagrun for example_time_delta_sensor_async to None, run_after=None
[2022-12-30T00:28:42.898+0000] {processor.py:175} INFO - Processing /home/airflow/.local/lib/python3.7/site-packages/airflow/example_dags/example_time_delta_sensor_async.py took 0.076 seconds
[2022-12-30T00:29:12.948+0000] {processor.py:153} INFO - Started process (PID=39880) to work on /home/airflow/.local/lib/python3.7/site-packages/airflow/example_dags/example_time_delta_sensor_async.py
[2022-12-30T00:29:12.949+0000] {processor.py:743} INFO - Processing file /home/airflow/.local/lib/python3.7/site-packages/airflow/example_dags/example_time_delta_sensor_async.py for tasks to queue
[2022-12-30T00:29:12.949+0000] {logging_mixin.py:137} INFO - [2022-12-30T00:29:12.949+0000] {dagbag.py:538} INFO - Filling up the DagBag from /home/airflow/.local/lib/python3.7/site-packages/airflow/example_dags/example_time_delta_sensor_async.py
[2022-12-30T00:29:12.959+0000] {processor.py:753} INFO - DAG(s) dict_keys(['example_time_delta_sensor_async']) retrieved from /home/airflow/.local/lib/python3.7/site-packages/airflow/example_dags/example_time_delta_sensor_async.py
[2022-12-30T00:29:12.991+0000] {logging_mixin.py:137} INFO - [2022-12-30T00:29:12.991+0000] {dag.py:2676} INFO - Sync 1 DAGs
[2022-12-30T00:29:13.011+0000] {logging_mixin.py:137} INFO - [2022-12-30T00:29:13.011+0000] {dag.py:3427} INFO - Setting next_dagrun for example_time_delta_sensor_async to None, run_after=None
[2022-12-30T00:29:13.024+0000] {processor.py:175} INFO - Processing /home/airflow/.local/lib/python3.7/site-packages/airflow/example_dags/example_time_delta_sensor_async.py took 0.079 seconds
[2022-12-30T00:29:43.190+0000] {processor.py:153} INFO - Started process (PID=39982) to work on /home/airflow/.local/lib/python3.7/site-packages/airflow/example_dags/example_time_delta_sensor_async.py
[2022-12-30T00:29:43.191+0000] {processor.py:743} INFO - Processing file /home/airflow/.local/lib/python3.7/site-packages/airflow/example_dags/example_time_delta_sensor_async.py for tasks to queue
[2022-12-30T00:29:43.191+0000] {logging_mixin.py:137} INFO - [2022-12-30T00:29:43.191+0000] {dagbag.py:538} INFO - Filling up the DagBag from /home/airflow/.local/lib/python3.7/site-packages/airflow/example_dags/example_time_delta_sensor_async.py
[2022-12-30T00:29:43.201+0000] {processor.py:753} INFO - DAG(s) dict_keys(['example_time_delta_sensor_async']) retrieved from /home/airflow/.local/lib/python3.7/site-packages/airflow/example_dags/example_time_delta_sensor_async.py
[2022-12-30T00:29:43.230+0000] {logging_mixin.py:137} INFO - [2022-12-30T00:29:43.230+0000] {dag.py:2676} INFO - Sync 1 DAGs
[2022-12-30T00:29:43.252+0000] {logging_mixin.py:137} INFO - [2022-12-30T00:29:43.251+0000] {dag.py:3427} INFO - Setting next_dagrun for example_time_delta_sensor_async to None, run_after=None
[2022-12-30T00:29:43.268+0000] {processor.py:175} INFO - Processing /home/airflow/.local/lib/python3.7/site-packages/airflow/example_dags/example_time_delta_sensor_async.py took 0.082 seconds
[2022-12-30T00:30:13.718+0000] {processor.py:153} INFO - Started process (PID=40064) to work on /home/airflow/.local/lib/python3.7/site-packages/airflow/example_dags/example_time_delta_sensor_async.py
[2022-12-30T00:30:13.718+0000] {processor.py:743} INFO - Processing file /home/airflow/.local/lib/python3.7/site-packages/airflow/example_dags/example_time_delta_sensor_async.py for tasks to queue
[2022-12-30T00:30:13.719+0000] {logging_mixin.py:137} INFO - [2022-12-30T00:30:13.719+0000] {dagbag.py:538} INFO - Filling up the DagBag from /home/airflow/.local/lib/python3.7/site-packages/airflow/example_dags/example_time_delta_sensor_async.py
[2022-12-30T00:30:13.729+0000] {processor.py:753} INFO - DAG(s) dict_keys(['example_time_delta_sensor_async']) retrieved from /home/airflow/.local/lib/python3.7/site-packages/airflow/example_dags/example_time_delta_sensor_async.py
[2022-12-30T00:30:13.758+0000] {logging_mixin.py:137} INFO - [2022-12-30T00:30:13.758+0000] {dag.py:2676} INFO - Sync 1 DAGs
[2022-12-30T00:30:13.777+0000] {logging_mixin.py:137} INFO - [2022-12-30T00:30:13.777+0000] {dag.py:3427} INFO - Setting next_dagrun for example_time_delta_sensor_async to None, run_after=None
[2022-12-30T00:30:13.789+0000] {processor.py:175} INFO - Processing /home/airflow/.local/lib/python3.7/site-packages/airflow/example_dags/example_time_delta_sensor_async.py took 0.074 seconds
[2022-12-30T00:30:44.240+0000] {processor.py:153} INFO - Started process (PID=40166) to work on /home/airflow/.local/lib/python3.7/site-packages/airflow/example_dags/example_time_delta_sensor_async.py
[2022-12-30T00:30:44.241+0000] {processor.py:743} INFO - Processing file /home/airflow/.local/lib/python3.7/site-packages/airflow/example_dags/example_time_delta_sensor_async.py for tasks to queue
[2022-12-30T00:30:44.242+0000] {logging_mixin.py:137} INFO - [2022-12-30T00:30:44.241+0000] {dagbag.py:538} INFO - Filling up the DagBag from /home/airflow/.local/lib/python3.7/site-packages/airflow/example_dags/example_time_delta_sensor_async.py
[2022-12-30T00:30:44.252+0000] {processor.py:753} INFO - DAG(s) dict_keys(['example_time_delta_sensor_async']) retrieved from /home/airflow/.local/lib/python3.7/site-packages/airflow/example_dags/example_time_delta_sensor_async.py
[2022-12-30T00:30:44.282+0000] {logging_mixin.py:137} INFO - [2022-12-30T00:30:44.281+0000] {dag.py:2676} INFO - Sync 1 DAGs
[2022-12-30T00:30:44.303+0000] {logging_mixin.py:137} INFO - [2022-12-30T00:30:44.303+0000] {dag.py:3427} INFO - Setting next_dagrun for example_time_delta_sensor_async to None, run_after=None
[2022-12-30T00:30:44.316+0000] {processor.py:175} INFO - Processing /home/airflow/.local/lib/python3.7/site-packages/airflow/example_dags/example_time_delta_sensor_async.py took 0.078 seconds
[2022-12-30T00:31:14.802+0000] {processor.py:153} INFO - Started process (PID=40248) to work on /home/airflow/.local/lib/python3.7/site-packages/airflow/example_dags/example_time_delta_sensor_async.py
[2022-12-30T00:31:14.802+0000] {processor.py:743} INFO - Processing file /home/airflow/.local/lib/python3.7/site-packages/airflow/example_dags/example_time_delta_sensor_async.py for tasks to queue
[2022-12-30T00:31:14.802+0000] {logging_mixin.py:137} INFO - [2022-12-30T00:31:14.802+0000] {dagbag.py:538} INFO - Filling up the DagBag from /home/airflow/.local/lib/python3.7/site-packages/airflow/example_dags/example_time_delta_sensor_async.py
[2022-12-30T00:31:14.811+0000] {processor.py:753} INFO - DAG(s) dict_keys(['example_time_delta_sensor_async']) retrieved from /home/airflow/.local/lib/python3.7/site-packages/airflow/example_dags/example_time_delta_sensor_async.py
[2022-12-30T00:31:14.837+0000] {logging_mixin.py:137} INFO - [2022-12-30T00:31:14.837+0000] {dag.py:2676} INFO - Sync 1 DAGs
[2022-12-30T00:31:14.857+0000] {logging_mixin.py:137} INFO - [2022-12-30T00:31:14.857+0000] {dag.py:3427} INFO - Setting next_dagrun for example_time_delta_sensor_async to None, run_after=None
[2022-12-30T00:31:14.869+0000] {processor.py:175} INFO - Processing /home/airflow/.local/lib/python3.7/site-packages/airflow/example_dags/example_time_delta_sensor_async.py took 0.070 seconds
[2022-12-30T00:31:45.337+0000] {processor.py:153} INFO - Started process (PID=40350) to work on /home/airflow/.local/lib/python3.7/site-packages/airflow/example_dags/example_time_delta_sensor_async.py
[2022-12-30T00:31:45.338+0000] {processor.py:743} INFO - Processing file /home/airflow/.local/lib/python3.7/site-packages/airflow/example_dags/example_time_delta_sensor_async.py for tasks to queue
[2022-12-30T00:31:45.338+0000] {logging_mixin.py:137} INFO - [2022-12-30T00:31:45.338+0000] {dagbag.py:538} INFO - Filling up the DagBag from /home/airflow/.local/lib/python3.7/site-packages/airflow/example_dags/example_time_delta_sensor_async.py
[2022-12-30T00:31:45.347+0000] {processor.py:753} INFO - DAG(s) dict_keys(['example_time_delta_sensor_async']) retrieved from /home/airflow/.local/lib/python3.7/site-packages/airflow/example_dags/example_time_delta_sensor_async.py
[2022-12-30T00:31:45.379+0000] {logging_mixin.py:137} INFO - [2022-12-30T00:31:45.378+0000] {dag.py:2676} INFO - Sync 1 DAGs
[2022-12-30T00:31:45.399+0000] {logging_mixin.py:137} INFO - [2022-12-30T00:31:45.399+0000] {dag.py:3427} INFO - Setting next_dagrun for example_time_delta_sensor_async to None, run_after=None
[2022-12-30T00:31:45.414+0000] {processor.py:175} INFO - Processing /home/airflow/.local/lib/python3.7/site-packages/airflow/example_dags/example_time_delta_sensor_async.py took 0.079 seconds
[2022-12-30T00:32:15.740+0000] {processor.py:153} INFO - Started process (PID=40442) to work on /home/airflow/.local/lib/python3.7/site-packages/airflow/example_dags/example_time_delta_sensor_async.py
[2022-12-30T00:32:15.740+0000] {processor.py:743} INFO - Processing file /home/airflow/.local/lib/python3.7/site-packages/airflow/example_dags/example_time_delta_sensor_async.py for tasks to queue
[2022-12-30T00:32:15.741+0000] {logging_mixin.py:137} INFO - [2022-12-30T00:32:15.741+0000] {dagbag.py:538} INFO - Filling up the DagBag from /home/airflow/.local/lib/python3.7/site-packages/airflow/example_dags/example_time_delta_sensor_async.py
[2022-12-30T00:32:15.752+0000] {processor.py:753} INFO - DAG(s) dict_keys(['example_time_delta_sensor_async']) retrieved from /home/airflow/.local/lib/python3.7/site-packages/airflow/example_dags/example_time_delta_sensor_async.py
[2022-12-30T00:32:15.783+0000] {logging_mixin.py:137} INFO - [2022-12-30T00:32:15.783+0000] {dag.py:2676} INFO - Sync 1 DAGs
[2022-12-30T00:32:15.811+0000] {logging_mixin.py:137} INFO - [2022-12-30T00:32:15.810+0000] {dag.py:3427} INFO - Setting next_dagrun for example_time_delta_sensor_async to None, run_after=None
[2022-12-30T00:32:15.827+0000] {processor.py:175} INFO - Processing /home/airflow/.local/lib/python3.7/site-packages/airflow/example_dags/example_time_delta_sensor_async.py took 0.090 seconds
[2022-12-30T00:32:45.960+0000] {processor.py:153} INFO - Started process (PID=40535) to work on /home/airflow/.local/lib/python3.7/site-packages/airflow/example_dags/example_time_delta_sensor_async.py
[2022-12-30T00:32:45.961+0000] {processor.py:743} INFO - Processing file /home/airflow/.local/lib/python3.7/site-packages/airflow/example_dags/example_time_delta_sensor_async.py for tasks to queue
[2022-12-30T00:32:45.961+0000] {logging_mixin.py:137} INFO - [2022-12-30T00:32:45.961+0000] {dagbag.py:538} INFO - Filling up the DagBag from /home/airflow/.local/lib/python3.7/site-packages/airflow/example_dags/example_time_delta_sensor_async.py
[2022-12-30T00:32:45.969+0000] {processor.py:753} INFO - DAG(s) dict_keys(['example_time_delta_sensor_async']) retrieved from /home/airflow/.local/lib/python3.7/site-packages/airflow/example_dags/example_time_delta_sensor_async.py
[2022-12-30T00:32:45.999+0000] {logging_mixin.py:137} INFO - [2022-12-30T00:32:45.999+0000] {dag.py:2676} INFO - Sync 1 DAGs
[2022-12-30T00:32:46.020+0000] {logging_mixin.py:137} INFO - [2022-12-30T00:32:46.020+0000] {dag.py:3427} INFO - Setting next_dagrun for example_time_delta_sensor_async to None, run_after=None
[2022-12-30T00:32:46.033+0000] {processor.py:175} INFO - Processing /home/airflow/.local/lib/python3.7/site-packages/airflow/example_dags/example_time_delta_sensor_async.py took 0.076 seconds
[2022-12-30T00:33:16.777+0000] {processor.py:153} INFO - Started process (PID=40637) to work on /home/airflow/.local/lib/python3.7/site-packages/airflow/example_dags/example_time_delta_sensor_async.py
[2022-12-30T00:33:16.778+0000] {processor.py:743} INFO - Processing file /home/airflow/.local/lib/python3.7/site-packages/airflow/example_dags/example_time_delta_sensor_async.py for tasks to queue
[2022-12-30T00:33:16.778+0000] {logging_mixin.py:137} INFO - [2022-12-30T00:33:16.778+0000] {dagbag.py:538} INFO - Filling up the DagBag from /home/airflow/.local/lib/python3.7/site-packages/airflow/example_dags/example_time_delta_sensor_async.py
[2022-12-30T00:33:16.787+0000] {processor.py:753} INFO - DAG(s) dict_keys(['example_time_delta_sensor_async']) retrieved from /home/airflow/.local/lib/python3.7/site-packages/airflow/example_dags/example_time_delta_sensor_async.py
[2022-12-30T00:33:16.824+0000] {logging_mixin.py:137} INFO - [2022-12-30T00:33:16.824+0000] {dag.py:2676} INFO - Sync 1 DAGs
[2022-12-30T00:33:16.856+0000] {logging_mixin.py:137} INFO - [2022-12-30T00:33:16.856+0000] {dag.py:3427} INFO - Setting next_dagrun for example_time_delta_sensor_async to None, run_after=None
[2022-12-30T00:33:16.876+0000] {processor.py:175} INFO - Processing /home/airflow/.local/lib/python3.7/site-packages/airflow/example_dags/example_time_delta_sensor_async.py took 0.102 seconds
[2022-12-30T00:33:47.233+0000] {processor.py:153} INFO - Started process (PID=40719) to work on /home/airflow/.local/lib/python3.7/site-packages/airflow/example_dags/example_time_delta_sensor_async.py
[2022-12-30T00:33:47.233+0000] {processor.py:743} INFO - Processing file /home/airflow/.local/lib/python3.7/site-packages/airflow/example_dags/example_time_delta_sensor_async.py for tasks to queue
[2022-12-30T00:33:47.234+0000] {logging_mixin.py:137} INFO - [2022-12-30T00:33:47.234+0000] {dagbag.py:538} INFO - Filling up the DagBag from /home/airflow/.local/lib/python3.7/site-packages/airflow/example_dags/example_time_delta_sensor_async.py
[2022-12-30T00:33:47.242+0000] {processor.py:753} INFO - DAG(s) dict_keys(['example_time_delta_sensor_async']) retrieved from /home/airflow/.local/lib/python3.7/site-packages/airflow/example_dags/example_time_delta_sensor_async.py
[2022-12-30T00:33:47.273+0000] {logging_mixin.py:137} INFO - [2022-12-30T00:33:47.273+0000] {dag.py:2676} INFO - Sync 1 DAGs
[2022-12-30T00:33:47.293+0000] {logging_mixin.py:137} INFO - [2022-12-30T00:33:47.293+0000] {dag.py:3427} INFO - Setting next_dagrun for example_time_delta_sensor_async to None, run_after=None
[2022-12-30T00:33:47.309+0000] {processor.py:175} INFO - Processing /home/airflow/.local/lib/python3.7/site-packages/airflow/example_dags/example_time_delta_sensor_async.py took 0.079 seconds
