[2022-12-30T00:00:10.376+0000] {processor.py:153} INFO - Started process (PID=34553) to work on /home/airflow/.local/lib/python3.7/site-packages/airflow/example_dags/example_latest_only.py
[2022-12-30T00:00:10.376+0000] {processor.py:743} INFO - Processing file /home/airflow/.local/lib/python3.7/site-packages/airflow/example_dags/example_latest_only.py for tasks to queue
[2022-12-30T00:00:10.377+0000] {logging_mixin.py:137} INFO - [2022-12-30T00:00:10.377+0000] {dagbag.py:538} INFO - Filling up the DagBag from /home/airflow/.local/lib/python3.7/site-packages/airflow/example_dags/example_latest_only.py
[2022-12-30T00:00:10.388+0000] {processor.py:753} INFO - DAG(s) dict_keys(['latest_only']) retrieved from /home/airflow/.local/lib/python3.7/site-packages/airflow/example_dags/example_latest_only.py
[2022-12-30T00:00:10.415+0000] {logging_mixin.py:137} INFO - [2022-12-30T00:00:10.415+0000] {dag.py:2676} INFO - Sync 1 DAGs
[2022-12-30T00:00:10.436+0000] {logging_mixin.py:137} INFO - [2022-12-30T00:00:10.436+0000] {dag.py:3427} INFO - Setting next_dagrun for latest_only to 2022-12-29T20:00:10.436463+00:00, run_after=2022-12-30T00:00:10.436463+00:00
[2022-12-30T00:00:10.448+0000] {processor.py:175} INFO - Processing /home/airflow/.local/lib/python3.7/site-packages/airflow/example_dags/example_latest_only.py took 0.075 seconds
[2022-12-30T00:00:40.944+0000] {processor.py:153} INFO - Started process (PID=34647) to work on /home/airflow/.local/lib/python3.7/site-packages/airflow/example_dags/example_latest_only.py
[2022-12-30T00:00:40.945+0000] {processor.py:743} INFO - Processing file /home/airflow/.local/lib/python3.7/site-packages/airflow/example_dags/example_latest_only.py for tasks to queue
[2022-12-30T00:00:40.945+0000] {logging_mixin.py:137} INFO - [2022-12-30T00:00:40.945+0000] {dagbag.py:538} INFO - Filling up the DagBag from /home/airflow/.local/lib/python3.7/site-packages/airflow/example_dags/example_latest_only.py
[2022-12-30T00:00:40.955+0000] {processor.py:753} INFO - DAG(s) dict_keys(['latest_only']) retrieved from /home/airflow/.local/lib/python3.7/site-packages/airflow/example_dags/example_latest_only.py
[2022-12-30T00:00:40.983+0000] {logging_mixin.py:137} INFO - [2022-12-30T00:00:40.983+0000] {dag.py:2676} INFO - Sync 1 DAGs
[2022-12-30T00:00:41.002+0000] {logging_mixin.py:137} INFO - [2022-12-30T00:00:41.002+0000] {dag.py:3427} INFO - Setting next_dagrun for latest_only to 2022-12-29T20:00:41.002454+00:00, run_after=2022-12-30T00:00:41.002454+00:00
[2022-12-30T00:00:41.014+0000] {processor.py:175} INFO - Processing /home/airflow/.local/lib/python3.7/site-packages/airflow/example_dags/example_latest_only.py took 0.072 seconds
[2022-12-30T00:01:11.621+0000] {processor.py:153} INFO - Started process (PID=34749) to work on /home/airflow/.local/lib/python3.7/site-packages/airflow/example_dags/example_latest_only.py
[2022-12-30T00:01:11.622+0000] {processor.py:743} INFO - Processing file /home/airflow/.local/lib/python3.7/site-packages/airflow/example_dags/example_latest_only.py for tasks to queue
[2022-12-30T00:01:11.623+0000] {logging_mixin.py:137} INFO - [2022-12-30T00:01:11.622+0000] {dagbag.py:538} INFO - Filling up the DagBag from /home/airflow/.local/lib/python3.7/site-packages/airflow/example_dags/example_latest_only.py
[2022-12-30T00:01:11.633+0000] {processor.py:753} INFO - DAG(s) dict_keys(['latest_only']) retrieved from /home/airflow/.local/lib/python3.7/site-packages/airflow/example_dags/example_latest_only.py
[2022-12-30T00:01:11.662+0000] {logging_mixin.py:137} INFO - [2022-12-30T00:01:11.661+0000] {dag.py:2676} INFO - Sync 1 DAGs
[2022-12-30T00:01:11.682+0000] {logging_mixin.py:137} INFO - [2022-12-30T00:01:11.682+0000] {dag.py:3427} INFO - Setting next_dagrun for latest_only to 2022-12-29T20:01:11.681883+00:00, run_after=2022-12-30T00:01:11.681883+00:00
[2022-12-30T00:01:11.694+0000] {processor.py:175} INFO - Processing /home/airflow/.local/lib/python3.7/site-packages/airflow/example_dags/example_latest_only.py took 0.077 seconds
[2022-12-30T00:01:41.969+0000] {processor.py:153} INFO - Started process (PID=34831) to work on /home/airflow/.local/lib/python3.7/site-packages/airflow/example_dags/example_latest_only.py
[2022-12-30T00:01:41.970+0000] {processor.py:743} INFO - Processing file /home/airflow/.local/lib/python3.7/site-packages/airflow/example_dags/example_latest_only.py for tasks to queue
[2022-12-30T00:01:41.970+0000] {logging_mixin.py:137} INFO - [2022-12-30T00:01:41.970+0000] {dagbag.py:538} INFO - Filling up the DagBag from /home/airflow/.local/lib/python3.7/site-packages/airflow/example_dags/example_latest_only.py
[2022-12-30T00:01:41.979+0000] {processor.py:753} INFO - DAG(s) dict_keys(['latest_only']) retrieved from /home/airflow/.local/lib/python3.7/site-packages/airflow/example_dags/example_latest_only.py
[2022-12-30T00:01:42.007+0000] {logging_mixin.py:137} INFO - [2022-12-30T00:01:42.007+0000] {dag.py:2676} INFO - Sync 1 DAGs
[2022-12-30T00:01:42.025+0000] {logging_mixin.py:137} INFO - [2022-12-30T00:01:42.025+0000] {dag.py:3427} INFO - Setting next_dagrun for latest_only to 2022-12-29T20:01:42.025626+00:00, run_after=2022-12-30T00:01:42.025626+00:00
[2022-12-30T00:01:42.036+0000] {processor.py:175} INFO - Processing /home/airflow/.local/lib/python3.7/site-packages/airflow/example_dags/example_latest_only.py took 0.071 seconds
[2022-12-30T00:02:12.620+0000] {processor.py:153} INFO - Started process (PID=34933) to work on /home/airflow/.local/lib/python3.7/site-packages/airflow/example_dags/example_latest_only.py
[2022-12-30T00:02:12.620+0000] {processor.py:743} INFO - Processing file /home/airflow/.local/lib/python3.7/site-packages/airflow/example_dags/example_latest_only.py for tasks to queue
[2022-12-30T00:02:12.621+0000] {logging_mixin.py:137} INFO - [2022-12-30T00:02:12.621+0000] {dagbag.py:538} INFO - Filling up the DagBag from /home/airflow/.local/lib/python3.7/site-packages/airflow/example_dags/example_latest_only.py
[2022-12-30T00:02:12.632+0000] {processor.py:753} INFO - DAG(s) dict_keys(['latest_only']) retrieved from /home/airflow/.local/lib/python3.7/site-packages/airflow/example_dags/example_latest_only.py
[2022-12-30T00:02:12.657+0000] {logging_mixin.py:137} INFO - [2022-12-30T00:02:12.656+0000] {dag.py:2676} INFO - Sync 1 DAGs
[2022-12-30T00:02:12.674+0000] {logging_mixin.py:137} INFO - [2022-12-30T00:02:12.674+0000] {dag.py:3427} INFO - Setting next_dagrun for latest_only to 2022-12-29T20:02:12.674630+00:00, run_after=2022-12-30T00:02:12.674630+00:00
[2022-12-30T00:02:12.687+0000] {processor.py:175} INFO - Processing /home/airflow/.local/lib/python3.7/site-packages/airflow/example_dags/example_latest_only.py took 0.071 seconds
[2022-12-30T00:02:43.026+0000] {processor.py:153} INFO - Started process (PID=35015) to work on /home/airflow/.local/lib/python3.7/site-packages/airflow/example_dags/example_latest_only.py
[2022-12-30T00:02:43.027+0000] {processor.py:743} INFO - Processing file /home/airflow/.local/lib/python3.7/site-packages/airflow/example_dags/example_latest_only.py for tasks to queue
[2022-12-30T00:02:43.028+0000] {logging_mixin.py:137} INFO - [2022-12-30T00:02:43.027+0000] {dagbag.py:538} INFO - Filling up the DagBag from /home/airflow/.local/lib/python3.7/site-packages/airflow/example_dags/example_latest_only.py
[2022-12-30T00:02:43.037+0000] {processor.py:753} INFO - DAG(s) dict_keys(['latest_only']) retrieved from /home/airflow/.local/lib/python3.7/site-packages/airflow/example_dags/example_latest_only.py
[2022-12-30T00:02:43.062+0000] {logging_mixin.py:137} INFO - [2022-12-30T00:02:43.062+0000] {dag.py:2676} INFO - Sync 1 DAGs
[2022-12-30T00:02:43.079+0000] {logging_mixin.py:137} INFO - [2022-12-30T00:02:43.079+0000] {dag.py:3427} INFO - Setting next_dagrun for latest_only to 2022-12-29T20:02:43.079664+00:00, run_after=2022-12-30T00:02:43.079664+00:00
[2022-12-30T00:02:43.091+0000] {processor.py:175} INFO - Processing /home/airflow/.local/lib/python3.7/site-packages/airflow/example_dags/example_latest_only.py took 0.067 seconds
[2022-12-30T00:03:13.503+0000] {processor.py:153} INFO - Started process (PID=35117) to work on /home/airflow/.local/lib/python3.7/site-packages/airflow/example_dags/example_latest_only.py
[2022-12-30T00:03:13.503+0000] {processor.py:743} INFO - Processing file /home/airflow/.local/lib/python3.7/site-packages/airflow/example_dags/example_latest_only.py for tasks to queue
[2022-12-30T00:03:13.504+0000] {logging_mixin.py:137} INFO - [2022-12-30T00:03:13.504+0000] {dagbag.py:538} INFO - Filling up the DagBag from /home/airflow/.local/lib/python3.7/site-packages/airflow/example_dags/example_latest_only.py
[2022-12-30T00:03:13.516+0000] {processor.py:753} INFO - DAG(s) dict_keys(['latest_only']) retrieved from /home/airflow/.local/lib/python3.7/site-packages/airflow/example_dags/example_latest_only.py
[2022-12-30T00:03:13.544+0000] {logging_mixin.py:137} INFO - [2022-12-30T00:03:13.544+0000] {dag.py:2676} INFO - Sync 1 DAGs
[2022-12-30T00:03:13.561+0000] {logging_mixin.py:137} INFO - [2022-12-30T00:03:13.561+0000] {dag.py:3427} INFO - Setting next_dagrun for latest_only to 2022-12-29T20:03:13.561111+00:00, run_after=2022-12-30T00:03:13.561111+00:00
[2022-12-30T00:03:13.572+0000] {processor.py:175} INFO - Processing /home/airflow/.local/lib/python3.7/site-packages/airflow/example_dags/example_latest_only.py took 0.072 seconds
[2022-12-30T00:03:44.163+0000] {processor.py:153} INFO - Started process (PID=35208) to work on /home/airflow/.local/lib/python3.7/site-packages/airflow/example_dags/example_latest_only.py
[2022-12-30T00:03:44.164+0000] {processor.py:743} INFO - Processing file /home/airflow/.local/lib/python3.7/site-packages/airflow/example_dags/example_latest_only.py for tasks to queue
[2022-12-30T00:03:44.164+0000] {logging_mixin.py:137} INFO - [2022-12-30T00:03:44.164+0000] {dagbag.py:538} INFO - Filling up the DagBag from /home/airflow/.local/lib/python3.7/site-packages/airflow/example_dags/example_latest_only.py
[2022-12-30T00:03:44.175+0000] {processor.py:753} INFO - DAG(s) dict_keys(['latest_only']) retrieved from /home/airflow/.local/lib/python3.7/site-packages/airflow/example_dags/example_latest_only.py
[2022-12-30T00:03:44.217+0000] {logging_mixin.py:137} INFO - [2022-12-30T00:03:44.216+0000] {dag.py:2676} INFO - Sync 1 DAGs
[2022-12-30T00:03:44.245+0000] {logging_mixin.py:137} INFO - [2022-12-30T00:03:44.245+0000] {dag.py:3427} INFO - Setting next_dagrun for latest_only to 2022-12-29T20:03:44.245154+00:00, run_after=2022-12-30T00:03:44.245154+00:00
[2022-12-30T00:03:44.270+0000] {processor.py:175} INFO - Processing /home/airflow/.local/lib/python3.7/site-packages/airflow/example_dags/example_latest_only.py took 0.109 seconds
[2022-12-30T00:04:14.934+0000] {processor.py:153} INFO - Started process (PID=35301) to work on /home/airflow/.local/lib/python3.7/site-packages/airflow/example_dags/example_latest_only.py
[2022-12-30T00:04:14.935+0000] {processor.py:743} INFO - Processing file /home/airflow/.local/lib/python3.7/site-packages/airflow/example_dags/example_latest_only.py for tasks to queue
[2022-12-30T00:04:14.935+0000] {logging_mixin.py:137} INFO - [2022-12-30T00:04:14.935+0000] {dagbag.py:538} INFO - Filling up the DagBag from /home/airflow/.local/lib/python3.7/site-packages/airflow/example_dags/example_latest_only.py
[2022-12-30T00:04:14.948+0000] {processor.py:753} INFO - DAG(s) dict_keys(['latest_only']) retrieved from /home/airflow/.local/lib/python3.7/site-packages/airflow/example_dags/example_latest_only.py
[2022-12-30T00:04:14.979+0000] {logging_mixin.py:137} INFO - [2022-12-30T00:04:14.979+0000] {dag.py:2676} INFO - Sync 1 DAGs
[2022-12-30T00:04:15.005+0000] {logging_mixin.py:137} INFO - [2022-12-30T00:04:15.005+0000] {dag.py:3427} INFO - Setting next_dagrun for latest_only to 2022-12-29T20:04:15.005107+00:00, run_after=2022-12-30T00:04:15.005107+00:00
[2022-12-30T00:04:15.021+0000] {processor.py:175} INFO - Processing /home/airflow/.local/lib/python3.7/site-packages/airflow/example_dags/example_latest_only.py took 0.091 seconds
[2022-12-30T00:04:45.643+0000] {processor.py:153} INFO - Started process (PID=35403) to work on /home/airflow/.local/lib/python3.7/site-packages/airflow/example_dags/example_latest_only.py
[2022-12-30T00:04:45.644+0000] {processor.py:743} INFO - Processing file /home/airflow/.local/lib/python3.7/site-packages/airflow/example_dags/example_latest_only.py for tasks to queue
[2022-12-30T00:04:45.645+0000] {logging_mixin.py:137} INFO - [2022-12-30T00:04:45.645+0000] {dagbag.py:538} INFO - Filling up the DagBag from /home/airflow/.local/lib/python3.7/site-packages/airflow/example_dags/example_latest_only.py
[2022-12-30T00:04:45.653+0000] {processor.py:753} INFO - DAG(s) dict_keys(['latest_only']) retrieved from /home/airflow/.local/lib/python3.7/site-packages/airflow/example_dags/example_latest_only.py
[2022-12-30T00:04:45.682+0000] {logging_mixin.py:137} INFO - [2022-12-30T00:04:45.682+0000] {dag.py:2676} INFO - Sync 1 DAGs
[2022-12-30T00:04:45.700+0000] {logging_mixin.py:137} INFO - [2022-12-30T00:04:45.699+0000] {dag.py:3427} INFO - Setting next_dagrun for latest_only to 2022-12-29T20:04:45.699755+00:00, run_after=2022-12-30T00:04:45.699755+00:00
[2022-12-30T00:04:45.712+0000] {processor.py:175} INFO - Processing /home/airflow/.local/lib/python3.7/site-packages/airflow/example_dags/example_latest_only.py took 0.072 seconds
[2022-12-30T00:05:16.094+0000] {processor.py:153} INFO - Started process (PID=35485) to work on /home/airflow/.local/lib/python3.7/site-packages/airflow/example_dags/example_latest_only.py
[2022-12-30T00:05:16.094+0000] {processor.py:743} INFO - Processing file /home/airflow/.local/lib/python3.7/site-packages/airflow/example_dags/example_latest_only.py for tasks to queue
[2022-12-30T00:05:16.095+0000] {logging_mixin.py:137} INFO - [2022-12-30T00:05:16.095+0000] {dagbag.py:538} INFO - Filling up the DagBag from /home/airflow/.local/lib/python3.7/site-packages/airflow/example_dags/example_latest_only.py
[2022-12-30T00:05:16.105+0000] {processor.py:753} INFO - DAG(s) dict_keys(['latest_only']) retrieved from /home/airflow/.local/lib/python3.7/site-packages/airflow/example_dags/example_latest_only.py
[2022-12-30T00:05:16.130+0000] {logging_mixin.py:137} INFO - [2022-12-30T00:05:16.129+0000] {dag.py:2676} INFO - Sync 1 DAGs
[2022-12-30T00:05:16.147+0000] {logging_mixin.py:137} INFO - [2022-12-30T00:05:16.147+0000] {dag.py:3427} INFO - Setting next_dagrun for latest_only to 2022-12-29T20:05:16.147692+00:00, run_after=2022-12-30T00:05:16.147692+00:00
[2022-12-30T00:05:16.160+0000] {processor.py:175} INFO - Processing /home/airflow/.local/lib/python3.7/site-packages/airflow/example_dags/example_latest_only.py took 0.068 seconds
[2022-12-30T00:05:46.419+0000] {processor.py:153} INFO - Started process (PID=35587) to work on /home/airflow/.local/lib/python3.7/site-packages/airflow/example_dags/example_latest_only.py
[2022-12-30T00:05:46.419+0000] {processor.py:743} INFO - Processing file /home/airflow/.local/lib/python3.7/site-packages/airflow/example_dags/example_latest_only.py for tasks to queue
[2022-12-30T00:05:46.420+0000] {logging_mixin.py:137} INFO - [2022-12-30T00:05:46.420+0000] {dagbag.py:538} INFO - Filling up the DagBag from /home/airflow/.local/lib/python3.7/site-packages/airflow/example_dags/example_latest_only.py
[2022-12-30T00:05:46.430+0000] {processor.py:753} INFO - DAG(s) dict_keys(['latest_only']) retrieved from /home/airflow/.local/lib/python3.7/site-packages/airflow/example_dags/example_latest_only.py
[2022-12-30T00:05:46.460+0000] {logging_mixin.py:137} INFO - [2022-12-30T00:05:46.460+0000] {dag.py:2676} INFO - Sync 1 DAGs
[2022-12-30T00:05:46.478+0000] {logging_mixin.py:137} INFO - [2022-12-30T00:05:46.478+0000] {dag.py:3427} INFO - Setting next_dagrun for latest_only to 2022-12-29T20:05:46.477947+00:00, run_after=2022-12-30T00:05:46.477947+00:00
[2022-12-30T00:05:46.490+0000] {processor.py:175} INFO - Processing /home/airflow/.local/lib/python3.7/site-packages/airflow/example_dags/example_latest_only.py took 0.074 seconds
[2022-12-30T00:06:16.899+0000] {processor.py:153} INFO - Started process (PID=35669) to work on /home/airflow/.local/lib/python3.7/site-packages/airflow/example_dags/example_latest_only.py
[2022-12-30T00:06:16.900+0000] {processor.py:743} INFO - Processing file /home/airflow/.local/lib/python3.7/site-packages/airflow/example_dags/example_latest_only.py for tasks to queue
[2022-12-30T00:06:16.901+0000] {logging_mixin.py:137} INFO - [2022-12-30T00:06:16.900+0000] {dagbag.py:538} INFO - Filling up the DagBag from /home/airflow/.local/lib/python3.7/site-packages/airflow/example_dags/example_latest_only.py
[2022-12-30T00:06:16.912+0000] {processor.py:753} INFO - DAG(s) dict_keys(['latest_only']) retrieved from /home/airflow/.local/lib/python3.7/site-packages/airflow/example_dags/example_latest_only.py
[2022-12-30T00:06:16.939+0000] {logging_mixin.py:137} INFO - [2022-12-30T00:06:16.939+0000] {dag.py:2676} INFO - Sync 1 DAGs
[2022-12-30T00:06:16.956+0000] {logging_mixin.py:137} INFO - [2022-12-30T00:06:16.956+0000] {dag.py:3427} INFO - Setting next_dagrun for latest_only to 2022-12-29T20:06:16.956664+00:00, run_after=2022-12-30T00:06:16.956664+00:00
[2022-12-30T00:06:16.968+0000] {processor.py:175} INFO - Processing /home/airflow/.local/lib/python3.7/site-packages/airflow/example_dags/example_latest_only.py took 0.071 seconds
[2022-12-30T00:06:47.307+0000] {processor.py:153} INFO - Started process (PID=35771) to work on /home/airflow/.local/lib/python3.7/site-packages/airflow/example_dags/example_latest_only.py
[2022-12-30T00:06:47.308+0000] {processor.py:743} INFO - Processing file /home/airflow/.local/lib/python3.7/site-packages/airflow/example_dags/example_latest_only.py for tasks to queue
[2022-12-30T00:06:47.309+0000] {logging_mixin.py:137} INFO - [2022-12-30T00:06:47.309+0000] {dagbag.py:538} INFO - Filling up the DagBag from /home/airflow/.local/lib/python3.7/site-packages/airflow/example_dags/example_latest_only.py
[2022-12-30T00:06:47.318+0000] {processor.py:753} INFO - DAG(s) dict_keys(['latest_only']) retrieved from /home/airflow/.local/lib/python3.7/site-packages/airflow/example_dags/example_latest_only.py
[2022-12-30T00:06:47.348+0000] {logging_mixin.py:137} INFO - [2022-12-30T00:06:47.348+0000] {dag.py:2676} INFO - Sync 1 DAGs
[2022-12-30T00:06:47.370+0000] {logging_mixin.py:137} INFO - [2022-12-30T00:06:47.369+0000] {dag.py:3427} INFO - Setting next_dagrun for latest_only to 2022-12-29T20:06:47.369732+00:00, run_after=2022-12-30T00:06:47.369732+00:00
[2022-12-30T00:06:47.381+0000] {processor.py:175} INFO - Processing /home/airflow/.local/lib/python3.7/site-packages/airflow/example_dags/example_latest_only.py took 0.076 seconds
[2022-12-30T00:07:19.278+0000] {processor.py:153} INFO - Started process (PID=35873) to work on /home/airflow/.local/lib/python3.7/site-packages/airflow/example_dags/example_latest_only.py
[2022-12-30T00:07:19.279+0000] {processor.py:743} INFO - Processing file /home/airflow/.local/lib/python3.7/site-packages/airflow/example_dags/example_latest_only.py for tasks to queue
[2022-12-30T00:07:19.280+0000] {logging_mixin.py:137} INFO - [2022-12-30T00:07:19.280+0000] {dagbag.py:538} INFO - Filling up the DagBag from /home/airflow/.local/lib/python3.7/site-packages/airflow/example_dags/example_latest_only.py
[2022-12-30T00:07:19.290+0000] {processor.py:753} INFO - DAG(s) dict_keys(['latest_only']) retrieved from /home/airflow/.local/lib/python3.7/site-packages/airflow/example_dags/example_latest_only.py
[2022-12-30T00:07:19.322+0000] {logging_mixin.py:137} INFO - [2022-12-30T00:07:19.322+0000] {dag.py:2676} INFO - Sync 1 DAGs
[2022-12-30T00:07:19.346+0000] {logging_mixin.py:137} INFO - [2022-12-30T00:07:19.346+0000] {dag.py:3427} INFO - Setting next_dagrun for latest_only to 2022-12-29T20:07:19.346511+00:00, run_after=2022-12-30T00:07:19.346511+00:00
[2022-12-30T00:07:19.369+0000] {processor.py:175} INFO - Processing /home/airflow/.local/lib/python3.7/site-packages/airflow/example_dags/example_latest_only.py took 0.095 seconds
[2022-12-30T00:07:49.931+0000] {processor.py:153} INFO - Started process (PID=35955) to work on /home/airflow/.local/lib/python3.7/site-packages/airflow/example_dags/example_latest_only.py
[2022-12-30T00:07:49.932+0000] {processor.py:743} INFO - Processing file /home/airflow/.local/lib/python3.7/site-packages/airflow/example_dags/example_latest_only.py for tasks to queue
[2022-12-30T00:07:49.932+0000] {logging_mixin.py:137} INFO - [2022-12-30T00:07:49.932+0000] {dagbag.py:538} INFO - Filling up the DagBag from /home/airflow/.local/lib/python3.7/site-packages/airflow/example_dags/example_latest_only.py
[2022-12-30T00:07:49.941+0000] {processor.py:753} INFO - DAG(s) dict_keys(['latest_only']) retrieved from /home/airflow/.local/lib/python3.7/site-packages/airflow/example_dags/example_latest_only.py
[2022-12-30T00:07:49.969+0000] {logging_mixin.py:137} INFO - [2022-12-30T00:07:49.969+0000] {dag.py:2676} INFO - Sync 1 DAGs
[2022-12-30T00:07:49.988+0000] {logging_mixin.py:137} INFO - [2022-12-30T00:07:49.988+0000] {dag.py:3427} INFO - Setting next_dagrun for latest_only to 2022-12-29T20:07:49.988220+00:00, run_after=2022-12-30T00:07:49.988220+00:00
[2022-12-30T00:07:49.999+0000] {processor.py:175} INFO - Processing /home/airflow/.local/lib/python3.7/site-packages/airflow/example_dags/example_latest_only.py took 0.070 seconds
[2022-12-30T00:08:20.586+0000] {processor.py:153} INFO - Started process (PID=36057) to work on /home/airflow/.local/lib/python3.7/site-packages/airflow/example_dags/example_latest_only.py
[2022-12-30T00:08:20.586+0000] {processor.py:743} INFO - Processing file /home/airflow/.local/lib/python3.7/site-packages/airflow/example_dags/example_latest_only.py for tasks to queue
[2022-12-30T00:08:20.587+0000] {logging_mixin.py:137} INFO - [2022-12-30T00:08:20.587+0000] {dagbag.py:538} INFO - Filling up the DagBag from /home/airflow/.local/lib/python3.7/site-packages/airflow/example_dags/example_latest_only.py
[2022-12-30T00:08:20.596+0000] {processor.py:753} INFO - DAG(s) dict_keys(['latest_only']) retrieved from /home/airflow/.local/lib/python3.7/site-packages/airflow/example_dags/example_latest_only.py
[2022-12-30T00:08:20.622+0000] {logging_mixin.py:137} INFO - [2022-12-30T00:08:20.621+0000] {dag.py:2676} INFO - Sync 1 DAGs
[2022-12-30T00:08:20.639+0000] {logging_mixin.py:137} INFO - [2022-12-30T00:08:20.639+0000] {dag.py:3427} INFO - Setting next_dagrun for latest_only to 2022-12-29T20:08:20.639640+00:00, run_after=2022-12-30T00:08:20.639640+00:00
[2022-12-30T00:08:20.651+0000] {processor.py:175} INFO - Processing /home/airflow/.local/lib/python3.7/site-packages/airflow/example_dags/example_latest_only.py took 0.068 seconds
[2022-12-30T00:08:51.126+0000] {processor.py:153} INFO - Started process (PID=36139) to work on /home/airflow/.local/lib/python3.7/site-packages/airflow/example_dags/example_latest_only.py
[2022-12-30T00:08:51.127+0000] {processor.py:743} INFO - Processing file /home/airflow/.local/lib/python3.7/site-packages/airflow/example_dags/example_latest_only.py for tasks to queue
[2022-12-30T00:08:51.128+0000] {logging_mixin.py:137} INFO - [2022-12-30T00:08:51.128+0000] {dagbag.py:538} INFO - Filling up the DagBag from /home/airflow/.local/lib/python3.7/site-packages/airflow/example_dags/example_latest_only.py
[2022-12-30T00:08:51.138+0000] {processor.py:753} INFO - DAG(s) dict_keys(['latest_only']) retrieved from /home/airflow/.local/lib/python3.7/site-packages/airflow/example_dags/example_latest_only.py
[2022-12-30T00:08:51.164+0000] {logging_mixin.py:137} INFO - [2022-12-30T00:08:51.164+0000] {dag.py:2676} INFO - Sync 1 DAGs
[2022-12-30T00:08:51.182+0000] {logging_mixin.py:137} INFO - [2022-12-30T00:08:51.182+0000] {dag.py:3427} INFO - Setting next_dagrun for latest_only to 2022-12-29T20:08:51.182656+00:00, run_after=2022-12-30T00:08:51.182656+00:00
[2022-12-30T00:08:51.194+0000] {processor.py:175} INFO - Processing /home/airflow/.local/lib/python3.7/site-packages/airflow/example_dags/example_latest_only.py took 0.070 seconds
[2022-12-30T00:09:21.709+0000] {processor.py:153} INFO - Started process (PID=36241) to work on /home/airflow/.local/lib/python3.7/site-packages/airflow/example_dags/example_latest_only.py
[2022-12-30T00:09:21.710+0000] {processor.py:743} INFO - Processing file /home/airflow/.local/lib/python3.7/site-packages/airflow/example_dags/example_latest_only.py for tasks to queue
[2022-12-30T00:09:21.710+0000] {logging_mixin.py:137} INFO - [2022-12-30T00:09:21.710+0000] {dagbag.py:538} INFO - Filling up the DagBag from /home/airflow/.local/lib/python3.7/site-packages/airflow/example_dags/example_latest_only.py
[2022-12-30T00:09:21.720+0000] {processor.py:753} INFO - DAG(s) dict_keys(['latest_only']) retrieved from /home/airflow/.local/lib/python3.7/site-packages/airflow/example_dags/example_latest_only.py
[2022-12-30T00:09:21.749+0000] {logging_mixin.py:137} INFO - [2022-12-30T00:09:21.749+0000] {dag.py:2676} INFO - Sync 1 DAGs
[2022-12-30T00:09:21.768+0000] {logging_mixin.py:137} INFO - [2022-12-30T00:09:21.767+0000] {dag.py:3427} INFO - Setting next_dagrun for latest_only to 2022-12-29T20:09:21.767782+00:00, run_after=2022-12-30T00:09:21.767782+00:00
[2022-12-30T00:09:21.779+0000] {processor.py:175} INFO - Processing /home/airflow/.local/lib/python3.7/site-packages/airflow/example_dags/example_latest_only.py took 0.073 seconds
[2022-12-30T00:09:52.319+0000] {processor.py:153} INFO - Started process (PID=36343) to work on /home/airflow/.local/lib/python3.7/site-packages/airflow/example_dags/example_latest_only.py
[2022-12-30T00:09:52.320+0000] {processor.py:743} INFO - Processing file /home/airflow/.local/lib/python3.7/site-packages/airflow/example_dags/example_latest_only.py for tasks to queue
[2022-12-30T00:09:52.320+0000] {logging_mixin.py:137} INFO - [2022-12-30T00:09:52.320+0000] {dagbag.py:538} INFO - Filling up the DagBag from /home/airflow/.local/lib/python3.7/site-packages/airflow/example_dags/example_latest_only.py
[2022-12-30T00:09:52.330+0000] {processor.py:753} INFO - DAG(s) dict_keys(['latest_only']) retrieved from /home/airflow/.local/lib/python3.7/site-packages/airflow/example_dags/example_latest_only.py
[2022-12-30T00:09:52.360+0000] {logging_mixin.py:137} INFO - [2022-12-30T00:09:52.360+0000] {dag.py:2676} INFO - Sync 1 DAGs
[2022-12-30T00:09:52.382+0000] {logging_mixin.py:137} INFO - [2022-12-30T00:09:52.382+0000] {dag.py:3427} INFO - Setting next_dagrun for latest_only to 2022-12-29T20:09:52.381888+00:00, run_after=2022-12-30T00:09:52.381888+00:00
[2022-12-30T00:09:52.396+0000] {processor.py:175} INFO - Processing /home/airflow/.local/lib/python3.7/site-packages/airflow/example_dags/example_latest_only.py took 0.079 seconds
[2022-12-30T00:10:22.876+0000] {processor.py:153} INFO - Started process (PID=36425) to work on /home/airflow/.local/lib/python3.7/site-packages/airflow/example_dags/example_latest_only.py
[2022-12-30T00:10:22.877+0000] {processor.py:743} INFO - Processing file /home/airflow/.local/lib/python3.7/site-packages/airflow/example_dags/example_latest_only.py for tasks to queue
[2022-12-30T00:10:22.877+0000] {logging_mixin.py:137} INFO - [2022-12-30T00:10:22.877+0000] {dagbag.py:538} INFO - Filling up the DagBag from /home/airflow/.local/lib/python3.7/site-packages/airflow/example_dags/example_latest_only.py
[2022-12-30T00:10:22.887+0000] {processor.py:753} INFO - DAG(s) dict_keys(['latest_only']) retrieved from /home/airflow/.local/lib/python3.7/site-packages/airflow/example_dags/example_latest_only.py
[2022-12-30T00:10:22.912+0000] {logging_mixin.py:137} INFO - [2022-12-30T00:10:22.912+0000] {dag.py:2676} INFO - Sync 1 DAGs
[2022-12-30T00:10:22.930+0000] {logging_mixin.py:137} INFO - [2022-12-30T00:10:22.929+0000] {dag.py:3427} INFO - Setting next_dagrun for latest_only to 2022-12-29T20:10:22.929744+00:00, run_after=2022-12-30T00:10:22.929744+00:00
[2022-12-30T00:10:22.941+0000] {processor.py:175} INFO - Processing /home/airflow/.local/lib/python3.7/site-packages/airflow/example_dags/example_latest_only.py took 0.067 seconds
[2022-12-30T00:10:53.438+0000] {processor.py:153} INFO - Started process (PID=36527) to work on /home/airflow/.local/lib/python3.7/site-packages/airflow/example_dags/example_latest_only.py
[2022-12-30T00:10:53.439+0000] {processor.py:743} INFO - Processing file /home/airflow/.local/lib/python3.7/site-packages/airflow/example_dags/example_latest_only.py for tasks to queue
[2022-12-30T00:10:53.439+0000] {logging_mixin.py:137} INFO - [2022-12-30T00:10:53.439+0000] {dagbag.py:538} INFO - Filling up the DagBag from /home/airflow/.local/lib/python3.7/site-packages/airflow/example_dags/example_latest_only.py
[2022-12-30T00:10:53.450+0000] {processor.py:753} INFO - DAG(s) dict_keys(['latest_only']) retrieved from /home/airflow/.local/lib/python3.7/site-packages/airflow/example_dags/example_latest_only.py
[2022-12-30T00:10:53.481+0000] {logging_mixin.py:137} INFO - [2022-12-30T00:10:53.481+0000] {dag.py:2676} INFO - Sync 1 DAGs
[2022-12-30T00:10:53.499+0000] {logging_mixin.py:137} INFO - [2022-12-30T00:10:53.499+0000] {dag.py:3427} INFO - Setting next_dagrun for latest_only to 2022-12-29T20:10:53.499708+00:00, run_after=2022-12-30T00:10:53.499708+00:00
[2022-12-30T00:10:53.512+0000] {processor.py:175} INFO - Processing /home/airflow/.local/lib/python3.7/site-packages/airflow/example_dags/example_latest_only.py took 0.077 seconds
[2022-12-30T00:11:23.856+0000] {processor.py:153} INFO - Started process (PID=36609) to work on /home/airflow/.local/lib/python3.7/site-packages/airflow/example_dags/example_latest_only.py
[2022-12-30T00:11:23.857+0000] {processor.py:743} INFO - Processing file /home/airflow/.local/lib/python3.7/site-packages/airflow/example_dags/example_latest_only.py for tasks to queue
[2022-12-30T00:11:23.857+0000] {logging_mixin.py:137} INFO - [2022-12-30T00:11:23.857+0000] {dagbag.py:538} INFO - Filling up the DagBag from /home/airflow/.local/lib/python3.7/site-packages/airflow/example_dags/example_latest_only.py
[2022-12-30T00:11:23.866+0000] {processor.py:753} INFO - DAG(s) dict_keys(['latest_only']) retrieved from /home/airflow/.local/lib/python3.7/site-packages/airflow/example_dags/example_latest_only.py
[2022-12-30T00:11:23.892+0000] {logging_mixin.py:137} INFO - [2022-12-30T00:11:23.891+0000] {dag.py:2676} INFO - Sync 1 DAGs
[2022-12-30T00:11:23.910+0000] {logging_mixin.py:137} INFO - [2022-12-30T00:11:23.910+0000] {dag.py:3427} INFO - Setting next_dagrun for latest_only to 2022-12-29T20:11:23.910319+00:00, run_after=2022-12-30T00:11:23.910319+00:00
[2022-12-30T00:11:23.923+0000] {processor.py:175} INFO - Processing /home/airflow/.local/lib/python3.7/site-packages/airflow/example_dags/example_latest_only.py took 0.069 seconds
[2022-12-30T00:11:54.313+0000] {processor.py:153} INFO - Started process (PID=36711) to work on /home/airflow/.local/lib/python3.7/site-packages/airflow/example_dags/example_latest_only.py
[2022-12-30T00:11:54.313+0000] {processor.py:743} INFO - Processing file /home/airflow/.local/lib/python3.7/site-packages/airflow/example_dags/example_latest_only.py for tasks to queue
[2022-12-30T00:11:54.314+0000] {logging_mixin.py:137} INFO - [2022-12-30T00:11:54.314+0000] {dagbag.py:538} INFO - Filling up the DagBag from /home/airflow/.local/lib/python3.7/site-packages/airflow/example_dags/example_latest_only.py
[2022-12-30T00:11:54.324+0000] {processor.py:753} INFO - DAG(s) dict_keys(['latest_only']) retrieved from /home/airflow/.local/lib/python3.7/site-packages/airflow/example_dags/example_latest_only.py
[2022-12-30T00:11:54.354+0000] {logging_mixin.py:137} INFO - [2022-12-30T00:11:54.353+0000] {dag.py:2676} INFO - Sync 1 DAGs
[2022-12-30T00:11:54.373+0000] {logging_mixin.py:137} INFO - [2022-12-30T00:11:54.373+0000] {dag.py:3427} INFO - Setting next_dagrun for latest_only to 2022-12-29T20:11:54.373694+00:00, run_after=2022-12-30T00:11:54.373694+00:00
[2022-12-30T00:11:54.385+0000] {processor.py:175} INFO - Processing /home/airflow/.local/lib/python3.7/site-packages/airflow/example_dags/example_latest_only.py took 0.075 seconds
[2022-12-30T00:12:24.762+0000] {processor.py:153} INFO - Started process (PID=36813) to work on /home/airflow/.local/lib/python3.7/site-packages/airflow/example_dags/example_latest_only.py
[2022-12-30T00:12:24.763+0000] {processor.py:743} INFO - Processing file /home/airflow/.local/lib/python3.7/site-packages/airflow/example_dags/example_latest_only.py for tasks to queue
[2022-12-30T00:12:24.763+0000] {logging_mixin.py:137} INFO - [2022-12-30T00:12:24.763+0000] {dagbag.py:538} INFO - Filling up the DagBag from /home/airflow/.local/lib/python3.7/site-packages/airflow/example_dags/example_latest_only.py
[2022-12-30T00:12:24.773+0000] {processor.py:753} INFO - DAG(s) dict_keys(['latest_only']) retrieved from /home/airflow/.local/lib/python3.7/site-packages/airflow/example_dags/example_latest_only.py
[2022-12-30T00:12:24.809+0000] {logging_mixin.py:137} INFO - [2022-12-30T00:12:24.809+0000] {dag.py:2676} INFO - Sync 1 DAGs
[2022-12-30T00:12:24.830+0000] {logging_mixin.py:137} INFO - [2022-12-30T00:12:24.830+0000] {dag.py:3427} INFO - Setting next_dagrun for latest_only to 2022-12-29T20:12:24.830484+00:00, run_after=2022-12-30T00:12:24.830484+00:00
[2022-12-30T00:12:24.846+0000] {processor.py:175} INFO - Processing /home/airflow/.local/lib/python3.7/site-packages/airflow/example_dags/example_latest_only.py took 0.087 seconds
[2022-12-30T00:12:55.306+0000] {processor.py:153} INFO - Started process (PID=36895) to work on /home/airflow/.local/lib/python3.7/site-packages/airflow/example_dags/example_latest_only.py
[2022-12-30T00:12:55.306+0000] {processor.py:743} INFO - Processing file /home/airflow/.local/lib/python3.7/site-packages/airflow/example_dags/example_latest_only.py for tasks to queue
[2022-12-30T00:12:55.307+0000] {logging_mixin.py:137} INFO - [2022-12-30T00:12:55.307+0000] {dagbag.py:538} INFO - Filling up the DagBag from /home/airflow/.local/lib/python3.7/site-packages/airflow/example_dags/example_latest_only.py
[2022-12-30T00:12:55.316+0000] {processor.py:753} INFO - DAG(s) dict_keys(['latest_only']) retrieved from /home/airflow/.local/lib/python3.7/site-packages/airflow/example_dags/example_latest_only.py
[2022-12-30T00:12:55.346+0000] {logging_mixin.py:137} INFO - [2022-12-30T00:12:55.345+0000] {dag.py:2676} INFO - Sync 1 DAGs
[2022-12-30T00:12:55.363+0000] {logging_mixin.py:137} INFO - [2022-12-30T00:12:55.363+0000] {dag.py:3427} INFO - Setting next_dagrun for latest_only to 2022-12-29T20:12:55.363679+00:00, run_after=2022-12-30T00:12:55.363679+00:00
[2022-12-30T00:12:55.374+0000] {processor.py:175} INFO - Processing /home/airflow/.local/lib/python3.7/site-packages/airflow/example_dags/example_latest_only.py took 0.071 seconds
[2022-12-30T00:13:25.687+0000] {processor.py:153} INFO - Started process (PID=36997) to work on /home/airflow/.local/lib/python3.7/site-packages/airflow/example_dags/example_latest_only.py
[2022-12-30T00:13:25.688+0000] {processor.py:743} INFO - Processing file /home/airflow/.local/lib/python3.7/site-packages/airflow/example_dags/example_latest_only.py for tasks to queue
[2022-12-30T00:13:25.689+0000] {logging_mixin.py:137} INFO - [2022-12-30T00:13:25.689+0000] {dagbag.py:538} INFO - Filling up the DagBag from /home/airflow/.local/lib/python3.7/site-packages/airflow/example_dags/example_latest_only.py
[2022-12-30T00:13:25.698+0000] {processor.py:753} INFO - DAG(s) dict_keys(['latest_only']) retrieved from /home/airflow/.local/lib/python3.7/site-packages/airflow/example_dags/example_latest_only.py
[2022-12-30T00:13:25.726+0000] {logging_mixin.py:137} INFO - [2022-12-30T00:13:25.726+0000] {dag.py:2676} INFO - Sync 1 DAGs
[2022-12-30T00:13:25.746+0000] {logging_mixin.py:137} INFO - [2022-12-30T00:13:25.746+0000] {dag.py:3427} INFO - Setting next_dagrun for latest_only to 2022-12-29T20:13:25.746413+00:00, run_after=2022-12-30T00:13:25.746413+00:00
[2022-12-30T00:13:25.758+0000] {processor.py:175} INFO - Processing /home/airflow/.local/lib/python3.7/site-packages/airflow/example_dags/example_latest_only.py took 0.074 seconds
[2022-12-30T00:13:56.034+0000] {processor.py:153} INFO - Started process (PID=37079) to work on /home/airflow/.local/lib/python3.7/site-packages/airflow/example_dags/example_latest_only.py
[2022-12-30T00:13:56.034+0000] {processor.py:743} INFO - Processing file /home/airflow/.local/lib/python3.7/site-packages/airflow/example_dags/example_latest_only.py for tasks to queue
[2022-12-30T00:13:56.035+0000] {logging_mixin.py:137} INFO - [2022-12-30T00:13:56.035+0000] {dagbag.py:538} INFO - Filling up the DagBag from /home/airflow/.local/lib/python3.7/site-packages/airflow/example_dags/example_latest_only.py
[2022-12-30T00:13:56.047+0000] {processor.py:753} INFO - DAG(s) dict_keys(['latest_only']) retrieved from /home/airflow/.local/lib/python3.7/site-packages/airflow/example_dags/example_latest_only.py
[2022-12-30T00:13:56.077+0000] {logging_mixin.py:137} INFO - [2022-12-30T00:13:56.077+0000] {dag.py:2676} INFO - Sync 1 DAGs
[2022-12-30T00:13:56.100+0000] {logging_mixin.py:137} INFO - [2022-12-30T00:13:56.099+0000] {dag.py:3427} INFO - Setting next_dagrun for latest_only to 2022-12-29T20:13:56.099817+00:00, run_after=2022-12-30T00:13:56.099817+00:00
[2022-12-30T00:13:56.112+0000] {processor.py:175} INFO - Processing /home/airflow/.local/lib/python3.7/site-packages/airflow/example_dags/example_latest_only.py took 0.081 seconds
[2022-12-30T00:14:26.557+0000] {processor.py:153} INFO - Started process (PID=37181) to work on /home/airflow/.local/lib/python3.7/site-packages/airflow/example_dags/example_latest_only.py
[2022-12-30T00:14:26.557+0000] {processor.py:743} INFO - Processing file /home/airflow/.local/lib/python3.7/site-packages/airflow/example_dags/example_latest_only.py for tasks to queue
[2022-12-30T00:14:26.557+0000] {logging_mixin.py:137} INFO - [2022-12-30T00:14:26.557+0000] {dagbag.py:538} INFO - Filling up the DagBag from /home/airflow/.local/lib/python3.7/site-packages/airflow/example_dags/example_latest_only.py
[2022-12-30T00:14:26.566+0000] {processor.py:753} INFO - DAG(s) dict_keys(['latest_only']) retrieved from /home/airflow/.local/lib/python3.7/site-packages/airflow/example_dags/example_latest_only.py
[2022-12-30T00:14:26.596+0000] {logging_mixin.py:137} INFO - [2022-12-30T00:14:26.596+0000] {dag.py:2676} INFO - Sync 1 DAGs
[2022-12-30T00:14:26.615+0000] {logging_mixin.py:137} INFO - [2022-12-30T00:14:26.615+0000] {dag.py:3427} INFO - Setting next_dagrun for latest_only to 2022-12-29T20:14:26.615134+00:00, run_after=2022-12-30T00:14:26.615134+00:00
[2022-12-30T00:14:26.628+0000] {processor.py:175} INFO - Processing /home/airflow/.local/lib/python3.7/site-packages/airflow/example_dags/example_latest_only.py took 0.073 seconds
[2022-12-30T00:14:57.058+0000] {processor.py:153} INFO - Started process (PID=37263) to work on /home/airflow/.local/lib/python3.7/site-packages/airflow/example_dags/example_latest_only.py
[2022-12-30T00:14:57.059+0000] {processor.py:743} INFO - Processing file /home/airflow/.local/lib/python3.7/site-packages/airflow/example_dags/example_latest_only.py for tasks to queue
[2022-12-30T00:14:57.059+0000] {logging_mixin.py:137} INFO - [2022-12-30T00:14:57.059+0000] {dagbag.py:538} INFO - Filling up the DagBag from /home/airflow/.local/lib/python3.7/site-packages/airflow/example_dags/example_latest_only.py
[2022-12-30T00:14:57.070+0000] {processor.py:753} INFO - DAG(s) dict_keys(['latest_only']) retrieved from /home/airflow/.local/lib/python3.7/site-packages/airflow/example_dags/example_latest_only.py
[2022-12-30T00:14:57.100+0000] {logging_mixin.py:137} INFO - [2022-12-30T00:14:57.099+0000] {dag.py:2676} INFO - Sync 1 DAGs
[2022-12-30T00:14:57.118+0000] {logging_mixin.py:137} INFO - [2022-12-30T00:14:57.117+0000] {dag.py:3427} INFO - Setting next_dagrun for latest_only to 2022-12-29T20:14:57.117763+00:00, run_after=2022-12-30T00:14:57.117763+00:00
[2022-12-30T00:14:57.133+0000] {processor.py:175} INFO - Processing /home/airflow/.local/lib/python3.7/site-packages/airflow/example_dags/example_latest_only.py took 0.077 seconds
[2022-12-30T00:15:27.443+0000] {processor.py:153} INFO - Started process (PID=37365) to work on /home/airflow/.local/lib/python3.7/site-packages/airflow/example_dags/example_latest_only.py
[2022-12-30T00:15:27.443+0000] {processor.py:743} INFO - Processing file /home/airflow/.local/lib/python3.7/site-packages/airflow/example_dags/example_latest_only.py for tasks to queue
[2022-12-30T00:15:27.444+0000] {logging_mixin.py:137} INFO - [2022-12-30T00:15:27.444+0000] {dagbag.py:538} INFO - Filling up the DagBag from /home/airflow/.local/lib/python3.7/site-packages/airflow/example_dags/example_latest_only.py
[2022-12-30T00:15:27.455+0000] {processor.py:753} INFO - DAG(s) dict_keys(['latest_only']) retrieved from /home/airflow/.local/lib/python3.7/site-packages/airflow/example_dags/example_latest_only.py
[2022-12-30T00:15:27.485+0000] {logging_mixin.py:137} INFO - [2022-12-30T00:15:27.485+0000] {dag.py:2676} INFO - Sync 1 DAGs
[2022-12-30T00:15:27.505+0000] {logging_mixin.py:137} INFO - [2022-12-30T00:15:27.504+0000] {dag.py:3427} INFO - Setting next_dagrun for latest_only to 2022-12-29T20:15:27.504588+00:00, run_after=2022-12-30T00:15:27.504588+00:00
[2022-12-30T00:15:27.518+0000] {processor.py:175} INFO - Processing /home/airflow/.local/lib/python3.7/site-packages/airflow/example_dags/example_latest_only.py took 0.078 seconds
[2022-12-30T00:15:58.148+0000] {processor.py:153} INFO - Started process (PID=37467) to work on /home/airflow/.local/lib/python3.7/site-packages/airflow/example_dags/example_latest_only.py
[2022-12-30T00:15:58.149+0000] {processor.py:743} INFO - Processing file /home/airflow/.local/lib/python3.7/site-packages/airflow/example_dags/example_latest_only.py for tasks to queue
[2022-12-30T00:15:58.149+0000] {logging_mixin.py:137} INFO - [2022-12-30T00:15:58.149+0000] {dagbag.py:538} INFO - Filling up the DagBag from /home/airflow/.local/lib/python3.7/site-packages/airflow/example_dags/example_latest_only.py
[2022-12-30T00:15:58.160+0000] {processor.py:753} INFO - DAG(s) dict_keys(['latest_only']) retrieved from /home/airflow/.local/lib/python3.7/site-packages/airflow/example_dags/example_latest_only.py
[2022-12-30T00:15:58.192+0000] {logging_mixin.py:137} INFO - [2022-12-30T00:15:58.192+0000] {dag.py:2676} INFO - Sync 1 DAGs
[2022-12-30T00:15:58.217+0000] {logging_mixin.py:137} INFO - [2022-12-30T00:15:58.217+0000] {dag.py:3427} INFO - Setting next_dagrun for latest_only to 2022-12-29T20:15:58.216972+00:00, run_after=2022-12-30T00:15:58.216972+00:00
[2022-12-30T00:15:58.230+0000] {processor.py:175} INFO - Processing /home/airflow/.local/lib/python3.7/site-packages/airflow/example_dags/example_latest_only.py took 0.084 seconds
[2022-12-30T00:16:28.755+0000] {processor.py:153} INFO - Started process (PID=37549) to work on /home/airflow/.local/lib/python3.7/site-packages/airflow/example_dags/example_latest_only.py
[2022-12-30T00:16:28.756+0000] {processor.py:743} INFO - Processing file /home/airflow/.local/lib/python3.7/site-packages/airflow/example_dags/example_latest_only.py for tasks to queue
[2022-12-30T00:16:28.757+0000] {logging_mixin.py:137} INFO - [2022-12-30T00:16:28.757+0000] {dagbag.py:538} INFO - Filling up the DagBag from /home/airflow/.local/lib/python3.7/site-packages/airflow/example_dags/example_latest_only.py
[2022-12-30T00:16:28.767+0000] {processor.py:753} INFO - DAG(s) dict_keys(['latest_only']) retrieved from /home/airflow/.local/lib/python3.7/site-packages/airflow/example_dags/example_latest_only.py
[2022-12-30T00:16:28.798+0000] {logging_mixin.py:137} INFO - [2022-12-30T00:16:28.797+0000] {dag.py:2676} INFO - Sync 1 DAGs
[2022-12-30T00:16:28.817+0000] {logging_mixin.py:137} INFO - [2022-12-30T00:16:28.817+0000] {dag.py:3427} INFO - Setting next_dagrun for latest_only to 2022-12-29T20:16:28.817451+00:00, run_after=2022-12-30T00:16:28.817451+00:00
[2022-12-30T00:16:28.829+0000] {processor.py:175} INFO - Processing /home/airflow/.local/lib/python3.7/site-packages/airflow/example_dags/example_latest_only.py took 0.076 seconds
[2022-12-30T00:16:59.283+0000] {processor.py:153} INFO - Started process (PID=37651) to work on /home/airflow/.local/lib/python3.7/site-packages/airflow/example_dags/example_latest_only.py
[2022-12-30T00:16:59.283+0000] {processor.py:743} INFO - Processing file /home/airflow/.local/lib/python3.7/site-packages/airflow/example_dags/example_latest_only.py for tasks to queue
[2022-12-30T00:16:59.284+0000] {logging_mixin.py:137} INFO - [2022-12-30T00:16:59.284+0000] {dagbag.py:538} INFO - Filling up the DagBag from /home/airflow/.local/lib/python3.7/site-packages/airflow/example_dags/example_latest_only.py
[2022-12-30T00:16:59.294+0000] {processor.py:753} INFO - DAG(s) dict_keys(['latest_only']) retrieved from /home/airflow/.local/lib/python3.7/site-packages/airflow/example_dags/example_latest_only.py
[2022-12-30T00:16:59.319+0000] {logging_mixin.py:137} INFO - [2022-12-30T00:16:59.319+0000] {dag.py:2676} INFO - Sync 1 DAGs
[2022-12-30T00:16:59.337+0000] {logging_mixin.py:137} INFO - [2022-12-30T00:16:59.337+0000] {dag.py:3427} INFO - Setting next_dagrun for latest_only to 2022-12-29T20:16:59.337195+00:00, run_after=2022-12-30T00:16:59.337195+00:00
[2022-12-30T00:16:59.349+0000] {processor.py:175} INFO - Processing /home/airflow/.local/lib/python3.7/site-packages/airflow/example_dags/example_latest_only.py took 0.070 seconds
[2022-12-30T00:17:29.920+0000] {processor.py:153} INFO - Started process (PID=37733) to work on /home/airflow/.local/lib/python3.7/site-packages/airflow/example_dags/example_latest_only.py
[2022-12-30T00:17:29.920+0000] {processor.py:743} INFO - Processing file /home/airflow/.local/lib/python3.7/site-packages/airflow/example_dags/example_latest_only.py for tasks to queue
[2022-12-30T00:17:29.921+0000] {logging_mixin.py:137} INFO - [2022-12-30T00:17:29.921+0000] {dagbag.py:538} INFO - Filling up the DagBag from /home/airflow/.local/lib/python3.7/site-packages/airflow/example_dags/example_latest_only.py
[2022-12-30T00:17:29.935+0000] {processor.py:753} INFO - DAG(s) dict_keys(['latest_only']) retrieved from /home/airflow/.local/lib/python3.7/site-packages/airflow/example_dags/example_latest_only.py
[2022-12-30T00:17:29.964+0000] {logging_mixin.py:137} INFO - [2022-12-30T00:17:29.963+0000] {dag.py:2676} INFO - Sync 1 DAGs
[2022-12-30T00:17:29.984+0000] {logging_mixin.py:137} INFO - [2022-12-30T00:17:29.984+0000] {dag.py:3427} INFO - Setting next_dagrun for latest_only to 2022-12-29T20:17:29.984597+00:00, run_after=2022-12-30T00:17:29.984597+00:00
[2022-12-30T00:17:29.997+0000] {processor.py:175} INFO - Processing /home/airflow/.local/lib/python3.7/site-packages/airflow/example_dags/example_latest_only.py took 0.080 seconds
[2022-12-30T00:18:00.362+0000] {processor.py:153} INFO - Started process (PID=37836) to work on /home/airflow/.local/lib/python3.7/site-packages/airflow/example_dags/example_latest_only.py
[2022-12-30T00:18:00.363+0000] {processor.py:743} INFO - Processing file /home/airflow/.local/lib/python3.7/site-packages/airflow/example_dags/example_latest_only.py for tasks to queue
[2022-12-30T00:18:00.364+0000] {logging_mixin.py:137} INFO - [2022-12-30T00:18:00.364+0000] {dagbag.py:538} INFO - Filling up the DagBag from /home/airflow/.local/lib/python3.7/site-packages/airflow/example_dags/example_latest_only.py
[2022-12-30T00:18:00.374+0000] {processor.py:753} INFO - DAG(s) dict_keys(['latest_only']) retrieved from /home/airflow/.local/lib/python3.7/site-packages/airflow/example_dags/example_latest_only.py
[2022-12-30T00:18:00.403+0000] {logging_mixin.py:137} INFO - [2022-12-30T00:18:00.403+0000] {dag.py:2676} INFO - Sync 1 DAGs
[2022-12-30T00:18:00.426+0000] {logging_mixin.py:137} INFO - [2022-12-30T00:18:00.426+0000] {dag.py:3427} INFO - Setting next_dagrun for latest_only to 2022-12-29T20:18:00.425846+00:00, run_after=2022-12-30T00:18:00.425846+00:00
[2022-12-30T00:18:00.439+0000] {processor.py:175} INFO - Processing /home/airflow/.local/lib/python3.7/site-packages/airflow/example_dags/example_latest_only.py took 0.079 seconds
[2022-12-30T00:18:30.820+0000] {processor.py:153} INFO - Started process (PID=37919) to work on /home/airflow/.local/lib/python3.7/site-packages/airflow/example_dags/example_latest_only.py
[2022-12-30T00:18:30.821+0000] {processor.py:743} INFO - Processing file /home/airflow/.local/lib/python3.7/site-packages/airflow/example_dags/example_latest_only.py for tasks to queue
[2022-12-30T00:18:30.821+0000] {logging_mixin.py:137} INFO - [2022-12-30T00:18:30.821+0000] {dagbag.py:538} INFO - Filling up the DagBag from /home/airflow/.local/lib/python3.7/site-packages/airflow/example_dags/example_latest_only.py
[2022-12-30T00:18:30.834+0000] {processor.py:753} INFO - DAG(s) dict_keys(['latest_only']) retrieved from /home/airflow/.local/lib/python3.7/site-packages/airflow/example_dags/example_latest_only.py
[2022-12-30T00:18:30.866+0000] {logging_mixin.py:137} INFO - [2022-12-30T00:18:30.866+0000] {dag.py:2676} INFO - Sync 1 DAGs
[2022-12-30T00:18:30.885+0000] {logging_mixin.py:137} INFO - [2022-12-30T00:18:30.885+0000] {dag.py:3427} INFO - Setting next_dagrun for latest_only to 2022-12-29T20:18:30.885026+00:00, run_after=2022-12-30T00:18:30.885026+00:00
[2022-12-30T00:18:30.897+0000] {processor.py:175} INFO - Processing /home/airflow/.local/lib/python3.7/site-packages/airflow/example_dags/example_latest_only.py took 0.079 seconds
[2022-12-30T00:19:01.304+0000] {processor.py:153} INFO - Started process (PID=38021) to work on /home/airflow/.local/lib/python3.7/site-packages/airflow/example_dags/example_latest_only.py
[2022-12-30T00:19:01.304+0000] {processor.py:743} INFO - Processing file /home/airflow/.local/lib/python3.7/site-packages/airflow/example_dags/example_latest_only.py for tasks to queue
[2022-12-30T00:19:01.305+0000] {logging_mixin.py:137} INFO - [2022-12-30T00:19:01.305+0000] {dagbag.py:538} INFO - Filling up the DagBag from /home/airflow/.local/lib/python3.7/site-packages/airflow/example_dags/example_latest_only.py
[2022-12-30T00:19:01.314+0000] {processor.py:753} INFO - DAG(s) dict_keys(['latest_only']) retrieved from /home/airflow/.local/lib/python3.7/site-packages/airflow/example_dags/example_latest_only.py
[2022-12-30T00:19:01.343+0000] {logging_mixin.py:137} INFO - [2022-12-30T00:19:01.343+0000] {dag.py:2676} INFO - Sync 1 DAGs
[2022-12-30T00:19:01.363+0000] {logging_mixin.py:137} INFO - [2022-12-30T00:19:01.362+0000] {dag.py:3427} INFO - Setting next_dagrun for latest_only to 2022-12-29T20:19:01.362775+00:00, run_after=2022-12-30T00:19:01.362775+00:00
[2022-12-30T00:19:01.374+0000] {processor.py:175} INFO - Processing /home/airflow/.local/lib/python3.7/site-packages/airflow/example_dags/example_latest_only.py took 0.073 seconds
[2022-12-30T00:19:32.043+0000] {processor.py:153} INFO - Started process (PID=38112) to work on /home/airflow/.local/lib/python3.7/site-packages/airflow/example_dags/example_latest_only.py
[2022-12-30T00:19:32.044+0000] {processor.py:743} INFO - Processing file /home/airflow/.local/lib/python3.7/site-packages/airflow/example_dags/example_latest_only.py for tasks to queue
[2022-12-30T00:19:32.045+0000] {logging_mixin.py:137} INFO - [2022-12-30T00:19:32.044+0000] {dagbag.py:538} INFO - Filling up the DagBag from /home/airflow/.local/lib/python3.7/site-packages/airflow/example_dags/example_latest_only.py
[2022-12-30T00:19:32.054+0000] {processor.py:753} INFO - DAG(s) dict_keys(['latest_only']) retrieved from /home/airflow/.local/lib/python3.7/site-packages/airflow/example_dags/example_latest_only.py
[2022-12-30T00:19:32.086+0000] {logging_mixin.py:137} INFO - [2022-12-30T00:19:32.086+0000] {dag.py:2676} INFO - Sync 1 DAGs
[2022-12-30T00:19:32.113+0000] {logging_mixin.py:137} INFO - [2022-12-30T00:19:32.113+0000] {dag.py:3427} INFO - Setting next_dagrun for latest_only to 2022-12-29T20:19:32.113267+00:00, run_after=2022-12-30T00:19:32.113267+00:00
[2022-12-30T00:19:32.129+0000] {processor.py:175} INFO - Processing /home/airflow/.local/lib/python3.7/site-packages/airflow/example_dags/example_latest_only.py took 0.088 seconds
[2022-12-30T00:20:02.687+0000] {processor.py:153} INFO - Started process (PID=38205) to work on /home/airflow/.local/lib/python3.7/site-packages/airflow/example_dags/example_latest_only.py
[2022-12-30T00:20:02.687+0000] {processor.py:743} INFO - Processing file /home/airflow/.local/lib/python3.7/site-packages/airflow/example_dags/example_latest_only.py for tasks to queue
[2022-12-30T00:20:02.688+0000] {logging_mixin.py:137} INFO - [2022-12-30T00:20:02.688+0000] {dagbag.py:538} INFO - Filling up the DagBag from /home/airflow/.local/lib/python3.7/site-packages/airflow/example_dags/example_latest_only.py
[2022-12-30T00:20:02.699+0000] {processor.py:753} INFO - DAG(s) dict_keys(['latest_only']) retrieved from /home/airflow/.local/lib/python3.7/site-packages/airflow/example_dags/example_latest_only.py
[2022-12-30T00:20:02.728+0000] {logging_mixin.py:137} INFO - [2022-12-30T00:20:02.728+0000] {dag.py:2676} INFO - Sync 1 DAGs
[2022-12-30T00:20:02.750+0000] {logging_mixin.py:137} INFO - [2022-12-30T00:20:02.750+0000] {dag.py:3427} INFO - Setting next_dagrun for latest_only to 2022-12-29T20:20:02.749947+00:00, run_after=2022-12-30T00:20:02.749947+00:00
[2022-12-30T00:20:02.763+0000] {processor.py:175} INFO - Processing /home/airflow/.local/lib/python3.7/site-packages/airflow/example_dags/example_latest_only.py took 0.078 seconds
[2022-12-30T00:20:33.543+0000] {processor.py:153} INFO - Started process (PID=38307) to work on /home/airflow/.local/lib/python3.7/site-packages/airflow/example_dags/example_latest_only.py
[2022-12-30T00:20:33.544+0000] {processor.py:743} INFO - Processing file /home/airflow/.local/lib/python3.7/site-packages/airflow/example_dags/example_latest_only.py for tasks to queue
[2022-12-30T00:20:33.544+0000] {logging_mixin.py:137} INFO - [2022-12-30T00:20:33.544+0000] {dagbag.py:538} INFO - Filling up the DagBag from /home/airflow/.local/lib/python3.7/site-packages/airflow/example_dags/example_latest_only.py
[2022-12-30T00:20:33.555+0000] {processor.py:753} INFO - DAG(s) dict_keys(['latest_only']) retrieved from /home/airflow/.local/lib/python3.7/site-packages/airflow/example_dags/example_latest_only.py
[2022-12-30T00:20:33.584+0000] {logging_mixin.py:137} INFO - [2022-12-30T00:20:33.584+0000] {dag.py:2676} INFO - Sync 1 DAGs
[2022-12-30T00:20:33.603+0000] {logging_mixin.py:137} INFO - [2022-12-30T00:20:33.602+0000] {dag.py:3427} INFO - Setting next_dagrun for latest_only to 2022-12-29T20:20:33.602737+00:00, run_after=2022-12-30T00:20:33.602737+00:00
[2022-12-30T00:20:33.616+0000] {processor.py:175} INFO - Processing /home/airflow/.local/lib/python3.7/site-packages/airflow/example_dags/example_latest_only.py took 0.075 seconds
[2022-12-30T00:21:03.933+0000] {processor.py:153} INFO - Started process (PID=38390) to work on /home/airflow/.local/lib/python3.7/site-packages/airflow/example_dags/example_latest_only.py
[2022-12-30T00:21:03.934+0000] {processor.py:743} INFO - Processing file /home/airflow/.local/lib/python3.7/site-packages/airflow/example_dags/example_latest_only.py for tasks to queue
[2022-12-30T00:21:03.934+0000] {logging_mixin.py:137} INFO - [2022-12-30T00:21:03.934+0000] {dagbag.py:538} INFO - Filling up the DagBag from /home/airflow/.local/lib/python3.7/site-packages/airflow/example_dags/example_latest_only.py
[2022-12-30T00:21:03.944+0000] {processor.py:753} INFO - DAG(s) dict_keys(['latest_only']) retrieved from /home/airflow/.local/lib/python3.7/site-packages/airflow/example_dags/example_latest_only.py
[2022-12-30T00:21:03.970+0000] {logging_mixin.py:137} INFO - [2022-12-30T00:21:03.970+0000] {dag.py:2676} INFO - Sync 1 DAGs
[2022-12-30T00:21:03.992+0000] {logging_mixin.py:137} INFO - [2022-12-30T00:21:03.992+0000] {dag.py:3427} INFO - Setting next_dagrun for latest_only to 2022-12-29T20:21:03.991807+00:00, run_after=2022-12-30T00:21:03.991807+00:00
[2022-12-30T00:21:04.008+0000] {processor.py:175} INFO - Processing /home/airflow/.local/lib/python3.7/site-packages/airflow/example_dags/example_latest_only.py took 0.078 seconds
[2022-12-30T00:21:34.898+0000] {processor.py:153} INFO - Started process (PID=38493) to work on /home/airflow/.local/lib/python3.7/site-packages/airflow/example_dags/example_latest_only.py
[2022-12-30T00:21:34.899+0000] {processor.py:743} INFO - Processing file /home/airflow/.local/lib/python3.7/site-packages/airflow/example_dags/example_latest_only.py for tasks to queue
[2022-12-30T00:21:34.899+0000] {logging_mixin.py:137} INFO - [2022-12-30T00:21:34.899+0000] {dagbag.py:538} INFO - Filling up the DagBag from /home/airflow/.local/lib/python3.7/site-packages/airflow/example_dags/example_latest_only.py
[2022-12-30T00:21:34.908+0000] {processor.py:753} INFO - DAG(s) dict_keys(['latest_only']) retrieved from /home/airflow/.local/lib/python3.7/site-packages/airflow/example_dags/example_latest_only.py
[2022-12-30T00:21:34.942+0000] {logging_mixin.py:137} INFO - [2022-12-30T00:21:34.942+0000] {dag.py:2676} INFO - Sync 1 DAGs
[2022-12-30T00:21:34.967+0000] {logging_mixin.py:137} INFO - [2022-12-30T00:21:34.967+0000] {dag.py:3427} INFO - Setting next_dagrun for latest_only to 2022-12-29T20:21:34.967285+00:00, run_after=2022-12-30T00:21:34.967285+00:00
[2022-12-30T00:21:34.982+0000] {processor.py:175} INFO - Processing /home/airflow/.local/lib/python3.7/site-packages/airflow/example_dags/example_latest_only.py took 0.086 seconds
[2022-12-30T00:22:05.026+0000] {processor.py:153} INFO - Started process (PID=38575) to work on /home/airflow/.local/lib/python3.7/site-packages/airflow/example_dags/example_latest_only.py
[2022-12-30T00:22:05.026+0000] {processor.py:743} INFO - Processing file /home/airflow/.local/lib/python3.7/site-packages/airflow/example_dags/example_latest_only.py for tasks to queue
[2022-12-30T00:22:05.027+0000] {logging_mixin.py:137} INFO - [2022-12-30T00:22:05.026+0000] {dagbag.py:538} INFO - Filling up the DagBag from /home/airflow/.local/lib/python3.7/site-packages/airflow/example_dags/example_latest_only.py
[2022-12-30T00:22:05.037+0000] {processor.py:753} INFO - DAG(s) dict_keys(['latest_only']) retrieved from /home/airflow/.local/lib/python3.7/site-packages/airflow/example_dags/example_latest_only.py
[2022-12-30T00:22:05.063+0000] {logging_mixin.py:137} INFO - [2022-12-30T00:22:05.063+0000] {dag.py:2676} INFO - Sync 1 DAGs
[2022-12-30T00:22:05.082+0000] {logging_mixin.py:137} INFO - [2022-12-30T00:22:05.082+0000] {dag.py:3427} INFO - Setting next_dagrun for latest_only to 2022-12-29T20:22:05.081978+00:00, run_after=2022-12-30T00:22:05.081978+00:00
[2022-12-30T00:22:05.094+0000] {processor.py:175} INFO - Processing /home/airflow/.local/lib/python3.7/site-packages/airflow/example_dags/example_latest_only.py took 0.070 seconds
[2022-12-30T00:22:35.743+0000] {processor.py:153} INFO - Started process (PID=38677) to work on /home/airflow/.local/lib/python3.7/site-packages/airflow/example_dags/example_latest_only.py
[2022-12-30T00:22:35.744+0000] {processor.py:743} INFO - Processing file /home/airflow/.local/lib/python3.7/site-packages/airflow/example_dags/example_latest_only.py for tasks to queue
[2022-12-30T00:22:35.744+0000] {logging_mixin.py:137} INFO - [2022-12-30T00:22:35.744+0000] {dagbag.py:538} INFO - Filling up the DagBag from /home/airflow/.local/lib/python3.7/site-packages/airflow/example_dags/example_latest_only.py
[2022-12-30T00:22:35.753+0000] {processor.py:753} INFO - DAG(s) dict_keys(['latest_only']) retrieved from /home/airflow/.local/lib/python3.7/site-packages/airflow/example_dags/example_latest_only.py
[2022-12-30T00:22:35.783+0000] {logging_mixin.py:137} INFO - [2022-12-30T00:22:35.782+0000] {dag.py:2676} INFO - Sync 1 DAGs
[2022-12-30T00:22:35.802+0000] {logging_mixin.py:137} INFO - [2022-12-30T00:22:35.802+0000] {dag.py:3427} INFO - Setting next_dagrun for latest_only to 2022-12-29T20:22:35.801860+00:00, run_after=2022-12-30T00:22:35.801860+00:00
[2022-12-30T00:22:35.815+0000] {processor.py:175} INFO - Processing /home/airflow/.local/lib/python3.7/site-packages/airflow/example_dags/example_latest_only.py took 0.076 seconds
[2022-12-30T00:23:06.680+0000] {processor.py:153} INFO - Started process (PID=38779) to work on /home/airflow/.local/lib/python3.7/site-packages/airflow/example_dags/example_latest_only.py
[2022-12-30T00:23:06.681+0000] {processor.py:743} INFO - Processing file /home/airflow/.local/lib/python3.7/site-packages/airflow/example_dags/example_latest_only.py for tasks to queue
[2022-12-30T00:23:06.681+0000] {logging_mixin.py:137} INFO - [2022-12-30T00:23:06.681+0000] {dagbag.py:538} INFO - Filling up the DagBag from /home/airflow/.local/lib/python3.7/site-packages/airflow/example_dags/example_latest_only.py
[2022-12-30T00:23:06.692+0000] {processor.py:753} INFO - DAG(s) dict_keys(['latest_only']) retrieved from /home/airflow/.local/lib/python3.7/site-packages/airflow/example_dags/example_latest_only.py
[2022-12-30T00:23:06.725+0000] {logging_mixin.py:137} INFO - [2022-12-30T00:23:06.724+0000] {dag.py:2676} INFO - Sync 1 DAGs
[2022-12-30T00:23:06.746+0000] {logging_mixin.py:137} INFO - [2022-12-30T00:23:06.746+0000] {dag.py:3427} INFO - Setting next_dagrun for latest_only to 2022-12-29T20:23:06.746410+00:00, run_after=2022-12-30T00:23:06.746410+00:00
[2022-12-30T00:23:06.759+0000] {processor.py:175} INFO - Processing /home/airflow/.local/lib/python3.7/site-packages/airflow/example_dags/example_latest_only.py took 0.081 seconds
[2022-12-30T00:23:37.456+0000] {processor.py:153} INFO - Started process (PID=38861) to work on /home/airflow/.local/lib/python3.7/site-packages/airflow/example_dags/example_latest_only.py
[2022-12-30T00:23:37.457+0000] {processor.py:743} INFO - Processing file /home/airflow/.local/lib/python3.7/site-packages/airflow/example_dags/example_latest_only.py for tasks to queue
[2022-12-30T00:23:37.458+0000] {logging_mixin.py:137} INFO - [2022-12-30T00:23:37.458+0000] {dagbag.py:538} INFO - Filling up the DagBag from /home/airflow/.local/lib/python3.7/site-packages/airflow/example_dags/example_latest_only.py
[2022-12-30T00:23:37.468+0000] {processor.py:753} INFO - DAG(s) dict_keys(['latest_only']) retrieved from /home/airflow/.local/lib/python3.7/site-packages/airflow/example_dags/example_latest_only.py
[2022-12-30T00:23:37.495+0000] {logging_mixin.py:137} INFO - [2022-12-30T00:23:37.495+0000] {dag.py:2676} INFO - Sync 1 DAGs
[2022-12-30T00:23:37.523+0000] {logging_mixin.py:137} INFO - [2022-12-30T00:23:37.523+0000] {dag.py:3427} INFO - Setting next_dagrun for latest_only to 2022-12-29T20:23:37.523400+00:00, run_after=2022-12-30T00:23:37.523400+00:00
[2022-12-30T00:23:37.535+0000] {processor.py:175} INFO - Processing /home/airflow/.local/lib/python3.7/site-packages/airflow/example_dags/example_latest_only.py took 0.083 seconds
[2022-12-30T00:24:07.980+0000] {processor.py:153} INFO - Started process (PID=38963) to work on /home/airflow/.local/lib/python3.7/site-packages/airflow/example_dags/example_latest_only.py
[2022-12-30T00:24:07.981+0000] {processor.py:743} INFO - Processing file /home/airflow/.local/lib/python3.7/site-packages/airflow/example_dags/example_latest_only.py for tasks to queue
[2022-12-30T00:24:07.982+0000] {logging_mixin.py:137} INFO - [2022-12-30T00:24:07.982+0000] {dagbag.py:538} INFO - Filling up the DagBag from /home/airflow/.local/lib/python3.7/site-packages/airflow/example_dags/example_latest_only.py
[2022-12-30T00:24:07.992+0000] {processor.py:753} INFO - DAG(s) dict_keys(['latest_only']) retrieved from /home/airflow/.local/lib/python3.7/site-packages/airflow/example_dags/example_latest_only.py
[2022-12-30T00:24:08.019+0000] {logging_mixin.py:137} INFO - [2022-12-30T00:24:08.019+0000] {dag.py:2676} INFO - Sync 1 DAGs
[2022-12-30T00:24:08.044+0000] {logging_mixin.py:137} INFO - [2022-12-30T00:24:08.043+0000] {dag.py:3427} INFO - Setting next_dagrun for latest_only to 2022-12-29T20:24:08.043686+00:00, run_after=2022-12-30T00:24:08.043686+00:00
[2022-12-30T00:24:08.056+0000] {processor.py:175} INFO - Processing /home/airflow/.local/lib/python3.7/site-packages/airflow/example_dags/example_latest_only.py took 0.078 seconds
[2022-12-30T00:24:39.082+0000] {processor.py:153} INFO - Started process (PID=39045) to work on /home/airflow/.local/lib/python3.7/site-packages/airflow/example_dags/example_latest_only.py
[2022-12-30T00:24:39.083+0000] {processor.py:743} INFO - Processing file /home/airflow/.local/lib/python3.7/site-packages/airflow/example_dags/example_latest_only.py for tasks to queue
[2022-12-30T00:24:39.083+0000] {logging_mixin.py:137} INFO - [2022-12-30T00:24:39.083+0000] {dagbag.py:538} INFO - Filling up the DagBag from /home/airflow/.local/lib/python3.7/site-packages/airflow/example_dags/example_latest_only.py
[2022-12-30T00:24:39.093+0000] {processor.py:753} INFO - DAG(s) dict_keys(['latest_only']) retrieved from /home/airflow/.local/lib/python3.7/site-packages/airflow/example_dags/example_latest_only.py
[2022-12-30T00:24:39.121+0000] {logging_mixin.py:137} INFO - [2022-12-30T00:24:39.120+0000] {dag.py:2676} INFO - Sync 1 DAGs
[2022-12-30T00:24:39.138+0000] {logging_mixin.py:137} INFO - [2022-12-30T00:24:39.138+0000] {dag.py:3427} INFO - Setting next_dagrun for latest_only to 2022-12-29T20:24:39.138700+00:00, run_after=2022-12-30T00:24:39.138700+00:00
[2022-12-30T00:24:39.151+0000] {processor.py:175} INFO - Processing /home/airflow/.local/lib/python3.7/site-packages/airflow/example_dags/example_latest_only.py took 0.072 seconds
[2022-12-30T00:25:09.491+0000] {processor.py:153} INFO - Started process (PID=39147) to work on /home/airflow/.local/lib/python3.7/site-packages/airflow/example_dags/example_latest_only.py
[2022-12-30T00:25:09.492+0000] {processor.py:743} INFO - Processing file /home/airflow/.local/lib/python3.7/site-packages/airflow/example_dags/example_latest_only.py for tasks to queue
[2022-12-30T00:25:09.493+0000] {logging_mixin.py:137} INFO - [2022-12-30T00:25:09.492+0000] {dagbag.py:538} INFO - Filling up the DagBag from /home/airflow/.local/lib/python3.7/site-packages/airflow/example_dags/example_latest_only.py
[2022-12-30T00:25:09.503+0000] {processor.py:753} INFO - DAG(s) dict_keys(['latest_only']) retrieved from /home/airflow/.local/lib/python3.7/site-packages/airflow/example_dags/example_latest_only.py
[2022-12-30T00:25:09.531+0000] {logging_mixin.py:137} INFO - [2022-12-30T00:25:09.531+0000] {dag.py:2676} INFO - Sync 1 DAGs
[2022-12-30T00:25:09.551+0000] {logging_mixin.py:137} INFO - [2022-12-30T00:25:09.551+0000] {dag.py:3427} INFO - Setting next_dagrun for latest_only to 2022-12-29T20:25:09.551592+00:00, run_after=2022-12-30T00:25:09.551592+00:00
[2022-12-30T00:25:09.563+0000] {processor.py:175} INFO - Processing /home/airflow/.local/lib/python3.7/site-packages/airflow/example_dags/example_latest_only.py took 0.074 seconds
[2022-12-30T00:25:40.032+0000] {processor.py:153} INFO - Started process (PID=39229) to work on /home/airflow/.local/lib/python3.7/site-packages/airflow/example_dags/example_latest_only.py
[2022-12-30T00:25:40.032+0000] {processor.py:743} INFO - Processing file /home/airflow/.local/lib/python3.7/site-packages/airflow/example_dags/example_latest_only.py for tasks to queue
[2022-12-30T00:25:40.033+0000] {logging_mixin.py:137} INFO - [2022-12-30T00:25:40.033+0000] {dagbag.py:538} INFO - Filling up the DagBag from /home/airflow/.local/lib/python3.7/site-packages/airflow/example_dags/example_latest_only.py
[2022-12-30T00:25:40.044+0000] {processor.py:753} INFO - DAG(s) dict_keys(['latest_only']) retrieved from /home/airflow/.local/lib/python3.7/site-packages/airflow/example_dags/example_latest_only.py
[2022-12-30T00:25:40.075+0000] {logging_mixin.py:137} INFO - [2022-12-30T00:25:40.075+0000] {dag.py:2676} INFO - Sync 1 DAGs
[2022-12-30T00:25:40.093+0000] {logging_mixin.py:137} INFO - [2022-12-30T00:25:40.093+0000] {dag.py:3427} INFO - Setting next_dagrun for latest_only to 2022-12-29T20:25:40.093655+00:00, run_after=2022-12-30T00:25:40.093655+00:00
[2022-12-30T00:25:40.105+0000] {processor.py:175} INFO - Processing /home/airflow/.local/lib/python3.7/site-packages/airflow/example_dags/example_latest_only.py took 0.076 seconds
[2022-12-30T00:26:10.666+0000] {processor.py:153} INFO - Started process (PID=39331) to work on /home/airflow/.local/lib/python3.7/site-packages/airflow/example_dags/example_latest_only.py
[2022-12-30T00:26:10.667+0000] {processor.py:743} INFO - Processing file /home/airflow/.local/lib/python3.7/site-packages/airflow/example_dags/example_latest_only.py for tasks to queue
[2022-12-30T00:26:10.667+0000] {logging_mixin.py:137} INFO - [2022-12-30T00:26:10.667+0000] {dagbag.py:538} INFO - Filling up the DagBag from /home/airflow/.local/lib/python3.7/site-packages/airflow/example_dags/example_latest_only.py
[2022-12-30T00:26:10.679+0000] {processor.py:753} INFO - DAG(s) dict_keys(['latest_only']) retrieved from /home/airflow/.local/lib/python3.7/site-packages/airflow/example_dags/example_latest_only.py
[2022-12-30T00:26:10.703+0000] {logging_mixin.py:137} INFO - [2022-12-30T00:26:10.703+0000] {dag.py:2676} INFO - Sync 1 DAGs
[2022-12-30T00:26:10.726+0000] {logging_mixin.py:137} INFO - [2022-12-30T00:26:10.726+0000] {dag.py:3427} INFO - Setting next_dagrun for latest_only to 2022-12-29T20:26:10.726184+00:00, run_after=2022-12-30T00:26:10.726184+00:00
[2022-12-30T00:26:10.742+0000] {processor.py:175} INFO - Processing /home/airflow/.local/lib/python3.7/site-packages/airflow/example_dags/example_latest_only.py took 0.078 seconds
[2022-12-30T00:26:41.179+0000] {processor.py:153} INFO - Started process (PID=39433) to work on /home/airflow/.local/lib/python3.7/site-packages/airflow/example_dags/example_latest_only.py
[2022-12-30T00:26:41.179+0000] {processor.py:743} INFO - Processing file /home/airflow/.local/lib/python3.7/site-packages/airflow/example_dags/example_latest_only.py for tasks to queue
[2022-12-30T00:26:41.180+0000] {logging_mixin.py:137} INFO - [2022-12-30T00:26:41.180+0000] {dagbag.py:538} INFO - Filling up the DagBag from /home/airflow/.local/lib/python3.7/site-packages/airflow/example_dags/example_latest_only.py
[2022-12-30T00:26:41.190+0000] {processor.py:753} INFO - DAG(s) dict_keys(['latest_only']) retrieved from /home/airflow/.local/lib/python3.7/site-packages/airflow/example_dags/example_latest_only.py
[2022-12-30T00:26:41.222+0000] {logging_mixin.py:137} INFO - [2022-12-30T00:26:41.222+0000] {dag.py:2676} INFO - Sync 1 DAGs
[2022-12-30T00:26:41.244+0000] {logging_mixin.py:137} INFO - [2022-12-30T00:26:41.243+0000] {dag.py:3427} INFO - Setting next_dagrun for latest_only to 2022-12-29T20:26:41.243493+00:00, run_after=2022-12-30T00:26:41.243493+00:00
[2022-12-30T00:26:41.260+0000] {processor.py:175} INFO - Processing /home/airflow/.local/lib/python3.7/site-packages/airflow/example_dags/example_latest_only.py took 0.083 seconds
[2022-12-30T00:27:11.494+0000] {processor.py:153} INFO - Started process (PID=39516) to work on /home/airflow/.local/lib/python3.7/site-packages/airflow/example_dags/example_latest_only.py
[2022-12-30T00:27:11.494+0000] {processor.py:743} INFO - Processing file /home/airflow/.local/lib/python3.7/site-packages/airflow/example_dags/example_latest_only.py for tasks to queue
[2022-12-30T00:27:11.495+0000] {logging_mixin.py:137} INFO - [2022-12-30T00:27:11.495+0000] {dagbag.py:538} INFO - Filling up the DagBag from /home/airflow/.local/lib/python3.7/site-packages/airflow/example_dags/example_latest_only.py
[2022-12-30T00:27:11.504+0000] {processor.py:753} INFO - DAG(s) dict_keys(['latest_only']) retrieved from /home/airflow/.local/lib/python3.7/site-packages/airflow/example_dags/example_latest_only.py
[2022-12-30T00:27:11.530+0000] {logging_mixin.py:137} INFO - [2022-12-30T00:27:11.530+0000] {dag.py:2676} INFO - Sync 1 DAGs
[2022-12-30T00:27:11.551+0000] {logging_mixin.py:137} INFO - [2022-12-30T00:27:11.551+0000] {dag.py:3427} INFO - Setting next_dagrun for latest_only to 2022-12-29T20:27:11.551515+00:00, run_after=2022-12-30T00:27:11.551515+00:00
[2022-12-30T00:27:11.564+0000] {processor.py:175} INFO - Processing /home/airflow/.local/lib/python3.7/site-packages/airflow/example_dags/example_latest_only.py took 0.074 seconds
[2022-12-30T00:27:42.109+0000] {processor.py:153} INFO - Started process (PID=39618) to work on /home/airflow/.local/lib/python3.7/site-packages/airflow/example_dags/example_latest_only.py
[2022-12-30T00:27:42.110+0000] {processor.py:743} INFO - Processing file /home/airflow/.local/lib/python3.7/site-packages/airflow/example_dags/example_latest_only.py for tasks to queue
[2022-12-30T00:27:42.111+0000] {logging_mixin.py:137} INFO - [2022-12-30T00:27:42.111+0000] {dagbag.py:538} INFO - Filling up the DagBag from /home/airflow/.local/lib/python3.7/site-packages/airflow/example_dags/example_latest_only.py
[2022-12-30T00:27:42.120+0000] {processor.py:753} INFO - DAG(s) dict_keys(['latest_only']) retrieved from /home/airflow/.local/lib/python3.7/site-packages/airflow/example_dags/example_latest_only.py
[2022-12-30T00:27:42.152+0000] {logging_mixin.py:137} INFO - [2022-12-30T00:27:42.152+0000] {dag.py:2676} INFO - Sync 1 DAGs
[2022-12-30T00:27:42.171+0000] {logging_mixin.py:137} INFO - [2022-12-30T00:27:42.170+0000] {dag.py:3427} INFO - Setting next_dagrun for latest_only to 2022-12-29T20:27:42.170719+00:00, run_after=2022-12-30T00:27:42.170719+00:00
[2022-12-30T00:27:42.183+0000] {processor.py:175} INFO - Processing /home/airflow/.local/lib/python3.7/site-packages/airflow/example_dags/example_latest_only.py took 0.076 seconds
[2022-12-30T00:28:12.255+0000] {processor.py:153} INFO - Started process (PID=39700) to work on /home/airflow/.local/lib/python3.7/site-packages/airflow/example_dags/example_latest_only.py
[2022-12-30T00:28:12.256+0000] {processor.py:743} INFO - Processing file /home/airflow/.local/lib/python3.7/site-packages/airflow/example_dags/example_latest_only.py for tasks to queue
[2022-12-30T00:28:12.256+0000] {logging_mixin.py:137} INFO - [2022-12-30T00:28:12.256+0000] {dagbag.py:538} INFO - Filling up the DagBag from /home/airflow/.local/lib/python3.7/site-packages/airflow/example_dags/example_latest_only.py
[2022-12-30T00:28:12.268+0000] {processor.py:753} INFO - DAG(s) dict_keys(['latest_only']) retrieved from /home/airflow/.local/lib/python3.7/site-packages/airflow/example_dags/example_latest_only.py
[2022-12-30T00:28:12.298+0000] {logging_mixin.py:137} INFO - [2022-12-30T00:28:12.298+0000] {dag.py:2676} INFO - Sync 1 DAGs
[2022-12-30T00:28:12.317+0000] {logging_mixin.py:137} INFO - [2022-12-30T00:28:12.317+0000] {dag.py:3427} INFO - Setting next_dagrun for latest_only to 2022-12-29T20:28:12.317539+00:00, run_after=2022-12-30T00:28:12.317539+00:00
[2022-12-30T00:28:12.330+0000] {processor.py:175} INFO - Processing /home/airflow/.local/lib/python3.7/site-packages/airflow/example_dags/example_latest_only.py took 0.077 seconds
[2022-12-30T00:28:43.014+0000] {processor.py:153} INFO - Started process (PID=39802) to work on /home/airflow/.local/lib/python3.7/site-packages/airflow/example_dags/example_latest_only.py
[2022-12-30T00:28:43.015+0000] {processor.py:743} INFO - Processing file /home/airflow/.local/lib/python3.7/site-packages/airflow/example_dags/example_latest_only.py for tasks to queue
[2022-12-30T00:28:43.015+0000] {logging_mixin.py:137} INFO - [2022-12-30T00:28:43.015+0000] {dagbag.py:538} INFO - Filling up the DagBag from /home/airflow/.local/lib/python3.7/site-packages/airflow/example_dags/example_latest_only.py
[2022-12-30T00:28:43.024+0000] {processor.py:753} INFO - DAG(s) dict_keys(['latest_only']) retrieved from /home/airflow/.local/lib/python3.7/site-packages/airflow/example_dags/example_latest_only.py
[2022-12-30T00:28:43.054+0000] {logging_mixin.py:137} INFO - [2022-12-30T00:28:43.054+0000] {dag.py:2676} INFO - Sync 1 DAGs
[2022-12-30T00:28:43.076+0000] {logging_mixin.py:137} INFO - [2022-12-30T00:28:43.076+0000] {dag.py:3427} INFO - Setting next_dagrun for latest_only to 2022-12-29T20:28:43.076270+00:00, run_after=2022-12-30T00:28:43.076270+00:00
[2022-12-30T00:28:43.089+0000] {processor.py:175} INFO - Processing /home/airflow/.local/lib/python3.7/site-packages/airflow/example_dags/example_latest_only.py took 0.078 seconds
[2022-12-30T00:29:13.255+0000] {processor.py:153} INFO - Started process (PID=39884) to work on /home/airflow/.local/lib/python3.7/site-packages/airflow/example_dags/example_latest_only.py
[2022-12-30T00:29:13.256+0000] {processor.py:743} INFO - Processing file /home/airflow/.local/lib/python3.7/site-packages/airflow/example_dags/example_latest_only.py for tasks to queue
[2022-12-30T00:29:13.256+0000] {logging_mixin.py:137} INFO - [2022-12-30T00:29:13.256+0000] {dagbag.py:538} INFO - Filling up the DagBag from /home/airflow/.local/lib/python3.7/site-packages/airflow/example_dags/example_latest_only.py
[2022-12-30T00:29:13.266+0000] {processor.py:753} INFO - DAG(s) dict_keys(['latest_only']) retrieved from /home/airflow/.local/lib/python3.7/site-packages/airflow/example_dags/example_latest_only.py
[2022-12-30T00:29:13.294+0000] {logging_mixin.py:137} INFO - [2022-12-30T00:29:13.294+0000] {dag.py:2676} INFO - Sync 1 DAGs
[2022-12-30T00:29:13.315+0000] {logging_mixin.py:137} INFO - [2022-12-30T00:29:13.315+0000] {dag.py:3427} INFO - Setting next_dagrun for latest_only to 2022-12-29T20:29:13.315052+00:00, run_after=2022-12-30T00:29:13.315052+00:00
[2022-12-30T00:29:13.329+0000] {processor.py:175} INFO - Processing /home/airflow/.local/lib/python3.7/site-packages/airflow/example_dags/example_latest_only.py took 0.077 seconds
[2022-12-30T00:29:43.403+0000] {processor.py:153} INFO - Started process (PID=39986) to work on /home/airflow/.local/lib/python3.7/site-packages/airflow/example_dags/example_latest_only.py
[2022-12-30T00:29:43.403+0000] {processor.py:743} INFO - Processing file /home/airflow/.local/lib/python3.7/site-packages/airflow/example_dags/example_latest_only.py for tasks to queue
[2022-12-30T00:29:43.404+0000] {logging_mixin.py:137} INFO - [2022-12-30T00:29:43.404+0000] {dagbag.py:538} INFO - Filling up the DagBag from /home/airflow/.local/lib/python3.7/site-packages/airflow/example_dags/example_latest_only.py
[2022-12-30T00:29:43.417+0000] {processor.py:753} INFO - DAG(s) dict_keys(['latest_only']) retrieved from /home/airflow/.local/lib/python3.7/site-packages/airflow/example_dags/example_latest_only.py
[2022-12-30T00:29:43.453+0000] {logging_mixin.py:137} INFO - [2022-12-30T00:29:43.453+0000] {dag.py:2676} INFO - Sync 1 DAGs
[2022-12-30T00:29:43.481+0000] {logging_mixin.py:137} INFO - [2022-12-30T00:29:43.481+0000] {dag.py:3427} INFO - Setting next_dagrun for latest_only to 2022-12-29T20:29:43.481376+00:00, run_after=2022-12-30T00:29:43.481376+00:00
[2022-12-30T00:29:43.501+0000] {processor.py:175} INFO - Processing /home/airflow/.local/lib/python3.7/site-packages/airflow/example_dags/example_latest_only.py took 0.101 seconds
[2022-12-30T00:30:14.000+0000] {processor.py:153} INFO - Started process (PID=40068) to work on /home/airflow/.local/lib/python3.7/site-packages/airflow/example_dags/example_latest_only.py
[2022-12-30T00:30:14.001+0000] {processor.py:743} INFO - Processing file /home/airflow/.local/lib/python3.7/site-packages/airflow/example_dags/example_latest_only.py for tasks to queue
[2022-12-30T00:30:14.001+0000] {logging_mixin.py:137} INFO - [2022-12-30T00:30:14.001+0000] {dagbag.py:538} INFO - Filling up the DagBag from /home/airflow/.local/lib/python3.7/site-packages/airflow/example_dags/example_latest_only.py
[2022-12-30T00:30:14.010+0000] {processor.py:753} INFO - DAG(s) dict_keys(['latest_only']) retrieved from /home/airflow/.local/lib/python3.7/site-packages/airflow/example_dags/example_latest_only.py
[2022-12-30T00:30:14.039+0000] {logging_mixin.py:137} INFO - [2022-12-30T00:30:14.039+0000] {dag.py:2676} INFO - Sync 1 DAGs
[2022-12-30T00:30:14.057+0000] {logging_mixin.py:137} INFO - [2022-12-30T00:30:14.057+0000] {dag.py:3427} INFO - Setting next_dagrun for latest_only to 2022-12-29T20:30:14.057526+00:00, run_after=2022-12-30T00:30:14.057526+00:00
[2022-12-30T00:30:14.069+0000] {processor.py:175} INFO - Processing /home/airflow/.local/lib/python3.7/site-packages/airflow/example_dags/example_latest_only.py took 0.071 seconds
[2022-12-30T00:30:44.529+0000] {processor.py:153} INFO - Started process (PID=40170) to work on /home/airflow/.local/lib/python3.7/site-packages/airflow/example_dags/example_latest_only.py
[2022-12-30T00:30:44.529+0000] {processor.py:743} INFO - Processing file /home/airflow/.local/lib/python3.7/site-packages/airflow/example_dags/example_latest_only.py for tasks to queue
[2022-12-30T00:30:44.529+0000] {logging_mixin.py:137} INFO - [2022-12-30T00:30:44.529+0000] {dagbag.py:538} INFO - Filling up the DagBag from /home/airflow/.local/lib/python3.7/site-packages/airflow/example_dags/example_latest_only.py
[2022-12-30T00:30:44.539+0000] {processor.py:753} INFO - DAG(s) dict_keys(['latest_only']) retrieved from /home/airflow/.local/lib/python3.7/site-packages/airflow/example_dags/example_latest_only.py
[2022-12-30T00:30:44.565+0000] {logging_mixin.py:137} INFO - [2022-12-30T00:30:44.565+0000] {dag.py:2676} INFO - Sync 1 DAGs
[2022-12-30T00:30:44.585+0000] {logging_mixin.py:137} INFO - [2022-12-30T00:30:44.585+0000] {dag.py:3427} INFO - Setting next_dagrun for latest_only to 2022-12-29T20:30:44.585271+00:00, run_after=2022-12-30T00:30:44.585271+00:00
[2022-12-30T00:30:44.596+0000] {processor.py:175} INFO - Processing /home/airflow/.local/lib/python3.7/site-packages/airflow/example_dags/example_latest_only.py took 0.071 seconds
[2022-12-30T00:31:14.996+0000] {processor.py:153} INFO - Started process (PID=40252) to work on /home/airflow/.local/lib/python3.7/site-packages/airflow/example_dags/example_latest_only.py
[2022-12-30T00:31:14.996+0000] {processor.py:743} INFO - Processing file /home/airflow/.local/lib/python3.7/site-packages/airflow/example_dags/example_latest_only.py for tasks to queue
[2022-12-30T00:31:14.997+0000] {logging_mixin.py:137} INFO - [2022-12-30T00:31:14.997+0000] {dagbag.py:538} INFO - Filling up the DagBag from /home/airflow/.local/lib/python3.7/site-packages/airflow/example_dags/example_latest_only.py
[2022-12-30T00:31:15.007+0000] {processor.py:753} INFO - DAG(s) dict_keys(['latest_only']) retrieved from /home/airflow/.local/lib/python3.7/site-packages/airflow/example_dags/example_latest_only.py
[2022-12-30T00:31:15.037+0000] {logging_mixin.py:137} INFO - [2022-12-30T00:31:15.036+0000] {dag.py:2676} INFO - Sync 1 DAGs
[2022-12-30T00:31:15.055+0000] {logging_mixin.py:137} INFO - [2022-12-30T00:31:15.055+0000] {dag.py:3427} INFO - Setting next_dagrun for latest_only to 2022-12-29T20:31:15.055450+00:00, run_after=2022-12-30T00:31:15.055450+00:00
[2022-12-30T00:31:15.067+0000] {processor.py:175} INFO - Processing /home/airflow/.local/lib/python3.7/site-packages/airflow/example_dags/example_latest_only.py took 0.074 seconds
[2022-12-30T00:31:45.542+0000] {processor.py:153} INFO - Started process (PID=40354) to work on /home/airflow/.local/lib/python3.7/site-packages/airflow/example_dags/example_latest_only.py
[2022-12-30T00:31:45.543+0000] {processor.py:743} INFO - Processing file /home/airflow/.local/lib/python3.7/site-packages/airflow/example_dags/example_latest_only.py for tasks to queue
[2022-12-30T00:31:45.543+0000] {logging_mixin.py:137} INFO - [2022-12-30T00:31:45.543+0000] {dagbag.py:538} INFO - Filling up the DagBag from /home/airflow/.local/lib/python3.7/site-packages/airflow/example_dags/example_latest_only.py
[2022-12-30T00:31:45.553+0000] {processor.py:753} INFO - DAG(s) dict_keys(['latest_only']) retrieved from /home/airflow/.local/lib/python3.7/site-packages/airflow/example_dags/example_latest_only.py
[2022-12-30T00:31:45.584+0000] {logging_mixin.py:137} INFO - [2022-12-30T00:31:45.584+0000] {dag.py:2676} INFO - Sync 1 DAGs
[2022-12-30T00:31:45.603+0000] {logging_mixin.py:137} INFO - [2022-12-30T00:31:45.602+0000] {dag.py:3427} INFO - Setting next_dagrun for latest_only to 2022-12-29T20:31:45.602735+00:00, run_after=2022-12-30T00:31:45.602735+00:00
[2022-12-30T00:31:45.614+0000] {processor.py:175} INFO - Processing /home/airflow/.local/lib/python3.7/site-packages/airflow/example_dags/example_latest_only.py took 0.076 seconds
[2022-12-30T00:32:15.955+0000] {processor.py:153} INFO - Started process (PID=40446) to work on /home/airflow/.local/lib/python3.7/site-packages/airflow/example_dags/example_latest_only.py
[2022-12-30T00:32:15.956+0000] {processor.py:743} INFO - Processing file /home/airflow/.local/lib/python3.7/site-packages/airflow/example_dags/example_latest_only.py for tasks to queue
[2022-12-30T00:32:15.956+0000] {logging_mixin.py:137} INFO - [2022-12-30T00:32:15.956+0000] {dagbag.py:538} INFO - Filling up the DagBag from /home/airflow/.local/lib/python3.7/site-packages/airflow/example_dags/example_latest_only.py
[2022-12-30T00:32:15.969+0000] {processor.py:753} INFO - DAG(s) dict_keys(['latest_only']) retrieved from /home/airflow/.local/lib/python3.7/site-packages/airflow/example_dags/example_latest_only.py
[2022-12-30T00:32:16.001+0000] {logging_mixin.py:137} INFO - [2022-12-30T00:32:16.000+0000] {dag.py:2676} INFO - Sync 1 DAGs
[2022-12-30T00:32:16.020+0000] {logging_mixin.py:137} INFO - [2022-12-30T00:32:16.020+0000] {dag.py:3427} INFO - Setting next_dagrun for latest_only to 2022-12-29T20:32:16.020625+00:00, run_after=2022-12-30T00:32:16.020625+00:00
[2022-12-30T00:32:16.034+0000] {processor.py:175} INFO - Processing /home/airflow/.local/lib/python3.7/site-packages/airflow/example_dags/example_latest_only.py took 0.080 seconds
[2022-12-30T00:32:46.156+0000] {processor.py:153} INFO - Started process (PID=40539) to work on /home/airflow/.local/lib/python3.7/site-packages/airflow/example_dags/example_latest_only.py
[2022-12-30T00:32:46.156+0000] {processor.py:743} INFO - Processing file /home/airflow/.local/lib/python3.7/site-packages/airflow/example_dags/example_latest_only.py for tasks to queue
[2022-12-30T00:32:46.157+0000] {logging_mixin.py:137} INFO - [2022-12-30T00:32:46.157+0000] {dagbag.py:538} INFO - Filling up the DagBag from /home/airflow/.local/lib/python3.7/site-packages/airflow/example_dags/example_latest_only.py
[2022-12-30T00:32:46.168+0000] {processor.py:753} INFO - DAG(s) dict_keys(['latest_only']) retrieved from /home/airflow/.local/lib/python3.7/site-packages/airflow/example_dags/example_latest_only.py
[2022-12-30T00:32:46.197+0000] {logging_mixin.py:137} INFO - [2022-12-30T00:32:46.197+0000] {dag.py:2676} INFO - Sync 1 DAGs
[2022-12-30T00:32:46.222+0000] {logging_mixin.py:137} INFO - [2022-12-30T00:32:46.221+0000] {dag.py:3427} INFO - Setting next_dagrun for latest_only to 2022-12-29T20:32:46.221683+00:00, run_after=2022-12-30T00:32:46.221683+00:00
[2022-12-30T00:32:46.235+0000] {processor.py:175} INFO - Processing /home/airflow/.local/lib/python3.7/site-packages/airflow/example_dags/example_latest_only.py took 0.082 seconds
[2022-12-30T00:33:17.012+0000] {processor.py:153} INFO - Started process (PID=40641) to work on /home/airflow/.local/lib/python3.7/site-packages/airflow/example_dags/example_latest_only.py
[2022-12-30T00:33:17.012+0000] {processor.py:743} INFO - Processing file /home/airflow/.local/lib/python3.7/site-packages/airflow/example_dags/example_latest_only.py for tasks to queue
[2022-12-30T00:33:17.013+0000] {logging_mixin.py:137} INFO - [2022-12-30T00:33:17.013+0000] {dagbag.py:538} INFO - Filling up the DagBag from /home/airflow/.local/lib/python3.7/site-packages/airflow/example_dags/example_latest_only.py
[2022-12-30T00:33:17.023+0000] {processor.py:753} INFO - DAG(s) dict_keys(['latest_only']) retrieved from /home/airflow/.local/lib/python3.7/site-packages/airflow/example_dags/example_latest_only.py
[2022-12-30T00:33:17.052+0000] {logging_mixin.py:137} INFO - [2022-12-30T00:33:17.052+0000] {dag.py:2676} INFO - Sync 1 DAGs
[2022-12-30T00:33:17.070+0000] {logging_mixin.py:137} INFO - [2022-12-30T00:33:17.070+0000] {dag.py:3427} INFO - Setting next_dagrun for latest_only to 2022-12-29T20:33:17.070614+00:00, run_after=2022-12-30T00:33:17.070614+00:00
[2022-12-30T00:33:17.083+0000] {processor.py:175} INFO - Processing /home/airflow/.local/lib/python3.7/site-packages/airflow/example_dags/example_latest_only.py took 0.074 seconds
[2022-12-30T00:33:47.533+0000] {processor.py:153} INFO - Started process (PID=40723) to work on /home/airflow/.local/lib/python3.7/site-packages/airflow/example_dags/example_latest_only.py
[2022-12-30T00:33:47.534+0000] {processor.py:743} INFO - Processing file /home/airflow/.local/lib/python3.7/site-packages/airflow/example_dags/example_latest_only.py for tasks to queue
[2022-12-30T00:33:47.535+0000] {logging_mixin.py:137} INFO - [2022-12-30T00:33:47.535+0000] {dagbag.py:538} INFO - Filling up the DagBag from /home/airflow/.local/lib/python3.7/site-packages/airflow/example_dags/example_latest_only.py
[2022-12-30T00:33:47.545+0000] {processor.py:753} INFO - DAG(s) dict_keys(['latest_only']) retrieved from /home/airflow/.local/lib/python3.7/site-packages/airflow/example_dags/example_latest_only.py
[2022-12-30T00:33:47.571+0000] {logging_mixin.py:137} INFO - [2022-12-30T00:33:47.571+0000] {dag.py:2676} INFO - Sync 1 DAGs
[2022-12-30T00:33:47.594+0000] {logging_mixin.py:137} INFO - [2022-12-30T00:33:47.594+0000] {dag.py:3427} INFO - Setting next_dagrun for latest_only to 2022-12-29T20:33:47.594655+00:00, run_after=2022-12-30T00:33:47.594655+00:00
[2022-12-30T00:33:47.608+0000] {processor.py:175} INFO - Processing /home/airflow/.local/lib/python3.7/site-packages/airflow/example_dags/example_latest_only.py took 0.078 seconds
