[2022-12-30T00:00:08.329+0000] {processor.py:153} INFO - Started process (PID=34529) to work on /home/airflow/.local/lib/python3.7/site-packages/airflow/example_dags/example_branch_labels.py
[2022-12-30T00:00:08.329+0000] {processor.py:743} INFO - Processing file /home/airflow/.local/lib/python3.7/site-packages/airflow/example_dags/example_branch_labels.py for tasks to queue
[2022-12-30T00:00:08.330+0000] {logging_mixin.py:137} INFO - [2022-12-30T00:00:08.329+0000] {dagbag.py:538} INFO - Filling up the DagBag from /home/airflow/.local/lib/python3.7/site-packages/airflow/example_dags/example_branch_labels.py
[2022-12-30T00:00:08.342+0000] {processor.py:753} INFO - DAG(s) dict_keys(['example_branch_labels']) retrieved from /home/airflow/.local/lib/python3.7/site-packages/airflow/example_dags/example_branch_labels.py
[2022-12-30T00:00:08.373+0000] {logging_mixin.py:137} INFO - [2022-12-30T00:00:08.372+0000] {dag.py:2676} INFO - Sync 1 DAGs
[2022-12-30T00:00:08.393+0000] {logging_mixin.py:137} INFO - [2022-12-30T00:00:08.393+0000] {dag.py:3427} INFO - Setting next_dagrun for example_branch_labels to 2022-12-29T00:00:00+00:00, run_after=2022-12-30T00:00:00+00:00
[2022-12-30T00:00:08.404+0000] {processor.py:175} INFO - Processing /home/airflow/.local/lib/python3.7/site-packages/airflow/example_dags/example_branch_labels.py took 0.078 seconds
[2022-12-30T00:00:39.140+0000] {processor.py:153} INFO - Started process (PID=34632) to work on /home/airflow/.local/lib/python3.7/site-packages/airflow/example_dags/example_branch_labels.py
[2022-12-30T00:00:39.140+0000] {processor.py:743} INFO - Processing file /home/airflow/.local/lib/python3.7/site-packages/airflow/example_dags/example_branch_labels.py for tasks to queue
[2022-12-30T00:00:39.141+0000] {logging_mixin.py:137} INFO - [2022-12-30T00:00:39.140+0000] {dagbag.py:538} INFO - Filling up the DagBag from /home/airflow/.local/lib/python3.7/site-packages/airflow/example_dags/example_branch_labels.py
[2022-12-30T00:00:39.153+0000] {processor.py:753} INFO - DAG(s) dict_keys(['example_branch_labels']) retrieved from /home/airflow/.local/lib/python3.7/site-packages/airflow/example_dags/example_branch_labels.py
[2022-12-30T00:00:39.186+0000] {logging_mixin.py:137} INFO - [2022-12-30T00:00:39.185+0000] {dag.py:2676} INFO - Sync 1 DAGs
[2022-12-30T00:00:39.208+0000] {logging_mixin.py:137} INFO - [2022-12-30T00:00:39.208+0000] {dag.py:3427} INFO - Setting next_dagrun for example_branch_labels to 2022-12-29T00:00:00+00:00, run_after=2022-12-30T00:00:00+00:00
[2022-12-30T00:00:39.222+0000] {processor.py:175} INFO - Processing /home/airflow/.local/lib/python3.7/site-packages/airflow/example_dags/example_branch_labels.py took 0.085 seconds
[2022-12-30T00:01:09.647+0000] {processor.py:153} INFO - Started process (PID=34721) to work on /home/airflow/.local/lib/python3.7/site-packages/airflow/example_dags/example_branch_labels.py
[2022-12-30T00:01:09.647+0000] {processor.py:743} INFO - Processing file /home/airflow/.local/lib/python3.7/site-packages/airflow/example_dags/example_branch_labels.py for tasks to queue
[2022-12-30T00:01:09.648+0000] {logging_mixin.py:137} INFO - [2022-12-30T00:01:09.648+0000] {dagbag.py:538} INFO - Filling up the DagBag from /home/airflow/.local/lib/python3.7/site-packages/airflow/example_dags/example_branch_labels.py
[2022-12-30T00:01:09.658+0000] {processor.py:753} INFO - DAG(s) dict_keys(['example_branch_labels']) retrieved from /home/airflow/.local/lib/python3.7/site-packages/airflow/example_dags/example_branch_labels.py
[2022-12-30T00:01:09.691+0000] {logging_mixin.py:137} INFO - [2022-12-30T00:01:09.691+0000] {dag.py:2676} INFO - Sync 1 DAGs
[2022-12-30T00:01:09.715+0000] {logging_mixin.py:137} INFO - [2022-12-30T00:01:09.715+0000] {dag.py:3427} INFO - Setting next_dagrun for example_branch_labels to 2022-12-29T00:00:00+00:00, run_after=2022-12-30T00:00:00+00:00
[2022-12-30T00:01:09.730+0000] {processor.py:175} INFO - Processing /home/airflow/.local/lib/python3.7/site-packages/airflow/example_dags/example_branch_labels.py took 0.085 seconds
[2022-12-30T00:01:40.214+0000] {processor.py:153} INFO - Started process (PID=34816) to work on /home/airflow/.local/lib/python3.7/site-packages/airflow/example_dags/example_branch_labels.py
[2022-12-30T00:01:40.215+0000] {processor.py:743} INFO - Processing file /home/airflow/.local/lib/python3.7/site-packages/airflow/example_dags/example_branch_labels.py for tasks to queue
[2022-12-30T00:01:40.215+0000] {logging_mixin.py:137} INFO - [2022-12-30T00:01:40.215+0000] {dagbag.py:538} INFO - Filling up the DagBag from /home/airflow/.local/lib/python3.7/site-packages/airflow/example_dags/example_branch_labels.py
[2022-12-30T00:01:40.227+0000] {processor.py:753} INFO - DAG(s) dict_keys(['example_branch_labels']) retrieved from /home/airflow/.local/lib/python3.7/site-packages/airflow/example_dags/example_branch_labels.py
[2022-12-30T00:01:40.256+0000] {logging_mixin.py:137} INFO - [2022-12-30T00:01:40.256+0000] {dag.py:2676} INFO - Sync 1 DAGs
[2022-12-30T00:01:40.276+0000] {logging_mixin.py:137} INFO - [2022-12-30T00:01:40.276+0000] {dag.py:3427} INFO - Setting next_dagrun for example_branch_labels to 2022-12-29T00:00:00+00:00, run_after=2022-12-30T00:00:00+00:00
[2022-12-30T00:01:40.288+0000] {processor.py:175} INFO - Processing /home/airflow/.local/lib/python3.7/site-packages/airflow/example_dags/example_branch_labels.py took 0.077 seconds
[2022-12-30T00:02:10.820+0000] {processor.py:153} INFO - Started process (PID=34918) to work on /home/airflow/.local/lib/python3.7/site-packages/airflow/example_dags/example_branch_labels.py
[2022-12-30T00:02:10.821+0000] {processor.py:743} INFO - Processing file /home/airflow/.local/lib/python3.7/site-packages/airflow/example_dags/example_branch_labels.py for tasks to queue
[2022-12-30T00:02:10.821+0000] {logging_mixin.py:137} INFO - [2022-12-30T00:02:10.821+0000] {dagbag.py:538} INFO - Filling up the DagBag from /home/airflow/.local/lib/python3.7/site-packages/airflow/example_dags/example_branch_labels.py
[2022-12-30T00:02:10.836+0000] {processor.py:753} INFO - DAG(s) dict_keys(['example_branch_labels']) retrieved from /home/airflow/.local/lib/python3.7/site-packages/airflow/example_dags/example_branch_labels.py
[2022-12-30T00:02:10.869+0000] {logging_mixin.py:137} INFO - [2022-12-30T00:02:10.869+0000] {dag.py:2676} INFO - Sync 1 DAGs
[2022-12-30T00:02:10.897+0000] {logging_mixin.py:137} INFO - [2022-12-30T00:02:10.897+0000] {dag.py:3427} INFO - Setting next_dagrun for example_branch_labels to 2022-12-29T00:00:00+00:00, run_after=2022-12-30T00:00:00+00:00
[2022-12-30T00:02:10.911+0000] {processor.py:175} INFO - Processing /home/airflow/.local/lib/python3.7/site-packages/airflow/example_dags/example_branch_labels.py took 0.094 seconds
[2022-12-30T00:02:41.233+0000] {processor.py:153} INFO - Started process (PID=35000) to work on /home/airflow/.local/lib/python3.7/site-packages/airflow/example_dags/example_branch_labels.py
[2022-12-30T00:02:41.234+0000] {processor.py:743} INFO - Processing file /home/airflow/.local/lib/python3.7/site-packages/airflow/example_dags/example_branch_labels.py for tasks to queue
[2022-12-30T00:02:41.235+0000] {logging_mixin.py:137} INFO - [2022-12-30T00:02:41.234+0000] {dagbag.py:538} INFO - Filling up the DagBag from /home/airflow/.local/lib/python3.7/site-packages/airflow/example_dags/example_branch_labels.py
[2022-12-30T00:02:41.245+0000] {processor.py:753} INFO - DAG(s) dict_keys(['example_branch_labels']) retrieved from /home/airflow/.local/lib/python3.7/site-packages/airflow/example_dags/example_branch_labels.py
[2022-12-30T00:02:41.275+0000] {logging_mixin.py:137} INFO - [2022-12-30T00:02:41.274+0000] {dag.py:2676} INFO - Sync 1 DAGs
[2022-12-30T00:02:41.293+0000] {logging_mixin.py:137} INFO - [2022-12-30T00:02:41.293+0000] {dag.py:3427} INFO - Setting next_dagrun for example_branch_labels to 2022-12-29T00:00:00+00:00, run_after=2022-12-30T00:00:00+00:00
[2022-12-30T00:02:41.304+0000] {processor.py:175} INFO - Processing /home/airflow/.local/lib/python3.7/site-packages/airflow/example_dags/example_branch_labels.py took 0.074 seconds
[2022-12-30T00:03:11.769+0000] {processor.py:153} INFO - Started process (PID=35102) to work on /home/airflow/.local/lib/python3.7/site-packages/airflow/example_dags/example_branch_labels.py
[2022-12-30T00:03:11.770+0000] {processor.py:743} INFO - Processing file /home/airflow/.local/lib/python3.7/site-packages/airflow/example_dags/example_branch_labels.py for tasks to queue
[2022-12-30T00:03:11.770+0000] {logging_mixin.py:137} INFO - [2022-12-30T00:03:11.770+0000] {dagbag.py:538} INFO - Filling up the DagBag from /home/airflow/.local/lib/python3.7/site-packages/airflow/example_dags/example_branch_labels.py
[2022-12-30T00:03:11.780+0000] {processor.py:753} INFO - DAG(s) dict_keys(['example_branch_labels']) retrieved from /home/airflow/.local/lib/python3.7/site-packages/airflow/example_dags/example_branch_labels.py
[2022-12-30T00:03:11.806+0000] {logging_mixin.py:137} INFO - [2022-12-30T00:03:11.806+0000] {dag.py:2676} INFO - Sync 1 DAGs
[2022-12-30T00:03:11.824+0000] {logging_mixin.py:137} INFO - [2022-12-30T00:03:11.824+0000] {dag.py:3427} INFO - Setting next_dagrun for example_branch_labels to 2022-12-29T00:00:00+00:00, run_after=2022-12-30T00:00:00+00:00
[2022-12-30T00:03:11.835+0000] {processor.py:175} INFO - Processing /home/airflow/.local/lib/python3.7/site-packages/airflow/example_dags/example_branch_labels.py took 0.068 seconds
[2022-12-30T00:03:42.247+0000] {processor.py:153} INFO - Started process (PID=35184) to work on /home/airflow/.local/lib/python3.7/site-packages/airflow/example_dags/example_branch_labels.py
[2022-12-30T00:03:42.248+0000] {processor.py:743} INFO - Processing file /home/airflow/.local/lib/python3.7/site-packages/airflow/example_dags/example_branch_labels.py for tasks to queue
[2022-12-30T00:03:42.249+0000] {logging_mixin.py:137} INFO - [2022-12-30T00:03:42.249+0000] {dagbag.py:538} INFO - Filling up the DagBag from /home/airflow/.local/lib/python3.7/site-packages/airflow/example_dags/example_branch_labels.py
[2022-12-30T00:03:42.258+0000] {processor.py:753} INFO - DAG(s) dict_keys(['example_branch_labels']) retrieved from /home/airflow/.local/lib/python3.7/site-packages/airflow/example_dags/example_branch_labels.py
[2022-12-30T00:03:42.287+0000] {logging_mixin.py:137} INFO - [2022-12-30T00:03:42.287+0000] {dag.py:2676} INFO - Sync 1 DAGs
[2022-12-30T00:03:42.307+0000] {logging_mixin.py:137} INFO - [2022-12-30T00:03:42.306+0000] {dag.py:3427} INFO - Setting next_dagrun for example_branch_labels to 2022-12-29T00:00:00+00:00, run_after=2022-12-30T00:00:00+00:00
[2022-12-30T00:03:42.317+0000] {processor.py:175} INFO - Processing /home/airflow/.local/lib/python3.7/site-packages/airflow/example_dags/example_branch_labels.py took 0.073 seconds
[2022-12-30T00:04:13.106+0000] {processor.py:153} INFO - Started process (PID=35286) to work on /home/airflow/.local/lib/python3.7/site-packages/airflow/example_dags/example_branch_labels.py
[2022-12-30T00:04:13.107+0000] {processor.py:743} INFO - Processing file /home/airflow/.local/lib/python3.7/site-packages/airflow/example_dags/example_branch_labels.py for tasks to queue
[2022-12-30T00:04:13.107+0000] {logging_mixin.py:137} INFO - [2022-12-30T00:04:13.107+0000] {dagbag.py:538} INFO - Filling up the DagBag from /home/airflow/.local/lib/python3.7/site-packages/airflow/example_dags/example_branch_labels.py
[2022-12-30T00:04:13.116+0000] {processor.py:753} INFO - DAG(s) dict_keys(['example_branch_labels']) retrieved from /home/airflow/.local/lib/python3.7/site-packages/airflow/example_dags/example_branch_labels.py
[2022-12-30T00:04:13.144+0000] {logging_mixin.py:137} INFO - [2022-12-30T00:04:13.144+0000] {dag.py:2676} INFO - Sync 1 DAGs
[2022-12-30T00:04:13.163+0000] {logging_mixin.py:137} INFO - [2022-12-30T00:04:13.163+0000] {dag.py:3427} INFO - Setting next_dagrun for example_branch_labels to 2022-12-29T00:00:00+00:00, run_after=2022-12-30T00:00:00+00:00
[2022-12-30T00:04:13.175+0000] {processor.py:175} INFO - Processing /home/airflow/.local/lib/python3.7/site-packages/airflow/example_dags/example_branch_labels.py took 0.070 seconds
[2022-12-30T00:04:43.753+0000] {processor.py:153} INFO - Started process (PID=35377) to work on /home/airflow/.local/lib/python3.7/site-packages/airflow/example_dags/example_branch_labels.py
[2022-12-30T00:04:43.754+0000] {processor.py:743} INFO - Processing file /home/airflow/.local/lib/python3.7/site-packages/airflow/example_dags/example_branch_labels.py for tasks to queue
[2022-12-30T00:04:43.755+0000] {logging_mixin.py:137} INFO - [2022-12-30T00:04:43.755+0000] {dagbag.py:538} INFO - Filling up the DagBag from /home/airflow/.local/lib/python3.7/site-packages/airflow/example_dags/example_branch_labels.py
[2022-12-30T00:04:43.766+0000] {processor.py:753} INFO - DAG(s) dict_keys(['example_branch_labels']) retrieved from /home/airflow/.local/lib/python3.7/site-packages/airflow/example_dags/example_branch_labels.py
[2022-12-30T00:04:43.795+0000] {logging_mixin.py:137} INFO - [2022-12-30T00:04:43.795+0000] {dag.py:2676} INFO - Sync 1 DAGs
[2022-12-30T00:04:43.816+0000] {logging_mixin.py:137} INFO - [2022-12-30T00:04:43.816+0000] {dag.py:3427} INFO - Setting next_dagrun for example_branch_labels to 2022-12-29T00:00:00+00:00, run_after=2022-12-30T00:00:00+00:00
[2022-12-30T00:04:43.830+0000] {processor.py:175} INFO - Processing /home/airflow/.local/lib/python3.7/site-packages/airflow/example_dags/example_branch_labels.py took 0.079 seconds
[2022-12-30T00:05:14.356+0000] {processor.py:153} INFO - Started process (PID=35470) to work on /home/airflow/.local/lib/python3.7/site-packages/airflow/example_dags/example_branch_labels.py
[2022-12-30T00:05:14.357+0000] {processor.py:743} INFO - Processing file /home/airflow/.local/lib/python3.7/site-packages/airflow/example_dags/example_branch_labels.py for tasks to queue
[2022-12-30T00:05:14.357+0000] {logging_mixin.py:137} INFO - [2022-12-30T00:05:14.357+0000] {dagbag.py:538} INFO - Filling up the DagBag from /home/airflow/.local/lib/python3.7/site-packages/airflow/example_dags/example_branch_labels.py
[2022-12-30T00:05:14.367+0000] {processor.py:753} INFO - DAG(s) dict_keys(['example_branch_labels']) retrieved from /home/airflow/.local/lib/python3.7/site-packages/airflow/example_dags/example_branch_labels.py
[2022-12-30T00:05:14.393+0000] {logging_mixin.py:137} INFO - [2022-12-30T00:05:14.393+0000] {dag.py:2676} INFO - Sync 1 DAGs
[2022-12-30T00:05:14.412+0000] {logging_mixin.py:137} INFO - [2022-12-30T00:05:14.412+0000] {dag.py:3427} INFO - Setting next_dagrun for example_branch_labels to 2022-12-29T00:00:00+00:00, run_after=2022-12-30T00:00:00+00:00
[2022-12-30T00:05:14.422+0000] {processor.py:175} INFO - Processing /home/airflow/.local/lib/python3.7/site-packages/airflow/example_dags/example_branch_labels.py took 0.070 seconds
[2022-12-30T00:05:44.669+0000] {processor.py:153} INFO - Started process (PID=35572) to work on /home/airflow/.local/lib/python3.7/site-packages/airflow/example_dags/example_branch_labels.py
[2022-12-30T00:05:44.669+0000] {processor.py:743} INFO - Processing file /home/airflow/.local/lib/python3.7/site-packages/airflow/example_dags/example_branch_labels.py for tasks to queue
[2022-12-30T00:05:44.670+0000] {logging_mixin.py:137} INFO - [2022-12-30T00:05:44.670+0000] {dagbag.py:538} INFO - Filling up the DagBag from /home/airflow/.local/lib/python3.7/site-packages/airflow/example_dags/example_branch_labels.py
[2022-12-30T00:05:44.681+0000] {processor.py:753} INFO - DAG(s) dict_keys(['example_branch_labels']) retrieved from /home/airflow/.local/lib/python3.7/site-packages/airflow/example_dags/example_branch_labels.py
[2022-12-30T00:05:44.709+0000] {logging_mixin.py:137} INFO - [2022-12-30T00:05:44.709+0000] {dag.py:2676} INFO - Sync 1 DAGs
[2022-12-30T00:05:44.729+0000] {logging_mixin.py:137} INFO - [2022-12-30T00:05:44.729+0000] {dag.py:3427} INFO - Setting next_dagrun for example_branch_labels to 2022-12-29T00:00:00+00:00, run_after=2022-12-30T00:00:00+00:00
[2022-12-30T00:05:44.739+0000] {processor.py:175} INFO - Processing /home/airflow/.local/lib/python3.7/site-packages/airflow/example_dags/example_branch_labels.py took 0.073 seconds
[2022-12-30T00:06:15.054+0000] {processor.py:153} INFO - Started process (PID=35654) to work on /home/airflow/.local/lib/python3.7/site-packages/airflow/example_dags/example_branch_labels.py
[2022-12-30T00:06:15.055+0000] {processor.py:743} INFO - Processing file /home/airflow/.local/lib/python3.7/site-packages/airflow/example_dags/example_branch_labels.py for tasks to queue
[2022-12-30T00:06:15.056+0000] {logging_mixin.py:137} INFO - [2022-12-30T00:06:15.055+0000] {dagbag.py:538} INFO - Filling up the DagBag from /home/airflow/.local/lib/python3.7/site-packages/airflow/example_dags/example_branch_labels.py
[2022-12-30T00:06:15.065+0000] {processor.py:753} INFO - DAG(s) dict_keys(['example_branch_labels']) retrieved from /home/airflow/.local/lib/python3.7/site-packages/airflow/example_dags/example_branch_labels.py
[2022-12-30T00:06:15.095+0000] {logging_mixin.py:137} INFO - [2022-12-30T00:06:15.095+0000] {dag.py:2676} INFO - Sync 1 DAGs
[2022-12-30T00:06:15.114+0000] {logging_mixin.py:137} INFO - [2022-12-30T00:06:15.114+0000] {dag.py:3427} INFO - Setting next_dagrun for example_branch_labels to 2022-12-29T00:00:00+00:00, run_after=2022-12-30T00:00:00+00:00
[2022-12-30T00:06:15.124+0000] {processor.py:175} INFO - Processing /home/airflow/.local/lib/python3.7/site-packages/airflow/example_dags/example_branch_labels.py took 0.073 seconds
[2022-12-30T00:06:46.378+0000] {processor.py:153} INFO - Started process (PID=35756) to work on /home/airflow/.local/lib/python3.7/site-packages/airflow/example_dags/example_branch_labels.py
[2022-12-30T00:06:46.379+0000] {processor.py:743} INFO - Processing file /home/airflow/.local/lib/python3.7/site-packages/airflow/example_dags/example_branch_labels.py for tasks to queue
[2022-12-30T00:06:46.379+0000] {logging_mixin.py:137} INFO - [2022-12-30T00:06:46.379+0000] {dagbag.py:538} INFO - Filling up the DagBag from /home/airflow/.local/lib/python3.7/site-packages/airflow/example_dags/example_branch_labels.py
[2022-12-30T00:06:46.392+0000] {processor.py:753} INFO - DAG(s) dict_keys(['example_branch_labels']) retrieved from /home/airflow/.local/lib/python3.7/site-packages/airflow/example_dags/example_branch_labels.py
[2022-12-30T00:06:46.426+0000] {logging_mixin.py:137} INFO - [2022-12-30T00:06:46.426+0000] {dag.py:2676} INFO - Sync 1 DAGs
[2022-12-30T00:06:46.446+0000] {logging_mixin.py:137} INFO - [2022-12-30T00:06:46.446+0000] {dag.py:3427} INFO - Setting next_dagrun for example_branch_labels to 2022-12-29T00:00:00+00:00, run_after=2022-12-30T00:00:00+00:00
[2022-12-30T00:06:46.459+0000] {processor.py:175} INFO - Processing /home/airflow/.local/lib/python3.7/site-packages/airflow/example_dags/example_branch_labels.py took 0.084 seconds
[2022-12-30T00:07:18.184+0000] {processor.py:153} INFO - Started process (PID=35858) to work on /home/airflow/.local/lib/python3.7/site-packages/airflow/example_dags/example_branch_labels.py
[2022-12-30T00:07:18.191+0000] {processor.py:743} INFO - Processing file /home/airflow/.local/lib/python3.7/site-packages/airflow/example_dags/example_branch_labels.py for tasks to queue
[2022-12-30T00:07:18.191+0000] {logging_mixin.py:137} INFO - [2022-12-30T00:07:18.191+0000] {dagbag.py:538} INFO - Filling up the DagBag from /home/airflow/.local/lib/python3.7/site-packages/airflow/example_dags/example_branch_labels.py
[2022-12-30T00:07:18.202+0000] {processor.py:753} INFO - DAG(s) dict_keys(['example_branch_labels']) retrieved from /home/airflow/.local/lib/python3.7/site-packages/airflow/example_dags/example_branch_labels.py
[2022-12-30T00:07:18.234+0000] {logging_mixin.py:137} INFO - [2022-12-30T00:07:18.234+0000] {dag.py:2676} INFO - Sync 1 DAGs
[2022-12-30T00:07:18.254+0000] {logging_mixin.py:137} INFO - [2022-12-30T00:07:18.254+0000] {dag.py:3427} INFO - Setting next_dagrun for example_branch_labels to 2022-12-29T00:00:00+00:00, run_after=2022-12-30T00:00:00+00:00
[2022-12-30T00:07:18.393+0000] {processor.py:175} INFO - Processing /home/airflow/.local/lib/python3.7/site-packages/airflow/example_dags/example_branch_labels.py took 0.211 seconds
[2022-12-30T00:07:49.060+0000] {processor.py:153} INFO - Started process (PID=35940) to work on /home/airflow/.local/lib/python3.7/site-packages/airflow/example_dags/example_branch_labels.py
[2022-12-30T00:07:49.060+0000] {processor.py:743} INFO - Processing file /home/airflow/.local/lib/python3.7/site-packages/airflow/example_dags/example_branch_labels.py for tasks to queue
[2022-12-30T00:07:49.061+0000] {logging_mixin.py:137} INFO - [2022-12-30T00:07:49.061+0000] {dagbag.py:538} INFO - Filling up the DagBag from /home/airflow/.local/lib/python3.7/site-packages/airflow/example_dags/example_branch_labels.py
[2022-12-30T00:07:49.071+0000] {processor.py:753} INFO - DAG(s) dict_keys(['example_branch_labels']) retrieved from /home/airflow/.local/lib/python3.7/site-packages/airflow/example_dags/example_branch_labels.py
[2022-12-30T00:07:49.099+0000] {logging_mixin.py:137} INFO - [2022-12-30T00:07:49.099+0000] {dag.py:2676} INFO - Sync 1 DAGs
[2022-12-30T00:07:49.119+0000] {logging_mixin.py:137} INFO - [2022-12-30T00:07:49.119+0000] {dag.py:3427} INFO - Setting next_dagrun for example_branch_labels to 2022-12-29T00:00:00+00:00, run_after=2022-12-30T00:00:00+00:00
[2022-12-30T00:07:49.131+0000] {processor.py:175} INFO - Processing /home/airflow/.local/lib/python3.7/site-packages/airflow/example_dags/example_branch_labels.py took 0.074 seconds
[2022-12-30T00:08:19.741+0000] {processor.py:153} INFO - Started process (PID=36042) to work on /home/airflow/.local/lib/python3.7/site-packages/airflow/example_dags/example_branch_labels.py
[2022-12-30T00:08:19.742+0000] {processor.py:743} INFO - Processing file /home/airflow/.local/lib/python3.7/site-packages/airflow/example_dags/example_branch_labels.py for tasks to queue
[2022-12-30T00:08:19.742+0000] {logging_mixin.py:137} INFO - [2022-12-30T00:08:19.742+0000] {dagbag.py:538} INFO - Filling up the DagBag from /home/airflow/.local/lib/python3.7/site-packages/airflow/example_dags/example_branch_labels.py
[2022-12-30T00:08:19.751+0000] {processor.py:753} INFO - DAG(s) dict_keys(['example_branch_labels']) retrieved from /home/airflow/.local/lib/python3.7/site-packages/airflow/example_dags/example_branch_labels.py
[2022-12-30T00:08:19.782+0000] {logging_mixin.py:137} INFO - [2022-12-30T00:08:19.782+0000] {dag.py:2676} INFO - Sync 1 DAGs
[2022-12-30T00:08:19.801+0000] {logging_mixin.py:137} INFO - [2022-12-30T00:08:19.801+0000] {dag.py:3427} INFO - Setting next_dagrun for example_branch_labels to 2022-12-29T00:00:00+00:00, run_after=2022-12-30T00:00:00+00:00
[2022-12-30T00:08:19.812+0000] {processor.py:175} INFO - Processing /home/airflow/.local/lib/python3.7/site-packages/airflow/example_dags/example_branch_labels.py took 0.075 seconds
[2022-12-30T00:08:50.169+0000] {processor.py:153} INFO - Started process (PID=36124) to work on /home/airflow/.local/lib/python3.7/site-packages/airflow/example_dags/example_branch_labels.py
[2022-12-30T00:08:50.170+0000] {processor.py:743} INFO - Processing file /home/airflow/.local/lib/python3.7/site-packages/airflow/example_dags/example_branch_labels.py for tasks to queue
[2022-12-30T00:08:50.170+0000] {logging_mixin.py:137} INFO - [2022-12-30T00:08:50.170+0000] {dagbag.py:538} INFO - Filling up the DagBag from /home/airflow/.local/lib/python3.7/site-packages/airflow/example_dags/example_branch_labels.py
[2022-12-30T00:08:50.182+0000] {processor.py:753} INFO - DAG(s) dict_keys(['example_branch_labels']) retrieved from /home/airflow/.local/lib/python3.7/site-packages/airflow/example_dags/example_branch_labels.py
[2022-12-30T00:08:50.213+0000] {logging_mixin.py:137} INFO - [2022-12-30T00:08:50.213+0000] {dag.py:2676} INFO - Sync 1 DAGs
[2022-12-30T00:08:50.231+0000] {logging_mixin.py:137} INFO - [2022-12-30T00:08:50.231+0000] {dag.py:3427} INFO - Setting next_dagrun for example_branch_labels to 2022-12-29T00:00:00+00:00, run_after=2022-12-30T00:00:00+00:00
[2022-12-30T00:08:50.242+0000] {processor.py:175} INFO - Processing /home/airflow/.local/lib/python3.7/site-packages/airflow/example_dags/example_branch_labels.py took 0.075 seconds
[2022-12-30T00:09:20.759+0000] {processor.py:153} INFO - Started process (PID=36226) to work on /home/airflow/.local/lib/python3.7/site-packages/airflow/example_dags/example_branch_labels.py
[2022-12-30T00:09:20.760+0000] {processor.py:743} INFO - Processing file /home/airflow/.local/lib/python3.7/site-packages/airflow/example_dags/example_branch_labels.py for tasks to queue
[2022-12-30T00:09:20.760+0000] {logging_mixin.py:137} INFO - [2022-12-30T00:09:20.760+0000] {dagbag.py:538} INFO - Filling up the DagBag from /home/airflow/.local/lib/python3.7/site-packages/airflow/example_dags/example_branch_labels.py
[2022-12-30T00:09:20.770+0000] {processor.py:753} INFO - DAG(s) dict_keys(['example_branch_labels']) retrieved from /home/airflow/.local/lib/python3.7/site-packages/airflow/example_dags/example_branch_labels.py
[2022-12-30T00:09:20.795+0000] {logging_mixin.py:137} INFO - [2022-12-30T00:09:20.795+0000] {dag.py:2676} INFO - Sync 1 DAGs
[2022-12-30T00:09:20.814+0000] {logging_mixin.py:137} INFO - [2022-12-30T00:09:20.814+0000] {dag.py:3427} INFO - Setting next_dagrun for example_branch_labels to 2022-12-29T00:00:00+00:00, run_after=2022-12-30T00:00:00+00:00
[2022-12-30T00:09:20.829+0000] {processor.py:175} INFO - Processing /home/airflow/.local/lib/python3.7/site-packages/airflow/example_dags/example_branch_labels.py took 0.073 seconds
[2022-12-30T00:09:51.500+0000] {processor.py:153} INFO - Started process (PID=36328) to work on /home/airflow/.local/lib/python3.7/site-packages/airflow/example_dags/example_branch_labels.py
[2022-12-30T00:09:51.500+0000] {processor.py:743} INFO - Processing file /home/airflow/.local/lib/python3.7/site-packages/airflow/example_dags/example_branch_labels.py for tasks to queue
[2022-12-30T00:09:51.501+0000] {logging_mixin.py:137} INFO - [2022-12-30T00:09:51.501+0000] {dagbag.py:538} INFO - Filling up the DagBag from /home/airflow/.local/lib/python3.7/site-packages/airflow/example_dags/example_branch_labels.py
[2022-12-30T00:09:51.511+0000] {processor.py:753} INFO - DAG(s) dict_keys(['example_branch_labels']) retrieved from /home/airflow/.local/lib/python3.7/site-packages/airflow/example_dags/example_branch_labels.py
[2022-12-30T00:09:51.541+0000] {logging_mixin.py:137} INFO - [2022-12-30T00:09:51.540+0000] {dag.py:2676} INFO - Sync 1 DAGs
[2022-12-30T00:09:51.564+0000] {logging_mixin.py:137} INFO - [2022-12-30T00:09:51.564+0000] {dag.py:3427} INFO - Setting next_dagrun for example_branch_labels to 2022-12-29T00:00:00+00:00, run_after=2022-12-30T00:00:00+00:00
[2022-12-30T00:09:51.574+0000] {processor.py:175} INFO - Processing /home/airflow/.local/lib/python3.7/site-packages/airflow/example_dags/example_branch_labels.py took 0.077 seconds
[2022-12-30T00:10:22.082+0000] {processor.py:153} INFO - Started process (PID=36410) to work on /home/airflow/.local/lib/python3.7/site-packages/airflow/example_dags/example_branch_labels.py
[2022-12-30T00:10:22.083+0000] {processor.py:743} INFO - Processing file /home/airflow/.local/lib/python3.7/site-packages/airflow/example_dags/example_branch_labels.py for tasks to queue
[2022-12-30T00:10:22.083+0000] {logging_mixin.py:137} INFO - [2022-12-30T00:10:22.083+0000] {dagbag.py:538} INFO - Filling up the DagBag from /home/airflow/.local/lib/python3.7/site-packages/airflow/example_dags/example_branch_labels.py
[2022-12-30T00:10:22.097+0000] {processor.py:753} INFO - DAG(s) dict_keys(['example_branch_labels']) retrieved from /home/airflow/.local/lib/python3.7/site-packages/airflow/example_dags/example_branch_labels.py
[2022-12-30T00:10:22.123+0000] {logging_mixin.py:137} INFO - [2022-12-30T00:10:22.123+0000] {dag.py:2676} INFO - Sync 1 DAGs
[2022-12-30T00:10:22.142+0000] {logging_mixin.py:137} INFO - [2022-12-30T00:10:22.142+0000] {dag.py:3427} INFO - Setting next_dagrun for example_branch_labels to 2022-12-29T00:00:00+00:00, run_after=2022-12-30T00:00:00+00:00
[2022-12-30T00:10:22.154+0000] {processor.py:175} INFO - Processing /home/airflow/.local/lib/python3.7/site-packages/airflow/example_dags/example_branch_labels.py took 0.075 seconds
[2022-12-30T00:10:52.654+0000] {processor.py:153} INFO - Started process (PID=36512) to work on /home/airflow/.local/lib/python3.7/site-packages/airflow/example_dags/example_branch_labels.py
[2022-12-30T00:10:52.655+0000] {processor.py:743} INFO - Processing file /home/airflow/.local/lib/python3.7/site-packages/airflow/example_dags/example_branch_labels.py for tasks to queue
[2022-12-30T00:10:52.656+0000] {logging_mixin.py:137} INFO - [2022-12-30T00:10:52.656+0000] {dagbag.py:538} INFO - Filling up the DagBag from /home/airflow/.local/lib/python3.7/site-packages/airflow/example_dags/example_branch_labels.py
[2022-12-30T00:10:52.667+0000] {processor.py:753} INFO - DAG(s) dict_keys(['example_branch_labels']) retrieved from /home/airflow/.local/lib/python3.7/site-packages/airflow/example_dags/example_branch_labels.py
[2022-12-30T00:10:52.698+0000] {logging_mixin.py:137} INFO - [2022-12-30T00:10:52.698+0000] {dag.py:2676} INFO - Sync 1 DAGs
[2022-12-30T00:10:52.716+0000] {logging_mixin.py:137} INFO - [2022-12-30T00:10:52.716+0000] {dag.py:3427} INFO - Setting next_dagrun for example_branch_labels to 2022-12-29T00:00:00+00:00, run_after=2022-12-30T00:00:00+00:00
[2022-12-30T00:10:52.727+0000] {processor.py:175} INFO - Processing /home/airflow/.local/lib/python3.7/site-packages/airflow/example_dags/example_branch_labels.py took 0.075 seconds
[2022-12-30T00:11:23.072+0000] {processor.py:153} INFO - Started process (PID=36594) to work on /home/airflow/.local/lib/python3.7/site-packages/airflow/example_dags/example_branch_labels.py
[2022-12-30T00:11:23.073+0000] {processor.py:743} INFO - Processing file /home/airflow/.local/lib/python3.7/site-packages/airflow/example_dags/example_branch_labels.py for tasks to queue
[2022-12-30T00:11:23.073+0000] {logging_mixin.py:137} INFO - [2022-12-30T00:11:23.073+0000] {dagbag.py:538} INFO - Filling up the DagBag from /home/airflow/.local/lib/python3.7/site-packages/airflow/example_dags/example_branch_labels.py
[2022-12-30T00:11:23.083+0000] {processor.py:753} INFO - DAG(s) dict_keys(['example_branch_labels']) retrieved from /home/airflow/.local/lib/python3.7/site-packages/airflow/example_dags/example_branch_labels.py
[2022-12-30T00:11:23.112+0000] {logging_mixin.py:137} INFO - [2022-12-30T00:11:23.111+0000] {dag.py:2676} INFO - Sync 1 DAGs
[2022-12-30T00:11:23.134+0000] {logging_mixin.py:137} INFO - [2022-12-30T00:11:23.134+0000] {dag.py:3427} INFO - Setting next_dagrun for example_branch_labels to 2022-12-29T00:00:00+00:00, run_after=2022-12-30T00:00:00+00:00
[2022-12-30T00:11:23.146+0000] {processor.py:175} INFO - Processing /home/airflow/.local/lib/python3.7/site-packages/airflow/example_dags/example_branch_labels.py took 0.077 seconds
[2022-12-30T00:11:53.604+0000] {processor.py:153} INFO - Started process (PID=36696) to work on /home/airflow/.local/lib/python3.7/site-packages/airflow/example_dags/example_branch_labels.py
[2022-12-30T00:11:53.605+0000] {processor.py:743} INFO - Processing file /home/airflow/.local/lib/python3.7/site-packages/airflow/example_dags/example_branch_labels.py for tasks to queue
[2022-12-30T00:11:53.605+0000] {logging_mixin.py:137} INFO - [2022-12-30T00:11:53.605+0000] {dagbag.py:538} INFO - Filling up the DagBag from /home/airflow/.local/lib/python3.7/site-packages/airflow/example_dags/example_branch_labels.py
[2022-12-30T00:11:53.617+0000] {processor.py:753} INFO - DAG(s) dict_keys(['example_branch_labels']) retrieved from /home/airflow/.local/lib/python3.7/site-packages/airflow/example_dags/example_branch_labels.py
[2022-12-30T00:11:53.643+0000] {logging_mixin.py:137} INFO - [2022-12-30T00:11:53.643+0000] {dag.py:2676} INFO - Sync 1 DAGs
[2022-12-30T00:11:53.664+0000] {logging_mixin.py:137} INFO - [2022-12-30T00:11:53.664+0000] {dag.py:3427} INFO - Setting next_dagrun for example_branch_labels to 2022-12-29T00:00:00+00:00, run_after=2022-12-30T00:00:00+00:00
[2022-12-30T00:11:53.675+0000] {processor.py:175} INFO - Processing /home/airflow/.local/lib/python3.7/site-packages/airflow/example_dags/example_branch_labels.py took 0.073 seconds
[2022-12-30T00:12:23.956+0000] {processor.py:153} INFO - Started process (PID=36787) to work on /home/airflow/.local/lib/python3.7/site-packages/airflow/example_dags/example_branch_labels.py
[2022-12-30T00:12:23.957+0000] {processor.py:743} INFO - Processing file /home/airflow/.local/lib/python3.7/site-packages/airflow/example_dags/example_branch_labels.py for tasks to queue
[2022-12-30T00:12:23.957+0000] {logging_mixin.py:137} INFO - [2022-12-30T00:12:23.957+0000] {dagbag.py:538} INFO - Filling up the DagBag from /home/airflow/.local/lib/python3.7/site-packages/airflow/example_dags/example_branch_labels.py
[2022-12-30T00:12:23.967+0000] {processor.py:753} INFO - DAG(s) dict_keys(['example_branch_labels']) retrieved from /home/airflow/.local/lib/python3.7/site-packages/airflow/example_dags/example_branch_labels.py
[2022-12-30T00:12:23.994+0000] {logging_mixin.py:137} INFO - [2022-12-30T00:12:23.994+0000] {dag.py:2676} INFO - Sync 1 DAGs
[2022-12-30T00:12:24.014+0000] {logging_mixin.py:137} INFO - [2022-12-30T00:12:24.014+0000] {dag.py:3427} INFO - Setting next_dagrun for example_branch_labels to 2022-12-29T00:00:00+00:00, run_after=2022-12-30T00:00:00+00:00
[2022-12-30T00:12:24.025+0000] {processor.py:175} INFO - Processing /home/airflow/.local/lib/python3.7/site-packages/airflow/example_dags/example_branch_labels.py took 0.071 seconds
[2022-12-30T00:12:54.448+0000] {processor.py:153} INFO - Started process (PID=36880) to work on /home/airflow/.local/lib/python3.7/site-packages/airflow/example_dags/example_branch_labels.py
[2022-12-30T00:12:54.448+0000] {processor.py:743} INFO - Processing file /home/airflow/.local/lib/python3.7/site-packages/airflow/example_dags/example_branch_labels.py for tasks to queue
[2022-12-30T00:12:54.449+0000] {logging_mixin.py:137} INFO - [2022-12-30T00:12:54.449+0000] {dagbag.py:538} INFO - Filling up the DagBag from /home/airflow/.local/lib/python3.7/site-packages/airflow/example_dags/example_branch_labels.py
[2022-12-30T00:12:54.458+0000] {processor.py:753} INFO - DAG(s) dict_keys(['example_branch_labels']) retrieved from /home/airflow/.local/lib/python3.7/site-packages/airflow/example_dags/example_branch_labels.py
[2022-12-30T00:12:54.486+0000] {logging_mixin.py:137} INFO - [2022-12-30T00:12:54.486+0000] {dag.py:2676} INFO - Sync 1 DAGs
[2022-12-30T00:12:54.505+0000] {logging_mixin.py:137} INFO - [2022-12-30T00:12:54.505+0000] {dag.py:3427} INFO - Setting next_dagrun for example_branch_labels to 2022-12-29T00:00:00+00:00, run_after=2022-12-30T00:00:00+00:00
[2022-12-30T00:12:54.516+0000] {processor.py:175} INFO - Processing /home/airflow/.local/lib/python3.7/site-packages/airflow/example_dags/example_branch_labels.py took 0.070 seconds
[2022-12-30T00:13:24.922+0000] {processor.py:153} INFO - Started process (PID=36982) to work on /home/airflow/.local/lib/python3.7/site-packages/airflow/example_dags/example_branch_labels.py
[2022-12-30T00:13:24.923+0000] {processor.py:743} INFO - Processing file /home/airflow/.local/lib/python3.7/site-packages/airflow/example_dags/example_branch_labels.py for tasks to queue
[2022-12-30T00:13:24.924+0000] {logging_mixin.py:137} INFO - [2022-12-30T00:13:24.923+0000] {dagbag.py:538} INFO - Filling up the DagBag from /home/airflow/.local/lib/python3.7/site-packages/airflow/example_dags/example_branch_labels.py
[2022-12-30T00:13:24.936+0000] {processor.py:753} INFO - DAG(s) dict_keys(['example_branch_labels']) retrieved from /home/airflow/.local/lib/python3.7/site-packages/airflow/example_dags/example_branch_labels.py
[2022-12-30T00:13:24.968+0000] {logging_mixin.py:137} INFO - [2022-12-30T00:13:24.968+0000] {dag.py:2676} INFO - Sync 1 DAGs
[2022-12-30T00:13:24.993+0000] {logging_mixin.py:137} INFO - [2022-12-30T00:13:24.993+0000] {dag.py:3427} INFO - Setting next_dagrun for example_branch_labels to 2022-12-29T00:00:00+00:00, run_after=2022-12-30T00:00:00+00:00
[2022-12-30T00:13:25.005+0000] {processor.py:175} INFO - Processing /home/airflow/.local/lib/python3.7/site-packages/airflow/example_dags/example_branch_labels.py took 0.086 seconds
[2022-12-30T00:13:55.300+0000] {processor.py:153} INFO - Started process (PID=37064) to work on /home/airflow/.local/lib/python3.7/site-packages/airflow/example_dags/example_branch_labels.py
[2022-12-30T00:13:55.300+0000] {processor.py:743} INFO - Processing file /home/airflow/.local/lib/python3.7/site-packages/airflow/example_dags/example_branch_labels.py for tasks to queue
[2022-12-30T00:13:55.301+0000] {logging_mixin.py:137} INFO - [2022-12-30T00:13:55.300+0000] {dagbag.py:538} INFO - Filling up the DagBag from /home/airflow/.local/lib/python3.7/site-packages/airflow/example_dags/example_branch_labels.py
[2022-12-30T00:13:55.311+0000] {processor.py:753} INFO - DAG(s) dict_keys(['example_branch_labels']) retrieved from /home/airflow/.local/lib/python3.7/site-packages/airflow/example_dags/example_branch_labels.py
[2022-12-30T00:13:55.343+0000] {logging_mixin.py:137} INFO - [2022-12-30T00:13:55.343+0000] {dag.py:2676} INFO - Sync 1 DAGs
[2022-12-30T00:13:55.364+0000] {logging_mixin.py:137} INFO - [2022-12-30T00:13:55.363+0000] {dag.py:3427} INFO - Setting next_dagrun for example_branch_labels to 2022-12-29T00:00:00+00:00, run_after=2022-12-30T00:00:00+00:00
[2022-12-30T00:13:55.375+0000] {processor.py:175} INFO - Processing /home/airflow/.local/lib/python3.7/site-packages/airflow/example_dags/example_branch_labels.py took 0.077 seconds
[2022-12-30T00:14:25.718+0000] {processor.py:153} INFO - Started process (PID=37166) to work on /home/airflow/.local/lib/python3.7/site-packages/airflow/example_dags/example_branch_labels.py
[2022-12-30T00:14:25.719+0000] {processor.py:743} INFO - Processing file /home/airflow/.local/lib/python3.7/site-packages/airflow/example_dags/example_branch_labels.py for tasks to queue
[2022-12-30T00:14:25.719+0000] {logging_mixin.py:137} INFO - [2022-12-30T00:14:25.719+0000] {dagbag.py:538} INFO - Filling up the DagBag from /home/airflow/.local/lib/python3.7/site-packages/airflow/example_dags/example_branch_labels.py
[2022-12-30T00:14:25.729+0000] {processor.py:753} INFO - DAG(s) dict_keys(['example_branch_labels']) retrieved from /home/airflow/.local/lib/python3.7/site-packages/airflow/example_dags/example_branch_labels.py
[2022-12-30T00:14:25.760+0000] {logging_mixin.py:137} INFO - [2022-12-30T00:14:25.760+0000] {dag.py:2676} INFO - Sync 1 DAGs
[2022-12-30T00:14:25.784+0000] {logging_mixin.py:137} INFO - [2022-12-30T00:14:25.784+0000] {dag.py:3427} INFO - Setting next_dagrun for example_branch_labels to 2022-12-29T00:00:00+00:00, run_after=2022-12-30T00:00:00+00:00
[2022-12-30T00:14:25.798+0000] {processor.py:175} INFO - Processing /home/airflow/.local/lib/python3.7/site-packages/airflow/example_dags/example_branch_labels.py took 0.081 seconds
[2022-12-30T00:14:56.307+0000] {processor.py:153} INFO - Started process (PID=37248) to work on /home/airflow/.local/lib/python3.7/site-packages/airflow/example_dags/example_branch_labels.py
[2022-12-30T00:14:56.307+0000] {processor.py:743} INFO - Processing file /home/airflow/.local/lib/python3.7/site-packages/airflow/example_dags/example_branch_labels.py for tasks to queue
[2022-12-30T00:14:56.308+0000] {logging_mixin.py:137} INFO - [2022-12-30T00:14:56.308+0000] {dagbag.py:538} INFO - Filling up the DagBag from /home/airflow/.local/lib/python3.7/site-packages/airflow/example_dags/example_branch_labels.py
[2022-12-30T00:14:56.320+0000] {processor.py:753} INFO - DAG(s) dict_keys(['example_branch_labels']) retrieved from /home/airflow/.local/lib/python3.7/site-packages/airflow/example_dags/example_branch_labels.py
[2022-12-30T00:14:56.350+0000] {logging_mixin.py:137} INFO - [2022-12-30T00:14:56.350+0000] {dag.py:2676} INFO - Sync 1 DAGs
[2022-12-30T00:14:56.368+0000] {logging_mixin.py:137} INFO - [2022-12-30T00:14:56.368+0000] {dag.py:3427} INFO - Setting next_dagrun for example_branch_labels to 2022-12-29T00:00:00+00:00, run_after=2022-12-30T00:00:00+00:00
[2022-12-30T00:14:56.381+0000] {processor.py:175} INFO - Processing /home/airflow/.local/lib/python3.7/site-packages/airflow/example_dags/example_branch_labels.py took 0.077 seconds
[2022-12-30T00:15:26.710+0000] {processor.py:153} INFO - Started process (PID=37350) to work on /home/airflow/.local/lib/python3.7/site-packages/airflow/example_dags/example_branch_labels.py
[2022-12-30T00:15:26.711+0000] {processor.py:743} INFO - Processing file /home/airflow/.local/lib/python3.7/site-packages/airflow/example_dags/example_branch_labels.py for tasks to queue
[2022-12-30T00:15:26.712+0000] {logging_mixin.py:137} INFO - [2022-12-30T00:15:26.712+0000] {dagbag.py:538} INFO - Filling up the DagBag from /home/airflow/.local/lib/python3.7/site-packages/airflow/example_dags/example_branch_labels.py
[2022-12-30T00:15:26.723+0000] {processor.py:753} INFO - DAG(s) dict_keys(['example_branch_labels']) retrieved from /home/airflow/.local/lib/python3.7/site-packages/airflow/example_dags/example_branch_labels.py
[2022-12-30T00:15:26.750+0000] {logging_mixin.py:137} INFO - [2022-12-30T00:15:26.750+0000] {dag.py:2676} INFO - Sync 1 DAGs
[2022-12-30T00:15:26.771+0000] {logging_mixin.py:137} INFO - [2022-12-30T00:15:26.771+0000] {dag.py:3427} INFO - Setting next_dagrun for example_branch_labels to 2022-12-29T00:00:00+00:00, run_after=2022-12-30T00:00:00+00:00
[2022-12-30T00:15:26.782+0000] {processor.py:175} INFO - Processing /home/airflow/.local/lib/python3.7/site-packages/airflow/example_dags/example_branch_labels.py took 0.075 seconds
[2022-12-30T00:15:57.074+0000] {processor.py:153} INFO - Started process (PID=37441) to work on /home/airflow/.local/lib/python3.7/site-packages/airflow/example_dags/example_branch_labels.py
[2022-12-30T00:15:57.075+0000] {processor.py:743} INFO - Processing file /home/airflow/.local/lib/python3.7/site-packages/airflow/example_dags/example_branch_labels.py for tasks to queue
[2022-12-30T00:15:57.075+0000] {logging_mixin.py:137} INFO - [2022-12-30T00:15:57.075+0000] {dagbag.py:538} INFO - Filling up the DagBag from /home/airflow/.local/lib/python3.7/site-packages/airflow/example_dags/example_branch_labels.py
[2022-12-30T00:15:57.089+0000] {processor.py:753} INFO - DAG(s) dict_keys(['example_branch_labels']) retrieved from /home/airflow/.local/lib/python3.7/site-packages/airflow/example_dags/example_branch_labels.py
[2022-12-30T00:15:57.120+0000] {logging_mixin.py:137} INFO - [2022-12-30T00:15:57.120+0000] {dag.py:2676} INFO - Sync 1 DAGs
[2022-12-30T00:15:57.142+0000] {logging_mixin.py:137} INFO - [2022-12-30T00:15:57.142+0000] {dag.py:3427} INFO - Setting next_dagrun for example_branch_labels to 2022-12-29T00:00:00+00:00, run_after=2022-12-30T00:00:00+00:00
[2022-12-30T00:15:57.155+0000] {processor.py:175} INFO - Processing /home/airflow/.local/lib/python3.7/site-packages/airflow/example_dags/example_branch_labels.py took 0.083 seconds
[2022-12-30T00:16:27.983+0000] {processor.py:153} INFO - Started process (PID=37534) to work on /home/airflow/.local/lib/python3.7/site-packages/airflow/example_dags/example_branch_labels.py
[2022-12-30T00:16:27.983+0000] {processor.py:743} INFO - Processing file /home/airflow/.local/lib/python3.7/site-packages/airflow/example_dags/example_branch_labels.py for tasks to queue
[2022-12-30T00:16:27.984+0000] {logging_mixin.py:137} INFO - [2022-12-30T00:16:27.984+0000] {dagbag.py:538} INFO - Filling up the DagBag from /home/airflow/.local/lib/python3.7/site-packages/airflow/example_dags/example_branch_labels.py
[2022-12-30T00:16:27.996+0000] {processor.py:753} INFO - DAG(s) dict_keys(['example_branch_labels']) retrieved from /home/airflow/.local/lib/python3.7/site-packages/airflow/example_dags/example_branch_labels.py
[2022-12-30T00:16:28.026+0000] {logging_mixin.py:137} INFO - [2022-12-30T00:16:28.025+0000] {dag.py:2676} INFO - Sync 1 DAGs
[2022-12-30T00:16:28.050+0000] {logging_mixin.py:137} INFO - [2022-12-30T00:16:28.050+0000] {dag.py:3427} INFO - Setting next_dagrun for example_branch_labels to 2022-12-29T00:00:00+00:00, run_after=2022-12-30T00:00:00+00:00
[2022-12-30T00:16:28.065+0000] {processor.py:175} INFO - Processing /home/airflow/.local/lib/python3.7/site-packages/airflow/example_dags/example_branch_labels.py took 0.085 seconds
[2022-12-30T00:16:58.503+0000] {processor.py:153} INFO - Started process (PID=37636) to work on /home/airflow/.local/lib/python3.7/site-packages/airflow/example_dags/example_branch_labels.py
[2022-12-30T00:16:58.504+0000] {processor.py:743} INFO - Processing file /home/airflow/.local/lib/python3.7/site-packages/airflow/example_dags/example_branch_labels.py for tasks to queue
[2022-12-30T00:16:58.504+0000] {logging_mixin.py:137} INFO - [2022-12-30T00:16:58.504+0000] {dagbag.py:538} INFO - Filling up the DagBag from /home/airflow/.local/lib/python3.7/site-packages/airflow/example_dags/example_branch_labels.py
[2022-12-30T00:16:58.520+0000] {processor.py:753} INFO - DAG(s) dict_keys(['example_branch_labels']) retrieved from /home/airflow/.local/lib/python3.7/site-packages/airflow/example_dags/example_branch_labels.py
[2022-12-30T00:16:58.554+0000] {logging_mixin.py:137} INFO - [2022-12-30T00:16:58.554+0000] {dag.py:2676} INFO - Sync 1 DAGs
[2022-12-30T00:16:58.575+0000] {logging_mixin.py:137} INFO - [2022-12-30T00:16:58.575+0000] {dag.py:3427} INFO - Setting next_dagrun for example_branch_labels to 2022-12-29T00:00:00+00:00, run_after=2022-12-30T00:00:00+00:00
[2022-12-30T00:16:58.591+0000] {processor.py:175} INFO - Processing /home/airflow/.local/lib/python3.7/site-packages/airflow/example_dags/example_branch_labels.py took 0.091 seconds
[2022-12-30T00:17:28.963+0000] {processor.py:153} INFO - Started process (PID=37718) to work on /home/airflow/.local/lib/python3.7/site-packages/airflow/example_dags/example_branch_labels.py
[2022-12-30T00:17:28.963+0000] {processor.py:743} INFO - Processing file /home/airflow/.local/lib/python3.7/site-packages/airflow/example_dags/example_branch_labels.py for tasks to queue
[2022-12-30T00:17:28.964+0000] {logging_mixin.py:137} INFO - [2022-12-30T00:17:28.964+0000] {dagbag.py:538} INFO - Filling up the DagBag from /home/airflow/.local/lib/python3.7/site-packages/airflow/example_dags/example_branch_labels.py
[2022-12-30T00:17:28.978+0000] {processor.py:753} INFO - DAG(s) dict_keys(['example_branch_labels']) retrieved from /home/airflow/.local/lib/python3.7/site-packages/airflow/example_dags/example_branch_labels.py
[2022-12-30T00:17:29.008+0000] {logging_mixin.py:137} INFO - [2022-12-30T00:17:29.008+0000] {dag.py:2676} INFO - Sync 1 DAGs
[2022-12-30T00:17:29.030+0000] {logging_mixin.py:137} INFO - [2022-12-30T00:17:29.030+0000] {dag.py:3427} INFO - Setting next_dagrun for example_branch_labels to 2022-12-29T00:00:00+00:00, run_after=2022-12-30T00:00:00+00:00
[2022-12-30T00:17:29.042+0000] {processor.py:175} INFO - Processing /home/airflow/.local/lib/python3.7/site-packages/airflow/example_dags/example_branch_labels.py took 0.082 seconds
[2022-12-30T00:17:59.607+0000] {processor.py:153} INFO - Started process (PID=37821) to work on /home/airflow/.local/lib/python3.7/site-packages/airflow/example_dags/example_branch_labels.py
[2022-12-30T00:17:59.608+0000] {processor.py:743} INFO - Processing file /home/airflow/.local/lib/python3.7/site-packages/airflow/example_dags/example_branch_labels.py for tasks to queue
[2022-12-30T00:17:59.608+0000] {logging_mixin.py:137} INFO - [2022-12-30T00:17:59.608+0000] {dagbag.py:538} INFO - Filling up the DagBag from /home/airflow/.local/lib/python3.7/site-packages/airflow/example_dags/example_branch_labels.py
[2022-12-30T00:17:59.620+0000] {processor.py:753} INFO - DAG(s) dict_keys(['example_branch_labels']) retrieved from /home/airflow/.local/lib/python3.7/site-packages/airflow/example_dags/example_branch_labels.py
[2022-12-30T00:17:59.651+0000] {logging_mixin.py:137} INFO - [2022-12-30T00:17:59.651+0000] {dag.py:2676} INFO - Sync 1 DAGs
[2022-12-30T00:17:59.673+0000] {logging_mixin.py:137} INFO - [2022-12-30T00:17:59.672+0000] {dag.py:3427} INFO - Setting next_dagrun for example_branch_labels to 2022-12-29T00:00:00+00:00, run_after=2022-12-30T00:00:00+00:00
[2022-12-30T00:17:59.688+0000] {processor.py:175} INFO - Processing /home/airflow/.local/lib/python3.7/site-packages/airflow/example_dags/example_branch_labels.py took 0.084 seconds
[2022-12-30T00:18:30.048+0000] {processor.py:153} INFO - Started process (PID=37904) to work on /home/airflow/.local/lib/python3.7/site-packages/airflow/example_dags/example_branch_labels.py
[2022-12-30T00:18:30.048+0000] {processor.py:743} INFO - Processing file /home/airflow/.local/lib/python3.7/site-packages/airflow/example_dags/example_branch_labels.py for tasks to queue
[2022-12-30T00:18:30.049+0000] {logging_mixin.py:137} INFO - [2022-12-30T00:18:30.049+0000] {dagbag.py:538} INFO - Filling up the DagBag from /home/airflow/.local/lib/python3.7/site-packages/airflow/example_dags/example_branch_labels.py
[2022-12-30T00:18:30.060+0000] {processor.py:753} INFO - DAG(s) dict_keys(['example_branch_labels']) retrieved from /home/airflow/.local/lib/python3.7/site-packages/airflow/example_dags/example_branch_labels.py
[2022-12-30T00:18:30.091+0000] {logging_mixin.py:137} INFO - [2022-12-30T00:18:30.091+0000] {dag.py:2676} INFO - Sync 1 DAGs
[2022-12-30T00:18:30.114+0000] {logging_mixin.py:137} INFO - [2022-12-30T00:18:30.114+0000] {dag.py:3427} INFO - Setting next_dagrun for example_branch_labels to 2022-12-29T00:00:00+00:00, run_after=2022-12-30T00:00:00+00:00
[2022-12-30T00:18:30.129+0000] {processor.py:175} INFO - Processing /home/airflow/.local/lib/python3.7/site-packages/airflow/example_dags/example_branch_labels.py took 0.083 seconds
[2022-12-30T00:19:00.547+0000] {processor.py:153} INFO - Started process (PID=38006) to work on /home/airflow/.local/lib/python3.7/site-packages/airflow/example_dags/example_branch_labels.py
[2022-12-30T00:19:00.547+0000] {processor.py:743} INFO - Processing file /home/airflow/.local/lib/python3.7/site-packages/airflow/example_dags/example_branch_labels.py for tasks to queue
[2022-12-30T00:19:00.548+0000] {logging_mixin.py:137} INFO - [2022-12-30T00:19:00.548+0000] {dagbag.py:538} INFO - Filling up the DagBag from /home/airflow/.local/lib/python3.7/site-packages/airflow/example_dags/example_branch_labels.py
[2022-12-30T00:19:00.558+0000] {processor.py:753} INFO - DAG(s) dict_keys(['example_branch_labels']) retrieved from /home/airflow/.local/lib/python3.7/site-packages/airflow/example_dags/example_branch_labels.py
[2022-12-30T00:19:00.588+0000] {logging_mixin.py:137} INFO - [2022-12-30T00:19:00.588+0000] {dag.py:2676} INFO - Sync 1 DAGs
[2022-12-30T00:19:00.608+0000] {logging_mixin.py:137} INFO - [2022-12-30T00:19:00.608+0000] {dag.py:3427} INFO - Setting next_dagrun for example_branch_labels to 2022-12-29T00:00:00+00:00, run_after=2022-12-30T00:00:00+00:00
[2022-12-30T00:19:00.621+0000] {processor.py:175} INFO - Processing /home/airflow/.local/lib/python3.7/site-packages/airflow/example_dags/example_branch_labels.py took 0.078 seconds
[2022-12-30T00:19:31.147+0000] {processor.py:153} INFO - Started process (PID=38088) to work on /home/airflow/.local/lib/python3.7/site-packages/airflow/example_dags/example_branch_labels.py
[2022-12-30T00:19:31.148+0000] {processor.py:743} INFO - Processing file /home/airflow/.local/lib/python3.7/site-packages/airflow/example_dags/example_branch_labels.py for tasks to queue
[2022-12-30T00:19:31.148+0000] {logging_mixin.py:137} INFO - [2022-12-30T00:19:31.148+0000] {dagbag.py:538} INFO - Filling up the DagBag from /home/airflow/.local/lib/python3.7/site-packages/airflow/example_dags/example_branch_labels.py
[2022-12-30T00:19:31.159+0000] {processor.py:753} INFO - DAG(s) dict_keys(['example_branch_labels']) retrieved from /home/airflow/.local/lib/python3.7/site-packages/airflow/example_dags/example_branch_labels.py
[2022-12-30T00:19:31.190+0000] {logging_mixin.py:137} INFO - [2022-12-30T00:19:31.190+0000] {dag.py:2676} INFO - Sync 1 DAGs
[2022-12-30T00:19:31.213+0000] {logging_mixin.py:137} INFO - [2022-12-30T00:19:31.213+0000] {dag.py:3427} INFO - Setting next_dagrun for example_branch_labels to 2022-12-29T00:00:00+00:00, run_after=2022-12-30T00:00:00+00:00
[2022-12-30T00:19:31.224+0000] {processor.py:175} INFO - Processing /home/airflow/.local/lib/python3.7/site-packages/airflow/example_dags/example_branch_labels.py took 0.080 seconds
[2022-12-30T00:20:01.917+0000] {processor.py:153} INFO - Started process (PID=38190) to work on /home/airflow/.local/lib/python3.7/site-packages/airflow/example_dags/example_branch_labels.py
[2022-12-30T00:20:01.918+0000] {processor.py:743} INFO - Processing file /home/airflow/.local/lib/python3.7/site-packages/airflow/example_dags/example_branch_labels.py for tasks to queue
[2022-12-30T00:20:01.918+0000] {logging_mixin.py:137} INFO - [2022-12-30T00:20:01.918+0000] {dagbag.py:538} INFO - Filling up the DagBag from /home/airflow/.local/lib/python3.7/site-packages/airflow/example_dags/example_branch_labels.py
[2022-12-30T00:20:01.929+0000] {processor.py:753} INFO - DAG(s) dict_keys(['example_branch_labels']) retrieved from /home/airflow/.local/lib/python3.7/site-packages/airflow/example_dags/example_branch_labels.py
[2022-12-30T00:20:01.962+0000] {logging_mixin.py:137} INFO - [2022-12-30T00:20:01.962+0000] {dag.py:2676} INFO - Sync 1 DAGs
[2022-12-30T00:20:01.986+0000] {logging_mixin.py:137} INFO - [2022-12-30T00:20:01.986+0000] {dag.py:3427} INFO - Setting next_dagrun for example_branch_labels to 2022-12-29T00:00:00+00:00, run_after=2022-12-30T00:00:00+00:00
[2022-12-30T00:20:01.998+0000] {processor.py:175} INFO - Processing /home/airflow/.local/lib/python3.7/site-packages/airflow/example_dags/example_branch_labels.py took 0.083 seconds
[2022-12-30T00:20:32.681+0000] {processor.py:153} INFO - Started process (PID=38292) to work on /home/airflow/.local/lib/python3.7/site-packages/airflow/example_dags/example_branch_labels.py
[2022-12-30T00:20:32.682+0000] {processor.py:743} INFO - Processing file /home/airflow/.local/lib/python3.7/site-packages/airflow/example_dags/example_branch_labels.py for tasks to queue
[2022-12-30T00:20:32.682+0000] {logging_mixin.py:137} INFO - [2022-12-30T00:20:32.682+0000] {dagbag.py:538} INFO - Filling up the DagBag from /home/airflow/.local/lib/python3.7/site-packages/airflow/example_dags/example_branch_labels.py
[2022-12-30T00:20:32.693+0000] {processor.py:753} INFO - DAG(s) dict_keys(['example_branch_labels']) retrieved from /home/airflow/.local/lib/python3.7/site-packages/airflow/example_dags/example_branch_labels.py
[2022-12-30T00:20:32.723+0000] {logging_mixin.py:137} INFO - [2022-12-30T00:20:32.723+0000] {dag.py:2676} INFO - Sync 1 DAGs
[2022-12-30T00:20:32.745+0000] {logging_mixin.py:137} INFO - [2022-12-30T00:20:32.745+0000] {dag.py:3427} INFO - Setting next_dagrun for example_branch_labels to 2022-12-29T00:00:00+00:00, run_after=2022-12-30T00:00:00+00:00
[2022-12-30T00:20:32.757+0000] {processor.py:175} INFO - Processing /home/airflow/.local/lib/python3.7/site-packages/airflow/example_dags/example_branch_labels.py took 0.078 seconds
[2022-12-30T00:21:02.987+0000] {processor.py:153} INFO - Started process (PID=38375) to work on /home/airflow/.local/lib/python3.7/site-packages/airflow/example_dags/example_branch_labels.py
[2022-12-30T00:21:02.988+0000] {processor.py:743} INFO - Processing file /home/airflow/.local/lib/python3.7/site-packages/airflow/example_dags/example_branch_labels.py for tasks to queue
[2022-12-30T00:21:02.988+0000] {logging_mixin.py:137} INFO - [2022-12-30T00:21:02.988+0000] {dagbag.py:538} INFO - Filling up the DagBag from /home/airflow/.local/lib/python3.7/site-packages/airflow/example_dags/example_branch_labels.py
[2022-12-30T00:21:03.002+0000] {processor.py:753} INFO - DAG(s) dict_keys(['example_branch_labels']) retrieved from /home/airflow/.local/lib/python3.7/site-packages/airflow/example_dags/example_branch_labels.py
[2022-12-30T00:21:03.035+0000] {logging_mixin.py:137} INFO - [2022-12-30T00:21:03.035+0000] {dag.py:2676} INFO - Sync 1 DAGs
[2022-12-30T00:21:03.064+0000] {logging_mixin.py:137} INFO - [2022-12-30T00:21:03.064+0000] {dag.py:3427} INFO - Setting next_dagrun for example_branch_labels to 2022-12-29T00:00:00+00:00, run_after=2022-12-30T00:00:00+00:00
[2022-12-30T00:21:03.079+0000] {processor.py:175} INFO - Processing /home/airflow/.local/lib/python3.7/site-packages/airflow/example_dags/example_branch_labels.py took 0.094 seconds
[2022-12-30T00:21:33.836+0000] {processor.py:153} INFO - Started process (PID=38478) to work on /home/airflow/.local/lib/python3.7/site-packages/airflow/example_dags/example_branch_labels.py
[2022-12-30T00:21:33.837+0000] {processor.py:743} INFO - Processing file /home/airflow/.local/lib/python3.7/site-packages/airflow/example_dags/example_branch_labels.py for tasks to queue
[2022-12-30T00:21:33.837+0000] {logging_mixin.py:137} INFO - [2022-12-30T00:21:33.837+0000] {dagbag.py:538} INFO - Filling up the DagBag from /home/airflow/.local/lib/python3.7/site-packages/airflow/example_dags/example_branch_labels.py
[2022-12-30T00:21:33.849+0000] {processor.py:753} INFO - DAG(s) dict_keys(['example_branch_labels']) retrieved from /home/airflow/.local/lib/python3.7/site-packages/airflow/example_dags/example_branch_labels.py
[2022-12-30T00:21:33.916+0000] {logging_mixin.py:137} INFO - [2022-12-30T00:21:33.916+0000] {dag.py:2676} INFO - Sync 1 DAGs
[2022-12-30T00:21:33.937+0000] {logging_mixin.py:137} INFO - [2022-12-30T00:21:33.937+0000] {dag.py:3427} INFO - Setting next_dagrun for example_branch_labels to 2022-12-29T00:00:00+00:00, run_after=2022-12-30T00:00:00+00:00
[2022-12-30T00:21:33.951+0000] {processor.py:175} INFO - Processing /home/airflow/.local/lib/python3.7/site-packages/airflow/example_dags/example_branch_labels.py took 0.118 seconds
[2022-12-30T00:22:04.240+0000] {processor.py:153} INFO - Started process (PID=38560) to work on /home/airflow/.local/lib/python3.7/site-packages/airflow/example_dags/example_branch_labels.py
[2022-12-30T00:22:04.240+0000] {processor.py:743} INFO - Processing file /home/airflow/.local/lib/python3.7/site-packages/airflow/example_dags/example_branch_labels.py for tasks to queue
[2022-12-30T00:22:04.241+0000] {logging_mixin.py:137} INFO - [2022-12-30T00:22:04.241+0000] {dagbag.py:538} INFO - Filling up the DagBag from /home/airflow/.local/lib/python3.7/site-packages/airflow/example_dags/example_branch_labels.py
[2022-12-30T00:22:04.254+0000] {processor.py:753} INFO - DAG(s) dict_keys(['example_branch_labels']) retrieved from /home/airflow/.local/lib/python3.7/site-packages/airflow/example_dags/example_branch_labels.py
[2022-12-30T00:22:04.282+0000] {logging_mixin.py:137} INFO - [2022-12-30T00:22:04.282+0000] {dag.py:2676} INFO - Sync 1 DAGs
[2022-12-30T00:22:04.302+0000] {logging_mixin.py:137} INFO - [2022-12-30T00:22:04.302+0000] {dag.py:3427} INFO - Setting next_dagrun for example_branch_labels to 2022-12-29T00:00:00+00:00, run_after=2022-12-30T00:00:00+00:00
[2022-12-30T00:22:04.314+0000] {processor.py:175} INFO - Processing /home/airflow/.local/lib/python3.7/site-packages/airflow/example_dags/example_branch_labels.py took 0.077 seconds
[2022-12-30T00:22:34.883+0000] {processor.py:153} INFO - Started process (PID=38662) to work on /home/airflow/.local/lib/python3.7/site-packages/airflow/example_dags/example_branch_labels.py
[2022-12-30T00:22:34.886+0000] {processor.py:743} INFO - Processing file /home/airflow/.local/lib/python3.7/site-packages/airflow/example_dags/example_branch_labels.py for tasks to queue
[2022-12-30T00:22:34.886+0000] {logging_mixin.py:137} INFO - [2022-12-30T00:22:34.886+0000] {dagbag.py:538} INFO - Filling up the DagBag from /home/airflow/.local/lib/python3.7/site-packages/airflow/example_dags/example_branch_labels.py
[2022-12-30T00:22:34.898+0000] {processor.py:753} INFO - DAG(s) dict_keys(['example_branch_labels']) retrieved from /home/airflow/.local/lib/python3.7/site-packages/airflow/example_dags/example_branch_labels.py
[2022-12-30T00:22:34.926+0000] {logging_mixin.py:137} INFO - [2022-12-30T00:22:34.925+0000] {dag.py:2676} INFO - Sync 1 DAGs
[2022-12-30T00:22:34.947+0000] {logging_mixin.py:137} INFO - [2022-12-30T00:22:34.947+0000] {dag.py:3427} INFO - Setting next_dagrun for example_branch_labels to 2022-12-29T00:00:00+00:00, run_after=2022-12-30T00:00:00+00:00
[2022-12-30T00:22:34.961+0000] {processor.py:175} INFO - Processing /home/airflow/.local/lib/python3.7/site-packages/airflow/example_dags/example_branch_labels.py took 0.080 seconds
[2022-12-30T00:23:05.418+0000] {processor.py:153} INFO - Started process (PID=38744) to work on /home/airflow/.local/lib/python3.7/site-packages/airflow/example_dags/example_branch_labels.py
[2022-12-30T00:23:05.418+0000] {processor.py:743} INFO - Processing file /home/airflow/.local/lib/python3.7/site-packages/airflow/example_dags/example_branch_labels.py for tasks to queue
[2022-12-30T00:23:05.419+0000] {logging_mixin.py:137} INFO - [2022-12-30T00:23:05.419+0000] {dagbag.py:538} INFO - Filling up the DagBag from /home/airflow/.local/lib/python3.7/site-packages/airflow/example_dags/example_branch_labels.py
[2022-12-30T00:23:05.430+0000] {processor.py:753} INFO - DAG(s) dict_keys(['example_branch_labels']) retrieved from /home/airflow/.local/lib/python3.7/site-packages/airflow/example_dags/example_branch_labels.py
[2022-12-30T00:23:05.459+0000] {logging_mixin.py:137} INFO - [2022-12-30T00:23:05.459+0000] {dag.py:2676} INFO - Sync 1 DAGs
[2022-12-30T00:23:05.481+0000] {logging_mixin.py:137} INFO - [2022-12-30T00:23:05.480+0000] {dag.py:3427} INFO - Setting next_dagrun for example_branch_labels to 2022-12-29T00:00:00+00:00, run_after=2022-12-30T00:00:00+00:00
[2022-12-30T00:23:05.493+0000] {processor.py:175} INFO - Processing /home/airflow/.local/lib/python3.7/site-packages/airflow/example_dags/example_branch_labels.py took 0.080 seconds
[2022-12-30T00:23:35.536+0000] {processor.py:153} INFO - Started process (PID=38846) to work on /home/airflow/.local/lib/python3.7/site-packages/airflow/example_dags/example_branch_labels.py
[2022-12-30T00:23:35.537+0000] {processor.py:743} INFO - Processing file /home/airflow/.local/lib/python3.7/site-packages/airflow/example_dags/example_branch_labels.py for tasks to queue
[2022-12-30T00:23:35.537+0000] {logging_mixin.py:137} INFO - [2022-12-30T00:23:35.537+0000] {dagbag.py:538} INFO - Filling up the DagBag from /home/airflow/.local/lib/python3.7/site-packages/airflow/example_dags/example_branch_labels.py
[2022-12-30T00:23:35.547+0000] {processor.py:753} INFO - DAG(s) dict_keys(['example_branch_labels']) retrieved from /home/airflow/.local/lib/python3.7/site-packages/airflow/example_dags/example_branch_labels.py
[2022-12-30T00:23:35.579+0000] {logging_mixin.py:137} INFO - [2022-12-30T00:23:35.579+0000] {dag.py:2676} INFO - Sync 1 DAGs
[2022-12-30T00:23:35.600+0000] {logging_mixin.py:137} INFO - [2022-12-30T00:23:35.599+0000] {dag.py:3427} INFO - Setting next_dagrun for example_branch_labels to 2022-12-29T00:00:00+00:00, run_after=2022-12-30T00:00:00+00:00
[2022-12-30T00:23:35.610+0000] {processor.py:175} INFO - Processing /home/airflow/.local/lib/python3.7/site-packages/airflow/example_dags/example_branch_labels.py took 0.077 seconds
[2022-12-30T00:24:06.184+0000] {processor.py:153} INFO - Started process (PID=38937) to work on /home/airflow/.local/lib/python3.7/site-packages/airflow/example_dags/example_branch_labels.py
[2022-12-30T00:24:06.185+0000] {processor.py:743} INFO - Processing file /home/airflow/.local/lib/python3.7/site-packages/airflow/example_dags/example_branch_labels.py for tasks to queue
[2022-12-30T00:24:06.186+0000] {logging_mixin.py:137} INFO - [2022-12-30T00:24:06.185+0000] {dagbag.py:538} INFO - Filling up the DagBag from /home/airflow/.local/lib/python3.7/site-packages/airflow/example_dags/example_branch_labels.py
[2022-12-30T00:24:06.198+0000] {processor.py:753} INFO - DAG(s) dict_keys(['example_branch_labels']) retrieved from /home/airflow/.local/lib/python3.7/site-packages/airflow/example_dags/example_branch_labels.py
[2022-12-30T00:24:06.244+0000] {logging_mixin.py:137} INFO - [2022-12-30T00:24:06.244+0000] {dag.py:2676} INFO - Sync 1 DAGs
[2022-12-30T00:24:06.290+0000] {logging_mixin.py:137} INFO - [2022-12-30T00:24:06.290+0000] {dag.py:3427} INFO - Setting next_dagrun for example_branch_labels to 2022-12-29T00:00:00+00:00, run_after=2022-12-30T00:00:00+00:00
[2022-12-30T00:24:06.313+0000] {processor.py:175} INFO - Processing /home/airflow/.local/lib/python3.7/site-packages/airflow/example_dags/example_branch_labels.py took 0.131 seconds
[2022-12-30T00:24:37.296+0000] {processor.py:153} INFO - Started process (PID=39030) to work on /home/airflow/.local/lib/python3.7/site-packages/airflow/example_dags/example_branch_labels.py
[2022-12-30T00:24:37.297+0000] {processor.py:743} INFO - Processing file /home/airflow/.local/lib/python3.7/site-packages/airflow/example_dags/example_branch_labels.py for tasks to queue
[2022-12-30T00:24:37.297+0000] {logging_mixin.py:137} INFO - [2022-12-30T00:24:37.297+0000] {dagbag.py:538} INFO - Filling up the DagBag from /home/airflow/.local/lib/python3.7/site-packages/airflow/example_dags/example_branch_labels.py
[2022-12-30T00:24:37.308+0000] {processor.py:753} INFO - DAG(s) dict_keys(['example_branch_labels']) retrieved from /home/airflow/.local/lib/python3.7/site-packages/airflow/example_dags/example_branch_labels.py
[2022-12-30T00:24:37.337+0000] {logging_mixin.py:137} INFO - [2022-12-30T00:24:37.337+0000] {dag.py:2676} INFO - Sync 1 DAGs
[2022-12-30T00:24:37.358+0000] {logging_mixin.py:137} INFO - [2022-12-30T00:24:37.357+0000] {dag.py:3427} INFO - Setting next_dagrun for example_branch_labels to 2022-12-29T00:00:00+00:00, run_after=2022-12-30T00:00:00+00:00
[2022-12-30T00:24:37.370+0000] {processor.py:175} INFO - Processing /home/airflow/.local/lib/python3.7/site-packages/airflow/example_dags/example_branch_labels.py took 0.078 seconds
[2022-12-30T00:25:07.694+0000] {processor.py:153} INFO - Started process (PID=39132) to work on /home/airflow/.local/lib/python3.7/site-packages/airflow/example_dags/example_branch_labels.py
[2022-12-30T00:25:07.695+0000] {processor.py:743} INFO - Processing file /home/airflow/.local/lib/python3.7/site-packages/airflow/example_dags/example_branch_labels.py for tasks to queue
[2022-12-30T00:25:07.696+0000] {logging_mixin.py:137} INFO - [2022-12-30T00:25:07.696+0000] {dagbag.py:538} INFO - Filling up the DagBag from /home/airflow/.local/lib/python3.7/site-packages/airflow/example_dags/example_branch_labels.py
[2022-12-30T00:25:07.707+0000] {processor.py:753} INFO - DAG(s) dict_keys(['example_branch_labels']) retrieved from /home/airflow/.local/lib/python3.7/site-packages/airflow/example_dags/example_branch_labels.py
[2022-12-30T00:25:07.736+0000] {logging_mixin.py:137} INFO - [2022-12-30T00:25:07.736+0000] {dag.py:2676} INFO - Sync 1 DAGs
[2022-12-30T00:25:07.759+0000] {logging_mixin.py:137} INFO - [2022-12-30T00:25:07.759+0000] {dag.py:3427} INFO - Setting next_dagrun for example_branch_labels to 2022-12-29T00:00:00+00:00, run_after=2022-12-30T00:00:00+00:00
[2022-12-30T00:25:07.773+0000] {processor.py:175} INFO - Processing /home/airflow/.local/lib/python3.7/site-packages/airflow/example_dags/example_branch_labels.py took 0.081 seconds
[2022-12-30T00:25:38.222+0000] {processor.py:153} INFO - Started process (PID=39214) to work on /home/airflow/.local/lib/python3.7/site-packages/airflow/example_dags/example_branch_labels.py
[2022-12-30T00:25:38.223+0000] {processor.py:743} INFO - Processing file /home/airflow/.local/lib/python3.7/site-packages/airflow/example_dags/example_branch_labels.py for tasks to queue
[2022-12-30T00:25:38.224+0000] {logging_mixin.py:137} INFO - [2022-12-30T00:25:38.224+0000] {dagbag.py:538} INFO - Filling up the DagBag from /home/airflow/.local/lib/python3.7/site-packages/airflow/example_dags/example_branch_labels.py
[2022-12-30T00:25:38.237+0000] {processor.py:753} INFO - DAG(s) dict_keys(['example_branch_labels']) retrieved from /home/airflow/.local/lib/python3.7/site-packages/airflow/example_dags/example_branch_labels.py
[2022-12-30T00:25:38.270+0000] {logging_mixin.py:137} INFO - [2022-12-30T00:25:38.270+0000] {dag.py:2676} INFO - Sync 1 DAGs
[2022-12-30T00:25:38.290+0000] {logging_mixin.py:137} INFO - [2022-12-30T00:25:38.290+0000] {dag.py:3427} INFO - Setting next_dagrun for example_branch_labels to 2022-12-29T00:00:00+00:00, run_after=2022-12-30T00:00:00+00:00
[2022-12-30T00:25:38.303+0000] {processor.py:175} INFO - Processing /home/airflow/.local/lib/python3.7/site-packages/airflow/example_dags/example_branch_labels.py took 0.084 seconds
[2022-12-30T00:26:08.871+0000] {processor.py:153} INFO - Started process (PID=39316) to work on /home/airflow/.local/lib/python3.7/site-packages/airflow/example_dags/example_branch_labels.py
[2022-12-30T00:26:08.872+0000] {processor.py:743} INFO - Processing file /home/airflow/.local/lib/python3.7/site-packages/airflow/example_dags/example_branch_labels.py for tasks to queue
[2022-12-30T00:26:08.872+0000] {logging_mixin.py:137} INFO - [2022-12-30T00:26:08.872+0000] {dagbag.py:538} INFO - Filling up the DagBag from /home/airflow/.local/lib/python3.7/site-packages/airflow/example_dags/example_branch_labels.py
[2022-12-30T00:26:08.884+0000] {processor.py:753} INFO - DAG(s) dict_keys(['example_branch_labels']) retrieved from /home/airflow/.local/lib/python3.7/site-packages/airflow/example_dags/example_branch_labels.py
[2022-12-30T00:26:08.911+0000] {logging_mixin.py:137} INFO - [2022-12-30T00:26:08.911+0000] {dag.py:2676} INFO - Sync 1 DAGs
[2022-12-30T00:26:08.931+0000] {logging_mixin.py:137} INFO - [2022-12-30T00:26:08.931+0000] {dag.py:3427} INFO - Setting next_dagrun for example_branch_labels to 2022-12-29T00:00:00+00:00, run_after=2022-12-30T00:00:00+00:00
[2022-12-30T00:26:08.942+0000] {processor.py:175} INFO - Processing /home/airflow/.local/lib/python3.7/site-packages/airflow/example_dags/example_branch_labels.py took 0.073 seconds
[2022-12-30T00:26:39.322+0000] {processor.py:153} INFO - Started process (PID=39398) to work on /home/airflow/.local/lib/python3.7/site-packages/airflow/example_dags/example_branch_labels.py
[2022-12-30T00:26:39.322+0000] {processor.py:743} INFO - Processing file /home/airflow/.local/lib/python3.7/site-packages/airflow/example_dags/example_branch_labels.py for tasks to queue
[2022-12-30T00:26:39.323+0000] {logging_mixin.py:137} INFO - [2022-12-30T00:26:39.323+0000] {dagbag.py:538} INFO - Filling up the DagBag from /home/airflow/.local/lib/python3.7/site-packages/airflow/example_dags/example_branch_labels.py
[2022-12-30T00:26:39.334+0000] {processor.py:753} INFO - DAG(s) dict_keys(['example_branch_labels']) retrieved from /home/airflow/.local/lib/python3.7/site-packages/airflow/example_dags/example_branch_labels.py
[2022-12-30T00:26:39.361+0000] {logging_mixin.py:137} INFO - [2022-12-30T00:26:39.361+0000] {dag.py:2676} INFO - Sync 1 DAGs
[2022-12-30T00:26:39.384+0000] {logging_mixin.py:137} INFO - [2022-12-30T00:26:39.384+0000] {dag.py:3427} INFO - Setting next_dagrun for example_branch_labels to 2022-12-29T00:00:00+00:00, run_after=2022-12-30T00:00:00+00:00
[2022-12-30T00:26:39.396+0000] {processor.py:175} INFO - Processing /home/airflow/.local/lib/python3.7/site-packages/airflow/example_dags/example_branch_labels.py took 0.077 seconds
[2022-12-30T00:27:09.579+0000] {processor.py:153} INFO - Started process (PID=39501) to work on /home/airflow/.local/lib/python3.7/site-packages/airflow/example_dags/example_branch_labels.py
[2022-12-30T00:27:09.580+0000] {processor.py:743} INFO - Processing file /home/airflow/.local/lib/python3.7/site-packages/airflow/example_dags/example_branch_labels.py for tasks to queue
[2022-12-30T00:27:09.581+0000] {logging_mixin.py:137} INFO - [2022-12-30T00:27:09.581+0000] {dagbag.py:538} INFO - Filling up the DagBag from /home/airflow/.local/lib/python3.7/site-packages/airflow/example_dags/example_branch_labels.py
[2022-12-30T00:27:09.591+0000] {processor.py:753} INFO - DAG(s) dict_keys(['example_branch_labels']) retrieved from /home/airflow/.local/lib/python3.7/site-packages/airflow/example_dags/example_branch_labels.py
[2022-12-30T00:27:09.621+0000] {logging_mixin.py:137} INFO - [2022-12-30T00:27:09.621+0000] {dag.py:2676} INFO - Sync 1 DAGs
[2022-12-30T00:27:09.643+0000] {logging_mixin.py:137} INFO - [2022-12-30T00:27:09.643+0000] {dag.py:3427} INFO - Setting next_dagrun for example_branch_labels to 2022-12-29T00:00:00+00:00, run_after=2022-12-30T00:00:00+00:00
[2022-12-30T00:27:09.655+0000] {processor.py:175} INFO - Processing /home/airflow/.local/lib/python3.7/site-packages/airflow/example_dags/example_branch_labels.py took 0.079 seconds
[2022-12-30T00:27:40.152+0000] {processor.py:153} INFO - Started process (PID=39592) to work on /home/airflow/.local/lib/python3.7/site-packages/airflow/example_dags/example_branch_labels.py
[2022-12-30T00:27:40.153+0000] {processor.py:743} INFO - Processing file /home/airflow/.local/lib/python3.7/site-packages/airflow/example_dags/example_branch_labels.py for tasks to queue
[2022-12-30T00:27:40.153+0000] {logging_mixin.py:137} INFO - [2022-12-30T00:27:40.153+0000] {dagbag.py:538} INFO - Filling up the DagBag from /home/airflow/.local/lib/python3.7/site-packages/airflow/example_dags/example_branch_labels.py
[2022-12-30T00:27:40.164+0000] {processor.py:753} INFO - DAG(s) dict_keys(['example_branch_labels']) retrieved from /home/airflow/.local/lib/python3.7/site-packages/airflow/example_dags/example_branch_labels.py
[2022-12-30T00:27:40.195+0000] {logging_mixin.py:137} INFO - [2022-12-30T00:27:40.195+0000] {dag.py:2676} INFO - Sync 1 DAGs
[2022-12-30T00:27:40.217+0000] {logging_mixin.py:137} INFO - [2022-12-30T00:27:40.217+0000] {dag.py:3427} INFO - Setting next_dagrun for example_branch_labels to 2022-12-29T00:00:00+00:00, run_after=2022-12-30T00:00:00+00:00
[2022-12-30T00:27:40.229+0000] {processor.py:175} INFO - Processing /home/airflow/.local/lib/python3.7/site-packages/airflow/example_dags/example_branch_labels.py took 0.079 seconds
[2022-12-30T00:28:10.355+0000] {processor.py:153} INFO - Started process (PID=39685) to work on /home/airflow/.local/lib/python3.7/site-packages/airflow/example_dags/example_branch_labels.py
[2022-12-30T00:28:10.355+0000] {processor.py:743} INFO - Processing file /home/airflow/.local/lib/python3.7/site-packages/airflow/example_dags/example_branch_labels.py for tasks to queue
[2022-12-30T00:28:10.356+0000] {logging_mixin.py:137} INFO - [2022-12-30T00:28:10.356+0000] {dagbag.py:538} INFO - Filling up the DagBag from /home/airflow/.local/lib/python3.7/site-packages/airflow/example_dags/example_branch_labels.py
[2022-12-30T00:28:10.367+0000] {processor.py:753} INFO - DAG(s) dict_keys(['example_branch_labels']) retrieved from /home/airflow/.local/lib/python3.7/site-packages/airflow/example_dags/example_branch_labels.py
[2022-12-30T00:28:10.395+0000] {logging_mixin.py:137} INFO - [2022-12-30T00:28:10.395+0000] {dag.py:2676} INFO - Sync 1 DAGs
[2022-12-30T00:28:10.416+0000] {logging_mixin.py:137} INFO - [2022-12-30T00:28:10.416+0000] {dag.py:3427} INFO - Setting next_dagrun for example_branch_labels to 2022-12-29T00:00:00+00:00, run_after=2022-12-30T00:00:00+00:00
[2022-12-30T00:28:10.427+0000] {processor.py:175} INFO - Processing /home/airflow/.local/lib/python3.7/site-packages/airflow/example_dags/example_branch_labels.py took 0.075 seconds
[2022-12-30T00:28:41.040+0000] {processor.py:153} INFO - Started process (PID=39787) to work on /home/airflow/.local/lib/python3.7/site-packages/airflow/example_dags/example_branch_labels.py
[2022-12-30T00:28:41.041+0000] {processor.py:743} INFO - Processing file /home/airflow/.local/lib/python3.7/site-packages/airflow/example_dags/example_branch_labels.py for tasks to queue
[2022-12-30T00:28:41.041+0000] {logging_mixin.py:137} INFO - [2022-12-30T00:28:41.041+0000] {dagbag.py:538} INFO - Filling up the DagBag from /home/airflow/.local/lib/python3.7/site-packages/airflow/example_dags/example_branch_labels.py
[2022-12-30T00:28:41.053+0000] {processor.py:753} INFO - DAG(s) dict_keys(['example_branch_labels']) retrieved from /home/airflow/.local/lib/python3.7/site-packages/airflow/example_dags/example_branch_labels.py
[2022-12-30T00:28:41.086+0000] {logging_mixin.py:137} INFO - [2022-12-30T00:28:41.086+0000] {dag.py:2676} INFO - Sync 1 DAGs
[2022-12-30T00:28:41.110+0000] {logging_mixin.py:137} INFO - [2022-12-30T00:28:41.110+0000] {dag.py:3427} INFO - Setting next_dagrun for example_branch_labels to 2022-12-29T00:00:00+00:00, run_after=2022-12-30T00:00:00+00:00
[2022-12-30T00:28:41.126+0000] {processor.py:175} INFO - Processing /home/airflow/.local/lib/python3.7/site-packages/airflow/example_dags/example_branch_labels.py took 0.088 seconds
[2022-12-30T00:29:11.246+0000] {processor.py:153} INFO - Started process (PID=39869) to work on /home/airflow/.local/lib/python3.7/site-packages/airflow/example_dags/example_branch_labels.py
[2022-12-30T00:29:11.247+0000] {processor.py:743} INFO - Processing file /home/airflow/.local/lib/python3.7/site-packages/airflow/example_dags/example_branch_labels.py for tasks to queue
[2022-12-30T00:29:11.247+0000] {logging_mixin.py:137} INFO - [2022-12-30T00:29:11.247+0000] {dagbag.py:538} INFO - Filling up the DagBag from /home/airflow/.local/lib/python3.7/site-packages/airflow/example_dags/example_branch_labels.py
[2022-12-30T00:29:11.262+0000] {processor.py:753} INFO - DAG(s) dict_keys(['example_branch_labels']) retrieved from /home/airflow/.local/lib/python3.7/site-packages/airflow/example_dags/example_branch_labels.py
[2022-12-30T00:29:11.296+0000] {logging_mixin.py:137} INFO - [2022-12-30T00:29:11.296+0000] {dag.py:2676} INFO - Sync 1 DAGs
[2022-12-30T00:29:11.315+0000] {logging_mixin.py:137} INFO - [2022-12-30T00:29:11.315+0000] {dag.py:3427} INFO - Setting next_dagrun for example_branch_labels to 2022-12-29T00:00:00+00:00, run_after=2022-12-30T00:00:00+00:00
[2022-12-30T00:29:11.327+0000] {processor.py:175} INFO - Processing /home/airflow/.local/lib/python3.7/site-packages/airflow/example_dags/example_branch_labels.py took 0.084 seconds
[2022-12-30T00:29:41.587+0000] {processor.py:153} INFO - Started process (PID=39971) to work on /home/airflow/.local/lib/python3.7/site-packages/airflow/example_dags/example_branch_labels.py
[2022-12-30T00:29:41.588+0000] {processor.py:743} INFO - Processing file /home/airflow/.local/lib/python3.7/site-packages/airflow/example_dags/example_branch_labels.py for tasks to queue
[2022-12-30T00:29:41.588+0000] {logging_mixin.py:137} INFO - [2022-12-30T00:29:41.588+0000] {dagbag.py:538} INFO - Filling up the DagBag from /home/airflow/.local/lib/python3.7/site-packages/airflow/example_dags/example_branch_labels.py
[2022-12-30T00:29:41.602+0000] {processor.py:753} INFO - DAG(s) dict_keys(['example_branch_labels']) retrieved from /home/airflow/.local/lib/python3.7/site-packages/airflow/example_dags/example_branch_labels.py
[2022-12-30T00:29:41.677+0000] {logging_mixin.py:137} INFO - [2022-12-30T00:29:41.677+0000] {dag.py:2676} INFO - Sync 1 DAGs
[2022-12-30T00:29:41.699+0000] {logging_mixin.py:137} INFO - [2022-12-30T00:29:41.699+0000] {dag.py:3427} INFO - Setting next_dagrun for example_branch_labels to 2022-12-29T00:00:00+00:00, run_after=2022-12-30T00:00:00+00:00
[2022-12-30T00:29:41.712+0000] {processor.py:175} INFO - Processing /home/airflow/.local/lib/python3.7/site-packages/airflow/example_dags/example_branch_labels.py took 0.128 seconds
[2022-12-30T00:30:12.104+0000] {processor.py:153} INFO - Started process (PID=40053) to work on /home/airflow/.local/lib/python3.7/site-packages/airflow/example_dags/example_branch_labels.py
[2022-12-30T00:30:12.105+0000] {processor.py:743} INFO - Processing file /home/airflow/.local/lib/python3.7/site-packages/airflow/example_dags/example_branch_labels.py for tasks to queue
[2022-12-30T00:30:12.105+0000] {logging_mixin.py:137} INFO - [2022-12-30T00:30:12.105+0000] {dagbag.py:538} INFO - Filling up the DagBag from /home/airflow/.local/lib/python3.7/site-packages/airflow/example_dags/example_branch_labels.py
[2022-12-30T00:30:12.116+0000] {processor.py:753} INFO - DAG(s) dict_keys(['example_branch_labels']) retrieved from /home/airflow/.local/lib/python3.7/site-packages/airflow/example_dags/example_branch_labels.py
[2022-12-30T00:30:12.146+0000] {logging_mixin.py:137} INFO - [2022-12-30T00:30:12.146+0000] {dag.py:2676} INFO - Sync 1 DAGs
[2022-12-30T00:30:12.167+0000] {logging_mixin.py:137} INFO - [2022-12-30T00:30:12.167+0000] {dag.py:3427} INFO - Setting next_dagrun for example_branch_labels to 2022-12-29T00:00:00+00:00, run_after=2022-12-30T00:00:00+00:00
[2022-12-30T00:30:12.181+0000] {processor.py:175} INFO - Processing /home/airflow/.local/lib/python3.7/site-packages/airflow/example_dags/example_branch_labels.py took 0.080 seconds
[2022-12-30T00:30:42.720+0000] {processor.py:153} INFO - Started process (PID=40155) to work on /home/airflow/.local/lib/python3.7/site-packages/airflow/example_dags/example_branch_labels.py
[2022-12-30T00:30:42.720+0000] {processor.py:743} INFO - Processing file /home/airflow/.local/lib/python3.7/site-packages/airflow/example_dags/example_branch_labels.py for tasks to queue
[2022-12-30T00:30:42.721+0000] {logging_mixin.py:137} INFO - [2022-12-30T00:30:42.720+0000] {dagbag.py:538} INFO - Filling up the DagBag from /home/airflow/.local/lib/python3.7/site-packages/airflow/example_dags/example_branch_labels.py
[2022-12-30T00:30:42.731+0000] {processor.py:753} INFO - DAG(s) dict_keys(['example_branch_labels']) retrieved from /home/airflow/.local/lib/python3.7/site-packages/airflow/example_dags/example_branch_labels.py
[2022-12-30T00:30:42.764+0000] {logging_mixin.py:137} INFO - [2022-12-30T00:30:42.764+0000] {dag.py:2676} INFO - Sync 1 DAGs
[2022-12-30T00:30:42.785+0000] {logging_mixin.py:137} INFO - [2022-12-30T00:30:42.784+0000] {dag.py:3427} INFO - Setting next_dagrun for example_branch_labels to 2022-12-29T00:00:00+00:00, run_after=2022-12-30T00:00:00+00:00
[2022-12-30T00:30:42.800+0000] {processor.py:175} INFO - Processing /home/airflow/.local/lib/python3.7/site-packages/airflow/example_dags/example_branch_labels.py took 0.083 seconds
[2022-12-30T00:31:13.178+0000] {processor.py:153} INFO - Started process (PID=40237) to work on /home/airflow/.local/lib/python3.7/site-packages/airflow/example_dags/example_branch_labels.py
[2022-12-30T00:31:13.179+0000] {processor.py:743} INFO - Processing file /home/airflow/.local/lib/python3.7/site-packages/airflow/example_dags/example_branch_labels.py for tasks to queue
[2022-12-30T00:31:13.179+0000] {logging_mixin.py:137} INFO - [2022-12-30T00:31:13.179+0000] {dagbag.py:538} INFO - Filling up the DagBag from /home/airflow/.local/lib/python3.7/site-packages/airflow/example_dags/example_branch_labels.py
[2022-12-30T00:31:13.189+0000] {processor.py:753} INFO - DAG(s) dict_keys(['example_branch_labels']) retrieved from /home/airflow/.local/lib/python3.7/site-packages/airflow/example_dags/example_branch_labels.py
[2022-12-30T00:31:13.219+0000] {logging_mixin.py:137} INFO - [2022-12-30T00:31:13.219+0000] {dag.py:2676} INFO - Sync 1 DAGs
[2022-12-30T00:31:13.246+0000] {logging_mixin.py:137} INFO - [2022-12-30T00:31:13.246+0000] {dag.py:3427} INFO - Setting next_dagrun for example_branch_labels to 2022-12-29T00:00:00+00:00, run_after=2022-12-30T00:00:00+00:00
[2022-12-30T00:31:13.260+0000] {processor.py:175} INFO - Processing /home/airflow/.local/lib/python3.7/site-packages/airflow/example_dags/example_branch_labels.py took 0.086 seconds
[2022-12-30T00:31:43.727+0000] {processor.py:153} INFO - Started process (PID=40339) to work on /home/airflow/.local/lib/python3.7/site-packages/airflow/example_dags/example_branch_labels.py
[2022-12-30T00:31:43.727+0000] {processor.py:743} INFO - Processing file /home/airflow/.local/lib/python3.7/site-packages/airflow/example_dags/example_branch_labels.py for tasks to queue
[2022-12-30T00:31:43.728+0000] {logging_mixin.py:137} INFO - [2022-12-30T00:31:43.728+0000] {dagbag.py:538} INFO - Filling up the DagBag from /home/airflow/.local/lib/python3.7/site-packages/airflow/example_dags/example_branch_labels.py
[2022-12-30T00:31:43.738+0000] {processor.py:753} INFO - DAG(s) dict_keys(['example_branch_labels']) retrieved from /home/airflow/.local/lib/python3.7/site-packages/airflow/example_dags/example_branch_labels.py
[2022-12-30T00:31:43.767+0000] {logging_mixin.py:137} INFO - [2022-12-30T00:31:43.767+0000] {dag.py:2676} INFO - Sync 1 DAGs
[2022-12-30T00:31:43.787+0000] {logging_mixin.py:137} INFO - [2022-12-30T00:31:43.787+0000] {dag.py:3427} INFO - Setting next_dagrun for example_branch_labels to 2022-12-29T00:00:00+00:00, run_after=2022-12-30T00:00:00+00:00
[2022-12-30T00:31:43.799+0000] {processor.py:175} INFO - Processing /home/airflow/.local/lib/python3.7/site-packages/airflow/example_dags/example_branch_labels.py took 0.076 seconds
[2022-12-30T00:32:13.977+0000] {processor.py:153} INFO - Started process (PID=40422) to work on /home/airflow/.local/lib/python3.7/site-packages/airflow/example_dags/example_branch_labels.py
[2022-12-30T00:32:13.977+0000] {processor.py:743} INFO - Processing file /home/airflow/.local/lib/python3.7/site-packages/airflow/example_dags/example_branch_labels.py for tasks to queue
[2022-12-30T00:32:13.977+0000] {logging_mixin.py:137} INFO - [2022-12-30T00:32:13.977+0000] {dagbag.py:538} INFO - Filling up the DagBag from /home/airflow/.local/lib/python3.7/site-packages/airflow/example_dags/example_branch_labels.py
[2022-12-30T00:32:13.988+0000] {processor.py:753} INFO - DAG(s) dict_keys(['example_branch_labels']) retrieved from /home/airflow/.local/lib/python3.7/site-packages/airflow/example_dags/example_branch_labels.py
[2022-12-30T00:32:14.017+0000] {logging_mixin.py:137} INFO - [2022-12-30T00:32:14.017+0000] {dag.py:2676} INFO - Sync 1 DAGs
[2022-12-30T00:32:14.038+0000] {logging_mixin.py:137} INFO - [2022-12-30T00:32:14.038+0000] {dag.py:3427} INFO - Setting next_dagrun for example_branch_labels to 2022-12-29T00:00:00+00:00, run_after=2022-12-30T00:00:00+00:00
[2022-12-30T00:32:14.052+0000] {processor.py:175} INFO - Processing /home/airflow/.local/lib/python3.7/site-packages/airflow/example_dags/example_branch_labels.py took 0.078 seconds
[2022-12-30T00:32:44.351+0000] {processor.py:153} INFO - Started process (PID=40524) to work on /home/airflow/.local/lib/python3.7/site-packages/airflow/example_dags/example_branch_labels.py
[2022-12-30T00:32:44.352+0000] {processor.py:743} INFO - Processing file /home/airflow/.local/lib/python3.7/site-packages/airflow/example_dags/example_branch_labels.py for tasks to queue
[2022-12-30T00:32:44.352+0000] {logging_mixin.py:137} INFO - [2022-12-30T00:32:44.352+0000] {dagbag.py:538} INFO - Filling up the DagBag from /home/airflow/.local/lib/python3.7/site-packages/airflow/example_dags/example_branch_labels.py
[2022-12-30T00:32:44.365+0000] {processor.py:753} INFO - DAG(s) dict_keys(['example_branch_labels']) retrieved from /home/airflow/.local/lib/python3.7/site-packages/airflow/example_dags/example_branch_labels.py
[2022-12-30T00:32:44.392+0000] {logging_mixin.py:137} INFO - [2022-12-30T00:32:44.392+0000] {dag.py:2676} INFO - Sync 1 DAGs
[2022-12-30T00:32:44.414+0000] {logging_mixin.py:137} INFO - [2022-12-30T00:32:44.414+0000] {dag.py:3427} INFO - Setting next_dagrun for example_branch_labels to 2022-12-29T00:00:00+00:00, run_after=2022-12-30T00:00:00+00:00
[2022-12-30T00:32:44.425+0000] {processor.py:175} INFO - Processing /home/airflow/.local/lib/python3.7/site-packages/airflow/example_dags/example_branch_labels.py took 0.076 seconds
[2022-12-30T00:33:15.119+0000] {processor.py:153} INFO - Started process (PID=40613) to work on /home/airflow/.local/lib/python3.7/site-packages/airflow/example_dags/example_branch_labels.py
[2022-12-30T00:33:15.119+0000] {processor.py:743} INFO - Processing file /home/airflow/.local/lib/python3.7/site-packages/airflow/example_dags/example_branch_labels.py for tasks to queue
[2022-12-30T00:33:15.120+0000] {logging_mixin.py:137} INFO - [2022-12-30T00:33:15.120+0000] {dagbag.py:538} INFO - Filling up the DagBag from /home/airflow/.local/lib/python3.7/site-packages/airflow/example_dags/example_branch_labels.py
[2022-12-30T00:33:15.132+0000] {processor.py:753} INFO - DAG(s) dict_keys(['example_branch_labels']) retrieved from /home/airflow/.local/lib/python3.7/site-packages/airflow/example_dags/example_branch_labels.py
[2022-12-30T00:33:15.162+0000] {logging_mixin.py:137} INFO - [2022-12-30T00:33:15.162+0000] {dag.py:2676} INFO - Sync 1 DAGs
[2022-12-30T00:33:15.187+0000] {logging_mixin.py:137} INFO - [2022-12-30T00:33:15.187+0000] {dag.py:3427} INFO - Setting next_dagrun for example_branch_labels to 2022-12-29T00:00:00+00:00, run_after=2022-12-30T00:00:00+00:00
[2022-12-30T00:33:15.201+0000] {processor.py:175} INFO - Processing /home/airflow/.local/lib/python3.7/site-packages/airflow/example_dags/example_branch_labels.py took 0.085 seconds
[2022-12-30T00:33:45.700+0000] {processor.py:153} INFO - Started process (PID=40708) to work on /home/airflow/.local/lib/python3.7/site-packages/airflow/example_dags/example_branch_labels.py
[2022-12-30T00:33:45.701+0000] {processor.py:743} INFO - Processing file /home/airflow/.local/lib/python3.7/site-packages/airflow/example_dags/example_branch_labels.py for tasks to queue
[2022-12-30T00:33:45.701+0000] {logging_mixin.py:137} INFO - [2022-12-30T00:33:45.701+0000] {dagbag.py:538} INFO - Filling up the DagBag from /home/airflow/.local/lib/python3.7/site-packages/airflow/example_dags/example_branch_labels.py
[2022-12-30T00:33:45.711+0000] {processor.py:753} INFO - DAG(s) dict_keys(['example_branch_labels']) retrieved from /home/airflow/.local/lib/python3.7/site-packages/airflow/example_dags/example_branch_labels.py
[2022-12-30T00:33:45.738+0000] {logging_mixin.py:137} INFO - [2022-12-30T00:33:45.738+0000] {dag.py:2676} INFO - Sync 1 DAGs
[2022-12-30T00:33:45.757+0000] {logging_mixin.py:137} INFO - [2022-12-30T00:33:45.757+0000] {dag.py:3427} INFO - Setting next_dagrun for example_branch_labels to 2022-12-29T00:00:00+00:00, run_after=2022-12-30T00:00:00+00:00
[2022-12-30T00:33:45.768+0000] {processor.py:175} INFO - Processing /home/airflow/.local/lib/python3.7/site-packages/airflow/example_dags/example_branch_labels.py took 0.071 seconds
