[2022-12-30T00:00:08.752+0000] {processor.py:153} INFO - Started process (PID=34535) to work on /home/airflow/.local/lib/python3.7/site-packages/airflow/example_dags/example_skip_dag.py
[2022-12-30T00:00:08.752+0000] {processor.py:743} INFO - Processing file /home/airflow/.local/lib/python3.7/site-packages/airflow/example_dags/example_skip_dag.py for tasks to queue
[2022-12-30T00:00:08.753+0000] {logging_mixin.py:137} INFO - [2022-12-30T00:00:08.753+0000] {dagbag.py:538} INFO - Filling up the DagBag from /home/airflow/.local/lib/python3.7/site-packages/airflow/example_dags/example_skip_dag.py
[2022-12-30T00:00:08.764+0000] {processor.py:753} INFO - DAG(s) dict_keys(['example_skip_dag']) retrieved from /home/airflow/.local/lib/python3.7/site-packages/airflow/example_dags/example_skip_dag.py
[2022-12-30T00:00:08.798+0000] {logging_mixin.py:137} INFO - [2022-12-30T00:00:08.798+0000] {dag.py:2676} INFO - Sync 1 DAGs
[2022-12-30T00:00:08.817+0000] {logging_mixin.py:137} INFO - [2022-12-30T00:00:08.816+0000] {dag.py:3427} INFO - Setting next_dagrun for example_skip_dag to 2022-12-29T00:00:08.816698+00:00, run_after=2022-12-30T00:00:08.816698+00:00
[2022-12-30T00:00:08.830+0000] {processor.py:175} INFO - Processing /home/airflow/.local/lib/python3.7/site-packages/airflow/example_dags/example_skip_dag.py took 0.081 seconds
[2022-12-30T00:00:39.427+0000] {processor.py:153} INFO - Started process (PID=34638) to work on /home/airflow/.local/lib/python3.7/site-packages/airflow/example_dags/example_skip_dag.py
[2022-12-30T00:00:39.428+0000] {processor.py:743} INFO - Processing file /home/airflow/.local/lib/python3.7/site-packages/airflow/example_dags/example_skip_dag.py for tasks to queue
[2022-12-30T00:00:39.429+0000] {logging_mixin.py:137} INFO - [2022-12-30T00:00:39.428+0000] {dagbag.py:538} INFO - Filling up the DagBag from /home/airflow/.local/lib/python3.7/site-packages/airflow/example_dags/example_skip_dag.py
[2022-12-30T00:00:39.440+0000] {processor.py:753} INFO - DAG(s) dict_keys(['example_skip_dag']) retrieved from /home/airflow/.local/lib/python3.7/site-packages/airflow/example_dags/example_skip_dag.py
[2022-12-30T00:00:39.471+0000] {logging_mixin.py:137} INFO - [2022-12-30T00:00:39.471+0000] {dag.py:2676} INFO - Sync 1 DAGs
[2022-12-30T00:00:39.493+0000] {logging_mixin.py:137} INFO - [2022-12-30T00:00:39.492+0000] {dag.py:3427} INFO - Setting next_dagrun for example_skip_dag to 2022-12-29T00:00:39.492741+00:00, run_after=2022-12-30T00:00:39.492741+00:00
[2022-12-30T00:00:39.506+0000] {processor.py:175} INFO - Processing /home/airflow/.local/lib/python3.7/site-packages/airflow/example_dags/example_skip_dag.py took 0.082 seconds
[2022-12-30T00:01:10.067+0000] {processor.py:153} INFO - Started process (PID=34729) to work on /home/airflow/.local/lib/python3.7/site-packages/airflow/example_dags/example_skip_dag.py
[2022-12-30T00:01:10.067+0000] {processor.py:743} INFO - Processing file /home/airflow/.local/lib/python3.7/site-packages/airflow/example_dags/example_skip_dag.py for tasks to queue
[2022-12-30T00:01:10.068+0000] {logging_mixin.py:137} INFO - [2022-12-30T00:01:10.068+0000] {dagbag.py:538} INFO - Filling up the DagBag from /home/airflow/.local/lib/python3.7/site-packages/airflow/example_dags/example_skip_dag.py
[2022-12-30T00:01:10.081+0000] {processor.py:753} INFO - DAG(s) dict_keys(['example_skip_dag']) retrieved from /home/airflow/.local/lib/python3.7/site-packages/airflow/example_dags/example_skip_dag.py
[2022-12-30T00:01:10.112+0000] {logging_mixin.py:137} INFO - [2022-12-30T00:01:10.111+0000] {dag.py:2676} INFO - Sync 1 DAGs
[2022-12-30T00:01:10.132+0000] {logging_mixin.py:137} INFO - [2022-12-30T00:01:10.132+0000] {dag.py:3427} INFO - Setting next_dagrun for example_skip_dag to 2022-12-29T00:01:10.132497+00:00, run_after=2022-12-30T00:01:10.132497+00:00
[2022-12-30T00:01:10.146+0000] {processor.py:175} INFO - Processing /home/airflow/.local/lib/python3.7/site-packages/airflow/example_dags/example_skip_dag.py took 0.082 seconds
[2022-12-30T00:01:40.497+0000] {processor.py:153} INFO - Started process (PID=34822) to work on /home/airflow/.local/lib/python3.7/site-packages/airflow/example_dags/example_skip_dag.py
[2022-12-30T00:01:40.498+0000] {processor.py:743} INFO - Processing file /home/airflow/.local/lib/python3.7/site-packages/airflow/example_dags/example_skip_dag.py for tasks to queue
[2022-12-30T00:01:40.498+0000] {logging_mixin.py:137} INFO - [2022-12-30T00:01:40.498+0000] {dagbag.py:538} INFO - Filling up the DagBag from /home/airflow/.local/lib/python3.7/site-packages/airflow/example_dags/example_skip_dag.py
[2022-12-30T00:01:40.508+0000] {processor.py:753} INFO - DAG(s) dict_keys(['example_skip_dag']) retrieved from /home/airflow/.local/lib/python3.7/site-packages/airflow/example_dags/example_skip_dag.py
[2022-12-30T00:01:40.533+0000] {logging_mixin.py:137} INFO - [2022-12-30T00:01:40.533+0000] {dag.py:2676} INFO - Sync 1 DAGs
[2022-12-30T00:01:40.551+0000] {logging_mixin.py:137} INFO - [2022-12-30T00:01:40.551+0000] {dag.py:3427} INFO - Setting next_dagrun for example_skip_dag to 2022-12-29T00:01:40.551478+00:00, run_after=2022-12-30T00:01:40.551478+00:00
[2022-12-30T00:01:40.564+0000] {processor.py:175} INFO - Processing /home/airflow/.local/lib/python3.7/site-packages/airflow/example_dags/example_skip_dag.py took 0.070 seconds
[2022-12-30T00:02:11.126+0000] {processor.py:153} INFO - Started process (PID=34924) to work on /home/airflow/.local/lib/python3.7/site-packages/airflow/example_dags/example_skip_dag.py
[2022-12-30T00:02:11.127+0000] {processor.py:743} INFO - Processing file /home/airflow/.local/lib/python3.7/site-packages/airflow/example_dags/example_skip_dag.py for tasks to queue
[2022-12-30T00:02:11.127+0000] {logging_mixin.py:137} INFO - [2022-12-30T00:02:11.127+0000] {dagbag.py:538} INFO - Filling up the DagBag from /home/airflow/.local/lib/python3.7/site-packages/airflow/example_dags/example_skip_dag.py
[2022-12-30T00:02:11.139+0000] {processor.py:753} INFO - DAG(s) dict_keys(['example_skip_dag']) retrieved from /home/airflow/.local/lib/python3.7/site-packages/airflow/example_dags/example_skip_dag.py
[2022-12-30T00:02:11.169+0000] {logging_mixin.py:137} INFO - [2022-12-30T00:02:11.169+0000] {dag.py:2676} INFO - Sync 1 DAGs
[2022-12-30T00:02:11.192+0000] {logging_mixin.py:137} INFO - [2022-12-30T00:02:11.191+0000] {dag.py:3427} INFO - Setting next_dagrun for example_skip_dag to 2022-12-29T00:02:11.191786+00:00, run_after=2022-12-30T00:02:11.191786+00:00
[2022-12-30T00:02:11.204+0000] {processor.py:175} INFO - Processing /home/airflow/.local/lib/python3.7/site-packages/airflow/example_dags/example_skip_dag.py took 0.080 seconds
[2022-12-30T00:02:41.535+0000] {processor.py:153} INFO - Started process (PID=35005) to work on /home/airflow/.local/lib/python3.7/site-packages/airflow/example_dags/example_skip_dag.py
[2022-12-30T00:02:41.536+0000] {processor.py:743} INFO - Processing file /home/airflow/.local/lib/python3.7/site-packages/airflow/example_dags/example_skip_dag.py for tasks to queue
[2022-12-30T00:02:41.536+0000] {logging_mixin.py:137} INFO - [2022-12-30T00:02:41.536+0000] {dagbag.py:538} INFO - Filling up the DagBag from /home/airflow/.local/lib/python3.7/site-packages/airflow/example_dags/example_skip_dag.py
[2022-12-30T00:02:41.547+0000] {processor.py:753} INFO - DAG(s) dict_keys(['example_skip_dag']) retrieved from /home/airflow/.local/lib/python3.7/site-packages/airflow/example_dags/example_skip_dag.py
[2022-12-30T00:02:41.577+0000] {logging_mixin.py:137} INFO - [2022-12-30T00:02:41.577+0000] {dag.py:2676} INFO - Sync 1 DAGs
[2022-12-30T00:02:41.594+0000] {logging_mixin.py:137} INFO - [2022-12-30T00:02:41.594+0000] {dag.py:3427} INFO - Setting next_dagrun for example_skip_dag to 2022-12-29T00:02:41.594560+00:00, run_after=2022-12-30T00:02:41.594560+00:00
[2022-12-30T00:02:41.606+0000] {processor.py:175} INFO - Processing /home/airflow/.local/lib/python3.7/site-packages/airflow/example_dags/example_skip_dag.py took 0.074 seconds
[2022-12-30T00:03:12.038+0000] {processor.py:153} INFO - Started process (PID=35108) to work on /home/airflow/.local/lib/python3.7/site-packages/airflow/example_dags/example_skip_dag.py
[2022-12-30T00:03:12.039+0000] {processor.py:743} INFO - Processing file /home/airflow/.local/lib/python3.7/site-packages/airflow/example_dags/example_skip_dag.py for tasks to queue
[2022-12-30T00:03:12.039+0000] {logging_mixin.py:137} INFO - [2022-12-30T00:03:12.039+0000] {dagbag.py:538} INFO - Filling up the DagBag from /home/airflow/.local/lib/python3.7/site-packages/airflow/example_dags/example_skip_dag.py
[2022-12-30T00:03:12.049+0000] {processor.py:753} INFO - DAG(s) dict_keys(['example_skip_dag']) retrieved from /home/airflow/.local/lib/python3.7/site-packages/airflow/example_dags/example_skip_dag.py
[2022-12-30T00:03:12.073+0000] {logging_mixin.py:137} INFO - [2022-12-30T00:03:12.073+0000] {dag.py:2676} INFO - Sync 1 DAGs
[2022-12-30T00:03:12.093+0000] {logging_mixin.py:137} INFO - [2022-12-30T00:03:12.093+0000] {dag.py:3427} INFO - Setting next_dagrun for example_skip_dag to 2022-12-29T00:03:12.093159+00:00, run_after=2022-12-30T00:03:12.093159+00:00
[2022-12-30T00:03:12.104+0000] {processor.py:175} INFO - Processing /home/airflow/.local/lib/python3.7/site-packages/airflow/example_dags/example_skip_dag.py took 0.069 seconds
[2022-12-30T00:03:42.648+0000] {processor.py:153} INFO - Started process (PID=35190) to work on /home/airflow/.local/lib/python3.7/site-packages/airflow/example_dags/example_skip_dag.py
[2022-12-30T00:03:42.648+0000] {processor.py:743} INFO - Processing file /home/airflow/.local/lib/python3.7/site-packages/airflow/example_dags/example_skip_dag.py for tasks to queue
[2022-12-30T00:03:42.649+0000] {logging_mixin.py:137} INFO - [2022-12-30T00:03:42.649+0000] {dagbag.py:538} INFO - Filling up the DagBag from /home/airflow/.local/lib/python3.7/site-packages/airflow/example_dags/example_skip_dag.py
[2022-12-30T00:03:42.659+0000] {processor.py:753} INFO - DAG(s) dict_keys(['example_skip_dag']) retrieved from /home/airflow/.local/lib/python3.7/site-packages/airflow/example_dags/example_skip_dag.py
[2022-12-30T00:03:42.684+0000] {logging_mixin.py:137} INFO - [2022-12-30T00:03:42.684+0000] {dag.py:2676} INFO - Sync 1 DAGs
[2022-12-30T00:03:42.702+0000] {logging_mixin.py:137} INFO - [2022-12-30T00:03:42.702+0000] {dag.py:3427} INFO - Setting next_dagrun for example_skip_dag to 2022-12-29T00:03:42.702620+00:00, run_after=2022-12-30T00:03:42.702620+00:00
[2022-12-30T00:03:42.714+0000] {processor.py:175} INFO - Processing /home/airflow/.local/lib/python3.7/site-packages/airflow/example_dags/example_skip_dag.py took 0.068 seconds
[2022-12-30T00:04:13.488+0000] {processor.py:153} INFO - Started process (PID=35292) to work on /home/airflow/.local/lib/python3.7/site-packages/airflow/example_dags/example_skip_dag.py
[2022-12-30T00:04:13.489+0000] {processor.py:743} INFO - Processing file /home/airflow/.local/lib/python3.7/site-packages/airflow/example_dags/example_skip_dag.py for tasks to queue
[2022-12-30T00:04:13.490+0000] {logging_mixin.py:137} INFO - [2022-12-30T00:04:13.490+0000] {dagbag.py:538} INFO - Filling up the DagBag from /home/airflow/.local/lib/python3.7/site-packages/airflow/example_dags/example_skip_dag.py
[2022-12-30T00:04:13.500+0000] {processor.py:753} INFO - DAG(s) dict_keys(['example_skip_dag']) retrieved from /home/airflow/.local/lib/python3.7/site-packages/airflow/example_dags/example_skip_dag.py
[2022-12-30T00:04:13.528+0000] {logging_mixin.py:137} INFO - [2022-12-30T00:04:13.528+0000] {dag.py:2676} INFO - Sync 1 DAGs
[2022-12-30T00:04:13.551+0000] {logging_mixin.py:137} INFO - [2022-12-30T00:04:13.551+0000] {dag.py:3427} INFO - Setting next_dagrun for example_skip_dag to 2022-12-29T00:04:13.551531+00:00, run_after=2022-12-30T00:04:13.551531+00:00
[2022-12-30T00:04:13.568+0000] {processor.py:175} INFO - Processing /home/airflow/.local/lib/python3.7/site-packages/airflow/example_dags/example_skip_dag.py took 0.082 seconds
[2022-12-30T00:04:44.096+0000] {processor.py:153} INFO - Started process (PID=35394) to work on /home/airflow/.local/lib/python3.7/site-packages/airflow/example_dags/example_skip_dag.py
[2022-12-30T00:04:44.097+0000] {processor.py:743} INFO - Processing file /home/airflow/.local/lib/python3.7/site-packages/airflow/example_dags/example_skip_dag.py for tasks to queue
[2022-12-30T00:04:44.097+0000] {logging_mixin.py:137} INFO - [2022-12-30T00:04:44.097+0000] {dagbag.py:538} INFO - Filling up the DagBag from /home/airflow/.local/lib/python3.7/site-packages/airflow/example_dags/example_skip_dag.py
[2022-12-30T00:04:44.110+0000] {processor.py:753} INFO - DAG(s) dict_keys(['example_skip_dag']) retrieved from /home/airflow/.local/lib/python3.7/site-packages/airflow/example_dags/example_skip_dag.py
[2022-12-30T00:04:44.141+0000] {logging_mixin.py:137} INFO - [2022-12-30T00:04:44.140+0000] {dag.py:2676} INFO - Sync 1 DAGs
[2022-12-30T00:04:44.167+0000] {logging_mixin.py:137} INFO - [2022-12-30T00:04:44.166+0000] {dag.py:3427} INFO - Setting next_dagrun for example_skip_dag to 2022-12-29T00:04:44.166673+00:00, run_after=2022-12-30T00:04:44.166673+00:00
[2022-12-30T00:04:44.180+0000] {processor.py:175} INFO - Processing /home/airflow/.local/lib/python3.7/site-packages/airflow/example_dags/example_skip_dag.py took 0.087 seconds
[2022-12-30T00:05:14.632+0000] {processor.py:153} INFO - Started process (PID=35476) to work on /home/airflow/.local/lib/python3.7/site-packages/airflow/example_dags/example_skip_dag.py
[2022-12-30T00:05:14.633+0000] {processor.py:743} INFO - Processing file /home/airflow/.local/lib/python3.7/site-packages/airflow/example_dags/example_skip_dag.py for tasks to queue
[2022-12-30T00:05:14.633+0000] {logging_mixin.py:137} INFO - [2022-12-30T00:05:14.633+0000] {dagbag.py:538} INFO - Filling up the DagBag from /home/airflow/.local/lib/python3.7/site-packages/airflow/example_dags/example_skip_dag.py
[2022-12-30T00:05:14.643+0000] {processor.py:753} INFO - DAG(s) dict_keys(['example_skip_dag']) retrieved from /home/airflow/.local/lib/python3.7/site-packages/airflow/example_dags/example_skip_dag.py
[2022-12-30T00:05:14.669+0000] {logging_mixin.py:137} INFO - [2022-12-30T00:05:14.668+0000] {dag.py:2676} INFO - Sync 1 DAGs
[2022-12-30T00:05:14.688+0000] {logging_mixin.py:137} INFO - [2022-12-30T00:05:14.688+0000] {dag.py:3427} INFO - Setting next_dagrun for example_skip_dag to 2022-12-29T00:05:14.688065+00:00, run_after=2022-12-30T00:05:14.688065+00:00
[2022-12-30T00:05:14.699+0000] {processor.py:175} INFO - Processing /home/airflow/.local/lib/python3.7/site-packages/airflow/example_dags/example_skip_dag.py took 0.071 seconds
[2022-12-30T00:05:44.948+0000] {processor.py:153} INFO - Started process (PID=35578) to work on /home/airflow/.local/lib/python3.7/site-packages/airflow/example_dags/example_skip_dag.py
[2022-12-30T00:05:44.949+0000] {processor.py:743} INFO - Processing file /home/airflow/.local/lib/python3.7/site-packages/airflow/example_dags/example_skip_dag.py for tasks to queue
[2022-12-30T00:05:44.949+0000] {logging_mixin.py:137} INFO - [2022-12-30T00:05:44.949+0000] {dagbag.py:538} INFO - Filling up the DagBag from /home/airflow/.local/lib/python3.7/site-packages/airflow/example_dags/example_skip_dag.py
[2022-12-30T00:05:44.958+0000] {processor.py:753} INFO - DAG(s) dict_keys(['example_skip_dag']) retrieved from /home/airflow/.local/lib/python3.7/site-packages/airflow/example_dags/example_skip_dag.py
[2022-12-30T00:05:44.986+0000] {logging_mixin.py:137} INFO - [2022-12-30T00:05:44.986+0000] {dag.py:2676} INFO - Sync 1 DAGs
[2022-12-30T00:05:45.006+0000] {logging_mixin.py:137} INFO - [2022-12-30T00:05:45.005+0000] {dag.py:3427} INFO - Setting next_dagrun for example_skip_dag to 2022-12-29T00:05:45.005829+00:00, run_after=2022-12-30T00:05:45.005829+00:00
[2022-12-30T00:05:45.018+0000] {processor.py:175} INFO - Processing /home/airflow/.local/lib/python3.7/site-packages/airflow/example_dags/example_skip_dag.py took 0.073 seconds
[2022-12-30T00:06:15.423+0000] {processor.py:153} INFO - Started process (PID=35660) to work on /home/airflow/.local/lib/python3.7/site-packages/airflow/example_dags/example_skip_dag.py
[2022-12-30T00:06:15.423+0000] {processor.py:743} INFO - Processing file /home/airflow/.local/lib/python3.7/site-packages/airflow/example_dags/example_skip_dag.py for tasks to queue
[2022-12-30T00:06:15.424+0000] {logging_mixin.py:137} INFO - [2022-12-30T00:06:15.424+0000] {dagbag.py:538} INFO - Filling up the DagBag from /home/airflow/.local/lib/python3.7/site-packages/airflow/example_dags/example_skip_dag.py
[2022-12-30T00:06:15.435+0000] {processor.py:753} INFO - DAG(s) dict_keys(['example_skip_dag']) retrieved from /home/airflow/.local/lib/python3.7/site-packages/airflow/example_dags/example_skip_dag.py
[2022-12-30T00:06:15.464+0000] {logging_mixin.py:137} INFO - [2022-12-30T00:06:15.464+0000] {dag.py:2676} INFO - Sync 1 DAGs
[2022-12-30T00:06:15.482+0000] {logging_mixin.py:137} INFO - [2022-12-30T00:06:15.482+0000] {dag.py:3427} INFO - Setting next_dagrun for example_skip_dag to 2022-12-29T00:06:15.482667+00:00, run_after=2022-12-30T00:06:15.482667+00:00
[2022-12-30T00:06:15.494+0000] {processor.py:175} INFO - Processing /home/airflow/.local/lib/python3.7/site-packages/airflow/example_dags/example_skip_dag.py took 0.075 seconds
[2022-12-30T00:06:46.721+0000] {processor.py:153} INFO - Started process (PID=35762) to work on /home/airflow/.local/lib/python3.7/site-packages/airflow/example_dags/example_skip_dag.py
[2022-12-30T00:06:46.721+0000] {processor.py:743} INFO - Processing file /home/airflow/.local/lib/python3.7/site-packages/airflow/example_dags/example_skip_dag.py for tasks to queue
[2022-12-30T00:06:46.722+0000] {logging_mixin.py:137} INFO - [2022-12-30T00:06:46.721+0000] {dagbag.py:538} INFO - Filling up the DagBag from /home/airflow/.local/lib/python3.7/site-packages/airflow/example_dags/example_skip_dag.py
[2022-12-30T00:06:46.731+0000] {processor.py:753} INFO - DAG(s) dict_keys(['example_skip_dag']) retrieved from /home/airflow/.local/lib/python3.7/site-packages/airflow/example_dags/example_skip_dag.py
[2022-12-30T00:06:46.758+0000] {logging_mixin.py:137} INFO - [2022-12-30T00:06:46.758+0000] {dag.py:2676} INFO - Sync 1 DAGs
[2022-12-30T00:06:46.776+0000] {logging_mixin.py:137} INFO - [2022-12-30T00:06:46.776+0000] {dag.py:3427} INFO - Setting next_dagrun for example_skip_dag to 2022-12-29T00:06:46.776176+00:00, run_after=2022-12-30T00:06:46.776176+00:00
[2022-12-30T00:06:46.790+0000] {processor.py:175} INFO - Processing /home/airflow/.local/lib/python3.7/site-packages/airflow/example_dags/example_skip_dag.py took 0.072 seconds
[2022-12-30T00:07:18.717+0000] {processor.py:153} INFO - Started process (PID=35864) to work on /home/airflow/.local/lib/python3.7/site-packages/airflow/example_dags/example_skip_dag.py
[2022-12-30T00:07:18.718+0000] {processor.py:743} INFO - Processing file /home/airflow/.local/lib/python3.7/site-packages/airflow/example_dags/example_skip_dag.py for tasks to queue
[2022-12-30T00:07:18.719+0000] {logging_mixin.py:137} INFO - [2022-12-30T00:07:18.718+0000] {dagbag.py:538} INFO - Filling up the DagBag from /home/airflow/.local/lib/python3.7/site-packages/airflow/example_dags/example_skip_dag.py
[2022-12-30T00:07:18.730+0000] {processor.py:753} INFO - DAG(s) dict_keys(['example_skip_dag']) retrieved from /home/airflow/.local/lib/python3.7/site-packages/airflow/example_dags/example_skip_dag.py
[2022-12-30T00:07:18.757+0000] {logging_mixin.py:137} INFO - [2022-12-30T00:07:18.756+0000] {dag.py:2676} INFO - Sync 1 DAGs
[2022-12-30T00:07:18.779+0000] {logging_mixin.py:137} INFO - [2022-12-30T00:07:18.779+0000] {dag.py:3427} INFO - Setting next_dagrun for example_skip_dag to 2022-12-29T00:07:18.779164+00:00, run_after=2022-12-30T00:07:18.779164+00:00
[2022-12-30T00:07:18.792+0000] {processor.py:175} INFO - Processing /home/airflow/.local/lib/python3.7/site-packages/airflow/example_dags/example_skip_dag.py took 0.078 seconds
[2022-12-30T00:07:49.463+0000] {processor.py:153} INFO - Started process (PID=35946) to work on /home/airflow/.local/lib/python3.7/site-packages/airflow/example_dags/example_skip_dag.py
[2022-12-30T00:07:49.464+0000] {processor.py:743} INFO - Processing file /home/airflow/.local/lib/python3.7/site-packages/airflow/example_dags/example_skip_dag.py for tasks to queue
[2022-12-30T00:07:49.464+0000] {logging_mixin.py:137} INFO - [2022-12-30T00:07:49.464+0000] {dagbag.py:538} INFO - Filling up the DagBag from /home/airflow/.local/lib/python3.7/site-packages/airflow/example_dags/example_skip_dag.py
[2022-12-30T00:07:49.476+0000] {processor.py:753} INFO - DAG(s) dict_keys(['example_skip_dag']) retrieved from /home/airflow/.local/lib/python3.7/site-packages/airflow/example_dags/example_skip_dag.py
[2022-12-30T00:07:49.506+0000] {logging_mixin.py:137} INFO - [2022-12-30T00:07:49.506+0000] {dag.py:2676} INFO - Sync 1 DAGs
[2022-12-30T00:07:49.525+0000] {logging_mixin.py:137} INFO - [2022-12-30T00:07:49.525+0000] {dag.py:3427} INFO - Setting next_dagrun for example_skip_dag to 2022-12-29T00:07:49.525320+00:00, run_after=2022-12-30T00:07:49.525320+00:00
[2022-12-30T00:07:49.537+0000] {processor.py:175} INFO - Processing /home/airflow/.local/lib/python3.7/site-packages/airflow/example_dags/example_skip_dag.py took 0.076 seconds
[2022-12-30T00:08:20.123+0000] {processor.py:153} INFO - Started process (PID=36048) to work on /home/airflow/.local/lib/python3.7/site-packages/airflow/example_dags/example_skip_dag.py
[2022-12-30T00:08:20.124+0000] {processor.py:743} INFO - Processing file /home/airflow/.local/lib/python3.7/site-packages/airflow/example_dags/example_skip_dag.py for tasks to queue
[2022-12-30T00:08:20.124+0000] {logging_mixin.py:137} INFO - [2022-12-30T00:08:20.124+0000] {dagbag.py:538} INFO - Filling up the DagBag from /home/airflow/.local/lib/python3.7/site-packages/airflow/example_dags/example_skip_dag.py
[2022-12-30T00:08:20.136+0000] {processor.py:753} INFO - DAG(s) dict_keys(['example_skip_dag']) retrieved from /home/airflow/.local/lib/python3.7/site-packages/airflow/example_dags/example_skip_dag.py
[2022-12-30T00:08:20.162+0000] {logging_mixin.py:137} INFO - [2022-12-30T00:08:20.162+0000] {dag.py:2676} INFO - Sync 1 DAGs
[2022-12-30T00:08:20.180+0000] {logging_mixin.py:137} INFO - [2022-12-30T00:08:20.180+0000] {dag.py:3427} INFO - Setting next_dagrun for example_skip_dag to 2022-12-29T00:08:20.179806+00:00, run_after=2022-12-30T00:08:20.179806+00:00
[2022-12-30T00:08:20.191+0000] {processor.py:175} INFO - Processing /home/airflow/.local/lib/python3.7/site-packages/airflow/example_dags/example_skip_dag.py took 0.070 seconds
[2022-12-30T00:08:50.550+0000] {processor.py:153} INFO - Started process (PID=36130) to work on /home/airflow/.local/lib/python3.7/site-packages/airflow/example_dags/example_skip_dag.py
[2022-12-30T00:08:50.551+0000] {processor.py:743} INFO - Processing file /home/airflow/.local/lib/python3.7/site-packages/airflow/example_dags/example_skip_dag.py for tasks to queue
[2022-12-30T00:08:50.551+0000] {logging_mixin.py:137} INFO - [2022-12-30T00:08:50.551+0000] {dagbag.py:538} INFO - Filling up the DagBag from /home/airflow/.local/lib/python3.7/site-packages/airflow/example_dags/example_skip_dag.py
[2022-12-30T00:08:50.563+0000] {processor.py:753} INFO - DAG(s) dict_keys(['example_skip_dag']) retrieved from /home/airflow/.local/lib/python3.7/site-packages/airflow/example_dags/example_skip_dag.py
[2022-12-30T00:08:50.595+0000] {logging_mixin.py:137} INFO - [2022-12-30T00:08:50.595+0000] {dag.py:2676} INFO - Sync 1 DAGs
[2022-12-30T00:08:50.620+0000] {logging_mixin.py:137} INFO - [2022-12-30T00:08:50.620+0000] {dag.py:3427} INFO - Setting next_dagrun for example_skip_dag to 2022-12-29T00:08:50.620033+00:00, run_after=2022-12-30T00:08:50.620033+00:00
[2022-12-30T00:08:50.637+0000] {processor.py:175} INFO - Processing /home/airflow/.local/lib/python3.7/site-packages/airflow/example_dags/example_skip_dag.py took 0.089 seconds
[2022-12-30T00:09:21.134+0000] {processor.py:153} INFO - Started process (PID=36232) to work on /home/airflow/.local/lib/python3.7/site-packages/airflow/example_dags/example_skip_dag.py
[2022-12-30T00:09:21.135+0000] {processor.py:743} INFO - Processing file /home/airflow/.local/lib/python3.7/site-packages/airflow/example_dags/example_skip_dag.py for tasks to queue
[2022-12-30T00:09:21.135+0000] {logging_mixin.py:137} INFO - [2022-12-30T00:09:21.135+0000] {dagbag.py:538} INFO - Filling up the DagBag from /home/airflow/.local/lib/python3.7/site-packages/airflow/example_dags/example_skip_dag.py
[2022-12-30T00:09:21.146+0000] {processor.py:753} INFO - DAG(s) dict_keys(['example_skip_dag']) retrieved from /home/airflow/.local/lib/python3.7/site-packages/airflow/example_dags/example_skip_dag.py
[2022-12-30T00:09:21.173+0000] {logging_mixin.py:137} INFO - [2022-12-30T00:09:21.173+0000] {dag.py:2676} INFO - Sync 1 DAGs
[2022-12-30T00:09:21.191+0000] {logging_mixin.py:137} INFO - [2022-12-30T00:09:21.191+0000] {dag.py:3427} INFO - Setting next_dagrun for example_skip_dag to 2022-12-29T00:09:21.191518+00:00, run_after=2022-12-30T00:09:21.191518+00:00
[2022-12-30T00:09:21.204+0000] {processor.py:175} INFO - Processing /home/airflow/.local/lib/python3.7/site-packages/airflow/example_dags/example_skip_dag.py took 0.073 seconds
[2022-12-30T00:09:51.901+0000] {processor.py:153} INFO - Started process (PID=36334) to work on /home/airflow/.local/lib/python3.7/site-packages/airflow/example_dags/example_skip_dag.py
[2022-12-30T00:09:51.902+0000] {processor.py:743} INFO - Processing file /home/airflow/.local/lib/python3.7/site-packages/airflow/example_dags/example_skip_dag.py for tasks to queue
[2022-12-30T00:09:51.903+0000] {logging_mixin.py:137} INFO - [2022-12-30T00:09:51.903+0000] {dagbag.py:538} INFO - Filling up the DagBag from /home/airflow/.local/lib/python3.7/site-packages/airflow/example_dags/example_skip_dag.py
[2022-12-30T00:09:51.915+0000] {processor.py:753} INFO - DAG(s) dict_keys(['example_skip_dag']) retrieved from /home/airflow/.local/lib/python3.7/site-packages/airflow/example_dags/example_skip_dag.py
[2022-12-30T00:09:51.944+0000] {logging_mixin.py:137} INFO - [2022-12-30T00:09:51.944+0000] {dag.py:2676} INFO - Sync 1 DAGs
[2022-12-30T00:09:51.971+0000] {logging_mixin.py:137} INFO - [2022-12-30T00:09:51.971+0000] {dag.py:3427} INFO - Setting next_dagrun for example_skip_dag to 2022-12-29T00:09:51.971476+00:00, run_after=2022-12-30T00:09:51.971476+00:00
[2022-12-30T00:09:51.986+0000] {processor.py:175} INFO - Processing /home/airflow/.local/lib/python3.7/site-packages/airflow/example_dags/example_skip_dag.py took 0.088 seconds
[2022-12-30T00:10:22.479+0000] {processor.py:153} INFO - Started process (PID=36416) to work on /home/airflow/.local/lib/python3.7/site-packages/airflow/example_dags/example_skip_dag.py
[2022-12-30T00:10:22.480+0000] {processor.py:743} INFO - Processing file /home/airflow/.local/lib/python3.7/site-packages/airflow/example_dags/example_skip_dag.py for tasks to queue
[2022-12-30T00:10:22.481+0000] {logging_mixin.py:137} INFO - [2022-12-30T00:10:22.481+0000] {dagbag.py:538} INFO - Filling up the DagBag from /home/airflow/.local/lib/python3.7/site-packages/airflow/example_dags/example_skip_dag.py
[2022-12-30T00:10:22.490+0000] {processor.py:753} INFO - DAG(s) dict_keys(['example_skip_dag']) retrieved from /home/airflow/.local/lib/python3.7/site-packages/airflow/example_dags/example_skip_dag.py
[2022-12-30T00:10:22.515+0000] {logging_mixin.py:137} INFO - [2022-12-30T00:10:22.515+0000] {dag.py:2676} INFO - Sync 1 DAGs
[2022-12-30T00:10:22.534+0000] {logging_mixin.py:137} INFO - [2022-12-30T00:10:22.534+0000] {dag.py:3427} INFO - Setting next_dagrun for example_skip_dag to 2022-12-29T00:10:22.534108+00:00, run_after=2022-12-30T00:10:22.534108+00:00
[2022-12-30T00:10:22.545+0000] {processor.py:175} INFO - Processing /home/airflow/.local/lib/python3.7/site-packages/airflow/example_dags/example_skip_dag.py took 0.069 seconds
[2022-12-30T00:10:53.022+0000] {processor.py:153} INFO - Started process (PID=36518) to work on /home/airflow/.local/lib/python3.7/site-packages/airflow/example_dags/example_skip_dag.py
[2022-12-30T00:10:53.023+0000] {processor.py:743} INFO - Processing file /home/airflow/.local/lib/python3.7/site-packages/airflow/example_dags/example_skip_dag.py for tasks to queue
[2022-12-30T00:10:53.024+0000] {logging_mixin.py:137} INFO - [2022-12-30T00:10:53.024+0000] {dagbag.py:538} INFO - Filling up the DagBag from /home/airflow/.local/lib/python3.7/site-packages/airflow/example_dags/example_skip_dag.py
[2022-12-30T00:10:53.034+0000] {processor.py:753} INFO - DAG(s) dict_keys(['example_skip_dag']) retrieved from /home/airflow/.local/lib/python3.7/site-packages/airflow/example_dags/example_skip_dag.py
[2022-12-30T00:10:53.062+0000] {logging_mixin.py:137} INFO - [2022-12-30T00:10:53.062+0000] {dag.py:2676} INFO - Sync 1 DAGs
[2022-12-30T00:10:53.083+0000] {logging_mixin.py:137} INFO - [2022-12-30T00:10:53.083+0000] {dag.py:3427} INFO - Setting next_dagrun for example_skip_dag to 2022-12-29T00:10:53.083687+00:00, run_after=2022-12-30T00:10:53.083687+00:00
[2022-12-30T00:10:53.094+0000] {processor.py:175} INFO - Processing /home/airflow/.local/lib/python3.7/site-packages/airflow/example_dags/example_skip_dag.py took 0.074 seconds
[2022-12-30T00:11:23.461+0000] {processor.py:153} INFO - Started process (PID=36600) to work on /home/airflow/.local/lib/python3.7/site-packages/airflow/example_dags/example_skip_dag.py
[2022-12-30T00:11:23.461+0000] {processor.py:743} INFO - Processing file /home/airflow/.local/lib/python3.7/site-packages/airflow/example_dags/example_skip_dag.py for tasks to queue
[2022-12-30T00:11:23.462+0000] {logging_mixin.py:137} INFO - [2022-12-30T00:11:23.462+0000] {dagbag.py:538} INFO - Filling up the DagBag from /home/airflow/.local/lib/python3.7/site-packages/airflow/example_dags/example_skip_dag.py
[2022-12-30T00:11:23.475+0000] {processor.py:753} INFO - DAG(s) dict_keys(['example_skip_dag']) retrieved from /home/airflow/.local/lib/python3.7/site-packages/airflow/example_dags/example_skip_dag.py
[2022-12-30T00:11:23.500+0000] {logging_mixin.py:137} INFO - [2022-12-30T00:11:23.500+0000] {dag.py:2676} INFO - Sync 1 DAGs
[2022-12-30T00:11:23.518+0000] {logging_mixin.py:137} INFO - [2022-12-30T00:11:23.517+0000] {dag.py:3427} INFO - Setting next_dagrun for example_skip_dag to 2022-12-29T00:11:23.517831+00:00, run_after=2022-12-30T00:11:23.517831+00:00
[2022-12-30T00:11:23.531+0000] {processor.py:175} INFO - Processing /home/airflow/.local/lib/python3.7/site-packages/airflow/example_dags/example_skip_dag.py took 0.074 seconds
[2022-12-30T00:11:53.889+0000] {processor.py:153} INFO - Started process (PID=36702) to work on /home/airflow/.local/lib/python3.7/site-packages/airflow/example_dags/example_skip_dag.py
[2022-12-30T00:11:53.889+0000] {processor.py:743} INFO - Processing file /home/airflow/.local/lib/python3.7/site-packages/airflow/example_dags/example_skip_dag.py for tasks to queue
[2022-12-30T00:11:53.890+0000] {logging_mixin.py:137} INFO - [2022-12-30T00:11:53.890+0000] {dagbag.py:538} INFO - Filling up the DagBag from /home/airflow/.local/lib/python3.7/site-packages/airflow/example_dags/example_skip_dag.py
[2022-12-30T00:11:53.899+0000] {processor.py:753} INFO - DAG(s) dict_keys(['example_skip_dag']) retrieved from /home/airflow/.local/lib/python3.7/site-packages/airflow/example_dags/example_skip_dag.py
[2022-12-30T00:11:53.927+0000] {logging_mixin.py:137} INFO - [2022-12-30T00:11:53.927+0000] {dag.py:2676} INFO - Sync 1 DAGs
[2022-12-30T00:11:53.945+0000] {logging_mixin.py:137} INFO - [2022-12-30T00:11:53.945+0000] {dag.py:3427} INFO - Setting next_dagrun for example_skip_dag to 2022-12-29T00:11:53.945444+00:00, run_after=2022-12-30T00:11:53.945444+00:00
[2022-12-30T00:11:53.956+0000] {processor.py:175} INFO - Processing /home/airflow/.local/lib/python3.7/site-packages/airflow/example_dags/example_skip_dag.py took 0.070 seconds
[2022-12-30T00:12:24.247+0000] {processor.py:153} INFO - Started process (PID=36793) to work on /home/airflow/.local/lib/python3.7/site-packages/airflow/example_dags/example_skip_dag.py
[2022-12-30T00:12:24.248+0000] {processor.py:743} INFO - Processing file /home/airflow/.local/lib/python3.7/site-packages/airflow/example_dags/example_skip_dag.py for tasks to queue
[2022-12-30T00:12:24.248+0000] {logging_mixin.py:137} INFO - [2022-12-30T00:12:24.248+0000] {dagbag.py:538} INFO - Filling up the DagBag from /home/airflow/.local/lib/python3.7/site-packages/airflow/example_dags/example_skip_dag.py
[2022-12-30T00:12:24.258+0000] {processor.py:753} INFO - DAG(s) dict_keys(['example_skip_dag']) retrieved from /home/airflow/.local/lib/python3.7/site-packages/airflow/example_dags/example_skip_dag.py
[2022-12-30T00:12:24.289+0000] {logging_mixin.py:137} INFO - [2022-12-30T00:12:24.289+0000] {dag.py:2676} INFO - Sync 1 DAGs
[2022-12-30T00:12:24.308+0000] {logging_mixin.py:137} INFO - [2022-12-30T00:12:24.308+0000] {dag.py:3427} INFO - Setting next_dagrun for example_skip_dag to 2022-12-29T00:12:24.308606+00:00, run_after=2022-12-30T00:12:24.308606+00:00
[2022-12-30T00:12:24.321+0000] {processor.py:175} INFO - Processing /home/airflow/.local/lib/python3.7/site-packages/airflow/example_dags/example_skip_dag.py took 0.077 seconds
[2022-12-30T00:12:54.831+0000] {processor.py:153} INFO - Started process (PID=36886) to work on /home/airflow/.local/lib/python3.7/site-packages/airflow/example_dags/example_skip_dag.py
[2022-12-30T00:12:54.832+0000] {processor.py:743} INFO - Processing file /home/airflow/.local/lib/python3.7/site-packages/airflow/example_dags/example_skip_dag.py for tasks to queue
[2022-12-30T00:12:54.833+0000] {logging_mixin.py:137} INFO - [2022-12-30T00:12:54.833+0000] {dagbag.py:538} INFO - Filling up the DagBag from /home/airflow/.local/lib/python3.7/site-packages/airflow/example_dags/example_skip_dag.py
[2022-12-30T00:12:54.842+0000] {processor.py:753} INFO - DAG(s) dict_keys(['example_skip_dag']) retrieved from /home/airflow/.local/lib/python3.7/site-packages/airflow/example_dags/example_skip_dag.py
[2022-12-30T00:12:54.868+0000] {logging_mixin.py:137} INFO - [2022-12-30T00:12:54.868+0000] {dag.py:2676} INFO - Sync 1 DAGs
[2022-12-30T00:12:54.886+0000] {logging_mixin.py:137} INFO - [2022-12-30T00:12:54.886+0000] {dag.py:3427} INFO - Setting next_dagrun for example_skip_dag to 2022-12-29T00:12:54.886179+00:00, run_after=2022-12-30T00:12:54.886179+00:00
[2022-12-30T00:12:54.900+0000] {processor.py:175} INFO - Processing /home/airflow/.local/lib/python3.7/site-packages/airflow/example_dags/example_skip_dag.py took 0.072 seconds
[2022-12-30T00:13:25.222+0000] {processor.py:153} INFO - Started process (PID=36988) to work on /home/airflow/.local/lib/python3.7/site-packages/airflow/example_dags/example_skip_dag.py
[2022-12-30T00:13:25.223+0000] {processor.py:743} INFO - Processing file /home/airflow/.local/lib/python3.7/site-packages/airflow/example_dags/example_skip_dag.py for tasks to queue
[2022-12-30T00:13:25.223+0000] {logging_mixin.py:137} INFO - [2022-12-30T00:13:25.223+0000] {dagbag.py:538} INFO - Filling up the DagBag from /home/airflow/.local/lib/python3.7/site-packages/airflow/example_dags/example_skip_dag.py
[2022-12-30T00:13:25.233+0000] {processor.py:753} INFO - DAG(s) dict_keys(['example_skip_dag']) retrieved from /home/airflow/.local/lib/python3.7/site-packages/airflow/example_dags/example_skip_dag.py
[2022-12-30T00:13:25.264+0000] {logging_mixin.py:137} INFO - [2022-12-30T00:13:25.264+0000] {dag.py:2676} INFO - Sync 1 DAGs
[2022-12-30T00:13:25.285+0000] {logging_mixin.py:137} INFO - [2022-12-30T00:13:25.285+0000] {dag.py:3427} INFO - Setting next_dagrun for example_skip_dag to 2022-12-29T00:13:25.285255+00:00, run_after=2022-12-30T00:13:25.285255+00:00
[2022-12-30T00:13:25.298+0000] {processor.py:175} INFO - Processing /home/airflow/.local/lib/python3.7/site-packages/airflow/example_dags/example_skip_dag.py took 0.078 seconds
[2022-12-30T00:13:55.593+0000] {processor.py:153} INFO - Started process (PID=37070) to work on /home/airflow/.local/lib/python3.7/site-packages/airflow/example_dags/example_skip_dag.py
[2022-12-30T00:13:55.594+0000] {processor.py:743} INFO - Processing file /home/airflow/.local/lib/python3.7/site-packages/airflow/example_dags/example_skip_dag.py for tasks to queue
[2022-12-30T00:13:55.594+0000] {logging_mixin.py:137} INFO - [2022-12-30T00:13:55.594+0000] {dagbag.py:538} INFO - Filling up the DagBag from /home/airflow/.local/lib/python3.7/site-packages/airflow/example_dags/example_skip_dag.py
[2022-12-30T00:13:55.606+0000] {processor.py:753} INFO - DAG(s) dict_keys(['example_skip_dag']) retrieved from /home/airflow/.local/lib/python3.7/site-packages/airflow/example_dags/example_skip_dag.py
[2022-12-30T00:13:55.636+0000] {logging_mixin.py:137} INFO - [2022-12-30T00:13:55.636+0000] {dag.py:2676} INFO - Sync 1 DAGs
[2022-12-30T00:13:55.655+0000] {logging_mixin.py:137} INFO - [2022-12-30T00:13:55.655+0000] {dag.py:3427} INFO - Setting next_dagrun for example_skip_dag to 2022-12-29T00:13:55.655488+00:00, run_after=2022-12-30T00:13:55.655488+00:00
[2022-12-30T00:13:55.671+0000] {processor.py:175} INFO - Processing /home/airflow/.local/lib/python3.7/site-packages/airflow/example_dags/example_skip_dag.py took 0.080 seconds
[2022-12-30T00:14:26.148+0000] {processor.py:153} INFO - Started process (PID=37172) to work on /home/airflow/.local/lib/python3.7/site-packages/airflow/example_dags/example_skip_dag.py
[2022-12-30T00:14:26.148+0000] {processor.py:743} INFO - Processing file /home/airflow/.local/lib/python3.7/site-packages/airflow/example_dags/example_skip_dag.py for tasks to queue
[2022-12-30T00:14:26.149+0000] {logging_mixin.py:137} INFO - [2022-12-30T00:14:26.149+0000] {dagbag.py:538} INFO - Filling up the DagBag from /home/airflow/.local/lib/python3.7/site-packages/airflow/example_dags/example_skip_dag.py
[2022-12-30T00:14:26.159+0000] {processor.py:753} INFO - DAG(s) dict_keys(['example_skip_dag']) retrieved from /home/airflow/.local/lib/python3.7/site-packages/airflow/example_dags/example_skip_dag.py
[2022-12-30T00:14:26.191+0000] {logging_mixin.py:137} INFO - [2022-12-30T00:14:26.191+0000] {dag.py:2676} INFO - Sync 1 DAGs
[2022-12-30T00:14:26.217+0000] {logging_mixin.py:137} INFO - [2022-12-30T00:14:26.216+0000] {dag.py:3427} INFO - Setting next_dagrun for example_skip_dag to 2022-12-29T00:14:26.216632+00:00, run_after=2022-12-30T00:14:26.216632+00:00
[2022-12-30T00:14:26.232+0000] {processor.py:175} INFO - Processing /home/airflow/.local/lib/python3.7/site-packages/airflow/example_dags/example_skip_dag.py took 0.087 seconds
[2022-12-30T00:14:56.590+0000] {processor.py:153} INFO - Started process (PID=37254) to work on /home/airflow/.local/lib/python3.7/site-packages/airflow/example_dags/example_skip_dag.py
[2022-12-30T00:14:56.590+0000] {processor.py:743} INFO - Processing file /home/airflow/.local/lib/python3.7/site-packages/airflow/example_dags/example_skip_dag.py for tasks to queue
[2022-12-30T00:14:56.591+0000] {logging_mixin.py:137} INFO - [2022-12-30T00:14:56.591+0000] {dagbag.py:538} INFO - Filling up the DagBag from /home/airflow/.local/lib/python3.7/site-packages/airflow/example_dags/example_skip_dag.py
[2022-12-30T00:14:56.600+0000] {processor.py:753} INFO - DAG(s) dict_keys(['example_skip_dag']) retrieved from /home/airflow/.local/lib/python3.7/site-packages/airflow/example_dags/example_skip_dag.py
[2022-12-30T00:14:56.631+0000] {logging_mixin.py:137} INFO - [2022-12-30T00:14:56.631+0000] {dag.py:2676} INFO - Sync 1 DAGs
[2022-12-30T00:14:56.649+0000] {logging_mixin.py:137} INFO - [2022-12-30T00:14:56.649+0000] {dag.py:3427} INFO - Setting next_dagrun for example_skip_dag to 2022-12-29T00:14:56.648910+00:00, run_after=2022-12-30T00:14:56.648910+00:00
[2022-12-30T00:14:56.660+0000] {processor.py:175} INFO - Processing /home/airflow/.local/lib/python3.7/site-packages/airflow/example_dags/example_skip_dag.py took 0.073 seconds
[2022-12-30T00:15:27.000+0000] {processor.py:153} INFO - Started process (PID=37356) to work on /home/airflow/.local/lib/python3.7/site-packages/airflow/example_dags/example_skip_dag.py
[2022-12-30T00:15:27.001+0000] {processor.py:743} INFO - Processing file /home/airflow/.local/lib/python3.7/site-packages/airflow/example_dags/example_skip_dag.py for tasks to queue
[2022-12-30T00:15:27.001+0000] {logging_mixin.py:137} INFO - [2022-12-30T00:15:27.001+0000] {dagbag.py:538} INFO - Filling up the DagBag from /home/airflow/.local/lib/python3.7/site-packages/airflow/example_dags/example_skip_dag.py
[2022-12-30T00:15:27.011+0000] {processor.py:753} INFO - DAG(s) dict_keys(['example_skip_dag']) retrieved from /home/airflow/.local/lib/python3.7/site-packages/airflow/example_dags/example_skip_dag.py
[2022-12-30T00:15:27.041+0000] {logging_mixin.py:137} INFO - [2022-12-30T00:15:27.041+0000] {dag.py:2676} INFO - Sync 1 DAGs
[2022-12-30T00:15:27.061+0000] {logging_mixin.py:137} INFO - [2022-12-30T00:15:27.061+0000] {dag.py:3427} INFO - Setting next_dagrun for example_skip_dag to 2022-12-29T00:15:27.060981+00:00, run_after=2022-12-30T00:15:27.060981+00:00
[2022-12-30T00:15:27.073+0000] {processor.py:175} INFO - Processing /home/airflow/.local/lib/python3.7/site-packages/airflow/example_dags/example_skip_dag.py took 0.077 seconds
[2022-12-30T00:15:57.501+0000] {processor.py:153} INFO - Started process (PID=37458) to work on /home/airflow/.local/lib/python3.7/site-packages/airflow/example_dags/example_skip_dag.py
[2022-12-30T00:15:57.501+0000] {processor.py:743} INFO - Processing file /home/airflow/.local/lib/python3.7/site-packages/airflow/example_dags/example_skip_dag.py for tasks to queue
[2022-12-30T00:15:57.502+0000] {logging_mixin.py:137} INFO - [2022-12-30T00:15:57.501+0000] {dagbag.py:538} INFO - Filling up the DagBag from /home/airflow/.local/lib/python3.7/site-packages/airflow/example_dags/example_skip_dag.py
[2022-12-30T00:15:57.512+0000] {processor.py:753} INFO - DAG(s) dict_keys(['example_skip_dag']) retrieved from /home/airflow/.local/lib/python3.7/site-packages/airflow/example_dags/example_skip_dag.py
[2022-12-30T00:15:57.541+0000] {logging_mixin.py:137} INFO - [2022-12-30T00:15:57.541+0000] {dag.py:2676} INFO - Sync 1 DAGs
[2022-12-30T00:15:57.564+0000] {logging_mixin.py:137} INFO - [2022-12-30T00:15:57.564+0000] {dag.py:3427} INFO - Setting next_dagrun for example_skip_dag to 2022-12-29T00:15:57.563838+00:00, run_after=2022-12-30T00:15:57.563838+00:00
[2022-12-30T00:15:57.577+0000] {processor.py:175} INFO - Processing /home/airflow/.local/lib/python3.7/site-packages/airflow/example_dags/example_skip_dag.py took 0.078 seconds
[2022-12-30T00:16:28.304+0000] {processor.py:153} INFO - Started process (PID=37540) to work on /home/airflow/.local/lib/python3.7/site-packages/airflow/example_dags/example_skip_dag.py
[2022-12-30T00:16:28.305+0000] {processor.py:743} INFO - Processing file /home/airflow/.local/lib/python3.7/site-packages/airflow/example_dags/example_skip_dag.py for tasks to queue
[2022-12-30T00:16:28.306+0000] {logging_mixin.py:137} INFO - [2022-12-30T00:16:28.306+0000] {dagbag.py:538} INFO - Filling up the DagBag from /home/airflow/.local/lib/python3.7/site-packages/airflow/example_dags/example_skip_dag.py
[2022-12-30T00:16:28.315+0000] {processor.py:753} INFO - DAG(s) dict_keys(['example_skip_dag']) retrieved from /home/airflow/.local/lib/python3.7/site-packages/airflow/example_dags/example_skip_dag.py
[2022-12-30T00:16:28.347+0000] {logging_mixin.py:137} INFO - [2022-12-30T00:16:28.347+0000] {dag.py:2676} INFO - Sync 1 DAGs
[2022-12-30T00:16:28.370+0000] {logging_mixin.py:137} INFO - [2022-12-30T00:16:28.370+0000] {dag.py:3427} INFO - Setting next_dagrun for example_skip_dag to 2022-12-29T00:16:28.370337+00:00, run_after=2022-12-30T00:16:28.370337+00:00
[2022-12-30T00:16:28.385+0000] {processor.py:175} INFO - Processing /home/airflow/.local/lib/python3.7/site-packages/airflow/example_dags/example_skip_dag.py took 0.084 seconds
[2022-12-30T00:16:58.820+0000] {processor.py:153} INFO - Started process (PID=37642) to work on /home/airflow/.local/lib/python3.7/site-packages/airflow/example_dags/example_skip_dag.py
[2022-12-30T00:16:58.821+0000] {processor.py:743} INFO - Processing file /home/airflow/.local/lib/python3.7/site-packages/airflow/example_dags/example_skip_dag.py for tasks to queue
[2022-12-30T00:16:58.821+0000] {logging_mixin.py:137} INFO - [2022-12-30T00:16:58.821+0000] {dagbag.py:538} INFO - Filling up the DagBag from /home/airflow/.local/lib/python3.7/site-packages/airflow/example_dags/example_skip_dag.py
[2022-12-30T00:16:58.833+0000] {processor.py:753} INFO - DAG(s) dict_keys(['example_skip_dag']) retrieved from /home/airflow/.local/lib/python3.7/site-packages/airflow/example_dags/example_skip_dag.py
[2022-12-30T00:16:58.860+0000] {logging_mixin.py:137} INFO - [2022-12-30T00:16:58.860+0000] {dag.py:2676} INFO - Sync 1 DAGs
[2022-12-30T00:16:58.879+0000] {logging_mixin.py:137} INFO - [2022-12-30T00:16:58.879+0000] {dag.py:3427} INFO - Setting next_dagrun for example_skip_dag to 2022-12-29T00:16:58.879629+00:00, run_after=2022-12-30T00:16:58.879629+00:00
[2022-12-30T00:16:58.894+0000] {processor.py:175} INFO - Processing /home/airflow/.local/lib/python3.7/site-packages/airflow/example_dags/example_skip_dag.py took 0.076 seconds
[2022-12-30T00:17:29.413+0000] {processor.py:153} INFO - Started process (PID=37724) to work on /home/airflow/.local/lib/python3.7/site-packages/airflow/example_dags/example_skip_dag.py
[2022-12-30T00:17:29.414+0000] {processor.py:743} INFO - Processing file /home/airflow/.local/lib/python3.7/site-packages/airflow/example_dags/example_skip_dag.py for tasks to queue
[2022-12-30T00:17:29.414+0000] {logging_mixin.py:137} INFO - [2022-12-30T00:17:29.414+0000] {dagbag.py:538} INFO - Filling up the DagBag from /home/airflow/.local/lib/python3.7/site-packages/airflow/example_dags/example_skip_dag.py
[2022-12-30T00:17:29.423+0000] {processor.py:753} INFO - DAG(s) dict_keys(['example_skip_dag']) retrieved from /home/airflow/.local/lib/python3.7/site-packages/airflow/example_dags/example_skip_dag.py
[2022-12-30T00:17:29.451+0000] {logging_mixin.py:137} INFO - [2022-12-30T00:17:29.451+0000] {dag.py:2676} INFO - Sync 1 DAGs
[2022-12-30T00:17:29.473+0000] {logging_mixin.py:137} INFO - [2022-12-30T00:17:29.473+0000] {dag.py:3427} INFO - Setting next_dagrun for example_skip_dag to 2022-12-29T00:17:29.473361+00:00, run_after=2022-12-30T00:17:29.473361+00:00
[2022-12-30T00:17:29.486+0000] {processor.py:175} INFO - Processing /home/airflow/.local/lib/python3.7/site-packages/airflow/example_dags/example_skip_dag.py took 0.077 seconds
[2022-12-30T00:17:59.925+0000] {processor.py:153} INFO - Started process (PID=37827) to work on /home/airflow/.local/lib/python3.7/site-packages/airflow/example_dags/example_skip_dag.py
[2022-12-30T00:17:59.925+0000] {processor.py:743} INFO - Processing file /home/airflow/.local/lib/python3.7/site-packages/airflow/example_dags/example_skip_dag.py for tasks to queue
[2022-12-30T00:17:59.926+0000] {logging_mixin.py:137} INFO - [2022-12-30T00:17:59.926+0000] {dagbag.py:538} INFO - Filling up the DagBag from /home/airflow/.local/lib/python3.7/site-packages/airflow/example_dags/example_skip_dag.py
[2022-12-30T00:17:59.938+0000] {processor.py:753} INFO - DAG(s) dict_keys(['example_skip_dag']) retrieved from /home/airflow/.local/lib/python3.7/site-packages/airflow/example_dags/example_skip_dag.py
[2022-12-30T00:17:59.969+0000] {logging_mixin.py:137} INFO - [2022-12-30T00:17:59.969+0000] {dag.py:2676} INFO - Sync 1 DAGs
[2022-12-30T00:17:59.988+0000] {logging_mixin.py:137} INFO - [2022-12-30T00:17:59.988+0000] {dag.py:3427} INFO - Setting next_dagrun for example_skip_dag to 2022-12-29T00:17:59.988196+00:00, run_after=2022-12-30T00:17:59.988196+00:00
[2022-12-30T00:18:00.003+0000] {processor.py:175} INFO - Processing /home/airflow/.local/lib/python3.7/site-packages/airflow/example_dags/example_skip_dag.py took 0.081 seconds
[2022-12-30T00:18:30.380+0000] {processor.py:153} INFO - Started process (PID=37910) to work on /home/airflow/.local/lib/python3.7/site-packages/airflow/example_dags/example_skip_dag.py
[2022-12-30T00:18:30.381+0000] {processor.py:743} INFO - Processing file /home/airflow/.local/lib/python3.7/site-packages/airflow/example_dags/example_skip_dag.py for tasks to queue
[2022-12-30T00:18:30.381+0000] {logging_mixin.py:137} INFO - [2022-12-30T00:18:30.381+0000] {dagbag.py:538} INFO - Filling up the DagBag from /home/airflow/.local/lib/python3.7/site-packages/airflow/example_dags/example_skip_dag.py
[2022-12-30T00:18:30.390+0000] {processor.py:753} INFO - DAG(s) dict_keys(['example_skip_dag']) retrieved from /home/airflow/.local/lib/python3.7/site-packages/airflow/example_dags/example_skip_dag.py
[2022-12-30T00:18:30.420+0000] {logging_mixin.py:137} INFO - [2022-12-30T00:18:30.420+0000] {dag.py:2676} INFO - Sync 1 DAGs
[2022-12-30T00:18:30.440+0000] {logging_mixin.py:137} INFO - [2022-12-30T00:18:30.440+0000] {dag.py:3427} INFO - Setting next_dagrun for example_skip_dag to 2022-12-29T00:18:30.439835+00:00, run_after=2022-12-30T00:18:30.439835+00:00
[2022-12-30T00:18:30.452+0000] {processor.py:175} INFO - Processing /home/airflow/.local/lib/python3.7/site-packages/airflow/example_dags/example_skip_dag.py took 0.075 seconds
[2022-12-30T00:19:00.861+0000] {processor.py:153} INFO - Started process (PID=38012) to work on /home/airflow/.local/lib/python3.7/site-packages/airflow/example_dags/example_skip_dag.py
[2022-12-30T00:19:00.862+0000] {processor.py:743} INFO - Processing file /home/airflow/.local/lib/python3.7/site-packages/airflow/example_dags/example_skip_dag.py for tasks to queue
[2022-12-30T00:19:00.862+0000] {logging_mixin.py:137} INFO - [2022-12-30T00:19:00.862+0000] {dagbag.py:538} INFO - Filling up the DagBag from /home/airflow/.local/lib/python3.7/site-packages/airflow/example_dags/example_skip_dag.py
[2022-12-30T00:19:00.873+0000] {processor.py:753} INFO - DAG(s) dict_keys(['example_skip_dag']) retrieved from /home/airflow/.local/lib/python3.7/site-packages/airflow/example_dags/example_skip_dag.py
[2022-12-30T00:19:00.902+0000] {logging_mixin.py:137} INFO - [2022-12-30T00:19:00.902+0000] {dag.py:2676} INFO - Sync 1 DAGs
[2022-12-30T00:19:00.921+0000] {logging_mixin.py:137} INFO - [2022-12-30T00:19:00.921+0000] {dag.py:3427} INFO - Setting next_dagrun for example_skip_dag to 2022-12-29T00:19:00.921162+00:00, run_after=2022-12-30T00:19:00.921162+00:00
[2022-12-30T00:19:00.936+0000] {processor.py:175} INFO - Processing /home/airflow/.local/lib/python3.7/site-packages/airflow/example_dags/example_skip_dag.py took 0.078 seconds
[2022-12-30T00:19:31.598+0000] {processor.py:153} INFO - Started process (PID=38101) to work on /home/airflow/.local/lib/python3.7/site-packages/airflow/example_dags/example_skip_dag.py
[2022-12-30T00:19:31.599+0000] {processor.py:743} INFO - Processing file /home/airflow/.local/lib/python3.7/site-packages/airflow/example_dags/example_skip_dag.py for tasks to queue
[2022-12-30T00:19:31.599+0000] {logging_mixin.py:137} INFO - [2022-12-30T00:19:31.599+0000] {dagbag.py:538} INFO - Filling up the DagBag from /home/airflow/.local/lib/python3.7/site-packages/airflow/example_dags/example_skip_dag.py
[2022-12-30T00:19:31.612+0000] {processor.py:753} INFO - DAG(s) dict_keys(['example_skip_dag']) retrieved from /home/airflow/.local/lib/python3.7/site-packages/airflow/example_dags/example_skip_dag.py
[2022-12-30T00:19:31.646+0000] {logging_mixin.py:137} INFO - [2022-12-30T00:19:31.646+0000] {dag.py:2676} INFO - Sync 1 DAGs
[2022-12-30T00:19:31.668+0000] {logging_mixin.py:137} INFO - [2022-12-30T00:19:31.668+0000] {dag.py:3427} INFO - Setting next_dagrun for example_skip_dag to 2022-12-29T00:19:31.667838+00:00, run_after=2022-12-30T00:19:31.667838+00:00
[2022-12-30T00:19:31.683+0000] {processor.py:175} INFO - Processing /home/airflow/.local/lib/python3.7/site-packages/airflow/example_dags/example_skip_dag.py took 0.087 seconds
[2022-12-30T00:20:02.233+0000] {processor.py:153} INFO - Started process (PID=38196) to work on /home/airflow/.local/lib/python3.7/site-packages/airflow/example_dags/example_skip_dag.py
[2022-12-30T00:20:02.234+0000] {processor.py:743} INFO - Processing file /home/airflow/.local/lib/python3.7/site-packages/airflow/example_dags/example_skip_dag.py for tasks to queue
[2022-12-30T00:20:02.234+0000] {logging_mixin.py:137} INFO - [2022-12-30T00:20:02.234+0000] {dagbag.py:538} INFO - Filling up the DagBag from /home/airflow/.local/lib/python3.7/site-packages/airflow/example_dags/example_skip_dag.py
[2022-12-30T00:20:02.247+0000] {processor.py:753} INFO - DAG(s) dict_keys(['example_skip_dag']) retrieved from /home/airflow/.local/lib/python3.7/site-packages/airflow/example_dags/example_skip_dag.py
[2022-12-30T00:20:02.277+0000] {logging_mixin.py:137} INFO - [2022-12-30T00:20:02.276+0000] {dag.py:2676} INFO - Sync 1 DAGs
[2022-12-30T00:20:02.296+0000] {logging_mixin.py:137} INFO - [2022-12-30T00:20:02.296+0000] {dag.py:3427} INFO - Setting next_dagrun for example_skip_dag to 2022-12-29T00:20:02.296586+00:00, run_after=2022-12-30T00:20:02.296586+00:00
[2022-12-30T00:20:02.310+0000] {processor.py:175} INFO - Processing /home/airflow/.local/lib/python3.7/site-packages/airflow/example_dags/example_skip_dag.py took 0.080 seconds
[2022-12-30T00:20:33.112+0000] {processor.py:153} INFO - Started process (PID=38298) to work on /home/airflow/.local/lib/python3.7/site-packages/airflow/example_dags/example_skip_dag.py
[2022-12-30T00:20:33.112+0000] {processor.py:743} INFO - Processing file /home/airflow/.local/lib/python3.7/site-packages/airflow/example_dags/example_skip_dag.py for tasks to queue
[2022-12-30T00:20:33.113+0000] {logging_mixin.py:137} INFO - [2022-12-30T00:20:33.113+0000] {dagbag.py:538} INFO - Filling up the DagBag from /home/airflow/.local/lib/python3.7/site-packages/airflow/example_dags/example_skip_dag.py
[2022-12-30T00:20:33.126+0000] {processor.py:753} INFO - DAG(s) dict_keys(['example_skip_dag']) retrieved from /home/airflow/.local/lib/python3.7/site-packages/airflow/example_dags/example_skip_dag.py
[2022-12-30T00:20:33.156+0000] {logging_mixin.py:137} INFO - [2022-12-30T00:20:33.156+0000] {dag.py:2676} INFO - Sync 1 DAGs
[2022-12-30T00:20:33.176+0000] {logging_mixin.py:137} INFO - [2022-12-30T00:20:33.176+0000] {dag.py:3427} INFO - Setting next_dagrun for example_skip_dag to 2022-12-29T00:20:33.176345+00:00, run_after=2022-12-30T00:20:33.176345+00:00
[2022-12-30T00:20:33.189+0000] {processor.py:175} INFO - Processing /home/airflow/.local/lib/python3.7/site-packages/airflow/example_dags/example_skip_dag.py took 0.079 seconds
[2022-12-30T00:21:03.335+0000] {processor.py:153} INFO - Started process (PID=38381) to work on /home/airflow/.local/lib/python3.7/site-packages/airflow/example_dags/example_skip_dag.py
[2022-12-30T00:21:03.336+0000] {processor.py:743} INFO - Processing file /home/airflow/.local/lib/python3.7/site-packages/airflow/example_dags/example_skip_dag.py for tasks to queue
[2022-12-30T00:21:03.337+0000] {logging_mixin.py:137} INFO - [2022-12-30T00:21:03.337+0000] {dagbag.py:538} INFO - Filling up the DagBag from /home/airflow/.local/lib/python3.7/site-packages/airflow/example_dags/example_skip_dag.py
[2022-12-30T00:21:03.347+0000] {processor.py:753} INFO - DAG(s) dict_keys(['example_skip_dag']) retrieved from /home/airflow/.local/lib/python3.7/site-packages/airflow/example_dags/example_skip_dag.py
[2022-12-30T00:21:03.377+0000] {logging_mixin.py:137} INFO - [2022-12-30T00:21:03.376+0000] {dag.py:2676} INFO - Sync 1 DAGs
[2022-12-30T00:21:03.397+0000] {logging_mixin.py:137} INFO - [2022-12-30T00:21:03.397+0000] {dag.py:3427} INFO - Setting next_dagrun for example_skip_dag to 2022-12-29T00:21:03.396909+00:00, run_after=2022-12-30T00:21:03.396909+00:00
[2022-12-30T00:21:03.409+0000] {processor.py:175} INFO - Processing /home/airflow/.local/lib/python3.7/site-packages/airflow/example_dags/example_skip_dag.py took 0.077 seconds
[2022-12-30T00:21:34.314+0000] {processor.py:153} INFO - Started process (PID=38484) to work on /home/airflow/.local/lib/python3.7/site-packages/airflow/example_dags/example_skip_dag.py
[2022-12-30T00:21:34.314+0000] {processor.py:743} INFO - Processing file /home/airflow/.local/lib/python3.7/site-packages/airflow/example_dags/example_skip_dag.py for tasks to queue
[2022-12-30T00:21:34.315+0000] {logging_mixin.py:137} INFO - [2022-12-30T00:21:34.315+0000] {dagbag.py:538} INFO - Filling up the DagBag from /home/airflow/.local/lib/python3.7/site-packages/airflow/example_dags/example_skip_dag.py
[2022-12-30T00:21:34.325+0000] {processor.py:753} INFO - DAG(s) dict_keys(['example_skip_dag']) retrieved from /home/airflow/.local/lib/python3.7/site-packages/airflow/example_dags/example_skip_dag.py
[2022-12-30T00:21:34.361+0000] {logging_mixin.py:137} INFO - [2022-12-30T00:21:34.361+0000] {dag.py:2676} INFO - Sync 1 DAGs
[2022-12-30T00:21:34.382+0000] {logging_mixin.py:137} INFO - [2022-12-30T00:21:34.381+0000] {dag.py:3427} INFO - Setting next_dagrun for example_skip_dag to 2022-12-29T00:21:34.381734+00:00, run_after=2022-12-30T00:21:34.381734+00:00
[2022-12-30T00:21:34.396+0000] {processor.py:175} INFO - Processing /home/airflow/.local/lib/python3.7/site-packages/airflow/example_dags/example_skip_dag.py took 0.085 seconds
[2022-12-30T00:22:04.544+0000] {processor.py:153} INFO - Started process (PID=38566) to work on /home/airflow/.local/lib/python3.7/site-packages/airflow/example_dags/example_skip_dag.py
[2022-12-30T00:22:04.544+0000] {processor.py:743} INFO - Processing file /home/airflow/.local/lib/python3.7/site-packages/airflow/example_dags/example_skip_dag.py for tasks to queue
[2022-12-30T00:22:04.545+0000] {logging_mixin.py:137} INFO - [2022-12-30T00:22:04.545+0000] {dagbag.py:538} INFO - Filling up the DagBag from /home/airflow/.local/lib/python3.7/site-packages/airflow/example_dags/example_skip_dag.py
[2022-12-30T00:22:04.556+0000] {processor.py:753} INFO - DAG(s) dict_keys(['example_skip_dag']) retrieved from /home/airflow/.local/lib/python3.7/site-packages/airflow/example_dags/example_skip_dag.py
[2022-12-30T00:22:04.585+0000] {logging_mixin.py:137} INFO - [2022-12-30T00:22:04.585+0000] {dag.py:2676} INFO - Sync 1 DAGs
[2022-12-30T00:22:04.605+0000] {logging_mixin.py:137} INFO - [2022-12-30T00:22:04.605+0000] {dag.py:3427} INFO - Setting next_dagrun for example_skip_dag to 2022-12-29T00:22:04.605394+00:00, run_after=2022-12-30T00:22:04.605394+00:00
[2022-12-30T00:22:04.619+0000] {processor.py:175} INFO - Processing /home/airflow/.local/lib/python3.7/site-packages/airflow/example_dags/example_skip_dag.py took 0.079 seconds
[2022-12-30T00:22:35.288+0000] {processor.py:153} INFO - Started process (PID=38668) to work on /home/airflow/.local/lib/python3.7/site-packages/airflow/example_dags/example_skip_dag.py
[2022-12-30T00:22:35.289+0000] {processor.py:743} INFO - Processing file /home/airflow/.local/lib/python3.7/site-packages/airflow/example_dags/example_skip_dag.py for tasks to queue
[2022-12-30T00:22:35.289+0000] {logging_mixin.py:137} INFO - [2022-12-30T00:22:35.289+0000] {dagbag.py:538} INFO - Filling up the DagBag from /home/airflow/.local/lib/python3.7/site-packages/airflow/example_dags/example_skip_dag.py
[2022-12-30T00:22:35.299+0000] {processor.py:753} INFO - DAG(s) dict_keys(['example_skip_dag']) retrieved from /home/airflow/.local/lib/python3.7/site-packages/airflow/example_dags/example_skip_dag.py
[2022-12-30T00:22:35.325+0000] {logging_mixin.py:137} INFO - [2022-12-30T00:22:35.325+0000] {dag.py:2676} INFO - Sync 1 DAGs
[2022-12-30T00:22:35.346+0000] {logging_mixin.py:137} INFO - [2022-12-30T00:22:35.346+0000] {dag.py:3427} INFO - Setting next_dagrun for example_skip_dag to 2022-12-29T00:22:35.346278+00:00, run_after=2022-12-30T00:22:35.346278+00:00
[2022-12-30T00:22:35.361+0000] {processor.py:175} INFO - Processing /home/airflow/.local/lib/python3.7/site-packages/airflow/example_dags/example_skip_dag.py took 0.076 seconds
[2022-12-30T00:23:05.820+0000] {processor.py:153} INFO - Started process (PID=38757) to work on /home/airflow/.local/lib/python3.7/site-packages/airflow/example_dags/example_skip_dag.py
[2022-12-30T00:23:05.820+0000] {processor.py:743} INFO - Processing file /home/airflow/.local/lib/python3.7/site-packages/airflow/example_dags/example_skip_dag.py for tasks to queue
[2022-12-30T00:23:05.821+0000] {logging_mixin.py:137} INFO - [2022-12-30T00:23:05.821+0000] {dagbag.py:538} INFO - Filling up the DagBag from /home/airflow/.local/lib/python3.7/site-packages/airflow/example_dags/example_skip_dag.py
[2022-12-30T00:23:05.833+0000] {processor.py:753} INFO - DAG(s) dict_keys(['example_skip_dag']) retrieved from /home/airflow/.local/lib/python3.7/site-packages/airflow/example_dags/example_skip_dag.py
[2022-12-30T00:23:05.863+0000] {logging_mixin.py:137} INFO - [2022-12-30T00:23:05.863+0000] {dag.py:2676} INFO - Sync 1 DAGs
[2022-12-30T00:23:05.884+0000] {logging_mixin.py:137} INFO - [2022-12-30T00:23:05.884+0000] {dag.py:3427} INFO - Setting next_dagrun for example_skip_dag to 2022-12-29T00:23:05.884136+00:00, run_after=2022-12-30T00:23:05.884136+00:00
[2022-12-30T00:23:05.897+0000] {processor.py:175} INFO - Processing /home/airflow/.local/lib/python3.7/site-packages/airflow/example_dags/example_skip_dag.py took 0.080 seconds
[2022-12-30T00:23:35.950+0000] {processor.py:153} INFO - Started process (PID=38852) to work on /home/airflow/.local/lib/python3.7/site-packages/airflow/example_dags/example_skip_dag.py
[2022-12-30T00:23:35.950+0000] {processor.py:743} INFO - Processing file /home/airflow/.local/lib/python3.7/site-packages/airflow/example_dags/example_skip_dag.py for tasks to queue
[2022-12-30T00:23:35.951+0000] {logging_mixin.py:137} INFO - [2022-12-30T00:23:35.951+0000] {dagbag.py:538} INFO - Filling up the DagBag from /home/airflow/.local/lib/python3.7/site-packages/airflow/example_dags/example_skip_dag.py
[2022-12-30T00:23:35.961+0000] {processor.py:753} INFO - DAG(s) dict_keys(['example_skip_dag']) retrieved from /home/airflow/.local/lib/python3.7/site-packages/airflow/example_dags/example_skip_dag.py
[2022-12-30T00:23:35.993+0000] {logging_mixin.py:137} INFO - [2022-12-30T00:23:35.992+0000] {dag.py:2676} INFO - Sync 1 DAGs
[2022-12-30T00:23:36.015+0000] {logging_mixin.py:137} INFO - [2022-12-30T00:23:36.014+0000] {dag.py:3427} INFO - Setting next_dagrun for example_skip_dag to 2022-12-29T00:23:36.014686+00:00, run_after=2022-12-30T00:23:36.014686+00:00
[2022-12-30T00:23:36.029+0000] {processor.py:175} INFO - Processing /home/airflow/.local/lib/python3.7/site-packages/airflow/example_dags/example_skip_dag.py took 0.082 seconds
[2022-12-30T00:24:06.559+0000] {processor.py:153} INFO - Started process (PID=38954) to work on /home/airflow/.local/lib/python3.7/site-packages/airflow/example_dags/example_skip_dag.py
[2022-12-30T00:24:06.560+0000] {processor.py:743} INFO - Processing file /home/airflow/.local/lib/python3.7/site-packages/airflow/example_dags/example_skip_dag.py for tasks to queue
[2022-12-30T00:24:06.561+0000] {logging_mixin.py:137} INFO - [2022-12-30T00:24:06.561+0000] {dagbag.py:538} INFO - Filling up the DagBag from /home/airflow/.local/lib/python3.7/site-packages/airflow/example_dags/example_skip_dag.py
[2022-12-30T00:24:06.573+0000] {processor.py:753} INFO - DAG(s) dict_keys(['example_skip_dag']) retrieved from /home/airflow/.local/lib/python3.7/site-packages/airflow/example_dags/example_skip_dag.py
[2022-12-30T00:24:06.607+0000] {logging_mixin.py:137} INFO - [2022-12-30T00:24:06.607+0000] {dag.py:2676} INFO - Sync 1 DAGs
[2022-12-30T00:24:06.629+0000] {logging_mixin.py:137} INFO - [2022-12-30T00:24:06.629+0000] {dag.py:3427} INFO - Setting next_dagrun for example_skip_dag to 2022-12-29T00:24:06.628965+00:00, run_after=2022-12-30T00:24:06.628965+00:00
[2022-12-30T00:24:06.644+0000] {processor.py:175} INFO - Processing /home/airflow/.local/lib/python3.7/site-packages/airflow/example_dags/example_skip_dag.py took 0.087 seconds
[2022-12-30T00:24:37.591+0000] {processor.py:153} INFO - Started process (PID=39036) to work on /home/airflow/.local/lib/python3.7/site-packages/airflow/example_dags/example_skip_dag.py
[2022-12-30T00:24:37.591+0000] {processor.py:743} INFO - Processing file /home/airflow/.local/lib/python3.7/site-packages/airflow/example_dags/example_skip_dag.py for tasks to queue
[2022-12-30T00:24:37.592+0000] {logging_mixin.py:137} INFO - [2022-12-30T00:24:37.592+0000] {dagbag.py:538} INFO - Filling up the DagBag from /home/airflow/.local/lib/python3.7/site-packages/airflow/example_dags/example_skip_dag.py
[2022-12-30T00:24:37.606+0000] {processor.py:753} INFO - DAG(s) dict_keys(['example_skip_dag']) retrieved from /home/airflow/.local/lib/python3.7/site-packages/airflow/example_dags/example_skip_dag.py
[2022-12-30T00:24:37.633+0000] {logging_mixin.py:137} INFO - [2022-12-30T00:24:37.633+0000] {dag.py:2676} INFO - Sync 1 DAGs
[2022-12-30T00:24:37.652+0000] {logging_mixin.py:137} INFO - [2022-12-30T00:24:37.651+0000] {dag.py:3427} INFO - Setting next_dagrun for example_skip_dag to 2022-12-29T00:24:37.651715+00:00, run_after=2022-12-30T00:24:37.651715+00:00
[2022-12-30T00:24:37.663+0000] {processor.py:175} INFO - Processing /home/airflow/.local/lib/python3.7/site-packages/airflow/example_dags/example_skip_dag.py took 0.075 seconds
[2022-12-30T00:25:07.989+0000] {processor.py:153} INFO - Started process (PID=39138) to work on /home/airflow/.local/lib/python3.7/site-packages/airflow/example_dags/example_skip_dag.py
[2022-12-30T00:25:07.990+0000] {processor.py:743} INFO - Processing file /home/airflow/.local/lib/python3.7/site-packages/airflow/example_dags/example_skip_dag.py for tasks to queue
[2022-12-30T00:25:07.990+0000] {logging_mixin.py:137} INFO - [2022-12-30T00:25:07.990+0000] {dagbag.py:538} INFO - Filling up the DagBag from /home/airflow/.local/lib/python3.7/site-packages/airflow/example_dags/example_skip_dag.py
[2022-12-30T00:25:08.002+0000] {processor.py:753} INFO - DAG(s) dict_keys(['example_skip_dag']) retrieved from /home/airflow/.local/lib/python3.7/site-packages/airflow/example_dags/example_skip_dag.py
[2022-12-30T00:25:08.034+0000] {logging_mixin.py:137} INFO - [2022-12-30T00:25:08.033+0000] {dag.py:2676} INFO - Sync 1 DAGs
[2022-12-30T00:25:08.057+0000] {logging_mixin.py:137} INFO - [2022-12-30T00:25:08.056+0000] {dag.py:3427} INFO - Setting next_dagrun for example_skip_dag to 2022-12-29T00:25:08.056698+00:00, run_after=2022-12-30T00:25:08.056698+00:00
[2022-12-30T00:25:08.071+0000] {processor.py:175} INFO - Processing /home/airflow/.local/lib/python3.7/site-packages/airflow/example_dags/example_skip_dag.py took 0.083 seconds
[2022-12-30T00:25:38.527+0000] {processor.py:153} INFO - Started process (PID=39220) to work on /home/airflow/.local/lib/python3.7/site-packages/airflow/example_dags/example_skip_dag.py
[2022-12-30T00:25:38.528+0000] {processor.py:743} INFO - Processing file /home/airflow/.local/lib/python3.7/site-packages/airflow/example_dags/example_skip_dag.py for tasks to queue
[2022-12-30T00:25:38.528+0000] {logging_mixin.py:137} INFO - [2022-12-30T00:25:38.528+0000] {dagbag.py:538} INFO - Filling up the DagBag from /home/airflow/.local/lib/python3.7/site-packages/airflow/example_dags/example_skip_dag.py
[2022-12-30T00:25:38.541+0000] {processor.py:753} INFO - DAG(s) dict_keys(['example_skip_dag']) retrieved from /home/airflow/.local/lib/python3.7/site-packages/airflow/example_dags/example_skip_dag.py
[2022-12-30T00:25:38.569+0000] {logging_mixin.py:137} INFO - [2022-12-30T00:25:38.569+0000] {dag.py:2676} INFO - Sync 1 DAGs
[2022-12-30T00:25:38.589+0000] {logging_mixin.py:137} INFO - [2022-12-30T00:25:38.589+0000] {dag.py:3427} INFO - Setting next_dagrun for example_skip_dag to 2022-12-29T00:25:38.588852+00:00, run_after=2022-12-30T00:25:38.588852+00:00
[2022-12-30T00:25:38.602+0000] {processor.py:175} INFO - Processing /home/airflow/.local/lib/python3.7/site-packages/airflow/example_dags/example_skip_dag.py took 0.078 seconds
[2022-12-30T00:26:09.156+0000] {processor.py:153} INFO - Started process (PID=39322) to work on /home/airflow/.local/lib/python3.7/site-packages/airflow/example_dags/example_skip_dag.py
[2022-12-30T00:26:09.157+0000] {processor.py:743} INFO - Processing file /home/airflow/.local/lib/python3.7/site-packages/airflow/example_dags/example_skip_dag.py for tasks to queue
[2022-12-30T00:26:09.158+0000] {logging_mixin.py:137} INFO - [2022-12-30T00:26:09.157+0000] {dagbag.py:538} INFO - Filling up the DagBag from /home/airflow/.local/lib/python3.7/site-packages/airflow/example_dags/example_skip_dag.py
[2022-12-30T00:26:09.168+0000] {processor.py:753} INFO - DAG(s) dict_keys(['example_skip_dag']) retrieved from /home/airflow/.local/lib/python3.7/site-packages/airflow/example_dags/example_skip_dag.py
[2022-12-30T00:26:09.197+0000] {logging_mixin.py:137} INFO - [2022-12-30T00:26:09.197+0000] {dag.py:2676} INFO - Sync 1 DAGs
[2022-12-30T00:26:09.217+0000] {logging_mixin.py:137} INFO - [2022-12-30T00:26:09.217+0000] {dag.py:3427} INFO - Setting next_dagrun for example_skip_dag to 2022-12-29T00:26:09.216948+00:00, run_after=2022-12-30T00:26:09.216948+00:00
[2022-12-30T00:26:09.230+0000] {processor.py:175} INFO - Processing /home/airflow/.local/lib/python3.7/site-packages/airflow/example_dags/example_skip_dag.py took 0.078 seconds
[2022-12-30T00:26:39.622+0000] {processor.py:153} INFO - Started process (PID=39404) to work on /home/airflow/.local/lib/python3.7/site-packages/airflow/example_dags/example_skip_dag.py
[2022-12-30T00:26:39.623+0000] {processor.py:743} INFO - Processing file /home/airflow/.local/lib/python3.7/site-packages/airflow/example_dags/example_skip_dag.py for tasks to queue
[2022-12-30T00:26:39.623+0000] {logging_mixin.py:137} INFO - [2022-12-30T00:26:39.623+0000] {dagbag.py:538} INFO - Filling up the DagBag from /home/airflow/.local/lib/python3.7/site-packages/airflow/example_dags/example_skip_dag.py
[2022-12-30T00:26:39.634+0000] {processor.py:753} INFO - DAG(s) dict_keys(['example_skip_dag']) retrieved from /home/airflow/.local/lib/python3.7/site-packages/airflow/example_dags/example_skip_dag.py
[2022-12-30T00:26:39.665+0000] {logging_mixin.py:137} INFO - [2022-12-30T00:26:39.664+0000] {dag.py:2676} INFO - Sync 1 DAGs
[2022-12-30T00:26:39.684+0000] {logging_mixin.py:137} INFO - [2022-12-30T00:26:39.684+0000] {dag.py:3427} INFO - Setting next_dagrun for example_skip_dag to 2022-12-29T00:26:39.684241+00:00, run_after=2022-12-30T00:26:39.684241+00:00
[2022-12-30T00:26:39.697+0000] {processor.py:175} INFO - Processing /home/airflow/.local/lib/python3.7/site-packages/airflow/example_dags/example_skip_dag.py took 0.077 seconds
[2022-12-30T00:27:09.871+0000] {processor.py:153} INFO - Started process (PID=39507) to work on /home/airflow/.local/lib/python3.7/site-packages/airflow/example_dags/example_skip_dag.py
[2022-12-30T00:27:09.872+0000] {processor.py:743} INFO - Processing file /home/airflow/.local/lib/python3.7/site-packages/airflow/example_dags/example_skip_dag.py for tasks to queue
[2022-12-30T00:27:09.872+0000] {logging_mixin.py:137} INFO - [2022-12-30T00:27:09.872+0000] {dagbag.py:538} INFO - Filling up the DagBag from /home/airflow/.local/lib/python3.7/site-packages/airflow/example_dags/example_skip_dag.py
[2022-12-30T00:27:09.882+0000] {processor.py:753} INFO - DAG(s) dict_keys(['example_skip_dag']) retrieved from /home/airflow/.local/lib/python3.7/site-packages/airflow/example_dags/example_skip_dag.py
[2022-12-30T00:27:09.909+0000] {logging_mixin.py:137} INFO - [2022-12-30T00:27:09.909+0000] {dag.py:2676} INFO - Sync 1 DAGs
[2022-12-30T00:27:09.930+0000] {logging_mixin.py:137} INFO - [2022-12-30T00:27:09.930+0000] {dag.py:3427} INFO - Setting next_dagrun for example_skip_dag to 2022-12-29T00:27:09.929923+00:00, run_after=2022-12-30T00:27:09.929923+00:00
[2022-12-30T00:27:09.941+0000] {processor.py:175} INFO - Processing /home/airflow/.local/lib/python3.7/site-packages/airflow/example_dags/example_skip_dag.py took 0.072 seconds
[2022-12-30T00:27:40.605+0000] {processor.py:153} INFO - Started process (PID=39609) to work on /home/airflow/.local/lib/python3.7/site-packages/airflow/example_dags/example_skip_dag.py
[2022-12-30T00:27:40.606+0000] {processor.py:743} INFO - Processing file /home/airflow/.local/lib/python3.7/site-packages/airflow/example_dags/example_skip_dag.py for tasks to queue
[2022-12-30T00:27:40.607+0000] {logging_mixin.py:137} INFO - [2022-12-30T00:27:40.606+0000] {dagbag.py:538} INFO - Filling up the DagBag from /home/airflow/.local/lib/python3.7/site-packages/airflow/example_dags/example_skip_dag.py
[2022-12-30T00:27:40.620+0000] {processor.py:753} INFO - DAG(s) dict_keys(['example_skip_dag']) retrieved from /home/airflow/.local/lib/python3.7/site-packages/airflow/example_dags/example_skip_dag.py
[2022-12-30T00:27:40.649+0000] {logging_mixin.py:137} INFO - [2022-12-30T00:27:40.648+0000] {dag.py:2676} INFO - Sync 1 DAGs
[2022-12-30T00:27:40.668+0000] {logging_mixin.py:137} INFO - [2022-12-30T00:27:40.668+0000] {dag.py:3427} INFO - Setting next_dagrun for example_skip_dag to 2022-12-29T00:27:40.667882+00:00, run_after=2022-12-30T00:27:40.667882+00:00
[2022-12-30T00:27:40.681+0000] {processor.py:175} INFO - Processing /home/airflow/.local/lib/python3.7/site-packages/airflow/example_dags/example_skip_dag.py took 0.077 seconds
[2022-12-30T00:28:10.746+0000] {processor.py:153} INFO - Started process (PID=39691) to work on /home/airflow/.local/lib/python3.7/site-packages/airflow/example_dags/example_skip_dag.py
[2022-12-30T00:28:10.747+0000] {processor.py:743} INFO - Processing file /home/airflow/.local/lib/python3.7/site-packages/airflow/example_dags/example_skip_dag.py for tasks to queue
[2022-12-30T00:28:10.747+0000] {logging_mixin.py:137} INFO - [2022-12-30T00:28:10.747+0000] {dagbag.py:538} INFO - Filling up the DagBag from /home/airflow/.local/lib/python3.7/site-packages/airflow/example_dags/example_skip_dag.py
[2022-12-30T00:28:10.757+0000] {processor.py:753} INFO - DAG(s) dict_keys(['example_skip_dag']) retrieved from /home/airflow/.local/lib/python3.7/site-packages/airflow/example_dags/example_skip_dag.py
[2022-12-30T00:28:10.790+0000] {logging_mixin.py:137} INFO - [2022-12-30T00:28:10.790+0000] {dag.py:2676} INFO - Sync 1 DAGs
[2022-12-30T00:28:10.810+0000] {logging_mixin.py:137} INFO - [2022-12-30T00:28:10.810+0000] {dag.py:3427} INFO - Setting next_dagrun for example_skip_dag to 2022-12-29T00:28:10.809995+00:00, run_after=2022-12-30T00:28:10.809995+00:00
[2022-12-30T00:28:10.821+0000] {processor.py:175} INFO - Processing /home/airflow/.local/lib/python3.7/site-packages/airflow/example_dags/example_skip_dag.py took 0.078 seconds
[2022-12-30T00:28:41.511+0000] {processor.py:153} INFO - Started process (PID=39793) to work on /home/airflow/.local/lib/python3.7/site-packages/airflow/example_dags/example_skip_dag.py
[2022-12-30T00:28:41.512+0000] {processor.py:743} INFO - Processing file /home/airflow/.local/lib/python3.7/site-packages/airflow/example_dags/example_skip_dag.py for tasks to queue
[2022-12-30T00:28:41.513+0000] {logging_mixin.py:137} INFO - [2022-12-30T00:28:41.513+0000] {dagbag.py:538} INFO - Filling up the DagBag from /home/airflow/.local/lib/python3.7/site-packages/airflow/example_dags/example_skip_dag.py
[2022-12-30T00:28:41.525+0000] {processor.py:753} INFO - DAG(s) dict_keys(['example_skip_dag']) retrieved from /home/airflow/.local/lib/python3.7/site-packages/airflow/example_dags/example_skip_dag.py
[2022-12-30T00:28:41.558+0000] {logging_mixin.py:137} INFO - [2022-12-30T00:28:41.558+0000] {dag.py:2676} INFO - Sync 1 DAGs
[2022-12-30T00:28:41.581+0000] {logging_mixin.py:137} INFO - [2022-12-30T00:28:41.581+0000] {dag.py:3427} INFO - Setting next_dagrun for example_skip_dag to 2022-12-29T00:28:41.580903+00:00, run_after=2022-12-30T00:28:41.580903+00:00
[2022-12-30T00:28:41.597+0000] {processor.py:175} INFO - Processing /home/airflow/.local/lib/python3.7/site-packages/airflow/example_dags/example_skip_dag.py took 0.090 seconds
[2022-12-30T00:29:11.638+0000] {processor.py:153} INFO - Started process (PID=39875) to work on /home/airflow/.local/lib/python3.7/site-packages/airflow/example_dags/example_skip_dag.py
[2022-12-30T00:29:11.639+0000] {processor.py:743} INFO - Processing file /home/airflow/.local/lib/python3.7/site-packages/airflow/example_dags/example_skip_dag.py for tasks to queue
[2022-12-30T00:29:11.639+0000] {logging_mixin.py:137} INFO - [2022-12-30T00:29:11.639+0000] {dagbag.py:538} INFO - Filling up the DagBag from /home/airflow/.local/lib/python3.7/site-packages/airflow/example_dags/example_skip_dag.py
[2022-12-30T00:29:11.650+0000] {processor.py:753} INFO - DAG(s) dict_keys(['example_skip_dag']) retrieved from /home/airflow/.local/lib/python3.7/site-packages/airflow/example_dags/example_skip_dag.py
[2022-12-30T00:29:11.682+0000] {logging_mixin.py:137} INFO - [2022-12-30T00:29:11.681+0000] {dag.py:2676} INFO - Sync 1 DAGs
[2022-12-30T00:29:11.702+0000] {logging_mixin.py:137} INFO - [2022-12-30T00:29:11.702+0000] {dag.py:3427} INFO - Setting next_dagrun for example_skip_dag to 2022-12-29T00:29:11.701836+00:00, run_after=2022-12-30T00:29:11.701836+00:00
[2022-12-30T00:29:11.715+0000] {processor.py:175} INFO - Processing /home/airflow/.local/lib/python3.7/site-packages/airflow/example_dags/example_skip_dag.py took 0.079 seconds
[2022-12-30T00:29:41.954+0000] {processor.py:153} INFO - Started process (PID=39977) to work on /home/airflow/.local/lib/python3.7/site-packages/airflow/example_dags/example_skip_dag.py
[2022-12-30T00:29:41.955+0000] {processor.py:743} INFO - Processing file /home/airflow/.local/lib/python3.7/site-packages/airflow/example_dags/example_skip_dag.py for tasks to queue
[2022-12-30T00:29:41.955+0000] {logging_mixin.py:137} INFO - [2022-12-30T00:29:41.955+0000] {dagbag.py:538} INFO - Filling up the DagBag from /home/airflow/.local/lib/python3.7/site-packages/airflow/example_dags/example_skip_dag.py
[2022-12-30T00:29:41.966+0000] {processor.py:753} INFO - DAG(s) dict_keys(['example_skip_dag']) retrieved from /home/airflow/.local/lib/python3.7/site-packages/airflow/example_dags/example_skip_dag.py
[2022-12-30T00:29:41.999+0000] {logging_mixin.py:137} INFO - [2022-12-30T00:29:41.999+0000] {dag.py:2676} INFO - Sync 1 DAGs
[2022-12-30T00:29:42.019+0000] {logging_mixin.py:137} INFO - [2022-12-30T00:29:42.019+0000] {dag.py:3427} INFO - Setting next_dagrun for example_skip_dag to 2022-12-29T00:29:42.018869+00:00, run_after=2022-12-30T00:29:42.018869+00:00
[2022-12-30T00:29:42.034+0000] {processor.py:175} INFO - Processing /home/airflow/.local/lib/python3.7/site-packages/airflow/example_dags/example_skip_dag.py took 0.083 seconds
[2022-12-30T00:30:12.405+0000] {processor.py:153} INFO - Started process (PID=40059) to work on /home/airflow/.local/lib/python3.7/site-packages/airflow/example_dags/example_skip_dag.py
[2022-12-30T00:30:12.406+0000] {processor.py:743} INFO - Processing file /home/airflow/.local/lib/python3.7/site-packages/airflow/example_dags/example_skip_dag.py for tasks to queue
[2022-12-30T00:30:12.407+0000] {logging_mixin.py:137} INFO - [2022-12-30T00:30:12.407+0000] {dagbag.py:538} INFO - Filling up the DagBag from /home/airflow/.local/lib/python3.7/site-packages/airflow/example_dags/example_skip_dag.py
[2022-12-30T00:30:12.419+0000] {processor.py:753} INFO - DAG(s) dict_keys(['example_skip_dag']) retrieved from /home/airflow/.local/lib/python3.7/site-packages/airflow/example_dags/example_skip_dag.py
[2022-12-30T00:30:12.448+0000] {logging_mixin.py:137} INFO - [2022-12-30T00:30:12.448+0000] {dag.py:2676} INFO - Sync 1 DAGs
[2022-12-30T00:30:12.468+0000] {logging_mixin.py:137} INFO - [2022-12-30T00:30:12.468+0000] {dag.py:3427} INFO - Setting next_dagrun for example_skip_dag to 2022-12-29T00:30:12.468486+00:00, run_after=2022-12-30T00:30:12.468486+00:00
[2022-12-30T00:30:12.483+0000] {processor.py:175} INFO - Processing /home/airflow/.local/lib/python3.7/site-packages/airflow/example_dags/example_skip_dag.py took 0.080 seconds
[2022-12-30T00:30:43.021+0000] {processor.py:153} INFO - Started process (PID=40161) to work on /home/airflow/.local/lib/python3.7/site-packages/airflow/example_dags/example_skip_dag.py
[2022-12-30T00:30:43.022+0000] {processor.py:743} INFO - Processing file /home/airflow/.local/lib/python3.7/site-packages/airflow/example_dags/example_skip_dag.py for tasks to queue
[2022-12-30T00:30:43.022+0000] {logging_mixin.py:137} INFO - [2022-12-30T00:30:43.022+0000] {dagbag.py:538} INFO - Filling up the DagBag from /home/airflow/.local/lib/python3.7/site-packages/airflow/example_dags/example_skip_dag.py
[2022-12-30T00:30:43.033+0000] {processor.py:753} INFO - DAG(s) dict_keys(['example_skip_dag']) retrieved from /home/airflow/.local/lib/python3.7/site-packages/airflow/example_dags/example_skip_dag.py
[2022-12-30T00:30:43.060+0000] {logging_mixin.py:137} INFO - [2022-12-30T00:30:43.060+0000] {dag.py:2676} INFO - Sync 1 DAGs
[2022-12-30T00:30:43.082+0000] {logging_mixin.py:137} INFO - [2022-12-30T00:30:43.081+0000] {dag.py:3427} INFO - Setting next_dagrun for example_skip_dag to 2022-12-29T00:30:43.081770+00:00, run_after=2022-12-30T00:30:43.081770+00:00
[2022-12-30T00:30:43.095+0000] {processor.py:175} INFO - Processing /home/airflow/.local/lib/python3.7/site-packages/airflow/example_dags/example_skip_dag.py took 0.077 seconds
[2022-12-30T00:31:13.493+0000] {processor.py:153} INFO - Started process (PID=40243) to work on /home/airflow/.local/lib/python3.7/site-packages/airflow/example_dags/example_skip_dag.py
[2022-12-30T00:31:13.494+0000] {processor.py:743} INFO - Processing file /home/airflow/.local/lib/python3.7/site-packages/airflow/example_dags/example_skip_dag.py for tasks to queue
[2022-12-30T00:31:13.494+0000] {logging_mixin.py:137} INFO - [2022-12-30T00:31:13.494+0000] {dagbag.py:538} INFO - Filling up the DagBag from /home/airflow/.local/lib/python3.7/site-packages/airflow/example_dags/example_skip_dag.py
[2022-12-30T00:31:13.505+0000] {processor.py:753} INFO - DAG(s) dict_keys(['example_skip_dag']) retrieved from /home/airflow/.local/lib/python3.7/site-packages/airflow/example_dags/example_skip_dag.py
[2022-12-30T00:31:13.537+0000] {logging_mixin.py:137} INFO - [2022-12-30T00:31:13.536+0000] {dag.py:2676} INFO - Sync 1 DAGs
[2022-12-30T00:31:13.560+0000] {logging_mixin.py:137} INFO - [2022-12-30T00:31:13.560+0000] {dag.py:3427} INFO - Setting next_dagrun for example_skip_dag to 2022-12-29T00:31:13.559890+00:00, run_after=2022-12-30T00:31:13.559890+00:00
[2022-12-30T00:31:13.572+0000] {processor.py:175} INFO - Processing /home/airflow/.local/lib/python3.7/site-packages/airflow/example_dags/example_skip_dag.py took 0.083 seconds
[2022-12-30T00:31:44.020+0000] {processor.py:153} INFO - Started process (PID=40345) to work on /home/airflow/.local/lib/python3.7/site-packages/airflow/example_dags/example_skip_dag.py
[2022-12-30T00:31:44.020+0000] {processor.py:743} INFO - Processing file /home/airflow/.local/lib/python3.7/site-packages/airflow/example_dags/example_skip_dag.py for tasks to queue
[2022-12-30T00:31:44.020+0000] {logging_mixin.py:137} INFO - [2022-12-30T00:31:44.020+0000] {dagbag.py:538} INFO - Filling up the DagBag from /home/airflow/.local/lib/python3.7/site-packages/airflow/example_dags/example_skip_dag.py
[2022-12-30T00:31:44.031+0000] {processor.py:753} INFO - DAG(s) dict_keys(['example_skip_dag']) retrieved from /home/airflow/.local/lib/python3.7/site-packages/airflow/example_dags/example_skip_dag.py
[2022-12-30T00:31:44.064+0000] {logging_mixin.py:137} INFO - [2022-12-30T00:31:44.064+0000] {dag.py:2676} INFO - Sync 1 DAGs
[2022-12-30T00:31:44.084+0000] {logging_mixin.py:137} INFO - [2022-12-30T00:31:44.084+0000] {dag.py:3427} INFO - Setting next_dagrun for example_skip_dag to 2022-12-29T00:31:44.084164+00:00, run_after=2022-12-30T00:31:44.084164+00:00
[2022-12-30T00:31:44.095+0000] {processor.py:175} INFO - Processing /home/airflow/.local/lib/python3.7/site-packages/airflow/example_dags/example_skip_dag.py took 0.078 seconds
[2022-12-30T00:32:14.403+0000] {processor.py:153} INFO - Started process (PID=40428) to work on /home/airflow/.local/lib/python3.7/site-packages/airflow/example_dags/example_skip_dag.py
[2022-12-30T00:32:14.404+0000] {processor.py:743} INFO - Processing file /home/airflow/.local/lib/python3.7/site-packages/airflow/example_dags/example_skip_dag.py for tasks to queue
[2022-12-30T00:32:14.404+0000] {logging_mixin.py:137} INFO - [2022-12-30T00:32:14.404+0000] {dagbag.py:538} INFO - Filling up the DagBag from /home/airflow/.local/lib/python3.7/site-packages/airflow/example_dags/example_skip_dag.py
[2022-12-30T00:32:14.415+0000] {processor.py:753} INFO - DAG(s) dict_keys(['example_skip_dag']) retrieved from /home/airflow/.local/lib/python3.7/site-packages/airflow/example_dags/example_skip_dag.py
[2022-12-30T00:32:14.444+0000] {logging_mixin.py:137} INFO - [2022-12-30T00:32:14.444+0000] {dag.py:2676} INFO - Sync 1 DAGs
[2022-12-30T00:32:14.464+0000] {logging_mixin.py:137} INFO - [2022-12-30T00:32:14.464+0000] {dag.py:3427} INFO - Setting next_dagrun for example_skip_dag to 2022-12-29T00:32:14.464136+00:00, run_after=2022-12-30T00:32:14.464136+00:00
[2022-12-30T00:32:14.478+0000] {processor.py:175} INFO - Processing /home/airflow/.local/lib/python3.7/site-packages/airflow/example_dags/example_skip_dag.py took 0.078 seconds
[2022-12-30T00:32:44.647+0000] {processor.py:153} INFO - Started process (PID=40530) to work on /home/airflow/.local/lib/python3.7/site-packages/airflow/example_dags/example_skip_dag.py
[2022-12-30T00:32:44.648+0000] {processor.py:743} INFO - Processing file /home/airflow/.local/lib/python3.7/site-packages/airflow/example_dags/example_skip_dag.py for tasks to queue
[2022-12-30T00:32:44.649+0000] {logging_mixin.py:137} INFO - [2022-12-30T00:32:44.649+0000] {dagbag.py:538} INFO - Filling up the DagBag from /home/airflow/.local/lib/python3.7/site-packages/airflow/example_dags/example_skip_dag.py
[2022-12-30T00:32:44.658+0000] {processor.py:753} INFO - DAG(s) dict_keys(['example_skip_dag']) retrieved from /home/airflow/.local/lib/python3.7/site-packages/airflow/example_dags/example_skip_dag.py
[2022-12-30T00:32:44.690+0000] {logging_mixin.py:137} INFO - [2022-12-30T00:32:44.690+0000] {dag.py:2676} INFO - Sync 1 DAGs
[2022-12-30T00:32:44.713+0000] {logging_mixin.py:137} INFO - [2022-12-30T00:32:44.712+0000] {dag.py:3427} INFO - Setting next_dagrun for example_skip_dag to 2022-12-29T00:32:44.712764+00:00, run_after=2022-12-30T00:32:44.712764+00:00
[2022-12-30T00:32:44.728+0000] {processor.py:175} INFO - Processing /home/airflow/.local/lib/python3.7/site-packages/airflow/example_dags/example_skip_dag.py took 0.083 seconds
[2022-12-30T00:33:15.438+0000] {processor.py:153} INFO - Started process (PID=40621) to work on /home/airflow/.local/lib/python3.7/site-packages/airflow/example_dags/example_skip_dag.py
[2022-12-30T00:33:15.439+0000] {processor.py:743} INFO - Processing file /home/airflow/.local/lib/python3.7/site-packages/airflow/example_dags/example_skip_dag.py for tasks to queue
[2022-12-30T00:33:15.439+0000] {logging_mixin.py:137} INFO - [2022-12-30T00:33:15.439+0000] {dagbag.py:538} INFO - Filling up the DagBag from /home/airflow/.local/lib/python3.7/site-packages/airflow/example_dags/example_skip_dag.py
[2022-12-30T00:33:15.452+0000] {processor.py:753} INFO - DAG(s) dict_keys(['example_skip_dag']) retrieved from /home/airflow/.local/lib/python3.7/site-packages/airflow/example_dags/example_skip_dag.py
[2022-12-30T00:33:15.485+0000] {logging_mixin.py:137} INFO - [2022-12-30T00:33:15.484+0000] {dag.py:2676} INFO - Sync 1 DAGs
[2022-12-30T00:33:15.513+0000] {logging_mixin.py:137} INFO - [2022-12-30T00:33:15.513+0000] {dag.py:3427} INFO - Setting next_dagrun for example_skip_dag to 2022-12-29T00:33:15.513579+00:00, run_after=2022-12-30T00:33:15.513579+00:00
[2022-12-30T00:33:15.528+0000] {processor.py:175} INFO - Processing /home/airflow/.local/lib/python3.7/site-packages/airflow/example_dags/example_skip_dag.py took 0.092 seconds
[2022-12-30T00:33:45.981+0000] {processor.py:153} INFO - Started process (PID=40714) to work on /home/airflow/.local/lib/python3.7/site-packages/airflow/example_dags/example_skip_dag.py
[2022-12-30T00:33:45.981+0000] {processor.py:743} INFO - Processing file /home/airflow/.local/lib/python3.7/site-packages/airflow/example_dags/example_skip_dag.py for tasks to queue
[2022-12-30T00:33:45.982+0000] {logging_mixin.py:137} INFO - [2022-12-30T00:33:45.982+0000] {dagbag.py:538} INFO - Filling up the DagBag from /home/airflow/.local/lib/python3.7/site-packages/airflow/example_dags/example_skip_dag.py
[2022-12-30T00:33:45.993+0000] {processor.py:753} INFO - DAG(s) dict_keys(['example_skip_dag']) retrieved from /home/airflow/.local/lib/python3.7/site-packages/airflow/example_dags/example_skip_dag.py
[2022-12-30T00:33:46.024+0000] {logging_mixin.py:137} INFO - [2022-12-30T00:33:46.023+0000] {dag.py:2676} INFO - Sync 1 DAGs
[2022-12-30T00:33:46.048+0000] {logging_mixin.py:137} INFO - [2022-12-30T00:33:46.048+0000] {dag.py:3427} INFO - Setting next_dagrun for example_skip_dag to 2022-12-29T00:33:46.048433+00:00, run_after=2022-12-30T00:33:46.048433+00:00
[2022-12-30T00:33:46.064+0000] {processor.py:175} INFO - Processing /home/airflow/.local/lib/python3.7/site-packages/airflow/example_dags/example_skip_dag.py took 0.086 seconds
