[2022-12-30T00:00:11.093+0000] {processor.py:153} INFO - Started process (PID=34576) to work on /home/airflow/.local/lib/python3.7/site-packages/airflow/example_dags/example_branch_operator.py
[2022-12-30T00:00:11.094+0000] {processor.py:743} INFO - Processing file /home/airflow/.local/lib/python3.7/site-packages/airflow/example_dags/example_branch_operator.py for tasks to queue
[2022-12-30T00:00:11.095+0000] {logging_mixin.py:137} INFO - [2022-12-30T00:00:11.095+0000] {dagbag.py:538} INFO - Filling up the DagBag from /home/airflow/.local/lib/python3.7/site-packages/airflow/example_dags/example_branch_operator.py
[2022-12-30T00:00:11.108+0000] {processor.py:753} INFO - DAG(s) dict_keys(['example_branch_operator']) retrieved from /home/airflow/.local/lib/python3.7/site-packages/airflow/example_dags/example_branch_operator.py
[2022-12-30T00:00:11.140+0000] {logging_mixin.py:137} INFO - [2022-12-30T00:00:11.140+0000] {dag.py:2676} INFO - Sync 1 DAGs
[2022-12-30T00:00:11.165+0000] {logging_mixin.py:137} INFO - [2022-12-30T00:00:11.164+0000] {dag.py:3427} INFO - Setting next_dagrun for example_branch_operator to 2022-12-29T00:00:00+00:00, run_after=2022-12-30T00:00:00+00:00
[2022-12-30T00:00:11.179+0000] {processor.py:175} INFO - Processing /home/airflow/.local/lib/python3.7/site-packages/airflow/example_dags/example_branch_operator.py took 0.088 seconds
[2022-12-30T00:00:41.531+0000] {processor.py:153} INFO - Started process (PID=34659) to work on /home/airflow/.local/lib/python3.7/site-packages/airflow/example_dags/example_branch_operator.py
[2022-12-30T00:00:41.532+0000] {processor.py:743} INFO - Processing file /home/airflow/.local/lib/python3.7/site-packages/airflow/example_dags/example_branch_operator.py for tasks to queue
[2022-12-30T00:00:41.532+0000] {logging_mixin.py:137} INFO - [2022-12-30T00:00:41.532+0000] {dagbag.py:538} INFO - Filling up the DagBag from /home/airflow/.local/lib/python3.7/site-packages/airflow/example_dags/example_branch_operator.py
[2022-12-30T00:00:41.546+0000] {processor.py:753} INFO - DAG(s) dict_keys(['example_branch_operator']) retrieved from /home/airflow/.local/lib/python3.7/site-packages/airflow/example_dags/example_branch_operator.py
[2022-12-30T00:00:41.575+0000] {logging_mixin.py:137} INFO - [2022-12-30T00:00:41.575+0000] {dag.py:2676} INFO - Sync 1 DAGs
[2022-12-30T00:00:41.597+0000] {logging_mixin.py:137} INFO - [2022-12-30T00:00:41.596+0000] {dag.py:3427} INFO - Setting next_dagrun for example_branch_operator to 2022-12-29T00:00:00+00:00, run_after=2022-12-30T00:00:00+00:00
[2022-12-30T00:00:41.610+0000] {processor.py:175} INFO - Processing /home/airflow/.local/lib/python3.7/site-packages/airflow/example_dags/example_branch_operator.py took 0.082 seconds
[2022-12-30T00:01:12.396+0000] {processor.py:153} INFO - Started process (PID=34761) to work on /home/airflow/.local/lib/python3.7/site-packages/airflow/example_dags/example_branch_operator.py
[2022-12-30T00:01:12.397+0000] {processor.py:743} INFO - Processing file /home/airflow/.local/lib/python3.7/site-packages/airflow/example_dags/example_branch_operator.py for tasks to queue
[2022-12-30T00:01:12.398+0000] {logging_mixin.py:137} INFO - [2022-12-30T00:01:12.398+0000] {dagbag.py:538} INFO - Filling up the DagBag from /home/airflow/.local/lib/python3.7/site-packages/airflow/example_dags/example_branch_operator.py
[2022-12-30T00:01:12.411+0000] {processor.py:753} INFO - DAG(s) dict_keys(['example_branch_operator']) retrieved from /home/airflow/.local/lib/python3.7/site-packages/airflow/example_dags/example_branch_operator.py
[2022-12-30T00:01:12.441+0000] {logging_mixin.py:137} INFO - [2022-12-30T00:01:12.441+0000] {dag.py:2676} INFO - Sync 1 DAGs
[2022-12-30T00:01:12.461+0000] {logging_mixin.py:137} INFO - [2022-12-30T00:01:12.461+0000] {dag.py:3427} INFO - Setting next_dagrun for example_branch_operator to 2022-12-29T00:00:00+00:00, run_after=2022-12-30T00:00:00+00:00
[2022-12-30T00:01:12.474+0000] {processor.py:175} INFO - Processing /home/airflow/.local/lib/python3.7/site-packages/airflow/example_dags/example_branch_operator.py took 0.080 seconds
[2022-12-30T00:01:42.659+0000] {processor.py:153} INFO - Started process (PID=34843) to work on /home/airflow/.local/lib/python3.7/site-packages/airflow/example_dags/example_branch_operator.py
[2022-12-30T00:01:42.659+0000] {processor.py:743} INFO - Processing file /home/airflow/.local/lib/python3.7/site-packages/airflow/example_dags/example_branch_operator.py for tasks to queue
[2022-12-30T00:01:42.660+0000] {logging_mixin.py:137} INFO - [2022-12-30T00:01:42.660+0000] {dagbag.py:538} INFO - Filling up the DagBag from /home/airflow/.local/lib/python3.7/site-packages/airflow/example_dags/example_branch_operator.py
[2022-12-30T00:01:42.674+0000] {processor.py:753} INFO - DAG(s) dict_keys(['example_branch_operator']) retrieved from /home/airflow/.local/lib/python3.7/site-packages/airflow/example_dags/example_branch_operator.py
[2022-12-30T00:01:42.705+0000] {logging_mixin.py:137} INFO - [2022-12-30T00:01:42.705+0000] {dag.py:2676} INFO - Sync 1 DAGs
[2022-12-30T00:01:42.724+0000] {logging_mixin.py:137} INFO - [2022-12-30T00:01:42.724+0000] {dag.py:3427} INFO - Setting next_dagrun for example_branch_operator to 2022-12-29T00:00:00+00:00, run_after=2022-12-30T00:00:00+00:00
[2022-12-30T00:01:42.736+0000] {processor.py:175} INFO - Processing /home/airflow/.local/lib/python3.7/site-packages/airflow/example_dags/example_branch_operator.py took 0.079 seconds
[2022-12-30T00:02:13.213+0000] {processor.py:153} INFO - Started process (PID=34945) to work on /home/airflow/.local/lib/python3.7/site-packages/airflow/example_dags/example_branch_operator.py
[2022-12-30T00:02:13.214+0000] {processor.py:743} INFO - Processing file /home/airflow/.local/lib/python3.7/site-packages/airflow/example_dags/example_branch_operator.py for tasks to queue
[2022-12-30T00:02:13.215+0000] {logging_mixin.py:137} INFO - [2022-12-30T00:02:13.215+0000] {dagbag.py:538} INFO - Filling up the DagBag from /home/airflow/.local/lib/python3.7/site-packages/airflow/example_dags/example_branch_operator.py
[2022-12-30T00:02:13.227+0000] {processor.py:753} INFO - DAG(s) dict_keys(['example_branch_operator']) retrieved from /home/airflow/.local/lib/python3.7/site-packages/airflow/example_dags/example_branch_operator.py
[2022-12-30T00:02:13.257+0000] {logging_mixin.py:137} INFO - [2022-12-30T00:02:13.256+0000] {dag.py:2676} INFO - Sync 1 DAGs
[2022-12-30T00:02:13.276+0000] {logging_mixin.py:137} INFO - [2022-12-30T00:02:13.276+0000] {dag.py:3427} INFO - Setting next_dagrun for example_branch_operator to 2022-12-29T00:00:00+00:00, run_after=2022-12-30T00:00:00+00:00
[2022-12-30T00:02:13.287+0000] {processor.py:175} INFO - Processing /home/airflow/.local/lib/python3.7/site-packages/airflow/example_dags/example_branch_operator.py took 0.077 seconds
[2022-12-30T00:02:43.767+0000] {processor.py:153} INFO - Started process (PID=35028) to work on /home/airflow/.local/lib/python3.7/site-packages/airflow/example_dags/example_branch_operator.py
[2022-12-30T00:02:43.768+0000] {processor.py:743} INFO - Processing file /home/airflow/.local/lib/python3.7/site-packages/airflow/example_dags/example_branch_operator.py for tasks to queue
[2022-12-30T00:02:43.768+0000] {logging_mixin.py:137} INFO - [2022-12-30T00:02:43.768+0000] {dagbag.py:538} INFO - Filling up the DagBag from /home/airflow/.local/lib/python3.7/site-packages/airflow/example_dags/example_branch_operator.py
[2022-12-30T00:02:43.780+0000] {processor.py:753} INFO - DAG(s) dict_keys(['example_branch_operator']) retrieved from /home/airflow/.local/lib/python3.7/site-packages/airflow/example_dags/example_branch_operator.py
[2022-12-30T00:02:43.807+0000] {logging_mixin.py:137} INFO - [2022-12-30T00:02:43.807+0000] {dag.py:2676} INFO - Sync 1 DAGs
[2022-12-30T00:02:43.828+0000] {logging_mixin.py:137} INFO - [2022-12-30T00:02:43.828+0000] {dag.py:3427} INFO - Setting next_dagrun for example_branch_operator to 2022-12-29T00:00:00+00:00, run_after=2022-12-30T00:00:00+00:00
[2022-12-30T00:02:43.841+0000] {processor.py:175} INFO - Processing /home/airflow/.local/lib/python3.7/site-packages/airflow/example_dags/example_branch_operator.py took 0.076 seconds
[2022-12-30T00:03:14.170+0000] {processor.py:153} INFO - Started process (PID=35129) to work on /home/airflow/.local/lib/python3.7/site-packages/airflow/example_dags/example_branch_operator.py
[2022-12-30T00:03:14.170+0000] {processor.py:743} INFO - Processing file /home/airflow/.local/lib/python3.7/site-packages/airflow/example_dags/example_branch_operator.py for tasks to queue
[2022-12-30T00:03:14.171+0000] {logging_mixin.py:137} INFO - [2022-12-30T00:03:14.171+0000] {dagbag.py:538} INFO - Filling up the DagBag from /home/airflow/.local/lib/python3.7/site-packages/airflow/example_dags/example_branch_operator.py
[2022-12-30T00:03:14.183+0000] {processor.py:753} INFO - DAG(s) dict_keys(['example_branch_operator']) retrieved from /home/airflow/.local/lib/python3.7/site-packages/airflow/example_dags/example_branch_operator.py
[2022-12-30T00:03:14.214+0000] {logging_mixin.py:137} INFO - [2022-12-30T00:03:14.214+0000] {dag.py:2676} INFO - Sync 1 DAGs
[2022-12-30T00:03:14.233+0000] {logging_mixin.py:137} INFO - [2022-12-30T00:03:14.233+0000] {dag.py:3427} INFO - Setting next_dagrun for example_branch_operator to 2022-12-29T00:00:00+00:00, run_after=2022-12-30T00:00:00+00:00
[2022-12-30T00:03:14.246+0000] {processor.py:175} INFO - Processing /home/airflow/.local/lib/python3.7/site-packages/airflow/example_dags/example_branch_operator.py took 0.079 seconds
[2022-12-30T00:03:45.093+0000] {processor.py:153} INFO - Started process (PID=35231) to work on /home/airflow/.local/lib/python3.7/site-packages/airflow/example_dags/example_branch_operator.py
[2022-12-30T00:03:45.094+0000] {processor.py:743} INFO - Processing file /home/airflow/.local/lib/python3.7/site-packages/airflow/example_dags/example_branch_operator.py for tasks to queue
[2022-12-30T00:03:45.094+0000] {logging_mixin.py:137} INFO - [2022-12-30T00:03:45.094+0000] {dagbag.py:538} INFO - Filling up the DagBag from /home/airflow/.local/lib/python3.7/site-packages/airflow/example_dags/example_branch_operator.py
[2022-12-30T00:03:45.109+0000] {processor.py:753} INFO - DAG(s) dict_keys(['example_branch_operator']) retrieved from /home/airflow/.local/lib/python3.7/site-packages/airflow/example_dags/example_branch_operator.py
[2022-12-30T00:03:45.139+0000] {logging_mixin.py:137} INFO - [2022-12-30T00:03:45.139+0000] {dag.py:2676} INFO - Sync 1 DAGs
[2022-12-30T00:03:45.161+0000] {logging_mixin.py:137} INFO - [2022-12-30T00:03:45.161+0000] {dag.py:3427} INFO - Setting next_dagrun for example_branch_operator to 2022-12-29T00:00:00+00:00, run_after=2022-12-30T00:00:00+00:00
[2022-12-30T00:03:45.175+0000] {processor.py:175} INFO - Processing /home/airflow/.local/lib/python3.7/site-packages/airflow/example_dags/example_branch_operator.py took 0.085 seconds
[2022-12-30T00:04:15.657+0000] {processor.py:153} INFO - Started process (PID=35313) to work on /home/airflow/.local/lib/python3.7/site-packages/airflow/example_dags/example_branch_operator.py
[2022-12-30T00:04:15.658+0000] {processor.py:743} INFO - Processing file /home/airflow/.local/lib/python3.7/site-packages/airflow/example_dags/example_branch_operator.py for tasks to queue
[2022-12-30T00:04:15.658+0000] {logging_mixin.py:137} INFO - [2022-12-30T00:04:15.658+0000] {dagbag.py:538} INFO - Filling up the DagBag from /home/airflow/.local/lib/python3.7/site-packages/airflow/example_dags/example_branch_operator.py
[2022-12-30T00:04:15.670+0000] {processor.py:753} INFO - DAG(s) dict_keys(['example_branch_operator']) retrieved from /home/airflow/.local/lib/python3.7/site-packages/airflow/example_dags/example_branch_operator.py
[2022-12-30T00:04:15.702+0000] {logging_mixin.py:137} INFO - [2022-12-30T00:04:15.702+0000] {dag.py:2676} INFO - Sync 1 DAGs
[2022-12-30T00:04:15.724+0000] {logging_mixin.py:137} INFO - [2022-12-30T00:04:15.724+0000] {dag.py:3427} INFO - Setting next_dagrun for example_branch_operator to 2022-12-29T00:00:00+00:00, run_after=2022-12-30T00:00:00+00:00
[2022-12-30T00:04:15.738+0000] {processor.py:175} INFO - Processing /home/airflow/.local/lib/python3.7/site-packages/airflow/example_dags/example_branch_operator.py took 0.085 seconds
[2022-12-30T00:04:46.398+0000] {processor.py:153} INFO - Started process (PID=35415) to work on /home/airflow/.local/lib/python3.7/site-packages/airflow/example_dags/example_branch_operator.py
[2022-12-30T00:04:46.399+0000] {processor.py:743} INFO - Processing file /home/airflow/.local/lib/python3.7/site-packages/airflow/example_dags/example_branch_operator.py for tasks to queue
[2022-12-30T00:04:46.400+0000] {logging_mixin.py:137} INFO - [2022-12-30T00:04:46.400+0000] {dagbag.py:538} INFO - Filling up the DagBag from /home/airflow/.local/lib/python3.7/site-packages/airflow/example_dags/example_branch_operator.py
[2022-12-30T00:04:46.411+0000] {processor.py:753} INFO - DAG(s) dict_keys(['example_branch_operator']) retrieved from /home/airflow/.local/lib/python3.7/site-packages/airflow/example_dags/example_branch_operator.py
[2022-12-30T00:04:46.439+0000] {logging_mixin.py:137} INFO - [2022-12-30T00:04:46.439+0000] {dag.py:2676} INFO - Sync 1 DAGs
[2022-12-30T00:04:46.462+0000] {logging_mixin.py:137} INFO - [2022-12-30T00:04:46.462+0000] {dag.py:3427} INFO - Setting next_dagrun for example_branch_operator to 2022-12-29T00:00:00+00:00, run_after=2022-12-30T00:00:00+00:00
[2022-12-30T00:04:46.473+0000] {processor.py:175} INFO - Processing /home/airflow/.local/lib/python3.7/site-packages/airflow/example_dags/example_branch_operator.py took 0.077 seconds
[2022-12-30T00:05:16.669+0000] {processor.py:153} INFO - Started process (PID=35497) to work on /home/airflow/.local/lib/python3.7/site-packages/airflow/example_dags/example_branch_operator.py
[2022-12-30T00:05:16.670+0000] {processor.py:743} INFO - Processing file /home/airflow/.local/lib/python3.7/site-packages/airflow/example_dags/example_branch_operator.py for tasks to queue
[2022-12-30T00:05:16.670+0000] {logging_mixin.py:137} INFO - [2022-12-30T00:05:16.670+0000] {dagbag.py:538} INFO - Filling up the DagBag from /home/airflow/.local/lib/python3.7/site-packages/airflow/example_dags/example_branch_operator.py
[2022-12-30T00:05:16.684+0000] {processor.py:753} INFO - DAG(s) dict_keys(['example_branch_operator']) retrieved from /home/airflow/.local/lib/python3.7/site-packages/airflow/example_dags/example_branch_operator.py
[2022-12-30T00:05:16.714+0000] {logging_mixin.py:137} INFO - [2022-12-30T00:05:16.714+0000] {dag.py:2676} INFO - Sync 1 DAGs
[2022-12-30T00:05:16.734+0000] {logging_mixin.py:137} INFO - [2022-12-30T00:05:16.734+0000] {dag.py:3427} INFO - Setting next_dagrun for example_branch_operator to 2022-12-29T00:00:00+00:00, run_after=2022-12-30T00:00:00+00:00
[2022-12-30T00:05:16.747+0000] {processor.py:175} INFO - Processing /home/airflow/.local/lib/python3.7/site-packages/airflow/example_dags/example_branch_operator.py took 0.081 seconds
[2022-12-30T00:05:47.034+0000] {processor.py:153} INFO - Started process (PID=35599) to work on /home/airflow/.local/lib/python3.7/site-packages/airflow/example_dags/example_branch_operator.py
[2022-12-30T00:05:47.034+0000] {processor.py:743} INFO - Processing file /home/airflow/.local/lib/python3.7/site-packages/airflow/example_dags/example_branch_operator.py for tasks to queue
[2022-12-30T00:05:47.035+0000] {logging_mixin.py:137} INFO - [2022-12-30T00:05:47.035+0000] {dagbag.py:538} INFO - Filling up the DagBag from /home/airflow/.local/lib/python3.7/site-packages/airflow/example_dags/example_branch_operator.py
[2022-12-30T00:05:47.048+0000] {processor.py:753} INFO - DAG(s) dict_keys(['example_branch_operator']) retrieved from /home/airflow/.local/lib/python3.7/site-packages/airflow/example_dags/example_branch_operator.py
[2022-12-30T00:05:47.075+0000] {logging_mixin.py:137} INFO - [2022-12-30T00:05:47.075+0000] {dag.py:2676} INFO - Sync 1 DAGs
[2022-12-30T00:05:47.095+0000] {logging_mixin.py:137} INFO - [2022-12-30T00:05:47.095+0000] {dag.py:3427} INFO - Setting next_dagrun for example_branch_operator to 2022-12-29T00:00:00+00:00, run_after=2022-12-30T00:00:00+00:00
[2022-12-30T00:05:47.107+0000] {processor.py:175} INFO - Processing /home/airflow/.local/lib/python3.7/site-packages/airflow/example_dags/example_branch_operator.py took 0.075 seconds
[2022-12-30T00:06:17.700+0000] {processor.py:153} INFO - Started process (PID=35690) to work on /home/airflow/.local/lib/python3.7/site-packages/airflow/example_dags/example_branch_operator.py
[2022-12-30T00:06:17.701+0000] {processor.py:743} INFO - Processing file /home/airflow/.local/lib/python3.7/site-packages/airflow/example_dags/example_branch_operator.py for tasks to queue
[2022-12-30T00:06:17.701+0000] {logging_mixin.py:137} INFO - [2022-12-30T00:06:17.701+0000] {dagbag.py:538} INFO - Filling up the DagBag from /home/airflow/.local/lib/python3.7/site-packages/airflow/example_dags/example_branch_operator.py
[2022-12-30T00:06:17.716+0000] {processor.py:753} INFO - DAG(s) dict_keys(['example_branch_operator']) retrieved from /home/airflow/.local/lib/python3.7/site-packages/airflow/example_dags/example_branch_operator.py
[2022-12-30T00:06:17.742+0000] {logging_mixin.py:137} INFO - [2022-12-30T00:06:17.742+0000] {dag.py:2676} INFO - Sync 1 DAGs
[2022-12-30T00:06:17.761+0000] {logging_mixin.py:137} INFO - [2022-12-30T00:06:17.761+0000] {dag.py:3427} INFO - Setting next_dagrun for example_branch_operator to 2022-12-29T00:00:00+00:00, run_after=2022-12-30T00:00:00+00:00
[2022-12-30T00:06:17.772+0000] {processor.py:175} INFO - Processing /home/airflow/.local/lib/python3.7/site-packages/airflow/example_dags/example_branch_operator.py took 0.075 seconds
[2022-12-30T00:06:47.824+0000] {processor.py:153} INFO - Started process (PID=35782) to work on /home/airflow/.local/lib/python3.7/site-packages/airflow/example_dags/example_branch_operator.py
[2022-12-30T00:06:47.825+0000] {processor.py:743} INFO - Processing file /home/airflow/.local/lib/python3.7/site-packages/airflow/example_dags/example_branch_operator.py for tasks to queue
[2022-12-30T00:06:47.825+0000] {logging_mixin.py:137} INFO - [2022-12-30T00:06:47.825+0000] {dagbag.py:538} INFO - Filling up the DagBag from /home/airflow/.local/lib/python3.7/site-packages/airflow/example_dags/example_branch_operator.py
[2022-12-30T00:06:47.844+0000] {processor.py:753} INFO - DAG(s) dict_keys(['example_branch_operator']) retrieved from /home/airflow/.local/lib/python3.7/site-packages/airflow/example_dags/example_branch_operator.py
[2022-12-30T00:06:47.878+0000] {logging_mixin.py:137} INFO - [2022-12-30T00:06:47.878+0000] {dag.py:2676} INFO - Sync 1 DAGs
[2022-12-30T00:06:47.898+0000] {logging_mixin.py:137} INFO - [2022-12-30T00:06:47.898+0000] {dag.py:3427} INFO - Setting next_dagrun for example_branch_operator to 2022-12-29T00:00:00+00:00, run_after=2022-12-30T00:00:00+00:00
[2022-12-30T00:06:47.910+0000] {processor.py:175} INFO - Processing /home/airflow/.local/lib/python3.7/site-packages/airflow/example_dags/example_branch_operator.py took 0.088 seconds
[2022-12-30T00:07:19.993+0000] {processor.py:153} INFO - Started process (PID=35885) to work on /home/airflow/.local/lib/python3.7/site-packages/airflow/example_dags/example_branch_operator.py
[2022-12-30T00:07:19.994+0000] {processor.py:743} INFO - Processing file /home/airflow/.local/lib/python3.7/site-packages/airflow/example_dags/example_branch_operator.py for tasks to queue
[2022-12-30T00:07:19.994+0000] {logging_mixin.py:137} INFO - [2022-12-30T00:07:19.994+0000] {dagbag.py:538} INFO - Filling up the DagBag from /home/airflow/.local/lib/python3.7/site-packages/airflow/example_dags/example_branch_operator.py
[2022-12-30T00:07:20.011+0000] {processor.py:753} INFO - DAG(s) dict_keys(['example_branch_operator']) retrieved from /home/airflow/.local/lib/python3.7/site-packages/airflow/example_dags/example_branch_operator.py
[2022-12-30T00:07:20.048+0000] {logging_mixin.py:137} INFO - [2022-12-30T00:07:20.048+0000] {dag.py:2676} INFO - Sync 1 DAGs
[2022-12-30T00:07:20.071+0000] {logging_mixin.py:137} INFO - [2022-12-30T00:07:20.071+0000] {dag.py:3427} INFO - Setting next_dagrun for example_branch_operator to 2022-12-29T00:00:00+00:00, run_after=2022-12-30T00:00:00+00:00
[2022-12-30T00:07:20.085+0000] {processor.py:175} INFO - Processing /home/airflow/.local/lib/python3.7/site-packages/airflow/example_dags/example_branch_operator.py took 0.095 seconds
[2022-12-30T00:07:50.722+0000] {processor.py:153} INFO - Started process (PID=35967) to work on /home/airflow/.local/lib/python3.7/site-packages/airflow/example_dags/example_branch_operator.py
[2022-12-30T00:07:50.723+0000] {processor.py:743} INFO - Processing file /home/airflow/.local/lib/python3.7/site-packages/airflow/example_dags/example_branch_operator.py for tasks to queue
[2022-12-30T00:07:50.723+0000] {logging_mixin.py:137} INFO - [2022-12-30T00:07:50.723+0000] {dagbag.py:538} INFO - Filling up the DagBag from /home/airflow/.local/lib/python3.7/site-packages/airflow/example_dags/example_branch_operator.py
[2022-12-30T00:07:50.737+0000] {processor.py:753} INFO - DAG(s) dict_keys(['example_branch_operator']) retrieved from /home/airflow/.local/lib/python3.7/site-packages/airflow/example_dags/example_branch_operator.py
[2022-12-30T00:07:50.762+0000] {logging_mixin.py:137} INFO - [2022-12-30T00:07:50.761+0000] {dag.py:2676} INFO - Sync 1 DAGs
[2022-12-30T00:07:50.782+0000] {logging_mixin.py:137} INFO - [2022-12-30T00:07:50.782+0000] {dag.py:3427} INFO - Setting next_dagrun for example_branch_operator to 2022-12-29T00:00:00+00:00, run_after=2022-12-30T00:00:00+00:00
[2022-12-30T00:07:50.795+0000] {processor.py:175} INFO - Processing /home/airflow/.local/lib/python3.7/site-packages/airflow/example_dags/example_branch_operator.py took 0.076 seconds
[2022-12-30T00:08:21.178+0000] {processor.py:153} INFO - Started process (PID=36069) to work on /home/airflow/.local/lib/python3.7/site-packages/airflow/example_dags/example_branch_operator.py
[2022-12-30T00:08:21.178+0000] {processor.py:743} INFO - Processing file /home/airflow/.local/lib/python3.7/site-packages/airflow/example_dags/example_branch_operator.py for tasks to queue
[2022-12-30T00:08:21.179+0000] {logging_mixin.py:137} INFO - [2022-12-30T00:08:21.179+0000] {dagbag.py:538} INFO - Filling up the DagBag from /home/airflow/.local/lib/python3.7/site-packages/airflow/example_dags/example_branch_operator.py
[2022-12-30T00:08:21.191+0000] {processor.py:753} INFO - DAG(s) dict_keys(['example_branch_operator']) retrieved from /home/airflow/.local/lib/python3.7/site-packages/airflow/example_dags/example_branch_operator.py
[2022-12-30T00:08:21.217+0000] {logging_mixin.py:137} INFO - [2022-12-30T00:08:21.217+0000] {dag.py:2676} INFO - Sync 1 DAGs
[2022-12-30T00:08:21.238+0000] {logging_mixin.py:137} INFO - [2022-12-30T00:08:21.238+0000] {dag.py:3427} INFO - Setting next_dagrun for example_branch_operator to 2022-12-29T00:00:00+00:00, run_after=2022-12-30T00:00:00+00:00
[2022-12-30T00:08:21.251+0000] {processor.py:175} INFO - Processing /home/airflow/.local/lib/python3.7/site-packages/airflow/example_dags/example_branch_operator.py took 0.076 seconds
[2022-12-30T00:08:51.732+0000] {processor.py:153} INFO - Started process (PID=36158) to work on /home/airflow/.local/lib/python3.7/site-packages/airflow/example_dags/example_branch_operator.py
[2022-12-30T00:08:51.733+0000] {processor.py:743} INFO - Processing file /home/airflow/.local/lib/python3.7/site-packages/airflow/example_dags/example_branch_operator.py for tasks to queue
[2022-12-30T00:08:51.733+0000] {logging_mixin.py:137} INFO - [2022-12-30T00:08:51.733+0000] {dagbag.py:538} INFO - Filling up the DagBag from /home/airflow/.local/lib/python3.7/site-packages/airflow/example_dags/example_branch_operator.py
[2022-12-30T00:08:51.745+0000] {processor.py:753} INFO - DAG(s) dict_keys(['example_branch_operator']) retrieved from /home/airflow/.local/lib/python3.7/site-packages/airflow/example_dags/example_branch_operator.py
[2022-12-30T00:08:51.777+0000] {logging_mixin.py:137} INFO - [2022-12-30T00:08:51.777+0000] {dag.py:2676} INFO - Sync 1 DAGs
[2022-12-30T00:08:51.806+0000] {logging_mixin.py:137} INFO - [2022-12-30T00:08:51.806+0000] {dag.py:3427} INFO - Setting next_dagrun for example_branch_operator to 2022-12-29T00:00:00+00:00, run_after=2022-12-30T00:00:00+00:00
[2022-12-30T00:08:51.822+0000] {processor.py:175} INFO - Processing /home/airflow/.local/lib/python3.7/site-packages/airflow/example_dags/example_branch_operator.py took 0.093 seconds
[2022-12-30T00:09:22.486+0000] {processor.py:153} INFO - Started process (PID=36253) to work on /home/airflow/.local/lib/python3.7/site-packages/airflow/example_dags/example_branch_operator.py
[2022-12-30T00:09:22.487+0000] {processor.py:743} INFO - Processing file /home/airflow/.local/lib/python3.7/site-packages/airflow/example_dags/example_branch_operator.py for tasks to queue
[2022-12-30T00:09:22.487+0000] {logging_mixin.py:137} INFO - [2022-12-30T00:09:22.487+0000] {dagbag.py:538} INFO - Filling up the DagBag from /home/airflow/.local/lib/python3.7/site-packages/airflow/example_dags/example_branch_operator.py
[2022-12-30T00:09:22.502+0000] {processor.py:753} INFO - DAG(s) dict_keys(['example_branch_operator']) retrieved from /home/airflow/.local/lib/python3.7/site-packages/airflow/example_dags/example_branch_operator.py
[2022-12-30T00:09:22.528+0000] {logging_mixin.py:137} INFO - [2022-12-30T00:09:22.528+0000] {dag.py:2676} INFO - Sync 1 DAGs
[2022-12-30T00:09:22.548+0000] {logging_mixin.py:137} INFO - [2022-12-30T00:09:22.547+0000] {dag.py:3427} INFO - Setting next_dagrun for example_branch_operator to 2022-12-29T00:00:00+00:00, run_after=2022-12-30T00:00:00+00:00
[2022-12-30T00:09:22.559+0000] {processor.py:175} INFO - Processing /home/airflow/.local/lib/python3.7/site-packages/airflow/example_dags/example_branch_operator.py took 0.075 seconds
[2022-12-30T00:09:53.082+0000] {processor.py:153} INFO - Started process (PID=36355) to work on /home/airflow/.local/lib/python3.7/site-packages/airflow/example_dags/example_branch_operator.py
[2022-12-30T00:09:53.083+0000] {processor.py:743} INFO - Processing file /home/airflow/.local/lib/python3.7/site-packages/airflow/example_dags/example_branch_operator.py for tasks to queue
[2022-12-30T00:09:53.084+0000] {logging_mixin.py:137} INFO - [2022-12-30T00:09:53.084+0000] {dagbag.py:538} INFO - Filling up the DagBag from /home/airflow/.local/lib/python3.7/site-packages/airflow/example_dags/example_branch_operator.py
[2022-12-30T00:09:53.097+0000] {processor.py:753} INFO - DAG(s) dict_keys(['example_branch_operator']) retrieved from /home/airflow/.local/lib/python3.7/site-packages/airflow/example_dags/example_branch_operator.py
[2022-12-30T00:09:53.125+0000] {logging_mixin.py:137} INFO - [2022-12-30T00:09:53.125+0000] {dag.py:2676} INFO - Sync 1 DAGs
[2022-12-30T00:09:53.145+0000] {logging_mixin.py:137} INFO - [2022-12-30T00:09:53.145+0000] {dag.py:3427} INFO - Setting next_dagrun for example_branch_operator to 2022-12-29T00:00:00+00:00, run_after=2022-12-30T00:00:00+00:00
[2022-12-30T00:09:53.159+0000] {processor.py:175} INFO - Processing /home/airflow/.local/lib/python3.7/site-packages/airflow/example_dags/example_branch_operator.py took 0.080 seconds
[2022-12-30T00:10:23.646+0000] {processor.py:153} INFO - Started process (PID=36437) to work on /home/airflow/.local/lib/python3.7/site-packages/airflow/example_dags/example_branch_operator.py
[2022-12-30T00:10:23.647+0000] {processor.py:743} INFO - Processing file /home/airflow/.local/lib/python3.7/site-packages/airflow/example_dags/example_branch_operator.py for tasks to queue
[2022-12-30T00:10:23.648+0000] {logging_mixin.py:137} INFO - [2022-12-30T00:10:23.648+0000] {dagbag.py:538} INFO - Filling up the DagBag from /home/airflow/.local/lib/python3.7/site-packages/airflow/example_dags/example_branch_operator.py
[2022-12-30T00:10:23.663+0000] {processor.py:753} INFO - DAG(s) dict_keys(['example_branch_operator']) retrieved from /home/airflow/.local/lib/python3.7/site-packages/airflow/example_dags/example_branch_operator.py
[2022-12-30T00:10:23.691+0000] {logging_mixin.py:137} INFO - [2022-12-30T00:10:23.691+0000] {dag.py:2676} INFO - Sync 1 DAGs
[2022-12-30T00:10:23.712+0000] {logging_mixin.py:137} INFO - [2022-12-30T00:10:23.712+0000] {dag.py:3427} INFO - Setting next_dagrun for example_branch_operator to 2022-12-29T00:00:00+00:00, run_after=2022-12-30T00:00:00+00:00
[2022-12-30T00:10:23.726+0000] {processor.py:175} INFO - Processing /home/airflow/.local/lib/python3.7/site-packages/airflow/example_dags/example_branch_operator.py took 0.082 seconds
[2022-12-30T00:10:54.015+0000] {processor.py:153} INFO - Started process (PID=36539) to work on /home/airflow/.local/lib/python3.7/site-packages/airflow/example_dags/example_branch_operator.py
[2022-12-30T00:10:54.016+0000] {processor.py:743} INFO - Processing file /home/airflow/.local/lib/python3.7/site-packages/airflow/example_dags/example_branch_operator.py for tasks to queue
[2022-12-30T00:10:54.016+0000] {logging_mixin.py:137} INFO - [2022-12-30T00:10:54.016+0000] {dagbag.py:538} INFO - Filling up the DagBag from /home/airflow/.local/lib/python3.7/site-packages/airflow/example_dags/example_branch_operator.py
[2022-12-30T00:10:54.031+0000] {processor.py:753} INFO - DAG(s) dict_keys(['example_branch_operator']) retrieved from /home/airflow/.local/lib/python3.7/site-packages/airflow/example_dags/example_branch_operator.py
[2022-12-30T00:10:54.059+0000] {logging_mixin.py:137} INFO - [2022-12-30T00:10:54.059+0000] {dag.py:2676} INFO - Sync 1 DAGs
[2022-12-30T00:10:54.077+0000] {logging_mixin.py:137} INFO - [2022-12-30T00:10:54.077+0000] {dag.py:3427} INFO - Setting next_dagrun for example_branch_operator to 2022-12-29T00:00:00+00:00, run_after=2022-12-30T00:00:00+00:00
[2022-12-30T00:10:54.088+0000] {processor.py:175} INFO - Processing /home/airflow/.local/lib/python3.7/site-packages/airflow/example_dags/example_branch_operator.py took 0.075 seconds
[2022-12-30T00:11:24.612+0000] {processor.py:153} INFO - Started process (PID=36621) to work on /home/airflow/.local/lib/python3.7/site-packages/airflow/example_dags/example_branch_operator.py
[2022-12-30T00:11:24.613+0000] {processor.py:743} INFO - Processing file /home/airflow/.local/lib/python3.7/site-packages/airflow/example_dags/example_branch_operator.py for tasks to queue
[2022-12-30T00:11:24.613+0000] {logging_mixin.py:137} INFO - [2022-12-30T00:11:24.613+0000] {dagbag.py:538} INFO - Filling up the DagBag from /home/airflow/.local/lib/python3.7/site-packages/airflow/example_dags/example_branch_operator.py
[2022-12-30T00:11:24.624+0000] {processor.py:753} INFO - DAG(s) dict_keys(['example_branch_operator']) retrieved from /home/airflow/.local/lib/python3.7/site-packages/airflow/example_dags/example_branch_operator.py
[2022-12-30T00:11:24.650+0000] {logging_mixin.py:137} INFO - [2022-12-30T00:11:24.650+0000] {dag.py:2676} INFO - Sync 1 DAGs
[2022-12-30T00:11:24.669+0000] {logging_mixin.py:137} INFO - [2022-12-30T00:11:24.669+0000] {dag.py:3427} INFO - Setting next_dagrun for example_branch_operator to 2022-12-29T00:00:00+00:00, run_after=2022-12-30T00:00:00+00:00
[2022-12-30T00:11:24.680+0000] {processor.py:175} INFO - Processing /home/airflow/.local/lib/python3.7/site-packages/airflow/example_dags/example_branch_operator.py took 0.071 seconds
[2022-12-30T00:11:54.906+0000] {processor.py:153} INFO - Started process (PID=36723) to work on /home/airflow/.local/lib/python3.7/site-packages/airflow/example_dags/example_branch_operator.py
[2022-12-30T00:11:54.907+0000] {processor.py:743} INFO - Processing file /home/airflow/.local/lib/python3.7/site-packages/airflow/example_dags/example_branch_operator.py for tasks to queue
[2022-12-30T00:11:54.907+0000] {logging_mixin.py:137} INFO - [2022-12-30T00:11:54.907+0000] {dagbag.py:538} INFO - Filling up the DagBag from /home/airflow/.local/lib/python3.7/site-packages/airflow/example_dags/example_branch_operator.py
[2022-12-30T00:11:54.920+0000] {processor.py:753} INFO - DAG(s) dict_keys(['example_branch_operator']) retrieved from /home/airflow/.local/lib/python3.7/site-packages/airflow/example_dags/example_branch_operator.py
[2022-12-30T00:11:54.948+0000] {logging_mixin.py:137} INFO - [2022-12-30T00:11:54.948+0000] {dag.py:2676} INFO - Sync 1 DAGs
[2022-12-30T00:11:54.967+0000] {logging_mixin.py:137} INFO - [2022-12-30T00:11:54.967+0000] {dag.py:3427} INFO - Setting next_dagrun for example_branch_operator to 2022-12-29T00:00:00+00:00, run_after=2022-12-30T00:00:00+00:00
[2022-12-30T00:11:54.979+0000] {processor.py:175} INFO - Processing /home/airflow/.local/lib/python3.7/site-packages/airflow/example_dags/example_branch_operator.py took 0.075 seconds
[2022-12-30T00:12:25.413+0000] {processor.py:153} INFO - Started process (PID=36825) to work on /home/airflow/.local/lib/python3.7/site-packages/airflow/example_dags/example_branch_operator.py
[2022-12-30T00:12:25.414+0000] {processor.py:743} INFO - Processing file /home/airflow/.local/lib/python3.7/site-packages/airflow/example_dags/example_branch_operator.py for tasks to queue
[2022-12-30T00:12:25.414+0000] {logging_mixin.py:137} INFO - [2022-12-30T00:12:25.414+0000] {dagbag.py:538} INFO - Filling up the DagBag from /home/airflow/.local/lib/python3.7/site-packages/airflow/example_dags/example_branch_operator.py
[2022-12-30T00:12:25.429+0000] {processor.py:753} INFO - DAG(s) dict_keys(['example_branch_operator']) retrieved from /home/airflow/.local/lib/python3.7/site-packages/airflow/example_dags/example_branch_operator.py
[2022-12-30T00:12:25.465+0000] {logging_mixin.py:137} INFO - [2022-12-30T00:12:25.465+0000] {dag.py:2676} INFO - Sync 1 DAGs
[2022-12-30T00:12:25.487+0000] {logging_mixin.py:137} INFO - [2022-12-30T00:12:25.487+0000] {dag.py:3427} INFO - Setting next_dagrun for example_branch_operator to 2022-12-29T00:00:00+00:00, run_after=2022-12-30T00:00:00+00:00
[2022-12-30T00:12:25.500+0000] {processor.py:175} INFO - Processing /home/airflow/.local/lib/python3.7/site-packages/airflow/example_dags/example_branch_operator.py took 0.089 seconds
[2022-12-30T00:12:55.902+0000] {processor.py:153} INFO - Started process (PID=36907) to work on /home/airflow/.local/lib/python3.7/site-packages/airflow/example_dags/example_branch_operator.py
[2022-12-30T00:12:55.903+0000] {processor.py:743} INFO - Processing file /home/airflow/.local/lib/python3.7/site-packages/airflow/example_dags/example_branch_operator.py for tasks to queue
[2022-12-30T00:12:55.903+0000] {logging_mixin.py:137} INFO - [2022-12-30T00:12:55.903+0000] {dagbag.py:538} INFO - Filling up the DagBag from /home/airflow/.local/lib/python3.7/site-packages/airflow/example_dags/example_branch_operator.py
[2022-12-30T00:12:55.918+0000] {processor.py:753} INFO - DAG(s) dict_keys(['example_branch_operator']) retrieved from /home/airflow/.local/lib/python3.7/site-packages/airflow/example_dags/example_branch_operator.py
[2022-12-30T00:12:55.945+0000] {logging_mixin.py:137} INFO - [2022-12-30T00:12:55.944+0000] {dag.py:2676} INFO - Sync 1 DAGs
[2022-12-30T00:12:55.969+0000] {logging_mixin.py:137} INFO - [2022-12-30T00:12:55.969+0000] {dag.py:3427} INFO - Setting next_dagrun for example_branch_operator to 2022-12-29T00:00:00+00:00, run_after=2022-12-30T00:00:00+00:00
[2022-12-30T00:12:55.981+0000] {processor.py:175} INFO - Processing /home/airflow/.local/lib/python3.7/site-packages/airflow/example_dags/example_branch_operator.py took 0.082 seconds
[2022-12-30T00:13:26.283+0000] {processor.py:153} INFO - Started process (PID=37009) to work on /home/airflow/.local/lib/python3.7/site-packages/airflow/example_dags/example_branch_operator.py
[2022-12-30T00:13:26.283+0000] {processor.py:743} INFO - Processing file /home/airflow/.local/lib/python3.7/site-packages/airflow/example_dags/example_branch_operator.py for tasks to queue
[2022-12-30T00:13:26.284+0000] {logging_mixin.py:137} INFO - [2022-12-30T00:13:26.284+0000] {dagbag.py:538} INFO - Filling up the DagBag from /home/airflow/.local/lib/python3.7/site-packages/airflow/example_dags/example_branch_operator.py
[2022-12-30T00:13:26.296+0000] {processor.py:753} INFO - DAG(s) dict_keys(['example_branch_operator']) retrieved from /home/airflow/.local/lib/python3.7/site-packages/airflow/example_dags/example_branch_operator.py
[2022-12-30T00:13:26.327+0000] {logging_mixin.py:137} INFO - [2022-12-30T00:13:26.327+0000] {dag.py:2676} INFO - Sync 1 DAGs
[2022-12-30T00:13:26.353+0000] {logging_mixin.py:137} INFO - [2022-12-30T00:13:26.353+0000] {dag.py:3427} INFO - Setting next_dagrun for example_branch_operator to 2022-12-29T00:00:00+00:00, run_after=2022-12-30T00:00:00+00:00
[2022-12-30T00:13:26.367+0000] {processor.py:175} INFO - Processing /home/airflow/.local/lib/python3.7/site-packages/airflow/example_dags/example_branch_operator.py took 0.088 seconds
[2022-12-30T00:13:56.696+0000] {processor.py:153} INFO - Started process (PID=37091) to work on /home/airflow/.local/lib/python3.7/site-packages/airflow/example_dags/example_branch_operator.py
[2022-12-30T00:13:56.697+0000] {processor.py:743} INFO - Processing file /home/airflow/.local/lib/python3.7/site-packages/airflow/example_dags/example_branch_operator.py for tasks to queue
[2022-12-30T00:13:56.698+0000] {logging_mixin.py:137} INFO - [2022-12-30T00:13:56.697+0000] {dagbag.py:538} INFO - Filling up the DagBag from /home/airflow/.local/lib/python3.7/site-packages/airflow/example_dags/example_branch_operator.py
[2022-12-30T00:13:56.709+0000] {processor.py:753} INFO - DAG(s) dict_keys(['example_branch_operator']) retrieved from /home/airflow/.local/lib/python3.7/site-packages/airflow/example_dags/example_branch_operator.py
[2022-12-30T00:13:56.740+0000] {logging_mixin.py:137} INFO - [2022-12-30T00:13:56.740+0000] {dag.py:2676} INFO - Sync 1 DAGs
[2022-12-30T00:13:56.761+0000] {logging_mixin.py:137} INFO - [2022-12-30T00:13:56.761+0000] {dag.py:3427} INFO - Setting next_dagrun for example_branch_operator to 2022-12-29T00:00:00+00:00, run_after=2022-12-30T00:00:00+00:00
[2022-12-30T00:13:56.774+0000] {processor.py:175} INFO - Processing /home/airflow/.local/lib/python3.7/site-packages/airflow/example_dags/example_branch_operator.py took 0.079 seconds
[2022-12-30T00:14:27.242+0000] {processor.py:153} INFO - Started process (PID=37193) to work on /home/airflow/.local/lib/python3.7/site-packages/airflow/example_dags/example_branch_operator.py
[2022-12-30T00:14:27.243+0000] {processor.py:743} INFO - Processing file /home/airflow/.local/lib/python3.7/site-packages/airflow/example_dags/example_branch_operator.py for tasks to queue
[2022-12-30T00:14:27.243+0000] {logging_mixin.py:137} INFO - [2022-12-30T00:14:27.243+0000] {dagbag.py:538} INFO - Filling up the DagBag from /home/airflow/.local/lib/python3.7/site-packages/airflow/example_dags/example_branch_operator.py
[2022-12-30T00:14:27.259+0000] {processor.py:753} INFO - DAG(s) dict_keys(['example_branch_operator']) retrieved from /home/airflow/.local/lib/python3.7/site-packages/airflow/example_dags/example_branch_operator.py
[2022-12-30T00:14:27.288+0000] {logging_mixin.py:137} INFO - [2022-12-30T00:14:27.288+0000] {dag.py:2676} INFO - Sync 1 DAGs
[2022-12-30T00:14:27.307+0000] {logging_mixin.py:137} INFO - [2022-12-30T00:14:27.307+0000] {dag.py:3427} INFO - Setting next_dagrun for example_branch_operator to 2022-12-29T00:00:00+00:00, run_after=2022-12-30T00:00:00+00:00
[2022-12-30T00:14:27.319+0000] {processor.py:175} INFO - Processing /home/airflow/.local/lib/python3.7/site-packages/airflow/example_dags/example_branch_operator.py took 0.079 seconds
[2022-12-30T00:14:57.698+0000] {processor.py:153} INFO - Started process (PID=37284) to work on /home/airflow/.local/lib/python3.7/site-packages/airflow/example_dags/example_branch_operator.py
[2022-12-30T00:14:57.698+0000] {processor.py:743} INFO - Processing file /home/airflow/.local/lib/python3.7/site-packages/airflow/example_dags/example_branch_operator.py for tasks to queue
[2022-12-30T00:14:57.698+0000] {logging_mixin.py:137} INFO - [2022-12-30T00:14:57.698+0000] {dagbag.py:538} INFO - Filling up the DagBag from /home/airflow/.local/lib/python3.7/site-packages/airflow/example_dags/example_branch_operator.py
[2022-12-30T00:14:57.714+0000] {processor.py:753} INFO - DAG(s) dict_keys(['example_branch_operator']) retrieved from /home/airflow/.local/lib/python3.7/site-packages/airflow/example_dags/example_branch_operator.py
[2022-12-30T00:14:57.746+0000] {logging_mixin.py:137} INFO - [2022-12-30T00:14:57.746+0000] {dag.py:2676} INFO - Sync 1 DAGs
[2022-12-30T00:14:57.767+0000] {logging_mixin.py:137} INFO - [2022-12-30T00:14:57.767+0000] {dag.py:3427} INFO - Setting next_dagrun for example_branch_operator to 2022-12-29T00:00:00+00:00, run_after=2022-12-30T00:00:00+00:00
[2022-12-30T00:14:57.782+0000] {processor.py:175} INFO - Processing /home/airflow/.local/lib/python3.7/site-packages/airflow/example_dags/example_branch_operator.py took 0.086 seconds
[2022-12-30T00:15:28.021+0000] {processor.py:153} INFO - Started process (PID=37377) to work on /home/airflow/.local/lib/python3.7/site-packages/airflow/example_dags/example_branch_operator.py
[2022-12-30T00:15:28.022+0000] {processor.py:743} INFO - Processing file /home/airflow/.local/lib/python3.7/site-packages/airflow/example_dags/example_branch_operator.py for tasks to queue
[2022-12-30T00:15:28.023+0000] {logging_mixin.py:137} INFO - [2022-12-30T00:15:28.022+0000] {dagbag.py:538} INFO - Filling up the DagBag from /home/airflow/.local/lib/python3.7/site-packages/airflow/example_dags/example_branch_operator.py
[2022-12-30T00:15:28.036+0000] {processor.py:753} INFO - DAG(s) dict_keys(['example_branch_operator']) retrieved from /home/airflow/.local/lib/python3.7/site-packages/airflow/example_dags/example_branch_operator.py
[2022-12-30T00:15:28.067+0000] {logging_mixin.py:137} INFO - [2022-12-30T00:15:28.067+0000] {dag.py:2676} INFO - Sync 1 DAGs
[2022-12-30T00:15:28.092+0000] {logging_mixin.py:137} INFO - [2022-12-30T00:15:28.092+0000] {dag.py:3427} INFO - Setting next_dagrun for example_branch_operator to 2022-12-29T00:00:00+00:00, run_after=2022-12-30T00:00:00+00:00
[2022-12-30T00:15:28.103+0000] {processor.py:175} INFO - Processing /home/airflow/.local/lib/python3.7/site-packages/airflow/example_dags/example_branch_operator.py took 0.084 seconds
[2022-12-30T00:15:58.928+0000] {processor.py:153} INFO - Started process (PID=37479) to work on /home/airflow/.local/lib/python3.7/site-packages/airflow/example_dags/example_branch_operator.py
[2022-12-30T00:15:58.929+0000] {processor.py:743} INFO - Processing file /home/airflow/.local/lib/python3.7/site-packages/airflow/example_dags/example_branch_operator.py for tasks to queue
[2022-12-30T00:15:58.929+0000] {logging_mixin.py:137} INFO - [2022-12-30T00:15:58.929+0000] {dagbag.py:538} INFO - Filling up the DagBag from /home/airflow/.local/lib/python3.7/site-packages/airflow/example_dags/example_branch_operator.py
[2022-12-30T00:15:58.943+0000] {processor.py:753} INFO - DAG(s) dict_keys(['example_branch_operator']) retrieved from /home/airflow/.local/lib/python3.7/site-packages/airflow/example_dags/example_branch_operator.py
[2022-12-30T00:15:58.977+0000] {logging_mixin.py:137} INFO - [2022-12-30T00:15:58.977+0000] {dag.py:2676} INFO - Sync 1 DAGs
[2022-12-30T00:15:58.997+0000] {logging_mixin.py:137} INFO - [2022-12-30T00:15:58.996+0000] {dag.py:3427} INFO - Setting next_dagrun for example_branch_operator to 2022-12-29T00:00:00+00:00, run_after=2022-12-30T00:00:00+00:00
[2022-12-30T00:15:59.011+0000] {processor.py:175} INFO - Processing /home/airflow/.local/lib/python3.7/site-packages/airflow/example_dags/example_branch_operator.py took 0.085 seconds
[2022-12-30T00:16:29.378+0000] {processor.py:153} INFO - Started process (PID=37561) to work on /home/airflow/.local/lib/python3.7/site-packages/airflow/example_dags/example_branch_operator.py
[2022-12-30T00:16:29.379+0000] {processor.py:743} INFO - Processing file /home/airflow/.local/lib/python3.7/site-packages/airflow/example_dags/example_branch_operator.py for tasks to queue
[2022-12-30T00:16:29.379+0000] {logging_mixin.py:137} INFO - [2022-12-30T00:16:29.379+0000] {dagbag.py:538} INFO - Filling up the DagBag from /home/airflow/.local/lib/python3.7/site-packages/airflow/example_dags/example_branch_operator.py
[2022-12-30T00:16:29.395+0000] {processor.py:753} INFO - DAG(s) dict_keys(['example_branch_operator']) retrieved from /home/airflow/.local/lib/python3.7/site-packages/airflow/example_dags/example_branch_operator.py
[2022-12-30T00:16:29.431+0000] {logging_mixin.py:137} INFO - [2022-12-30T00:16:29.431+0000] {dag.py:2676} INFO - Sync 1 DAGs
[2022-12-30T00:16:29.451+0000] {logging_mixin.py:137} INFO - [2022-12-30T00:16:29.451+0000] {dag.py:3427} INFO - Setting next_dagrun for example_branch_operator to 2022-12-29T00:00:00+00:00, run_after=2022-12-30T00:00:00+00:00
[2022-12-30T00:16:29.464+0000] {processor.py:175} INFO - Processing /home/airflow/.local/lib/python3.7/site-packages/airflow/example_dags/example_branch_operator.py took 0.087 seconds
[2022-12-30T00:16:59.858+0000] {processor.py:153} INFO - Started process (PID=37663) to work on /home/airflow/.local/lib/python3.7/site-packages/airflow/example_dags/example_branch_operator.py
[2022-12-30T00:16:59.858+0000] {processor.py:743} INFO - Processing file /home/airflow/.local/lib/python3.7/site-packages/airflow/example_dags/example_branch_operator.py for tasks to queue
[2022-12-30T00:16:59.859+0000] {logging_mixin.py:137} INFO - [2022-12-30T00:16:59.859+0000] {dagbag.py:538} INFO - Filling up the DagBag from /home/airflow/.local/lib/python3.7/site-packages/airflow/example_dags/example_branch_operator.py
[2022-12-30T00:16:59.874+0000] {processor.py:753} INFO - DAG(s) dict_keys(['example_branch_operator']) retrieved from /home/airflow/.local/lib/python3.7/site-packages/airflow/example_dags/example_branch_operator.py
[2022-12-30T00:16:59.901+0000] {logging_mixin.py:137} INFO - [2022-12-30T00:16:59.901+0000] {dag.py:2676} INFO - Sync 1 DAGs
[2022-12-30T00:16:59.922+0000] {logging_mixin.py:137} INFO - [2022-12-30T00:16:59.922+0000] {dag.py:3427} INFO - Setting next_dagrun for example_branch_operator to 2022-12-29T00:00:00+00:00, run_after=2022-12-30T00:00:00+00:00
[2022-12-30T00:16:59.934+0000] {processor.py:175} INFO - Processing /home/airflow/.local/lib/python3.7/site-packages/airflow/example_dags/example_branch_operator.py took 0.079 seconds
[2022-12-30T00:17:30.544+0000] {processor.py:153} INFO - Started process (PID=37745) to work on /home/airflow/.local/lib/python3.7/site-packages/airflow/example_dags/example_branch_operator.py
[2022-12-30T00:17:30.545+0000] {processor.py:743} INFO - Processing file /home/airflow/.local/lib/python3.7/site-packages/airflow/example_dags/example_branch_operator.py for tasks to queue
[2022-12-30T00:17:30.545+0000] {logging_mixin.py:137} INFO - [2022-12-30T00:17:30.545+0000] {dagbag.py:538} INFO - Filling up the DagBag from /home/airflow/.local/lib/python3.7/site-packages/airflow/example_dags/example_branch_operator.py
[2022-12-30T00:17:30.560+0000] {processor.py:753} INFO - DAG(s) dict_keys(['example_branch_operator']) retrieved from /home/airflow/.local/lib/python3.7/site-packages/airflow/example_dags/example_branch_operator.py
[2022-12-30T00:17:30.594+0000] {logging_mixin.py:137} INFO - [2022-12-30T00:17:30.594+0000] {dag.py:2676} INFO - Sync 1 DAGs
[2022-12-30T00:17:30.616+0000] {logging_mixin.py:137} INFO - [2022-12-30T00:17:30.615+0000] {dag.py:3427} INFO - Setting next_dagrun for example_branch_operator to 2022-12-29T00:00:00+00:00, run_after=2022-12-30T00:00:00+00:00
[2022-12-30T00:17:30.628+0000] {processor.py:175} INFO - Processing /home/airflow/.local/lib/python3.7/site-packages/airflow/example_dags/example_branch_operator.py took 0.087 seconds
[2022-12-30T00:18:00.981+0000] {processor.py:153} INFO - Started process (PID=37848) to work on /home/airflow/.local/lib/python3.7/site-packages/airflow/example_dags/example_branch_operator.py
[2022-12-30T00:18:00.982+0000] {processor.py:743} INFO - Processing file /home/airflow/.local/lib/python3.7/site-packages/airflow/example_dags/example_branch_operator.py for tasks to queue
[2022-12-30T00:18:00.982+0000] {logging_mixin.py:137} INFO - [2022-12-30T00:18:00.982+0000] {dagbag.py:538} INFO - Filling up the DagBag from /home/airflow/.local/lib/python3.7/site-packages/airflow/example_dags/example_branch_operator.py
[2022-12-30T00:18:00.994+0000] {processor.py:753} INFO - DAG(s) dict_keys(['example_branch_operator']) retrieved from /home/airflow/.local/lib/python3.7/site-packages/airflow/example_dags/example_branch_operator.py
[2022-12-30T00:18:01.028+0000] {logging_mixin.py:137} INFO - [2022-12-30T00:18:01.028+0000] {dag.py:2676} INFO - Sync 1 DAGs
[2022-12-30T00:18:01.049+0000] {logging_mixin.py:137} INFO - [2022-12-30T00:18:01.049+0000] {dag.py:3427} INFO - Setting next_dagrun for example_branch_operator to 2022-12-29T00:00:00+00:00, run_after=2022-12-30T00:00:00+00:00
[2022-12-30T00:18:01.063+0000] {processor.py:175} INFO - Processing /home/airflow/.local/lib/python3.7/site-packages/airflow/example_dags/example_branch_operator.py took 0.085 seconds
[2022-12-30T00:18:31.448+0000] {processor.py:153} INFO - Started process (PID=37931) to work on /home/airflow/.local/lib/python3.7/site-packages/airflow/example_dags/example_branch_operator.py
[2022-12-30T00:18:31.449+0000] {processor.py:743} INFO - Processing file /home/airflow/.local/lib/python3.7/site-packages/airflow/example_dags/example_branch_operator.py for tasks to queue
[2022-12-30T00:18:31.450+0000] {logging_mixin.py:137} INFO - [2022-12-30T00:18:31.449+0000] {dagbag.py:538} INFO - Filling up the DagBag from /home/airflow/.local/lib/python3.7/site-packages/airflow/example_dags/example_branch_operator.py
[2022-12-30T00:18:31.465+0000] {processor.py:753} INFO - DAG(s) dict_keys(['example_branch_operator']) retrieved from /home/airflow/.local/lib/python3.7/site-packages/airflow/example_dags/example_branch_operator.py
[2022-12-30T00:18:31.494+0000] {logging_mixin.py:137} INFO - [2022-12-30T00:18:31.493+0000] {dag.py:2676} INFO - Sync 1 DAGs
[2022-12-30T00:18:31.514+0000] {logging_mixin.py:137} INFO - [2022-12-30T00:18:31.514+0000] {dag.py:3427} INFO - Setting next_dagrun for example_branch_operator to 2022-12-29T00:00:00+00:00, run_after=2022-12-30T00:00:00+00:00
[2022-12-30T00:18:31.528+0000] {processor.py:175} INFO - Processing /home/airflow/.local/lib/python3.7/site-packages/airflow/example_dags/example_branch_operator.py took 0.082 seconds
[2022-12-30T00:19:02.111+0000] {processor.py:153} INFO - Started process (PID=38033) to work on /home/airflow/.local/lib/python3.7/site-packages/airflow/example_dags/example_branch_operator.py
[2022-12-30T00:19:02.112+0000] {processor.py:743} INFO - Processing file /home/airflow/.local/lib/python3.7/site-packages/airflow/example_dags/example_branch_operator.py for tasks to queue
[2022-12-30T00:19:02.112+0000] {logging_mixin.py:137} INFO - [2022-12-30T00:19:02.112+0000] {dagbag.py:538} INFO - Filling up the DagBag from /home/airflow/.local/lib/python3.7/site-packages/airflow/example_dags/example_branch_operator.py
[2022-12-30T00:19:02.125+0000] {processor.py:753} INFO - DAG(s) dict_keys(['example_branch_operator']) retrieved from /home/airflow/.local/lib/python3.7/site-packages/airflow/example_dags/example_branch_operator.py
[2022-12-30T00:19:02.156+0000] {logging_mixin.py:137} INFO - [2022-12-30T00:19:02.156+0000] {dag.py:2676} INFO - Sync 1 DAGs
[2022-12-30T00:19:02.178+0000] {logging_mixin.py:137} INFO - [2022-12-30T00:19:02.177+0000] {dag.py:3427} INFO - Setting next_dagrun for example_branch_operator to 2022-12-29T00:00:00+00:00, run_after=2022-12-30T00:00:00+00:00
[2022-12-30T00:19:02.191+0000] {processor.py:175} INFO - Processing /home/airflow/.local/lib/python3.7/site-packages/airflow/example_dags/example_branch_operator.py took 0.084 seconds
[2022-12-30T00:19:32.775+0000] {processor.py:153} INFO - Started process (PID=38135) to work on /home/airflow/.local/lib/python3.7/site-packages/airflow/example_dags/example_branch_operator.py
[2022-12-30T00:19:32.775+0000] {processor.py:743} INFO - Processing file /home/airflow/.local/lib/python3.7/site-packages/airflow/example_dags/example_branch_operator.py for tasks to queue
[2022-12-30T00:19:32.776+0000] {logging_mixin.py:137} INFO - [2022-12-30T00:19:32.776+0000] {dagbag.py:538} INFO - Filling up the DagBag from /home/airflow/.local/lib/python3.7/site-packages/airflow/example_dags/example_branch_operator.py
[2022-12-30T00:19:32.790+0000] {processor.py:753} INFO - DAG(s) dict_keys(['example_branch_operator']) retrieved from /home/airflow/.local/lib/python3.7/site-packages/airflow/example_dags/example_branch_operator.py
[2022-12-30T00:19:32.827+0000] {logging_mixin.py:137} INFO - [2022-12-30T00:19:32.827+0000] {dag.py:2676} INFO - Sync 1 DAGs
[2022-12-30T00:19:32.855+0000] {logging_mixin.py:137} INFO - [2022-12-30T00:19:32.855+0000] {dag.py:3427} INFO - Setting next_dagrun for example_branch_operator to 2022-12-29T00:00:00+00:00, run_after=2022-12-30T00:00:00+00:00
[2022-12-30T00:19:32.871+0000] {processor.py:175} INFO - Processing /home/airflow/.local/lib/python3.7/site-packages/airflow/example_dags/example_branch_operator.py took 0.100 seconds
[2022-12-30T00:20:03.587+0000] {processor.py:153} INFO - Started process (PID=38217) to work on /home/airflow/.local/lib/python3.7/site-packages/airflow/example_dags/example_branch_operator.py
[2022-12-30T00:20:03.587+0000] {processor.py:743} INFO - Processing file /home/airflow/.local/lib/python3.7/site-packages/airflow/example_dags/example_branch_operator.py for tasks to queue
[2022-12-30T00:20:03.588+0000] {logging_mixin.py:137} INFO - [2022-12-30T00:20:03.588+0000] {dagbag.py:538} INFO - Filling up the DagBag from /home/airflow/.local/lib/python3.7/site-packages/airflow/example_dags/example_branch_operator.py
[2022-12-30T00:20:03.600+0000] {processor.py:753} INFO - DAG(s) dict_keys(['example_branch_operator']) retrieved from /home/airflow/.local/lib/python3.7/site-packages/airflow/example_dags/example_branch_operator.py
[2022-12-30T00:20:03.631+0000] {logging_mixin.py:137} INFO - [2022-12-30T00:20:03.631+0000] {dag.py:2676} INFO - Sync 1 DAGs
[2022-12-30T00:20:03.656+0000] {logging_mixin.py:137} INFO - [2022-12-30T00:20:03.655+0000] {dag.py:3427} INFO - Setting next_dagrun for example_branch_operator to 2022-12-29T00:00:00+00:00, run_after=2022-12-30T00:00:00+00:00
[2022-12-30T00:20:03.668+0000] {processor.py:175} INFO - Processing /home/airflow/.local/lib/python3.7/site-packages/airflow/example_dags/example_branch_operator.py took 0.083 seconds
[2022-12-30T00:20:34.266+0000] {processor.py:153} INFO - Started process (PID=38319) to work on /home/airflow/.local/lib/python3.7/site-packages/airflow/example_dags/example_branch_operator.py
[2022-12-30T00:20:34.266+0000] {processor.py:743} INFO - Processing file /home/airflow/.local/lib/python3.7/site-packages/airflow/example_dags/example_branch_operator.py for tasks to queue
[2022-12-30T00:20:34.267+0000] {logging_mixin.py:137} INFO - [2022-12-30T00:20:34.267+0000] {dagbag.py:538} INFO - Filling up the DagBag from /home/airflow/.local/lib/python3.7/site-packages/airflow/example_dags/example_branch_operator.py
[2022-12-30T00:20:34.281+0000] {processor.py:753} INFO - DAG(s) dict_keys(['example_branch_operator']) retrieved from /home/airflow/.local/lib/python3.7/site-packages/airflow/example_dags/example_branch_operator.py
[2022-12-30T00:20:34.309+0000] {logging_mixin.py:137} INFO - [2022-12-30T00:20:34.309+0000] {dag.py:2676} INFO - Sync 1 DAGs
[2022-12-30T00:20:34.329+0000] {logging_mixin.py:137} INFO - [2022-12-30T00:20:34.329+0000] {dag.py:3427} INFO - Setting next_dagrun for example_branch_operator to 2022-12-29T00:00:00+00:00, run_after=2022-12-30T00:00:00+00:00
[2022-12-30T00:20:34.341+0000] {processor.py:175} INFO - Processing /home/airflow/.local/lib/python3.7/site-packages/airflow/example_dags/example_branch_operator.py took 0.079 seconds
[2022-12-30T00:21:04.678+0000] {processor.py:153} INFO - Started process (PID=38402) to work on /home/airflow/.local/lib/python3.7/site-packages/airflow/example_dags/example_branch_operator.py
[2022-12-30T00:21:04.678+0000] {processor.py:743} INFO - Processing file /home/airflow/.local/lib/python3.7/site-packages/airflow/example_dags/example_branch_operator.py for tasks to queue
[2022-12-30T00:21:04.679+0000] {logging_mixin.py:137} INFO - [2022-12-30T00:21:04.679+0000] {dagbag.py:538} INFO - Filling up the DagBag from /home/airflow/.local/lib/python3.7/site-packages/airflow/example_dags/example_branch_operator.py
[2022-12-30T00:21:04.694+0000] {processor.py:753} INFO - DAG(s) dict_keys(['example_branch_operator']) retrieved from /home/airflow/.local/lib/python3.7/site-packages/airflow/example_dags/example_branch_operator.py
[2022-12-30T00:21:04.728+0000] {logging_mixin.py:137} INFO - [2022-12-30T00:21:04.728+0000] {dag.py:2676} INFO - Sync 1 DAGs
[2022-12-30T00:21:04.755+0000] {logging_mixin.py:137} INFO - [2022-12-30T00:21:04.755+0000] {dag.py:3427} INFO - Setting next_dagrun for example_branch_operator to 2022-12-29T00:00:00+00:00, run_after=2022-12-30T00:00:00+00:00
[2022-12-30T00:21:04.769+0000] {processor.py:175} INFO - Processing /home/airflow/.local/lib/python3.7/site-packages/airflow/example_dags/example_branch_operator.py took 0.095 seconds
[2022-12-30T00:21:35.553+0000] {processor.py:153} INFO - Started process (PID=38505) to work on /home/airflow/.local/lib/python3.7/site-packages/airflow/example_dags/example_branch_operator.py
[2022-12-30T00:21:35.553+0000] {processor.py:743} INFO - Processing file /home/airflow/.local/lib/python3.7/site-packages/airflow/example_dags/example_branch_operator.py for tasks to queue
[2022-12-30T00:21:35.553+0000] {logging_mixin.py:137} INFO - [2022-12-30T00:21:35.553+0000] {dagbag.py:538} INFO - Filling up the DagBag from /home/airflow/.local/lib/python3.7/site-packages/airflow/example_dags/example_branch_operator.py
[2022-12-30T00:21:35.567+0000] {processor.py:753} INFO - DAG(s) dict_keys(['example_branch_operator']) retrieved from /home/airflow/.local/lib/python3.7/site-packages/airflow/example_dags/example_branch_operator.py
[2022-12-30T00:21:35.598+0000] {logging_mixin.py:137} INFO - [2022-12-30T00:21:35.597+0000] {dag.py:2676} INFO - Sync 1 DAGs
[2022-12-30T00:21:35.618+0000] {logging_mixin.py:137} INFO - [2022-12-30T00:21:35.617+0000] {dag.py:3427} INFO - Setting next_dagrun for example_branch_operator to 2022-12-29T00:00:00+00:00, run_after=2022-12-30T00:00:00+00:00
[2022-12-30T00:21:35.629+0000] {processor.py:175} INFO - Processing /home/airflow/.local/lib/python3.7/site-packages/airflow/example_dags/example_branch_operator.py took 0.080 seconds
[2022-12-30T00:22:05.852+0000] {processor.py:153} INFO - Started process (PID=38588) to work on /home/airflow/.local/lib/python3.7/site-packages/airflow/example_dags/example_branch_operator.py
[2022-12-30T00:22:05.853+0000] {processor.py:743} INFO - Processing file /home/airflow/.local/lib/python3.7/site-packages/airflow/example_dags/example_branch_operator.py for tasks to queue
[2022-12-30T00:22:05.853+0000] {logging_mixin.py:137} INFO - [2022-12-30T00:22:05.853+0000] {dagbag.py:538} INFO - Filling up the DagBag from /home/airflow/.local/lib/python3.7/site-packages/airflow/example_dags/example_branch_operator.py
[2022-12-30T00:22:05.868+0000] {processor.py:753} INFO - DAG(s) dict_keys(['example_branch_operator']) retrieved from /home/airflow/.local/lib/python3.7/site-packages/airflow/example_dags/example_branch_operator.py
[2022-12-30T00:22:05.897+0000] {logging_mixin.py:137} INFO - [2022-12-30T00:22:05.897+0000] {dag.py:2676} INFO - Sync 1 DAGs
[2022-12-30T00:22:05.919+0000] {logging_mixin.py:137} INFO - [2022-12-30T00:22:05.918+0000] {dag.py:3427} INFO - Setting next_dagrun for example_branch_operator to 2022-12-29T00:00:00+00:00, run_after=2022-12-30T00:00:00+00:00
[2022-12-30T00:22:05.933+0000] {processor.py:175} INFO - Processing /home/airflow/.local/lib/python3.7/site-packages/airflow/example_dags/example_branch_operator.py took 0.083 seconds
[2022-12-30T00:22:36.377+0000] {processor.py:153} INFO - Started process (PID=38690) to work on /home/airflow/.local/lib/python3.7/site-packages/airflow/example_dags/example_branch_operator.py
[2022-12-30T00:22:36.378+0000] {processor.py:743} INFO - Processing file /home/airflow/.local/lib/python3.7/site-packages/airflow/example_dags/example_branch_operator.py for tasks to queue
[2022-12-30T00:22:36.378+0000] {logging_mixin.py:137} INFO - [2022-12-30T00:22:36.378+0000] {dagbag.py:538} INFO - Filling up the DagBag from /home/airflow/.local/lib/python3.7/site-packages/airflow/example_dags/example_branch_operator.py
[2022-12-30T00:22:36.392+0000] {processor.py:753} INFO - DAG(s) dict_keys(['example_branch_operator']) retrieved from /home/airflow/.local/lib/python3.7/site-packages/airflow/example_dags/example_branch_operator.py
[2022-12-30T00:22:36.421+0000] {logging_mixin.py:137} INFO - [2022-12-30T00:22:36.421+0000] {dag.py:2676} INFO - Sync 1 DAGs
[2022-12-30T00:22:36.442+0000] {logging_mixin.py:137} INFO - [2022-12-30T00:22:36.442+0000] {dag.py:3427} INFO - Setting next_dagrun for example_branch_operator to 2022-12-29T00:00:00+00:00, run_after=2022-12-30T00:00:00+00:00
[2022-12-30T00:22:36.455+0000] {processor.py:175} INFO - Processing /home/airflow/.local/lib/python3.7/site-packages/airflow/example_dags/example_branch_operator.py took 0.081 seconds
[2022-12-30T00:23:07.352+0000] {processor.py:153} INFO - Started process (PID=38791) to work on /home/airflow/.local/lib/python3.7/site-packages/airflow/example_dags/example_branch_operator.py
[2022-12-30T00:23:07.354+0000] {processor.py:743} INFO - Processing file /home/airflow/.local/lib/python3.7/site-packages/airflow/example_dags/example_branch_operator.py for tasks to queue
[2022-12-30T00:23:07.354+0000] {logging_mixin.py:137} INFO - [2022-12-30T00:23:07.354+0000] {dagbag.py:538} INFO - Filling up the DagBag from /home/airflow/.local/lib/python3.7/site-packages/airflow/example_dags/example_branch_operator.py
[2022-12-30T00:23:07.367+0000] {processor.py:753} INFO - DAG(s) dict_keys(['example_branch_operator']) retrieved from /home/airflow/.local/lib/python3.7/site-packages/airflow/example_dags/example_branch_operator.py
[2022-12-30T00:23:07.401+0000] {logging_mixin.py:137} INFO - [2022-12-30T00:23:07.401+0000] {dag.py:2676} INFO - Sync 1 DAGs
[2022-12-30T00:23:07.430+0000] {logging_mixin.py:137} INFO - [2022-12-30T00:23:07.430+0000] {dag.py:3427} INFO - Setting next_dagrun for example_branch_operator to 2022-12-29T00:00:00+00:00, run_after=2022-12-30T00:00:00+00:00
[2022-12-30T00:23:07.446+0000] {processor.py:175} INFO - Processing /home/airflow/.local/lib/python3.7/site-packages/airflow/example_dags/example_branch_operator.py took 0.098 seconds
[2022-12-30T00:23:38.088+0000] {processor.py:153} INFO - Started process (PID=38873) to work on /home/airflow/.local/lib/python3.7/site-packages/airflow/example_dags/example_branch_operator.py
[2022-12-30T00:23:38.089+0000] {processor.py:743} INFO - Processing file /home/airflow/.local/lib/python3.7/site-packages/airflow/example_dags/example_branch_operator.py for tasks to queue
[2022-12-30T00:23:38.089+0000] {logging_mixin.py:137} INFO - [2022-12-30T00:23:38.089+0000] {dagbag.py:538} INFO - Filling up the DagBag from /home/airflow/.local/lib/python3.7/site-packages/airflow/example_dags/example_branch_operator.py
[2022-12-30T00:23:38.102+0000] {processor.py:753} INFO - DAG(s) dict_keys(['example_branch_operator']) retrieved from /home/airflow/.local/lib/python3.7/site-packages/airflow/example_dags/example_branch_operator.py
[2022-12-30T00:23:38.133+0000] {logging_mixin.py:137} INFO - [2022-12-30T00:23:38.133+0000] {dag.py:2676} INFO - Sync 1 DAGs
[2022-12-30T00:23:38.153+0000] {logging_mixin.py:137} INFO - [2022-12-30T00:23:38.153+0000] {dag.py:3427} INFO - Setting next_dagrun for example_branch_operator to 2022-12-29T00:00:00+00:00, run_after=2022-12-30T00:00:00+00:00
[2022-12-30T00:23:38.167+0000] {processor.py:175} INFO - Processing /home/airflow/.local/lib/python3.7/site-packages/airflow/example_dags/example_branch_operator.py took 0.082 seconds
[2022-12-30T00:24:08.632+0000] {processor.py:153} INFO - Started process (PID=38976) to work on /home/airflow/.local/lib/python3.7/site-packages/airflow/example_dags/example_branch_operator.py
[2022-12-30T00:24:08.632+0000] {processor.py:743} INFO - Processing file /home/airflow/.local/lib/python3.7/site-packages/airflow/example_dags/example_branch_operator.py for tasks to queue
[2022-12-30T00:24:08.633+0000] {logging_mixin.py:137} INFO - [2022-12-30T00:24:08.633+0000] {dagbag.py:538} INFO - Filling up the DagBag from /home/airflow/.local/lib/python3.7/site-packages/airflow/example_dags/example_branch_operator.py
[2022-12-30T00:24:08.646+0000] {processor.py:753} INFO - DAG(s) dict_keys(['example_branch_operator']) retrieved from /home/airflow/.local/lib/python3.7/site-packages/airflow/example_dags/example_branch_operator.py
[2022-12-30T00:24:08.676+0000] {logging_mixin.py:137} INFO - [2022-12-30T00:24:08.676+0000] {dag.py:2676} INFO - Sync 1 DAGs
[2022-12-30T00:24:08.697+0000] {logging_mixin.py:137} INFO - [2022-12-30T00:24:08.697+0000] {dag.py:3427} INFO - Setting next_dagrun for example_branch_operator to 2022-12-29T00:00:00+00:00, run_after=2022-12-30T00:00:00+00:00
[2022-12-30T00:24:08.709+0000] {processor.py:175} INFO - Processing /home/airflow/.local/lib/python3.7/site-packages/airflow/example_dags/example_branch_operator.py took 0.080 seconds
[2022-12-30T00:24:39.719+0000] {processor.py:153} INFO - Started process (PID=39058) to work on /home/airflow/.local/lib/python3.7/site-packages/airflow/example_dags/example_branch_operator.py
[2022-12-30T00:24:39.719+0000] {processor.py:743} INFO - Processing file /home/airflow/.local/lib/python3.7/site-packages/airflow/example_dags/example_branch_operator.py for tasks to queue
[2022-12-30T00:24:39.720+0000] {logging_mixin.py:137} INFO - [2022-12-30T00:24:39.720+0000] {dagbag.py:538} INFO - Filling up the DagBag from /home/airflow/.local/lib/python3.7/site-packages/airflow/example_dags/example_branch_operator.py
[2022-12-30T00:24:39.734+0000] {processor.py:753} INFO - DAG(s) dict_keys(['example_branch_operator']) retrieved from /home/airflow/.local/lib/python3.7/site-packages/airflow/example_dags/example_branch_operator.py
[2022-12-30T00:24:39.764+0000] {logging_mixin.py:137} INFO - [2022-12-30T00:24:39.764+0000] {dag.py:2676} INFO - Sync 1 DAGs
[2022-12-30T00:24:39.784+0000] {logging_mixin.py:137} INFO - [2022-12-30T00:24:39.784+0000] {dag.py:3427} INFO - Setting next_dagrun for example_branch_operator to 2022-12-29T00:00:00+00:00, run_after=2022-12-30T00:00:00+00:00
[2022-12-30T00:24:39.795+0000] {processor.py:175} INFO - Processing /home/airflow/.local/lib/python3.7/site-packages/airflow/example_dags/example_branch_operator.py took 0.080 seconds
[2022-12-30T00:25:10.173+0000] {processor.py:153} INFO - Started process (PID=39159) to work on /home/airflow/.local/lib/python3.7/site-packages/airflow/example_dags/example_branch_operator.py
[2022-12-30T00:25:10.174+0000] {processor.py:743} INFO - Processing file /home/airflow/.local/lib/python3.7/site-packages/airflow/example_dags/example_branch_operator.py for tasks to queue
[2022-12-30T00:25:10.174+0000] {logging_mixin.py:137} INFO - [2022-12-30T00:25:10.174+0000] {dagbag.py:538} INFO - Filling up the DagBag from /home/airflow/.local/lib/python3.7/site-packages/airflow/example_dags/example_branch_operator.py
[2022-12-30T00:25:10.187+0000] {processor.py:753} INFO - DAG(s) dict_keys(['example_branch_operator']) retrieved from /home/airflow/.local/lib/python3.7/site-packages/airflow/example_dags/example_branch_operator.py
[2022-12-30T00:25:10.217+0000] {logging_mixin.py:137} INFO - [2022-12-30T00:25:10.217+0000] {dag.py:2676} INFO - Sync 1 DAGs
[2022-12-30T00:25:10.240+0000] {logging_mixin.py:137} INFO - [2022-12-30T00:25:10.240+0000] {dag.py:3427} INFO - Setting next_dagrun for example_branch_operator to 2022-12-29T00:00:00+00:00, run_after=2022-12-30T00:00:00+00:00
[2022-12-30T00:25:10.253+0000] {processor.py:175} INFO - Processing /home/airflow/.local/lib/python3.7/site-packages/airflow/example_dags/example_branch_operator.py took 0.082 seconds
[2022-12-30T00:25:40.752+0000] {processor.py:153} INFO - Started process (PID=39241) to work on /home/airflow/.local/lib/python3.7/site-packages/airflow/example_dags/example_branch_operator.py
[2022-12-30T00:25:40.752+0000] {processor.py:743} INFO - Processing file /home/airflow/.local/lib/python3.7/site-packages/airflow/example_dags/example_branch_operator.py for tasks to queue
[2022-12-30T00:25:40.753+0000] {logging_mixin.py:137} INFO - [2022-12-30T00:25:40.753+0000] {dagbag.py:538} INFO - Filling up the DagBag from /home/airflow/.local/lib/python3.7/site-packages/airflow/example_dags/example_branch_operator.py
[2022-12-30T00:25:40.765+0000] {processor.py:753} INFO - DAG(s) dict_keys(['example_branch_operator']) retrieved from /home/airflow/.local/lib/python3.7/site-packages/airflow/example_dags/example_branch_operator.py
[2022-12-30T00:25:40.811+0000] {logging_mixin.py:137} INFO - [2022-12-30T00:25:40.811+0000] {dag.py:2676} INFO - Sync 1 DAGs
[2022-12-30T00:25:40.842+0000] {logging_mixin.py:137} INFO - [2022-12-30T00:25:40.841+0000] {dag.py:3427} INFO - Setting next_dagrun for example_branch_operator to 2022-12-29T00:00:00+00:00, run_after=2022-12-30T00:00:00+00:00
[2022-12-30T00:25:40.861+0000] {processor.py:175} INFO - Processing /home/airflow/.local/lib/python3.7/site-packages/airflow/example_dags/example_branch_operator.py took 0.112 seconds
[2022-12-30T00:26:11.269+0000] {processor.py:153} INFO - Started process (PID=39343) to work on /home/airflow/.local/lib/python3.7/site-packages/airflow/example_dags/example_branch_operator.py
[2022-12-30T00:26:11.269+0000] {processor.py:743} INFO - Processing file /home/airflow/.local/lib/python3.7/site-packages/airflow/example_dags/example_branch_operator.py for tasks to queue
[2022-12-30T00:26:11.270+0000] {logging_mixin.py:137} INFO - [2022-12-30T00:26:11.270+0000] {dagbag.py:538} INFO - Filling up the DagBag from /home/airflow/.local/lib/python3.7/site-packages/airflow/example_dags/example_branch_operator.py
[2022-12-30T00:26:11.283+0000] {processor.py:753} INFO - DAG(s) dict_keys(['example_branch_operator']) retrieved from /home/airflow/.local/lib/python3.7/site-packages/airflow/example_dags/example_branch_operator.py
[2022-12-30T00:26:11.313+0000] {logging_mixin.py:137} INFO - [2022-12-30T00:26:11.313+0000] {dag.py:2676} INFO - Sync 1 DAGs
[2022-12-30T00:26:11.335+0000] {logging_mixin.py:137} INFO - [2022-12-30T00:26:11.334+0000] {dag.py:3427} INFO - Setting next_dagrun for example_branch_operator to 2022-12-29T00:00:00+00:00, run_after=2022-12-30T00:00:00+00:00
[2022-12-30T00:26:11.348+0000] {processor.py:175} INFO - Processing /home/airflow/.local/lib/python3.7/site-packages/airflow/example_dags/example_branch_operator.py took 0.082 seconds
[2022-12-30T00:26:42.083+0000] {processor.py:153} INFO - Started process (PID=39445) to work on /home/airflow/.local/lib/python3.7/site-packages/airflow/example_dags/example_branch_operator.py
[2022-12-30T00:26:42.083+0000] {processor.py:743} INFO - Processing file /home/airflow/.local/lib/python3.7/site-packages/airflow/example_dags/example_branch_operator.py for tasks to queue
[2022-12-30T00:26:42.084+0000] {logging_mixin.py:137} INFO - [2022-12-30T00:26:42.084+0000] {dagbag.py:538} INFO - Filling up the DagBag from /home/airflow/.local/lib/python3.7/site-packages/airflow/example_dags/example_branch_operator.py
[2022-12-30T00:26:42.098+0000] {processor.py:753} INFO - DAG(s) dict_keys(['example_branch_operator']) retrieved from /home/airflow/.local/lib/python3.7/site-packages/airflow/example_dags/example_branch_operator.py
[2022-12-30T00:26:42.129+0000] {logging_mixin.py:137} INFO - [2022-12-30T00:26:42.129+0000] {dag.py:2676} INFO - Sync 1 DAGs
[2022-12-30T00:26:42.151+0000] {logging_mixin.py:137} INFO - [2022-12-30T00:26:42.151+0000] {dag.py:3427} INFO - Setting next_dagrun for example_branch_operator to 2022-12-29T00:00:00+00:00, run_after=2022-12-30T00:00:00+00:00
[2022-12-30T00:26:42.162+0000] {processor.py:175} INFO - Processing /home/airflow/.local/lib/python3.7/site-packages/airflow/example_dags/example_branch_operator.py took 0.084 seconds
[2022-12-30T00:27:12.196+0000] {processor.py:153} INFO - Started process (PID=39528) to work on /home/airflow/.local/lib/python3.7/site-packages/airflow/example_dags/example_branch_operator.py
[2022-12-30T00:27:12.196+0000] {processor.py:743} INFO - Processing file /home/airflow/.local/lib/python3.7/site-packages/airflow/example_dags/example_branch_operator.py for tasks to queue
[2022-12-30T00:27:12.197+0000] {logging_mixin.py:137} INFO - [2022-12-30T00:27:12.197+0000] {dagbag.py:538} INFO - Filling up the DagBag from /home/airflow/.local/lib/python3.7/site-packages/airflow/example_dags/example_branch_operator.py
[2022-12-30T00:27:12.208+0000] {processor.py:753} INFO - DAG(s) dict_keys(['example_branch_operator']) retrieved from /home/airflow/.local/lib/python3.7/site-packages/airflow/example_dags/example_branch_operator.py
[2022-12-30T00:27:12.234+0000] {logging_mixin.py:137} INFO - [2022-12-30T00:27:12.234+0000] {dag.py:2676} INFO - Sync 1 DAGs
[2022-12-30T00:27:12.258+0000] {logging_mixin.py:137} INFO - [2022-12-30T00:27:12.257+0000] {dag.py:3427} INFO - Setting next_dagrun for example_branch_operator to 2022-12-29T00:00:00+00:00, run_after=2022-12-30T00:00:00+00:00
[2022-12-30T00:27:12.270+0000] {processor.py:175} INFO - Processing /home/airflow/.local/lib/python3.7/site-packages/airflow/example_dags/example_branch_operator.py took 0.078 seconds
[2022-12-30T00:27:42.721+0000] {processor.py:153} INFO - Started process (PID=39630) to work on /home/airflow/.local/lib/python3.7/site-packages/airflow/example_dags/example_branch_operator.py
[2022-12-30T00:27:42.722+0000] {processor.py:743} INFO - Processing file /home/airflow/.local/lib/python3.7/site-packages/airflow/example_dags/example_branch_operator.py for tasks to queue
[2022-12-30T00:27:42.722+0000] {logging_mixin.py:137} INFO - [2022-12-30T00:27:42.722+0000] {dagbag.py:538} INFO - Filling up the DagBag from /home/airflow/.local/lib/python3.7/site-packages/airflow/example_dags/example_branch_operator.py
[2022-12-30T00:27:42.735+0000] {processor.py:753} INFO - DAG(s) dict_keys(['example_branch_operator']) retrieved from /home/airflow/.local/lib/python3.7/site-packages/airflow/example_dags/example_branch_operator.py
[2022-12-30T00:27:42.771+0000] {logging_mixin.py:137} INFO - [2022-12-30T00:27:42.771+0000] {dag.py:2676} INFO - Sync 1 DAGs
[2022-12-30T00:27:42.791+0000] {logging_mixin.py:137} INFO - [2022-12-30T00:27:42.791+0000] {dag.py:3427} INFO - Setting next_dagrun for example_branch_operator to 2022-12-29T00:00:00+00:00, run_after=2022-12-30T00:00:00+00:00
[2022-12-30T00:27:42.805+0000] {processor.py:175} INFO - Processing /home/airflow/.local/lib/python3.7/site-packages/airflow/example_dags/example_branch_operator.py took 0.088 seconds
[2022-12-30T00:28:12.881+0000] {processor.py:153} INFO - Started process (PID=39712) to work on /home/airflow/.local/lib/python3.7/site-packages/airflow/example_dags/example_branch_operator.py
[2022-12-30T00:28:12.881+0000] {processor.py:743} INFO - Processing file /home/airflow/.local/lib/python3.7/site-packages/airflow/example_dags/example_branch_operator.py for tasks to queue
[2022-12-30T00:28:12.882+0000] {logging_mixin.py:137} INFO - [2022-12-30T00:28:12.882+0000] {dagbag.py:538} INFO - Filling up the DagBag from /home/airflow/.local/lib/python3.7/site-packages/airflow/example_dags/example_branch_operator.py
[2022-12-30T00:28:12.897+0000] {processor.py:753} INFO - DAG(s) dict_keys(['example_branch_operator']) retrieved from /home/airflow/.local/lib/python3.7/site-packages/airflow/example_dags/example_branch_operator.py
[2022-12-30T00:28:12.929+0000] {logging_mixin.py:137} INFO - [2022-12-30T00:28:12.929+0000] {dag.py:2676} INFO - Sync 1 DAGs
[2022-12-30T00:28:12.950+0000] {logging_mixin.py:137} INFO - [2022-12-30T00:28:12.950+0000] {dag.py:3427} INFO - Setting next_dagrun for example_branch_operator to 2022-12-29T00:00:00+00:00, run_after=2022-12-30T00:00:00+00:00
[2022-12-30T00:28:12.964+0000] {processor.py:175} INFO - Processing /home/airflow/.local/lib/python3.7/site-packages/airflow/example_dags/example_branch_operator.py took 0.085 seconds
[2022-12-30T00:28:43.655+0000] {processor.py:153} INFO - Started process (PID=39814) to work on /home/airflow/.local/lib/python3.7/site-packages/airflow/example_dags/example_branch_operator.py
[2022-12-30T00:28:43.656+0000] {processor.py:743} INFO - Processing file /home/airflow/.local/lib/python3.7/site-packages/airflow/example_dags/example_branch_operator.py for tasks to queue
[2022-12-30T00:28:43.656+0000] {logging_mixin.py:137} INFO - [2022-12-30T00:28:43.656+0000] {dagbag.py:538} INFO - Filling up the DagBag from /home/airflow/.local/lib/python3.7/site-packages/airflow/example_dags/example_branch_operator.py
[2022-12-30T00:28:43.674+0000] {processor.py:753} INFO - DAG(s) dict_keys(['example_branch_operator']) retrieved from /home/airflow/.local/lib/python3.7/site-packages/airflow/example_dags/example_branch_operator.py
[2022-12-30T00:28:43.709+0000] {logging_mixin.py:137} INFO - [2022-12-30T00:28:43.709+0000] {dag.py:2676} INFO - Sync 1 DAGs
[2022-12-30T00:28:43.733+0000] {logging_mixin.py:137} INFO - [2022-12-30T00:28:43.733+0000] {dag.py:3427} INFO - Setting next_dagrun for example_branch_operator to 2022-12-29T00:00:00+00:00, run_after=2022-12-30T00:00:00+00:00
[2022-12-30T00:28:43.751+0000] {processor.py:175} INFO - Processing /home/airflow/.local/lib/python3.7/site-packages/airflow/example_dags/example_branch_operator.py took 0.098 seconds
[2022-12-30T00:29:13.867+0000] {processor.py:153} INFO - Started process (PID=39896) to work on /home/airflow/.local/lib/python3.7/site-packages/airflow/example_dags/example_branch_operator.py
[2022-12-30T00:29:13.868+0000] {processor.py:743} INFO - Processing file /home/airflow/.local/lib/python3.7/site-packages/airflow/example_dags/example_branch_operator.py for tasks to queue
[2022-12-30T00:29:13.869+0000] {logging_mixin.py:137} INFO - [2022-12-30T00:29:13.868+0000] {dagbag.py:538} INFO - Filling up the DagBag from /home/airflow/.local/lib/python3.7/site-packages/airflow/example_dags/example_branch_operator.py
[2022-12-30T00:29:13.882+0000] {processor.py:753} INFO - DAG(s) dict_keys(['example_branch_operator']) retrieved from /home/airflow/.local/lib/python3.7/site-packages/airflow/example_dags/example_branch_operator.py
[2022-12-30T00:29:13.912+0000] {logging_mixin.py:137} INFO - [2022-12-30T00:29:13.912+0000] {dag.py:2676} INFO - Sync 1 DAGs
[2022-12-30T00:29:13.933+0000] {logging_mixin.py:137} INFO - [2022-12-30T00:29:13.933+0000] {dag.py:3427} INFO - Setting next_dagrun for example_branch_operator to 2022-12-29T00:00:00+00:00, run_after=2022-12-30T00:00:00+00:00
[2022-12-30T00:29:13.949+0000] {processor.py:175} INFO - Processing /home/airflow/.local/lib/python3.7/site-packages/airflow/example_dags/example_branch_operator.py took 0.084 seconds
[2022-12-30T00:29:44.112+0000] {processor.py:153} INFO - Started process (PID=39999) to work on /home/airflow/.local/lib/python3.7/site-packages/airflow/example_dags/example_branch_operator.py
[2022-12-30T00:29:44.113+0000] {processor.py:743} INFO - Processing file /home/airflow/.local/lib/python3.7/site-packages/airflow/example_dags/example_branch_operator.py for tasks to queue
[2022-12-30T00:29:44.113+0000] {logging_mixin.py:137} INFO - [2022-12-30T00:29:44.113+0000] {dagbag.py:538} INFO - Filling up the DagBag from /home/airflow/.local/lib/python3.7/site-packages/airflow/example_dags/example_branch_operator.py
[2022-12-30T00:29:44.125+0000] {processor.py:753} INFO - DAG(s) dict_keys(['example_branch_operator']) retrieved from /home/airflow/.local/lib/python3.7/site-packages/airflow/example_dags/example_branch_operator.py
[2022-12-30T00:29:44.157+0000] {logging_mixin.py:137} INFO - [2022-12-30T00:29:44.157+0000] {dag.py:2676} INFO - Sync 1 DAGs
[2022-12-30T00:29:44.177+0000] {logging_mixin.py:137} INFO - [2022-12-30T00:29:44.177+0000] {dag.py:3427} INFO - Setting next_dagrun for example_branch_operator to 2022-12-29T00:00:00+00:00, run_after=2022-12-30T00:00:00+00:00
[2022-12-30T00:29:44.189+0000] {processor.py:175} INFO - Processing /home/airflow/.local/lib/python3.7/site-packages/airflow/example_dags/example_branch_operator.py took 0.080 seconds
[2022-12-30T00:30:14.609+0000] {processor.py:153} INFO - Started process (PID=40080) to work on /home/airflow/.local/lib/python3.7/site-packages/airflow/example_dags/example_branch_operator.py
[2022-12-30T00:30:14.610+0000] {processor.py:743} INFO - Processing file /home/airflow/.local/lib/python3.7/site-packages/airflow/example_dags/example_branch_operator.py for tasks to queue
[2022-12-30T00:30:14.610+0000] {logging_mixin.py:137} INFO - [2022-12-30T00:30:14.610+0000] {dagbag.py:538} INFO - Filling up the DagBag from /home/airflow/.local/lib/python3.7/site-packages/airflow/example_dags/example_branch_operator.py
[2022-12-30T00:30:14.622+0000] {processor.py:753} INFO - DAG(s) dict_keys(['example_branch_operator']) retrieved from /home/airflow/.local/lib/python3.7/site-packages/airflow/example_dags/example_branch_operator.py
[2022-12-30T00:30:14.653+0000] {logging_mixin.py:137} INFO - [2022-12-30T00:30:14.653+0000] {dag.py:2676} INFO - Sync 1 DAGs
[2022-12-30T00:30:14.673+0000] {logging_mixin.py:137} INFO - [2022-12-30T00:30:14.673+0000] {dag.py:3427} INFO - Setting next_dagrun for example_branch_operator to 2022-12-29T00:00:00+00:00, run_after=2022-12-30T00:00:00+00:00
[2022-12-30T00:30:14.686+0000] {processor.py:175} INFO - Processing /home/airflow/.local/lib/python3.7/site-packages/airflow/example_dags/example_branch_operator.py took 0.080 seconds
[2022-12-30T00:30:45.138+0000] {processor.py:153} INFO - Started process (PID=40182) to work on /home/airflow/.local/lib/python3.7/site-packages/airflow/example_dags/example_branch_operator.py
[2022-12-30T00:30:45.138+0000] {processor.py:743} INFO - Processing file /home/airflow/.local/lib/python3.7/site-packages/airflow/example_dags/example_branch_operator.py for tasks to queue
[2022-12-30T00:30:45.139+0000] {logging_mixin.py:137} INFO - [2022-12-30T00:30:45.139+0000] {dagbag.py:538} INFO - Filling up the DagBag from /home/airflow/.local/lib/python3.7/site-packages/airflow/example_dags/example_branch_operator.py
[2022-12-30T00:30:45.151+0000] {processor.py:753} INFO - DAG(s) dict_keys(['example_branch_operator']) retrieved from /home/airflow/.local/lib/python3.7/site-packages/airflow/example_dags/example_branch_operator.py
[2022-12-30T00:30:45.183+0000] {logging_mixin.py:137} INFO - [2022-12-30T00:30:45.183+0000] {dag.py:2676} INFO - Sync 1 DAGs
[2022-12-30T00:30:45.209+0000] {logging_mixin.py:137} INFO - [2022-12-30T00:30:45.209+0000] {dag.py:3427} INFO - Setting next_dagrun for example_branch_operator to 2022-12-29T00:00:00+00:00, run_after=2022-12-30T00:00:00+00:00
[2022-12-30T00:30:45.222+0000] {processor.py:175} INFO - Processing /home/airflow/.local/lib/python3.7/site-packages/airflow/example_dags/example_branch_operator.py took 0.088 seconds
[2022-12-30T00:31:15.630+0000] {processor.py:153} INFO - Started process (PID=40271) to work on /home/airflow/.local/lib/python3.7/site-packages/airflow/example_dags/example_branch_operator.py
[2022-12-30T00:31:15.630+0000] {processor.py:743} INFO - Processing file /home/airflow/.local/lib/python3.7/site-packages/airflow/example_dags/example_branch_operator.py for tasks to queue
[2022-12-30T00:31:15.631+0000] {logging_mixin.py:137} INFO - [2022-12-30T00:31:15.631+0000] {dagbag.py:538} INFO - Filling up the DagBag from /home/airflow/.local/lib/python3.7/site-packages/airflow/example_dags/example_branch_operator.py
[2022-12-30T00:31:15.644+0000] {processor.py:753} INFO - DAG(s) dict_keys(['example_branch_operator']) retrieved from /home/airflow/.local/lib/python3.7/site-packages/airflow/example_dags/example_branch_operator.py
[2022-12-30T00:31:15.674+0000] {logging_mixin.py:137} INFO - [2022-12-30T00:31:15.674+0000] {dag.py:2676} INFO - Sync 1 DAGs
[2022-12-30T00:31:15.698+0000] {logging_mixin.py:137} INFO - [2022-12-30T00:31:15.698+0000] {dag.py:3427} INFO - Setting next_dagrun for example_branch_operator to 2022-12-29T00:00:00+00:00, run_after=2022-12-30T00:00:00+00:00
[2022-12-30T00:31:15.714+0000] {processor.py:175} INFO - Processing /home/airflow/.local/lib/python3.7/site-packages/airflow/example_dags/example_branch_operator.py took 0.087 seconds
[2022-12-30T00:31:46.356+0000] {processor.py:153} INFO - Started process (PID=40366) to work on /home/airflow/.local/lib/python3.7/site-packages/airflow/example_dags/example_branch_operator.py
[2022-12-30T00:31:46.357+0000] {processor.py:743} INFO - Processing file /home/airflow/.local/lib/python3.7/site-packages/airflow/example_dags/example_branch_operator.py for tasks to queue
[2022-12-30T00:31:46.358+0000] {logging_mixin.py:137} INFO - [2022-12-30T00:31:46.358+0000] {dagbag.py:538} INFO - Filling up the DagBag from /home/airflow/.local/lib/python3.7/site-packages/airflow/example_dags/example_branch_operator.py
[2022-12-30T00:31:46.370+0000] {processor.py:753} INFO - DAG(s) dict_keys(['example_branch_operator']) retrieved from /home/airflow/.local/lib/python3.7/site-packages/airflow/example_dags/example_branch_operator.py
[2022-12-30T00:31:46.403+0000] {logging_mixin.py:137} INFO - [2022-12-30T00:31:46.403+0000] {dag.py:2676} INFO - Sync 1 DAGs
[2022-12-30T00:31:46.423+0000] {logging_mixin.py:137} INFO - [2022-12-30T00:31:46.423+0000] {dag.py:3427} INFO - Setting next_dagrun for example_branch_operator to 2022-12-29T00:00:00+00:00, run_after=2022-12-30T00:00:00+00:00
[2022-12-30T00:31:46.435+0000] {processor.py:175} INFO - Processing /home/airflow/.local/lib/python3.7/site-packages/airflow/example_dags/example_branch_operator.py took 0.082 seconds
[2022-12-30T00:32:16.853+0000] {processor.py:153} INFO - Started process (PID=40469) to work on /home/airflow/.local/lib/python3.7/site-packages/airflow/example_dags/example_branch_operator.py
[2022-12-30T00:32:16.854+0000] {processor.py:743} INFO - Processing file /home/airflow/.local/lib/python3.7/site-packages/airflow/example_dags/example_branch_operator.py for tasks to queue
[2022-12-30T00:32:16.854+0000] {logging_mixin.py:137} INFO - [2022-12-30T00:32:16.854+0000] {dagbag.py:538} INFO - Filling up the DagBag from /home/airflow/.local/lib/python3.7/site-packages/airflow/example_dags/example_branch_operator.py
[2022-12-30T00:32:16.869+0000] {processor.py:753} INFO - DAG(s) dict_keys(['example_branch_operator']) retrieved from /home/airflow/.local/lib/python3.7/site-packages/airflow/example_dags/example_branch_operator.py
[2022-12-30T00:32:16.898+0000] {logging_mixin.py:137} INFO - [2022-12-30T00:32:16.898+0000] {dag.py:2676} INFO - Sync 1 DAGs
[2022-12-30T00:32:16.919+0000] {logging_mixin.py:137} INFO - [2022-12-30T00:32:16.919+0000] {dag.py:3427} INFO - Setting next_dagrun for example_branch_operator to 2022-12-29T00:00:00+00:00, run_after=2022-12-30T00:00:00+00:00
[2022-12-30T00:32:16.933+0000] {processor.py:175} INFO - Processing /home/airflow/.local/lib/python3.7/site-packages/airflow/example_dags/example_branch_operator.py took 0.082 seconds
[2022-12-30T00:32:47.016+0000] {processor.py:153} INFO - Started process (PID=40551) to work on /home/airflow/.local/lib/python3.7/site-packages/airflow/example_dags/example_branch_operator.py
[2022-12-30T00:32:47.016+0000] {processor.py:743} INFO - Processing file /home/airflow/.local/lib/python3.7/site-packages/airflow/example_dags/example_branch_operator.py for tasks to queue
[2022-12-30T00:32:47.017+0000] {logging_mixin.py:137} INFO - [2022-12-30T00:32:47.017+0000] {dagbag.py:538} INFO - Filling up the DagBag from /home/airflow/.local/lib/python3.7/site-packages/airflow/example_dags/example_branch_operator.py
[2022-12-30T00:32:47.031+0000] {processor.py:753} INFO - DAG(s) dict_keys(['example_branch_operator']) retrieved from /home/airflow/.local/lib/python3.7/site-packages/airflow/example_dags/example_branch_operator.py
[2022-12-30T00:32:47.061+0000] {logging_mixin.py:137} INFO - [2022-12-30T00:32:47.061+0000] {dag.py:2676} INFO - Sync 1 DAGs
[2022-12-30T00:32:47.082+0000] {logging_mixin.py:137} INFO - [2022-12-30T00:32:47.082+0000] {dag.py:3427} INFO - Setting next_dagrun for example_branch_operator to 2022-12-29T00:00:00+00:00, run_after=2022-12-30T00:00:00+00:00
[2022-12-30T00:32:47.094+0000] {processor.py:175} INFO - Processing /home/airflow/.local/lib/python3.7/site-packages/airflow/example_dags/example_branch_operator.py took 0.081 seconds
[2022-12-30T00:33:17.744+0000] {processor.py:153} INFO - Started process (PID=40653) to work on /home/airflow/.local/lib/python3.7/site-packages/airflow/example_dags/example_branch_operator.py
[2022-12-30T00:33:17.744+0000] {processor.py:743} INFO - Processing file /home/airflow/.local/lib/python3.7/site-packages/airflow/example_dags/example_branch_operator.py for tasks to queue
[2022-12-30T00:33:17.745+0000] {logging_mixin.py:137} INFO - [2022-12-30T00:33:17.745+0000] {dagbag.py:538} INFO - Filling up the DagBag from /home/airflow/.local/lib/python3.7/site-packages/airflow/example_dags/example_branch_operator.py
[2022-12-30T00:33:17.759+0000] {processor.py:753} INFO - DAG(s) dict_keys(['example_branch_operator']) retrieved from /home/airflow/.local/lib/python3.7/site-packages/airflow/example_dags/example_branch_operator.py
[2022-12-30T00:33:17.788+0000] {logging_mixin.py:137} INFO - [2022-12-30T00:33:17.788+0000] {dag.py:2676} INFO - Sync 1 DAGs
[2022-12-30T00:33:17.814+0000] {logging_mixin.py:137} INFO - [2022-12-30T00:33:17.814+0000] {dag.py:3427} INFO - Setting next_dagrun for example_branch_operator to 2022-12-29T00:00:00+00:00, run_after=2022-12-30T00:00:00+00:00
[2022-12-30T00:33:17.827+0000] {processor.py:175} INFO - Processing /home/airflow/.local/lib/python3.7/site-packages/airflow/example_dags/example_branch_operator.py took 0.087 seconds
[2022-12-30T00:33:48.251+0000] {processor.py:153} INFO - Started process (PID=40735) to work on /home/airflow/.local/lib/python3.7/site-packages/airflow/example_dags/example_branch_operator.py
[2022-12-30T00:33:48.251+0000] {processor.py:743} INFO - Processing file /home/airflow/.local/lib/python3.7/site-packages/airflow/example_dags/example_branch_operator.py for tasks to queue
[2022-12-30T00:33:48.252+0000] {logging_mixin.py:137} INFO - [2022-12-30T00:33:48.252+0000] {dagbag.py:538} INFO - Filling up the DagBag from /home/airflow/.local/lib/python3.7/site-packages/airflow/example_dags/example_branch_operator.py
[2022-12-30T00:33:48.266+0000] {processor.py:753} INFO - DAG(s) dict_keys(['example_branch_operator']) retrieved from /home/airflow/.local/lib/python3.7/site-packages/airflow/example_dags/example_branch_operator.py
[2022-12-30T00:33:48.299+0000] {logging_mixin.py:137} INFO - [2022-12-30T00:33:48.299+0000] {dag.py:2676} INFO - Sync 1 DAGs
[2022-12-30T00:33:48.319+0000] {logging_mixin.py:137} INFO - [2022-12-30T00:33:48.319+0000] {dag.py:3427} INFO - Setting next_dagrun for example_branch_operator to 2022-12-29T00:00:00+00:00, run_after=2022-12-30T00:00:00+00:00
[2022-12-30T00:33:48.335+0000] {processor.py:175} INFO - Processing /home/airflow/.local/lib/python3.7/site-packages/airflow/example_dags/example_branch_operator.py took 0.087 seconds
