[2022-12-30T00:00:07.849+0000] {processor.py:153} INFO - Started process (PID=34521) to work on /home/airflow/.local/lib/python3.7/site-packages/airflow/example_dags/example_trigger_controller_dag.py
[2022-12-30T00:00:07.850+0000] {processor.py:743} INFO - Processing file /home/airflow/.local/lib/python3.7/site-packages/airflow/example_dags/example_trigger_controller_dag.py for tasks to queue
[2022-12-30T00:00:07.850+0000] {logging_mixin.py:137} INFO - [2022-12-30T00:00:07.850+0000] {dagbag.py:538} INFO - Filling up the DagBag from /home/airflow/.local/lib/python3.7/site-packages/airflow/example_dags/example_trigger_controller_dag.py
[2022-12-30T00:00:07.860+0000] {processor.py:753} INFO - DAG(s) dict_keys(['example_trigger_controller_dag']) retrieved from /home/airflow/.local/lib/python3.7/site-packages/airflow/example_dags/example_trigger_controller_dag.py
[2022-12-30T00:00:07.888+0000] {logging_mixin.py:137} INFO - [2022-12-30T00:00:07.888+0000] {dag.py:2676} INFO - Sync 1 DAGs
[2022-12-30T00:00:07.907+0000] {logging_mixin.py:137} INFO - [2022-12-30T00:00:07.907+0000] {dag.py:3427} INFO - Setting next_dagrun for example_trigger_controller_dag to 2021-01-01T00:00:00+00:00, run_after=2021-01-01T00:00:00+00:00
[2022-12-30T00:00:07.927+0000] {processor.py:175} INFO - Processing /home/airflow/.local/lib/python3.7/site-packages/airflow/example_dags/example_trigger_controller_dag.py took 0.081 seconds
[2022-12-30T00:00:38.707+0000] {processor.py:153} INFO - Started process (PID=34624) to work on /home/airflow/.local/lib/python3.7/site-packages/airflow/example_dags/example_trigger_controller_dag.py
[2022-12-30T00:00:38.708+0000] {processor.py:743} INFO - Processing file /home/airflow/.local/lib/python3.7/site-packages/airflow/example_dags/example_trigger_controller_dag.py for tasks to queue
[2022-12-30T00:00:38.709+0000] {logging_mixin.py:137} INFO - [2022-12-30T00:00:38.709+0000] {dagbag.py:538} INFO - Filling up the DagBag from /home/airflow/.local/lib/python3.7/site-packages/airflow/example_dags/example_trigger_controller_dag.py
[2022-12-30T00:00:38.716+0000] {processor.py:753} INFO - DAG(s) dict_keys(['example_trigger_controller_dag']) retrieved from /home/airflow/.local/lib/python3.7/site-packages/airflow/example_dags/example_trigger_controller_dag.py
[2022-12-30T00:00:38.742+0000] {logging_mixin.py:137} INFO - [2022-12-30T00:00:38.742+0000] {dag.py:2676} INFO - Sync 1 DAGs
[2022-12-30T00:00:38.760+0000] {logging_mixin.py:137} INFO - [2022-12-30T00:00:38.759+0000] {dag.py:3427} INFO - Setting next_dagrun for example_trigger_controller_dag to 2021-01-01T00:00:00+00:00, run_after=2021-01-01T00:00:00+00:00
[2022-12-30T00:00:38.770+0000] {processor.py:175} INFO - Processing /home/airflow/.local/lib/python3.7/site-packages/airflow/example_dags/example_trigger_controller_dag.py took 0.067 seconds
[2022-12-30T00:01:09.137+0000] {processor.py:153} INFO - Started process (PID=34706) to work on /home/airflow/.local/lib/python3.7/site-packages/airflow/example_dags/example_trigger_controller_dag.py
[2022-12-30T00:01:09.138+0000] {processor.py:743} INFO - Processing file /home/airflow/.local/lib/python3.7/site-packages/airflow/example_dags/example_trigger_controller_dag.py for tasks to queue
[2022-12-30T00:01:09.138+0000] {logging_mixin.py:137} INFO - [2022-12-30T00:01:09.138+0000] {dagbag.py:538} INFO - Filling up the DagBag from /home/airflow/.local/lib/python3.7/site-packages/airflow/example_dags/example_trigger_controller_dag.py
[2022-12-30T00:01:09.149+0000] {processor.py:753} INFO - DAG(s) dict_keys(['example_trigger_controller_dag']) retrieved from /home/airflow/.local/lib/python3.7/site-packages/airflow/example_dags/example_trigger_controller_dag.py
[2022-12-30T00:01:09.185+0000] {logging_mixin.py:137} INFO - [2022-12-30T00:01:09.185+0000] {dag.py:2676} INFO - Sync 1 DAGs
[2022-12-30T00:01:09.212+0000] {logging_mixin.py:137} INFO - [2022-12-30T00:01:09.212+0000] {dag.py:3427} INFO - Setting next_dagrun for example_trigger_controller_dag to 2021-01-01T00:00:00+00:00, run_after=2021-01-01T00:00:00+00:00
[2022-12-30T00:01:09.227+0000] {processor.py:175} INFO - Processing /home/airflow/.local/lib/python3.7/site-packages/airflow/example_dags/example_trigger_controller_dag.py took 0.092 seconds
[2022-12-30T00:01:39.673+0000] {processor.py:153} INFO - Started process (PID=34808) to work on /home/airflow/.local/lib/python3.7/site-packages/airflow/example_dags/example_trigger_controller_dag.py
[2022-12-30T00:01:39.680+0000] {processor.py:743} INFO - Processing file /home/airflow/.local/lib/python3.7/site-packages/airflow/example_dags/example_trigger_controller_dag.py for tasks to queue
[2022-12-30T00:01:39.680+0000] {logging_mixin.py:137} INFO - [2022-12-30T00:01:39.680+0000] {dagbag.py:538} INFO - Filling up the DagBag from /home/airflow/.local/lib/python3.7/site-packages/airflow/example_dags/example_trigger_controller_dag.py
[2022-12-30T00:01:39.687+0000] {processor.py:753} INFO - DAG(s) dict_keys(['example_trigger_controller_dag']) retrieved from /home/airflow/.local/lib/python3.7/site-packages/airflow/example_dags/example_trigger_controller_dag.py
[2022-12-30T00:01:39.717+0000] {logging_mixin.py:137} INFO - [2022-12-30T00:01:39.716+0000] {dag.py:2676} INFO - Sync 1 DAGs
[2022-12-30T00:01:39.742+0000] {logging_mixin.py:137} INFO - [2022-12-30T00:01:39.742+0000] {dag.py:3427} INFO - Setting next_dagrun for example_trigger_controller_dag to 2021-01-01T00:00:00+00:00, run_after=2021-01-01T00:00:00+00:00
[2022-12-30T00:01:39.758+0000] {processor.py:175} INFO - Processing /home/airflow/.local/lib/python3.7/site-packages/airflow/example_dags/example_trigger_controller_dag.py took 0.088 seconds
[2022-12-30T00:02:10.255+0000] {processor.py:153} INFO - Started process (PID=34910) to work on /home/airflow/.local/lib/python3.7/site-packages/airflow/example_dags/example_trigger_controller_dag.py
[2022-12-30T00:02:10.256+0000] {processor.py:743} INFO - Processing file /home/airflow/.local/lib/python3.7/site-packages/airflow/example_dags/example_trigger_controller_dag.py for tasks to queue
[2022-12-30T00:02:10.256+0000] {logging_mixin.py:137} INFO - [2022-12-30T00:02:10.256+0000] {dagbag.py:538} INFO - Filling up the DagBag from /home/airflow/.local/lib/python3.7/site-packages/airflow/example_dags/example_trigger_controller_dag.py
[2022-12-30T00:02:10.264+0000] {processor.py:753} INFO - DAG(s) dict_keys(['example_trigger_controller_dag']) retrieved from /home/airflow/.local/lib/python3.7/site-packages/airflow/example_dags/example_trigger_controller_dag.py
[2022-12-30T00:02:10.290+0000] {logging_mixin.py:137} INFO - [2022-12-30T00:02:10.290+0000] {dag.py:2676} INFO - Sync 1 DAGs
[2022-12-30T00:02:10.318+0000] {logging_mixin.py:137} INFO - [2022-12-30T00:02:10.318+0000] {dag.py:3427} INFO - Setting next_dagrun for example_trigger_controller_dag to 2021-01-01T00:00:00+00:00, run_after=2021-01-01T00:00:00+00:00
[2022-12-30T00:02:10.334+0000] {processor.py:175} INFO - Processing /home/airflow/.local/lib/python3.7/site-packages/airflow/example_dags/example_trigger_controller_dag.py took 0.082 seconds
[2022-12-30T00:02:40.779+0000] {processor.py:153} INFO - Started process (PID=34992) to work on /home/airflow/.local/lib/python3.7/site-packages/airflow/example_dags/example_trigger_controller_dag.py
[2022-12-30T00:02:40.786+0000] {processor.py:743} INFO - Processing file /home/airflow/.local/lib/python3.7/site-packages/airflow/example_dags/example_trigger_controller_dag.py for tasks to queue
[2022-12-30T00:02:40.787+0000] {logging_mixin.py:137} INFO - [2022-12-30T00:02:40.787+0000] {dagbag.py:538} INFO - Filling up the DagBag from /home/airflow/.local/lib/python3.7/site-packages/airflow/example_dags/example_trigger_controller_dag.py
[2022-12-30T00:02:40.797+0000] {processor.py:753} INFO - DAG(s) dict_keys(['example_trigger_controller_dag']) retrieved from /home/airflow/.local/lib/python3.7/site-packages/airflow/example_dags/example_trigger_controller_dag.py
[2022-12-30T00:02:40.826+0000] {logging_mixin.py:137} INFO - [2022-12-30T00:02:40.826+0000] {dag.py:2676} INFO - Sync 1 DAGs
[2022-12-30T00:02:40.844+0000] {logging_mixin.py:137} INFO - [2022-12-30T00:02:40.844+0000] {dag.py:3427} INFO - Setting next_dagrun for example_trigger_controller_dag to 2021-01-01T00:00:00+00:00, run_after=2021-01-01T00:00:00+00:00
[2022-12-30T00:02:40.856+0000] {processor.py:175} INFO - Processing /home/airflow/.local/lib/python3.7/site-packages/airflow/example_dags/example_trigger_controller_dag.py took 0.079 seconds
[2022-12-30T00:03:11.347+0000] {processor.py:153} INFO - Started process (PID=35094) to work on /home/airflow/.local/lib/python3.7/site-packages/airflow/example_dags/example_trigger_controller_dag.py
[2022-12-30T00:03:11.348+0000] {processor.py:743} INFO - Processing file /home/airflow/.local/lib/python3.7/site-packages/airflow/example_dags/example_trigger_controller_dag.py for tasks to queue
[2022-12-30T00:03:11.349+0000] {logging_mixin.py:137} INFO - [2022-12-30T00:03:11.349+0000] {dagbag.py:538} INFO - Filling up the DagBag from /home/airflow/.local/lib/python3.7/site-packages/airflow/example_dags/example_trigger_controller_dag.py
[2022-12-30T00:03:11.357+0000] {processor.py:753} INFO - DAG(s) dict_keys(['example_trigger_controller_dag']) retrieved from /home/airflow/.local/lib/python3.7/site-packages/airflow/example_dags/example_trigger_controller_dag.py
[2022-12-30T00:03:11.384+0000] {logging_mixin.py:137} INFO - [2022-12-30T00:03:11.384+0000] {dag.py:2676} INFO - Sync 1 DAGs
[2022-12-30T00:03:11.401+0000] {logging_mixin.py:137} INFO - [2022-12-30T00:03:11.401+0000] {dag.py:3427} INFO - Setting next_dagrun for example_trigger_controller_dag to 2021-01-01T00:00:00+00:00, run_after=2021-01-01T00:00:00+00:00
[2022-12-30T00:03:11.412+0000] {processor.py:175} INFO - Processing /home/airflow/.local/lib/python3.7/site-packages/airflow/example_dags/example_trigger_controller_dag.py took 0.068 seconds
[2022-12-30T00:03:41.810+0000] {processor.py:153} INFO - Started process (PID=35176) to work on /home/airflow/.local/lib/python3.7/site-packages/airflow/example_dags/example_trigger_controller_dag.py
[2022-12-30T00:03:41.811+0000] {processor.py:743} INFO - Processing file /home/airflow/.local/lib/python3.7/site-packages/airflow/example_dags/example_trigger_controller_dag.py for tasks to queue
[2022-12-30T00:03:41.812+0000] {logging_mixin.py:137} INFO - [2022-12-30T00:03:41.812+0000] {dagbag.py:538} INFO - Filling up the DagBag from /home/airflow/.local/lib/python3.7/site-packages/airflow/example_dags/example_trigger_controller_dag.py
[2022-12-30T00:03:41.820+0000] {processor.py:753} INFO - DAG(s) dict_keys(['example_trigger_controller_dag']) retrieved from /home/airflow/.local/lib/python3.7/site-packages/airflow/example_dags/example_trigger_controller_dag.py
[2022-12-30T00:03:41.850+0000] {logging_mixin.py:137} INFO - [2022-12-30T00:03:41.850+0000] {dag.py:2676} INFO - Sync 1 DAGs
[2022-12-30T00:03:41.868+0000] {logging_mixin.py:137} INFO - [2022-12-30T00:03:41.867+0000] {dag.py:3427} INFO - Setting next_dagrun for example_trigger_controller_dag to 2021-01-01T00:00:00+00:00, run_after=2021-01-01T00:00:00+00:00
[2022-12-30T00:03:41.880+0000] {processor.py:175} INFO - Processing /home/airflow/.local/lib/python3.7/site-packages/airflow/example_dags/example_trigger_controller_dag.py took 0.072 seconds
[2022-12-30T00:04:12.675+0000] {processor.py:153} INFO - Started process (PID=35278) to work on /home/airflow/.local/lib/python3.7/site-packages/airflow/example_dags/example_trigger_controller_dag.py
[2022-12-30T00:04:12.676+0000] {processor.py:743} INFO - Processing file /home/airflow/.local/lib/python3.7/site-packages/airflow/example_dags/example_trigger_controller_dag.py for tasks to queue
[2022-12-30T00:04:12.676+0000] {logging_mixin.py:137} INFO - [2022-12-30T00:04:12.676+0000] {dagbag.py:538} INFO - Filling up the DagBag from /home/airflow/.local/lib/python3.7/site-packages/airflow/example_dags/example_trigger_controller_dag.py
[2022-12-30T00:04:12.688+0000] {processor.py:753} INFO - DAG(s) dict_keys(['example_trigger_controller_dag']) retrieved from /home/airflow/.local/lib/python3.7/site-packages/airflow/example_dags/example_trigger_controller_dag.py
[2022-12-30T00:04:12.718+0000] {logging_mixin.py:137} INFO - [2022-12-30T00:04:12.718+0000] {dag.py:2676} INFO - Sync 1 DAGs
[2022-12-30T00:04:12.745+0000] {logging_mixin.py:137} INFO - [2022-12-30T00:04:12.745+0000] {dag.py:3427} INFO - Setting next_dagrun for example_trigger_controller_dag to 2021-01-01T00:00:00+00:00, run_after=2021-01-01T00:00:00+00:00
[2022-12-30T00:04:12.757+0000] {processor.py:175} INFO - Processing /home/airflow/.local/lib/python3.7/site-packages/airflow/example_dags/example_trigger_controller_dag.py took 0.085 seconds
[2022-12-30T00:04:43.254+0000] {processor.py:153} INFO - Started process (PID=35367) to work on /home/airflow/.local/lib/python3.7/site-packages/airflow/example_dags/example_trigger_controller_dag.py
[2022-12-30T00:04:43.257+0000] {processor.py:743} INFO - Processing file /home/airflow/.local/lib/python3.7/site-packages/airflow/example_dags/example_trigger_controller_dag.py for tasks to queue
[2022-12-30T00:04:43.257+0000] {logging_mixin.py:137} INFO - [2022-12-30T00:04:43.257+0000] {dagbag.py:538} INFO - Filling up the DagBag from /home/airflow/.local/lib/python3.7/site-packages/airflow/example_dags/example_trigger_controller_dag.py
[2022-12-30T00:04:43.266+0000] {processor.py:753} INFO - DAG(s) dict_keys(['example_trigger_controller_dag']) retrieved from /home/airflow/.local/lib/python3.7/site-packages/airflow/example_dags/example_trigger_controller_dag.py
[2022-12-30T00:04:43.308+0000] {logging_mixin.py:137} INFO - [2022-12-30T00:04:43.308+0000] {dag.py:2676} INFO - Sync 1 DAGs
[2022-12-30T00:04:43.336+0000] {logging_mixin.py:137} INFO - [2022-12-30T00:04:43.336+0000] {dag.py:3427} INFO - Setting next_dagrun for example_trigger_controller_dag to 2021-01-01T00:00:00+00:00, run_after=2021-01-01T00:00:00+00:00
[2022-12-30T00:04:43.358+0000] {processor.py:175} INFO - Processing /home/airflow/.local/lib/python3.7/site-packages/airflow/example_dags/example_trigger_controller_dag.py took 0.106 seconds
[2022-12-30T00:05:13.951+0000] {processor.py:153} INFO - Started process (PID=35462) to work on /home/airflow/.local/lib/python3.7/site-packages/airflow/example_dags/example_trigger_controller_dag.py
[2022-12-30T00:05:13.953+0000] {processor.py:743} INFO - Processing file /home/airflow/.local/lib/python3.7/site-packages/airflow/example_dags/example_trigger_controller_dag.py for tasks to queue
[2022-12-30T00:05:13.953+0000] {logging_mixin.py:137} INFO - [2022-12-30T00:05:13.953+0000] {dagbag.py:538} INFO - Filling up the DagBag from /home/airflow/.local/lib/python3.7/site-packages/airflow/example_dags/example_trigger_controller_dag.py
[2022-12-30T00:05:13.961+0000] {processor.py:753} INFO - DAG(s) dict_keys(['example_trigger_controller_dag']) retrieved from /home/airflow/.local/lib/python3.7/site-packages/airflow/example_dags/example_trigger_controller_dag.py
[2022-12-30T00:05:13.988+0000] {logging_mixin.py:137} INFO - [2022-12-30T00:05:13.988+0000] {dag.py:2676} INFO - Sync 1 DAGs
[2022-12-30T00:05:14.006+0000] {logging_mixin.py:137} INFO - [2022-12-30T00:05:14.005+0000] {dag.py:3427} INFO - Setting next_dagrun for example_trigger_controller_dag to 2021-01-01T00:00:00+00:00, run_after=2021-01-01T00:00:00+00:00
[2022-12-30T00:05:14.016+0000] {processor.py:175} INFO - Processing /home/airflow/.local/lib/python3.7/site-packages/airflow/example_dags/example_trigger_controller_dag.py took 0.068 seconds
[2022-12-30T00:05:44.245+0000] {processor.py:153} INFO - Started process (PID=35564) to work on /home/airflow/.local/lib/python3.7/site-packages/airflow/example_dags/example_trigger_controller_dag.py
[2022-12-30T00:05:44.246+0000] {processor.py:743} INFO - Processing file /home/airflow/.local/lib/python3.7/site-packages/airflow/example_dags/example_trigger_controller_dag.py for tasks to queue
[2022-12-30T00:05:44.247+0000] {logging_mixin.py:137} INFO - [2022-12-30T00:05:44.247+0000] {dagbag.py:538} INFO - Filling up the DagBag from /home/airflow/.local/lib/python3.7/site-packages/airflow/example_dags/example_trigger_controller_dag.py
[2022-12-30T00:05:44.254+0000] {processor.py:753} INFO - DAG(s) dict_keys(['example_trigger_controller_dag']) retrieved from /home/airflow/.local/lib/python3.7/site-packages/airflow/example_dags/example_trigger_controller_dag.py
[2022-12-30T00:05:44.283+0000] {logging_mixin.py:137} INFO - [2022-12-30T00:05:44.283+0000] {dag.py:2676} INFO - Sync 1 DAGs
[2022-12-30T00:05:44.302+0000] {logging_mixin.py:137} INFO - [2022-12-30T00:05:44.302+0000] {dag.py:3427} INFO - Setting next_dagrun for example_trigger_controller_dag to 2021-01-01T00:00:00+00:00, run_after=2021-01-01T00:00:00+00:00
[2022-12-30T00:05:44.315+0000] {processor.py:175} INFO - Processing /home/airflow/.local/lib/python3.7/site-packages/airflow/example_dags/example_trigger_controller_dag.py took 0.073 seconds
[2022-12-30T00:06:14.637+0000] {processor.py:153} INFO - Started process (PID=35646) to work on /home/airflow/.local/lib/python3.7/site-packages/airflow/example_dags/example_trigger_controller_dag.py
[2022-12-30T00:06:14.644+0000] {processor.py:743} INFO - Processing file /home/airflow/.local/lib/python3.7/site-packages/airflow/example_dags/example_trigger_controller_dag.py for tasks to queue
[2022-12-30T00:06:14.644+0000] {logging_mixin.py:137} INFO - [2022-12-30T00:06:14.644+0000] {dagbag.py:538} INFO - Filling up the DagBag from /home/airflow/.local/lib/python3.7/site-packages/airflow/example_dags/example_trigger_controller_dag.py
[2022-12-30T00:06:14.654+0000] {processor.py:753} INFO - DAG(s) dict_keys(['example_trigger_controller_dag']) retrieved from /home/airflow/.local/lib/python3.7/site-packages/airflow/example_dags/example_trigger_controller_dag.py
[2022-12-30T00:06:14.683+0000] {logging_mixin.py:137} INFO - [2022-12-30T00:06:14.683+0000] {dag.py:2676} INFO - Sync 1 DAGs
[2022-12-30T00:06:14.701+0000] {logging_mixin.py:137} INFO - [2022-12-30T00:06:14.701+0000] {dag.py:3427} INFO - Setting next_dagrun for example_trigger_controller_dag to 2021-01-01T00:00:00+00:00, run_after=2021-01-01T00:00:00+00:00
[2022-12-30T00:06:14.713+0000] {processor.py:175} INFO - Processing /home/airflow/.local/lib/python3.7/site-packages/airflow/example_dags/example_trigger_controller_dag.py took 0.080 seconds
[2022-12-30T00:06:45.309+0000] {processor.py:153} INFO - Started process (PID=35748) to work on /home/airflow/.local/lib/python3.7/site-packages/airflow/example_dags/example_trigger_controller_dag.py
[2022-12-30T00:06:45.310+0000] {processor.py:743} INFO - Processing file /home/airflow/.local/lib/python3.7/site-packages/airflow/example_dags/example_trigger_controller_dag.py for tasks to queue
[2022-12-30T00:06:45.310+0000] {logging_mixin.py:137} INFO - [2022-12-30T00:06:45.310+0000] {dagbag.py:538} INFO - Filling up the DagBag from /home/airflow/.local/lib/python3.7/site-packages/airflow/example_dags/example_trigger_controller_dag.py
[2022-12-30T00:06:45.318+0000] {processor.py:753} INFO - DAG(s) dict_keys(['example_trigger_controller_dag']) retrieved from /home/airflow/.local/lib/python3.7/site-packages/airflow/example_dags/example_trigger_controller_dag.py
[2022-12-30T00:06:45.350+0000] {logging_mixin.py:137} INFO - [2022-12-30T00:06:45.350+0000] {dag.py:2676} INFO - Sync 1 DAGs
[2022-12-30T00:06:45.378+0000] {logging_mixin.py:137} INFO - [2022-12-30T00:06:45.378+0000] {dag.py:3427} INFO - Setting next_dagrun for example_trigger_controller_dag to 2021-01-01T00:00:00+00:00, run_after=2021-01-01T00:00:00+00:00
[2022-12-30T00:06:45.450+0000] {processor.py:175} INFO - Processing /home/airflow/.local/lib/python3.7/site-packages/airflow/example_dags/example_trigger_controller_dag.py took 0.145 seconds
[2022-12-30T00:07:15.517+0000] {processor.py:153} INFO - Started process (PID=35830) to work on /home/airflow/.local/lib/python3.7/site-packages/airflow/example_dags/example_trigger_controller_dag.py
[2022-12-30T00:07:15.520+0000] {processor.py:743} INFO - Processing file /home/airflow/.local/lib/python3.7/site-packages/airflow/example_dags/example_trigger_controller_dag.py for tasks to queue
[2022-12-30T00:07:15.520+0000] {logging_mixin.py:137} INFO - [2022-12-30T00:07:15.520+0000] {dagbag.py:538} INFO - Filling up the DagBag from /home/airflow/.local/lib/python3.7/site-packages/airflow/example_dags/example_trigger_controller_dag.py
[2022-12-30T00:07:15.528+0000] {processor.py:753} INFO - DAG(s) dict_keys(['example_trigger_controller_dag']) retrieved from /home/airflow/.local/lib/python3.7/site-packages/airflow/example_dags/example_trigger_controller_dag.py
[2022-12-30T00:07:15.554+0000] {logging_mixin.py:137} INFO - [2022-12-30T00:07:15.554+0000] {dag.py:2676} INFO - Sync 1 DAGs
[2022-12-30T00:07:15.571+0000] {logging_mixin.py:137} INFO - [2022-12-30T00:07:15.571+0000] {dag.py:3427} INFO - Setting next_dagrun for example_trigger_controller_dag to 2021-01-01T00:00:00+00:00, run_after=2021-01-01T00:00:00+00:00
[2022-12-30T00:07:15.582+0000] {processor.py:175} INFO - Processing /home/airflow/.local/lib/python3.7/site-packages/airflow/example_dags/example_trigger_controller_dag.py took 0.068 seconds
[2022-12-30T00:07:45.602+0000] {processor.py:153} INFO - Started process (PID=35932) to work on /home/airflow/.local/lib/python3.7/site-packages/airflow/example_dags/example_trigger_controller_dag.py
[2022-12-30T00:07:45.604+0000] {processor.py:743} INFO - Processing file /home/airflow/.local/lib/python3.7/site-packages/airflow/example_dags/example_trigger_controller_dag.py for tasks to queue
[2022-12-30T00:07:45.604+0000] {logging_mixin.py:137} INFO - [2022-12-30T00:07:45.604+0000] {dagbag.py:538} INFO - Filling up the DagBag from /home/airflow/.local/lib/python3.7/site-packages/airflow/example_dags/example_trigger_controller_dag.py
[2022-12-30T00:07:45.611+0000] {processor.py:753} INFO - DAG(s) dict_keys(['example_trigger_controller_dag']) retrieved from /home/airflow/.local/lib/python3.7/site-packages/airflow/example_dags/example_trigger_controller_dag.py
[2022-12-30T00:07:45.639+0000] {logging_mixin.py:137} INFO - [2022-12-30T00:07:45.639+0000] {dag.py:2676} INFO - Sync 1 DAGs
[2022-12-30T00:07:45.658+0000] {logging_mixin.py:137} INFO - [2022-12-30T00:07:45.657+0000] {dag.py:3427} INFO - Setting next_dagrun for example_trigger_controller_dag to 2021-01-01T00:00:00+00:00, run_after=2021-01-01T00:00:00+00:00
[2022-12-30T00:07:45.670+0000] {processor.py:175} INFO - Processing /home/airflow/.local/lib/python3.7/site-packages/airflow/example_dags/example_trigger_controller_dag.py took 0.071 seconds
[2022-12-30T00:08:16.289+0000] {processor.py:153} INFO - Started process (PID=36023) to work on /home/airflow/.local/lib/python3.7/site-packages/airflow/example_dags/example_trigger_controller_dag.py
[2022-12-30T00:08:16.290+0000] {processor.py:743} INFO - Processing file /home/airflow/.local/lib/python3.7/site-packages/airflow/example_dags/example_trigger_controller_dag.py for tasks to queue
[2022-12-30T00:08:16.290+0000] {logging_mixin.py:137} INFO - [2022-12-30T00:08:16.290+0000] {dagbag.py:538} INFO - Filling up the DagBag from /home/airflow/.local/lib/python3.7/site-packages/airflow/example_dags/example_trigger_controller_dag.py
[2022-12-30T00:08:16.299+0000] {processor.py:753} INFO - DAG(s) dict_keys(['example_trigger_controller_dag']) retrieved from /home/airflow/.local/lib/python3.7/site-packages/airflow/example_dags/example_trigger_controller_dag.py
[2022-12-30T00:08:16.331+0000] {logging_mixin.py:137} INFO - [2022-12-30T00:08:16.331+0000] {dag.py:2676} INFO - Sync 1 DAGs
[2022-12-30T00:08:16.359+0000] {logging_mixin.py:137} INFO - [2022-12-30T00:08:16.359+0000] {dag.py:3427} INFO - Setting next_dagrun for example_trigger_controller_dag to 2021-01-01T00:00:00+00:00, run_after=2021-01-01T00:00:00+00:00
[2022-12-30T00:08:16.374+0000] {processor.py:175} INFO - Processing /home/airflow/.local/lib/python3.7/site-packages/airflow/example_dags/example_trigger_controller_dag.py took 0.088 seconds
[2022-12-30T00:08:46.727+0000] {processor.py:153} INFO - Started process (PID=36116) to work on /home/airflow/.local/lib/python3.7/site-packages/airflow/example_dags/example_trigger_controller_dag.py
[2022-12-30T00:08:46.728+0000] {processor.py:743} INFO - Processing file /home/airflow/.local/lib/python3.7/site-packages/airflow/example_dags/example_trigger_controller_dag.py for tasks to queue
[2022-12-30T00:08:46.728+0000] {logging_mixin.py:137} INFO - [2022-12-30T00:08:46.728+0000] {dagbag.py:538} INFO - Filling up the DagBag from /home/airflow/.local/lib/python3.7/site-packages/airflow/example_dags/example_trigger_controller_dag.py
[2022-12-30T00:08:46.736+0000] {processor.py:753} INFO - DAG(s) dict_keys(['example_trigger_controller_dag']) retrieved from /home/airflow/.local/lib/python3.7/site-packages/airflow/example_dags/example_trigger_controller_dag.py
[2022-12-30T00:08:46.764+0000] {logging_mixin.py:137} INFO - [2022-12-30T00:08:46.764+0000] {dag.py:2676} INFO - Sync 1 DAGs
[2022-12-30T00:08:46.783+0000] {logging_mixin.py:137} INFO - [2022-12-30T00:08:46.783+0000] {dag.py:3427} INFO - Setting next_dagrun for example_trigger_controller_dag to 2021-01-01T00:00:00+00:00, run_after=2021-01-01T00:00:00+00:00
[2022-12-30T00:08:46.794+0000] {processor.py:175} INFO - Processing /home/airflow/.local/lib/python3.7/site-packages/airflow/example_dags/example_trigger_controller_dag.py took 0.069 seconds
[2022-12-30T00:09:17.313+0000] {processor.py:153} INFO - Started process (PID=36218) to work on /home/airflow/.local/lib/python3.7/site-packages/airflow/example_dags/example_trigger_controller_dag.py
[2022-12-30T00:09:17.313+0000] {processor.py:743} INFO - Processing file /home/airflow/.local/lib/python3.7/site-packages/airflow/example_dags/example_trigger_controller_dag.py for tasks to queue
[2022-12-30T00:09:17.314+0000] {logging_mixin.py:137} INFO - [2022-12-30T00:09:17.314+0000] {dagbag.py:538} INFO - Filling up the DagBag from /home/airflow/.local/lib/python3.7/site-packages/airflow/example_dags/example_trigger_controller_dag.py
[2022-12-30T00:09:17.321+0000] {processor.py:753} INFO - DAG(s) dict_keys(['example_trigger_controller_dag']) retrieved from /home/airflow/.local/lib/python3.7/site-packages/airflow/example_dags/example_trigger_controller_dag.py
[2022-12-30T00:09:17.347+0000] {logging_mixin.py:137} INFO - [2022-12-30T00:09:17.347+0000] {dag.py:2676} INFO - Sync 1 DAGs
[2022-12-30T00:09:17.367+0000] {logging_mixin.py:137} INFO - [2022-12-30T00:09:17.367+0000] {dag.py:3427} INFO - Setting next_dagrun for example_trigger_controller_dag to 2021-01-01T00:00:00+00:00, run_after=2021-01-01T00:00:00+00:00
[2022-12-30T00:09:17.378+0000] {processor.py:175} INFO - Processing /home/airflow/.local/lib/python3.7/site-packages/airflow/example_dags/example_trigger_controller_dag.py took 0.068 seconds
[2022-12-30T00:09:48.018+0000] {processor.py:153} INFO - Started process (PID=36300) to work on /home/airflow/.local/lib/python3.7/site-packages/airflow/example_dags/example_trigger_controller_dag.py
[2022-12-30T00:09:48.019+0000] {processor.py:743} INFO - Processing file /home/airflow/.local/lib/python3.7/site-packages/airflow/example_dags/example_trigger_controller_dag.py for tasks to queue
[2022-12-30T00:09:48.019+0000] {logging_mixin.py:137} INFO - [2022-12-30T00:09:48.019+0000] {dagbag.py:538} INFO - Filling up the DagBag from /home/airflow/.local/lib/python3.7/site-packages/airflow/example_dags/example_trigger_controller_dag.py
[2022-12-30T00:09:48.028+0000] {processor.py:753} INFO - DAG(s) dict_keys(['example_trigger_controller_dag']) retrieved from /home/airflow/.local/lib/python3.7/site-packages/airflow/example_dags/example_trigger_controller_dag.py
[2022-12-30T00:09:48.053+0000] {logging_mixin.py:137} INFO - [2022-12-30T00:09:48.053+0000] {dag.py:2676} INFO - Sync 1 DAGs
[2022-12-30T00:09:48.072+0000] {logging_mixin.py:137} INFO - [2022-12-30T00:09:48.072+0000] {dag.py:3427} INFO - Setting next_dagrun for example_trigger_controller_dag to 2021-01-01T00:00:00+00:00, run_after=2021-01-01T00:00:00+00:00
[2022-12-30T00:09:48.083+0000] {processor.py:175} INFO - Processing /home/airflow/.local/lib/python3.7/site-packages/airflow/example_dags/example_trigger_controller_dag.py took 0.067 seconds
[2022-12-30T00:10:18.637+0000] {processor.py:153} INFO - Started process (PID=36402) to work on /home/airflow/.local/lib/python3.7/site-packages/airflow/example_dags/example_trigger_controller_dag.py
[2022-12-30T00:10:18.644+0000] {processor.py:743} INFO - Processing file /home/airflow/.local/lib/python3.7/site-packages/airflow/example_dags/example_trigger_controller_dag.py for tasks to queue
[2022-12-30T00:10:18.645+0000] {logging_mixin.py:137} INFO - [2022-12-30T00:10:18.644+0000] {dagbag.py:538} INFO - Filling up the DagBag from /home/airflow/.local/lib/python3.7/site-packages/airflow/example_dags/example_trigger_controller_dag.py
[2022-12-30T00:10:18.655+0000] {processor.py:753} INFO - DAG(s) dict_keys(['example_trigger_controller_dag']) retrieved from /home/airflow/.local/lib/python3.7/site-packages/airflow/example_dags/example_trigger_controller_dag.py
[2022-12-30T00:10:18.680+0000] {logging_mixin.py:137} INFO - [2022-12-30T00:10:18.680+0000] {dag.py:2676} INFO - Sync 1 DAGs
[2022-12-30T00:10:18.697+0000] {logging_mixin.py:137} INFO - [2022-12-30T00:10:18.697+0000] {dag.py:3427} INFO - Setting next_dagrun for example_trigger_controller_dag to 2021-01-01T00:00:00+00:00, run_after=2021-01-01T00:00:00+00:00
[2022-12-30T00:10:18.708+0000] {processor.py:175} INFO - Processing /home/airflow/.local/lib/python3.7/site-packages/airflow/example_dags/example_trigger_controller_dag.py took 0.074 seconds
[2022-12-30T00:10:49.207+0000] {processor.py:153} INFO - Started process (PID=36484) to work on /home/airflow/.local/lib/python3.7/site-packages/airflow/example_dags/example_trigger_controller_dag.py
[2022-12-30T00:10:49.208+0000] {processor.py:743} INFO - Processing file /home/airflow/.local/lib/python3.7/site-packages/airflow/example_dags/example_trigger_controller_dag.py for tasks to queue
[2022-12-30T00:10:49.208+0000] {logging_mixin.py:137} INFO - [2022-12-30T00:10:49.208+0000] {dagbag.py:538} INFO - Filling up the DagBag from /home/airflow/.local/lib/python3.7/site-packages/airflow/example_dags/example_trigger_controller_dag.py
[2022-12-30T00:10:49.219+0000] {processor.py:753} INFO - DAG(s) dict_keys(['example_trigger_controller_dag']) retrieved from /home/airflow/.local/lib/python3.7/site-packages/airflow/example_dags/example_trigger_controller_dag.py
[2022-12-30T00:10:49.249+0000] {logging_mixin.py:137} INFO - [2022-12-30T00:10:49.249+0000] {dag.py:2676} INFO - Sync 1 DAGs
[2022-12-30T00:10:49.266+0000] {logging_mixin.py:137} INFO - [2022-12-30T00:10:49.266+0000] {dag.py:3427} INFO - Setting next_dagrun for example_trigger_controller_dag to 2021-01-01T00:00:00+00:00, run_after=2021-01-01T00:00:00+00:00
[2022-12-30T00:10:49.277+0000] {processor.py:175} INFO - Processing /home/airflow/.local/lib/python3.7/site-packages/airflow/example_dags/example_trigger_controller_dag.py took 0.074 seconds
[2022-12-30T00:11:19.622+0000] {processor.py:153} INFO - Started process (PID=36586) to work on /home/airflow/.local/lib/python3.7/site-packages/airflow/example_dags/example_trigger_controller_dag.py
[2022-12-30T00:11:19.623+0000] {processor.py:743} INFO - Processing file /home/airflow/.local/lib/python3.7/site-packages/airflow/example_dags/example_trigger_controller_dag.py for tasks to queue
[2022-12-30T00:11:19.623+0000] {logging_mixin.py:137} INFO - [2022-12-30T00:11:19.623+0000] {dagbag.py:538} INFO - Filling up the DagBag from /home/airflow/.local/lib/python3.7/site-packages/airflow/example_dags/example_trigger_controller_dag.py
[2022-12-30T00:11:19.631+0000] {processor.py:753} INFO - DAG(s) dict_keys(['example_trigger_controller_dag']) retrieved from /home/airflow/.local/lib/python3.7/site-packages/airflow/example_dags/example_trigger_controller_dag.py
[2022-12-30T00:11:19.659+0000] {logging_mixin.py:137} INFO - [2022-12-30T00:11:19.659+0000] {dag.py:2676} INFO - Sync 1 DAGs
[2022-12-30T00:11:19.678+0000] {logging_mixin.py:137} INFO - [2022-12-30T00:11:19.678+0000] {dag.py:3427} INFO - Setting next_dagrun for example_trigger_controller_dag to 2021-01-01T00:00:00+00:00, run_after=2021-01-01T00:00:00+00:00
[2022-12-30T00:11:19.690+0000] {processor.py:175} INFO - Processing /home/airflow/.local/lib/python3.7/site-packages/airflow/example_dags/example_trigger_controller_dag.py took 0.071 seconds
[2022-12-30T00:11:50.158+0000] {processor.py:153} INFO - Started process (PID=36688) to work on /home/airflow/.local/lib/python3.7/site-packages/airflow/example_dags/example_trigger_controller_dag.py
[2022-12-30T00:11:50.159+0000] {processor.py:743} INFO - Processing file /home/airflow/.local/lib/python3.7/site-packages/airflow/example_dags/example_trigger_controller_dag.py for tasks to queue
[2022-12-30T00:11:50.159+0000] {logging_mixin.py:137} INFO - [2022-12-30T00:11:50.159+0000] {dagbag.py:538} INFO - Filling up the DagBag from /home/airflow/.local/lib/python3.7/site-packages/airflow/example_dags/example_trigger_controller_dag.py
[2022-12-30T00:11:50.169+0000] {processor.py:753} INFO - DAG(s) dict_keys(['example_trigger_controller_dag']) retrieved from /home/airflow/.local/lib/python3.7/site-packages/airflow/example_dags/example_trigger_controller_dag.py
[2022-12-30T00:11:50.194+0000] {logging_mixin.py:137} INFO - [2022-12-30T00:11:50.194+0000] {dag.py:2676} INFO - Sync 1 DAGs
[2022-12-30T00:11:50.212+0000] {logging_mixin.py:137} INFO - [2022-12-30T00:11:50.212+0000] {dag.py:3427} INFO - Setting next_dagrun for example_trigger_controller_dag to 2021-01-01T00:00:00+00:00, run_after=2021-01-01T00:00:00+00:00
[2022-12-30T00:11:50.223+0000] {processor.py:175} INFO - Processing /home/airflow/.local/lib/python3.7/site-packages/airflow/example_dags/example_trigger_controller_dag.py took 0.068 seconds
[2022-12-30T00:12:20.481+0000] {processor.py:153} INFO - Started process (PID=36770) to work on /home/airflow/.local/lib/python3.7/site-packages/airflow/example_dags/example_trigger_controller_dag.py
[2022-12-30T00:12:20.482+0000] {processor.py:743} INFO - Processing file /home/airflow/.local/lib/python3.7/site-packages/airflow/example_dags/example_trigger_controller_dag.py for tasks to queue
[2022-12-30T00:12:20.483+0000] {logging_mixin.py:137} INFO - [2022-12-30T00:12:20.483+0000] {dagbag.py:538} INFO - Filling up the DagBag from /home/airflow/.local/lib/python3.7/site-packages/airflow/example_dags/example_trigger_controller_dag.py
[2022-12-30T00:12:20.492+0000] {processor.py:753} INFO - DAG(s) dict_keys(['example_trigger_controller_dag']) retrieved from /home/airflow/.local/lib/python3.7/site-packages/airflow/example_dags/example_trigger_controller_dag.py
[2022-12-30T00:12:20.519+0000] {logging_mixin.py:137} INFO - [2022-12-30T00:12:20.519+0000] {dag.py:2676} INFO - Sync 1 DAGs
[2022-12-30T00:12:20.537+0000] {logging_mixin.py:137} INFO - [2022-12-30T00:12:20.537+0000] {dag.py:3427} INFO - Setting next_dagrun for example_trigger_controller_dag to 2021-01-01T00:00:00+00:00, run_after=2021-01-01T00:00:00+00:00
[2022-12-30T00:12:20.548+0000] {processor.py:175} INFO - Processing /home/airflow/.local/lib/python3.7/site-packages/airflow/example_dags/example_trigger_controller_dag.py took 0.070 seconds
[2022-12-30T00:12:50.998+0000] {processor.py:153} INFO - Started process (PID=36872) to work on /home/airflow/.local/lib/python3.7/site-packages/airflow/example_dags/example_trigger_controller_dag.py
[2022-12-30T00:12:50.999+0000] {processor.py:743} INFO - Processing file /home/airflow/.local/lib/python3.7/site-packages/airflow/example_dags/example_trigger_controller_dag.py for tasks to queue
[2022-12-30T00:12:50.999+0000] {logging_mixin.py:137} INFO - [2022-12-30T00:12:50.999+0000] {dagbag.py:538} INFO - Filling up the DagBag from /home/airflow/.local/lib/python3.7/site-packages/airflow/example_dags/example_trigger_controller_dag.py
[2022-12-30T00:12:51.011+0000] {processor.py:753} INFO - DAG(s) dict_keys(['example_trigger_controller_dag']) retrieved from /home/airflow/.local/lib/python3.7/site-packages/airflow/example_dags/example_trigger_controller_dag.py
[2022-12-30T00:12:51.043+0000] {logging_mixin.py:137} INFO - [2022-12-30T00:12:51.043+0000] {dag.py:2676} INFO - Sync 1 DAGs
[2022-12-30T00:12:51.062+0000] {logging_mixin.py:137} INFO - [2022-12-30T00:12:51.062+0000] {dag.py:3427} INFO - Setting next_dagrun for example_trigger_controller_dag to 2021-01-01T00:00:00+00:00, run_after=2021-01-01T00:00:00+00:00
[2022-12-30T00:12:51.073+0000] {processor.py:175} INFO - Processing /home/airflow/.local/lib/python3.7/site-packages/airflow/example_dags/example_trigger_controller_dag.py took 0.078 seconds
[2022-12-30T00:13:21.449+0000] {processor.py:153} INFO - Started process (PID=36954) to work on /home/airflow/.local/lib/python3.7/site-packages/airflow/example_dags/example_trigger_controller_dag.py
[2022-12-30T00:13:21.450+0000] {processor.py:743} INFO - Processing file /home/airflow/.local/lib/python3.7/site-packages/airflow/example_dags/example_trigger_controller_dag.py for tasks to queue
[2022-12-30T00:13:21.450+0000] {logging_mixin.py:137} INFO - [2022-12-30T00:13:21.450+0000] {dagbag.py:538} INFO - Filling up the DagBag from /home/airflow/.local/lib/python3.7/site-packages/airflow/example_dags/example_trigger_controller_dag.py
[2022-12-30T00:13:21.458+0000] {processor.py:753} INFO - DAG(s) dict_keys(['example_trigger_controller_dag']) retrieved from /home/airflow/.local/lib/python3.7/site-packages/airflow/example_dags/example_trigger_controller_dag.py
[2022-12-30T00:13:21.487+0000] {logging_mixin.py:137} INFO - [2022-12-30T00:13:21.487+0000] {dag.py:2676} INFO - Sync 1 DAGs
[2022-12-30T00:13:21.505+0000] {logging_mixin.py:137} INFO - [2022-12-30T00:13:21.505+0000] {dag.py:3427} INFO - Setting next_dagrun for example_trigger_controller_dag to 2021-01-01T00:00:00+00:00, run_after=2021-01-01T00:00:00+00:00
[2022-12-30T00:13:21.517+0000] {processor.py:175} INFO - Processing /home/airflow/.local/lib/python3.7/site-packages/airflow/example_dags/example_trigger_controller_dag.py took 0.073 seconds
[2022-12-30T00:13:51.855+0000] {processor.py:153} INFO - Started process (PID=37056) to work on /home/airflow/.local/lib/python3.7/site-packages/airflow/example_dags/example_trigger_controller_dag.py
[2022-12-30T00:13:51.856+0000] {processor.py:743} INFO - Processing file /home/airflow/.local/lib/python3.7/site-packages/airflow/example_dags/example_trigger_controller_dag.py for tasks to queue
[2022-12-30T00:13:51.857+0000] {logging_mixin.py:137} INFO - [2022-12-30T00:13:51.857+0000] {dagbag.py:538} INFO - Filling up the DagBag from /home/airflow/.local/lib/python3.7/site-packages/airflow/example_dags/example_trigger_controller_dag.py
[2022-12-30T00:13:51.865+0000] {processor.py:753} INFO - DAG(s) dict_keys(['example_trigger_controller_dag']) retrieved from /home/airflow/.local/lib/python3.7/site-packages/airflow/example_dags/example_trigger_controller_dag.py
[2022-12-30T00:13:51.893+0000] {logging_mixin.py:137} INFO - [2022-12-30T00:13:51.893+0000] {dag.py:2676} INFO - Sync 1 DAGs
[2022-12-30T00:13:51.912+0000] {logging_mixin.py:137} INFO - [2022-12-30T00:13:51.912+0000] {dag.py:3427} INFO - Setting next_dagrun for example_trigger_controller_dag to 2021-01-01T00:00:00+00:00, run_after=2021-01-01T00:00:00+00:00
[2022-12-30T00:13:51.923+0000] {processor.py:175} INFO - Processing /home/airflow/.local/lib/python3.7/site-packages/airflow/example_dags/example_trigger_controller_dag.py took 0.071 seconds
[2022-12-30T00:14:22.247+0000] {processor.py:153} INFO - Started process (PID=37145) to work on /home/airflow/.local/lib/python3.7/site-packages/airflow/example_dags/example_trigger_controller_dag.py
[2022-12-30T00:14:22.254+0000] {processor.py:743} INFO - Processing file /home/airflow/.local/lib/python3.7/site-packages/airflow/example_dags/example_trigger_controller_dag.py for tasks to queue
[2022-12-30T00:14:22.255+0000] {logging_mixin.py:137} INFO - [2022-12-30T00:14:22.255+0000] {dagbag.py:538} INFO - Filling up the DagBag from /home/airflow/.local/lib/python3.7/site-packages/airflow/example_dags/example_trigger_controller_dag.py
[2022-12-30T00:14:22.265+0000] {processor.py:753} INFO - DAG(s) dict_keys(['example_trigger_controller_dag']) retrieved from /home/airflow/.local/lib/python3.7/site-packages/airflow/example_dags/example_trigger_controller_dag.py
[2022-12-30T00:14:22.294+0000] {logging_mixin.py:137} INFO - [2022-12-30T00:14:22.294+0000] {dag.py:2676} INFO - Sync 1 DAGs
[2022-12-30T00:14:22.312+0000] {logging_mixin.py:137} INFO - [2022-12-30T00:14:22.312+0000] {dag.py:3427} INFO - Setting next_dagrun for example_trigger_controller_dag to 2021-01-01T00:00:00+00:00, run_after=2021-01-01T00:00:00+00:00
[2022-12-30T00:14:22.324+0000] {processor.py:175} INFO - Processing /home/airflow/.local/lib/python3.7/site-packages/airflow/example_dags/example_trigger_controller_dag.py took 0.079 seconds
[2022-12-30T00:14:52.856+0000] {processor.py:153} INFO - Started process (PID=37240) to work on /home/airflow/.local/lib/python3.7/site-packages/airflow/example_dags/example_trigger_controller_dag.py
[2022-12-30T00:14:52.857+0000] {processor.py:743} INFO - Processing file /home/airflow/.local/lib/python3.7/site-packages/airflow/example_dags/example_trigger_controller_dag.py for tasks to queue
[2022-12-30T00:14:52.857+0000] {logging_mixin.py:137} INFO - [2022-12-30T00:14:52.857+0000] {dagbag.py:538} INFO - Filling up the DagBag from /home/airflow/.local/lib/python3.7/site-packages/airflow/example_dags/example_trigger_controller_dag.py
[2022-12-30T00:14:52.867+0000] {processor.py:753} INFO - DAG(s) dict_keys(['example_trigger_controller_dag']) retrieved from /home/airflow/.local/lib/python3.7/site-packages/airflow/example_dags/example_trigger_controller_dag.py
[2022-12-30T00:14:52.895+0000] {logging_mixin.py:137} INFO - [2022-12-30T00:14:52.894+0000] {dag.py:2676} INFO - Sync 1 DAGs
[2022-12-30T00:14:52.914+0000] {logging_mixin.py:137} INFO - [2022-12-30T00:14:52.914+0000] {dag.py:3427} INFO - Setting next_dagrun for example_trigger_controller_dag to 2021-01-01T00:00:00+00:00, run_after=2021-01-01T00:00:00+00:00
[2022-12-30T00:14:52.926+0000] {processor.py:175} INFO - Processing /home/airflow/.local/lib/python3.7/site-packages/airflow/example_dags/example_trigger_controller_dag.py took 0.073 seconds
[2022-12-30T00:15:23.255+0000] {processor.py:153} INFO - Started process (PID=37342) to work on /home/airflow/.local/lib/python3.7/site-packages/airflow/example_dags/example_trigger_controller_dag.py
[2022-12-30T00:15:23.262+0000] {processor.py:743} INFO - Processing file /home/airflow/.local/lib/python3.7/site-packages/airflow/example_dags/example_trigger_controller_dag.py for tasks to queue
[2022-12-30T00:15:23.263+0000] {logging_mixin.py:137} INFO - [2022-12-30T00:15:23.263+0000] {dagbag.py:538} INFO - Filling up the DagBag from /home/airflow/.local/lib/python3.7/site-packages/airflow/example_dags/example_trigger_controller_dag.py
[2022-12-30T00:15:23.270+0000] {processor.py:753} INFO - DAG(s) dict_keys(['example_trigger_controller_dag']) retrieved from /home/airflow/.local/lib/python3.7/site-packages/airflow/example_dags/example_trigger_controller_dag.py
[2022-12-30T00:15:23.299+0000] {logging_mixin.py:137} INFO - [2022-12-30T00:15:23.299+0000] {dag.py:2676} INFO - Sync 1 DAGs
[2022-12-30T00:15:23.320+0000] {logging_mixin.py:137} INFO - [2022-12-30T00:15:23.319+0000] {dag.py:3427} INFO - Setting next_dagrun for example_trigger_controller_dag to 2021-01-01T00:00:00+00:00, run_after=2021-01-01T00:00:00+00:00
[2022-12-30T00:15:23.336+0000] {processor.py:175} INFO - Processing /home/airflow/.local/lib/python3.7/site-packages/airflow/example_dags/example_trigger_controller_dag.py took 0.084 seconds
[2022-12-30T00:15:53.622+0000] {processor.py:153} INFO - Started process (PID=37424) to work on /home/airflow/.local/lib/python3.7/site-packages/airflow/example_dags/example_trigger_controller_dag.py
[2022-12-30T00:15:53.623+0000] {processor.py:743} INFO - Processing file /home/airflow/.local/lib/python3.7/site-packages/airflow/example_dags/example_trigger_controller_dag.py for tasks to queue
[2022-12-30T00:15:53.623+0000] {logging_mixin.py:137} INFO - [2022-12-30T00:15:53.623+0000] {dagbag.py:538} INFO - Filling up the DagBag from /home/airflow/.local/lib/python3.7/site-packages/airflow/example_dags/example_trigger_controller_dag.py
[2022-12-30T00:15:53.633+0000] {processor.py:753} INFO - DAG(s) dict_keys(['example_trigger_controller_dag']) retrieved from /home/airflow/.local/lib/python3.7/site-packages/airflow/example_dags/example_trigger_controller_dag.py
[2022-12-30T00:15:53.664+0000] {logging_mixin.py:137} INFO - [2022-12-30T00:15:53.663+0000] {dag.py:2676} INFO - Sync 1 DAGs
[2022-12-30T00:15:53.689+0000] {logging_mixin.py:137} INFO - [2022-12-30T00:15:53.689+0000] {dag.py:3427} INFO - Setting next_dagrun for example_trigger_controller_dag to 2021-01-01T00:00:00+00:00, run_after=2021-01-01T00:00:00+00:00
[2022-12-30T00:15:53.701+0000] {processor.py:175} INFO - Processing /home/airflow/.local/lib/python3.7/site-packages/airflow/example_dags/example_trigger_controller_dag.py took 0.082 seconds
[2022-12-30T00:16:24.509+0000] {processor.py:153} INFO - Started process (PID=37526) to work on /home/airflow/.local/lib/python3.7/site-packages/airflow/example_dags/example_trigger_controller_dag.py
[2022-12-30T00:16:24.510+0000] {processor.py:743} INFO - Processing file /home/airflow/.local/lib/python3.7/site-packages/airflow/example_dags/example_trigger_controller_dag.py for tasks to queue
[2022-12-30T00:16:24.510+0000] {logging_mixin.py:137} INFO - [2022-12-30T00:16:24.510+0000] {dagbag.py:538} INFO - Filling up the DagBag from /home/airflow/.local/lib/python3.7/site-packages/airflow/example_dags/example_trigger_controller_dag.py
[2022-12-30T00:16:24.518+0000] {processor.py:753} INFO - DAG(s) dict_keys(['example_trigger_controller_dag']) retrieved from /home/airflow/.local/lib/python3.7/site-packages/airflow/example_dags/example_trigger_controller_dag.py
[2022-12-30T00:16:24.548+0000] {logging_mixin.py:137} INFO - [2022-12-30T00:16:24.548+0000] {dag.py:2676} INFO - Sync 1 DAGs
[2022-12-30T00:16:24.571+0000] {logging_mixin.py:137} INFO - [2022-12-30T00:16:24.571+0000] {dag.py:3427} INFO - Setting next_dagrun for example_trigger_controller_dag to 2021-01-01T00:00:00+00:00, run_after=2021-01-01T00:00:00+00:00
[2022-12-30T00:16:24.583+0000] {processor.py:175} INFO - Processing /home/airflow/.local/lib/python3.7/site-packages/airflow/example_dags/example_trigger_controller_dag.py took 0.077 seconds
[2022-12-30T00:16:54.995+0000] {processor.py:153} INFO - Started process (PID=37608) to work on /home/airflow/.local/lib/python3.7/site-packages/airflow/example_dags/example_trigger_controller_dag.py
[2022-12-30T00:16:54.996+0000] {processor.py:743} INFO - Processing file /home/airflow/.local/lib/python3.7/site-packages/airflow/example_dags/example_trigger_controller_dag.py for tasks to queue
[2022-12-30T00:16:54.996+0000] {logging_mixin.py:137} INFO - [2022-12-30T00:16:54.996+0000] {dagbag.py:538} INFO - Filling up the DagBag from /home/airflow/.local/lib/python3.7/site-packages/airflow/example_dags/example_trigger_controller_dag.py
[2022-12-30T00:16:55.005+0000] {processor.py:753} INFO - DAG(s) dict_keys(['example_trigger_controller_dag']) retrieved from /home/airflow/.local/lib/python3.7/site-packages/airflow/example_dags/example_trigger_controller_dag.py
[2022-12-30T00:16:55.034+0000] {logging_mixin.py:137} INFO - [2022-12-30T00:16:55.034+0000] {dag.py:2676} INFO - Sync 1 DAGs
[2022-12-30T00:16:55.057+0000] {logging_mixin.py:137} INFO - [2022-12-30T00:16:55.057+0000] {dag.py:3427} INFO - Setting next_dagrun for example_trigger_controller_dag to 2021-01-01T00:00:00+00:00, run_after=2021-01-01T00:00:00+00:00
[2022-12-30T00:16:55.075+0000] {processor.py:175} INFO - Processing /home/airflow/.local/lib/python3.7/site-packages/airflow/example_dags/example_trigger_controller_dag.py took 0.083 seconds
[2022-12-30T00:17:25.483+0000] {processor.py:153} INFO - Started process (PID=37710) to work on /home/airflow/.local/lib/python3.7/site-packages/airflow/example_dags/example_trigger_controller_dag.py
[2022-12-30T00:17:25.484+0000] {processor.py:743} INFO - Processing file /home/airflow/.local/lib/python3.7/site-packages/airflow/example_dags/example_trigger_controller_dag.py for tasks to queue
[2022-12-30T00:17:25.484+0000] {logging_mixin.py:137} INFO - [2022-12-30T00:17:25.484+0000] {dagbag.py:538} INFO - Filling up the DagBag from /home/airflow/.local/lib/python3.7/site-packages/airflow/example_dags/example_trigger_controller_dag.py
[2022-12-30T00:17:25.495+0000] {processor.py:753} INFO - DAG(s) dict_keys(['example_trigger_controller_dag']) retrieved from /home/airflow/.local/lib/python3.7/site-packages/airflow/example_dags/example_trigger_controller_dag.py
[2022-12-30T00:17:25.525+0000] {logging_mixin.py:137} INFO - [2022-12-30T00:17:25.525+0000] {dag.py:2676} INFO - Sync 1 DAGs
[2022-12-30T00:17:25.545+0000] {logging_mixin.py:137} INFO - [2022-12-30T00:17:25.545+0000] {dag.py:3427} INFO - Setting next_dagrun for example_trigger_controller_dag to 2021-01-01T00:00:00+00:00, run_after=2021-01-01T00:00:00+00:00
[2022-12-30T00:17:25.556+0000] {processor.py:175} INFO - Processing /home/airflow/.local/lib/python3.7/site-packages/airflow/example_dags/example_trigger_controller_dag.py took 0.076 seconds
[2022-12-30T00:17:56.153+0000] {processor.py:153} INFO - Started process (PID=37793) to work on /home/airflow/.local/lib/python3.7/site-packages/airflow/example_dags/example_trigger_controller_dag.py
[2022-12-30T00:17:56.153+0000] {processor.py:743} INFO - Processing file /home/airflow/.local/lib/python3.7/site-packages/airflow/example_dags/example_trigger_controller_dag.py for tasks to queue
[2022-12-30T00:17:56.154+0000] {logging_mixin.py:137} INFO - [2022-12-30T00:17:56.154+0000] {dagbag.py:538} INFO - Filling up the DagBag from /home/airflow/.local/lib/python3.7/site-packages/airflow/example_dags/example_trigger_controller_dag.py
[2022-12-30T00:17:56.162+0000] {processor.py:753} INFO - DAG(s) dict_keys(['example_trigger_controller_dag']) retrieved from /home/airflow/.local/lib/python3.7/site-packages/airflow/example_dags/example_trigger_controller_dag.py
[2022-12-30T00:17:56.191+0000] {logging_mixin.py:137} INFO - [2022-12-30T00:17:56.191+0000] {dag.py:2676} INFO - Sync 1 DAGs
[2022-12-30T00:17:56.210+0000] {logging_mixin.py:137} INFO - [2022-12-30T00:17:56.210+0000] {dag.py:3427} INFO - Setting next_dagrun for example_trigger_controller_dag to 2021-01-01T00:00:00+00:00, run_after=2021-01-01T00:00:00+00:00
[2022-12-30T00:17:56.225+0000] {processor.py:175} INFO - Processing /home/airflow/.local/lib/python3.7/site-packages/airflow/example_dags/example_trigger_controller_dag.py took 0.076 seconds
[2022-12-30T00:18:26.619+0000] {processor.py:153} INFO - Started process (PID=37896) to work on /home/airflow/.local/lib/python3.7/site-packages/airflow/example_dags/example_trigger_controller_dag.py
[2022-12-30T00:18:26.620+0000] {processor.py:743} INFO - Processing file /home/airflow/.local/lib/python3.7/site-packages/airflow/example_dags/example_trigger_controller_dag.py for tasks to queue
[2022-12-30T00:18:26.621+0000] {logging_mixin.py:137} INFO - [2022-12-30T00:18:26.620+0000] {dagbag.py:538} INFO - Filling up the DagBag from /home/airflow/.local/lib/python3.7/site-packages/airflow/example_dags/example_trigger_controller_dag.py
[2022-12-30T00:18:26.630+0000] {processor.py:753} INFO - DAG(s) dict_keys(['example_trigger_controller_dag']) retrieved from /home/airflow/.local/lib/python3.7/site-packages/airflow/example_dags/example_trigger_controller_dag.py
[2022-12-30T00:18:26.658+0000] {logging_mixin.py:137} INFO - [2022-12-30T00:18:26.658+0000] {dag.py:2676} INFO - Sync 1 DAGs
[2022-12-30T00:18:26.677+0000] {logging_mixin.py:137} INFO - [2022-12-30T00:18:26.677+0000] {dag.py:3427} INFO - Setting next_dagrun for example_trigger_controller_dag to 2021-01-01T00:00:00+00:00, run_after=2021-01-01T00:00:00+00:00
[2022-12-30T00:18:26.690+0000] {processor.py:175} INFO - Processing /home/airflow/.local/lib/python3.7/site-packages/airflow/example_dags/example_trigger_controller_dag.py took 0.075 seconds
[2022-12-30T00:18:57.037+0000] {processor.py:153} INFO - Started process (PID=37998) to work on /home/airflow/.local/lib/python3.7/site-packages/airflow/example_dags/example_trigger_controller_dag.py
[2022-12-30T00:18:57.038+0000] {processor.py:743} INFO - Processing file /home/airflow/.local/lib/python3.7/site-packages/airflow/example_dags/example_trigger_controller_dag.py for tasks to queue
[2022-12-30T00:18:57.038+0000] {logging_mixin.py:137} INFO - [2022-12-30T00:18:57.038+0000] {dagbag.py:538} INFO - Filling up the DagBag from /home/airflow/.local/lib/python3.7/site-packages/airflow/example_dags/example_trigger_controller_dag.py
[2022-12-30T00:18:57.049+0000] {processor.py:753} INFO - DAG(s) dict_keys(['example_trigger_controller_dag']) retrieved from /home/airflow/.local/lib/python3.7/site-packages/airflow/example_dags/example_trigger_controller_dag.py
[2022-12-30T00:18:57.085+0000] {logging_mixin.py:137} INFO - [2022-12-30T00:18:57.084+0000] {dag.py:2676} INFO - Sync 1 DAGs
[2022-12-30T00:18:57.114+0000] {logging_mixin.py:137} INFO - [2022-12-30T00:18:57.113+0000] {dag.py:3427} INFO - Setting next_dagrun for example_trigger_controller_dag to 2021-01-01T00:00:00+00:00, run_after=2021-01-01T00:00:00+00:00
[2022-12-30T00:18:57.132+0000] {processor.py:175} INFO - Processing /home/airflow/.local/lib/python3.7/site-packages/airflow/example_dags/example_trigger_controller_dag.py took 0.098 seconds
[2022-12-30T00:19:27.679+0000] {processor.py:153} INFO - Started process (PID=38080) to work on /home/airflow/.local/lib/python3.7/site-packages/airflow/example_dags/example_trigger_controller_dag.py
[2022-12-30T00:19:27.680+0000] {processor.py:743} INFO - Processing file /home/airflow/.local/lib/python3.7/site-packages/airflow/example_dags/example_trigger_controller_dag.py for tasks to queue
[2022-12-30T00:19:27.681+0000] {logging_mixin.py:137} INFO - [2022-12-30T00:19:27.681+0000] {dagbag.py:538} INFO - Filling up the DagBag from /home/airflow/.local/lib/python3.7/site-packages/airflow/example_dags/example_trigger_controller_dag.py
[2022-12-30T00:19:27.690+0000] {processor.py:753} INFO - DAG(s) dict_keys(['example_trigger_controller_dag']) retrieved from /home/airflow/.local/lib/python3.7/site-packages/airflow/example_dags/example_trigger_controller_dag.py
[2022-12-30T00:19:27.718+0000] {logging_mixin.py:137} INFO - [2022-12-30T00:19:27.718+0000] {dag.py:2676} INFO - Sync 1 DAGs
[2022-12-30T00:19:27.742+0000] {logging_mixin.py:137} INFO - [2022-12-30T00:19:27.742+0000] {dag.py:3427} INFO - Setting next_dagrun for example_trigger_controller_dag to 2021-01-01T00:00:00+00:00, run_after=2021-01-01T00:00:00+00:00
[2022-12-30T00:19:27.755+0000] {processor.py:175} INFO - Processing /home/airflow/.local/lib/python3.7/site-packages/airflow/example_dags/example_trigger_controller_dag.py took 0.080 seconds
[2022-12-30T00:19:58.405+0000] {processor.py:153} INFO - Started process (PID=38182) to work on /home/airflow/.local/lib/python3.7/site-packages/airflow/example_dags/example_trigger_controller_dag.py
[2022-12-30T00:19:58.405+0000] {processor.py:743} INFO - Processing file /home/airflow/.local/lib/python3.7/site-packages/airflow/example_dags/example_trigger_controller_dag.py for tasks to queue
[2022-12-30T00:19:58.406+0000] {logging_mixin.py:137} INFO - [2022-12-30T00:19:58.406+0000] {dagbag.py:538} INFO - Filling up the DagBag from /home/airflow/.local/lib/python3.7/site-packages/airflow/example_dags/example_trigger_controller_dag.py
[2022-12-30T00:19:58.416+0000] {processor.py:753} INFO - DAG(s) dict_keys(['example_trigger_controller_dag']) retrieved from /home/airflow/.local/lib/python3.7/site-packages/airflow/example_dags/example_trigger_controller_dag.py
[2022-12-30T00:19:58.447+0000] {logging_mixin.py:137} INFO - [2022-12-30T00:19:58.447+0000] {dag.py:2676} INFO - Sync 1 DAGs
[2022-12-30T00:19:58.467+0000] {logging_mixin.py:137} INFO - [2022-12-30T00:19:58.467+0000] {dag.py:3427} INFO - Setting next_dagrun for example_trigger_controller_dag to 2021-01-01T00:00:00+00:00, run_after=2021-01-01T00:00:00+00:00
[2022-12-30T00:19:58.479+0000] {processor.py:175} INFO - Processing /home/airflow/.local/lib/python3.7/site-packages/airflow/example_dags/example_trigger_controller_dag.py took 0.078 seconds
[2022-12-30T00:20:29.166+0000] {processor.py:153} INFO - Started process (PID=38264) to work on /home/airflow/.local/lib/python3.7/site-packages/airflow/example_dags/example_trigger_controller_dag.py
[2022-12-30T00:20:29.167+0000] {processor.py:743} INFO - Processing file /home/airflow/.local/lib/python3.7/site-packages/airflow/example_dags/example_trigger_controller_dag.py for tasks to queue
[2022-12-30T00:20:29.167+0000] {logging_mixin.py:137} INFO - [2022-12-30T00:20:29.167+0000] {dagbag.py:538} INFO - Filling up the DagBag from /home/airflow/.local/lib/python3.7/site-packages/airflow/example_dags/example_trigger_controller_dag.py
[2022-12-30T00:20:29.178+0000] {processor.py:753} INFO - DAG(s) dict_keys(['example_trigger_controller_dag']) retrieved from /home/airflow/.local/lib/python3.7/site-packages/airflow/example_dags/example_trigger_controller_dag.py
[2022-12-30T00:20:29.212+0000] {logging_mixin.py:137} INFO - [2022-12-30T00:20:29.212+0000] {dag.py:2676} INFO - Sync 1 DAGs
[2022-12-30T00:20:29.238+0000] {logging_mixin.py:137} INFO - [2022-12-30T00:20:29.238+0000] {dag.py:3427} INFO - Setting next_dagrun for example_trigger_controller_dag to 2021-01-01T00:00:00+00:00, run_after=2021-01-01T00:00:00+00:00
[2022-12-30T00:20:29.252+0000] {processor.py:175} INFO - Processing /home/airflow/.local/lib/python3.7/site-packages/airflow/example_dags/example_trigger_controller_dag.py took 0.089 seconds
[2022-12-30T00:20:59.531+0000] {processor.py:153} INFO - Started process (PID=38367) to work on /home/airflow/.local/lib/python3.7/site-packages/airflow/example_dags/example_trigger_controller_dag.py
[2022-12-30T00:20:59.532+0000] {processor.py:743} INFO - Processing file /home/airflow/.local/lib/python3.7/site-packages/airflow/example_dags/example_trigger_controller_dag.py for tasks to queue
[2022-12-30T00:20:59.533+0000] {logging_mixin.py:137} INFO - [2022-12-30T00:20:59.533+0000] {dagbag.py:538} INFO - Filling up the DagBag from /home/airflow/.local/lib/python3.7/site-packages/airflow/example_dags/example_trigger_controller_dag.py
[2022-12-30T00:20:59.541+0000] {processor.py:753} INFO - DAG(s) dict_keys(['example_trigger_controller_dag']) retrieved from /home/airflow/.local/lib/python3.7/site-packages/airflow/example_dags/example_trigger_controller_dag.py
[2022-12-30T00:20:59.570+0000] {logging_mixin.py:137} INFO - [2022-12-30T00:20:59.569+0000] {dag.py:2676} INFO - Sync 1 DAGs
[2022-12-30T00:20:59.588+0000] {logging_mixin.py:137} INFO - [2022-12-30T00:20:59.588+0000] {dag.py:3427} INFO - Setting next_dagrun for example_trigger_controller_dag to 2021-01-01T00:00:00+00:00, run_after=2021-01-01T00:00:00+00:00
[2022-12-30T00:20:59.605+0000] {processor.py:175} INFO - Processing /home/airflow/.local/lib/python3.7/site-packages/airflow/example_dags/example_trigger_controller_dag.py took 0.078 seconds
[2022-12-30T00:21:30.339+0000] {processor.py:153} INFO - Started process (PID=38449) to work on /home/airflow/.local/lib/python3.7/site-packages/airflow/example_dags/example_trigger_controller_dag.py
[2022-12-30T00:21:30.340+0000] {processor.py:743} INFO - Processing file /home/airflow/.local/lib/python3.7/site-packages/airflow/example_dags/example_trigger_controller_dag.py for tasks to queue
[2022-12-30T00:21:30.341+0000] {logging_mixin.py:137} INFO - [2022-12-30T00:21:30.341+0000] {dagbag.py:538} INFO - Filling up the DagBag from /home/airflow/.local/lib/python3.7/site-packages/airflow/example_dags/example_trigger_controller_dag.py
[2022-12-30T00:21:30.350+0000] {processor.py:753} INFO - DAG(s) dict_keys(['example_trigger_controller_dag']) retrieved from /home/airflow/.local/lib/python3.7/site-packages/airflow/example_dags/example_trigger_controller_dag.py
[2022-12-30T00:21:30.381+0000] {logging_mixin.py:137} INFO - [2022-12-30T00:21:30.381+0000] {dag.py:2676} INFO - Sync 1 DAGs
[2022-12-30T00:21:30.401+0000] {logging_mixin.py:137} INFO - [2022-12-30T00:21:30.401+0000] {dag.py:3427} INFO - Setting next_dagrun for example_trigger_controller_dag to 2021-01-01T00:00:00+00:00, run_after=2021-01-01T00:00:00+00:00
[2022-12-30T00:21:30.415+0000] {processor.py:175} INFO - Processing /home/airflow/.local/lib/python3.7/site-packages/airflow/example_dags/example_trigger_controller_dag.py took 0.081 seconds
[2022-12-30T00:22:00.754+0000] {processor.py:153} INFO - Started process (PID=38552) to work on /home/airflow/.local/lib/python3.7/site-packages/airflow/example_dags/example_trigger_controller_dag.py
[2022-12-30T00:22:00.754+0000] {processor.py:743} INFO - Processing file /home/airflow/.local/lib/python3.7/site-packages/airflow/example_dags/example_trigger_controller_dag.py for tasks to queue
[2022-12-30T00:22:00.755+0000] {logging_mixin.py:137} INFO - [2022-12-30T00:22:00.755+0000] {dagbag.py:538} INFO - Filling up the DagBag from /home/airflow/.local/lib/python3.7/site-packages/airflow/example_dags/example_trigger_controller_dag.py
[2022-12-30T00:22:00.765+0000] {processor.py:753} INFO - DAG(s) dict_keys(['example_trigger_controller_dag']) retrieved from /home/airflow/.local/lib/python3.7/site-packages/airflow/example_dags/example_trigger_controller_dag.py
[2022-12-30T00:22:00.799+0000] {logging_mixin.py:137} INFO - [2022-12-30T00:22:00.799+0000] {dag.py:2676} INFO - Sync 1 DAGs
[2022-12-30T00:22:00.820+0000] {logging_mixin.py:137} INFO - [2022-12-30T00:22:00.820+0000] {dag.py:3427} INFO - Setting next_dagrun for example_trigger_controller_dag to 2021-01-01T00:00:00+00:00, run_after=2021-01-01T00:00:00+00:00
[2022-12-30T00:22:00.834+0000] {processor.py:175} INFO - Processing /home/airflow/.local/lib/python3.7/site-packages/airflow/example_dags/example_trigger_controller_dag.py took 0.083 seconds
[2022-12-30T00:22:31.427+0000] {processor.py:153} INFO - Started process (PID=38654) to work on /home/airflow/.local/lib/python3.7/site-packages/airflow/example_dags/example_trigger_controller_dag.py
[2022-12-30T00:22:31.428+0000] {processor.py:743} INFO - Processing file /home/airflow/.local/lib/python3.7/site-packages/airflow/example_dags/example_trigger_controller_dag.py for tasks to queue
[2022-12-30T00:22:31.429+0000] {logging_mixin.py:137} INFO - [2022-12-30T00:22:31.429+0000] {dagbag.py:538} INFO - Filling up the DagBag from /home/airflow/.local/lib/python3.7/site-packages/airflow/example_dags/example_trigger_controller_dag.py
[2022-12-30T00:22:31.439+0000] {processor.py:753} INFO - DAG(s) dict_keys(['example_trigger_controller_dag']) retrieved from /home/airflow/.local/lib/python3.7/site-packages/airflow/example_dags/example_trigger_controller_dag.py
[2022-12-30T00:22:31.474+0000] {logging_mixin.py:137} INFO - [2022-12-30T00:22:31.474+0000] {dag.py:2676} INFO - Sync 1 DAGs
[2022-12-30T00:22:31.495+0000] {logging_mixin.py:137} INFO - [2022-12-30T00:22:31.495+0000] {dag.py:3427} INFO - Setting next_dagrun for example_trigger_controller_dag to 2021-01-01T00:00:00+00:00, run_after=2021-01-01T00:00:00+00:00
[2022-12-30T00:22:31.508+0000] {processor.py:175} INFO - Processing /home/airflow/.local/lib/python3.7/site-packages/airflow/example_dags/example_trigger_controller_dag.py took 0.084 seconds
[2022-12-30T00:23:01.961+0000] {processor.py:153} INFO - Started process (PID=38736) to work on /home/airflow/.local/lib/python3.7/site-packages/airflow/example_dags/example_trigger_controller_dag.py
[2022-12-30T00:23:01.963+0000] {processor.py:743} INFO - Processing file /home/airflow/.local/lib/python3.7/site-packages/airflow/example_dags/example_trigger_controller_dag.py for tasks to queue
[2022-12-30T00:23:01.964+0000] {logging_mixin.py:137} INFO - [2022-12-30T00:23:01.963+0000] {dagbag.py:538} INFO - Filling up the DagBag from /home/airflow/.local/lib/python3.7/site-packages/airflow/example_dags/example_trigger_controller_dag.py
[2022-12-30T00:23:01.975+0000] {processor.py:753} INFO - DAG(s) dict_keys(['example_trigger_controller_dag']) retrieved from /home/airflow/.local/lib/python3.7/site-packages/airflow/example_dags/example_trigger_controller_dag.py
[2022-12-30T00:23:02.005+0000] {logging_mixin.py:137} INFO - [2022-12-30T00:23:02.005+0000] {dag.py:2676} INFO - Sync 1 DAGs
[2022-12-30T00:23:02.026+0000] {logging_mixin.py:137} INFO - [2022-12-30T00:23:02.026+0000] {dag.py:3427} INFO - Setting next_dagrun for example_trigger_controller_dag to 2021-01-01T00:00:00+00:00, run_after=2021-01-01T00:00:00+00:00
[2022-12-30T00:23:02.041+0000] {processor.py:175} INFO - Processing /home/airflow/.local/lib/python3.7/site-packages/airflow/example_dags/example_trigger_controller_dag.py took 0.083 seconds
[2022-12-30T00:23:32.951+0000] {processor.py:153} INFO - Started process (PID=38838) to work on /home/airflow/.local/lib/python3.7/site-packages/airflow/example_dags/example_trigger_controller_dag.py
[2022-12-30T00:23:32.952+0000] {processor.py:743} INFO - Processing file /home/airflow/.local/lib/python3.7/site-packages/airflow/example_dags/example_trigger_controller_dag.py for tasks to queue
[2022-12-30T00:23:32.952+0000] {logging_mixin.py:137} INFO - [2022-12-30T00:23:32.952+0000] {dagbag.py:538} INFO - Filling up the DagBag from /home/airflow/.local/lib/python3.7/site-packages/airflow/example_dags/example_trigger_controller_dag.py
[2022-12-30T00:23:32.961+0000] {processor.py:753} INFO - DAG(s) dict_keys(['example_trigger_controller_dag']) retrieved from /home/airflow/.local/lib/python3.7/site-packages/airflow/example_dags/example_trigger_controller_dag.py
[2022-12-30T00:23:32.993+0000] {logging_mixin.py:137} INFO - [2022-12-30T00:23:32.993+0000] {dag.py:2676} INFO - Sync 1 DAGs
[2022-12-30T00:23:33.019+0000] {logging_mixin.py:137} INFO - [2022-12-30T00:23:33.019+0000] {dag.py:3427} INFO - Setting next_dagrun for example_trigger_controller_dag to 2021-01-01T00:00:00+00:00, run_after=2021-01-01T00:00:00+00:00
[2022-12-30T00:23:33.033+0000] {processor.py:175} INFO - Processing /home/airflow/.local/lib/python3.7/site-packages/airflow/example_dags/example_trigger_controller_dag.py took 0.084 seconds
[2022-12-30T00:24:03.695+0000] {processor.py:153} INFO - Started process (PID=38920) to work on /home/airflow/.local/lib/python3.7/site-packages/airflow/example_dags/example_trigger_controller_dag.py
[2022-12-30T00:24:03.702+0000] {processor.py:743} INFO - Processing file /home/airflow/.local/lib/python3.7/site-packages/airflow/example_dags/example_trigger_controller_dag.py for tasks to queue
[2022-12-30T00:24:03.702+0000] {logging_mixin.py:137} INFO - [2022-12-30T00:24:03.702+0000] {dagbag.py:538} INFO - Filling up the DagBag from /home/airflow/.local/lib/python3.7/site-packages/airflow/example_dags/example_trigger_controller_dag.py
[2022-12-30T00:24:03.710+0000] {processor.py:753} INFO - DAG(s) dict_keys(['example_trigger_controller_dag']) retrieved from /home/airflow/.local/lib/python3.7/site-packages/airflow/example_dags/example_trigger_controller_dag.py
[2022-12-30T00:24:03.738+0000] {logging_mixin.py:137} INFO - [2022-12-30T00:24:03.738+0000] {dag.py:2676} INFO - Sync 1 DAGs
[2022-12-30T00:24:03.759+0000] {logging_mixin.py:137} INFO - [2022-12-30T00:24:03.758+0000] {dag.py:3427} INFO - Setting next_dagrun for example_trigger_controller_dag to 2021-01-01T00:00:00+00:00, run_after=2021-01-01T00:00:00+00:00
[2022-12-30T00:24:03.773+0000] {processor.py:175} INFO - Processing /home/airflow/.local/lib/python3.7/site-packages/airflow/example_dags/example_trigger_controller_dag.py took 0.080 seconds
[2022-12-30T00:24:33.852+0000] {processor.py:153} INFO - Started process (PID=39022) to work on /home/airflow/.local/lib/python3.7/site-packages/airflow/example_dags/example_trigger_controller_dag.py
[2022-12-30T00:24:33.852+0000] {processor.py:743} INFO - Processing file /home/airflow/.local/lib/python3.7/site-packages/airflow/example_dags/example_trigger_controller_dag.py for tasks to queue
[2022-12-30T00:24:33.853+0000] {logging_mixin.py:137} INFO - [2022-12-30T00:24:33.853+0000] {dagbag.py:538} INFO - Filling up the DagBag from /home/airflow/.local/lib/python3.7/site-packages/airflow/example_dags/example_trigger_controller_dag.py
[2022-12-30T00:24:33.862+0000] {processor.py:753} INFO - DAG(s) dict_keys(['example_trigger_controller_dag']) retrieved from /home/airflow/.local/lib/python3.7/site-packages/airflow/example_dags/example_trigger_controller_dag.py
[2022-12-30T00:24:33.888+0000] {logging_mixin.py:137} INFO - [2022-12-30T00:24:33.888+0000] {dag.py:2676} INFO - Sync 1 DAGs
[2022-12-30T00:24:33.906+0000] {logging_mixin.py:137} INFO - [2022-12-30T00:24:33.906+0000] {dag.py:3427} INFO - Setting next_dagrun for example_trigger_controller_dag to 2021-01-01T00:00:00+00:00, run_after=2021-01-01T00:00:00+00:00
[2022-12-30T00:24:33.918+0000] {processor.py:175} INFO - Processing /home/airflow/.local/lib/python3.7/site-packages/airflow/example_dags/example_trigger_controller_dag.py took 0.069 seconds
[2022-12-30T00:25:04.261+0000] {processor.py:153} INFO - Started process (PID=39104) to work on /home/airflow/.local/lib/python3.7/site-packages/airflow/example_dags/example_trigger_controller_dag.py
[2022-12-30T00:25:04.262+0000] {processor.py:743} INFO - Processing file /home/airflow/.local/lib/python3.7/site-packages/airflow/example_dags/example_trigger_controller_dag.py for tasks to queue
[2022-12-30T00:25:04.262+0000] {logging_mixin.py:137} INFO - [2022-12-30T00:25:04.262+0000] {dagbag.py:538} INFO - Filling up the DagBag from /home/airflow/.local/lib/python3.7/site-packages/airflow/example_dags/example_trigger_controller_dag.py
[2022-12-30T00:25:04.270+0000] {processor.py:753} INFO - DAG(s) dict_keys(['example_trigger_controller_dag']) retrieved from /home/airflow/.local/lib/python3.7/site-packages/airflow/example_dags/example_trigger_controller_dag.py
[2022-12-30T00:25:04.297+0000] {logging_mixin.py:137} INFO - [2022-12-30T00:25:04.297+0000] {dag.py:2676} INFO - Sync 1 DAGs
[2022-12-30T00:25:04.317+0000] {logging_mixin.py:137} INFO - [2022-12-30T00:25:04.317+0000] {dag.py:3427} INFO - Setting next_dagrun for example_trigger_controller_dag to 2021-01-01T00:00:00+00:00, run_after=2021-01-01T00:00:00+00:00
[2022-12-30T00:25:04.330+0000] {processor.py:175} INFO - Processing /home/airflow/.local/lib/python3.7/site-packages/airflow/example_dags/example_trigger_controller_dag.py took 0.074 seconds
[2022-12-30T00:25:34.760+0000] {processor.py:153} INFO - Started process (PID=39206) to work on /home/airflow/.local/lib/python3.7/site-packages/airflow/example_dags/example_trigger_controller_dag.py
[2022-12-30T00:25:34.761+0000] {processor.py:743} INFO - Processing file /home/airflow/.local/lib/python3.7/site-packages/airflow/example_dags/example_trigger_controller_dag.py for tasks to queue
[2022-12-30T00:25:34.762+0000] {logging_mixin.py:137} INFO - [2022-12-30T00:25:34.762+0000] {dagbag.py:538} INFO - Filling up the DagBag from /home/airflow/.local/lib/python3.7/site-packages/airflow/example_dags/example_trigger_controller_dag.py
[2022-12-30T00:25:34.770+0000] {processor.py:753} INFO - DAG(s) dict_keys(['example_trigger_controller_dag']) retrieved from /home/airflow/.local/lib/python3.7/site-packages/airflow/example_dags/example_trigger_controller_dag.py
[2022-12-30T00:25:34.800+0000] {logging_mixin.py:137} INFO - [2022-12-30T00:25:34.800+0000] {dag.py:2676} INFO - Sync 1 DAGs
[2022-12-30T00:25:34.819+0000] {logging_mixin.py:137} INFO - [2022-12-30T00:25:34.819+0000] {dag.py:3427} INFO - Setting next_dagrun for example_trigger_controller_dag to 2021-01-01T00:00:00+00:00, run_after=2021-01-01T00:00:00+00:00
[2022-12-30T00:25:34.831+0000] {processor.py:175} INFO - Processing /home/airflow/.local/lib/python3.7/site-packages/airflow/example_dags/example_trigger_controller_dag.py took 0.074 seconds
[2022-12-30T00:26:05.436+0000] {processor.py:153} INFO - Started process (PID=39308) to work on /home/airflow/.local/lib/python3.7/site-packages/airflow/example_dags/example_trigger_controller_dag.py
[2022-12-30T00:26:05.437+0000] {processor.py:743} INFO - Processing file /home/airflow/.local/lib/python3.7/site-packages/airflow/example_dags/example_trigger_controller_dag.py for tasks to queue
[2022-12-30T00:26:05.438+0000] {logging_mixin.py:137} INFO - [2022-12-30T00:26:05.438+0000] {dagbag.py:538} INFO - Filling up the DagBag from /home/airflow/.local/lib/python3.7/site-packages/airflow/example_dags/example_trigger_controller_dag.py
[2022-12-30T00:26:05.449+0000] {processor.py:753} INFO - DAG(s) dict_keys(['example_trigger_controller_dag']) retrieved from /home/airflow/.local/lib/python3.7/site-packages/airflow/example_dags/example_trigger_controller_dag.py
[2022-12-30T00:26:05.478+0000] {logging_mixin.py:137} INFO - [2022-12-30T00:26:05.478+0000] {dag.py:2676} INFO - Sync 1 DAGs
[2022-12-30T00:26:05.498+0000] {logging_mixin.py:137} INFO - [2022-12-30T00:26:05.498+0000] {dag.py:3427} INFO - Setting next_dagrun for example_trigger_controller_dag to 2021-01-01T00:00:00+00:00, run_after=2021-01-01T00:00:00+00:00
[2022-12-30T00:26:05.512+0000] {processor.py:175} INFO - Processing /home/airflow/.local/lib/python3.7/site-packages/airflow/example_dags/example_trigger_controller_dag.py took 0.078 seconds
[2022-12-30T00:26:35.887+0000] {processor.py:153} INFO - Started process (PID=39390) to work on /home/airflow/.local/lib/python3.7/site-packages/airflow/example_dags/example_trigger_controller_dag.py
[2022-12-30T00:26:35.888+0000] {processor.py:743} INFO - Processing file /home/airflow/.local/lib/python3.7/site-packages/airflow/example_dags/example_trigger_controller_dag.py for tasks to queue
[2022-12-30T00:26:35.888+0000] {logging_mixin.py:137} INFO - [2022-12-30T00:26:35.888+0000] {dagbag.py:538} INFO - Filling up the DagBag from /home/airflow/.local/lib/python3.7/site-packages/airflow/example_dags/example_trigger_controller_dag.py
[2022-12-30T00:26:35.898+0000] {processor.py:753} INFO - DAG(s) dict_keys(['example_trigger_controller_dag']) retrieved from /home/airflow/.local/lib/python3.7/site-packages/airflow/example_dags/example_trigger_controller_dag.py
[2022-12-30T00:26:35.925+0000] {logging_mixin.py:137} INFO - [2022-12-30T00:26:35.925+0000] {dag.py:2676} INFO - Sync 1 DAGs
[2022-12-30T00:26:35.945+0000] {logging_mixin.py:137} INFO - [2022-12-30T00:26:35.945+0000] {dag.py:3427} INFO - Setting next_dagrun for example_trigger_controller_dag to 2021-01-01T00:00:00+00:00, run_after=2021-01-01T00:00:00+00:00
[2022-12-30T00:26:35.957+0000] {processor.py:175} INFO - Processing /home/airflow/.local/lib/python3.7/site-packages/airflow/example_dags/example_trigger_controller_dag.py took 0.072 seconds
[2022-12-30T00:27:06.065+0000] {processor.py:153} INFO - Started process (PID=39493) to work on /home/airflow/.local/lib/python3.7/site-packages/airflow/example_dags/example_trigger_controller_dag.py
[2022-12-30T00:27:06.067+0000] {processor.py:743} INFO - Processing file /home/airflow/.local/lib/python3.7/site-packages/airflow/example_dags/example_trigger_controller_dag.py for tasks to queue
[2022-12-30T00:27:06.067+0000] {logging_mixin.py:137} INFO - [2022-12-30T00:27:06.067+0000] {dagbag.py:538} INFO - Filling up the DagBag from /home/airflow/.local/lib/python3.7/site-packages/airflow/example_dags/example_trigger_controller_dag.py
[2022-12-30T00:27:06.079+0000] {processor.py:753} INFO - DAG(s) dict_keys(['example_trigger_controller_dag']) retrieved from /home/airflow/.local/lib/python3.7/site-packages/airflow/example_dags/example_trigger_controller_dag.py
[2022-12-30T00:27:06.111+0000] {logging_mixin.py:137} INFO - [2022-12-30T00:27:06.111+0000] {dag.py:2676} INFO - Sync 1 DAGs
[2022-12-30T00:27:06.132+0000] {logging_mixin.py:137} INFO - [2022-12-30T00:27:06.132+0000] {dag.py:3427} INFO - Setting next_dagrun for example_trigger_controller_dag to 2021-01-01T00:00:00+00:00, run_after=2021-01-01T00:00:00+00:00
[2022-12-30T00:27:06.146+0000] {processor.py:175} INFO - Processing /home/airflow/.local/lib/python3.7/site-packages/airflow/example_dags/example_trigger_controller_dag.py took 0.084 seconds
[2022-12-30T00:27:36.770+0000] {processor.py:153} INFO - Started process (PID=39575) to work on /home/airflow/.local/lib/python3.7/site-packages/airflow/example_dags/example_trigger_controller_dag.py
[2022-12-30T00:27:36.777+0000] {processor.py:743} INFO - Processing file /home/airflow/.local/lib/python3.7/site-packages/airflow/example_dags/example_trigger_controller_dag.py for tasks to queue
[2022-12-30T00:27:36.778+0000] {logging_mixin.py:137} INFO - [2022-12-30T00:27:36.778+0000] {dagbag.py:538} INFO - Filling up the DagBag from /home/airflow/.local/lib/python3.7/site-packages/airflow/example_dags/example_trigger_controller_dag.py
[2022-12-30T00:27:36.786+0000] {processor.py:753} INFO - DAG(s) dict_keys(['example_trigger_controller_dag']) retrieved from /home/airflow/.local/lib/python3.7/site-packages/airflow/example_dags/example_trigger_controller_dag.py
[2022-12-30T00:27:36.816+0000] {logging_mixin.py:137} INFO - [2022-12-30T00:27:36.816+0000] {dag.py:2676} INFO - Sync 1 DAGs
[2022-12-30T00:27:36.843+0000] {logging_mixin.py:137} INFO - [2022-12-30T00:27:36.843+0000] {dag.py:3427} INFO - Setting next_dagrun for example_trigger_controller_dag to 2021-01-01T00:00:00+00:00, run_after=2021-01-01T00:00:00+00:00
[2022-12-30T00:27:36.860+0000] {processor.py:175} INFO - Processing /home/airflow/.local/lib/python3.7/site-packages/airflow/example_dags/example_trigger_controller_dag.py took 0.093 seconds
[2022-12-30T00:28:06.972+0000] {processor.py:153} INFO - Started process (PID=39677) to work on /home/airflow/.local/lib/python3.7/site-packages/airflow/example_dags/example_trigger_controller_dag.py
[2022-12-30T00:28:06.973+0000] {processor.py:743} INFO - Processing file /home/airflow/.local/lib/python3.7/site-packages/airflow/example_dags/example_trigger_controller_dag.py for tasks to queue
[2022-12-30T00:28:06.974+0000] {logging_mixin.py:137} INFO - [2022-12-30T00:28:06.974+0000] {dagbag.py:538} INFO - Filling up the DagBag from /home/airflow/.local/lib/python3.7/site-packages/airflow/example_dags/example_trigger_controller_dag.py
[2022-12-30T00:28:06.983+0000] {processor.py:753} INFO - DAG(s) dict_keys(['example_trigger_controller_dag']) retrieved from /home/airflow/.local/lib/python3.7/site-packages/airflow/example_dags/example_trigger_controller_dag.py
[2022-12-30T00:28:07.012+0000] {logging_mixin.py:137} INFO - [2022-12-30T00:28:07.011+0000] {dag.py:2676} INFO - Sync 1 DAGs
[2022-12-30T00:28:07.031+0000] {logging_mixin.py:137} INFO - [2022-12-30T00:28:07.031+0000] {dag.py:3427} INFO - Setting next_dagrun for example_trigger_controller_dag to 2021-01-01T00:00:00+00:00, run_after=2021-01-01T00:00:00+00:00
[2022-12-30T00:28:07.045+0000] {processor.py:175} INFO - Processing /home/airflow/.local/lib/python3.7/site-packages/airflow/example_dags/example_trigger_controller_dag.py took 0.076 seconds
[2022-12-30T00:28:37.505+0000] {processor.py:153} INFO - Started process (PID=39759) to work on /home/airflow/.local/lib/python3.7/site-packages/airflow/example_dags/example_trigger_controller_dag.py
[2022-12-30T00:28:37.506+0000] {processor.py:743} INFO - Processing file /home/airflow/.local/lib/python3.7/site-packages/airflow/example_dags/example_trigger_controller_dag.py for tasks to queue
[2022-12-30T00:28:37.507+0000] {logging_mixin.py:137} INFO - [2022-12-30T00:28:37.507+0000] {dagbag.py:538} INFO - Filling up the DagBag from /home/airflow/.local/lib/python3.7/site-packages/airflow/example_dags/example_trigger_controller_dag.py
[2022-12-30T00:28:37.518+0000] {processor.py:753} INFO - DAG(s) dict_keys(['example_trigger_controller_dag']) retrieved from /home/airflow/.local/lib/python3.7/site-packages/airflow/example_dags/example_trigger_controller_dag.py
[2022-12-30T00:28:37.554+0000] {logging_mixin.py:137} INFO - [2022-12-30T00:28:37.554+0000] {dag.py:2676} INFO - Sync 1 DAGs
[2022-12-30T00:28:37.572+0000] {logging_mixin.py:137} INFO - [2022-12-30T00:28:37.572+0000] {dag.py:3427} INFO - Setting next_dagrun for example_trigger_controller_dag to 2021-01-01T00:00:00+00:00, run_after=2021-01-01T00:00:00+00:00
[2022-12-30T00:28:37.592+0000] {processor.py:175} INFO - Processing /home/airflow/.local/lib/python3.7/site-packages/airflow/example_dags/example_trigger_controller_dag.py took 0.090 seconds
[2022-12-30T00:29:07.785+0000] {processor.py:153} INFO - Started process (PID=39861) to work on /home/airflow/.local/lib/python3.7/site-packages/airflow/example_dags/example_trigger_controller_dag.py
[2022-12-30T00:29:07.786+0000] {processor.py:743} INFO - Processing file /home/airflow/.local/lib/python3.7/site-packages/airflow/example_dags/example_trigger_controller_dag.py for tasks to queue
[2022-12-30T00:29:07.786+0000] {logging_mixin.py:137} INFO - [2022-12-30T00:29:07.786+0000] {dagbag.py:538} INFO - Filling up the DagBag from /home/airflow/.local/lib/python3.7/site-packages/airflow/example_dags/example_trigger_controller_dag.py
[2022-12-30T00:29:07.795+0000] {processor.py:753} INFO - DAG(s) dict_keys(['example_trigger_controller_dag']) retrieved from /home/airflow/.local/lib/python3.7/site-packages/airflow/example_dags/example_trigger_controller_dag.py
[2022-12-30T00:29:07.824+0000] {logging_mixin.py:137} INFO - [2022-12-30T00:29:07.824+0000] {dag.py:2676} INFO - Sync 1 DAGs
[2022-12-30T00:29:07.847+0000] {logging_mixin.py:137} INFO - [2022-12-30T00:29:07.847+0000] {dag.py:3427} INFO - Setting next_dagrun for example_trigger_controller_dag to 2021-01-01T00:00:00+00:00, run_after=2021-01-01T00:00:00+00:00
[2022-12-30T00:29:07.860+0000] {processor.py:175} INFO - Processing /home/airflow/.local/lib/python3.7/site-packages/airflow/example_dags/example_trigger_controller_dag.py took 0.078 seconds
[2022-12-30T00:29:38.099+0000] {processor.py:153} INFO - Started process (PID=39943) to work on /home/airflow/.local/lib/python3.7/site-packages/airflow/example_dags/example_trigger_controller_dag.py
[2022-12-30T00:29:38.100+0000] {processor.py:743} INFO - Processing file /home/airflow/.local/lib/python3.7/site-packages/airflow/example_dags/example_trigger_controller_dag.py for tasks to queue
[2022-12-30T00:29:38.101+0000] {logging_mixin.py:137} INFO - [2022-12-30T00:29:38.100+0000] {dagbag.py:538} INFO - Filling up the DagBag from /home/airflow/.local/lib/python3.7/site-packages/airflow/example_dags/example_trigger_controller_dag.py
[2022-12-30T00:29:38.109+0000] {processor.py:753} INFO - DAG(s) dict_keys(['example_trigger_controller_dag']) retrieved from /home/airflow/.local/lib/python3.7/site-packages/airflow/example_dags/example_trigger_controller_dag.py
[2022-12-30T00:29:38.140+0000] {logging_mixin.py:137} INFO - [2022-12-30T00:29:38.140+0000] {dag.py:2676} INFO - Sync 1 DAGs
[2022-12-30T00:29:38.158+0000] {logging_mixin.py:137} INFO - [2022-12-30T00:29:38.158+0000] {dag.py:3427} INFO - Setting next_dagrun for example_trigger_controller_dag to 2021-01-01T00:00:00+00:00, run_after=2021-01-01T00:00:00+00:00
[2022-12-30T00:29:38.171+0000] {processor.py:175} INFO - Processing /home/airflow/.local/lib/python3.7/site-packages/airflow/example_dags/example_trigger_controller_dag.py took 0.076 seconds
[2022-12-30T00:30:08.717+0000] {processor.py:153} INFO - Started process (PID=40045) to work on /home/airflow/.local/lib/python3.7/site-packages/airflow/example_dags/example_trigger_controller_dag.py
[2022-12-30T00:30:08.718+0000] {processor.py:743} INFO - Processing file /home/airflow/.local/lib/python3.7/site-packages/airflow/example_dags/example_trigger_controller_dag.py for tasks to queue
[2022-12-30T00:30:08.719+0000] {logging_mixin.py:137} INFO - [2022-12-30T00:30:08.719+0000] {dagbag.py:538} INFO - Filling up the DagBag from /home/airflow/.local/lib/python3.7/site-packages/airflow/example_dags/example_trigger_controller_dag.py
[2022-12-30T00:30:08.726+0000] {processor.py:753} INFO - DAG(s) dict_keys(['example_trigger_controller_dag']) retrieved from /home/airflow/.local/lib/python3.7/site-packages/airflow/example_dags/example_trigger_controller_dag.py
[2022-12-30T00:30:08.758+0000] {logging_mixin.py:137} INFO - [2022-12-30T00:30:08.758+0000] {dag.py:2676} INFO - Sync 1 DAGs
[2022-12-30T00:30:08.779+0000] {logging_mixin.py:137} INFO - [2022-12-30T00:30:08.779+0000] {dag.py:3427} INFO - Setting next_dagrun for example_trigger_controller_dag to 2021-01-01T00:00:00+00:00, run_after=2021-01-01T00:00:00+00:00
[2022-12-30T00:30:08.794+0000] {processor.py:175} INFO - Processing /home/airflow/.local/lib/python3.7/site-packages/airflow/example_dags/example_trigger_controller_dag.py took 0.080 seconds
[2022-12-30T00:30:39.219+0000] {processor.py:153} INFO - Started process (PID=40127) to work on /home/airflow/.local/lib/python3.7/site-packages/airflow/example_dags/example_trigger_controller_dag.py
[2022-12-30T00:30:39.221+0000] {processor.py:743} INFO - Processing file /home/airflow/.local/lib/python3.7/site-packages/airflow/example_dags/example_trigger_controller_dag.py for tasks to queue
[2022-12-30T00:30:39.221+0000] {logging_mixin.py:137} INFO - [2022-12-30T00:30:39.221+0000] {dagbag.py:538} INFO - Filling up the DagBag from /home/airflow/.local/lib/python3.7/site-packages/airflow/example_dags/example_trigger_controller_dag.py
[2022-12-30T00:30:39.230+0000] {processor.py:753} INFO - DAG(s) dict_keys(['example_trigger_controller_dag']) retrieved from /home/airflow/.local/lib/python3.7/site-packages/airflow/example_dags/example_trigger_controller_dag.py
[2022-12-30T00:30:39.261+0000] {logging_mixin.py:137} INFO - [2022-12-30T00:30:39.261+0000] {dag.py:2676} INFO - Sync 1 DAGs
[2022-12-30T00:30:39.283+0000] {logging_mixin.py:137} INFO - [2022-12-30T00:30:39.283+0000] {dag.py:3427} INFO - Setting next_dagrun for example_trigger_controller_dag to 2021-01-01T00:00:00+00:00, run_after=2021-01-01T00:00:00+00:00
[2022-12-30T00:30:39.296+0000] {processor.py:175} INFO - Processing /home/airflow/.local/lib/python3.7/site-packages/airflow/example_dags/example_trigger_controller_dag.py took 0.079 seconds
[2022-12-30T00:31:09.733+0000] {processor.py:153} INFO - Started process (PID=40229) to work on /home/airflow/.local/lib/python3.7/site-packages/airflow/example_dags/example_trigger_controller_dag.py
[2022-12-30T00:31:09.735+0000] {processor.py:743} INFO - Processing file /home/airflow/.local/lib/python3.7/site-packages/airflow/example_dags/example_trigger_controller_dag.py for tasks to queue
[2022-12-30T00:31:09.736+0000] {logging_mixin.py:137} INFO - [2022-12-30T00:31:09.735+0000] {dagbag.py:538} INFO - Filling up the DagBag from /home/airflow/.local/lib/python3.7/site-packages/airflow/example_dags/example_trigger_controller_dag.py
[2022-12-30T00:31:09.744+0000] {processor.py:753} INFO - DAG(s) dict_keys(['example_trigger_controller_dag']) retrieved from /home/airflow/.local/lib/python3.7/site-packages/airflow/example_dags/example_trigger_controller_dag.py
[2022-12-30T00:31:09.774+0000] {logging_mixin.py:137} INFO - [2022-12-30T00:31:09.774+0000] {dag.py:2676} INFO - Sync 1 DAGs
[2022-12-30T00:31:09.794+0000] {logging_mixin.py:137} INFO - [2022-12-30T00:31:09.794+0000] {dag.py:3427} INFO - Setting next_dagrun for example_trigger_controller_dag to 2021-01-01T00:00:00+00:00, run_after=2021-01-01T00:00:00+00:00
[2022-12-30T00:31:09.807+0000] {processor.py:175} INFO - Processing /home/airflow/.local/lib/python3.7/site-packages/airflow/example_dags/example_trigger_controller_dag.py took 0.077 seconds
[2022-12-30T00:31:40.264+0000] {processor.py:153} INFO - Started process (PID=40320) to work on /home/airflow/.local/lib/python3.7/site-packages/airflow/example_dags/example_trigger_controller_dag.py
[2022-12-30T00:31:40.271+0000] {processor.py:743} INFO - Processing file /home/airflow/.local/lib/python3.7/site-packages/airflow/example_dags/example_trigger_controller_dag.py for tasks to queue
[2022-12-30T00:31:40.272+0000] {logging_mixin.py:137} INFO - [2022-12-30T00:31:40.272+0000] {dagbag.py:538} INFO - Filling up the DagBag from /home/airflow/.local/lib/python3.7/site-packages/airflow/example_dags/example_trigger_controller_dag.py
[2022-12-30T00:31:40.281+0000] {processor.py:753} INFO - DAG(s) dict_keys(['example_trigger_controller_dag']) retrieved from /home/airflow/.local/lib/python3.7/site-packages/airflow/example_dags/example_trigger_controller_dag.py
[2022-12-30T00:31:40.315+0000] {logging_mixin.py:137} INFO - [2022-12-30T00:31:40.315+0000] {dag.py:2676} INFO - Sync 1 DAGs
[2022-12-30T00:31:40.343+0000] {logging_mixin.py:137} INFO - [2022-12-30T00:31:40.342+0000] {dag.py:3427} INFO - Setting next_dagrun for example_trigger_controller_dag to 2021-01-01T00:00:00+00:00, run_after=2021-01-01T00:00:00+00:00
[2022-12-30T00:31:40.359+0000] {processor.py:175} INFO - Processing /home/airflow/.local/lib/python3.7/site-packages/airflow/example_dags/example_trigger_controller_dag.py took 0.098 seconds
[2022-12-30T00:32:10.393+0000] {processor.py:153} INFO - Started process (PID=40414) to work on /home/airflow/.local/lib/python3.7/site-packages/airflow/example_dags/example_trigger_controller_dag.py
[2022-12-30T00:32:10.394+0000] {processor.py:743} INFO - Processing file /home/airflow/.local/lib/python3.7/site-packages/airflow/example_dags/example_trigger_controller_dag.py for tasks to queue
[2022-12-30T00:32:10.395+0000] {logging_mixin.py:137} INFO - [2022-12-30T00:32:10.394+0000] {dagbag.py:538} INFO - Filling up the DagBag from /home/airflow/.local/lib/python3.7/site-packages/airflow/example_dags/example_trigger_controller_dag.py
[2022-12-30T00:32:10.403+0000] {processor.py:753} INFO - DAG(s) dict_keys(['example_trigger_controller_dag']) retrieved from /home/airflow/.local/lib/python3.7/site-packages/airflow/example_dags/example_trigger_controller_dag.py
[2022-12-30T00:32:10.435+0000] {logging_mixin.py:137} INFO - [2022-12-30T00:32:10.435+0000] {dag.py:2676} INFO - Sync 1 DAGs
[2022-12-30T00:32:10.455+0000] {logging_mixin.py:137} INFO - [2022-12-30T00:32:10.455+0000] {dag.py:3427} INFO - Setting next_dagrun for example_trigger_controller_dag to 2021-01-01T00:00:00+00:00, run_after=2021-01-01T00:00:00+00:00
[2022-12-30T00:32:10.467+0000] {processor.py:175} INFO - Processing /home/airflow/.local/lib/python3.7/site-packages/airflow/example_dags/example_trigger_controller_dag.py took 0.077 seconds
[2022-12-30T00:32:40.853+0000] {processor.py:153} INFO - Started process (PID=40516) to work on /home/airflow/.local/lib/python3.7/site-packages/airflow/example_dags/example_trigger_controller_dag.py
[2022-12-30T00:32:40.854+0000] {processor.py:743} INFO - Processing file /home/airflow/.local/lib/python3.7/site-packages/airflow/example_dags/example_trigger_controller_dag.py for tasks to queue
[2022-12-30T00:32:40.854+0000] {logging_mixin.py:137} INFO - [2022-12-30T00:32:40.854+0000] {dagbag.py:538} INFO - Filling up the DagBag from /home/airflow/.local/lib/python3.7/site-packages/airflow/example_dags/example_trigger_controller_dag.py
[2022-12-30T00:32:40.864+0000] {processor.py:753} INFO - DAG(s) dict_keys(['example_trigger_controller_dag']) retrieved from /home/airflow/.local/lib/python3.7/site-packages/airflow/example_dags/example_trigger_controller_dag.py
[2022-12-30T00:32:40.898+0000] {logging_mixin.py:137} INFO - [2022-12-30T00:32:40.897+0000] {dag.py:2676} INFO - Sync 1 DAGs
[2022-12-30T00:32:40.924+0000] {logging_mixin.py:137} INFO - [2022-12-30T00:32:40.924+0000] {dag.py:3427} INFO - Setting next_dagrun for example_trigger_controller_dag to 2021-01-01T00:00:00+00:00, run_after=2021-01-01T00:00:00+00:00
[2022-12-30T00:32:40.942+0000] {processor.py:175} INFO - Processing /home/airflow/.local/lib/python3.7/site-packages/airflow/example_dags/example_trigger_controller_dag.py took 0.091 seconds
[2022-12-30T00:33:11.676+0000] {processor.py:153} INFO - Started process (PID=40598) to work on /home/airflow/.local/lib/python3.7/site-packages/airflow/example_dags/example_trigger_controller_dag.py
[2022-12-30T00:33:11.677+0000] {processor.py:743} INFO - Processing file /home/airflow/.local/lib/python3.7/site-packages/airflow/example_dags/example_trigger_controller_dag.py for tasks to queue
[2022-12-30T00:33:11.678+0000] {logging_mixin.py:137} INFO - [2022-12-30T00:33:11.678+0000] {dagbag.py:538} INFO - Filling up the DagBag from /home/airflow/.local/lib/python3.7/site-packages/airflow/example_dags/example_trigger_controller_dag.py
[2022-12-30T00:33:11.687+0000] {processor.py:753} INFO - DAG(s) dict_keys(['example_trigger_controller_dag']) retrieved from /home/airflow/.local/lib/python3.7/site-packages/airflow/example_dags/example_trigger_controller_dag.py
[2022-12-30T00:33:11.716+0000] {logging_mixin.py:137} INFO - [2022-12-30T00:33:11.715+0000] {dag.py:2676} INFO - Sync 1 DAGs
[2022-12-30T00:33:11.736+0000] {logging_mixin.py:137} INFO - [2022-12-30T00:33:11.735+0000] {dag.py:3427} INFO - Setting next_dagrun for example_trigger_controller_dag to 2021-01-01T00:00:00+00:00, run_after=2021-01-01T00:00:00+00:00
[2022-12-30T00:33:11.748+0000] {processor.py:175} INFO - Processing /home/airflow/.local/lib/python3.7/site-packages/airflow/example_dags/example_trigger_controller_dag.py took 0.076 seconds
[2022-12-30T00:33:42.350+0000] {processor.py:153} INFO - Started process (PID=40700) to work on /home/airflow/.local/lib/python3.7/site-packages/airflow/example_dags/example_trigger_controller_dag.py
[2022-12-30T00:33:42.350+0000] {processor.py:743} INFO - Processing file /home/airflow/.local/lib/python3.7/site-packages/airflow/example_dags/example_trigger_controller_dag.py for tasks to queue
[2022-12-30T00:33:42.351+0000] {logging_mixin.py:137} INFO - [2022-12-30T00:33:42.351+0000] {dagbag.py:538} INFO - Filling up the DagBag from /home/airflow/.local/lib/python3.7/site-packages/airflow/example_dags/example_trigger_controller_dag.py
[2022-12-30T00:33:42.362+0000] {processor.py:753} INFO - DAG(s) dict_keys(['example_trigger_controller_dag']) retrieved from /home/airflow/.local/lib/python3.7/site-packages/airflow/example_dags/example_trigger_controller_dag.py
[2022-12-30T00:33:42.391+0000] {logging_mixin.py:137} INFO - [2022-12-30T00:33:42.391+0000] {dag.py:2676} INFO - Sync 1 DAGs
[2022-12-30T00:33:42.417+0000] {logging_mixin.py:137} INFO - [2022-12-30T00:33:42.417+0000] {dag.py:3427} INFO - Setting next_dagrun for example_trigger_controller_dag to 2021-01-01T00:00:00+00:00, run_after=2021-01-01T00:00:00+00:00
[2022-12-30T00:33:42.429+0000] {processor.py:175} INFO - Processing /home/airflow/.local/lib/python3.7/site-packages/airflow/example_dags/example_trigger_controller_dag.py took 0.082 seconds
[2022-12-30T00:34:12.894+0000] {processor.py:153} INFO - Started process (PID=40782) to work on /home/airflow/.local/lib/python3.7/site-packages/airflow/example_dags/example_trigger_controller_dag.py
[2022-12-30T00:34:12.895+0000] {processor.py:743} INFO - Processing file /home/airflow/.local/lib/python3.7/site-packages/airflow/example_dags/example_trigger_controller_dag.py for tasks to queue
[2022-12-30T00:34:12.895+0000] {logging_mixin.py:137} INFO - [2022-12-30T00:34:12.895+0000] {dagbag.py:538} INFO - Filling up the DagBag from /home/airflow/.local/lib/python3.7/site-packages/airflow/example_dags/example_trigger_controller_dag.py
[2022-12-30T00:34:12.904+0000] {processor.py:753} INFO - DAG(s) dict_keys(['example_trigger_controller_dag']) retrieved from /home/airflow/.local/lib/python3.7/site-packages/airflow/example_dags/example_trigger_controller_dag.py
[2022-12-30T00:34:12.932+0000] {logging_mixin.py:137} INFO - [2022-12-30T00:34:12.932+0000] {dag.py:2676} INFO - Sync 1 DAGs
[2022-12-30T00:34:12.950+0000] {logging_mixin.py:137} INFO - [2022-12-30T00:34:12.950+0000] {dag.py:3427} INFO - Setting next_dagrun for example_trigger_controller_dag to 2021-01-01T00:00:00+00:00, run_after=2021-01-01T00:00:00+00:00
[2022-12-30T00:34:12.962+0000] {processor.py:175} INFO - Processing /home/airflow/.local/lib/python3.7/site-packages/airflow/example_dags/example_trigger_controller_dag.py took 0.071 seconds
