[2022-12-30T00:00:10.266+0000] {processor.py:153} INFO - Started process (PID=34551) to work on /home/airflow/.local/lib/python3.7/site-packages/airflow/example_dags/example_short_circuit_operator.py
[2022-12-30T00:00:10.267+0000] {processor.py:743} INFO - Processing file /home/airflow/.local/lib/python3.7/site-packages/airflow/example_dags/example_short_circuit_operator.py for tasks to queue
[2022-12-30T00:00:10.267+0000] {logging_mixin.py:137} INFO - [2022-12-30T00:00:10.267+0000] {dagbag.py:538} INFO - Filling up the DagBag from /home/airflow/.local/lib/python3.7/site-packages/airflow/example_dags/example_short_circuit_operator.py
[2022-12-30T00:00:10.280+0000] {processor.py:753} INFO - DAG(s) dict_keys(['example_short_circuit_operator']) retrieved from /home/airflow/.local/lib/python3.7/site-packages/airflow/example_dags/example_short_circuit_operator.py
[2022-12-30T00:00:10.313+0000] {logging_mixin.py:137} INFO - [2022-12-30T00:00:10.313+0000] {dag.py:2676} INFO - Sync 1 DAGs
[2022-12-30T00:00:10.336+0000] {logging_mixin.py:137} INFO - [2022-12-30T00:00:10.336+0000] {dag.py:3427} INFO - Setting next_dagrun for example_short_circuit_operator to 2022-12-29T00:00:10.335883+00:00, run_after=2022-12-30T00:00:10.335883+00:00
[2022-12-30T00:00:10.355+0000] {processor.py:175} INFO - Processing /home/airflow/.local/lib/python3.7/site-packages/airflow/example_dags/example_short_circuit_operator.py took 0.091 seconds
[2022-12-30T00:00:40.851+0000] {processor.py:153} INFO - Started process (PID=34645) to work on /home/airflow/.local/lib/python3.7/site-packages/airflow/example_dags/example_short_circuit_operator.py
[2022-12-30T00:00:40.852+0000] {processor.py:743} INFO - Processing file /home/airflow/.local/lib/python3.7/site-packages/airflow/example_dags/example_short_circuit_operator.py for tasks to queue
[2022-12-30T00:00:40.852+0000] {logging_mixin.py:137} INFO - [2022-12-30T00:00:40.852+0000] {dagbag.py:538} INFO - Filling up the DagBag from /home/airflow/.local/lib/python3.7/site-packages/airflow/example_dags/example_short_circuit_operator.py
[2022-12-30T00:00:40.863+0000] {processor.py:753} INFO - DAG(s) dict_keys(['example_short_circuit_operator']) retrieved from /home/airflow/.local/lib/python3.7/site-packages/airflow/example_dags/example_short_circuit_operator.py
[2022-12-30T00:00:40.894+0000] {logging_mixin.py:137} INFO - [2022-12-30T00:00:40.894+0000] {dag.py:2676} INFO - Sync 1 DAGs
[2022-12-30T00:00:40.914+0000] {logging_mixin.py:137} INFO - [2022-12-30T00:00:40.914+0000] {dag.py:3427} INFO - Setting next_dagrun for example_short_circuit_operator to 2022-12-29T00:00:40.914140+00:00, run_after=2022-12-30T00:00:40.914140+00:00
[2022-12-30T00:00:40.926+0000] {processor.py:175} INFO - Processing /home/airflow/.local/lib/python3.7/site-packages/airflow/example_dags/example_short_circuit_operator.py took 0.078 seconds
[2022-12-30T00:01:11.506+0000] {processor.py:153} INFO - Started process (PID=34747) to work on /home/airflow/.local/lib/python3.7/site-packages/airflow/example_dags/example_short_circuit_operator.py
[2022-12-30T00:01:11.506+0000] {processor.py:743} INFO - Processing file /home/airflow/.local/lib/python3.7/site-packages/airflow/example_dags/example_short_circuit_operator.py for tasks to queue
[2022-12-30T00:01:11.507+0000] {logging_mixin.py:137} INFO - [2022-12-30T00:01:11.507+0000] {dagbag.py:538} INFO - Filling up the DagBag from /home/airflow/.local/lib/python3.7/site-packages/airflow/example_dags/example_short_circuit_operator.py
[2022-12-30T00:01:11.519+0000] {processor.py:753} INFO - DAG(s) dict_keys(['example_short_circuit_operator']) retrieved from /home/airflow/.local/lib/python3.7/site-packages/airflow/example_dags/example_short_circuit_operator.py
[2022-12-30T00:01:11.551+0000] {logging_mixin.py:137} INFO - [2022-12-30T00:01:11.551+0000] {dag.py:2676} INFO - Sync 1 DAGs
[2022-12-30T00:01:11.577+0000] {logging_mixin.py:137} INFO - [2022-12-30T00:01:11.577+0000] {dag.py:3427} INFO - Setting next_dagrun for example_short_circuit_operator to 2022-12-29T00:01:11.577485+00:00, run_after=2022-12-30T00:01:11.577485+00:00
[2022-12-30T00:01:11.595+0000] {processor.py:175} INFO - Processing /home/airflow/.local/lib/python3.7/site-packages/airflow/example_dags/example_short_circuit_operator.py took 0.092 seconds
[2022-12-30T00:01:41.874+0000] {processor.py:153} INFO - Started process (PID=34829) to work on /home/airflow/.local/lib/python3.7/site-packages/airflow/example_dags/example_short_circuit_operator.py
[2022-12-30T00:01:41.875+0000] {processor.py:743} INFO - Processing file /home/airflow/.local/lib/python3.7/site-packages/airflow/example_dags/example_short_circuit_operator.py for tasks to queue
[2022-12-30T00:01:41.875+0000] {logging_mixin.py:137} INFO - [2022-12-30T00:01:41.875+0000] {dagbag.py:538} INFO - Filling up the DagBag from /home/airflow/.local/lib/python3.7/site-packages/airflow/example_dags/example_short_circuit_operator.py
[2022-12-30T00:01:41.888+0000] {processor.py:753} INFO - DAG(s) dict_keys(['example_short_circuit_operator']) retrieved from /home/airflow/.local/lib/python3.7/site-packages/airflow/example_dags/example_short_circuit_operator.py
[2022-12-30T00:01:41.919+0000] {logging_mixin.py:137} INFO - [2022-12-30T00:01:41.919+0000] {dag.py:2676} INFO - Sync 1 DAGs
[2022-12-30T00:01:41.937+0000] {logging_mixin.py:137} INFO - [2022-12-30T00:01:41.937+0000] {dag.py:3427} INFO - Setting next_dagrun for example_short_circuit_operator to 2022-12-29T00:01:41.937285+00:00, run_after=2022-12-30T00:01:41.937285+00:00
[2022-12-30T00:01:41.948+0000] {processor.py:175} INFO - Processing /home/airflow/.local/lib/python3.7/site-packages/airflow/example_dags/example_short_circuit_operator.py took 0.078 seconds
[2022-12-30T00:02:12.531+0000] {processor.py:153} INFO - Started process (PID=34931) to work on /home/airflow/.local/lib/python3.7/site-packages/airflow/example_dags/example_short_circuit_operator.py
[2022-12-30T00:02:12.531+0000] {processor.py:743} INFO - Processing file /home/airflow/.local/lib/python3.7/site-packages/airflow/example_dags/example_short_circuit_operator.py for tasks to queue
[2022-12-30T00:02:12.532+0000] {logging_mixin.py:137} INFO - [2022-12-30T00:02:12.532+0000] {dagbag.py:538} INFO - Filling up the DagBag from /home/airflow/.local/lib/python3.7/site-packages/airflow/example_dags/example_short_circuit_operator.py
[2022-12-30T00:02:12.542+0000] {processor.py:753} INFO - DAG(s) dict_keys(['example_short_circuit_operator']) retrieved from /home/airflow/.local/lib/python3.7/site-packages/airflow/example_dags/example_short_circuit_operator.py
[2022-12-30T00:02:12.570+0000] {logging_mixin.py:137} INFO - [2022-12-30T00:02:12.570+0000] {dag.py:2676} INFO - Sync 1 DAGs
[2022-12-30T00:02:12.588+0000] {logging_mixin.py:137} INFO - [2022-12-30T00:02:12.588+0000] {dag.py:3427} INFO - Setting next_dagrun for example_short_circuit_operator to 2022-12-29T00:02:12.588527+00:00, run_after=2022-12-30T00:02:12.588527+00:00
[2022-12-30T00:02:12.599+0000] {processor.py:175} INFO - Processing /home/airflow/.local/lib/python3.7/site-packages/airflow/example_dags/example_short_circuit_operator.py took 0.073 seconds
[2022-12-30T00:02:42.930+0000] {processor.py:153} INFO - Started process (PID=35013) to work on /home/airflow/.local/lib/python3.7/site-packages/airflow/example_dags/example_short_circuit_operator.py
[2022-12-30T00:02:42.930+0000] {processor.py:743} INFO - Processing file /home/airflow/.local/lib/python3.7/site-packages/airflow/example_dags/example_short_circuit_operator.py for tasks to queue
[2022-12-30T00:02:42.931+0000] {logging_mixin.py:137} INFO - [2022-12-30T00:02:42.931+0000] {dagbag.py:538} INFO - Filling up the DagBag from /home/airflow/.local/lib/python3.7/site-packages/airflow/example_dags/example_short_circuit_operator.py
[2022-12-30T00:02:42.944+0000] {processor.py:753} INFO - DAG(s) dict_keys(['example_short_circuit_operator']) retrieved from /home/airflow/.local/lib/python3.7/site-packages/airflow/example_dags/example_short_circuit_operator.py
[2022-12-30T00:02:42.977+0000] {logging_mixin.py:137} INFO - [2022-12-30T00:02:42.977+0000] {dag.py:2676} INFO - Sync 1 DAGs
[2022-12-30T00:02:42.996+0000] {logging_mixin.py:137} INFO - [2022-12-30T00:02:42.996+0000] {dag.py:3427} INFO - Setting next_dagrun for example_short_circuit_operator to 2022-12-29T00:02:42.996264+00:00, run_after=2022-12-30T00:02:42.996264+00:00
[2022-12-30T00:02:43.007+0000] {processor.py:175} INFO - Processing /home/airflow/.local/lib/python3.7/site-packages/airflow/example_dags/example_short_circuit_operator.py took 0.080 seconds
[2022-12-30T00:03:13.412+0000] {processor.py:153} INFO - Started process (PID=35115) to work on /home/airflow/.local/lib/python3.7/site-packages/airflow/example_dags/example_short_circuit_operator.py
[2022-12-30T00:03:13.412+0000] {processor.py:743} INFO - Processing file /home/airflow/.local/lib/python3.7/site-packages/airflow/example_dags/example_short_circuit_operator.py for tasks to queue
[2022-12-30T00:03:13.413+0000] {logging_mixin.py:137} INFO - [2022-12-30T00:03:13.413+0000] {dagbag.py:538} INFO - Filling up the DagBag from /home/airflow/.local/lib/python3.7/site-packages/airflow/example_dags/example_short_circuit_operator.py
[2022-12-30T00:03:13.423+0000] {processor.py:753} INFO - DAG(s) dict_keys(['example_short_circuit_operator']) retrieved from /home/airflow/.local/lib/python3.7/site-packages/airflow/example_dags/example_short_circuit_operator.py
[2022-12-30T00:03:13.454+0000] {logging_mixin.py:137} INFO - [2022-12-30T00:03:13.454+0000] {dag.py:2676} INFO - Sync 1 DAGs
[2022-12-30T00:03:13.471+0000] {logging_mixin.py:137} INFO - [2022-12-30T00:03:13.471+0000] {dag.py:3427} INFO - Setting next_dagrun for example_short_circuit_operator to 2022-12-29T00:03:13.471396+00:00, run_after=2022-12-30T00:03:13.471396+00:00
[2022-12-30T00:03:13.483+0000] {processor.py:175} INFO - Processing /home/airflow/.local/lib/python3.7/site-packages/airflow/example_dags/example_short_circuit_operator.py took 0.074 seconds
[2022-12-30T00:03:44.056+0000] {processor.py:153} INFO - Started process (PID=35206) to work on /home/airflow/.local/lib/python3.7/site-packages/airflow/example_dags/example_short_circuit_operator.py
[2022-12-30T00:03:44.057+0000] {processor.py:743} INFO - Processing file /home/airflow/.local/lib/python3.7/site-packages/airflow/example_dags/example_short_circuit_operator.py for tasks to queue
[2022-12-30T00:03:44.057+0000] {logging_mixin.py:137} INFO - [2022-12-30T00:03:44.057+0000] {dagbag.py:538} INFO - Filling up the DagBag from /home/airflow/.local/lib/python3.7/site-packages/airflow/example_dags/example_short_circuit_operator.py
[2022-12-30T00:03:44.078+0000] {processor.py:753} INFO - DAG(s) dict_keys(['example_short_circuit_operator']) retrieved from /home/airflow/.local/lib/python3.7/site-packages/airflow/example_dags/example_short_circuit_operator.py
[2022-12-30T00:03:44.111+0000] {logging_mixin.py:137} INFO - [2022-12-30T00:03:44.111+0000] {dag.py:2676} INFO - Sync 1 DAGs
[2022-12-30T00:03:44.131+0000] {logging_mixin.py:137} INFO - [2022-12-30T00:03:44.131+0000] {dag.py:3427} INFO - Setting next_dagrun for example_short_circuit_operator to 2022-12-29T00:03:44.131117+00:00, run_after=2022-12-30T00:03:44.131117+00:00
[2022-12-30T00:03:44.143+0000] {processor.py:175} INFO - Processing /home/airflow/.local/lib/python3.7/site-packages/airflow/example_dags/example_short_circuit_operator.py took 0.089 seconds
[2022-12-30T00:04:14.819+0000] {processor.py:153} INFO - Started process (PID=35299) to work on /home/airflow/.local/lib/python3.7/site-packages/airflow/example_dags/example_short_circuit_operator.py
[2022-12-30T00:04:14.819+0000] {processor.py:743} INFO - Processing file /home/airflow/.local/lib/python3.7/site-packages/airflow/example_dags/example_short_circuit_operator.py for tasks to queue
[2022-12-30T00:04:14.820+0000] {logging_mixin.py:137} INFO - [2022-12-30T00:04:14.820+0000] {dagbag.py:538} INFO - Filling up the DagBag from /home/airflow/.local/lib/python3.7/site-packages/airflow/example_dags/example_short_circuit_operator.py
[2022-12-30T00:04:14.832+0000] {processor.py:753} INFO - DAG(s) dict_keys(['example_short_circuit_operator']) retrieved from /home/airflow/.local/lib/python3.7/site-packages/airflow/example_dags/example_short_circuit_operator.py
[2022-12-30T00:04:14.871+0000] {logging_mixin.py:137} INFO - [2022-12-30T00:04:14.871+0000] {dag.py:2676} INFO - Sync 1 DAGs
[2022-12-30T00:04:14.897+0000] {logging_mixin.py:137} INFO - [2022-12-30T00:04:14.897+0000] {dag.py:3427} INFO - Setting next_dagrun for example_short_circuit_operator to 2022-12-29T00:04:14.897013+00:00, run_after=2022-12-30T00:04:14.897013+00:00
[2022-12-30T00:04:14.911+0000] {processor.py:175} INFO - Processing /home/airflow/.local/lib/python3.7/site-packages/airflow/example_dags/example_short_circuit_operator.py took 0.095 seconds
[2022-12-30T00:04:45.545+0000] {processor.py:153} INFO - Started process (PID=35401) to work on /home/airflow/.local/lib/python3.7/site-packages/airflow/example_dags/example_short_circuit_operator.py
[2022-12-30T00:04:45.545+0000] {processor.py:743} INFO - Processing file /home/airflow/.local/lib/python3.7/site-packages/airflow/example_dags/example_short_circuit_operator.py for tasks to queue
[2022-12-30T00:04:45.546+0000] {logging_mixin.py:137} INFO - [2022-12-30T00:04:45.546+0000] {dagbag.py:538} INFO - Filling up the DagBag from /home/airflow/.local/lib/python3.7/site-packages/airflow/example_dags/example_short_circuit_operator.py
[2022-12-30T00:04:45.560+0000] {processor.py:753} INFO - DAG(s) dict_keys(['example_short_circuit_operator']) retrieved from /home/airflow/.local/lib/python3.7/site-packages/airflow/example_dags/example_short_circuit_operator.py
[2022-12-30T00:04:45.592+0000] {logging_mixin.py:137} INFO - [2022-12-30T00:04:45.591+0000] {dag.py:2676} INFO - Sync 1 DAGs
[2022-12-30T00:04:45.609+0000] {logging_mixin.py:137} INFO - [2022-12-30T00:04:45.609+0000] {dag.py:3427} INFO - Setting next_dagrun for example_short_circuit_operator to 2022-12-29T00:04:45.608851+00:00, run_after=2022-12-30T00:04:45.608851+00:00
[2022-12-30T00:04:45.624+0000] {processor.py:175} INFO - Processing /home/airflow/.local/lib/python3.7/site-packages/airflow/example_dags/example_short_circuit_operator.py took 0.083 seconds
[2022-12-30T00:05:16.006+0000] {processor.py:153} INFO - Started process (PID=35483) to work on /home/airflow/.local/lib/python3.7/site-packages/airflow/example_dags/example_short_circuit_operator.py
[2022-12-30T00:05:16.007+0000] {processor.py:743} INFO - Processing file /home/airflow/.local/lib/python3.7/site-packages/airflow/example_dags/example_short_circuit_operator.py for tasks to queue
[2022-12-30T00:05:16.007+0000] {logging_mixin.py:137} INFO - [2022-12-30T00:05:16.007+0000] {dagbag.py:538} INFO - Filling up the DagBag from /home/airflow/.local/lib/python3.7/site-packages/airflow/example_dags/example_short_circuit_operator.py
[2022-12-30T00:05:16.018+0000] {processor.py:753} INFO - DAG(s) dict_keys(['example_short_circuit_operator']) retrieved from /home/airflow/.local/lib/python3.7/site-packages/airflow/example_dags/example_short_circuit_operator.py
[2022-12-30T00:05:16.046+0000] {logging_mixin.py:137} INFO - [2022-12-30T00:05:16.046+0000] {dag.py:2676} INFO - Sync 1 DAGs
[2022-12-30T00:05:16.063+0000] {logging_mixin.py:137} INFO - [2022-12-30T00:05:16.063+0000] {dag.py:3427} INFO - Setting next_dagrun for example_short_circuit_operator to 2022-12-29T00:05:16.063328+00:00, run_after=2022-12-30T00:05:16.063328+00:00
[2022-12-30T00:05:16.075+0000] {processor.py:175} INFO - Processing /home/airflow/.local/lib/python3.7/site-packages/airflow/example_dags/example_short_circuit_operator.py took 0.072 seconds
[2022-12-30T00:05:46.329+0000] {processor.py:153} INFO - Started process (PID=35585) to work on /home/airflow/.local/lib/python3.7/site-packages/airflow/example_dags/example_short_circuit_operator.py
[2022-12-30T00:05:46.330+0000] {processor.py:743} INFO - Processing file /home/airflow/.local/lib/python3.7/site-packages/airflow/example_dags/example_short_circuit_operator.py for tasks to queue
[2022-12-30T00:05:46.330+0000] {logging_mixin.py:137} INFO - [2022-12-30T00:05:46.330+0000] {dagbag.py:538} INFO - Filling up the DagBag from /home/airflow/.local/lib/python3.7/site-packages/airflow/example_dags/example_short_circuit_operator.py
[2022-12-30T00:05:46.341+0000] {processor.py:753} INFO - DAG(s) dict_keys(['example_short_circuit_operator']) retrieved from /home/airflow/.local/lib/python3.7/site-packages/airflow/example_dags/example_short_circuit_operator.py
[2022-12-30T00:05:46.367+0000] {logging_mixin.py:137} INFO - [2022-12-30T00:05:46.367+0000] {dag.py:2676} INFO - Sync 1 DAGs
[2022-12-30T00:05:46.389+0000] {logging_mixin.py:137} INFO - [2022-12-30T00:05:46.389+0000] {dag.py:3427} INFO - Setting next_dagrun for example_short_circuit_operator to 2022-12-29T00:05:46.389628+00:00, run_after=2022-12-30T00:05:46.389628+00:00
[2022-12-30T00:05:46.400+0000] {processor.py:175} INFO - Processing /home/airflow/.local/lib/python3.7/site-packages/airflow/example_dags/example_short_circuit_operator.py took 0.073 seconds
[2022-12-30T00:06:16.797+0000] {processor.py:153} INFO - Started process (PID=35667) to work on /home/airflow/.local/lib/python3.7/site-packages/airflow/example_dags/example_short_circuit_operator.py
[2022-12-30T00:06:16.798+0000] {processor.py:743} INFO - Processing file /home/airflow/.local/lib/python3.7/site-packages/airflow/example_dags/example_short_circuit_operator.py for tasks to queue
[2022-12-30T00:06:16.798+0000] {logging_mixin.py:137} INFO - [2022-12-30T00:06:16.798+0000] {dagbag.py:538} INFO - Filling up the DagBag from /home/airflow/.local/lib/python3.7/site-packages/airflow/example_dags/example_short_circuit_operator.py
[2022-12-30T00:06:16.812+0000] {processor.py:753} INFO - DAG(s) dict_keys(['example_short_circuit_operator']) retrieved from /home/airflow/.local/lib/python3.7/site-packages/airflow/example_dags/example_short_circuit_operator.py
[2022-12-30T00:06:16.845+0000] {logging_mixin.py:137} INFO - [2022-12-30T00:06:16.845+0000] {dag.py:2676} INFO - Sync 1 DAGs
[2022-12-30T00:06:16.867+0000] {logging_mixin.py:137} INFO - [2022-12-30T00:06:16.867+0000] {dag.py:3427} INFO - Setting next_dagrun for example_short_circuit_operator to 2022-12-29T00:06:16.867291+00:00, run_after=2022-12-30T00:06:16.867291+00:00
[2022-12-30T00:06:16.879+0000] {processor.py:175} INFO - Processing /home/airflow/.local/lib/python3.7/site-packages/airflow/example_dags/example_short_circuit_operator.py took 0.085 seconds
[2022-12-30T00:06:47.116+0000] {processor.py:153} INFO - Started process (PID=35769) to work on /home/airflow/.local/lib/python3.7/site-packages/airflow/example_dags/example_short_circuit_operator.py
[2022-12-30T00:06:47.117+0000] {processor.py:743} INFO - Processing file /home/airflow/.local/lib/python3.7/site-packages/airflow/example_dags/example_short_circuit_operator.py for tasks to queue
[2022-12-30T00:06:47.117+0000] {logging_mixin.py:137} INFO - [2022-12-30T00:06:47.117+0000] {dagbag.py:538} INFO - Filling up the DagBag from /home/airflow/.local/lib/python3.7/site-packages/airflow/example_dags/example_short_circuit_operator.py
[2022-12-30T00:06:47.129+0000] {processor.py:753} INFO - DAG(s) dict_keys(['example_short_circuit_operator']) retrieved from /home/airflow/.local/lib/python3.7/site-packages/airflow/example_dags/example_short_circuit_operator.py
[2022-12-30T00:06:47.159+0000] {logging_mixin.py:137} INFO - [2022-12-30T00:06:47.159+0000] {dag.py:2676} INFO - Sync 1 DAGs
[2022-12-30T00:06:47.180+0000] {logging_mixin.py:137} INFO - [2022-12-30T00:06:47.180+0000] {dag.py:3427} INFO - Setting next_dagrun for example_short_circuit_operator to 2022-12-29T00:06:47.180462+00:00, run_after=2022-12-30T00:06:47.180462+00:00
[2022-12-30T00:06:47.194+0000] {processor.py:175} INFO - Processing /home/airflow/.local/lib/python3.7/site-packages/airflow/example_dags/example_short_circuit_operator.py took 0.080 seconds
[2022-12-30T00:07:19.134+0000] {processor.py:153} INFO - Started process (PID=35871) to work on /home/airflow/.local/lib/python3.7/site-packages/airflow/example_dags/example_short_circuit_operator.py
[2022-12-30T00:07:19.135+0000] {processor.py:743} INFO - Processing file /home/airflow/.local/lib/python3.7/site-packages/airflow/example_dags/example_short_circuit_operator.py for tasks to queue
[2022-12-30T00:07:19.136+0000] {logging_mixin.py:137} INFO - [2022-12-30T00:07:19.136+0000] {dagbag.py:538} INFO - Filling up the DagBag from /home/airflow/.local/lib/python3.7/site-packages/airflow/example_dags/example_short_circuit_operator.py
[2022-12-30T00:07:19.155+0000] {processor.py:753} INFO - DAG(s) dict_keys(['example_short_circuit_operator']) retrieved from /home/airflow/.local/lib/python3.7/site-packages/airflow/example_dags/example_short_circuit_operator.py
[2022-12-30T00:07:19.201+0000] {logging_mixin.py:137} INFO - [2022-12-30T00:07:19.200+0000] {dag.py:2676} INFO - Sync 1 DAGs
[2022-12-30T00:07:19.224+0000] {logging_mixin.py:137} INFO - [2022-12-30T00:07:19.224+0000] {dag.py:3427} INFO - Setting next_dagrun for example_short_circuit_operator to 2022-12-29T00:07:19.224500+00:00, run_after=2022-12-30T00:07:19.224500+00:00
[2022-12-30T00:07:19.250+0000] {processor.py:175} INFO - Processing /home/airflow/.local/lib/python3.7/site-packages/airflow/example_dags/example_short_circuit_operator.py took 0.120 seconds
[2022-12-30T00:07:49.838+0000] {processor.py:153} INFO - Started process (PID=35953) to work on /home/airflow/.local/lib/python3.7/site-packages/airflow/example_dags/example_short_circuit_operator.py
[2022-12-30T00:07:49.839+0000] {processor.py:743} INFO - Processing file /home/airflow/.local/lib/python3.7/site-packages/airflow/example_dags/example_short_circuit_operator.py for tasks to queue
[2022-12-30T00:07:49.839+0000] {logging_mixin.py:137} INFO - [2022-12-30T00:07:49.839+0000] {dagbag.py:538} INFO - Filling up the DagBag from /home/airflow/.local/lib/python3.7/site-packages/airflow/example_dags/example_short_circuit_operator.py
[2022-12-30T00:07:49.851+0000] {processor.py:753} INFO - DAG(s) dict_keys(['example_short_circuit_operator']) retrieved from /home/airflow/.local/lib/python3.7/site-packages/airflow/example_dags/example_short_circuit_operator.py
[2022-12-30T00:07:49.880+0000] {logging_mixin.py:137} INFO - [2022-12-30T00:07:49.880+0000] {dag.py:2676} INFO - Sync 1 DAGs
[2022-12-30T00:07:49.898+0000] {logging_mixin.py:137} INFO - [2022-12-30T00:07:49.897+0000] {dag.py:3427} INFO - Setting next_dagrun for example_short_circuit_operator to 2022-12-29T00:07:49.897802+00:00, run_after=2022-12-30T00:07:49.897802+00:00
[2022-12-30T00:07:49.908+0000] {processor.py:175} INFO - Processing /home/airflow/.local/lib/python3.7/site-packages/airflow/example_dags/example_short_circuit_operator.py took 0.073 seconds
[2022-12-30T00:08:20.495+0000] {processor.py:153} INFO - Started process (PID=36055) to work on /home/airflow/.local/lib/python3.7/site-packages/airflow/example_dags/example_short_circuit_operator.py
[2022-12-30T00:08:20.496+0000] {processor.py:743} INFO - Processing file /home/airflow/.local/lib/python3.7/site-packages/airflow/example_dags/example_short_circuit_operator.py for tasks to queue
[2022-12-30T00:08:20.496+0000] {logging_mixin.py:137} INFO - [2022-12-30T00:08:20.496+0000] {dagbag.py:538} INFO - Filling up the DagBag from /home/airflow/.local/lib/python3.7/site-packages/airflow/example_dags/example_short_circuit_operator.py
[2022-12-30T00:08:20.509+0000] {processor.py:753} INFO - DAG(s) dict_keys(['example_short_circuit_operator']) retrieved from /home/airflow/.local/lib/python3.7/site-packages/airflow/example_dags/example_short_circuit_operator.py
[2022-12-30T00:08:20.535+0000] {logging_mixin.py:137} INFO - [2022-12-30T00:08:20.535+0000] {dag.py:2676} INFO - Sync 1 DAGs
[2022-12-30T00:08:20.553+0000] {logging_mixin.py:137} INFO - [2022-12-30T00:08:20.553+0000] {dag.py:3427} INFO - Setting next_dagrun for example_short_circuit_operator to 2022-12-29T00:08:20.553380+00:00, run_after=2022-12-30T00:08:20.553380+00:00
[2022-12-30T00:08:20.564+0000] {processor.py:175} INFO - Processing /home/airflow/.local/lib/python3.7/site-packages/airflow/example_dags/example_short_circuit_operator.py took 0.071 seconds
[2022-12-30T00:08:51.040+0000] {processor.py:153} INFO - Started process (PID=36137) to work on /home/airflow/.local/lib/python3.7/site-packages/airflow/example_dags/example_short_circuit_operator.py
[2022-12-30T00:08:51.040+0000] {processor.py:743} INFO - Processing file /home/airflow/.local/lib/python3.7/site-packages/airflow/example_dags/example_short_circuit_operator.py for tasks to queue
[2022-12-30T00:08:51.041+0000] {logging_mixin.py:137} INFO - [2022-12-30T00:08:51.040+0000] {dagbag.py:538} INFO - Filling up the DagBag from /home/airflow/.local/lib/python3.7/site-packages/airflow/example_dags/example_short_circuit_operator.py
[2022-12-30T00:08:51.051+0000] {processor.py:753} INFO - DAG(s) dict_keys(['example_short_circuit_operator']) retrieved from /home/airflow/.local/lib/python3.7/site-packages/airflow/example_dags/example_short_circuit_operator.py
[2022-12-30T00:08:51.078+0000] {logging_mixin.py:137} INFO - [2022-12-30T00:08:51.077+0000] {dag.py:2676} INFO - Sync 1 DAGs
[2022-12-30T00:08:51.095+0000] {logging_mixin.py:137} INFO - [2022-12-30T00:08:51.095+0000] {dag.py:3427} INFO - Setting next_dagrun for example_short_circuit_operator to 2022-12-29T00:08:51.095338+00:00, run_after=2022-12-30T00:08:51.095338+00:00
[2022-12-30T00:08:51.106+0000] {processor.py:175} INFO - Processing /home/airflow/.local/lib/python3.7/site-packages/airflow/example_dags/example_short_circuit_operator.py took 0.069 seconds
[2022-12-30T00:09:21.613+0000] {processor.py:153} INFO - Started process (PID=36239) to work on /home/airflow/.local/lib/python3.7/site-packages/airflow/example_dags/example_short_circuit_operator.py
[2022-12-30T00:09:21.613+0000] {processor.py:743} INFO - Processing file /home/airflow/.local/lib/python3.7/site-packages/airflow/example_dags/example_short_circuit_operator.py for tasks to queue
[2022-12-30T00:09:21.614+0000] {logging_mixin.py:137} INFO - [2022-12-30T00:09:21.614+0000] {dagbag.py:538} INFO - Filling up the DagBag from /home/airflow/.local/lib/python3.7/site-packages/airflow/example_dags/example_short_circuit_operator.py
[2022-12-30T00:09:21.625+0000] {processor.py:753} INFO - DAG(s) dict_keys(['example_short_circuit_operator']) retrieved from /home/airflow/.local/lib/python3.7/site-packages/airflow/example_dags/example_short_circuit_operator.py
[2022-12-30T00:09:21.656+0000] {logging_mixin.py:137} INFO - [2022-12-30T00:09:21.656+0000] {dag.py:2676} INFO - Sync 1 DAGs
[2022-12-30T00:09:21.674+0000] {logging_mixin.py:137} INFO - [2022-12-30T00:09:21.674+0000] {dag.py:3427} INFO - Setting next_dagrun for example_short_circuit_operator to 2022-12-29T00:09:21.674298+00:00, run_after=2022-12-30T00:09:21.674298+00:00
[2022-12-30T00:09:21.685+0000] {processor.py:175} INFO - Processing /home/airflow/.local/lib/python3.7/site-packages/airflow/example_dags/example_short_circuit_operator.py took 0.075 seconds
[2022-12-30T00:09:52.229+0000] {processor.py:153} INFO - Started process (PID=36341) to work on /home/airflow/.local/lib/python3.7/site-packages/airflow/example_dags/example_short_circuit_operator.py
[2022-12-30T00:09:52.229+0000] {processor.py:743} INFO - Processing file /home/airflow/.local/lib/python3.7/site-packages/airflow/example_dags/example_short_circuit_operator.py for tasks to queue
[2022-12-30T00:09:52.230+0000] {logging_mixin.py:137} INFO - [2022-12-30T00:09:52.230+0000] {dagbag.py:538} INFO - Filling up the DagBag from /home/airflow/.local/lib/python3.7/site-packages/airflow/example_dags/example_short_circuit_operator.py
[2022-12-30T00:09:52.241+0000] {processor.py:753} INFO - DAG(s) dict_keys(['example_short_circuit_operator']) retrieved from /home/airflow/.local/lib/python3.7/site-packages/airflow/example_dags/example_short_circuit_operator.py
[2022-12-30T00:09:52.268+0000] {logging_mixin.py:137} INFO - [2022-12-30T00:09:52.268+0000] {dag.py:2676} INFO - Sync 1 DAGs
[2022-12-30T00:09:52.288+0000] {logging_mixin.py:137} INFO - [2022-12-30T00:09:52.288+0000] {dag.py:3427} INFO - Setting next_dagrun for example_short_circuit_operator to 2022-12-29T00:09:52.287984+00:00, run_after=2022-12-30T00:09:52.287984+00:00
[2022-12-30T00:09:52.300+0000] {processor.py:175} INFO - Processing /home/airflow/.local/lib/python3.7/site-packages/airflow/example_dags/example_short_circuit_operator.py took 0.074 seconds
[2022-12-30T00:10:22.786+0000] {processor.py:153} INFO - Started process (PID=36423) to work on /home/airflow/.local/lib/python3.7/site-packages/airflow/example_dags/example_short_circuit_operator.py
[2022-12-30T00:10:22.786+0000] {processor.py:743} INFO - Processing file /home/airflow/.local/lib/python3.7/site-packages/airflow/example_dags/example_short_circuit_operator.py for tasks to queue
[2022-12-30T00:10:22.787+0000] {logging_mixin.py:137} INFO - [2022-12-30T00:10:22.787+0000] {dagbag.py:538} INFO - Filling up the DagBag from /home/airflow/.local/lib/python3.7/site-packages/airflow/example_dags/example_short_circuit_operator.py
[2022-12-30T00:10:22.799+0000] {processor.py:753} INFO - DAG(s) dict_keys(['example_short_circuit_operator']) retrieved from /home/airflow/.local/lib/python3.7/site-packages/airflow/example_dags/example_short_circuit_operator.py
[2022-12-30T00:10:22.826+0000] {logging_mixin.py:137} INFO - [2022-12-30T00:10:22.826+0000] {dag.py:2676} INFO - Sync 1 DAGs
[2022-12-30T00:10:22.845+0000] {logging_mixin.py:137} INFO - [2022-12-30T00:10:22.845+0000] {dag.py:3427} INFO - Setting next_dagrun for example_short_circuit_operator to 2022-12-29T00:10:22.845294+00:00, run_after=2022-12-30T00:10:22.845294+00:00
[2022-12-30T00:10:22.856+0000] {processor.py:175} INFO - Processing /home/airflow/.local/lib/python3.7/site-packages/airflow/example_dags/example_short_circuit_operator.py took 0.073 seconds
[2022-12-30T00:10:53.339+0000] {processor.py:153} INFO - Started process (PID=36525) to work on /home/airflow/.local/lib/python3.7/site-packages/airflow/example_dags/example_short_circuit_operator.py
[2022-12-30T00:10:53.339+0000] {processor.py:743} INFO - Processing file /home/airflow/.local/lib/python3.7/site-packages/airflow/example_dags/example_short_circuit_operator.py for tasks to queue
[2022-12-30T00:10:53.340+0000] {logging_mixin.py:137} INFO - [2022-12-30T00:10:53.339+0000] {dagbag.py:538} INFO - Filling up the DagBag from /home/airflow/.local/lib/python3.7/site-packages/airflow/example_dags/example_short_circuit_operator.py
[2022-12-30T00:10:53.351+0000] {processor.py:753} INFO - DAG(s) dict_keys(['example_short_circuit_operator']) retrieved from /home/airflow/.local/lib/python3.7/site-packages/airflow/example_dags/example_short_circuit_operator.py
[2022-12-30T00:10:53.383+0000] {logging_mixin.py:137} INFO - [2022-12-30T00:10:53.383+0000] {dag.py:2676} INFO - Sync 1 DAGs
[2022-12-30T00:10:53.402+0000] {logging_mixin.py:137} INFO - [2022-12-30T00:10:53.401+0000] {dag.py:3427} INFO - Setting next_dagrun for example_short_circuit_operator to 2022-12-29T00:10:53.401818+00:00, run_after=2022-12-30T00:10:53.401818+00:00
[2022-12-30T00:10:53.417+0000] {processor.py:175} INFO - Processing /home/airflow/.local/lib/python3.7/site-packages/airflow/example_dags/example_short_circuit_operator.py took 0.080 seconds
[2022-12-30T00:11:23.768+0000] {processor.py:153} INFO - Started process (PID=36607) to work on /home/airflow/.local/lib/python3.7/site-packages/airflow/example_dags/example_short_circuit_operator.py
[2022-12-30T00:11:23.769+0000] {processor.py:743} INFO - Processing file /home/airflow/.local/lib/python3.7/site-packages/airflow/example_dags/example_short_circuit_operator.py for tasks to queue
[2022-12-30T00:11:23.770+0000] {logging_mixin.py:137} INFO - [2022-12-30T00:11:23.769+0000] {dagbag.py:538} INFO - Filling up the DagBag from /home/airflow/.local/lib/python3.7/site-packages/airflow/example_dags/example_short_circuit_operator.py
[2022-12-30T00:11:23.781+0000] {processor.py:753} INFO - DAG(s) dict_keys(['example_short_circuit_operator']) retrieved from /home/airflow/.local/lib/python3.7/site-packages/airflow/example_dags/example_short_circuit_operator.py
[2022-12-30T00:11:23.807+0000] {logging_mixin.py:137} INFO - [2022-12-30T00:11:23.807+0000] {dag.py:2676} INFO - Sync 1 DAGs
[2022-12-30T00:11:23.825+0000] {logging_mixin.py:137} INFO - [2022-12-30T00:11:23.825+0000] {dag.py:3427} INFO - Setting next_dagrun for example_short_circuit_operator to 2022-12-29T00:11:23.825386+00:00, run_after=2022-12-30T00:11:23.825386+00:00
[2022-12-30T00:11:23.837+0000] {processor.py:175} INFO - Processing /home/airflow/.local/lib/python3.7/site-packages/airflow/example_dags/example_short_circuit_operator.py took 0.071 seconds
[2022-12-30T00:11:54.221+0000] {processor.py:153} INFO - Started process (PID=36709) to work on /home/airflow/.local/lib/python3.7/site-packages/airflow/example_dags/example_short_circuit_operator.py
[2022-12-30T00:11:54.221+0000] {processor.py:743} INFO - Processing file /home/airflow/.local/lib/python3.7/site-packages/airflow/example_dags/example_short_circuit_operator.py for tasks to queue
[2022-12-30T00:11:54.222+0000] {logging_mixin.py:137} INFO - [2022-12-30T00:11:54.222+0000] {dagbag.py:538} INFO - Filling up the DagBag from /home/airflow/.local/lib/python3.7/site-packages/airflow/example_dags/example_short_circuit_operator.py
[2022-12-30T00:11:54.233+0000] {processor.py:753} INFO - DAG(s) dict_keys(['example_short_circuit_operator']) retrieved from /home/airflow/.local/lib/python3.7/site-packages/airflow/example_dags/example_short_circuit_operator.py
[2022-12-30T00:11:54.264+0000] {logging_mixin.py:137} INFO - [2022-12-30T00:11:54.263+0000] {dag.py:2676} INFO - Sync 1 DAGs
[2022-12-30T00:11:54.282+0000] {logging_mixin.py:137} INFO - [2022-12-30T00:11:54.282+0000] {dag.py:3427} INFO - Setting next_dagrun for example_short_circuit_operator to 2022-12-29T00:11:54.282178+00:00, run_after=2022-12-30T00:11:54.282178+00:00
[2022-12-30T00:11:54.293+0000] {processor.py:175} INFO - Processing /home/airflow/.local/lib/python3.7/site-packages/airflow/example_dags/example_short_circuit_operator.py took 0.075 seconds
[2022-12-30T00:12:24.658+0000] {processor.py:153} INFO - Started process (PID=36811) to work on /home/airflow/.local/lib/python3.7/site-packages/airflow/example_dags/example_short_circuit_operator.py
[2022-12-30T00:12:24.659+0000] {processor.py:743} INFO - Processing file /home/airflow/.local/lib/python3.7/site-packages/airflow/example_dags/example_short_circuit_operator.py for tasks to queue
[2022-12-30T00:12:24.659+0000] {logging_mixin.py:137} INFO - [2022-12-30T00:12:24.659+0000] {dagbag.py:538} INFO - Filling up the DagBag from /home/airflow/.local/lib/python3.7/site-packages/airflow/example_dags/example_short_circuit_operator.py
[2022-12-30T00:12:24.673+0000] {processor.py:753} INFO - DAG(s) dict_keys(['example_short_circuit_operator']) retrieved from /home/airflow/.local/lib/python3.7/site-packages/airflow/example_dags/example_short_circuit_operator.py
[2022-12-30T00:12:24.704+0000] {logging_mixin.py:137} INFO - [2022-12-30T00:12:24.704+0000] {dag.py:2676} INFO - Sync 1 DAGs
[2022-12-30T00:12:24.727+0000] {logging_mixin.py:137} INFO - [2022-12-30T00:12:24.727+0000] {dag.py:3427} INFO - Setting next_dagrun for example_short_circuit_operator to 2022-12-29T00:12:24.727152+00:00, run_after=2022-12-30T00:12:24.727152+00:00
[2022-12-30T00:12:24.740+0000] {processor.py:175} INFO - Processing /home/airflow/.local/lib/python3.7/site-packages/airflow/example_dags/example_short_circuit_operator.py took 0.086 seconds
[2022-12-30T00:12:55.213+0000] {processor.py:153} INFO - Started process (PID=36893) to work on /home/airflow/.local/lib/python3.7/site-packages/airflow/example_dags/example_short_circuit_operator.py
[2022-12-30T00:12:55.214+0000] {processor.py:743} INFO - Processing file /home/airflow/.local/lib/python3.7/site-packages/airflow/example_dags/example_short_circuit_operator.py for tasks to queue
[2022-12-30T00:12:55.215+0000] {logging_mixin.py:137} INFO - [2022-12-30T00:12:55.215+0000] {dagbag.py:538} INFO - Filling up the DagBag from /home/airflow/.local/lib/python3.7/site-packages/airflow/example_dags/example_short_circuit_operator.py
[2022-12-30T00:12:55.226+0000] {processor.py:753} INFO - DAG(s) dict_keys(['example_short_circuit_operator']) retrieved from /home/airflow/.local/lib/python3.7/site-packages/airflow/example_dags/example_short_circuit_operator.py
[2022-12-30T00:12:55.253+0000] {logging_mixin.py:137} INFO - [2022-12-30T00:12:55.253+0000] {dag.py:2676} INFO - Sync 1 DAGs
[2022-12-30T00:12:55.271+0000] {logging_mixin.py:137} INFO - [2022-12-30T00:12:55.271+0000] {dag.py:3427} INFO - Setting next_dagrun for example_short_circuit_operator to 2022-12-29T00:12:55.271324+00:00, run_after=2022-12-30T00:12:55.271324+00:00
[2022-12-30T00:12:55.284+0000] {processor.py:175} INFO - Processing /home/airflow/.local/lib/python3.7/site-packages/airflow/example_dags/example_short_circuit_operator.py took 0.073 seconds
[2022-12-30T00:13:25.591+0000] {processor.py:153} INFO - Started process (PID=36995) to work on /home/airflow/.local/lib/python3.7/site-packages/airflow/example_dags/example_short_circuit_operator.py
[2022-12-30T00:13:25.591+0000] {processor.py:743} INFO - Processing file /home/airflow/.local/lib/python3.7/site-packages/airflow/example_dags/example_short_circuit_operator.py for tasks to queue
[2022-12-30T00:13:25.592+0000] {logging_mixin.py:137} INFO - [2022-12-30T00:13:25.592+0000] {dagbag.py:538} INFO - Filling up the DagBag from /home/airflow/.local/lib/python3.7/site-packages/airflow/example_dags/example_short_circuit_operator.py
[2022-12-30T00:13:25.604+0000] {processor.py:753} INFO - DAG(s) dict_keys(['example_short_circuit_operator']) retrieved from /home/airflow/.local/lib/python3.7/site-packages/airflow/example_dags/example_short_circuit_operator.py
[2022-12-30T00:13:25.633+0000] {logging_mixin.py:137} INFO - [2022-12-30T00:13:25.633+0000] {dag.py:2676} INFO - Sync 1 DAGs
[2022-12-30T00:13:25.653+0000] {logging_mixin.py:137} INFO - [2022-12-30T00:13:25.653+0000] {dag.py:3427} INFO - Setting next_dagrun for example_short_circuit_operator to 2022-12-29T00:13:25.653637+00:00, run_after=2022-12-30T00:13:25.653637+00:00
[2022-12-30T00:13:25.666+0000] {processor.py:175} INFO - Processing /home/airflow/.local/lib/python3.7/site-packages/airflow/example_dags/example_short_circuit_operator.py took 0.078 seconds
[2022-12-30T00:13:55.921+0000] {processor.py:153} INFO - Started process (PID=37077) to work on /home/airflow/.local/lib/python3.7/site-packages/airflow/example_dags/example_short_circuit_operator.py
[2022-12-30T00:13:55.922+0000] {processor.py:743} INFO - Processing file /home/airflow/.local/lib/python3.7/site-packages/airflow/example_dags/example_short_circuit_operator.py for tasks to queue
[2022-12-30T00:13:55.922+0000] {logging_mixin.py:137} INFO - [2022-12-30T00:13:55.922+0000] {dagbag.py:538} INFO - Filling up the DagBag from /home/airflow/.local/lib/python3.7/site-packages/airflow/example_dags/example_short_circuit_operator.py
[2022-12-30T00:13:55.935+0000] {processor.py:753} INFO - DAG(s) dict_keys(['example_short_circuit_operator']) retrieved from /home/airflow/.local/lib/python3.7/site-packages/airflow/example_dags/example_short_circuit_operator.py
[2022-12-30T00:13:55.974+0000] {logging_mixin.py:137} INFO - [2022-12-30T00:13:55.974+0000] {dag.py:2676} INFO - Sync 1 DAGs
[2022-12-30T00:13:55.997+0000] {logging_mixin.py:137} INFO - [2022-12-30T00:13:55.997+0000] {dag.py:3427} INFO - Setting next_dagrun for example_short_circuit_operator to 2022-12-29T00:13:55.997108+00:00, run_after=2022-12-30T00:13:55.997108+00:00
[2022-12-30T00:13:56.010+0000] {processor.py:175} INFO - Processing /home/airflow/.local/lib/python3.7/site-packages/airflow/example_dags/example_short_circuit_operator.py took 0.092 seconds
[2022-12-30T00:14:26.466+0000] {processor.py:153} INFO - Started process (PID=37179) to work on /home/airflow/.local/lib/python3.7/site-packages/airflow/example_dags/example_short_circuit_operator.py
[2022-12-30T00:14:26.466+0000] {processor.py:743} INFO - Processing file /home/airflow/.local/lib/python3.7/site-packages/airflow/example_dags/example_short_circuit_operator.py for tasks to queue
[2022-12-30T00:14:26.467+0000] {logging_mixin.py:137} INFO - [2022-12-30T00:14:26.467+0000] {dagbag.py:538} INFO - Filling up the DagBag from /home/airflow/.local/lib/python3.7/site-packages/airflow/example_dags/example_short_circuit_operator.py
[2022-12-30T00:14:26.480+0000] {processor.py:753} INFO - DAG(s) dict_keys(['example_short_circuit_operator']) retrieved from /home/airflow/.local/lib/python3.7/site-packages/airflow/example_dags/example_short_circuit_operator.py
[2022-12-30T00:14:26.507+0000] {logging_mixin.py:137} INFO - [2022-12-30T00:14:26.507+0000] {dag.py:2676} INFO - Sync 1 DAGs
[2022-12-30T00:14:26.526+0000] {logging_mixin.py:137} INFO - [2022-12-30T00:14:26.526+0000] {dag.py:3427} INFO - Setting next_dagrun for example_short_circuit_operator to 2022-12-29T00:14:26.525833+00:00, run_after=2022-12-30T00:14:26.525833+00:00
[2022-12-30T00:14:26.537+0000] {processor.py:175} INFO - Processing /home/airflow/.local/lib/python3.7/site-packages/airflow/example_dags/example_short_circuit_operator.py took 0.073 seconds
[2022-12-30T00:14:56.947+0000] {processor.py:153} INFO - Started process (PID=37261) to work on /home/airflow/.local/lib/python3.7/site-packages/airflow/example_dags/example_short_circuit_operator.py
[2022-12-30T00:14:56.947+0000] {processor.py:743} INFO - Processing file /home/airflow/.local/lib/python3.7/site-packages/airflow/example_dags/example_short_circuit_operator.py for tasks to queue
[2022-12-30T00:14:56.948+0000] {logging_mixin.py:137} INFO - [2022-12-30T00:14:56.948+0000] {dagbag.py:538} INFO - Filling up the DagBag from /home/airflow/.local/lib/python3.7/site-packages/airflow/example_dags/example_short_circuit_operator.py
[2022-12-30T00:14:56.962+0000] {processor.py:753} INFO - DAG(s) dict_keys(['example_short_circuit_operator']) retrieved from /home/airflow/.local/lib/python3.7/site-packages/airflow/example_dags/example_short_circuit_operator.py
[2022-12-30T00:14:56.995+0000] {logging_mixin.py:137} INFO - [2022-12-30T00:14:56.995+0000] {dag.py:2676} INFO - Sync 1 DAGs
[2022-12-30T00:14:57.020+0000] {logging_mixin.py:137} INFO - [2022-12-30T00:14:57.019+0000] {dag.py:3427} INFO - Setting next_dagrun for example_short_circuit_operator to 2022-12-29T00:14:57.019636+00:00, run_after=2022-12-30T00:14:57.019636+00:00
[2022-12-30T00:14:57.036+0000] {processor.py:175} INFO - Processing /home/airflow/.local/lib/python3.7/site-packages/airflow/example_dags/example_short_circuit_operator.py took 0.092 seconds
[2022-12-30T00:15:27.346+0000] {processor.py:153} INFO - Started process (PID=37363) to work on /home/airflow/.local/lib/python3.7/site-packages/airflow/example_dags/example_short_circuit_operator.py
[2022-12-30T00:15:27.346+0000] {processor.py:743} INFO - Processing file /home/airflow/.local/lib/python3.7/site-packages/airflow/example_dags/example_short_circuit_operator.py for tasks to queue
[2022-12-30T00:15:27.346+0000] {logging_mixin.py:137} INFO - [2022-12-30T00:15:27.346+0000] {dagbag.py:538} INFO - Filling up the DagBag from /home/airflow/.local/lib/python3.7/site-packages/airflow/example_dags/example_short_circuit_operator.py
[2022-12-30T00:15:27.357+0000] {processor.py:753} INFO - DAG(s) dict_keys(['example_short_circuit_operator']) retrieved from /home/airflow/.local/lib/python3.7/site-packages/airflow/example_dags/example_short_circuit_operator.py
[2022-12-30T00:15:27.389+0000] {logging_mixin.py:137} INFO - [2022-12-30T00:15:27.389+0000] {dag.py:2676} INFO - Sync 1 DAGs
[2022-12-30T00:15:27.408+0000] {logging_mixin.py:137} INFO - [2022-12-30T00:15:27.408+0000] {dag.py:3427} INFO - Setting next_dagrun for example_short_circuit_operator to 2022-12-29T00:15:27.408656+00:00, run_after=2022-12-30T00:15:27.408656+00:00
[2022-12-30T00:15:27.421+0000] {processor.py:175} INFO - Processing /home/airflow/.local/lib/python3.7/site-packages/airflow/example_dags/example_short_circuit_operator.py took 0.078 seconds
[2022-12-30T00:15:58.029+0000] {processor.py:153} INFO - Started process (PID=37465) to work on /home/airflow/.local/lib/python3.7/site-packages/airflow/example_dags/example_short_circuit_operator.py
[2022-12-30T00:15:58.029+0000] {processor.py:743} INFO - Processing file /home/airflow/.local/lib/python3.7/site-packages/airflow/example_dags/example_short_circuit_operator.py for tasks to queue
[2022-12-30T00:15:58.030+0000] {logging_mixin.py:137} INFO - [2022-12-30T00:15:58.029+0000] {dagbag.py:538} INFO - Filling up the DagBag from /home/airflow/.local/lib/python3.7/site-packages/airflow/example_dags/example_short_circuit_operator.py
[2022-12-30T00:15:58.042+0000] {processor.py:753} INFO - DAG(s) dict_keys(['example_short_circuit_operator']) retrieved from /home/airflow/.local/lib/python3.7/site-packages/airflow/example_dags/example_short_circuit_operator.py
[2022-12-30T00:15:58.074+0000] {logging_mixin.py:137} INFO - [2022-12-30T00:15:58.073+0000] {dag.py:2676} INFO - Sync 1 DAGs
[2022-12-30T00:15:58.096+0000] {logging_mixin.py:137} INFO - [2022-12-30T00:15:58.095+0000] {dag.py:3427} INFO - Setting next_dagrun for example_short_circuit_operator to 2022-12-29T00:15:58.095737+00:00, run_after=2022-12-30T00:15:58.095737+00:00
[2022-12-30T00:15:58.115+0000] {processor.py:175} INFO - Processing /home/airflow/.local/lib/python3.7/site-packages/airflow/example_dags/example_short_circuit_operator.py took 0.088 seconds
[2022-12-30T00:16:28.659+0000] {processor.py:153} INFO - Started process (PID=37547) to work on /home/airflow/.local/lib/python3.7/site-packages/airflow/example_dags/example_short_circuit_operator.py
[2022-12-30T00:16:28.659+0000] {processor.py:743} INFO - Processing file /home/airflow/.local/lib/python3.7/site-packages/airflow/example_dags/example_short_circuit_operator.py for tasks to queue
[2022-12-30T00:16:28.660+0000] {logging_mixin.py:137} INFO - [2022-12-30T00:16:28.660+0000] {dagbag.py:538} INFO - Filling up the DagBag from /home/airflow/.local/lib/python3.7/site-packages/airflow/example_dags/example_short_circuit_operator.py
[2022-12-30T00:16:28.672+0000] {processor.py:753} INFO - DAG(s) dict_keys(['example_short_circuit_operator']) retrieved from /home/airflow/.local/lib/python3.7/site-packages/airflow/example_dags/example_short_circuit_operator.py
[2022-12-30T00:16:28.703+0000] {logging_mixin.py:137} INFO - [2022-12-30T00:16:28.703+0000] {dag.py:2676} INFO - Sync 1 DAGs
[2022-12-30T00:16:28.723+0000] {logging_mixin.py:137} INFO - [2022-12-30T00:16:28.723+0000] {dag.py:3427} INFO - Setting next_dagrun for example_short_circuit_operator to 2022-12-29T00:16:28.722985+00:00, run_after=2022-12-30T00:16:28.722985+00:00
[2022-12-30T00:16:28.734+0000] {processor.py:175} INFO - Processing /home/airflow/.local/lib/python3.7/site-packages/airflow/example_dags/example_short_circuit_operator.py took 0.078 seconds
[2022-12-30T00:16:59.179+0000] {processor.py:153} INFO - Started process (PID=37649) to work on /home/airflow/.local/lib/python3.7/site-packages/airflow/example_dags/example_short_circuit_operator.py
[2022-12-30T00:16:59.179+0000] {processor.py:743} INFO - Processing file /home/airflow/.local/lib/python3.7/site-packages/airflow/example_dags/example_short_circuit_operator.py for tasks to queue
[2022-12-30T00:16:59.181+0000] {logging_mixin.py:137} INFO - [2022-12-30T00:16:59.181+0000] {dagbag.py:538} INFO - Filling up the DagBag from /home/airflow/.local/lib/python3.7/site-packages/airflow/example_dags/example_short_circuit_operator.py
[2022-12-30T00:16:59.192+0000] {processor.py:753} INFO - DAG(s) dict_keys(['example_short_circuit_operator']) retrieved from /home/airflow/.local/lib/python3.7/site-packages/airflow/example_dags/example_short_circuit_operator.py
[2022-12-30T00:16:59.222+0000] {logging_mixin.py:137} INFO - [2022-12-30T00:16:59.222+0000] {dag.py:2676} INFO - Sync 1 DAGs
[2022-12-30T00:16:59.243+0000] {logging_mixin.py:137} INFO - [2022-12-30T00:16:59.243+0000] {dag.py:3427} INFO - Setting next_dagrun for example_short_circuit_operator to 2022-12-29T00:16:59.242775+00:00, run_after=2022-12-30T00:16:59.242775+00:00
[2022-12-30T00:16:59.260+0000] {processor.py:175} INFO - Processing /home/airflow/.local/lib/python3.7/site-packages/airflow/example_dags/example_short_circuit_operator.py took 0.085 seconds
[2022-12-30T00:17:29.820+0000] {processor.py:153} INFO - Started process (PID=37731) to work on /home/airflow/.local/lib/python3.7/site-packages/airflow/example_dags/example_short_circuit_operator.py
[2022-12-30T00:17:29.821+0000] {processor.py:743} INFO - Processing file /home/airflow/.local/lib/python3.7/site-packages/airflow/example_dags/example_short_circuit_operator.py for tasks to queue
[2022-12-30T00:17:29.821+0000] {logging_mixin.py:137} INFO - [2022-12-30T00:17:29.821+0000] {dagbag.py:538} INFO - Filling up the DagBag from /home/airflow/.local/lib/python3.7/site-packages/airflow/example_dags/example_short_circuit_operator.py
[2022-12-30T00:17:29.833+0000] {processor.py:753} INFO - DAG(s) dict_keys(['example_short_circuit_operator']) retrieved from /home/airflow/.local/lib/python3.7/site-packages/airflow/example_dags/example_short_circuit_operator.py
[2022-12-30T00:17:29.863+0000] {logging_mixin.py:137} INFO - [2022-12-30T00:17:29.863+0000] {dag.py:2676} INFO - Sync 1 DAGs
[2022-12-30T00:17:29.883+0000] {logging_mixin.py:137} INFO - [2022-12-30T00:17:29.883+0000] {dag.py:3427} INFO - Setting next_dagrun for example_short_circuit_operator to 2022-12-29T00:17:29.883250+00:00, run_after=2022-12-30T00:17:29.883250+00:00
[2022-12-30T00:17:29.898+0000] {processor.py:175} INFO - Processing /home/airflow/.local/lib/python3.7/site-packages/airflow/example_dags/example_short_circuit_operator.py took 0.081 seconds
[2022-12-30T00:18:00.270+0000] {processor.py:153} INFO - Started process (PID=37834) to work on /home/airflow/.local/lib/python3.7/site-packages/airflow/example_dags/example_short_circuit_operator.py
[2022-12-30T00:18:00.270+0000] {processor.py:743} INFO - Processing file /home/airflow/.local/lib/python3.7/site-packages/airflow/example_dags/example_short_circuit_operator.py for tasks to queue
[2022-12-30T00:18:00.270+0000] {logging_mixin.py:137} INFO - [2022-12-30T00:18:00.270+0000] {dagbag.py:538} INFO - Filling up the DagBag from /home/airflow/.local/lib/python3.7/site-packages/airflow/example_dags/example_short_circuit_operator.py
[2022-12-30T00:18:00.282+0000] {processor.py:753} INFO - DAG(s) dict_keys(['example_short_circuit_operator']) retrieved from /home/airflow/.local/lib/python3.7/site-packages/airflow/example_dags/example_short_circuit_operator.py
[2022-12-30T00:18:00.310+0000] {logging_mixin.py:137} INFO - [2022-12-30T00:18:00.310+0000] {dag.py:2676} INFO - Sync 1 DAGs
[2022-12-30T00:18:00.329+0000] {logging_mixin.py:137} INFO - [2022-12-30T00:18:00.329+0000] {dag.py:3427} INFO - Setting next_dagrun for example_short_circuit_operator to 2022-12-29T00:18:00.329404+00:00, run_after=2022-12-30T00:18:00.329404+00:00
[2022-12-30T00:18:00.341+0000] {processor.py:175} INFO - Processing /home/airflow/.local/lib/python3.7/site-packages/airflow/example_dags/example_short_circuit_operator.py took 0.073 seconds
[2022-12-30T00:18:30.718+0000] {processor.py:153} INFO - Started process (PID=37917) to work on /home/airflow/.local/lib/python3.7/site-packages/airflow/example_dags/example_short_circuit_operator.py
[2022-12-30T00:18:30.718+0000] {processor.py:743} INFO - Processing file /home/airflow/.local/lib/python3.7/site-packages/airflow/example_dags/example_short_circuit_operator.py for tasks to queue
[2022-12-30T00:18:30.719+0000] {logging_mixin.py:137} INFO - [2022-12-30T00:18:30.719+0000] {dagbag.py:538} INFO - Filling up the DagBag from /home/airflow/.local/lib/python3.7/site-packages/airflow/example_dags/example_short_circuit_operator.py
[2022-12-30T00:18:30.735+0000] {processor.py:753} INFO - DAG(s) dict_keys(['example_short_circuit_operator']) retrieved from /home/airflow/.local/lib/python3.7/site-packages/airflow/example_dags/example_short_circuit_operator.py
[2022-12-30T00:18:30.767+0000] {logging_mixin.py:137} INFO - [2022-12-30T00:18:30.767+0000] {dag.py:2676} INFO - Sync 1 DAGs
[2022-12-30T00:18:30.787+0000] {logging_mixin.py:137} INFO - [2022-12-30T00:18:30.787+0000] {dag.py:3427} INFO - Setting next_dagrun for example_short_circuit_operator to 2022-12-29T00:18:30.787325+00:00, run_after=2022-12-30T00:18:30.787325+00:00
[2022-12-30T00:18:30.800+0000] {processor.py:175} INFO - Processing /home/airflow/.local/lib/python3.7/site-packages/airflow/example_dags/example_short_circuit_operator.py took 0.086 seconds
[2022-12-30T00:19:01.203+0000] {processor.py:153} INFO - Started process (PID=38019) to work on /home/airflow/.local/lib/python3.7/site-packages/airflow/example_dags/example_short_circuit_operator.py
[2022-12-30T00:19:01.204+0000] {processor.py:743} INFO - Processing file /home/airflow/.local/lib/python3.7/site-packages/airflow/example_dags/example_short_circuit_operator.py for tasks to queue
[2022-12-30T00:19:01.204+0000] {logging_mixin.py:137} INFO - [2022-12-30T00:19:01.204+0000] {dagbag.py:538} INFO - Filling up the DagBag from /home/airflow/.local/lib/python3.7/site-packages/airflow/example_dags/example_short_circuit_operator.py
[2022-12-30T00:19:01.217+0000] {processor.py:753} INFO - DAG(s) dict_keys(['example_short_circuit_operator']) retrieved from /home/airflow/.local/lib/python3.7/site-packages/airflow/example_dags/example_short_circuit_operator.py
[2022-12-30T00:19:01.249+0000] {logging_mixin.py:137} INFO - [2022-12-30T00:19:01.249+0000] {dag.py:2676} INFO - Sync 1 DAGs
[2022-12-30T00:19:01.271+0000] {logging_mixin.py:137} INFO - [2022-12-30T00:19:01.271+0000] {dag.py:3427} INFO - Setting next_dagrun for example_short_circuit_operator to 2022-12-29T00:19:01.271445+00:00, run_after=2022-12-30T00:19:01.271445+00:00
[2022-12-30T00:19:01.282+0000] {processor.py:175} INFO - Processing /home/airflow/.local/lib/python3.7/site-packages/airflow/example_dags/example_short_circuit_operator.py took 0.082 seconds
[2022-12-30T00:19:31.937+0000] {processor.py:153} INFO - Started process (PID=38110) to work on /home/airflow/.local/lib/python3.7/site-packages/airflow/example_dags/example_short_circuit_operator.py
[2022-12-30T00:19:31.938+0000] {processor.py:743} INFO - Processing file /home/airflow/.local/lib/python3.7/site-packages/airflow/example_dags/example_short_circuit_operator.py for tasks to queue
[2022-12-30T00:19:31.938+0000] {logging_mixin.py:137} INFO - [2022-12-30T00:19:31.938+0000] {dagbag.py:538} INFO - Filling up the DagBag from /home/airflow/.local/lib/python3.7/site-packages/airflow/example_dags/example_short_circuit_operator.py
[2022-12-30T00:19:31.953+0000] {processor.py:753} INFO - DAG(s) dict_keys(['example_short_circuit_operator']) retrieved from /home/airflow/.local/lib/python3.7/site-packages/airflow/example_dags/example_short_circuit_operator.py
[2022-12-30T00:19:31.986+0000] {logging_mixin.py:137} INFO - [2022-12-30T00:19:31.986+0000] {dag.py:2676} INFO - Sync 1 DAGs
[2022-12-30T00:19:32.008+0000] {logging_mixin.py:137} INFO - [2022-12-30T00:19:32.008+0000] {dag.py:3427} INFO - Setting next_dagrun for example_short_circuit_operator to 2022-12-29T00:19:32.008072+00:00, run_after=2022-12-30T00:19:32.008072+00:00
[2022-12-30T00:19:32.022+0000] {processor.py:175} INFO - Processing /home/airflow/.local/lib/python3.7/site-packages/airflow/example_dags/example_short_circuit_operator.py took 0.088 seconds
[2022-12-30T00:20:02.591+0000] {processor.py:153} INFO - Started process (PID=38203) to work on /home/airflow/.local/lib/python3.7/site-packages/airflow/example_dags/example_short_circuit_operator.py
[2022-12-30T00:20:02.592+0000] {processor.py:743} INFO - Processing file /home/airflow/.local/lib/python3.7/site-packages/airflow/example_dags/example_short_circuit_operator.py for tasks to queue
[2022-12-30T00:20:02.592+0000] {logging_mixin.py:137} INFO - [2022-12-30T00:20:02.592+0000] {dagbag.py:538} INFO - Filling up the DagBag from /home/airflow/.local/lib/python3.7/site-packages/airflow/example_dags/example_short_circuit_operator.py
[2022-12-30T00:20:02.605+0000] {processor.py:753} INFO - DAG(s) dict_keys(['example_short_circuit_operator']) retrieved from /home/airflow/.local/lib/python3.7/site-packages/airflow/example_dags/example_short_circuit_operator.py
[2022-12-30T00:20:02.633+0000] {logging_mixin.py:137} INFO - [2022-12-30T00:20:02.633+0000] {dag.py:2676} INFO - Sync 1 DAGs
[2022-12-30T00:20:02.653+0000] {logging_mixin.py:137} INFO - [2022-12-30T00:20:02.653+0000] {dag.py:3427} INFO - Setting next_dagrun for example_short_circuit_operator to 2022-12-29T00:20:02.653640+00:00, run_after=2022-12-30T00:20:02.653640+00:00
[2022-12-30T00:20:02.666+0000] {processor.py:175} INFO - Processing /home/airflow/.local/lib/python3.7/site-packages/airflow/example_dags/example_short_circuit_operator.py took 0.077 seconds
[2022-12-30T00:20:33.443+0000] {processor.py:153} INFO - Started process (PID=38305) to work on /home/airflow/.local/lib/python3.7/site-packages/airflow/example_dags/example_short_circuit_operator.py
[2022-12-30T00:20:33.444+0000] {processor.py:743} INFO - Processing file /home/airflow/.local/lib/python3.7/site-packages/airflow/example_dags/example_short_circuit_operator.py for tasks to queue
[2022-12-30T00:20:33.445+0000] {logging_mixin.py:137} INFO - [2022-12-30T00:20:33.444+0000] {dagbag.py:538} INFO - Filling up the DagBag from /home/airflow/.local/lib/python3.7/site-packages/airflow/example_dags/example_short_circuit_operator.py
[2022-12-30T00:20:33.457+0000] {processor.py:753} INFO - DAG(s) dict_keys(['example_short_circuit_operator']) retrieved from /home/airflow/.local/lib/python3.7/site-packages/airflow/example_dags/example_short_circuit_operator.py
[2022-12-30T00:20:33.488+0000] {logging_mixin.py:137} INFO - [2022-12-30T00:20:33.488+0000] {dag.py:2676} INFO - Sync 1 DAGs
[2022-12-30T00:20:33.507+0000] {logging_mixin.py:137} INFO - [2022-12-30T00:20:33.507+0000] {dag.py:3427} INFO - Setting next_dagrun for example_short_circuit_operator to 2022-12-29T00:20:33.506887+00:00, run_after=2022-12-30T00:20:33.506887+00:00
[2022-12-30T00:20:33.521+0000] {processor.py:175} INFO - Processing /home/airflow/.local/lib/python3.7/site-packages/airflow/example_dags/example_short_circuit_operator.py took 0.080 seconds
[2022-12-30T00:21:03.829+0000] {processor.py:153} INFO - Started process (PID=38388) to work on /home/airflow/.local/lib/python3.7/site-packages/airflow/example_dags/example_short_circuit_operator.py
[2022-12-30T00:21:03.830+0000] {processor.py:743} INFO - Processing file /home/airflow/.local/lib/python3.7/site-packages/airflow/example_dags/example_short_circuit_operator.py for tasks to queue
[2022-12-30T00:21:03.831+0000] {logging_mixin.py:137} INFO - [2022-12-30T00:21:03.830+0000] {dagbag.py:538} INFO - Filling up the DagBag from /home/airflow/.local/lib/python3.7/site-packages/airflow/example_dags/example_short_circuit_operator.py
[2022-12-30T00:21:03.843+0000] {processor.py:753} INFO - DAG(s) dict_keys(['example_short_circuit_operator']) retrieved from /home/airflow/.local/lib/python3.7/site-packages/airflow/example_dags/example_short_circuit_operator.py
[2022-12-30T00:21:03.873+0000] {logging_mixin.py:137} INFO - [2022-12-30T00:21:03.873+0000] {dag.py:2676} INFO - Sync 1 DAGs
[2022-12-30T00:21:03.896+0000] {logging_mixin.py:137} INFO - [2022-12-30T00:21:03.896+0000] {dag.py:3427} INFO - Setting next_dagrun for example_short_circuit_operator to 2022-12-29T00:21:03.896052+00:00, run_after=2022-12-30T00:21:03.896052+00:00
[2022-12-30T00:21:03.913+0000] {processor.py:175} INFO - Processing /home/airflow/.local/lib/python3.7/site-packages/airflow/example_dags/example_short_circuit_operator.py took 0.086 seconds
[2022-12-30T00:21:34.657+0000] {processor.py:153} INFO - Started process (PID=38491) to work on /home/airflow/.local/lib/python3.7/site-packages/airflow/example_dags/example_short_circuit_operator.py
[2022-12-30T00:21:34.658+0000] {processor.py:743} INFO - Processing file /home/airflow/.local/lib/python3.7/site-packages/airflow/example_dags/example_short_circuit_operator.py for tasks to queue
[2022-12-30T00:21:34.658+0000] {logging_mixin.py:137} INFO - [2022-12-30T00:21:34.658+0000] {dagbag.py:538} INFO - Filling up the DagBag from /home/airflow/.local/lib/python3.7/site-packages/airflow/example_dags/example_short_circuit_operator.py
[2022-12-30T00:21:34.672+0000] {processor.py:753} INFO - DAG(s) dict_keys(['example_short_circuit_operator']) retrieved from /home/airflow/.local/lib/python3.7/site-packages/airflow/example_dags/example_short_circuit_operator.py
[2022-12-30T00:21:34.701+0000] {logging_mixin.py:137} INFO - [2022-12-30T00:21:34.701+0000] {dag.py:2676} INFO - Sync 1 DAGs
[2022-12-30T00:21:34.724+0000] {logging_mixin.py:137} INFO - [2022-12-30T00:21:34.724+0000] {dag.py:3427} INFO - Setting next_dagrun for example_short_circuit_operator to 2022-12-29T00:21:34.723857+00:00, run_after=2022-12-30T00:21:34.723857+00:00
[2022-12-30T00:21:34.738+0000] {processor.py:175} INFO - Processing /home/airflow/.local/lib/python3.7/site-packages/airflow/example_dags/example_short_circuit_operator.py took 0.084 seconds
[2022-12-30T00:22:04.929+0000] {processor.py:153} INFO - Started process (PID=38573) to work on /home/airflow/.local/lib/python3.7/site-packages/airflow/example_dags/example_short_circuit_operator.py
[2022-12-30T00:22:04.930+0000] {processor.py:743} INFO - Processing file /home/airflow/.local/lib/python3.7/site-packages/airflow/example_dags/example_short_circuit_operator.py for tasks to queue
[2022-12-30T00:22:04.930+0000] {logging_mixin.py:137} INFO - [2022-12-30T00:22:04.930+0000] {dagbag.py:538} INFO - Filling up the DagBag from /home/airflow/.local/lib/python3.7/site-packages/airflow/example_dags/example_short_circuit_operator.py
[2022-12-30T00:22:04.942+0000] {processor.py:753} INFO - DAG(s) dict_keys(['example_short_circuit_operator']) retrieved from /home/airflow/.local/lib/python3.7/site-packages/airflow/example_dags/example_short_circuit_operator.py
[2022-12-30T00:22:04.973+0000] {logging_mixin.py:137} INFO - [2022-12-30T00:22:04.973+0000] {dag.py:2676} INFO - Sync 1 DAGs
[2022-12-30T00:22:04.993+0000] {logging_mixin.py:137} INFO - [2022-12-30T00:22:04.993+0000] {dag.py:3427} INFO - Setting next_dagrun for example_short_circuit_operator to 2022-12-29T00:22:04.992980+00:00, run_after=2022-12-30T00:22:04.992980+00:00
[2022-12-30T00:22:05.005+0000] {processor.py:175} INFO - Processing /home/airflow/.local/lib/python3.7/site-packages/airflow/example_dags/example_short_circuit_operator.py took 0.078 seconds
[2022-12-30T00:22:35.637+0000] {processor.py:153} INFO - Started process (PID=38675) to work on /home/airflow/.local/lib/python3.7/site-packages/airflow/example_dags/example_short_circuit_operator.py
[2022-12-30T00:22:35.637+0000] {processor.py:743} INFO - Processing file /home/airflow/.local/lib/python3.7/site-packages/airflow/example_dags/example_short_circuit_operator.py for tasks to queue
[2022-12-30T00:22:35.638+0000] {logging_mixin.py:137} INFO - [2022-12-30T00:22:35.638+0000] {dagbag.py:538} INFO - Filling up the DagBag from /home/airflow/.local/lib/python3.7/site-packages/airflow/example_dags/example_short_circuit_operator.py
[2022-12-30T00:22:35.651+0000] {processor.py:753} INFO - DAG(s) dict_keys(['example_short_circuit_operator']) retrieved from /home/airflow/.local/lib/python3.7/site-packages/airflow/example_dags/example_short_circuit_operator.py
[2022-12-30T00:22:35.681+0000] {logging_mixin.py:137} INFO - [2022-12-30T00:22:35.681+0000] {dag.py:2676} INFO - Sync 1 DAGs
[2022-12-30T00:22:35.705+0000] {logging_mixin.py:137} INFO - [2022-12-30T00:22:35.705+0000] {dag.py:3427} INFO - Setting next_dagrun for example_short_circuit_operator to 2022-12-29T00:22:35.705363+00:00, run_after=2022-12-30T00:22:35.705363+00:00
[2022-12-30T00:22:35.719+0000] {processor.py:175} INFO - Processing /home/airflow/.local/lib/python3.7/site-packages/airflow/example_dags/example_short_circuit_operator.py took 0.085 seconds
[2022-12-30T00:23:06.402+0000] {processor.py:153} INFO - Started process (PID=38766) to work on /home/airflow/.local/lib/python3.7/site-packages/airflow/example_dags/example_short_circuit_operator.py
[2022-12-30T00:23:06.403+0000] {processor.py:743} INFO - Processing file /home/airflow/.local/lib/python3.7/site-packages/airflow/example_dags/example_short_circuit_operator.py for tasks to queue
[2022-12-30T00:23:06.403+0000] {logging_mixin.py:137} INFO - [2022-12-30T00:23:06.403+0000] {dagbag.py:538} INFO - Filling up the DagBag from /home/airflow/.local/lib/python3.7/site-packages/airflow/example_dags/example_short_circuit_operator.py
[2022-12-30T00:23:06.415+0000] {processor.py:753} INFO - DAG(s) dict_keys(['example_short_circuit_operator']) retrieved from /home/airflow/.local/lib/python3.7/site-packages/airflow/example_dags/example_short_circuit_operator.py
[2022-12-30T00:23:06.445+0000] {logging_mixin.py:137} INFO - [2022-12-30T00:23:06.445+0000] {dag.py:2676} INFO - Sync 1 DAGs
[2022-12-30T00:23:06.470+0000] {logging_mixin.py:137} INFO - [2022-12-30T00:23:06.469+0000] {dag.py:3427} INFO - Setting next_dagrun for example_short_circuit_operator to 2022-12-29T00:23:06.469739+00:00, run_after=2022-12-30T00:23:06.469739+00:00
[2022-12-30T00:23:06.484+0000] {processor.py:175} INFO - Processing /home/airflow/.local/lib/python3.7/site-packages/airflow/example_dags/example_short_circuit_operator.py took 0.084 seconds
[2022-12-30T00:23:37.353+0000] {processor.py:153} INFO - Started process (PID=38859) to work on /home/airflow/.local/lib/python3.7/site-packages/airflow/example_dags/example_short_circuit_operator.py
[2022-12-30T00:23:37.354+0000] {processor.py:743} INFO - Processing file /home/airflow/.local/lib/python3.7/site-packages/airflow/example_dags/example_short_circuit_operator.py for tasks to queue
[2022-12-30T00:23:37.354+0000] {logging_mixin.py:137} INFO - [2022-12-30T00:23:37.354+0000] {dagbag.py:538} INFO - Filling up the DagBag from /home/airflow/.local/lib/python3.7/site-packages/airflow/example_dags/example_short_circuit_operator.py
[2022-12-30T00:23:37.367+0000] {processor.py:753} INFO - DAG(s) dict_keys(['example_short_circuit_operator']) retrieved from /home/airflow/.local/lib/python3.7/site-packages/airflow/example_dags/example_short_circuit_operator.py
[2022-12-30T00:23:37.398+0000] {logging_mixin.py:137} INFO - [2022-12-30T00:23:37.398+0000] {dag.py:2676} INFO - Sync 1 DAGs
[2022-12-30T00:23:37.420+0000] {logging_mixin.py:137} INFO - [2022-12-30T00:23:37.420+0000] {dag.py:3427} INFO - Setting next_dagrun for example_short_circuit_operator to 2022-12-29T00:23:37.420166+00:00, run_after=2022-12-30T00:23:37.420166+00:00
[2022-12-30T00:23:37.433+0000] {processor.py:175} INFO - Processing /home/airflow/.local/lib/python3.7/site-packages/airflow/example_dags/example_short_circuit_operator.py took 0.083 seconds
[2022-12-30T00:24:07.881+0000] {processor.py:153} INFO - Started process (PID=38961) to work on /home/airflow/.local/lib/python3.7/site-packages/airflow/example_dags/example_short_circuit_operator.py
[2022-12-30T00:24:07.881+0000] {processor.py:743} INFO - Processing file /home/airflow/.local/lib/python3.7/site-packages/airflow/example_dags/example_short_circuit_operator.py for tasks to queue
[2022-12-30T00:24:07.882+0000] {logging_mixin.py:137} INFO - [2022-12-30T00:24:07.882+0000] {dagbag.py:538} INFO - Filling up the DagBag from /home/airflow/.local/lib/python3.7/site-packages/airflow/example_dags/example_short_circuit_operator.py
[2022-12-30T00:24:07.895+0000] {processor.py:753} INFO - DAG(s) dict_keys(['example_short_circuit_operator']) retrieved from /home/airflow/.local/lib/python3.7/site-packages/airflow/example_dags/example_short_circuit_operator.py
[2022-12-30T00:24:07.927+0000] {logging_mixin.py:137} INFO - [2022-12-30T00:24:07.927+0000] {dag.py:2676} INFO - Sync 1 DAGs
[2022-12-30T00:24:07.947+0000] {logging_mixin.py:137} INFO - [2022-12-30T00:24:07.947+0000] {dag.py:3427} INFO - Setting next_dagrun for example_short_circuit_operator to 2022-12-29T00:24:07.947172+00:00, run_after=2022-12-30T00:24:07.947172+00:00
[2022-12-30T00:24:07.960+0000] {processor.py:175} INFO - Processing /home/airflow/.local/lib/python3.7/site-packages/airflow/example_dags/example_short_circuit_operator.py took 0.082 seconds
[2022-12-30T00:24:38.983+0000] {processor.py:153} INFO - Started process (PID=39043) to work on /home/airflow/.local/lib/python3.7/site-packages/airflow/example_dags/example_short_circuit_operator.py
[2022-12-30T00:24:38.983+0000] {processor.py:743} INFO - Processing file /home/airflow/.local/lib/python3.7/site-packages/airflow/example_dags/example_short_circuit_operator.py for tasks to queue
[2022-12-30T00:24:38.984+0000] {logging_mixin.py:137} INFO - [2022-12-30T00:24:38.984+0000] {dagbag.py:538} INFO - Filling up the DagBag from /home/airflow/.local/lib/python3.7/site-packages/airflow/example_dags/example_short_circuit_operator.py
[2022-12-30T00:24:38.998+0000] {processor.py:753} INFO - DAG(s) dict_keys(['example_short_circuit_operator']) retrieved from /home/airflow/.local/lib/python3.7/site-packages/airflow/example_dags/example_short_circuit_operator.py
[2022-12-30T00:24:39.029+0000] {logging_mixin.py:137} INFO - [2022-12-30T00:24:39.028+0000] {dag.py:2676} INFO - Sync 1 DAGs
[2022-12-30T00:24:39.048+0000] {logging_mixin.py:137} INFO - [2022-12-30T00:24:39.048+0000] {dag.py:3427} INFO - Setting next_dagrun for example_short_circuit_operator to 2022-12-29T00:24:39.048009+00:00, run_after=2022-12-30T00:24:39.048009+00:00
[2022-12-30T00:24:39.061+0000] {processor.py:175} INFO - Processing /home/airflow/.local/lib/python3.7/site-packages/airflow/example_dags/example_short_circuit_operator.py took 0.081 seconds
[2022-12-30T00:25:09.308+0000] {processor.py:153} INFO - Started process (PID=39145) to work on /home/airflow/.local/lib/python3.7/site-packages/airflow/example_dags/example_short_circuit_operator.py
[2022-12-30T00:25:09.309+0000] {processor.py:743} INFO - Processing file /home/airflow/.local/lib/python3.7/site-packages/airflow/example_dags/example_short_circuit_operator.py for tasks to queue
[2022-12-30T00:25:09.309+0000] {logging_mixin.py:137} INFO - [2022-12-30T00:25:09.309+0000] {dagbag.py:538} INFO - Filling up the DagBag from /home/airflow/.local/lib/python3.7/site-packages/airflow/example_dags/example_short_circuit_operator.py
[2022-12-30T00:25:09.322+0000] {processor.py:753} INFO - DAG(s) dict_keys(['example_short_circuit_operator']) retrieved from /home/airflow/.local/lib/python3.7/site-packages/airflow/example_dags/example_short_circuit_operator.py
[2022-12-30T00:25:09.351+0000] {logging_mixin.py:137} INFO - [2022-12-30T00:25:09.351+0000] {dag.py:2676} INFO - Sync 1 DAGs
[2022-12-30T00:25:09.371+0000] {logging_mixin.py:137} INFO - [2022-12-30T00:25:09.371+0000] {dag.py:3427} INFO - Setting next_dagrun for example_short_circuit_operator to 2022-12-29T00:25:09.371491+00:00, run_after=2022-12-30T00:25:09.371491+00:00
[2022-12-30T00:25:09.383+0000] {processor.py:175} INFO - Processing /home/airflow/.local/lib/python3.7/site-packages/airflow/example_dags/example_short_circuit_operator.py took 0.077 seconds
[2022-12-30T00:25:39.934+0000] {processor.py:153} INFO - Started process (PID=39227) to work on /home/airflow/.local/lib/python3.7/site-packages/airflow/example_dags/example_short_circuit_operator.py
[2022-12-30T00:25:39.934+0000] {processor.py:743} INFO - Processing file /home/airflow/.local/lib/python3.7/site-packages/airflow/example_dags/example_short_circuit_operator.py for tasks to queue
[2022-12-30T00:25:39.934+0000] {logging_mixin.py:137} INFO - [2022-12-30T00:25:39.934+0000] {dagbag.py:538} INFO - Filling up the DagBag from /home/airflow/.local/lib/python3.7/site-packages/airflow/example_dags/example_short_circuit_operator.py
[2022-12-30T00:25:39.946+0000] {processor.py:753} INFO - DAG(s) dict_keys(['example_short_circuit_operator']) retrieved from /home/airflow/.local/lib/python3.7/site-packages/airflow/example_dags/example_short_circuit_operator.py
[2022-12-30T00:25:39.975+0000] {logging_mixin.py:137} INFO - [2022-12-30T00:25:39.975+0000] {dag.py:2676} INFO - Sync 1 DAGs
[2022-12-30T00:25:39.995+0000] {logging_mixin.py:137} INFO - [2022-12-30T00:25:39.995+0000] {dag.py:3427} INFO - Setting next_dagrun for example_short_circuit_operator to 2022-12-29T00:25:39.995450+00:00, run_after=2022-12-30T00:25:39.995450+00:00
[2022-12-30T00:25:40.007+0000] {processor.py:175} INFO - Processing /home/airflow/.local/lib/python3.7/site-packages/airflow/example_dags/example_short_circuit_operator.py took 0.075 seconds
[2022-12-30T00:26:10.570+0000] {processor.py:153} INFO - Started process (PID=39329) to work on /home/airflow/.local/lib/python3.7/site-packages/airflow/example_dags/example_short_circuit_operator.py
[2022-12-30T00:26:10.570+0000] {processor.py:743} INFO - Processing file /home/airflow/.local/lib/python3.7/site-packages/airflow/example_dags/example_short_circuit_operator.py for tasks to queue
[2022-12-30T00:26:10.571+0000] {logging_mixin.py:137} INFO - [2022-12-30T00:26:10.571+0000] {dagbag.py:538} INFO - Filling up the DagBag from /home/airflow/.local/lib/python3.7/site-packages/airflow/example_dags/example_short_circuit_operator.py
[2022-12-30T00:26:10.583+0000] {processor.py:753} INFO - DAG(s) dict_keys(['example_short_circuit_operator']) retrieved from /home/airflow/.local/lib/python3.7/site-packages/airflow/example_dags/example_short_circuit_operator.py
[2022-12-30T00:26:10.612+0000] {logging_mixin.py:137} INFO - [2022-12-30T00:26:10.612+0000] {dag.py:2676} INFO - Sync 1 DAGs
[2022-12-30T00:26:10.631+0000] {logging_mixin.py:137} INFO - [2022-12-30T00:26:10.631+0000] {dag.py:3427} INFO - Setting next_dagrun for example_short_circuit_operator to 2022-12-29T00:26:10.631327+00:00, run_after=2022-12-30T00:26:10.631327+00:00
[2022-12-30T00:26:10.644+0000] {processor.py:175} INFO - Processing /home/airflow/.local/lib/python3.7/site-packages/airflow/example_dags/example_short_circuit_operator.py took 0.077 seconds
[2022-12-30T00:26:41.068+0000] {processor.py:153} INFO - Started process (PID=39431) to work on /home/airflow/.local/lib/python3.7/site-packages/airflow/example_dags/example_short_circuit_operator.py
[2022-12-30T00:26:41.069+0000] {processor.py:743} INFO - Processing file /home/airflow/.local/lib/python3.7/site-packages/airflow/example_dags/example_short_circuit_operator.py for tasks to queue
[2022-12-30T00:26:41.069+0000] {logging_mixin.py:137} INFO - [2022-12-30T00:26:41.069+0000] {dagbag.py:538} INFO - Filling up the DagBag from /home/airflow/.local/lib/python3.7/site-packages/airflow/example_dags/example_short_circuit_operator.py
[2022-12-30T00:26:41.082+0000] {processor.py:753} INFO - DAG(s) dict_keys(['example_short_circuit_operator']) retrieved from /home/airflow/.local/lib/python3.7/site-packages/airflow/example_dags/example_short_circuit_operator.py
[2022-12-30T00:26:41.118+0000] {logging_mixin.py:137} INFO - [2022-12-30T00:26:41.118+0000] {dag.py:2676} INFO - Sync 1 DAGs
[2022-12-30T00:26:41.145+0000] {logging_mixin.py:137} INFO - [2022-12-30T00:26:41.145+0000] {dag.py:3427} INFO - Setting next_dagrun for example_short_circuit_operator to 2022-12-29T00:26:41.144889+00:00, run_after=2022-12-30T00:26:41.144889+00:00
[2022-12-30T00:26:41.157+0000] {processor.py:175} INFO - Processing /home/airflow/.local/lib/python3.7/site-packages/airflow/example_dags/example_short_circuit_operator.py took 0.091 seconds
[2022-12-30T00:27:11.279+0000] {processor.py:153} INFO - Started process (PID=39514) to work on /home/airflow/.local/lib/python3.7/site-packages/airflow/example_dags/example_short_circuit_operator.py
[2022-12-30T00:27:11.280+0000] {processor.py:743} INFO - Processing file /home/airflow/.local/lib/python3.7/site-packages/airflow/example_dags/example_short_circuit_operator.py for tasks to queue
[2022-12-30T00:27:11.281+0000] {logging_mixin.py:137} INFO - [2022-12-30T00:27:11.281+0000] {dagbag.py:538} INFO - Filling up the DagBag from /home/airflow/.local/lib/python3.7/site-packages/airflow/example_dags/example_short_circuit_operator.py
[2022-12-30T00:27:11.296+0000] {processor.py:753} INFO - DAG(s) dict_keys(['example_short_circuit_operator']) retrieved from /home/airflow/.local/lib/python3.7/site-packages/airflow/example_dags/example_short_circuit_operator.py
[2022-12-30T00:27:11.331+0000] {logging_mixin.py:137} INFO - [2022-12-30T00:27:11.331+0000] {dag.py:2676} INFO - Sync 1 DAGs
[2022-12-30T00:27:11.350+0000] {logging_mixin.py:137} INFO - [2022-12-30T00:27:11.350+0000] {dag.py:3427} INFO - Setting next_dagrun for example_short_circuit_operator to 2022-12-29T00:27:11.350095+00:00, run_after=2022-12-30T00:27:11.350095+00:00
[2022-12-30T00:27:11.364+0000] {processor.py:175} INFO - Processing /home/airflow/.local/lib/python3.7/site-packages/airflow/example_dags/example_short_circuit_operator.py took 0.087 seconds
[2022-12-30T00:27:42.013+0000] {processor.py:153} INFO - Started process (PID=39616) to work on /home/airflow/.local/lib/python3.7/site-packages/airflow/example_dags/example_short_circuit_operator.py
[2022-12-30T00:27:42.013+0000] {processor.py:743} INFO - Processing file /home/airflow/.local/lib/python3.7/site-packages/airflow/example_dags/example_short_circuit_operator.py for tasks to queue
[2022-12-30T00:27:42.014+0000] {logging_mixin.py:137} INFO - [2022-12-30T00:27:42.013+0000] {dagbag.py:538} INFO - Filling up the DagBag from /home/airflow/.local/lib/python3.7/site-packages/airflow/example_dags/example_short_circuit_operator.py
[2022-12-30T00:27:42.025+0000] {processor.py:753} INFO - DAG(s) dict_keys(['example_short_circuit_operator']) retrieved from /home/airflow/.local/lib/python3.7/site-packages/airflow/example_dags/example_short_circuit_operator.py
[2022-12-30T00:27:42.057+0000] {logging_mixin.py:137} INFO - [2022-12-30T00:27:42.057+0000] {dag.py:2676} INFO - Sync 1 DAGs
[2022-12-30T00:27:42.077+0000] {logging_mixin.py:137} INFO - [2022-12-30T00:27:42.077+0000] {dag.py:3427} INFO - Setting next_dagrun for example_short_circuit_operator to 2022-12-29T00:27:42.076796+00:00, run_after=2022-12-30T00:27:42.076796+00:00
[2022-12-30T00:27:42.089+0000] {processor.py:175} INFO - Processing /home/airflow/.local/lib/python3.7/site-packages/airflow/example_dags/example_short_circuit_operator.py took 0.078 seconds
[2022-12-30T00:28:12.156+0000] {processor.py:153} INFO - Started process (PID=39698) to work on /home/airflow/.local/lib/python3.7/site-packages/airflow/example_dags/example_short_circuit_operator.py
[2022-12-30T00:28:12.157+0000] {processor.py:743} INFO - Processing file /home/airflow/.local/lib/python3.7/site-packages/airflow/example_dags/example_short_circuit_operator.py for tasks to queue
[2022-12-30T00:28:12.158+0000] {logging_mixin.py:137} INFO - [2022-12-30T00:28:12.158+0000] {dagbag.py:538} INFO - Filling up the DagBag from /home/airflow/.local/lib/python3.7/site-packages/airflow/example_dags/example_short_circuit_operator.py
[2022-12-30T00:28:12.170+0000] {processor.py:753} INFO - DAG(s) dict_keys(['example_short_circuit_operator']) retrieved from /home/airflow/.local/lib/python3.7/site-packages/airflow/example_dags/example_short_circuit_operator.py
[2022-12-30T00:28:12.202+0000] {logging_mixin.py:137} INFO - [2022-12-30T00:28:12.202+0000] {dag.py:2676} INFO - Sync 1 DAGs
[2022-12-30T00:28:12.220+0000] {logging_mixin.py:137} INFO - [2022-12-30T00:28:12.220+0000] {dag.py:3427} INFO - Setting next_dagrun for example_short_circuit_operator to 2022-12-29T00:28:12.220579+00:00, run_after=2022-12-30T00:28:12.220579+00:00
[2022-12-30T00:28:12.232+0000] {processor.py:175} INFO - Processing /home/airflow/.local/lib/python3.7/site-packages/airflow/example_dags/example_short_circuit_operator.py took 0.078 seconds
[2022-12-30T00:28:42.919+0000] {processor.py:153} INFO - Started process (PID=39800) to work on /home/airflow/.local/lib/python3.7/site-packages/airflow/example_dags/example_short_circuit_operator.py
[2022-12-30T00:28:42.920+0000] {processor.py:743} INFO - Processing file /home/airflow/.local/lib/python3.7/site-packages/airflow/example_dags/example_short_circuit_operator.py for tasks to queue
[2022-12-30T00:28:42.920+0000] {logging_mixin.py:137} INFO - [2022-12-30T00:28:42.920+0000] {dagbag.py:538} INFO - Filling up the DagBag from /home/airflow/.local/lib/python3.7/site-packages/airflow/example_dags/example_short_circuit_operator.py
[2022-12-30T00:28:42.933+0000] {processor.py:753} INFO - DAG(s) dict_keys(['example_short_circuit_operator']) retrieved from /home/airflow/.local/lib/python3.7/site-packages/airflow/example_dags/example_short_circuit_operator.py
[2022-12-30T00:28:42.961+0000] {logging_mixin.py:137} INFO - [2022-12-30T00:28:42.961+0000] {dag.py:2676} INFO - Sync 1 DAGs
[2022-12-30T00:28:42.981+0000] {logging_mixin.py:137} INFO - [2022-12-30T00:28:42.980+0000] {dag.py:3427} INFO - Setting next_dagrun for example_short_circuit_operator to 2022-12-29T00:28:42.980814+00:00, run_after=2022-12-30T00:28:42.980814+00:00
[2022-12-30T00:28:42.992+0000] {processor.py:175} INFO - Processing /home/airflow/.local/lib/python3.7/site-packages/airflow/example_dags/example_short_circuit_operator.py took 0.076 seconds
[2022-12-30T00:29:13.050+0000] {processor.py:153} INFO - Started process (PID=39882) to work on /home/airflow/.local/lib/python3.7/site-packages/airflow/example_dags/example_short_circuit_operator.py
[2022-12-30T00:29:13.051+0000] {processor.py:743} INFO - Processing file /home/airflow/.local/lib/python3.7/site-packages/airflow/example_dags/example_short_circuit_operator.py for tasks to queue
[2022-12-30T00:29:13.051+0000] {logging_mixin.py:137} INFO - [2022-12-30T00:29:13.051+0000] {dagbag.py:538} INFO - Filling up the DagBag from /home/airflow/.local/lib/python3.7/site-packages/airflow/example_dags/example_short_circuit_operator.py
[2022-12-30T00:29:13.063+0000] {processor.py:753} INFO - DAG(s) dict_keys(['example_short_circuit_operator']) retrieved from /home/airflow/.local/lib/python3.7/site-packages/airflow/example_dags/example_short_circuit_operator.py
[2022-12-30T00:29:13.098+0000] {logging_mixin.py:137} INFO - [2022-12-30T00:29:13.098+0000] {dag.py:2676} INFO - Sync 1 DAGs
[2022-12-30T00:29:13.123+0000] {logging_mixin.py:137} INFO - [2022-12-30T00:29:13.123+0000] {dag.py:3427} INFO - Setting next_dagrun for example_short_circuit_operator to 2022-12-29T00:29:13.123567+00:00, run_after=2022-12-30T00:29:13.123567+00:00
[2022-12-30T00:29:13.136+0000] {processor.py:175} INFO - Processing /home/airflow/.local/lib/python3.7/site-packages/airflow/example_dags/example_short_circuit_operator.py took 0.089 seconds
[2022-12-30T00:29:43.291+0000] {processor.py:153} INFO - Started process (PID=39984) to work on /home/airflow/.local/lib/python3.7/site-packages/airflow/example_dags/example_short_circuit_operator.py
[2022-12-30T00:29:43.292+0000] {processor.py:743} INFO - Processing file /home/airflow/.local/lib/python3.7/site-packages/airflow/example_dags/example_short_circuit_operator.py for tasks to queue
[2022-12-30T00:29:43.293+0000] {logging_mixin.py:137} INFO - [2022-12-30T00:29:43.293+0000] {dagbag.py:538} INFO - Filling up the DagBag from /home/airflow/.local/lib/python3.7/site-packages/airflow/example_dags/example_short_circuit_operator.py
[2022-12-30T00:29:43.308+0000] {processor.py:753} INFO - DAG(s) dict_keys(['example_short_circuit_operator']) retrieved from /home/airflow/.local/lib/python3.7/site-packages/airflow/example_dags/example_short_circuit_operator.py
[2022-12-30T00:29:43.341+0000] {logging_mixin.py:137} INFO - [2022-12-30T00:29:43.341+0000] {dag.py:2676} INFO - Sync 1 DAGs
[2022-12-30T00:29:43.362+0000] {logging_mixin.py:137} INFO - [2022-12-30T00:29:43.362+0000] {dag.py:3427} INFO - Setting next_dagrun for example_short_circuit_operator to 2022-12-29T00:29:43.362549+00:00, run_after=2022-12-30T00:29:43.362549+00:00
[2022-12-30T00:29:43.376+0000] {processor.py:175} INFO - Processing /home/airflow/.local/lib/python3.7/site-packages/airflow/example_dags/example_short_circuit_operator.py took 0.088 seconds
[2022-12-30T00:30:13.810+0000] {processor.py:153} INFO - Started process (PID=40066) to work on /home/airflow/.local/lib/python3.7/site-packages/airflow/example_dags/example_short_circuit_operator.py
[2022-12-30T00:30:13.811+0000] {processor.py:743} INFO - Processing file /home/airflow/.local/lib/python3.7/site-packages/airflow/example_dags/example_short_circuit_operator.py for tasks to queue
[2022-12-30T00:30:13.811+0000] {logging_mixin.py:137} INFO - [2022-12-30T00:30:13.811+0000] {dagbag.py:538} INFO - Filling up the DagBag from /home/airflow/.local/lib/python3.7/site-packages/airflow/example_dags/example_short_circuit_operator.py
[2022-12-30T00:30:13.824+0000] {processor.py:753} INFO - DAG(s) dict_keys(['example_short_circuit_operator']) retrieved from /home/airflow/.local/lib/python3.7/site-packages/airflow/example_dags/example_short_circuit_operator.py
[2022-12-30T00:30:13.854+0000] {logging_mixin.py:137} INFO - [2022-12-30T00:30:13.854+0000] {dag.py:2676} INFO - Sync 1 DAGs
[2022-12-30T00:30:13.873+0000] {logging_mixin.py:137} INFO - [2022-12-30T00:30:13.873+0000] {dag.py:3427} INFO - Setting next_dagrun for example_short_circuit_operator to 2022-12-29T00:30:13.873100+00:00, run_after=2022-12-30T00:30:13.873100+00:00
[2022-12-30T00:30:13.884+0000] {processor.py:175} INFO - Processing /home/airflow/.local/lib/python3.7/site-packages/airflow/example_dags/example_short_circuit_operator.py took 0.077 seconds
[2022-12-30T00:30:44.427+0000] {processor.py:153} INFO - Started process (PID=40168) to work on /home/airflow/.local/lib/python3.7/site-packages/airflow/example_dags/example_short_circuit_operator.py
[2022-12-30T00:30:44.428+0000] {processor.py:743} INFO - Processing file /home/airflow/.local/lib/python3.7/site-packages/airflow/example_dags/example_short_circuit_operator.py for tasks to queue
[2022-12-30T00:30:44.429+0000] {logging_mixin.py:137} INFO - [2022-12-30T00:30:44.429+0000] {dagbag.py:538} INFO - Filling up the DagBag from /home/airflow/.local/lib/python3.7/site-packages/airflow/example_dags/example_short_circuit_operator.py
[2022-12-30T00:30:44.442+0000] {processor.py:753} INFO - DAG(s) dict_keys(['example_short_circuit_operator']) retrieved from /home/airflow/.local/lib/python3.7/site-packages/airflow/example_dags/example_short_circuit_operator.py
[2022-12-30T00:30:44.475+0000] {logging_mixin.py:137} INFO - [2022-12-30T00:30:44.475+0000] {dag.py:2676} INFO - Sync 1 DAGs
[2022-12-30T00:30:44.496+0000] {logging_mixin.py:137} INFO - [2022-12-30T00:30:44.495+0000] {dag.py:3427} INFO - Setting next_dagrun for example_short_circuit_operator to 2022-12-29T00:30:44.495781+00:00, run_after=2022-12-30T00:30:44.495781+00:00
[2022-12-30T00:30:44.507+0000] {processor.py:175} INFO - Processing /home/airflow/.local/lib/python3.7/site-packages/airflow/example_dags/example_short_circuit_operator.py took 0.084 seconds
[2022-12-30T00:31:14.890+0000] {processor.py:153} INFO - Started process (PID=40250) to work on /home/airflow/.local/lib/python3.7/site-packages/airflow/example_dags/example_short_circuit_operator.py
[2022-12-30T00:31:14.890+0000] {processor.py:743} INFO - Processing file /home/airflow/.local/lib/python3.7/site-packages/airflow/example_dags/example_short_circuit_operator.py for tasks to queue
[2022-12-30T00:31:14.891+0000] {logging_mixin.py:137} INFO - [2022-12-30T00:31:14.891+0000] {dagbag.py:538} INFO - Filling up the DagBag from /home/airflow/.local/lib/python3.7/site-packages/airflow/example_dags/example_short_circuit_operator.py
[2022-12-30T00:31:14.903+0000] {processor.py:753} INFO - DAG(s) dict_keys(['example_short_circuit_operator']) retrieved from /home/airflow/.local/lib/python3.7/site-packages/airflow/example_dags/example_short_circuit_operator.py
[2022-12-30T00:31:14.937+0000] {logging_mixin.py:137} INFO - [2022-12-30T00:31:14.937+0000] {dag.py:2676} INFO - Sync 1 DAGs
[2022-12-30T00:31:14.959+0000] {logging_mixin.py:137} INFO - [2022-12-30T00:31:14.959+0000] {dag.py:3427} INFO - Setting next_dagrun for example_short_circuit_operator to 2022-12-29T00:31:14.959128+00:00, run_after=2022-12-30T00:31:14.959128+00:00
[2022-12-30T00:31:14.973+0000] {processor.py:175} INFO - Processing /home/airflow/.local/lib/python3.7/site-packages/airflow/example_dags/example_short_circuit_operator.py took 0.085 seconds
[2022-12-30T00:31:45.440+0000] {processor.py:153} INFO - Started process (PID=40352) to work on /home/airflow/.local/lib/python3.7/site-packages/airflow/example_dags/example_short_circuit_operator.py
[2022-12-30T00:31:45.441+0000] {processor.py:743} INFO - Processing file /home/airflow/.local/lib/python3.7/site-packages/airflow/example_dags/example_short_circuit_operator.py for tasks to queue
[2022-12-30T00:31:45.441+0000] {logging_mixin.py:137} INFO - [2022-12-30T00:31:45.441+0000] {dagbag.py:538} INFO - Filling up the DagBag from /home/airflow/.local/lib/python3.7/site-packages/airflow/example_dags/example_short_circuit_operator.py
[2022-12-30T00:31:45.454+0000] {processor.py:753} INFO - DAG(s) dict_keys(['example_short_circuit_operator']) retrieved from /home/airflow/.local/lib/python3.7/site-packages/airflow/example_dags/example_short_circuit_operator.py
[2022-12-30T00:31:45.482+0000] {logging_mixin.py:137} INFO - [2022-12-30T00:31:45.482+0000] {dag.py:2676} INFO - Sync 1 DAGs
[2022-12-30T00:31:45.503+0000] {logging_mixin.py:137} INFO - [2022-12-30T00:31:45.503+0000] {dag.py:3427} INFO - Setting next_dagrun for example_short_circuit_operator to 2022-12-29T00:31:45.503089+00:00, run_after=2022-12-30T00:31:45.503089+00:00
[2022-12-30T00:31:45.516+0000] {processor.py:175} INFO - Processing /home/airflow/.local/lib/python3.7/site-packages/airflow/example_dags/example_short_circuit_operator.py took 0.079 seconds
[2022-12-30T00:32:15.850+0000] {processor.py:153} INFO - Started process (PID=40444) to work on /home/airflow/.local/lib/python3.7/site-packages/airflow/example_dags/example_short_circuit_operator.py
[2022-12-30T00:32:15.851+0000] {processor.py:743} INFO - Processing file /home/airflow/.local/lib/python3.7/site-packages/airflow/example_dags/example_short_circuit_operator.py for tasks to queue
[2022-12-30T00:32:15.851+0000] {logging_mixin.py:137} INFO - [2022-12-30T00:32:15.851+0000] {dagbag.py:538} INFO - Filling up the DagBag from /home/airflow/.local/lib/python3.7/site-packages/airflow/example_dags/example_short_circuit_operator.py
[2022-12-30T00:32:15.865+0000] {processor.py:753} INFO - DAG(s) dict_keys(['example_short_circuit_operator']) retrieved from /home/airflow/.local/lib/python3.7/site-packages/airflow/example_dags/example_short_circuit_operator.py
[2022-12-30T00:32:15.897+0000] {logging_mixin.py:137} INFO - [2022-12-30T00:32:15.897+0000] {dag.py:2676} INFO - Sync 1 DAGs
[2022-12-30T00:32:15.918+0000] {logging_mixin.py:137} INFO - [2022-12-30T00:32:15.918+0000] {dag.py:3427} INFO - Setting next_dagrun for example_short_circuit_operator to 2022-12-29T00:32:15.918405+00:00, run_after=2022-12-30T00:32:15.918405+00:00
[2022-12-30T00:32:15.935+0000] {processor.py:175} INFO - Processing /home/airflow/.local/lib/python3.7/site-packages/airflow/example_dags/example_short_circuit_operator.py took 0.086 seconds
[2022-12-30T00:32:46.056+0000] {processor.py:153} INFO - Started process (PID=40537) to work on /home/airflow/.local/lib/python3.7/site-packages/airflow/example_dags/example_short_circuit_operator.py
[2022-12-30T00:32:46.056+0000] {processor.py:743} INFO - Processing file /home/airflow/.local/lib/python3.7/site-packages/airflow/example_dags/example_short_circuit_operator.py for tasks to queue
[2022-12-30T00:32:46.057+0000] {logging_mixin.py:137} INFO - [2022-12-30T00:32:46.056+0000] {dagbag.py:538} INFO - Filling up the DagBag from /home/airflow/.local/lib/python3.7/site-packages/airflow/example_dags/example_short_circuit_operator.py
[2022-12-30T00:32:46.068+0000] {processor.py:753} INFO - DAG(s) dict_keys(['example_short_circuit_operator']) retrieved from /home/airflow/.local/lib/python3.7/site-packages/airflow/example_dags/example_short_circuit_operator.py
[2022-12-30T00:32:46.099+0000] {logging_mixin.py:137} INFO - [2022-12-30T00:32:46.099+0000] {dag.py:2676} INFO - Sync 1 DAGs
[2022-12-30T00:32:46.122+0000] {logging_mixin.py:137} INFO - [2022-12-30T00:32:46.122+0000] {dag.py:3427} INFO - Setting next_dagrun for example_short_circuit_operator to 2022-12-29T00:32:46.122375+00:00, run_after=2022-12-30T00:32:46.122375+00:00
[2022-12-30T00:32:46.135+0000] {processor.py:175} INFO - Processing /home/airflow/.local/lib/python3.7/site-packages/airflow/example_dags/example_short_circuit_operator.py took 0.082 seconds
[2022-12-30T00:33:16.901+0000] {processor.py:153} INFO - Started process (PID=40639) to work on /home/airflow/.local/lib/python3.7/site-packages/airflow/example_dags/example_short_circuit_operator.py
[2022-12-30T00:33:16.902+0000] {processor.py:743} INFO - Processing file /home/airflow/.local/lib/python3.7/site-packages/airflow/example_dags/example_short_circuit_operator.py for tasks to queue
[2022-12-30T00:33:16.902+0000] {logging_mixin.py:137} INFO - [2022-12-30T00:33:16.902+0000] {dagbag.py:538} INFO - Filling up the DagBag from /home/airflow/.local/lib/python3.7/site-packages/airflow/example_dags/example_short_circuit_operator.py
[2022-12-30T00:33:16.915+0000] {processor.py:753} INFO - DAG(s) dict_keys(['example_short_circuit_operator']) retrieved from /home/airflow/.local/lib/python3.7/site-packages/airflow/example_dags/example_short_circuit_operator.py
[2022-12-30T00:33:16.948+0000] {logging_mixin.py:137} INFO - [2022-12-30T00:33:16.948+0000] {dag.py:2676} INFO - Sync 1 DAGs
[2022-12-30T00:33:16.970+0000] {logging_mixin.py:137} INFO - [2022-12-30T00:33:16.969+0000] {dag.py:3427} INFO - Setting next_dagrun for example_short_circuit_operator to 2022-12-29T00:33:16.969671+00:00, run_after=2022-12-30T00:33:16.969671+00:00
[2022-12-30T00:33:16.983+0000] {processor.py:175} INFO - Processing /home/airflow/.local/lib/python3.7/site-packages/airflow/example_dags/example_short_circuit_operator.py took 0.084 seconds
[2022-12-30T00:33:47.424+0000] {processor.py:153} INFO - Started process (PID=40721) to work on /home/airflow/.local/lib/python3.7/site-packages/airflow/example_dags/example_short_circuit_operator.py
[2022-12-30T00:33:47.424+0000] {processor.py:743} INFO - Processing file /home/airflow/.local/lib/python3.7/site-packages/airflow/example_dags/example_short_circuit_operator.py for tasks to queue
[2022-12-30T00:33:47.425+0000] {logging_mixin.py:137} INFO - [2022-12-30T00:33:47.425+0000] {dagbag.py:538} INFO - Filling up the DagBag from /home/airflow/.local/lib/python3.7/site-packages/airflow/example_dags/example_short_circuit_operator.py
[2022-12-30T00:33:47.440+0000] {processor.py:753} INFO - DAG(s) dict_keys(['example_short_circuit_operator']) retrieved from /home/airflow/.local/lib/python3.7/site-packages/airflow/example_dags/example_short_circuit_operator.py
[2022-12-30T00:33:47.473+0000] {logging_mixin.py:137} INFO - [2022-12-30T00:33:47.473+0000] {dag.py:2676} INFO - Sync 1 DAGs
[2022-12-30T00:33:47.497+0000] {logging_mixin.py:137} INFO - [2022-12-30T00:33:47.497+0000] {dag.py:3427} INFO - Setting next_dagrun for example_short_circuit_operator to 2022-12-29T00:33:47.497587+00:00, run_after=2022-12-30T00:33:47.497587+00:00
[2022-12-30T00:33:47.515+0000] {processor.py:175} INFO - Processing /home/airflow/.local/lib/python3.7/site-packages/airflow/example_dags/example_short_circuit_operator.py took 0.094 seconds
