[2022-12-30T00:00:10.873+0000] {processor.py:153} INFO - Started process (PID=34572) to work on /home/airflow/.local/lib/python3.7/site-packages/airflow/example_dags/example_sensors.py
[2022-12-30T00:00:10.873+0000] {processor.py:743} INFO - Processing file /home/airflow/.local/lib/python3.7/site-packages/airflow/example_dags/example_sensors.py for tasks to queue
[2022-12-30T00:00:10.874+0000] {logging_mixin.py:137} INFO - [2022-12-30T00:00:10.874+0000] {dagbag.py:538} INFO - Filling up the DagBag from /home/airflow/.local/lib/python3.7/site-packages/airflow/example_dags/example_sensors.py
[2022-12-30T00:00:10.892+0000] {processor.py:753} INFO - DAG(s) dict_keys(['example_sensors']) retrieved from /home/airflow/.local/lib/python3.7/site-packages/airflow/example_dags/example_sensors.py
[2022-12-30T00:00:10.928+0000] {logging_mixin.py:137} INFO - [2022-12-30T00:00:10.928+0000] {dag.py:2676} INFO - Sync 1 DAGs
[2022-12-30T00:00:10.949+0000] {logging_mixin.py:137} INFO - [2022-12-30T00:00:10.948+0000] {dag.py:3427} INFO - Setting next_dagrun for example_sensors to None, run_after=None
[2022-12-30T00:00:10.961+0000] {processor.py:175} INFO - Processing /home/airflow/.local/lib/python3.7/site-packages/airflow/example_dags/example_sensors.py took 0.091 seconds
[2022-12-30T00:00:41.330+0000] {processor.py:153} INFO - Started process (PID=34655) to work on /home/airflow/.local/lib/python3.7/site-packages/airflow/example_dags/example_sensors.py
[2022-12-30T00:00:41.331+0000] {processor.py:743} INFO - Processing file /home/airflow/.local/lib/python3.7/site-packages/airflow/example_dags/example_sensors.py for tasks to queue
[2022-12-30T00:00:41.331+0000] {logging_mixin.py:137} INFO - [2022-12-30T00:00:41.331+0000] {dagbag.py:538} INFO - Filling up the DagBag from /home/airflow/.local/lib/python3.7/site-packages/airflow/example_dags/example_sensors.py
[2022-12-30T00:00:41.347+0000] {processor.py:753} INFO - DAG(s) dict_keys(['example_sensors']) retrieved from /home/airflow/.local/lib/python3.7/site-packages/airflow/example_dags/example_sensors.py
[2022-12-30T00:00:41.379+0000] {logging_mixin.py:137} INFO - [2022-12-30T00:00:41.379+0000] {dag.py:2676} INFO - Sync 1 DAGs
[2022-12-30T00:00:41.397+0000] {logging_mixin.py:137} INFO - [2022-12-30T00:00:41.397+0000] {dag.py:3427} INFO - Setting next_dagrun for example_sensors to None, run_after=None
[2022-12-30T00:00:41.410+0000] {processor.py:175} INFO - Processing /home/airflow/.local/lib/python3.7/site-packages/airflow/example_dags/example_sensors.py took 0.082 seconds
[2022-12-30T00:01:12.188+0000] {processor.py:153} INFO - Started process (PID=34757) to work on /home/airflow/.local/lib/python3.7/site-packages/airflow/example_dags/example_sensors.py
[2022-12-30T00:01:12.189+0000] {processor.py:743} INFO - Processing file /home/airflow/.local/lib/python3.7/site-packages/airflow/example_dags/example_sensors.py for tasks to queue
[2022-12-30T00:01:12.190+0000] {logging_mixin.py:137} INFO - [2022-12-30T00:01:12.190+0000] {dagbag.py:538} INFO - Filling up the DagBag from /home/airflow/.local/lib/python3.7/site-packages/airflow/example_dags/example_sensors.py
[2022-12-30T00:01:12.205+0000] {processor.py:753} INFO - DAG(s) dict_keys(['example_sensors']) retrieved from /home/airflow/.local/lib/python3.7/site-packages/airflow/example_dags/example_sensors.py
[2022-12-30T00:01:12.239+0000] {logging_mixin.py:137} INFO - [2022-12-30T00:01:12.239+0000] {dag.py:2676} INFO - Sync 1 DAGs
[2022-12-30T00:01:12.257+0000] {logging_mixin.py:137} INFO - [2022-12-30T00:01:12.257+0000] {dag.py:3427} INFO - Setting next_dagrun for example_sensors to None, run_after=None
[2022-12-30T00:01:12.270+0000] {processor.py:175} INFO - Processing /home/airflow/.local/lib/python3.7/site-packages/airflow/example_dags/example_sensors.py took 0.085 seconds
[2022-12-30T00:01:42.453+0000] {processor.py:153} INFO - Started process (PID=34839) to work on /home/airflow/.local/lib/python3.7/site-packages/airflow/example_dags/example_sensors.py
[2022-12-30T00:01:42.453+0000] {processor.py:743} INFO - Processing file /home/airflow/.local/lib/python3.7/site-packages/airflow/example_dags/example_sensors.py for tasks to queue
[2022-12-30T00:01:42.454+0000] {logging_mixin.py:137} INFO - [2022-12-30T00:01:42.454+0000] {dagbag.py:538} INFO - Filling up the DagBag from /home/airflow/.local/lib/python3.7/site-packages/airflow/example_dags/example_sensors.py
[2022-12-30T00:01:42.469+0000] {processor.py:753} INFO - DAG(s) dict_keys(['example_sensors']) retrieved from /home/airflow/.local/lib/python3.7/site-packages/airflow/example_dags/example_sensors.py
[2022-12-30T00:01:42.505+0000] {logging_mixin.py:137} INFO - [2022-12-30T00:01:42.505+0000] {dag.py:2676} INFO - Sync 1 DAGs
[2022-12-30T00:01:42.531+0000] {logging_mixin.py:137} INFO - [2022-12-30T00:01:42.531+0000] {dag.py:3427} INFO - Setting next_dagrun for example_sensors to None, run_after=None
[2022-12-30T00:01:42.547+0000] {processor.py:175} INFO - Processing /home/airflow/.local/lib/python3.7/site-packages/airflow/example_dags/example_sensors.py took 0.097 seconds
[2022-12-30T00:02:13.019+0000] {processor.py:153} INFO - Started process (PID=34941) to work on /home/airflow/.local/lib/python3.7/site-packages/airflow/example_dags/example_sensors.py
[2022-12-30T00:02:13.020+0000] {processor.py:743} INFO - Processing file /home/airflow/.local/lib/python3.7/site-packages/airflow/example_dags/example_sensors.py for tasks to queue
[2022-12-30T00:02:13.020+0000] {logging_mixin.py:137} INFO - [2022-12-30T00:02:13.020+0000] {dagbag.py:538} INFO - Filling up the DagBag from /home/airflow/.local/lib/python3.7/site-packages/airflow/example_dags/example_sensors.py
[2022-12-30T00:02:13.035+0000] {processor.py:753} INFO - DAG(s) dict_keys(['example_sensors']) retrieved from /home/airflow/.local/lib/python3.7/site-packages/airflow/example_dags/example_sensors.py
[2022-12-30T00:02:13.068+0000] {logging_mixin.py:137} INFO - [2022-12-30T00:02:13.067+0000] {dag.py:2676} INFO - Sync 1 DAGs
[2022-12-30T00:02:13.085+0000] {logging_mixin.py:137} INFO - [2022-12-30T00:02:13.085+0000] {dag.py:3427} INFO - Setting next_dagrun for example_sensors to None, run_after=None
[2022-12-30T00:02:13.098+0000] {processor.py:175} INFO - Processing /home/airflow/.local/lib/python3.7/site-packages/airflow/example_dags/example_sensors.py took 0.081 seconds
[2022-12-30T00:02:43.507+0000] {processor.py:153} INFO - Started process (PID=35023) to work on /home/airflow/.local/lib/python3.7/site-packages/airflow/example_dags/example_sensors.py
[2022-12-30T00:02:43.508+0000] {processor.py:743} INFO - Processing file /home/airflow/.local/lib/python3.7/site-packages/airflow/example_dags/example_sensors.py for tasks to queue
[2022-12-30T00:02:43.508+0000] {logging_mixin.py:137} INFO - [2022-12-30T00:02:43.508+0000] {dagbag.py:538} INFO - Filling up the DagBag from /home/airflow/.local/lib/python3.7/site-packages/airflow/example_dags/example_sensors.py
[2022-12-30T00:02:43.525+0000] {processor.py:753} INFO - DAG(s) dict_keys(['example_sensors']) retrieved from /home/airflow/.local/lib/python3.7/site-packages/airflow/example_dags/example_sensors.py
[2022-12-30T00:02:43.561+0000] {logging_mixin.py:137} INFO - [2022-12-30T00:02:43.561+0000] {dag.py:2676} INFO - Sync 1 DAGs
[2022-12-30T00:02:43.581+0000] {logging_mixin.py:137} INFO - [2022-12-30T00:02:43.581+0000] {dag.py:3427} INFO - Setting next_dagrun for example_sensors to None, run_after=None
[2022-12-30T00:02:43.592+0000] {processor.py:175} INFO - Processing /home/airflow/.local/lib/python3.7/site-packages/airflow/example_dags/example_sensors.py took 0.088 seconds
[2022-12-30T00:03:13.890+0000] {processor.py:153} INFO - Started process (PID=35124) to work on /home/airflow/.local/lib/python3.7/site-packages/airflow/example_dags/example_sensors.py
[2022-12-30T00:03:13.891+0000] {processor.py:743} INFO - Processing file /home/airflow/.local/lib/python3.7/site-packages/airflow/example_dags/example_sensors.py for tasks to queue
[2022-12-30T00:03:13.891+0000] {logging_mixin.py:137} INFO - [2022-12-30T00:03:13.891+0000] {dagbag.py:538} INFO - Filling up the DagBag from /home/airflow/.local/lib/python3.7/site-packages/airflow/example_dags/example_sensors.py
[2022-12-30T00:03:13.904+0000] {processor.py:753} INFO - DAG(s) dict_keys(['example_sensors']) retrieved from /home/airflow/.local/lib/python3.7/site-packages/airflow/example_dags/example_sensors.py
[2022-12-30T00:03:13.938+0000] {logging_mixin.py:137} INFO - [2022-12-30T00:03:13.938+0000] {dag.py:2676} INFO - Sync 1 DAGs
[2022-12-30T00:03:13.957+0000] {logging_mixin.py:137} INFO - [2022-12-30T00:03:13.957+0000] {dag.py:3427} INFO - Setting next_dagrun for example_sensors to None, run_after=None
[2022-12-30T00:03:13.973+0000] {processor.py:175} INFO - Processing /home/airflow/.local/lib/python3.7/site-packages/airflow/example_dags/example_sensors.py took 0.085 seconds
[2022-12-30T00:03:44.744+0000] {processor.py:153} INFO - Started process (PID=35227) to work on /home/airflow/.local/lib/python3.7/site-packages/airflow/example_dags/example_sensors.py
[2022-12-30T00:03:44.745+0000] {processor.py:743} INFO - Processing file /home/airflow/.local/lib/python3.7/site-packages/airflow/example_dags/example_sensors.py for tasks to queue
[2022-12-30T00:03:44.745+0000] {logging_mixin.py:137} INFO - [2022-12-30T00:03:44.745+0000] {dagbag.py:538} INFO - Filling up the DagBag from /home/airflow/.local/lib/python3.7/site-packages/airflow/example_dags/example_sensors.py
[2022-12-30T00:03:44.759+0000] {processor.py:753} INFO - DAG(s) dict_keys(['example_sensors']) retrieved from /home/airflow/.local/lib/python3.7/site-packages/airflow/example_dags/example_sensors.py
[2022-12-30T00:03:44.792+0000] {logging_mixin.py:137} INFO - [2022-12-30T00:03:44.791+0000] {dag.py:2676} INFO - Sync 1 DAGs
[2022-12-30T00:03:44.814+0000] {logging_mixin.py:137} INFO - [2022-12-30T00:03:44.814+0000] {dag.py:3427} INFO - Setting next_dagrun for example_sensors to None, run_after=None
[2022-12-30T00:03:44.832+0000] {processor.py:175} INFO - Processing /home/airflow/.local/lib/python3.7/site-packages/airflow/example_dags/example_sensors.py took 0.091 seconds
[2022-12-30T00:04:15.461+0000] {processor.py:153} INFO - Started process (PID=35309) to work on /home/airflow/.local/lib/python3.7/site-packages/airflow/example_dags/example_sensors.py
[2022-12-30T00:04:15.462+0000] {processor.py:743} INFO - Processing file /home/airflow/.local/lib/python3.7/site-packages/airflow/example_dags/example_sensors.py for tasks to queue
[2022-12-30T00:04:15.462+0000] {logging_mixin.py:137} INFO - [2022-12-30T00:04:15.462+0000] {dagbag.py:538} INFO - Filling up the DagBag from /home/airflow/.local/lib/python3.7/site-packages/airflow/example_dags/example_sensors.py
[2022-12-30T00:04:15.478+0000] {processor.py:753} INFO - DAG(s) dict_keys(['example_sensors']) retrieved from /home/airflow/.local/lib/python3.7/site-packages/airflow/example_dags/example_sensors.py
[2022-12-30T00:04:15.510+0000] {logging_mixin.py:137} INFO - [2022-12-30T00:04:15.510+0000] {dag.py:2676} INFO - Sync 1 DAGs
[2022-12-30T00:04:15.531+0000] {logging_mixin.py:137} INFO - [2022-12-30T00:04:15.531+0000] {dag.py:3427} INFO - Setting next_dagrun for example_sensors to None, run_after=None
[2022-12-30T00:04:15.544+0000] {processor.py:175} INFO - Processing /home/airflow/.local/lib/python3.7/site-packages/airflow/example_dags/example_sensors.py took 0.086 seconds
[2022-12-30T00:04:46.107+0000] {processor.py:153} INFO - Started process (PID=35411) to work on /home/airflow/.local/lib/python3.7/site-packages/airflow/example_dags/example_sensors.py
[2022-12-30T00:04:46.108+0000] {processor.py:743} INFO - Processing file /home/airflow/.local/lib/python3.7/site-packages/airflow/example_dags/example_sensors.py for tasks to queue
[2022-12-30T00:04:46.108+0000] {logging_mixin.py:137} INFO - [2022-12-30T00:04:46.108+0000] {dagbag.py:538} INFO - Filling up the DagBag from /home/airflow/.local/lib/python3.7/site-packages/airflow/example_dags/example_sensors.py
[2022-12-30T00:04:46.121+0000] {processor.py:753} INFO - DAG(s) dict_keys(['example_sensors']) retrieved from /home/airflow/.local/lib/python3.7/site-packages/airflow/example_dags/example_sensors.py
[2022-12-30T00:04:46.153+0000] {logging_mixin.py:137} INFO - [2022-12-30T00:04:46.153+0000] {dag.py:2676} INFO - Sync 1 DAGs
[2022-12-30T00:04:46.171+0000] {logging_mixin.py:137} INFO - [2022-12-30T00:04:46.171+0000] {dag.py:3427} INFO - Setting next_dagrun for example_sensors to None, run_after=None
[2022-12-30T00:04:46.182+0000] {processor.py:175} INFO - Processing /home/airflow/.local/lib/python3.7/site-packages/airflow/example_dags/example_sensors.py took 0.078 seconds
[2022-12-30T00:05:16.474+0000] {processor.py:153} INFO - Started process (PID=35493) to work on /home/airflow/.local/lib/python3.7/site-packages/airflow/example_dags/example_sensors.py
[2022-12-30T00:05:16.475+0000] {processor.py:743} INFO - Processing file /home/airflow/.local/lib/python3.7/site-packages/airflow/example_dags/example_sensors.py for tasks to queue
[2022-12-30T00:05:16.475+0000] {logging_mixin.py:137} INFO - [2022-12-30T00:05:16.475+0000] {dagbag.py:538} INFO - Filling up the DagBag from /home/airflow/.local/lib/python3.7/site-packages/airflow/example_dags/example_sensors.py
[2022-12-30T00:05:16.488+0000] {processor.py:753} INFO - DAG(s) dict_keys(['example_sensors']) retrieved from /home/airflow/.local/lib/python3.7/site-packages/airflow/example_dags/example_sensors.py
[2022-12-30T00:05:16.520+0000] {logging_mixin.py:137} INFO - [2022-12-30T00:05:16.520+0000] {dag.py:2676} INFO - Sync 1 DAGs
[2022-12-30T00:05:16.539+0000] {logging_mixin.py:137} INFO - [2022-12-30T00:05:16.539+0000] {dag.py:3427} INFO - Setting next_dagrun for example_sensors to None, run_after=None
[2022-12-30T00:05:16.552+0000] {processor.py:175} INFO - Processing /home/airflow/.local/lib/python3.7/site-packages/airflow/example_dags/example_sensors.py took 0.081 seconds
[2022-12-30T00:05:46.849+0000] {processor.py:153} INFO - Started process (PID=35595) to work on /home/airflow/.local/lib/python3.7/site-packages/airflow/example_dags/example_sensors.py
[2022-12-30T00:05:46.850+0000] {processor.py:743} INFO - Processing file /home/airflow/.local/lib/python3.7/site-packages/airflow/example_dags/example_sensors.py for tasks to queue
[2022-12-30T00:05:46.850+0000] {logging_mixin.py:137} INFO - [2022-12-30T00:05:46.850+0000] {dagbag.py:538} INFO - Filling up the DagBag from /home/airflow/.local/lib/python3.7/site-packages/airflow/example_dags/example_sensors.py
[2022-12-30T00:05:46.866+0000] {processor.py:753} INFO - DAG(s) dict_keys(['example_sensors']) retrieved from /home/airflow/.local/lib/python3.7/site-packages/airflow/example_dags/example_sensors.py
[2022-12-30T00:05:46.894+0000] {logging_mixin.py:137} INFO - [2022-12-30T00:05:46.893+0000] {dag.py:2676} INFO - Sync 1 DAGs
[2022-12-30T00:05:46.912+0000] {logging_mixin.py:137} INFO - [2022-12-30T00:05:46.912+0000] {dag.py:3427} INFO - Setting next_dagrun for example_sensors to None, run_after=None
[2022-12-30T00:05:46.923+0000] {processor.py:175} INFO - Processing /home/airflow/.local/lib/python3.7/site-packages/airflow/example_dags/example_sensors.py took 0.078 seconds
[2022-12-30T00:06:17.413+0000] {processor.py:153} INFO - Started process (PID=35684) to work on /home/airflow/.local/lib/python3.7/site-packages/airflow/example_dags/example_sensors.py
[2022-12-30T00:06:17.414+0000] {processor.py:743} INFO - Processing file /home/airflow/.local/lib/python3.7/site-packages/airflow/example_dags/example_sensors.py for tasks to queue
[2022-12-30T00:06:17.414+0000] {logging_mixin.py:137} INFO - [2022-12-30T00:06:17.414+0000] {dagbag.py:538} INFO - Filling up the DagBag from /home/airflow/.local/lib/python3.7/site-packages/airflow/example_dags/example_sensors.py
[2022-12-30T00:06:17.427+0000] {processor.py:753} INFO - DAG(s) dict_keys(['example_sensors']) retrieved from /home/airflow/.local/lib/python3.7/site-packages/airflow/example_dags/example_sensors.py
[2022-12-30T00:06:17.455+0000] {logging_mixin.py:137} INFO - [2022-12-30T00:06:17.454+0000] {dag.py:2676} INFO - Sync 1 DAGs
[2022-12-30T00:06:17.472+0000] {logging_mixin.py:137} INFO - [2022-12-30T00:06:17.471+0000] {dag.py:3427} INFO - Setting next_dagrun for example_sensors to None, run_after=None
[2022-12-30T00:06:17.483+0000] {processor.py:175} INFO - Processing /home/airflow/.local/lib/python3.7/site-packages/airflow/example_dags/example_sensors.py took 0.074 seconds
[2022-12-30T00:06:47.682+0000] {processor.py:153} INFO - Started process (PID=35779) to work on /home/airflow/.local/lib/python3.7/site-packages/airflow/example_dags/example_sensors.py
[2022-12-30T00:06:47.683+0000] {processor.py:743} INFO - Processing file /home/airflow/.local/lib/python3.7/site-packages/airflow/example_dags/example_sensors.py for tasks to queue
[2022-12-30T00:06:47.683+0000] {logging_mixin.py:137} INFO - [2022-12-30T00:06:47.683+0000] {dagbag.py:538} INFO - Filling up the DagBag from /home/airflow/.local/lib/python3.7/site-packages/airflow/example_dags/example_sensors.py
[2022-12-30T00:06:47.698+0000] {processor.py:753} INFO - DAG(s) dict_keys(['example_sensors']) retrieved from /home/airflow/.local/lib/python3.7/site-packages/airflow/example_dags/example_sensors.py
[2022-12-30T00:06:47.729+0000] {logging_mixin.py:137} INFO - [2022-12-30T00:06:47.729+0000] {dag.py:2676} INFO - Sync 1 DAGs
[2022-12-30T00:06:47.747+0000] {logging_mixin.py:137} INFO - [2022-12-30T00:06:47.747+0000] {dag.py:3427} INFO - Setting next_dagrun for example_sensors to None, run_after=None
[2022-12-30T00:06:47.771+0000] {processor.py:175} INFO - Processing /home/airflow/.local/lib/python3.7/site-packages/airflow/example_dags/example_sensors.py took 0.092 seconds
[2022-12-30T00:07:19.754+0000] {processor.py:153} INFO - Started process (PID=35881) to work on /home/airflow/.local/lib/python3.7/site-packages/airflow/example_dags/example_sensors.py
[2022-12-30T00:07:19.755+0000] {processor.py:743} INFO - Processing file /home/airflow/.local/lib/python3.7/site-packages/airflow/example_dags/example_sensors.py for tasks to queue
[2022-12-30T00:07:19.755+0000] {logging_mixin.py:137} INFO - [2022-12-30T00:07:19.755+0000] {dagbag.py:538} INFO - Filling up the DagBag from /home/airflow/.local/lib/python3.7/site-packages/airflow/example_dags/example_sensors.py
[2022-12-30T00:07:19.775+0000] {processor.py:753} INFO - DAG(s) dict_keys(['example_sensors']) retrieved from /home/airflow/.local/lib/python3.7/site-packages/airflow/example_dags/example_sensors.py
[2022-12-30T00:07:19.811+0000] {logging_mixin.py:137} INFO - [2022-12-30T00:07:19.810+0000] {dag.py:2676} INFO - Sync 1 DAGs
[2022-12-30T00:07:19.838+0000] {logging_mixin.py:137} INFO - [2022-12-30T00:07:19.838+0000] {dag.py:3427} INFO - Setting next_dagrun for example_sensors to None, run_after=None
[2022-12-30T00:07:19.856+0000] {processor.py:175} INFO - Processing /home/airflow/.local/lib/python3.7/site-packages/airflow/example_dags/example_sensors.py took 0.106 seconds
[2022-12-30T00:07:50.442+0000] {processor.py:153} INFO - Started process (PID=35963) to work on /home/airflow/.local/lib/python3.7/site-packages/airflow/example_dags/example_sensors.py
[2022-12-30T00:07:50.443+0000] {processor.py:743} INFO - Processing file /home/airflow/.local/lib/python3.7/site-packages/airflow/example_dags/example_sensors.py for tasks to queue
[2022-12-30T00:07:50.443+0000] {logging_mixin.py:137} INFO - [2022-12-30T00:07:50.443+0000] {dagbag.py:538} INFO - Filling up the DagBag from /home/airflow/.local/lib/python3.7/site-packages/airflow/example_dags/example_sensors.py
[2022-12-30T00:07:50.458+0000] {processor.py:753} INFO - DAG(s) dict_keys(['example_sensors']) retrieved from /home/airflow/.local/lib/python3.7/site-packages/airflow/example_dags/example_sensors.py
[2022-12-30T00:07:50.487+0000] {logging_mixin.py:137} INFO - [2022-12-30T00:07:50.487+0000] {dag.py:2676} INFO - Sync 1 DAGs
[2022-12-30T00:07:50.505+0000] {logging_mixin.py:137} INFO - [2022-12-30T00:07:50.505+0000] {dag.py:3427} INFO - Setting next_dagrun for example_sensors to None, run_after=None
[2022-12-30T00:07:50.517+0000] {processor.py:175} INFO - Processing /home/airflow/.local/lib/python3.7/site-packages/airflow/example_dags/example_sensors.py took 0.077 seconds
[2022-12-30T00:08:20.971+0000] {processor.py:153} INFO - Started process (PID=36065) to work on /home/airflow/.local/lib/python3.7/site-packages/airflow/example_dags/example_sensors.py
[2022-12-30T00:08:20.971+0000] {processor.py:743} INFO - Processing file /home/airflow/.local/lib/python3.7/site-packages/airflow/example_dags/example_sensors.py for tasks to queue
[2022-12-30T00:08:20.972+0000] {logging_mixin.py:137} INFO - [2022-12-30T00:08:20.972+0000] {dagbag.py:538} INFO - Filling up the DagBag from /home/airflow/.local/lib/python3.7/site-packages/airflow/example_dags/example_sensors.py
[2022-12-30T00:08:20.986+0000] {processor.py:753} INFO - DAG(s) dict_keys(['example_sensors']) retrieved from /home/airflow/.local/lib/python3.7/site-packages/airflow/example_dags/example_sensors.py
[2022-12-30T00:08:21.019+0000] {logging_mixin.py:137} INFO - [2022-12-30T00:08:21.019+0000] {dag.py:2676} INFO - Sync 1 DAGs
[2022-12-30T00:08:21.037+0000] {logging_mixin.py:137} INFO - [2022-12-30T00:08:21.037+0000] {dag.py:3427} INFO - Setting next_dagrun for example_sensors to None, run_after=None
[2022-12-30T00:08:21.051+0000] {processor.py:175} INFO - Processing /home/airflow/.local/lib/python3.7/site-packages/airflow/example_dags/example_sensors.py took 0.083 seconds
[2022-12-30T00:08:51.499+0000] {processor.py:153} INFO - Started process (PID=36147) to work on /home/airflow/.local/lib/python3.7/site-packages/airflow/example_dags/example_sensors.py
[2022-12-30T00:08:51.500+0000] {processor.py:743} INFO - Processing file /home/airflow/.local/lib/python3.7/site-packages/airflow/example_dags/example_sensors.py for tasks to queue
[2022-12-30T00:08:51.500+0000] {logging_mixin.py:137} INFO - [2022-12-30T00:08:51.500+0000] {dagbag.py:538} INFO - Filling up the DagBag from /home/airflow/.local/lib/python3.7/site-packages/airflow/example_dags/example_sensors.py
[2022-12-30T00:08:51.517+0000] {processor.py:753} INFO - DAG(s) dict_keys(['example_sensors']) retrieved from /home/airflow/.local/lib/python3.7/site-packages/airflow/example_dags/example_sensors.py
[2022-12-30T00:08:51.550+0000] {logging_mixin.py:137} INFO - [2022-12-30T00:08:51.550+0000] {dag.py:2676} INFO - Sync 1 DAGs
[2022-12-30T00:08:51.570+0000] {logging_mixin.py:137} INFO - [2022-12-30T00:08:51.570+0000] {dag.py:3427} INFO - Setting next_dagrun for example_sensors to None, run_after=None
[2022-12-30T00:08:51.583+0000] {processor.py:175} INFO - Processing /home/airflow/.local/lib/python3.7/site-packages/airflow/example_dags/example_sensors.py took 0.087 seconds
[2022-12-30T00:09:22.184+0000] {processor.py:153} INFO - Started process (PID=36249) to work on /home/airflow/.local/lib/python3.7/site-packages/airflow/example_dags/example_sensors.py
[2022-12-30T00:09:22.184+0000] {processor.py:743} INFO - Processing file /home/airflow/.local/lib/python3.7/site-packages/airflow/example_dags/example_sensors.py for tasks to queue
[2022-12-30T00:09:22.185+0000] {logging_mixin.py:137} INFO - [2022-12-30T00:09:22.185+0000] {dagbag.py:538} INFO - Filling up the DagBag from /home/airflow/.local/lib/python3.7/site-packages/airflow/example_dags/example_sensors.py
[2022-12-30T00:09:22.198+0000] {processor.py:753} INFO - DAG(s) dict_keys(['example_sensors']) retrieved from /home/airflow/.local/lib/python3.7/site-packages/airflow/example_dags/example_sensors.py
[2022-12-30T00:09:22.229+0000] {logging_mixin.py:137} INFO - [2022-12-30T00:09:22.228+0000] {dag.py:2676} INFO - Sync 1 DAGs
[2022-12-30T00:09:22.248+0000] {logging_mixin.py:137} INFO - [2022-12-30T00:09:22.248+0000] {dag.py:3427} INFO - Setting next_dagrun for example_sensors to None, run_after=None
[2022-12-30T00:09:22.260+0000] {processor.py:175} INFO - Processing /home/airflow/.local/lib/python3.7/site-packages/airflow/example_dags/example_sensors.py took 0.080 seconds
[2022-12-30T00:09:52.797+0000] {processor.py:153} INFO - Started process (PID=36351) to work on /home/airflow/.local/lib/python3.7/site-packages/airflow/example_dags/example_sensors.py
[2022-12-30T00:09:52.798+0000] {processor.py:743} INFO - Processing file /home/airflow/.local/lib/python3.7/site-packages/airflow/example_dags/example_sensors.py for tasks to queue
[2022-12-30T00:09:52.798+0000] {logging_mixin.py:137} INFO - [2022-12-30T00:09:52.798+0000] {dagbag.py:538} INFO - Filling up the DagBag from /home/airflow/.local/lib/python3.7/site-packages/airflow/example_dags/example_sensors.py
[2022-12-30T00:09:52.811+0000] {processor.py:753} INFO - DAG(s) dict_keys(['example_sensors']) retrieved from /home/airflow/.local/lib/python3.7/site-packages/airflow/example_dags/example_sensors.py
[2022-12-30T00:09:52.841+0000] {logging_mixin.py:137} INFO - [2022-12-30T00:09:52.841+0000] {dag.py:2676} INFO - Sync 1 DAGs
[2022-12-30T00:09:52.858+0000] {logging_mixin.py:137} INFO - [2022-12-30T00:09:52.858+0000] {dag.py:3427} INFO - Setting next_dagrun for example_sensors to None, run_after=None
[2022-12-30T00:09:52.872+0000] {processor.py:175} INFO - Processing /home/airflow/.local/lib/python3.7/site-packages/airflow/example_dags/example_sensors.py took 0.078 seconds
[2022-12-30T00:10:23.342+0000] {processor.py:153} INFO - Started process (PID=36433) to work on /home/airflow/.local/lib/python3.7/site-packages/airflow/example_dags/example_sensors.py
[2022-12-30T00:10:23.342+0000] {processor.py:743} INFO - Processing file /home/airflow/.local/lib/python3.7/site-packages/airflow/example_dags/example_sensors.py for tasks to queue
[2022-12-30T00:10:23.343+0000] {logging_mixin.py:137} INFO - [2022-12-30T00:10:23.343+0000] {dagbag.py:538} INFO - Filling up the DagBag from /home/airflow/.local/lib/python3.7/site-packages/airflow/example_dags/example_sensors.py
[2022-12-30T00:10:23.359+0000] {processor.py:753} INFO - DAG(s) dict_keys(['example_sensors']) retrieved from /home/airflow/.local/lib/python3.7/site-packages/airflow/example_dags/example_sensors.py
[2022-12-30T00:10:23.392+0000] {logging_mixin.py:137} INFO - [2022-12-30T00:10:23.392+0000] {dag.py:2676} INFO - Sync 1 DAGs
[2022-12-30T00:10:23.409+0000] {logging_mixin.py:137} INFO - [2022-12-30T00:10:23.409+0000] {dag.py:3427} INFO - Setting next_dagrun for example_sensors to None, run_after=None
[2022-12-30T00:10:23.420+0000] {processor.py:175} INFO - Processing /home/airflow/.local/lib/python3.7/site-packages/airflow/example_dags/example_sensors.py took 0.082 seconds
[2022-12-30T00:10:53.834+0000] {processor.py:153} INFO - Started process (PID=36535) to work on /home/airflow/.local/lib/python3.7/site-packages/airflow/example_dags/example_sensors.py
[2022-12-30T00:10:53.835+0000] {processor.py:743} INFO - Processing file /home/airflow/.local/lib/python3.7/site-packages/airflow/example_dags/example_sensors.py for tasks to queue
[2022-12-30T00:10:53.836+0000] {logging_mixin.py:137} INFO - [2022-12-30T00:10:53.836+0000] {dagbag.py:538} INFO - Filling up the DagBag from /home/airflow/.local/lib/python3.7/site-packages/airflow/example_dags/example_sensors.py
[2022-12-30T00:10:53.849+0000] {processor.py:753} INFO - DAG(s) dict_keys(['example_sensors']) retrieved from /home/airflow/.local/lib/python3.7/site-packages/airflow/example_dags/example_sensors.py
[2022-12-30T00:10:53.878+0000] {logging_mixin.py:137} INFO - [2022-12-30T00:10:53.878+0000] {dag.py:2676} INFO - Sync 1 DAGs
[2022-12-30T00:10:53.895+0000] {logging_mixin.py:137} INFO - [2022-12-30T00:10:53.895+0000] {dag.py:3427} INFO - Setting next_dagrun for example_sensors to None, run_after=None
[2022-12-30T00:10:53.907+0000] {processor.py:175} INFO - Processing /home/airflow/.local/lib/python3.7/site-packages/airflow/example_dags/example_sensors.py took 0.076 seconds
[2022-12-30T00:11:24.324+0000] {processor.py:153} INFO - Started process (PID=36617) to work on /home/airflow/.local/lib/python3.7/site-packages/airflow/example_dags/example_sensors.py
[2022-12-30T00:11:24.325+0000] {processor.py:743} INFO - Processing file /home/airflow/.local/lib/python3.7/site-packages/airflow/example_dags/example_sensors.py for tasks to queue
[2022-12-30T00:11:24.325+0000] {logging_mixin.py:137} INFO - [2022-12-30T00:11:24.325+0000] {dagbag.py:538} INFO - Filling up the DagBag from /home/airflow/.local/lib/python3.7/site-packages/airflow/example_dags/example_sensors.py
[2022-12-30T00:11:24.342+0000] {processor.py:753} INFO - DAG(s) dict_keys(['example_sensors']) retrieved from /home/airflow/.local/lib/python3.7/site-packages/airflow/example_dags/example_sensors.py
[2022-12-30T00:11:24.369+0000] {logging_mixin.py:137} INFO - [2022-12-30T00:11:24.369+0000] {dag.py:2676} INFO - Sync 1 DAGs
[2022-12-30T00:11:24.387+0000] {logging_mixin.py:137} INFO - [2022-12-30T00:11:24.387+0000] {dag.py:3427} INFO - Setting next_dagrun for example_sensors to None, run_after=None
[2022-12-30T00:11:24.402+0000] {processor.py:175} INFO - Processing /home/airflow/.local/lib/python3.7/site-packages/airflow/example_dags/example_sensors.py took 0.080 seconds
[2022-12-30T00:11:54.713+0000] {processor.py:153} INFO - Started process (PID=36719) to work on /home/airflow/.local/lib/python3.7/site-packages/airflow/example_dags/example_sensors.py
[2022-12-30T00:11:54.714+0000] {processor.py:743} INFO - Processing file /home/airflow/.local/lib/python3.7/site-packages/airflow/example_dags/example_sensors.py for tasks to queue
[2022-12-30T00:11:54.714+0000] {logging_mixin.py:137} INFO - [2022-12-30T00:11:54.714+0000] {dagbag.py:538} INFO - Filling up the DagBag from /home/airflow/.local/lib/python3.7/site-packages/airflow/example_dags/example_sensors.py
[2022-12-30T00:11:54.728+0000] {processor.py:753} INFO - DAG(s) dict_keys(['example_sensors']) retrieved from /home/airflow/.local/lib/python3.7/site-packages/airflow/example_dags/example_sensors.py
[2022-12-30T00:11:54.757+0000] {logging_mixin.py:137} INFO - [2022-12-30T00:11:54.756+0000] {dag.py:2676} INFO - Sync 1 DAGs
[2022-12-30T00:11:54.774+0000] {logging_mixin.py:137} INFO - [2022-12-30T00:11:54.774+0000] {dag.py:3427} INFO - Setting next_dagrun for example_sensors to None, run_after=None
[2022-12-30T00:11:54.786+0000] {processor.py:175} INFO - Processing /home/airflow/.local/lib/python3.7/site-packages/airflow/example_dags/example_sensors.py took 0.076 seconds
[2022-12-30T00:12:25.202+0000] {processor.py:153} INFO - Started process (PID=36821) to work on /home/airflow/.local/lib/python3.7/site-packages/airflow/example_dags/example_sensors.py
[2022-12-30T00:12:25.203+0000] {processor.py:743} INFO - Processing file /home/airflow/.local/lib/python3.7/site-packages/airflow/example_dags/example_sensors.py for tasks to queue
[2022-12-30T00:12:25.204+0000] {logging_mixin.py:137} INFO - [2022-12-30T00:12:25.204+0000] {dagbag.py:538} INFO - Filling up the DagBag from /home/airflow/.local/lib/python3.7/site-packages/airflow/example_dags/example_sensors.py
[2022-12-30T00:12:25.219+0000] {processor.py:753} INFO - DAG(s) dict_keys(['example_sensors']) retrieved from /home/airflow/.local/lib/python3.7/site-packages/airflow/example_dags/example_sensors.py
[2022-12-30T00:12:25.254+0000] {logging_mixin.py:137} INFO - [2022-12-30T00:12:25.254+0000] {dag.py:2676} INFO - Sync 1 DAGs
[2022-12-30T00:12:25.274+0000] {logging_mixin.py:137} INFO - [2022-12-30T00:12:25.273+0000] {dag.py:3427} INFO - Setting next_dagrun for example_sensors to None, run_after=None
[2022-12-30T00:12:25.286+0000] {processor.py:175} INFO - Processing /home/airflow/.local/lib/python3.7/site-packages/airflow/example_dags/example_sensors.py took 0.087 seconds
[2022-12-30T00:12:55.684+0000] {processor.py:153} INFO - Started process (PID=36903) to work on /home/airflow/.local/lib/python3.7/site-packages/airflow/example_dags/example_sensors.py
[2022-12-30T00:12:55.685+0000] {processor.py:743} INFO - Processing file /home/airflow/.local/lib/python3.7/site-packages/airflow/example_dags/example_sensors.py for tasks to queue
[2022-12-30T00:12:55.685+0000] {logging_mixin.py:137} INFO - [2022-12-30T00:12:55.685+0000] {dagbag.py:538} INFO - Filling up the DagBag from /home/airflow/.local/lib/python3.7/site-packages/airflow/example_dags/example_sensors.py
[2022-12-30T00:12:55.702+0000] {processor.py:753} INFO - DAG(s) dict_keys(['example_sensors']) retrieved from /home/airflow/.local/lib/python3.7/site-packages/airflow/example_dags/example_sensors.py
[2022-12-30T00:12:55.730+0000] {logging_mixin.py:137} INFO - [2022-12-30T00:12:55.730+0000] {dag.py:2676} INFO - Sync 1 DAGs
[2022-12-30T00:12:55.748+0000] {logging_mixin.py:137} INFO - [2022-12-30T00:12:55.748+0000] {dag.py:3427} INFO - Setting next_dagrun for example_sensors to None, run_after=None
[2022-12-30T00:12:55.761+0000] {processor.py:175} INFO - Processing /home/airflow/.local/lib/python3.7/site-packages/airflow/example_dags/example_sensors.py took 0.080 seconds
[2022-12-30T00:13:26.071+0000] {processor.py:153} INFO - Started process (PID=37005) to work on /home/airflow/.local/lib/python3.7/site-packages/airflow/example_dags/example_sensors.py
[2022-12-30T00:13:26.071+0000] {processor.py:743} INFO - Processing file /home/airflow/.local/lib/python3.7/site-packages/airflow/example_dags/example_sensors.py for tasks to queue
[2022-12-30T00:13:26.072+0000] {logging_mixin.py:137} INFO - [2022-12-30T00:13:26.072+0000] {dagbag.py:538} INFO - Filling up the DagBag from /home/airflow/.local/lib/python3.7/site-packages/airflow/example_dags/example_sensors.py
[2022-12-30T00:13:26.087+0000] {processor.py:753} INFO - DAG(s) dict_keys(['example_sensors']) retrieved from /home/airflow/.local/lib/python3.7/site-packages/airflow/example_dags/example_sensors.py
[2022-12-30T00:13:26.118+0000] {logging_mixin.py:137} INFO - [2022-12-30T00:13:26.118+0000] {dag.py:2676} INFO - Sync 1 DAGs
[2022-12-30T00:13:26.140+0000] {logging_mixin.py:137} INFO - [2022-12-30T00:13:26.140+0000] {dag.py:3427} INFO - Setting next_dagrun for example_sensors to None, run_after=None
[2022-12-30T00:13:26.158+0000] {processor.py:175} INFO - Processing /home/airflow/.local/lib/python3.7/site-packages/airflow/example_dags/example_sensors.py took 0.090 seconds
[2022-12-30T00:13:56.422+0000] {processor.py:153} INFO - Started process (PID=37087) to work on /home/airflow/.local/lib/python3.7/site-packages/airflow/example_dags/example_sensors.py
[2022-12-30T00:13:56.423+0000] {processor.py:743} INFO - Processing file /home/airflow/.local/lib/python3.7/site-packages/airflow/example_dags/example_sensors.py for tasks to queue
[2022-12-30T00:13:56.423+0000] {logging_mixin.py:137} INFO - [2022-12-30T00:13:56.423+0000] {dagbag.py:538} INFO - Filling up the DagBag from /home/airflow/.local/lib/python3.7/site-packages/airflow/example_dags/example_sensors.py
[2022-12-30T00:13:56.438+0000] {processor.py:753} INFO - DAG(s) dict_keys(['example_sensors']) retrieved from /home/airflow/.local/lib/python3.7/site-packages/airflow/example_dags/example_sensors.py
[2022-12-30T00:13:56.471+0000] {logging_mixin.py:137} INFO - [2022-12-30T00:13:56.471+0000] {dag.py:2676} INFO - Sync 1 DAGs
[2022-12-30T00:13:56.488+0000] {logging_mixin.py:137} INFO - [2022-12-30T00:13:56.488+0000] {dag.py:3427} INFO - Setting next_dagrun for example_sensors to None, run_after=None
[2022-12-30T00:13:56.500+0000] {processor.py:175} INFO - Processing /home/airflow/.local/lib/python3.7/site-packages/airflow/example_dags/example_sensors.py took 0.080 seconds
[2022-12-30T00:14:27.038+0000] {processor.py:153} INFO - Started process (PID=37189) to work on /home/airflow/.local/lib/python3.7/site-packages/airflow/example_dags/example_sensors.py
[2022-12-30T00:14:27.039+0000] {processor.py:743} INFO - Processing file /home/airflow/.local/lib/python3.7/site-packages/airflow/example_dags/example_sensors.py for tasks to queue
[2022-12-30T00:14:27.039+0000] {logging_mixin.py:137} INFO - [2022-12-30T00:14:27.039+0000] {dagbag.py:538} INFO - Filling up the DagBag from /home/airflow/.local/lib/python3.7/site-packages/airflow/example_dags/example_sensors.py
[2022-12-30T00:14:27.059+0000] {processor.py:753} INFO - DAG(s) dict_keys(['example_sensors']) retrieved from /home/airflow/.local/lib/python3.7/site-packages/airflow/example_dags/example_sensors.py
[2022-12-30T00:14:27.092+0000] {logging_mixin.py:137} INFO - [2022-12-30T00:14:27.092+0000] {dag.py:2676} INFO - Sync 1 DAGs
[2022-12-30T00:14:27.112+0000] {logging_mixin.py:137} INFO - [2022-12-30T00:14:27.111+0000] {dag.py:3427} INFO - Setting next_dagrun for example_sensors to None, run_after=None
[2022-12-30T00:14:27.125+0000] {processor.py:175} INFO - Processing /home/airflow/.local/lib/python3.7/site-packages/airflow/example_dags/example_sensors.py took 0.090 seconds
[2022-12-30T00:14:57.466+0000] {processor.py:153} INFO - Started process (PID=37277) to work on /home/airflow/.local/lib/python3.7/site-packages/airflow/example_dags/example_sensors.py
[2022-12-30T00:14:57.467+0000] {processor.py:743} INFO - Processing file /home/airflow/.local/lib/python3.7/site-packages/airflow/example_dags/example_sensors.py for tasks to queue
[2022-12-30T00:14:57.467+0000] {logging_mixin.py:137} INFO - [2022-12-30T00:14:57.467+0000] {dagbag.py:538} INFO - Filling up the DagBag from /home/airflow/.local/lib/python3.7/site-packages/airflow/example_dags/example_sensors.py
[2022-12-30T00:14:57.483+0000] {processor.py:753} INFO - DAG(s) dict_keys(['example_sensors']) retrieved from /home/airflow/.local/lib/python3.7/site-packages/airflow/example_dags/example_sensors.py
[2022-12-30T00:14:57.520+0000] {logging_mixin.py:137} INFO - [2022-12-30T00:14:57.520+0000] {dag.py:2676} INFO - Sync 1 DAGs
[2022-12-30T00:14:57.547+0000] {logging_mixin.py:137} INFO - [2022-12-30T00:14:57.547+0000] {dag.py:3427} INFO - Setting next_dagrun for example_sensors to None, run_after=None
[2022-12-30T00:14:57.564+0000] {processor.py:175} INFO - Processing /home/airflow/.local/lib/python3.7/site-packages/airflow/example_dags/example_sensors.py took 0.100 seconds
[2022-12-30T00:15:27.831+0000] {processor.py:153} INFO - Started process (PID=37373) to work on /home/airflow/.local/lib/python3.7/site-packages/airflow/example_dags/example_sensors.py
[2022-12-30T00:15:27.832+0000] {processor.py:743} INFO - Processing file /home/airflow/.local/lib/python3.7/site-packages/airflow/example_dags/example_sensors.py for tasks to queue
[2022-12-30T00:15:27.832+0000] {logging_mixin.py:137} INFO - [2022-12-30T00:15:27.832+0000] {dagbag.py:538} INFO - Filling up the DagBag from /home/airflow/.local/lib/python3.7/site-packages/airflow/example_dags/example_sensors.py
[2022-12-30T00:15:27.849+0000] {processor.py:753} INFO - DAG(s) dict_keys(['example_sensors']) retrieved from /home/airflow/.local/lib/python3.7/site-packages/airflow/example_dags/example_sensors.py
[2022-12-30T00:15:27.876+0000] {logging_mixin.py:137} INFO - [2022-12-30T00:15:27.876+0000] {dag.py:2676} INFO - Sync 1 DAGs
[2022-12-30T00:15:27.894+0000] {logging_mixin.py:137} INFO - [2022-12-30T00:15:27.894+0000] {dag.py:3427} INFO - Setting next_dagrun for example_sensors to None, run_after=None
[2022-12-30T00:15:27.907+0000] {processor.py:175} INFO - Processing /home/airflow/.local/lib/python3.7/site-packages/airflow/example_dags/example_sensors.py took 0.077 seconds
[2022-12-30T00:15:58.726+0000] {processor.py:153} INFO - Started process (PID=37475) to work on /home/airflow/.local/lib/python3.7/site-packages/airflow/example_dags/example_sensors.py
[2022-12-30T00:15:58.726+0000] {processor.py:743} INFO - Processing file /home/airflow/.local/lib/python3.7/site-packages/airflow/example_dags/example_sensors.py for tasks to queue
[2022-12-30T00:15:58.726+0000] {logging_mixin.py:137} INFO - [2022-12-30T00:15:58.726+0000] {dagbag.py:538} INFO - Filling up the DagBag from /home/airflow/.local/lib/python3.7/site-packages/airflow/example_dags/example_sensors.py
[2022-12-30T00:15:58.740+0000] {processor.py:753} INFO - DAG(s) dict_keys(['example_sensors']) retrieved from /home/airflow/.local/lib/python3.7/site-packages/airflow/example_dags/example_sensors.py
[2022-12-30T00:15:58.777+0000] {logging_mixin.py:137} INFO - [2022-12-30T00:15:58.777+0000] {dag.py:2676} INFO - Sync 1 DAGs
[2022-12-30T00:15:58.795+0000] {logging_mixin.py:137} INFO - [2022-12-30T00:15:58.795+0000] {dag.py:3427} INFO - Setting next_dagrun for example_sensors to None, run_after=None
[2022-12-30T00:15:58.807+0000] {processor.py:175} INFO - Processing /home/airflow/.local/lib/python3.7/site-packages/airflow/example_dags/example_sensors.py took 0.083 seconds
[2022-12-30T00:16:29.164+0000] {processor.py:153} INFO - Started process (PID=37557) to work on /home/airflow/.local/lib/python3.7/site-packages/airflow/example_dags/example_sensors.py
[2022-12-30T00:16:29.165+0000] {processor.py:743} INFO - Processing file /home/airflow/.local/lib/python3.7/site-packages/airflow/example_dags/example_sensors.py for tasks to queue
[2022-12-30T00:16:29.166+0000] {logging_mixin.py:137} INFO - [2022-12-30T00:16:29.165+0000] {dagbag.py:538} INFO - Filling up the DagBag from /home/airflow/.local/lib/python3.7/site-packages/airflow/example_dags/example_sensors.py
[2022-12-30T00:16:29.180+0000] {processor.py:753} INFO - DAG(s) dict_keys(['example_sensors']) retrieved from /home/airflow/.local/lib/python3.7/site-packages/airflow/example_dags/example_sensors.py
[2022-12-30T00:16:29.215+0000] {logging_mixin.py:137} INFO - [2022-12-30T00:16:29.215+0000] {dag.py:2676} INFO - Sync 1 DAGs
[2022-12-30T00:16:29.239+0000] {logging_mixin.py:137} INFO - [2022-12-30T00:16:29.239+0000] {dag.py:3427} INFO - Setting next_dagrun for example_sensors to None, run_after=None
[2022-12-30T00:16:29.251+0000] {processor.py:175} INFO - Processing /home/airflow/.local/lib/python3.7/site-packages/airflow/example_dags/example_sensors.py took 0.089 seconds
[2022-12-30T00:16:59.668+0000] {processor.py:153} INFO - Started process (PID=37659) to work on /home/airflow/.local/lib/python3.7/site-packages/airflow/example_dags/example_sensors.py
[2022-12-30T00:16:59.669+0000] {processor.py:743} INFO - Processing file /home/airflow/.local/lib/python3.7/site-packages/airflow/example_dags/example_sensors.py for tasks to queue
[2022-12-30T00:16:59.669+0000] {logging_mixin.py:137} INFO - [2022-12-30T00:16:59.669+0000] {dagbag.py:538} INFO - Filling up the DagBag from /home/airflow/.local/lib/python3.7/site-packages/airflow/example_dags/example_sensors.py
[2022-12-30T00:16:59.684+0000] {processor.py:753} INFO - DAG(s) dict_keys(['example_sensors']) retrieved from /home/airflow/.local/lib/python3.7/site-packages/airflow/example_dags/example_sensors.py
[2022-12-30T00:16:59.714+0000] {logging_mixin.py:137} INFO - [2022-12-30T00:16:59.713+0000] {dag.py:2676} INFO - Sync 1 DAGs
[2022-12-30T00:16:59.731+0000] {logging_mixin.py:137} INFO - [2022-12-30T00:16:59.731+0000] {dag.py:3427} INFO - Setting next_dagrun for example_sensors to None, run_after=None
[2022-12-30T00:16:59.742+0000] {processor.py:175} INFO - Processing /home/airflow/.local/lib/python3.7/site-packages/airflow/example_dags/example_sensors.py took 0.077 seconds
[2022-12-30T00:17:30.341+0000] {processor.py:153} INFO - Started process (PID=37741) to work on /home/airflow/.local/lib/python3.7/site-packages/airflow/example_dags/example_sensors.py
[2022-12-30T00:17:30.342+0000] {processor.py:743} INFO - Processing file /home/airflow/.local/lib/python3.7/site-packages/airflow/example_dags/example_sensors.py for tasks to queue
[2022-12-30T00:17:30.343+0000] {logging_mixin.py:137} INFO - [2022-12-30T00:17:30.343+0000] {dagbag.py:538} INFO - Filling up the DagBag from /home/airflow/.local/lib/python3.7/site-packages/airflow/example_dags/example_sensors.py
[2022-12-30T00:17:30.359+0000] {processor.py:753} INFO - DAG(s) dict_keys(['example_sensors']) retrieved from /home/airflow/.local/lib/python3.7/site-packages/airflow/example_dags/example_sensors.py
[2022-12-30T00:17:30.392+0000] {logging_mixin.py:137} INFO - [2022-12-30T00:17:30.392+0000] {dag.py:2676} INFO - Sync 1 DAGs
[2022-12-30T00:17:30.412+0000] {logging_mixin.py:137} INFO - [2022-12-30T00:17:30.412+0000] {dag.py:3427} INFO - Setting next_dagrun for example_sensors to None, run_after=None
[2022-12-30T00:17:30.423+0000] {processor.py:175} INFO - Processing /home/airflow/.local/lib/python3.7/site-packages/airflow/example_dags/example_sensors.py took 0.085 seconds
[2022-12-30T00:18:00.781+0000] {processor.py:153} INFO - Started process (PID=37844) to work on /home/airflow/.local/lib/python3.7/site-packages/airflow/example_dags/example_sensors.py
[2022-12-30T00:18:00.782+0000] {processor.py:743} INFO - Processing file /home/airflow/.local/lib/python3.7/site-packages/airflow/example_dags/example_sensors.py for tasks to queue
[2022-12-30T00:18:00.782+0000] {logging_mixin.py:137} INFO - [2022-12-30T00:18:00.782+0000] {dagbag.py:538} INFO - Filling up the DagBag from /home/airflow/.local/lib/python3.7/site-packages/airflow/example_dags/example_sensors.py
[2022-12-30T00:18:00.797+0000] {processor.py:753} INFO - DAG(s) dict_keys(['example_sensors']) retrieved from /home/airflow/.local/lib/python3.7/site-packages/airflow/example_dags/example_sensors.py
[2022-12-30T00:18:00.828+0000] {logging_mixin.py:137} INFO - [2022-12-30T00:18:00.828+0000] {dag.py:2676} INFO - Sync 1 DAGs
[2022-12-30T00:18:00.849+0000] {logging_mixin.py:137} INFO - [2022-12-30T00:18:00.849+0000] {dag.py:3427} INFO - Setting next_dagrun for example_sensors to None, run_after=None
[2022-12-30T00:18:00.862+0000] {processor.py:175} INFO - Processing /home/airflow/.local/lib/python3.7/site-packages/airflow/example_dags/example_sensors.py took 0.084 seconds
[2022-12-30T00:18:31.231+0000] {processor.py:153} INFO - Started process (PID=37927) to work on /home/airflow/.local/lib/python3.7/site-packages/airflow/example_dags/example_sensors.py
[2022-12-30T00:18:31.232+0000] {processor.py:743} INFO - Processing file /home/airflow/.local/lib/python3.7/site-packages/airflow/example_dags/example_sensors.py for tasks to queue
[2022-12-30T00:18:31.233+0000] {logging_mixin.py:137} INFO - [2022-12-30T00:18:31.233+0000] {dagbag.py:538} INFO - Filling up the DagBag from /home/airflow/.local/lib/python3.7/site-packages/airflow/example_dags/example_sensors.py
[2022-12-30T00:18:31.247+0000] {processor.py:753} INFO - DAG(s) dict_keys(['example_sensors']) retrieved from /home/airflow/.local/lib/python3.7/site-packages/airflow/example_dags/example_sensors.py
[2022-12-30T00:18:31.280+0000] {logging_mixin.py:137} INFO - [2022-12-30T00:18:31.280+0000] {dag.py:2676} INFO - Sync 1 DAGs
[2022-12-30T00:18:31.299+0000] {logging_mixin.py:137} INFO - [2022-12-30T00:18:31.299+0000] {dag.py:3427} INFO - Setting next_dagrun for example_sensors to None, run_after=None
[2022-12-30T00:18:31.313+0000] {processor.py:175} INFO - Processing /home/airflow/.local/lib/python3.7/site-packages/airflow/example_dags/example_sensors.py took 0.086 seconds
[2022-12-30T00:19:01.800+0000] {processor.py:153} INFO - Started process (PID=38029) to work on /home/airflow/.local/lib/python3.7/site-packages/airflow/example_dags/example_sensors.py
[2022-12-30T00:19:01.800+0000] {processor.py:743} INFO - Processing file /home/airflow/.local/lib/python3.7/site-packages/airflow/example_dags/example_sensors.py for tasks to queue
[2022-12-30T00:19:01.801+0000] {logging_mixin.py:137} INFO - [2022-12-30T00:19:01.801+0000] {dagbag.py:538} INFO - Filling up the DagBag from /home/airflow/.local/lib/python3.7/site-packages/airflow/example_dags/example_sensors.py
[2022-12-30T00:19:01.814+0000] {processor.py:753} INFO - DAG(s) dict_keys(['example_sensors']) retrieved from /home/airflow/.local/lib/python3.7/site-packages/airflow/example_dags/example_sensors.py
[2022-12-30T00:19:01.840+0000] {logging_mixin.py:137} INFO - [2022-12-30T00:19:01.840+0000] {dag.py:2676} INFO - Sync 1 DAGs
[2022-12-30T00:19:01.859+0000] {logging_mixin.py:137} INFO - [2022-12-30T00:19:01.858+0000] {dag.py:3427} INFO - Setting next_dagrun for example_sensors to None, run_after=None
[2022-12-30T00:19:01.871+0000] {processor.py:175} INFO - Processing /home/airflow/.local/lib/python3.7/site-packages/airflow/example_dags/example_sensors.py took 0.074 seconds
[2022-12-30T00:19:32.557+0000] {processor.py:153} INFO - Started process (PID=38131) to work on /home/airflow/.local/lib/python3.7/site-packages/airflow/example_dags/example_sensors.py
[2022-12-30T00:19:32.558+0000] {processor.py:743} INFO - Processing file /home/airflow/.local/lib/python3.7/site-packages/airflow/example_dags/example_sensors.py for tasks to queue
[2022-12-30T00:19:32.559+0000] {logging_mixin.py:137} INFO - [2022-12-30T00:19:32.559+0000] {dagbag.py:538} INFO - Filling up the DagBag from /home/airflow/.local/lib/python3.7/site-packages/airflow/example_dags/example_sensors.py
[2022-12-30T00:19:32.576+0000] {processor.py:753} INFO - DAG(s) dict_keys(['example_sensors']) retrieved from /home/airflow/.local/lib/python3.7/site-packages/airflow/example_dags/example_sensors.py
[2022-12-30T00:19:32.608+0000] {logging_mixin.py:137} INFO - [2022-12-30T00:19:32.608+0000] {dag.py:2676} INFO - Sync 1 DAGs
[2022-12-30T00:19:32.629+0000] {logging_mixin.py:137} INFO - [2022-12-30T00:19:32.629+0000] {dag.py:3427} INFO - Setting next_dagrun for example_sensors to None, run_after=None
[2022-12-30T00:19:32.643+0000] {processor.py:175} INFO - Processing /home/airflow/.local/lib/python3.7/site-packages/airflow/example_dags/example_sensors.py took 0.087 seconds
[2022-12-30T00:20:03.274+0000] {processor.py:153} INFO - Started process (PID=38213) to work on /home/airflow/.local/lib/python3.7/site-packages/airflow/example_dags/example_sensors.py
[2022-12-30T00:20:03.274+0000] {processor.py:743} INFO - Processing file /home/airflow/.local/lib/python3.7/site-packages/airflow/example_dags/example_sensors.py for tasks to queue
[2022-12-30T00:20:03.275+0000] {logging_mixin.py:137} INFO - [2022-12-30T00:20:03.275+0000] {dagbag.py:538} INFO - Filling up the DagBag from /home/airflow/.local/lib/python3.7/site-packages/airflow/example_dags/example_sensors.py
[2022-12-30T00:20:03.290+0000] {processor.py:753} INFO - DAG(s) dict_keys(['example_sensors']) retrieved from /home/airflow/.local/lib/python3.7/site-packages/airflow/example_dags/example_sensors.py
[2022-12-30T00:20:03.324+0000] {logging_mixin.py:137} INFO - [2022-12-30T00:20:03.324+0000] {dag.py:2676} INFO - Sync 1 DAGs
[2022-12-30T00:20:03.341+0000] {logging_mixin.py:137} INFO - [2022-12-30T00:20:03.341+0000] {dag.py:3427} INFO - Setting next_dagrun for example_sensors to None, run_after=None
[2022-12-30T00:20:03.352+0000] {processor.py:175} INFO - Processing /home/airflow/.local/lib/python3.7/site-packages/airflow/example_dags/example_sensors.py took 0.081 seconds
[2022-12-30T00:20:34.063+0000] {processor.py:153} INFO - Started process (PID=38315) to work on /home/airflow/.local/lib/python3.7/site-packages/airflow/example_dags/example_sensors.py
[2022-12-30T00:20:34.064+0000] {processor.py:743} INFO - Processing file /home/airflow/.local/lib/python3.7/site-packages/airflow/example_dags/example_sensors.py for tasks to queue
[2022-12-30T00:20:34.065+0000] {logging_mixin.py:137} INFO - [2022-12-30T00:20:34.065+0000] {dagbag.py:538} INFO - Filling up the DagBag from /home/airflow/.local/lib/python3.7/site-packages/airflow/example_dags/example_sensors.py
[2022-12-30T00:20:34.078+0000] {processor.py:753} INFO - DAG(s) dict_keys(['example_sensors']) retrieved from /home/airflow/.local/lib/python3.7/site-packages/airflow/example_dags/example_sensors.py
[2022-12-30T00:20:34.107+0000] {logging_mixin.py:137} INFO - [2022-12-30T00:20:34.106+0000] {dag.py:2676} INFO - Sync 1 DAGs
[2022-12-30T00:20:34.125+0000] {logging_mixin.py:137} INFO - [2022-12-30T00:20:34.124+0000] {dag.py:3427} INFO - Setting next_dagrun for example_sensors to None, run_after=None
[2022-12-30T00:20:34.138+0000] {processor.py:175} INFO - Processing /home/airflow/.local/lib/python3.7/site-packages/airflow/example_dags/example_sensors.py took 0.078 seconds
[2022-12-30T00:21:04.470+0000] {processor.py:153} INFO - Started process (PID=38398) to work on /home/airflow/.local/lib/python3.7/site-packages/airflow/example_dags/example_sensors.py
[2022-12-30T00:21:04.471+0000] {processor.py:743} INFO - Processing file /home/airflow/.local/lib/python3.7/site-packages/airflow/example_dags/example_sensors.py for tasks to queue
[2022-12-30T00:21:04.471+0000] {logging_mixin.py:137} INFO - [2022-12-30T00:21:04.471+0000] {dagbag.py:538} INFO - Filling up the DagBag from /home/airflow/.local/lib/python3.7/site-packages/airflow/example_dags/example_sensors.py
[2022-12-30T00:21:04.488+0000] {processor.py:753} INFO - DAG(s) dict_keys(['example_sensors']) retrieved from /home/airflow/.local/lib/python3.7/site-packages/airflow/example_dags/example_sensors.py
[2022-12-30T00:21:04.520+0000] {logging_mixin.py:137} INFO - [2022-12-30T00:21:04.520+0000] {dag.py:2676} INFO - Sync 1 DAGs
[2022-12-30T00:21:04.541+0000] {logging_mixin.py:137} INFO - [2022-12-30T00:21:04.540+0000] {dag.py:3427} INFO - Setting next_dagrun for example_sensors to None, run_after=None
[2022-12-30T00:21:04.554+0000] {processor.py:175} INFO - Processing /home/airflow/.local/lib/python3.7/site-packages/airflow/example_dags/example_sensors.py took 0.088 seconds
[2022-12-30T00:21:35.343+0000] {processor.py:153} INFO - Started process (PID=38501) to work on /home/airflow/.local/lib/python3.7/site-packages/airflow/example_dags/example_sensors.py
[2022-12-30T00:21:35.344+0000] {processor.py:743} INFO - Processing file /home/airflow/.local/lib/python3.7/site-packages/airflow/example_dags/example_sensors.py for tasks to queue
[2022-12-30T00:21:35.345+0000] {logging_mixin.py:137} INFO - [2022-12-30T00:21:35.344+0000] {dagbag.py:538} INFO - Filling up the DagBag from /home/airflow/.local/lib/python3.7/site-packages/airflow/example_dags/example_sensors.py
[2022-12-30T00:21:35.361+0000] {processor.py:753} INFO - DAG(s) dict_keys(['example_sensors']) retrieved from /home/airflow/.local/lib/python3.7/site-packages/airflow/example_dags/example_sensors.py
[2022-12-30T00:21:35.392+0000] {logging_mixin.py:137} INFO - [2022-12-30T00:21:35.391+0000] {dag.py:2676} INFO - Sync 1 DAGs
[2022-12-30T00:21:35.415+0000] {logging_mixin.py:137} INFO - [2022-12-30T00:21:35.415+0000] {dag.py:3427} INFO - Setting next_dagrun for example_sensors to None, run_after=None
[2022-12-30T00:21:35.429+0000] {processor.py:175} INFO - Processing /home/airflow/.local/lib/python3.7/site-packages/airflow/example_dags/example_sensors.py took 0.090 seconds
[2022-12-30T00:22:05.618+0000] {processor.py:153} INFO - Started process (PID=38583) to work on /home/airflow/.local/lib/python3.7/site-packages/airflow/example_dags/example_sensors.py
[2022-12-30T00:22:05.618+0000] {processor.py:743} INFO - Processing file /home/airflow/.local/lib/python3.7/site-packages/airflow/example_dags/example_sensors.py for tasks to queue
[2022-12-30T00:22:05.619+0000] {logging_mixin.py:137} INFO - [2022-12-30T00:22:05.619+0000] {dagbag.py:538} INFO - Filling up the DagBag from /home/airflow/.local/lib/python3.7/site-packages/airflow/example_dags/example_sensors.py
[2022-12-30T00:22:05.635+0000] {processor.py:753} INFO - DAG(s) dict_keys(['example_sensors']) retrieved from /home/airflow/.local/lib/python3.7/site-packages/airflow/example_dags/example_sensors.py
[2022-12-30T00:22:05.667+0000] {logging_mixin.py:137} INFO - [2022-12-30T00:22:05.667+0000] {dag.py:2676} INFO - Sync 1 DAGs
[2022-12-30T00:22:05.689+0000] {logging_mixin.py:137} INFO - [2022-12-30T00:22:05.688+0000] {dag.py:3427} INFO - Setting next_dagrun for example_sensors to None, run_after=None
[2022-12-30T00:22:05.703+0000] {processor.py:175} INFO - Processing /home/airflow/.local/lib/python3.7/site-packages/airflow/example_dags/example_sensors.py took 0.088 seconds
[2022-12-30T00:22:36.141+0000] {processor.py:153} INFO - Started process (PID=38685) to work on /home/airflow/.local/lib/python3.7/site-packages/airflow/example_dags/example_sensors.py
[2022-12-30T00:22:36.141+0000] {processor.py:743} INFO - Processing file /home/airflow/.local/lib/python3.7/site-packages/airflow/example_dags/example_sensors.py for tasks to queue
[2022-12-30T00:22:36.142+0000] {logging_mixin.py:137} INFO - [2022-12-30T00:22:36.142+0000] {dagbag.py:538} INFO - Filling up the DagBag from /home/airflow/.local/lib/python3.7/site-packages/airflow/example_dags/example_sensors.py
[2022-12-30T00:22:36.156+0000] {processor.py:753} INFO - DAG(s) dict_keys(['example_sensors']) retrieved from /home/airflow/.local/lib/python3.7/site-packages/airflow/example_dags/example_sensors.py
[2022-12-30T00:22:36.189+0000] {logging_mixin.py:137} INFO - [2022-12-30T00:22:36.189+0000] {dag.py:2676} INFO - Sync 1 DAGs
[2022-12-30T00:22:36.209+0000] {logging_mixin.py:137} INFO - [2022-12-30T00:22:36.208+0000] {dag.py:3427} INFO - Setting next_dagrun for example_sensors to None, run_after=None
[2022-12-30T00:22:36.221+0000] {processor.py:175} INFO - Processing /home/airflow/.local/lib/python3.7/site-packages/airflow/example_dags/example_sensors.py took 0.082 seconds
[2022-12-30T00:23:07.106+0000] {processor.py:153} INFO - Started process (PID=38787) to work on /home/airflow/.local/lib/python3.7/site-packages/airflow/example_dags/example_sensors.py
[2022-12-30T00:23:07.106+0000] {processor.py:743} INFO - Processing file /home/airflow/.local/lib/python3.7/site-packages/airflow/example_dags/example_sensors.py for tasks to queue
[2022-12-30T00:23:07.107+0000] {logging_mixin.py:137} INFO - [2022-12-30T00:23:07.107+0000] {dagbag.py:538} INFO - Filling up the DagBag from /home/airflow/.local/lib/python3.7/site-packages/airflow/example_dags/example_sensors.py
[2022-12-30T00:23:07.124+0000] {processor.py:753} INFO - DAG(s) dict_keys(['example_sensors']) retrieved from /home/airflow/.local/lib/python3.7/site-packages/airflow/example_dags/example_sensors.py
[2022-12-30T00:23:07.161+0000] {logging_mixin.py:137} INFO - [2022-12-30T00:23:07.161+0000] {dag.py:2676} INFO - Sync 1 DAGs
[2022-12-30T00:23:07.190+0000] {logging_mixin.py:137} INFO - [2022-12-30T00:23:07.189+0000] {dag.py:3427} INFO - Setting next_dagrun for example_sensors to None, run_after=None
[2022-12-30T00:23:07.202+0000] {processor.py:175} INFO - Processing /home/airflow/.local/lib/python3.7/site-packages/airflow/example_dags/example_sensors.py took 0.099 seconds
[2022-12-30T00:23:37.881+0000] {processor.py:153} INFO - Started process (PID=38869) to work on /home/airflow/.local/lib/python3.7/site-packages/airflow/example_dags/example_sensors.py
[2022-12-30T00:23:37.881+0000] {processor.py:743} INFO - Processing file /home/airflow/.local/lib/python3.7/site-packages/airflow/example_dags/example_sensors.py for tasks to queue
[2022-12-30T00:23:37.882+0000] {logging_mixin.py:137} INFO - [2022-12-30T00:23:37.882+0000] {dagbag.py:538} INFO - Filling up the DagBag from /home/airflow/.local/lib/python3.7/site-packages/airflow/example_dags/example_sensors.py
[2022-12-30T00:23:37.898+0000] {processor.py:753} INFO - DAG(s) dict_keys(['example_sensors']) retrieved from /home/airflow/.local/lib/python3.7/site-packages/airflow/example_dags/example_sensors.py
[2022-12-30T00:23:37.930+0000] {logging_mixin.py:137} INFO - [2022-12-30T00:23:37.930+0000] {dag.py:2676} INFO - Sync 1 DAGs
[2022-12-30T00:23:37.950+0000] {logging_mixin.py:137} INFO - [2022-12-30T00:23:37.949+0000] {dag.py:3427} INFO - Setting next_dagrun for example_sensors to None, run_after=None
[2022-12-30T00:23:37.961+0000] {processor.py:175} INFO - Processing /home/airflow/.local/lib/python3.7/site-packages/airflow/example_dags/example_sensors.py took 0.083 seconds
[2022-12-30T00:24:08.384+0000] {processor.py:153} INFO - Started process (PID=38971) to work on /home/airflow/.local/lib/python3.7/site-packages/airflow/example_dags/example_sensors.py
[2022-12-30T00:24:08.385+0000] {processor.py:743} INFO - Processing file /home/airflow/.local/lib/python3.7/site-packages/airflow/example_dags/example_sensors.py for tasks to queue
[2022-12-30T00:24:08.386+0000] {logging_mixin.py:137} INFO - [2022-12-30T00:24:08.386+0000] {dagbag.py:538} INFO - Filling up the DagBag from /home/airflow/.local/lib/python3.7/site-packages/airflow/example_dags/example_sensors.py
[2022-12-30T00:24:08.400+0000] {processor.py:753} INFO - DAG(s) dict_keys(['example_sensors']) retrieved from /home/airflow/.local/lib/python3.7/site-packages/airflow/example_dags/example_sensors.py
[2022-12-30T00:24:08.430+0000] {logging_mixin.py:137} INFO - [2022-12-30T00:24:08.430+0000] {dag.py:2676} INFO - Sync 1 DAGs
[2022-12-30T00:24:08.452+0000] {logging_mixin.py:137} INFO - [2022-12-30T00:24:08.451+0000] {dag.py:3427} INFO - Setting next_dagrun for example_sensors to None, run_after=None
[2022-12-30T00:24:08.464+0000] {processor.py:175} INFO - Processing /home/airflow/.local/lib/python3.7/site-packages/airflow/example_dags/example_sensors.py took 0.082 seconds
[2022-12-30T00:24:39.473+0000] {processor.py:153} INFO - Started process (PID=39053) to work on /home/airflow/.local/lib/python3.7/site-packages/airflow/example_dags/example_sensors.py
[2022-12-30T00:24:39.474+0000] {processor.py:743} INFO - Processing file /home/airflow/.local/lib/python3.7/site-packages/airflow/example_dags/example_sensors.py for tasks to queue
[2022-12-30T00:24:39.474+0000] {logging_mixin.py:137} INFO - [2022-12-30T00:24:39.474+0000] {dagbag.py:538} INFO - Filling up the DagBag from /home/airflow/.local/lib/python3.7/site-packages/airflow/example_dags/example_sensors.py
[2022-12-30T00:24:39.490+0000] {processor.py:753} INFO - DAG(s) dict_keys(['example_sensors']) retrieved from /home/airflow/.local/lib/python3.7/site-packages/airflow/example_dags/example_sensors.py
[2022-12-30T00:24:39.522+0000] {logging_mixin.py:137} INFO - [2022-12-30T00:24:39.522+0000] {dag.py:2676} INFO - Sync 1 DAGs
[2022-12-30T00:24:39.543+0000] {logging_mixin.py:137} INFO - [2022-12-30T00:24:39.543+0000] {dag.py:3427} INFO - Setting next_dagrun for example_sensors to None, run_after=None
[2022-12-30T00:24:39.556+0000] {processor.py:175} INFO - Processing /home/airflow/.local/lib/python3.7/site-packages/airflow/example_dags/example_sensors.py took 0.085 seconds
[2022-12-30T00:25:09.889+0000] {processor.py:153} INFO - Started process (PID=39155) to work on /home/airflow/.local/lib/python3.7/site-packages/airflow/example_dags/example_sensors.py
[2022-12-30T00:25:09.889+0000] {processor.py:743} INFO - Processing file /home/airflow/.local/lib/python3.7/site-packages/airflow/example_dags/example_sensors.py for tasks to queue
[2022-12-30T00:25:09.889+0000] {logging_mixin.py:137} INFO - [2022-12-30T00:25:09.889+0000] {dagbag.py:538} INFO - Filling up the DagBag from /home/airflow/.local/lib/python3.7/site-packages/airflow/example_dags/example_sensors.py
[2022-12-30T00:25:09.904+0000] {processor.py:753} INFO - DAG(s) dict_keys(['example_sensors']) retrieved from /home/airflow/.local/lib/python3.7/site-packages/airflow/example_dags/example_sensors.py
[2022-12-30T00:25:09.934+0000] {logging_mixin.py:137} INFO - [2022-12-30T00:25:09.934+0000] {dag.py:2676} INFO - Sync 1 DAGs
[2022-12-30T00:25:09.952+0000] {logging_mixin.py:137} INFO - [2022-12-30T00:25:09.952+0000] {dag.py:3427} INFO - Setting next_dagrun for example_sensors to None, run_after=None
[2022-12-30T00:25:09.964+0000] {processor.py:175} INFO - Processing /home/airflow/.local/lib/python3.7/site-packages/airflow/example_dags/example_sensors.py took 0.079 seconds
[2022-12-30T00:25:40.545+0000] {processor.py:153} INFO - Started process (PID=39237) to work on /home/airflow/.local/lib/python3.7/site-packages/airflow/example_dags/example_sensors.py
[2022-12-30T00:25:40.545+0000] {processor.py:743} INFO - Processing file /home/airflow/.local/lib/python3.7/site-packages/airflow/example_dags/example_sensors.py for tasks to queue
[2022-12-30T00:25:40.546+0000] {logging_mixin.py:137} INFO - [2022-12-30T00:25:40.546+0000] {dagbag.py:538} INFO - Filling up the DagBag from /home/airflow/.local/lib/python3.7/site-packages/airflow/example_dags/example_sensors.py
[2022-12-30T00:25:40.563+0000] {processor.py:753} INFO - DAG(s) dict_keys(['example_sensors']) retrieved from /home/airflow/.local/lib/python3.7/site-packages/airflow/example_dags/example_sensors.py
[2022-12-30T00:25:40.592+0000] {logging_mixin.py:137} INFO - [2022-12-30T00:25:40.592+0000] {dag.py:2676} INFO - Sync 1 DAGs
[2022-12-30T00:25:40.612+0000] {logging_mixin.py:137} INFO - [2022-12-30T00:25:40.612+0000] {dag.py:3427} INFO - Setting next_dagrun for example_sensors to None, run_after=None
[2022-12-30T00:25:40.626+0000] {processor.py:175} INFO - Processing /home/airflow/.local/lib/python3.7/site-packages/airflow/example_dags/example_sensors.py took 0.084 seconds
[2022-12-30T00:26:11.070+0000] {processor.py:153} INFO - Started process (PID=39339) to work on /home/airflow/.local/lib/python3.7/site-packages/airflow/example_dags/example_sensors.py
[2022-12-30T00:26:11.071+0000] {processor.py:743} INFO - Processing file /home/airflow/.local/lib/python3.7/site-packages/airflow/example_dags/example_sensors.py for tasks to queue
[2022-12-30T00:26:11.071+0000] {logging_mixin.py:137} INFO - [2022-12-30T00:26:11.071+0000] {dagbag.py:538} INFO - Filling up the DagBag from /home/airflow/.local/lib/python3.7/site-packages/airflow/example_dags/example_sensors.py
[2022-12-30T00:26:11.085+0000] {processor.py:753} INFO - DAG(s) dict_keys(['example_sensors']) retrieved from /home/airflow/.local/lib/python3.7/site-packages/airflow/example_dags/example_sensors.py
[2022-12-30T00:26:11.115+0000] {logging_mixin.py:137} INFO - [2022-12-30T00:26:11.115+0000] {dag.py:2676} INFO - Sync 1 DAGs
[2022-12-30T00:26:11.134+0000] {logging_mixin.py:137} INFO - [2022-12-30T00:26:11.134+0000] {dag.py:3427} INFO - Setting next_dagrun for example_sensors to None, run_after=None
[2022-12-30T00:26:11.147+0000] {processor.py:175} INFO - Processing /home/airflow/.local/lib/python3.7/site-packages/airflow/example_dags/example_sensors.py took 0.079 seconds
[2022-12-30T00:26:41.746+0000] {processor.py:153} INFO - Started process (PID=39441) to work on /home/airflow/.local/lib/python3.7/site-packages/airflow/example_dags/example_sensors.py
[2022-12-30T00:26:41.747+0000] {processor.py:743} INFO - Processing file /home/airflow/.local/lib/python3.7/site-packages/airflow/example_dags/example_sensors.py for tasks to queue
[2022-12-30T00:26:41.747+0000] {logging_mixin.py:137} INFO - [2022-12-30T00:26:41.747+0000] {dagbag.py:538} INFO - Filling up the DagBag from /home/airflow/.local/lib/python3.7/site-packages/airflow/example_dags/example_sensors.py
[2022-12-30T00:26:41.761+0000] {processor.py:753} INFO - DAG(s) dict_keys(['example_sensors']) retrieved from /home/airflow/.local/lib/python3.7/site-packages/airflow/example_dags/example_sensors.py
[2022-12-30T00:26:41.794+0000] {logging_mixin.py:137} INFO - [2022-12-30T00:26:41.793+0000] {dag.py:2676} INFO - Sync 1 DAGs
[2022-12-30T00:26:41.815+0000] {logging_mixin.py:137} INFO - [2022-12-30T00:26:41.815+0000] {dag.py:3427} INFO - Setting next_dagrun for example_sensors to None, run_after=None
[2022-12-30T00:26:41.831+0000] {processor.py:175} INFO - Processing /home/airflow/.local/lib/python3.7/site-packages/airflow/example_dags/example_sensors.py took 0.089 seconds
[2022-12-30T00:27:11.899+0000] {processor.py:153} INFO - Started process (PID=39524) to work on /home/airflow/.local/lib/python3.7/site-packages/airflow/example_dags/example_sensors.py
[2022-12-30T00:27:11.900+0000] {processor.py:743} INFO - Processing file /home/airflow/.local/lib/python3.7/site-packages/airflow/example_dags/example_sensors.py for tasks to queue
[2022-12-30T00:27:11.901+0000] {logging_mixin.py:137} INFO - [2022-12-30T00:27:11.901+0000] {dagbag.py:538} INFO - Filling up the DagBag from /home/airflow/.local/lib/python3.7/site-packages/airflow/example_dags/example_sensors.py
[2022-12-30T00:27:11.915+0000] {processor.py:753} INFO - DAG(s) dict_keys(['example_sensors']) retrieved from /home/airflow/.local/lib/python3.7/site-packages/airflow/example_dags/example_sensors.py
[2022-12-30T00:27:11.951+0000] {logging_mixin.py:137} INFO - [2022-12-30T00:27:11.951+0000] {dag.py:2676} INFO - Sync 1 DAGs
[2022-12-30T00:27:11.970+0000] {logging_mixin.py:137} INFO - [2022-12-30T00:27:11.970+0000] {dag.py:3427} INFO - Setting next_dagrun for example_sensors to None, run_after=None
[2022-12-30T00:27:11.982+0000] {processor.py:175} INFO - Processing /home/airflow/.local/lib/python3.7/site-packages/airflow/example_dags/example_sensors.py took 0.085 seconds
[2022-12-30T00:27:42.516+0000] {processor.py:153} INFO - Started process (PID=39626) to work on /home/airflow/.local/lib/python3.7/site-packages/airflow/example_dags/example_sensors.py
[2022-12-30T00:27:42.516+0000] {processor.py:743} INFO - Processing file /home/airflow/.local/lib/python3.7/site-packages/airflow/example_dags/example_sensors.py for tasks to queue
[2022-12-30T00:27:42.517+0000] {logging_mixin.py:137} INFO - [2022-12-30T00:27:42.517+0000] {dagbag.py:538} INFO - Filling up the DagBag from /home/airflow/.local/lib/python3.7/site-packages/airflow/example_dags/example_sensors.py
[2022-12-30T00:27:42.531+0000] {processor.py:753} INFO - DAG(s) dict_keys(['example_sensors']) retrieved from /home/airflow/.local/lib/python3.7/site-packages/airflow/example_dags/example_sensors.py
[2022-12-30T00:27:42.560+0000] {logging_mixin.py:137} INFO - [2022-12-30T00:27:42.560+0000] {dag.py:2676} INFO - Sync 1 DAGs
[2022-12-30T00:27:42.579+0000] {logging_mixin.py:137} INFO - [2022-12-30T00:27:42.578+0000] {dag.py:3427} INFO - Setting next_dagrun for example_sensors to None, run_after=None
[2022-12-30T00:27:42.591+0000] {processor.py:175} INFO - Processing /home/airflow/.local/lib/python3.7/site-packages/airflow/example_dags/example_sensors.py took 0.078 seconds
[2022-12-30T00:28:12.666+0000] {processor.py:153} INFO - Started process (PID=39708) to work on /home/airflow/.local/lib/python3.7/site-packages/airflow/example_dags/example_sensors.py
[2022-12-30T00:28:12.667+0000] {processor.py:743} INFO - Processing file /home/airflow/.local/lib/python3.7/site-packages/airflow/example_dags/example_sensors.py for tasks to queue
[2022-12-30T00:28:12.667+0000] {logging_mixin.py:137} INFO - [2022-12-30T00:28:12.667+0000] {dagbag.py:538} INFO - Filling up the DagBag from /home/airflow/.local/lib/python3.7/site-packages/airflow/example_dags/example_sensors.py
[2022-12-30T00:28:12.682+0000] {processor.py:753} INFO - DAG(s) dict_keys(['example_sensors']) retrieved from /home/airflow/.local/lib/python3.7/site-packages/airflow/example_dags/example_sensors.py
[2022-12-30T00:28:12.709+0000] {logging_mixin.py:137} INFO - [2022-12-30T00:28:12.709+0000] {dag.py:2676} INFO - Sync 1 DAGs
[2022-12-30T00:28:12.729+0000] {logging_mixin.py:137} INFO - [2022-12-30T00:28:12.729+0000] {dag.py:3427} INFO - Setting next_dagrun for example_sensors to None, run_after=None
[2022-12-30T00:28:12.747+0000] {processor.py:175} INFO - Processing /home/airflow/.local/lib/python3.7/site-packages/airflow/example_dags/example_sensors.py took 0.083 seconds
[2022-12-30T00:28:43.438+0000] {processor.py:153} INFO - Started process (PID=39810) to work on /home/airflow/.local/lib/python3.7/site-packages/airflow/example_dags/example_sensors.py
[2022-12-30T00:28:43.439+0000] {processor.py:743} INFO - Processing file /home/airflow/.local/lib/python3.7/site-packages/airflow/example_dags/example_sensors.py for tasks to queue
[2022-12-30T00:28:43.440+0000] {logging_mixin.py:137} INFO - [2022-12-30T00:28:43.440+0000] {dagbag.py:538} INFO - Filling up the DagBag from /home/airflow/.local/lib/python3.7/site-packages/airflow/example_dags/example_sensors.py
[2022-12-30T00:28:43.456+0000] {processor.py:753} INFO - DAG(s) dict_keys(['example_sensors']) retrieved from /home/airflow/.local/lib/python3.7/site-packages/airflow/example_dags/example_sensors.py
[2022-12-30T00:28:43.489+0000] {logging_mixin.py:137} INFO - [2022-12-30T00:28:43.489+0000] {dag.py:2676} INFO - Sync 1 DAGs
[2022-12-30T00:28:43.509+0000] {logging_mixin.py:137} INFO - [2022-12-30T00:28:43.509+0000] {dag.py:3427} INFO - Setting next_dagrun for example_sensors to None, run_after=None
[2022-12-30T00:28:43.521+0000] {processor.py:175} INFO - Processing /home/airflow/.local/lib/python3.7/site-packages/airflow/example_dags/example_sensors.py took 0.085 seconds
[2022-12-30T00:29:13.663+0000] {processor.py:153} INFO - Started process (PID=39892) to work on /home/airflow/.local/lib/python3.7/site-packages/airflow/example_dags/example_sensors.py
[2022-12-30T00:29:13.664+0000] {processor.py:743} INFO - Processing file /home/airflow/.local/lib/python3.7/site-packages/airflow/example_dags/example_sensors.py for tasks to queue
[2022-12-30T00:29:13.664+0000] {logging_mixin.py:137} INFO - [2022-12-30T00:29:13.664+0000] {dagbag.py:538} INFO - Filling up the DagBag from /home/airflow/.local/lib/python3.7/site-packages/airflow/example_dags/example_sensors.py
[2022-12-30T00:29:13.680+0000] {processor.py:753} INFO - DAG(s) dict_keys(['example_sensors']) retrieved from /home/airflow/.local/lib/python3.7/site-packages/airflow/example_dags/example_sensors.py
[2022-12-30T00:29:13.710+0000] {logging_mixin.py:137} INFO - [2022-12-30T00:29:13.710+0000] {dag.py:2676} INFO - Sync 1 DAGs
[2022-12-30T00:29:13.728+0000] {logging_mixin.py:137} INFO - [2022-12-30T00:29:13.728+0000] {dag.py:3427} INFO - Setting next_dagrun for example_sensors to None, run_after=None
[2022-12-30T00:29:13.739+0000] {processor.py:175} INFO - Processing /home/airflow/.local/lib/python3.7/site-packages/airflow/example_dags/example_sensors.py took 0.079 seconds
[2022-12-30T00:29:43.860+0000] {processor.py:153} INFO - Started process (PID=39994) to work on /home/airflow/.local/lib/python3.7/site-packages/airflow/example_dags/example_sensors.py
[2022-12-30T00:29:43.860+0000] {processor.py:743} INFO - Processing file /home/airflow/.local/lib/python3.7/site-packages/airflow/example_dags/example_sensors.py for tasks to queue
[2022-12-30T00:29:43.861+0000] {logging_mixin.py:137} INFO - [2022-12-30T00:29:43.861+0000] {dagbag.py:538} INFO - Filling up the DagBag from /home/airflow/.local/lib/python3.7/site-packages/airflow/example_dags/example_sensors.py
[2022-12-30T00:29:43.875+0000] {processor.py:753} INFO - DAG(s) dict_keys(['example_sensors']) retrieved from /home/airflow/.local/lib/python3.7/site-packages/airflow/example_dags/example_sensors.py
[2022-12-30T00:29:43.909+0000] {logging_mixin.py:137} INFO - [2022-12-30T00:29:43.909+0000] {dag.py:2676} INFO - Sync 1 DAGs
[2022-12-30T00:29:43.928+0000] {logging_mixin.py:137} INFO - [2022-12-30T00:29:43.928+0000] {dag.py:3427} INFO - Setting next_dagrun for example_sensors to None, run_after=None
[2022-12-30T00:29:43.941+0000] {processor.py:175} INFO - Processing /home/airflow/.local/lib/python3.7/site-packages/airflow/example_dags/example_sensors.py took 0.085 seconds
[2022-12-30T00:30:14.397+0000] {processor.py:153} INFO - Started process (PID=40076) to work on /home/airflow/.local/lib/python3.7/site-packages/airflow/example_dags/example_sensors.py
[2022-12-30T00:30:14.397+0000] {processor.py:743} INFO - Processing file /home/airflow/.local/lib/python3.7/site-packages/airflow/example_dags/example_sensors.py for tasks to queue
[2022-12-30T00:30:14.398+0000] {logging_mixin.py:137} INFO - [2022-12-30T00:30:14.398+0000] {dagbag.py:538} INFO - Filling up the DagBag from /home/airflow/.local/lib/python3.7/site-packages/airflow/example_dags/example_sensors.py
[2022-12-30T00:30:14.413+0000] {processor.py:753} INFO - DAG(s) dict_keys(['example_sensors']) retrieved from /home/airflow/.local/lib/python3.7/site-packages/airflow/example_dags/example_sensors.py
[2022-12-30T00:30:14.448+0000] {logging_mixin.py:137} INFO - [2022-12-30T00:30:14.448+0000] {dag.py:2676} INFO - Sync 1 DAGs
[2022-12-30T00:30:14.467+0000] {logging_mixin.py:137} INFO - [2022-12-30T00:30:14.467+0000] {dag.py:3427} INFO - Setting next_dagrun for example_sensors to None, run_after=None
[2022-12-30T00:30:14.480+0000] {processor.py:175} INFO - Processing /home/airflow/.local/lib/python3.7/site-packages/airflow/example_dags/example_sensors.py took 0.086 seconds
[2022-12-30T00:30:44.930+0000] {processor.py:153} INFO - Started process (PID=40178) to work on /home/airflow/.local/lib/python3.7/site-packages/airflow/example_dags/example_sensors.py
[2022-12-30T00:30:44.931+0000] {processor.py:743} INFO - Processing file /home/airflow/.local/lib/python3.7/site-packages/airflow/example_dags/example_sensors.py for tasks to queue
[2022-12-30T00:30:44.932+0000] {logging_mixin.py:137} INFO - [2022-12-30T00:30:44.932+0000] {dagbag.py:538} INFO - Filling up the DagBag from /home/airflow/.local/lib/python3.7/site-packages/airflow/example_dags/example_sensors.py
[2022-12-30T00:30:44.946+0000] {processor.py:753} INFO - DAG(s) dict_keys(['example_sensors']) retrieved from /home/airflow/.local/lib/python3.7/site-packages/airflow/example_dags/example_sensors.py
[2022-12-30T00:30:44.980+0000] {logging_mixin.py:137} INFO - [2022-12-30T00:30:44.980+0000] {dag.py:2676} INFO - Sync 1 DAGs
[2022-12-30T00:30:45.001+0000] {logging_mixin.py:137} INFO - [2022-12-30T00:30:45.001+0000] {dag.py:3427} INFO - Setting next_dagrun for example_sensors to None, run_after=None
[2022-12-30T00:30:45.014+0000] {processor.py:175} INFO - Processing /home/airflow/.local/lib/python3.7/site-packages/airflow/example_dags/example_sensors.py took 0.087 seconds
[2022-12-30T00:31:15.414+0000] {processor.py:153} INFO - Started process (PID=40260) to work on /home/airflow/.local/lib/python3.7/site-packages/airflow/example_dags/example_sensors.py
[2022-12-30T00:31:15.414+0000] {processor.py:743} INFO - Processing file /home/airflow/.local/lib/python3.7/site-packages/airflow/example_dags/example_sensors.py for tasks to queue
[2022-12-30T00:31:15.415+0000] {logging_mixin.py:137} INFO - [2022-12-30T00:31:15.415+0000] {dagbag.py:538} INFO - Filling up the DagBag from /home/airflow/.local/lib/python3.7/site-packages/airflow/example_dags/example_sensors.py
[2022-12-30T00:31:15.432+0000] {processor.py:753} INFO - DAG(s) dict_keys(['example_sensors']) retrieved from /home/airflow/.local/lib/python3.7/site-packages/airflow/example_dags/example_sensors.py
[2022-12-30T00:31:15.469+0000] {logging_mixin.py:137} INFO - [2022-12-30T00:31:15.469+0000] {dag.py:2676} INFO - Sync 1 DAGs
[2022-12-30T00:31:15.489+0000] {logging_mixin.py:137} INFO - [2022-12-30T00:31:15.489+0000] {dag.py:3427} INFO - Setting next_dagrun for example_sensors to None, run_after=None
[2022-12-30T00:31:15.504+0000] {processor.py:175} INFO - Processing /home/airflow/.local/lib/python3.7/site-packages/airflow/example_dags/example_sensors.py took 0.093 seconds
[2022-12-30T00:31:46.049+0000] {processor.py:153} INFO - Started process (PID=40362) to work on /home/airflow/.local/lib/python3.7/site-packages/airflow/example_dags/example_sensors.py
[2022-12-30T00:31:46.050+0000] {processor.py:743} INFO - Processing file /home/airflow/.local/lib/python3.7/site-packages/airflow/example_dags/example_sensors.py for tasks to queue
[2022-12-30T00:31:46.051+0000] {logging_mixin.py:137} INFO - [2022-12-30T00:31:46.051+0000] {dagbag.py:538} INFO - Filling up the DagBag from /home/airflow/.local/lib/python3.7/site-packages/airflow/example_dags/example_sensors.py
[2022-12-30T00:31:46.066+0000] {processor.py:753} INFO - DAG(s) dict_keys(['example_sensors']) retrieved from /home/airflow/.local/lib/python3.7/site-packages/airflow/example_dags/example_sensors.py
[2022-12-30T00:31:46.099+0000] {logging_mixin.py:137} INFO - [2022-12-30T00:31:46.099+0000] {dag.py:2676} INFO - Sync 1 DAGs
[2022-12-30T00:31:46.118+0000] {logging_mixin.py:137} INFO - [2022-12-30T00:31:46.118+0000] {dag.py:3427} INFO - Setting next_dagrun for example_sensors to None, run_after=None
[2022-12-30T00:31:46.130+0000] {processor.py:175} INFO - Processing /home/airflow/.local/lib/python3.7/site-packages/airflow/example_dags/example_sensors.py took 0.084 seconds
[2022-12-30T00:32:16.536+0000] {processor.py:153} INFO - Started process (PID=40465) to work on /home/airflow/.local/lib/python3.7/site-packages/airflow/example_dags/example_sensors.py
[2022-12-30T00:32:16.536+0000] {processor.py:743} INFO - Processing file /home/airflow/.local/lib/python3.7/site-packages/airflow/example_dags/example_sensors.py for tasks to queue
[2022-12-30T00:32:16.536+0000] {logging_mixin.py:137} INFO - [2022-12-30T00:32:16.536+0000] {dagbag.py:538} INFO - Filling up the DagBag from /home/airflow/.local/lib/python3.7/site-packages/airflow/example_dags/example_sensors.py
[2022-12-30T00:32:16.551+0000] {processor.py:753} INFO - DAG(s) dict_keys(['example_sensors']) retrieved from /home/airflow/.local/lib/python3.7/site-packages/airflow/example_dags/example_sensors.py
[2022-12-30T00:32:16.586+0000] {logging_mixin.py:137} INFO - [2022-12-30T00:32:16.586+0000] {dag.py:2676} INFO - Sync 1 DAGs
[2022-12-30T00:32:16.615+0000] {logging_mixin.py:137} INFO - [2022-12-30T00:32:16.615+0000] {dag.py:3427} INFO - Setting next_dagrun for example_sensors to None, run_after=None
[2022-12-30T00:32:16.633+0000] {processor.py:175} INFO - Processing /home/airflow/.local/lib/python3.7/site-packages/airflow/example_dags/example_sensors.py took 0.099 seconds
[2022-12-30T00:32:46.697+0000] {processor.py:153} INFO - Started process (PID=40547) to work on /home/airflow/.local/lib/python3.7/site-packages/airflow/example_dags/example_sensors.py
[2022-12-30T00:32:46.697+0000] {processor.py:743} INFO - Processing file /home/airflow/.local/lib/python3.7/site-packages/airflow/example_dags/example_sensors.py for tasks to queue
[2022-12-30T00:32:46.698+0000] {logging_mixin.py:137} INFO - [2022-12-30T00:32:46.698+0000] {dagbag.py:538} INFO - Filling up the DagBag from /home/airflow/.local/lib/python3.7/site-packages/airflow/example_dags/example_sensors.py
[2022-12-30T00:32:46.713+0000] {processor.py:753} INFO - DAG(s) dict_keys(['example_sensors']) retrieved from /home/airflow/.local/lib/python3.7/site-packages/airflow/example_dags/example_sensors.py
[2022-12-30T00:32:46.742+0000] {logging_mixin.py:137} INFO - [2022-12-30T00:32:46.742+0000] {dag.py:2676} INFO - Sync 1 DAGs
[2022-12-30T00:32:46.767+0000] {logging_mixin.py:137} INFO - [2022-12-30T00:32:46.767+0000] {dag.py:3427} INFO - Setting next_dagrun for example_sensors to None, run_after=None
[2022-12-30T00:32:46.783+0000] {processor.py:175} INFO - Processing /home/airflow/.local/lib/python3.7/site-packages/airflow/example_dags/example_sensors.py took 0.089 seconds
[2022-12-30T00:33:17.532+0000] {processor.py:153} INFO - Started process (PID=40649) to work on /home/airflow/.local/lib/python3.7/site-packages/airflow/example_dags/example_sensors.py
[2022-12-30T00:33:17.532+0000] {processor.py:743} INFO - Processing file /home/airflow/.local/lib/python3.7/site-packages/airflow/example_dags/example_sensors.py for tasks to queue
[2022-12-30T00:33:17.533+0000] {logging_mixin.py:137} INFO - [2022-12-30T00:33:17.533+0000] {dagbag.py:538} INFO - Filling up the DagBag from /home/airflow/.local/lib/python3.7/site-packages/airflow/example_dags/example_sensors.py
[2022-12-30T00:33:17.551+0000] {processor.py:753} INFO - DAG(s) dict_keys(['example_sensors']) retrieved from /home/airflow/.local/lib/python3.7/site-packages/airflow/example_dags/example_sensors.py
[2022-12-30T00:33:17.583+0000] {logging_mixin.py:137} INFO - [2022-12-30T00:33:17.583+0000] {dag.py:2676} INFO - Sync 1 DAGs
[2022-12-30T00:33:17.602+0000] {logging_mixin.py:137} INFO - [2022-12-30T00:33:17.601+0000] {dag.py:3427} INFO - Setting next_dagrun for example_sensors to None, run_after=None
[2022-12-30T00:33:17.614+0000] {processor.py:175} INFO - Processing /home/airflow/.local/lib/python3.7/site-packages/airflow/example_dags/example_sensors.py took 0.085 seconds
[2022-12-30T00:33:48.042+0000] {processor.py:153} INFO - Started process (PID=40731) to work on /home/airflow/.local/lib/python3.7/site-packages/airflow/example_dags/example_sensors.py
[2022-12-30T00:33:48.043+0000] {processor.py:743} INFO - Processing file /home/airflow/.local/lib/python3.7/site-packages/airflow/example_dags/example_sensors.py for tasks to queue
[2022-12-30T00:33:48.044+0000] {logging_mixin.py:137} INFO - [2022-12-30T00:33:48.044+0000] {dagbag.py:538} INFO - Filling up the DagBag from /home/airflow/.local/lib/python3.7/site-packages/airflow/example_dags/example_sensors.py
[2022-12-30T00:33:48.060+0000] {processor.py:753} INFO - DAG(s) dict_keys(['example_sensors']) retrieved from /home/airflow/.local/lib/python3.7/site-packages/airflow/example_dags/example_sensors.py
[2022-12-30T00:33:48.093+0000] {logging_mixin.py:137} INFO - [2022-12-30T00:33:48.093+0000] {dag.py:2676} INFO - Sync 1 DAGs
[2022-12-30T00:33:48.111+0000] {logging_mixin.py:137} INFO - [2022-12-30T00:33:48.111+0000] {dag.py:3427} INFO - Setting next_dagrun for example_sensors to None, run_after=None
[2022-12-30T00:33:48.121+0000] {processor.py:175} INFO - Processing /home/airflow/.local/lib/python3.7/site-packages/airflow/example_dags/example_sensors.py took 0.082 seconds
