[2022-12-30T00:00:08.953+0000] {processor.py:153} INFO - Started process (PID=34538) to work on /home/airflow/.local/lib/python3.7/site-packages/airflow/example_dags/example_short_circuit_decorator.py
[2022-12-30T00:00:08.953+0000] {processor.py:743} INFO - Processing file /home/airflow/.local/lib/python3.7/site-packages/airflow/example_dags/example_short_circuit_decorator.py for tasks to queue
[2022-12-30T00:00:08.954+0000] {logging_mixin.py:137} INFO - [2022-12-30T00:00:08.954+0000] {dagbag.py:538} INFO - Filling up the DagBag from /home/airflow/.local/lib/python3.7/site-packages/airflow/example_dags/example_short_circuit_decorator.py
[2022-12-30T00:00:08.976+0000] {processor.py:753} INFO - DAG(s) dict_keys(['example_short_circuit_decorator']) retrieved from /home/airflow/.local/lib/python3.7/site-packages/airflow/example_dags/example_short_circuit_decorator.py
[2022-12-30T00:00:09.006+0000] {logging_mixin.py:137} INFO - [2022-12-30T00:00:09.006+0000] {dag.py:2676} INFO - Sync 1 DAGs
[2022-12-30T00:00:09.028+0000] {logging_mixin.py:137} INFO - [2022-12-30T00:00:09.028+0000] {dag.py:3427} INFO - Setting next_dagrun for example_short_circuit_decorator to 2022-12-29T00:00:09.028447+00:00, run_after=2022-12-30T00:00:09.028447+00:00
[2022-12-30T00:00:09.041+0000] {processor.py:175} INFO - Processing /home/airflow/.local/lib/python3.7/site-packages/airflow/example_dags/example_short_circuit_decorator.py took 0.091 seconds
[2022-12-30T00:00:39.589+0000] {processor.py:153} INFO - Started process (PID=34641) to work on /home/airflow/.local/lib/python3.7/site-packages/airflow/example_dags/example_short_circuit_decorator.py
[2022-12-30T00:00:39.589+0000] {processor.py:743} INFO - Processing file /home/airflow/.local/lib/python3.7/site-packages/airflow/example_dags/example_short_circuit_decorator.py for tasks to queue
[2022-12-30T00:00:39.590+0000] {logging_mixin.py:137} INFO - [2022-12-30T00:00:39.590+0000] {dagbag.py:538} INFO - Filling up the DagBag from /home/airflow/.local/lib/python3.7/site-packages/airflow/example_dags/example_short_circuit_decorator.py
[2022-12-30T00:00:39.608+0000] {processor.py:753} INFO - DAG(s) dict_keys(['example_short_circuit_decorator']) retrieved from /home/airflow/.local/lib/python3.7/site-packages/airflow/example_dags/example_short_circuit_decorator.py
[2022-12-30T00:00:39.639+0000] {logging_mixin.py:137} INFO - [2022-12-30T00:00:39.639+0000] {dag.py:2676} INFO - Sync 1 DAGs
[2022-12-30T00:00:39.659+0000] {logging_mixin.py:137} INFO - [2022-12-30T00:00:39.659+0000] {dag.py:3427} INFO - Setting next_dagrun for example_short_circuit_decorator to 2022-12-29T00:00:39.659350+00:00, run_after=2022-12-30T00:00:39.659350+00:00
[2022-12-30T00:00:39.671+0000] {processor.py:175} INFO - Processing /home/airflow/.local/lib/python3.7/site-packages/airflow/example_dags/example_short_circuit_decorator.py took 0.086 seconds
[2022-12-30T00:01:10.199+0000] {processor.py:153} INFO - Started process (PID=34732) to work on /home/airflow/.local/lib/python3.7/site-packages/airflow/example_dags/example_short_circuit_decorator.py
[2022-12-30T00:01:10.200+0000] {processor.py:743} INFO - Processing file /home/airflow/.local/lib/python3.7/site-packages/airflow/example_dags/example_short_circuit_decorator.py for tasks to queue
[2022-12-30T00:01:10.200+0000] {logging_mixin.py:137} INFO - [2022-12-30T00:01:10.200+0000] {dagbag.py:538} INFO - Filling up the DagBag from /home/airflow/.local/lib/python3.7/site-packages/airflow/example_dags/example_short_circuit_decorator.py
[2022-12-30T00:01:10.221+0000] {processor.py:753} INFO - DAG(s) dict_keys(['example_short_circuit_decorator']) retrieved from /home/airflow/.local/lib/python3.7/site-packages/airflow/example_dags/example_short_circuit_decorator.py
[2022-12-30T00:01:10.255+0000] {logging_mixin.py:137} INFO - [2022-12-30T00:01:10.255+0000] {dag.py:2676} INFO - Sync 1 DAGs
[2022-12-30T00:01:10.283+0000] {logging_mixin.py:137} INFO - [2022-12-30T00:01:10.282+0000] {dag.py:3427} INFO - Setting next_dagrun for example_short_circuit_decorator to 2022-12-29T00:01:10.282626+00:00, run_after=2022-12-30T00:01:10.282626+00:00
[2022-12-30T00:01:10.300+0000] {processor.py:175} INFO - Processing /home/airflow/.local/lib/python3.7/site-packages/airflow/example_dags/example_short_circuit_decorator.py took 0.103 seconds
[2022-12-30T00:01:40.625+0000] {processor.py:153} INFO - Started process (PID=34825) to work on /home/airflow/.local/lib/python3.7/site-packages/airflow/example_dags/example_short_circuit_decorator.py
[2022-12-30T00:01:40.626+0000] {processor.py:743} INFO - Processing file /home/airflow/.local/lib/python3.7/site-packages/airflow/example_dags/example_short_circuit_decorator.py for tasks to queue
[2022-12-30T00:01:40.627+0000] {logging_mixin.py:137} INFO - [2022-12-30T00:01:40.627+0000] {dagbag.py:538} INFO - Filling up the DagBag from /home/airflow/.local/lib/python3.7/site-packages/airflow/example_dags/example_short_circuit_decorator.py
[2022-12-30T00:01:40.644+0000] {processor.py:753} INFO - DAG(s) dict_keys(['example_short_circuit_decorator']) retrieved from /home/airflow/.local/lib/python3.7/site-packages/airflow/example_dags/example_short_circuit_decorator.py
[2022-12-30T00:01:40.670+0000] {logging_mixin.py:137} INFO - [2022-12-30T00:01:40.670+0000] {dag.py:2676} INFO - Sync 1 DAGs
[2022-12-30T00:01:40.689+0000] {logging_mixin.py:137} INFO - [2022-12-30T00:01:40.689+0000] {dag.py:3427} INFO - Setting next_dagrun for example_short_circuit_decorator to 2022-12-29T00:01:40.689269+00:00, run_after=2022-12-30T00:01:40.689269+00:00
[2022-12-30T00:01:40.700+0000] {processor.py:175} INFO - Processing /home/airflow/.local/lib/python3.7/site-packages/airflow/example_dags/example_short_circuit_decorator.py took 0.077 seconds
[2022-12-30T00:02:11.321+0000] {processor.py:153} INFO - Started process (PID=34927) to work on /home/airflow/.local/lib/python3.7/site-packages/airflow/example_dags/example_short_circuit_decorator.py
[2022-12-30T00:02:11.322+0000] {processor.py:743} INFO - Processing file /home/airflow/.local/lib/python3.7/site-packages/airflow/example_dags/example_short_circuit_decorator.py for tasks to queue
[2022-12-30T00:02:11.322+0000] {logging_mixin.py:137} INFO - [2022-12-30T00:02:11.322+0000] {dagbag.py:538} INFO - Filling up the DagBag from /home/airflow/.local/lib/python3.7/site-packages/airflow/example_dags/example_short_circuit_decorator.py
[2022-12-30T00:02:11.339+0000] {processor.py:753} INFO - DAG(s) dict_keys(['example_short_circuit_decorator']) retrieved from /home/airflow/.local/lib/python3.7/site-packages/airflow/example_dags/example_short_circuit_decorator.py
[2022-12-30T00:02:11.369+0000] {logging_mixin.py:137} INFO - [2022-12-30T00:02:11.369+0000] {dag.py:2676} INFO - Sync 1 DAGs
[2022-12-30T00:02:11.386+0000] {logging_mixin.py:137} INFO - [2022-12-30T00:02:11.386+0000] {dag.py:3427} INFO - Setting next_dagrun for example_short_circuit_decorator to 2022-12-29T00:02:11.386215+00:00, run_after=2022-12-30T00:02:11.386215+00:00
[2022-12-30T00:02:11.397+0000] {processor.py:175} INFO - Processing /home/airflow/.local/lib/python3.7/site-packages/airflow/example_dags/example_short_circuit_decorator.py took 0.079 seconds
[2022-12-30T00:02:41.722+0000] {processor.py:153} INFO - Started process (PID=35009) to work on /home/airflow/.local/lib/python3.7/site-packages/airflow/example_dags/example_short_circuit_decorator.py
[2022-12-30T00:02:41.722+0000] {processor.py:743} INFO - Processing file /home/airflow/.local/lib/python3.7/site-packages/airflow/example_dags/example_short_circuit_decorator.py for tasks to queue
[2022-12-30T00:02:41.723+0000] {logging_mixin.py:137} INFO - [2022-12-30T00:02:41.723+0000] {dagbag.py:538} INFO - Filling up the DagBag from /home/airflow/.local/lib/python3.7/site-packages/airflow/example_dags/example_short_circuit_decorator.py
[2022-12-30T00:02:41.740+0000] {processor.py:753} INFO - DAG(s) dict_keys(['example_short_circuit_decorator']) retrieved from /home/airflow/.local/lib/python3.7/site-packages/airflow/example_dags/example_short_circuit_decorator.py
[2022-12-30T00:02:41.776+0000] {logging_mixin.py:137} INFO - [2022-12-30T00:02:41.775+0000] {dag.py:2676} INFO - Sync 1 DAGs
[2022-12-30T00:02:41.801+0000] {logging_mixin.py:137} INFO - [2022-12-30T00:02:41.801+0000] {dag.py:3427} INFO - Setting next_dagrun for example_short_circuit_decorator to 2022-12-29T00:02:41.800807+00:00, run_after=2022-12-30T00:02:41.800807+00:00
[2022-12-30T00:02:41.813+0000] {processor.py:175} INFO - Processing /home/airflow/.local/lib/python3.7/site-packages/airflow/example_dags/example_short_circuit_decorator.py took 0.094 seconds
[2022-12-30T00:03:12.195+0000] {processor.py:153} INFO - Started process (PID=35111) to work on /home/airflow/.local/lib/python3.7/site-packages/airflow/example_dags/example_short_circuit_decorator.py
[2022-12-30T00:03:12.196+0000] {processor.py:743} INFO - Processing file /home/airflow/.local/lib/python3.7/site-packages/airflow/example_dags/example_short_circuit_decorator.py for tasks to queue
[2022-12-30T00:03:12.197+0000] {logging_mixin.py:137} INFO - [2022-12-30T00:03:12.197+0000] {dagbag.py:538} INFO - Filling up the DagBag from /home/airflow/.local/lib/python3.7/site-packages/airflow/example_dags/example_short_circuit_decorator.py
[2022-12-30T00:03:12.214+0000] {processor.py:753} INFO - DAG(s) dict_keys(['example_short_circuit_decorator']) retrieved from /home/airflow/.local/lib/python3.7/site-packages/airflow/example_dags/example_short_circuit_decorator.py
[2022-12-30T00:03:12.243+0000] {logging_mixin.py:137} INFO - [2022-12-30T00:03:12.243+0000] {dag.py:2676} INFO - Sync 1 DAGs
[2022-12-30T00:03:12.261+0000] {logging_mixin.py:137} INFO - [2022-12-30T00:03:12.261+0000] {dag.py:3427} INFO - Setting next_dagrun for example_short_circuit_decorator to 2022-12-29T00:03:12.261690+00:00, run_after=2022-12-30T00:03:12.261690+00:00
[2022-12-30T00:03:12.273+0000] {processor.py:175} INFO - Processing /home/airflow/.local/lib/python3.7/site-packages/airflow/example_dags/example_short_circuit_decorator.py took 0.080 seconds
[2022-12-30T00:03:42.782+0000] {processor.py:153} INFO - Started process (PID=35193) to work on /home/airflow/.local/lib/python3.7/site-packages/airflow/example_dags/example_short_circuit_decorator.py
[2022-12-30T00:03:42.782+0000] {processor.py:743} INFO - Processing file /home/airflow/.local/lib/python3.7/site-packages/airflow/example_dags/example_short_circuit_decorator.py for tasks to queue
[2022-12-30T00:03:42.783+0000] {logging_mixin.py:137} INFO - [2022-12-30T00:03:42.783+0000] {dagbag.py:538} INFO - Filling up the DagBag from /home/airflow/.local/lib/python3.7/site-packages/airflow/example_dags/example_short_circuit_decorator.py
[2022-12-30T00:03:42.803+0000] {processor.py:753} INFO - DAG(s) dict_keys(['example_short_circuit_decorator']) retrieved from /home/airflow/.local/lib/python3.7/site-packages/airflow/example_dags/example_short_circuit_decorator.py
[2022-12-30T00:03:42.837+0000] {logging_mixin.py:137} INFO - [2022-12-30T00:03:42.837+0000] {dag.py:2676} INFO - Sync 1 DAGs
[2022-12-30T00:03:42.856+0000] {logging_mixin.py:137} INFO - [2022-12-30T00:03:42.855+0000] {dag.py:3427} INFO - Setting next_dagrun for example_short_circuit_decorator to 2022-12-29T00:03:42.855756+00:00, run_after=2022-12-30T00:03:42.855756+00:00
[2022-12-30T00:03:42.867+0000] {processor.py:175} INFO - Processing /home/airflow/.local/lib/python3.7/site-packages/airflow/example_dags/example_short_circuit_decorator.py took 0.088 seconds
[2022-12-30T00:04:13.625+0000] {processor.py:153} INFO - Started process (PID=35295) to work on /home/airflow/.local/lib/python3.7/site-packages/airflow/example_dags/example_short_circuit_decorator.py
[2022-12-30T00:04:13.626+0000] {processor.py:743} INFO - Processing file /home/airflow/.local/lib/python3.7/site-packages/airflow/example_dags/example_short_circuit_decorator.py for tasks to queue
[2022-12-30T00:04:13.626+0000] {logging_mixin.py:137} INFO - [2022-12-30T00:04:13.626+0000] {dagbag.py:538} INFO - Filling up the DagBag from /home/airflow/.local/lib/python3.7/site-packages/airflow/example_dags/example_short_circuit_decorator.py
[2022-12-30T00:04:13.643+0000] {processor.py:753} INFO - DAG(s) dict_keys(['example_short_circuit_decorator']) retrieved from /home/airflow/.local/lib/python3.7/site-packages/airflow/example_dags/example_short_circuit_decorator.py
[2022-12-30T00:04:13.670+0000] {logging_mixin.py:137} INFO - [2022-12-30T00:04:13.670+0000] {dag.py:2676} INFO - Sync 1 DAGs
[2022-12-30T00:04:13.688+0000] {logging_mixin.py:137} INFO - [2022-12-30T00:04:13.688+0000] {dag.py:3427} INFO - Setting next_dagrun for example_short_circuit_decorator to 2022-12-29T00:04:13.687926+00:00, run_after=2022-12-30T00:04:13.687926+00:00
[2022-12-30T00:04:13.700+0000] {processor.py:175} INFO - Processing /home/airflow/.local/lib/python3.7/site-packages/airflow/example_dags/example_short_circuit_decorator.py took 0.078 seconds
[2022-12-30T00:04:44.247+0000] {processor.py:153} INFO - Started process (PID=35397) to work on /home/airflow/.local/lib/python3.7/site-packages/airflow/example_dags/example_short_circuit_decorator.py
[2022-12-30T00:04:44.248+0000] {processor.py:743} INFO - Processing file /home/airflow/.local/lib/python3.7/site-packages/airflow/example_dags/example_short_circuit_decorator.py for tasks to queue
[2022-12-30T00:04:44.248+0000] {logging_mixin.py:137} INFO - [2022-12-30T00:04:44.248+0000] {dagbag.py:538} INFO - Filling up the DagBag from /home/airflow/.local/lib/python3.7/site-packages/airflow/example_dags/example_short_circuit_decorator.py
[2022-12-30T00:04:44.274+0000] {processor.py:753} INFO - DAG(s) dict_keys(['example_short_circuit_decorator']) retrieved from /home/airflow/.local/lib/python3.7/site-packages/airflow/example_dags/example_short_circuit_decorator.py
[2022-12-30T00:04:44.309+0000] {logging_mixin.py:137} INFO - [2022-12-30T00:04:44.308+0000] {dag.py:2676} INFO - Sync 1 DAGs
[2022-12-30T00:04:44.327+0000] {logging_mixin.py:137} INFO - [2022-12-30T00:04:44.327+0000] {dag.py:3427} INFO - Setting next_dagrun for example_short_circuit_decorator to 2022-12-29T00:04:44.327321+00:00, run_after=2022-12-30T00:04:44.327321+00:00
[2022-12-30T00:04:44.339+0000] {processor.py:175} INFO - Processing /home/airflow/.local/lib/python3.7/site-packages/airflow/example_dags/example_short_circuit_decorator.py took 0.095 seconds
[2022-12-30T00:05:14.777+0000] {processor.py:153} INFO - Started process (PID=35479) to work on /home/airflow/.local/lib/python3.7/site-packages/airflow/example_dags/example_short_circuit_decorator.py
[2022-12-30T00:05:14.778+0000] {processor.py:743} INFO - Processing file /home/airflow/.local/lib/python3.7/site-packages/airflow/example_dags/example_short_circuit_decorator.py for tasks to queue
[2022-12-30T00:05:14.778+0000] {logging_mixin.py:137} INFO - [2022-12-30T00:05:14.778+0000] {dagbag.py:538} INFO - Filling up the DagBag from /home/airflow/.local/lib/python3.7/site-packages/airflow/example_dags/example_short_circuit_decorator.py
[2022-12-30T00:05:14.796+0000] {processor.py:753} INFO - DAG(s) dict_keys(['example_short_circuit_decorator']) retrieved from /home/airflow/.local/lib/python3.7/site-packages/airflow/example_dags/example_short_circuit_decorator.py
[2022-12-30T00:05:14.826+0000] {logging_mixin.py:137} INFO - [2022-12-30T00:05:14.826+0000] {dag.py:2676} INFO - Sync 1 DAGs
[2022-12-30T00:05:14.846+0000] {logging_mixin.py:137} INFO - [2022-12-30T00:05:14.846+0000] {dag.py:3427} INFO - Setting next_dagrun for example_short_circuit_decorator to 2022-12-29T00:05:14.845940+00:00, run_after=2022-12-30T00:05:14.845940+00:00
[2022-12-30T00:05:14.857+0000] {processor.py:175} INFO - Processing /home/airflow/.local/lib/python3.7/site-packages/airflow/example_dags/example_short_circuit_decorator.py took 0.082 seconds
[2022-12-30T00:05:45.069+0000] {processor.py:153} INFO - Started process (PID=35581) to work on /home/airflow/.local/lib/python3.7/site-packages/airflow/example_dags/example_short_circuit_decorator.py
[2022-12-30T00:05:45.070+0000] {processor.py:743} INFO - Processing file /home/airflow/.local/lib/python3.7/site-packages/airflow/example_dags/example_short_circuit_decorator.py for tasks to queue
[2022-12-30T00:05:45.071+0000] {logging_mixin.py:137} INFO - [2022-12-30T00:05:45.071+0000] {dagbag.py:538} INFO - Filling up the DagBag from /home/airflow/.local/lib/python3.7/site-packages/airflow/example_dags/example_short_circuit_decorator.py
[2022-12-30T00:05:45.088+0000] {processor.py:753} INFO - DAG(s) dict_keys(['example_short_circuit_decorator']) retrieved from /home/airflow/.local/lib/python3.7/site-packages/airflow/example_dags/example_short_circuit_decorator.py
[2022-12-30T00:05:45.117+0000] {logging_mixin.py:137} INFO - [2022-12-30T00:05:45.117+0000] {dag.py:2676} INFO - Sync 1 DAGs
[2022-12-30T00:05:45.135+0000] {logging_mixin.py:137} INFO - [2022-12-30T00:05:45.135+0000] {dag.py:3427} INFO - Setting next_dagrun for example_short_circuit_decorator to 2022-12-29T00:05:45.135519+00:00, run_after=2022-12-30T00:05:45.135519+00:00
[2022-12-30T00:05:45.148+0000] {processor.py:175} INFO - Processing /home/airflow/.local/lib/python3.7/site-packages/airflow/example_dags/example_short_circuit_decorator.py took 0.082 seconds
[2022-12-30T00:06:15.566+0000] {processor.py:153} INFO - Started process (PID=35663) to work on /home/airflow/.local/lib/python3.7/site-packages/airflow/example_dags/example_short_circuit_decorator.py
[2022-12-30T00:06:15.566+0000] {processor.py:743} INFO - Processing file /home/airflow/.local/lib/python3.7/site-packages/airflow/example_dags/example_short_circuit_decorator.py for tasks to queue
[2022-12-30T00:06:15.567+0000] {logging_mixin.py:137} INFO - [2022-12-30T00:06:15.567+0000] {dagbag.py:538} INFO - Filling up the DagBag from /home/airflow/.local/lib/python3.7/site-packages/airflow/example_dags/example_short_circuit_decorator.py
[2022-12-30T00:06:15.585+0000] {processor.py:753} INFO - DAG(s) dict_keys(['example_short_circuit_decorator']) retrieved from /home/airflow/.local/lib/python3.7/site-packages/airflow/example_dags/example_short_circuit_decorator.py
[2022-12-30T00:06:15.613+0000] {logging_mixin.py:137} INFO - [2022-12-30T00:06:15.613+0000] {dag.py:2676} INFO - Sync 1 DAGs
[2022-12-30T00:06:15.631+0000] {logging_mixin.py:137} INFO - [2022-12-30T00:06:15.631+0000] {dag.py:3427} INFO - Setting next_dagrun for example_short_circuit_decorator to 2022-12-29T00:06:15.631085+00:00, run_after=2022-12-30T00:06:15.631085+00:00
[2022-12-30T00:06:15.642+0000] {processor.py:175} INFO - Processing /home/airflow/.local/lib/python3.7/site-packages/airflow/example_dags/example_short_circuit_decorator.py took 0.079 seconds
[2022-12-30T00:06:46.869+0000] {processor.py:153} INFO - Started process (PID=35765) to work on /home/airflow/.local/lib/python3.7/site-packages/airflow/example_dags/example_short_circuit_decorator.py
[2022-12-30T00:06:46.870+0000] {processor.py:743} INFO - Processing file /home/airflow/.local/lib/python3.7/site-packages/airflow/example_dags/example_short_circuit_decorator.py for tasks to queue
[2022-12-30T00:06:46.870+0000] {logging_mixin.py:137} INFO - [2022-12-30T00:06:46.870+0000] {dagbag.py:538} INFO - Filling up the DagBag from /home/airflow/.local/lib/python3.7/site-packages/airflow/example_dags/example_short_circuit_decorator.py
[2022-12-30T00:06:46.895+0000] {processor.py:753} INFO - DAG(s) dict_keys(['example_short_circuit_decorator']) retrieved from /home/airflow/.local/lib/python3.7/site-packages/airflow/example_dags/example_short_circuit_decorator.py
[2022-12-30T00:06:46.930+0000] {logging_mixin.py:137} INFO - [2022-12-30T00:06:46.930+0000] {dag.py:2676} INFO - Sync 1 DAGs
[2022-12-30T00:06:46.949+0000] {logging_mixin.py:137} INFO - [2022-12-30T00:06:46.948+0000] {dag.py:3427} INFO - Setting next_dagrun for example_short_circuit_decorator to 2022-12-29T00:06:46.948804+00:00, run_after=2022-12-30T00:06:46.948804+00:00
[2022-12-30T00:06:46.965+0000] {processor.py:175} INFO - Processing /home/airflow/.local/lib/python3.7/site-packages/airflow/example_dags/example_short_circuit_decorator.py took 0.099 seconds
[2022-12-30T00:07:18.857+0000] {processor.py:153} INFO - Started process (PID=35867) to work on /home/airflow/.local/lib/python3.7/site-packages/airflow/example_dags/example_short_circuit_decorator.py
[2022-12-30T00:07:18.858+0000] {processor.py:743} INFO - Processing file /home/airflow/.local/lib/python3.7/site-packages/airflow/example_dags/example_short_circuit_decorator.py for tasks to queue
[2022-12-30T00:07:18.858+0000] {logging_mixin.py:137} INFO - [2022-12-30T00:07:18.858+0000] {dagbag.py:538} INFO - Filling up the DagBag from /home/airflow/.local/lib/python3.7/site-packages/airflow/example_dags/example_short_circuit_decorator.py
[2022-12-30T00:07:18.884+0000] {processor.py:753} INFO - DAG(s) dict_keys(['example_short_circuit_decorator']) retrieved from /home/airflow/.local/lib/python3.7/site-packages/airflow/example_dags/example_short_circuit_decorator.py
[2022-12-30T00:07:18.922+0000] {logging_mixin.py:137} INFO - [2022-12-30T00:07:18.921+0000] {dag.py:2676} INFO - Sync 1 DAGs
[2022-12-30T00:07:18.949+0000] {logging_mixin.py:137} INFO - [2022-12-30T00:07:18.949+0000] {dag.py:3427} INFO - Setting next_dagrun for example_short_circuit_decorator to 2022-12-29T00:07:18.948957+00:00, run_after=2022-12-30T00:07:18.948957+00:00
[2022-12-30T00:07:18.971+0000] {processor.py:175} INFO - Processing /home/airflow/.local/lib/python3.7/site-packages/airflow/example_dags/example_short_circuit_decorator.py took 0.116 seconds
[2022-12-30T00:07:49.571+0000] {processor.py:153} INFO - Started process (PID=35949) to work on /home/airflow/.local/lib/python3.7/site-packages/airflow/example_dags/example_short_circuit_decorator.py
[2022-12-30T00:07:49.572+0000] {processor.py:743} INFO - Processing file /home/airflow/.local/lib/python3.7/site-packages/airflow/example_dags/example_short_circuit_decorator.py for tasks to queue
[2022-12-30T00:07:49.572+0000] {logging_mixin.py:137} INFO - [2022-12-30T00:07:49.572+0000] {dagbag.py:538} INFO - Filling up the DagBag from /home/airflow/.local/lib/python3.7/site-packages/airflow/example_dags/example_short_circuit_decorator.py
[2022-12-30T00:07:49.591+0000] {processor.py:753} INFO - DAG(s) dict_keys(['example_short_circuit_decorator']) retrieved from /home/airflow/.local/lib/python3.7/site-packages/airflow/example_dags/example_short_circuit_decorator.py
[2022-12-30T00:07:49.620+0000] {logging_mixin.py:137} INFO - [2022-12-30T00:07:49.620+0000] {dag.py:2676} INFO - Sync 1 DAGs
[2022-12-30T00:07:49.640+0000] {logging_mixin.py:137} INFO - [2022-12-30T00:07:49.640+0000] {dag.py:3427} INFO - Setting next_dagrun for example_short_circuit_decorator to 2022-12-29T00:07:49.640448+00:00, run_after=2022-12-30T00:07:49.640448+00:00
[2022-12-30T00:07:49.652+0000] {processor.py:175} INFO - Processing /home/airflow/.local/lib/python3.7/site-packages/airflow/example_dags/example_short_circuit_decorator.py took 0.084 seconds
[2022-12-30T00:08:20.222+0000] {processor.py:153} INFO - Started process (PID=36051) to work on /home/airflow/.local/lib/python3.7/site-packages/airflow/example_dags/example_short_circuit_decorator.py
[2022-12-30T00:08:20.222+0000] {processor.py:743} INFO - Processing file /home/airflow/.local/lib/python3.7/site-packages/airflow/example_dags/example_short_circuit_decorator.py for tasks to queue
[2022-12-30T00:08:20.223+0000] {logging_mixin.py:137} INFO - [2022-12-30T00:08:20.223+0000] {dagbag.py:538} INFO - Filling up the DagBag from /home/airflow/.local/lib/python3.7/site-packages/airflow/example_dags/example_short_circuit_decorator.py
[2022-12-30T00:08:20.241+0000] {processor.py:753} INFO - DAG(s) dict_keys(['example_short_circuit_decorator']) retrieved from /home/airflow/.local/lib/python3.7/site-packages/airflow/example_dags/example_short_circuit_decorator.py
[2022-12-30T00:08:20.268+0000] {logging_mixin.py:137} INFO - [2022-12-30T00:08:20.268+0000] {dag.py:2676} INFO - Sync 1 DAGs
[2022-12-30T00:08:20.286+0000] {logging_mixin.py:137} INFO - [2022-12-30T00:08:20.286+0000] {dag.py:3427} INFO - Setting next_dagrun for example_short_circuit_decorator to 2022-12-29T00:08:20.286452+00:00, run_after=2022-12-30T00:08:20.286452+00:00
[2022-12-30T00:08:20.297+0000] {processor.py:175} INFO - Processing /home/airflow/.local/lib/python3.7/site-packages/airflow/example_dags/example_short_circuit_decorator.py took 0.079 seconds
[2022-12-30T00:08:50.759+0000] {processor.py:153} INFO - Started process (PID=36133) to work on /home/airflow/.local/lib/python3.7/site-packages/airflow/example_dags/example_short_circuit_decorator.py
[2022-12-30T00:08:50.759+0000] {processor.py:743} INFO - Processing file /home/airflow/.local/lib/python3.7/site-packages/airflow/example_dags/example_short_circuit_decorator.py for tasks to queue
[2022-12-30T00:08:50.760+0000] {logging_mixin.py:137} INFO - [2022-12-30T00:08:50.760+0000] {dagbag.py:538} INFO - Filling up the DagBag from /home/airflow/.local/lib/python3.7/site-packages/airflow/example_dags/example_short_circuit_decorator.py
[2022-12-30T00:08:50.776+0000] {processor.py:753} INFO - DAG(s) dict_keys(['example_short_circuit_decorator']) retrieved from /home/airflow/.local/lib/python3.7/site-packages/airflow/example_dags/example_short_circuit_decorator.py
[2022-12-30T00:08:50.804+0000] {logging_mixin.py:137} INFO - [2022-12-30T00:08:50.804+0000] {dag.py:2676} INFO - Sync 1 DAGs
[2022-12-30T00:08:50.821+0000] {logging_mixin.py:137} INFO - [2022-12-30T00:08:50.821+0000] {dag.py:3427} INFO - Setting next_dagrun for example_short_circuit_decorator to 2022-12-29T00:08:50.821335+00:00, run_after=2022-12-30T00:08:50.821335+00:00
[2022-12-30T00:08:50.835+0000] {processor.py:175} INFO - Processing /home/airflow/.local/lib/python3.7/site-packages/airflow/example_dags/example_short_circuit_decorator.py took 0.077 seconds
[2022-12-30T00:09:21.330+0000] {processor.py:153} INFO - Started process (PID=36235) to work on /home/airflow/.local/lib/python3.7/site-packages/airflow/example_dags/example_short_circuit_decorator.py
[2022-12-30T00:09:21.330+0000] {processor.py:743} INFO - Processing file /home/airflow/.local/lib/python3.7/site-packages/airflow/example_dags/example_short_circuit_decorator.py for tasks to queue
[2022-12-30T00:09:21.331+0000] {logging_mixin.py:137} INFO - [2022-12-30T00:09:21.331+0000] {dagbag.py:538} INFO - Filling up the DagBag from /home/airflow/.local/lib/python3.7/site-packages/airflow/example_dags/example_short_circuit_decorator.py
[2022-12-30T00:09:21.351+0000] {processor.py:753} INFO - DAG(s) dict_keys(['example_short_circuit_decorator']) retrieved from /home/airflow/.local/lib/python3.7/site-packages/airflow/example_dags/example_short_circuit_decorator.py
[2022-12-30T00:09:21.379+0000] {logging_mixin.py:137} INFO - [2022-12-30T00:09:21.378+0000] {dag.py:2676} INFO - Sync 1 DAGs
[2022-12-30T00:09:21.397+0000] {logging_mixin.py:137} INFO - [2022-12-30T00:09:21.397+0000] {dag.py:3427} INFO - Setting next_dagrun for example_short_circuit_decorator to 2022-12-29T00:09:21.397407+00:00, run_after=2022-12-30T00:09:21.397407+00:00
[2022-12-30T00:09:21.416+0000] {processor.py:175} INFO - Processing /home/airflow/.local/lib/python3.7/site-packages/airflow/example_dags/example_short_circuit_decorator.py took 0.089 seconds
[2022-12-30T00:09:52.021+0000] {processor.py:153} INFO - Started process (PID=36337) to work on /home/airflow/.local/lib/python3.7/site-packages/airflow/example_dags/example_short_circuit_decorator.py
[2022-12-30T00:09:52.022+0000] {processor.py:743} INFO - Processing file /home/airflow/.local/lib/python3.7/site-packages/airflow/example_dags/example_short_circuit_decorator.py for tasks to queue
[2022-12-30T00:09:52.022+0000] {logging_mixin.py:137} INFO - [2022-12-30T00:09:52.022+0000] {dagbag.py:538} INFO - Filling up the DagBag from /home/airflow/.local/lib/python3.7/site-packages/airflow/example_dags/example_short_circuit_decorator.py
[2022-12-30T00:09:52.040+0000] {processor.py:753} INFO - DAG(s) dict_keys(['example_short_circuit_decorator']) retrieved from /home/airflow/.local/lib/python3.7/site-packages/airflow/example_dags/example_short_circuit_decorator.py
[2022-12-30T00:09:52.076+0000] {logging_mixin.py:137} INFO - [2022-12-30T00:09:52.076+0000] {dag.py:2676} INFO - Sync 1 DAGs
[2022-12-30T00:09:52.102+0000] {logging_mixin.py:137} INFO - [2022-12-30T00:09:52.102+0000] {dag.py:3427} INFO - Setting next_dagrun for example_short_circuit_decorator to 2022-12-29T00:09:52.102096+00:00, run_after=2022-12-30T00:09:52.102096+00:00
[2022-12-30T00:09:52.117+0000] {processor.py:175} INFO - Processing /home/airflow/.local/lib/python3.7/site-packages/airflow/example_dags/example_short_circuit_decorator.py took 0.098 seconds
[2022-12-30T00:10:22.596+0000] {processor.py:153} INFO - Started process (PID=36419) to work on /home/airflow/.local/lib/python3.7/site-packages/airflow/example_dags/example_short_circuit_decorator.py
[2022-12-30T00:10:22.597+0000] {processor.py:743} INFO - Processing file /home/airflow/.local/lib/python3.7/site-packages/airflow/example_dags/example_short_circuit_decorator.py for tasks to queue
[2022-12-30T00:10:22.597+0000] {logging_mixin.py:137} INFO - [2022-12-30T00:10:22.597+0000] {dagbag.py:538} INFO - Filling up the DagBag from /home/airflow/.local/lib/python3.7/site-packages/airflow/example_dags/example_short_circuit_decorator.py
[2022-12-30T00:10:22.614+0000] {processor.py:753} INFO - DAG(s) dict_keys(['example_short_circuit_decorator']) retrieved from /home/airflow/.local/lib/python3.7/site-packages/airflow/example_dags/example_short_circuit_decorator.py
[2022-12-30T00:10:22.640+0000] {logging_mixin.py:137} INFO - [2022-12-30T00:10:22.639+0000] {dag.py:2676} INFO - Sync 1 DAGs
[2022-12-30T00:10:22.656+0000] {logging_mixin.py:137} INFO - [2022-12-30T00:10:22.656+0000] {dag.py:3427} INFO - Setting next_dagrun for example_short_circuit_decorator to 2022-12-29T00:10:22.656433+00:00, run_after=2022-12-30T00:10:22.656433+00:00
[2022-12-30T00:10:22.668+0000] {processor.py:175} INFO - Processing /home/airflow/.local/lib/python3.7/site-packages/airflow/example_dags/example_short_circuit_decorator.py took 0.075 seconds
[2022-12-30T00:10:53.139+0000] {processor.py:153} INFO - Started process (PID=36521) to work on /home/airflow/.local/lib/python3.7/site-packages/airflow/example_dags/example_short_circuit_decorator.py
[2022-12-30T00:10:53.140+0000] {processor.py:743} INFO - Processing file /home/airflow/.local/lib/python3.7/site-packages/airflow/example_dags/example_short_circuit_decorator.py for tasks to queue
[2022-12-30T00:10:53.141+0000] {logging_mixin.py:137} INFO - [2022-12-30T00:10:53.140+0000] {dagbag.py:538} INFO - Filling up the DagBag from /home/airflow/.local/lib/python3.7/site-packages/airflow/example_dags/example_short_circuit_decorator.py
[2022-12-30T00:10:53.157+0000] {processor.py:753} INFO - DAG(s) dict_keys(['example_short_circuit_decorator']) retrieved from /home/airflow/.local/lib/python3.7/site-packages/airflow/example_dags/example_short_circuit_decorator.py
[2022-12-30T00:10:53.189+0000] {logging_mixin.py:137} INFO - [2022-12-30T00:10:53.189+0000] {dag.py:2676} INFO - Sync 1 DAGs
[2022-12-30T00:10:53.212+0000] {logging_mixin.py:137} INFO - [2022-12-30T00:10:53.212+0000] {dag.py:3427} INFO - Setting next_dagrun for example_short_circuit_decorator to 2022-12-29T00:10:53.212211+00:00, run_after=2022-12-30T00:10:53.212211+00:00
[2022-12-30T00:10:53.224+0000] {processor.py:175} INFO - Processing /home/airflow/.local/lib/python3.7/site-packages/airflow/example_dags/example_short_circuit_decorator.py took 0.087 seconds
[2022-12-30T00:11:23.576+0000] {processor.py:153} INFO - Started process (PID=36603) to work on /home/airflow/.local/lib/python3.7/site-packages/airflow/example_dags/example_short_circuit_decorator.py
[2022-12-30T00:11:23.577+0000] {processor.py:743} INFO - Processing file /home/airflow/.local/lib/python3.7/site-packages/airflow/example_dags/example_short_circuit_decorator.py for tasks to queue
[2022-12-30T00:11:23.577+0000] {logging_mixin.py:137} INFO - [2022-12-30T00:11:23.577+0000] {dagbag.py:538} INFO - Filling up the DagBag from /home/airflow/.local/lib/python3.7/site-packages/airflow/example_dags/example_short_circuit_decorator.py
[2022-12-30T00:11:23.595+0000] {processor.py:753} INFO - DAG(s) dict_keys(['example_short_circuit_decorator']) retrieved from /home/airflow/.local/lib/python3.7/site-packages/airflow/example_dags/example_short_circuit_decorator.py
[2022-12-30T00:11:23.621+0000] {logging_mixin.py:137} INFO - [2022-12-30T00:11:23.621+0000] {dag.py:2676} INFO - Sync 1 DAGs
[2022-12-30T00:11:23.640+0000] {logging_mixin.py:137} INFO - [2022-12-30T00:11:23.640+0000] {dag.py:3427} INFO - Setting next_dagrun for example_short_circuit_decorator to 2022-12-29T00:11:23.640592+00:00, run_after=2022-12-30T00:11:23.640592+00:00
[2022-12-30T00:11:23.652+0000] {processor.py:175} INFO - Processing /home/airflow/.local/lib/python3.7/site-packages/airflow/example_dags/example_short_circuit_decorator.py took 0.078 seconds
[2022-12-30T00:11:54.014+0000] {processor.py:153} INFO - Started process (PID=36705) to work on /home/airflow/.local/lib/python3.7/site-packages/airflow/example_dags/example_short_circuit_decorator.py
[2022-12-30T00:11:54.015+0000] {processor.py:743} INFO - Processing file /home/airflow/.local/lib/python3.7/site-packages/airflow/example_dags/example_short_circuit_decorator.py for tasks to queue
[2022-12-30T00:11:54.015+0000] {logging_mixin.py:137} INFO - [2022-12-30T00:11:54.015+0000] {dagbag.py:538} INFO - Filling up the DagBag from /home/airflow/.local/lib/python3.7/site-packages/airflow/example_dags/example_short_circuit_decorator.py
[2022-12-30T00:11:54.039+0000] {processor.py:753} INFO - DAG(s) dict_keys(['example_short_circuit_decorator']) retrieved from /home/airflow/.local/lib/python3.7/site-packages/airflow/example_dags/example_short_circuit_decorator.py
[2022-12-30T00:11:54.073+0000] {logging_mixin.py:137} INFO - [2022-12-30T00:11:54.073+0000] {dag.py:2676} INFO - Sync 1 DAGs
[2022-12-30T00:11:54.098+0000] {logging_mixin.py:137} INFO - [2022-12-30T00:11:54.098+0000] {dag.py:3427} INFO - Setting next_dagrun for example_short_circuit_decorator to 2022-12-29T00:11:54.098187+00:00, run_after=2022-12-30T00:11:54.098187+00:00
[2022-12-30T00:11:54.109+0000] {processor.py:175} INFO - Processing /home/airflow/.local/lib/python3.7/site-packages/airflow/example_dags/example_short_circuit_decorator.py took 0.098 seconds
[2022-12-30T00:12:24.412+0000] {processor.py:153} INFO - Started process (PID=36796) to work on /home/airflow/.local/lib/python3.7/site-packages/airflow/example_dags/example_short_circuit_decorator.py
[2022-12-30T00:12:24.413+0000] {processor.py:743} INFO - Processing file /home/airflow/.local/lib/python3.7/site-packages/airflow/example_dags/example_short_circuit_decorator.py for tasks to queue
[2022-12-30T00:12:24.413+0000] {logging_mixin.py:137} INFO - [2022-12-30T00:12:24.413+0000] {dagbag.py:538} INFO - Filling up the DagBag from /home/airflow/.local/lib/python3.7/site-packages/airflow/example_dags/example_short_circuit_decorator.py
[2022-12-30T00:12:24.433+0000] {processor.py:753} INFO - DAG(s) dict_keys(['example_short_circuit_decorator']) retrieved from /home/airflow/.local/lib/python3.7/site-packages/airflow/example_dags/example_short_circuit_decorator.py
[2022-12-30T00:12:24.486+0000] {logging_mixin.py:137} INFO - [2022-12-30T00:12:24.486+0000] {dag.py:2676} INFO - Sync 1 DAGs
[2022-12-30T00:12:24.527+0000] {logging_mixin.py:137} INFO - [2022-12-30T00:12:24.527+0000] {dag.py:3427} INFO - Setting next_dagrun for example_short_circuit_decorator to 2022-12-29T00:12:24.527241+00:00, run_after=2022-12-30T00:12:24.527241+00:00
[2022-12-30T00:12:24.540+0000] {processor.py:175} INFO - Processing /home/airflow/.local/lib/python3.7/site-packages/airflow/example_dags/example_short_circuit_decorator.py took 0.131 seconds
[2022-12-30T00:12:54.943+0000] {processor.py:153} INFO - Started process (PID=36889) to work on /home/airflow/.local/lib/python3.7/site-packages/airflow/example_dags/example_short_circuit_decorator.py
[2022-12-30T00:12:54.943+0000] {processor.py:743} INFO - Processing file /home/airflow/.local/lib/python3.7/site-packages/airflow/example_dags/example_short_circuit_decorator.py for tasks to queue
[2022-12-30T00:12:54.944+0000] {logging_mixin.py:137} INFO - [2022-12-30T00:12:54.944+0000] {dagbag.py:538} INFO - Filling up the DagBag from /home/airflow/.local/lib/python3.7/site-packages/airflow/example_dags/example_short_circuit_decorator.py
[2022-12-30T00:12:54.963+0000] {processor.py:753} INFO - DAG(s) dict_keys(['example_short_circuit_decorator']) retrieved from /home/airflow/.local/lib/python3.7/site-packages/airflow/example_dags/example_short_circuit_decorator.py
[2022-12-30T00:12:54.990+0000] {logging_mixin.py:137} INFO - [2022-12-30T00:12:54.990+0000] {dag.py:2676} INFO - Sync 1 DAGs
[2022-12-30T00:12:55.009+0000] {logging_mixin.py:137} INFO - [2022-12-30T00:12:55.009+0000] {dag.py:3427} INFO - Setting next_dagrun for example_short_circuit_decorator to 2022-12-29T00:12:55.009063+00:00, run_after=2022-12-30T00:12:55.009063+00:00
[2022-12-30T00:12:55.023+0000] {processor.py:175} INFO - Processing /home/airflow/.local/lib/python3.7/site-packages/airflow/example_dags/example_short_circuit_decorator.py took 0.084 seconds
[2022-12-30T00:13:25.396+0000] {processor.py:153} INFO - Started process (PID=36991) to work on /home/airflow/.local/lib/python3.7/site-packages/airflow/example_dags/example_short_circuit_decorator.py
[2022-12-30T00:13:25.396+0000] {processor.py:743} INFO - Processing file /home/airflow/.local/lib/python3.7/site-packages/airflow/example_dags/example_short_circuit_decorator.py for tasks to queue
[2022-12-30T00:13:25.397+0000] {logging_mixin.py:137} INFO - [2022-12-30T00:13:25.397+0000] {dagbag.py:538} INFO - Filling up the DagBag from /home/airflow/.local/lib/python3.7/site-packages/airflow/example_dags/example_short_circuit_decorator.py
[2022-12-30T00:13:25.415+0000] {processor.py:753} INFO - DAG(s) dict_keys(['example_short_circuit_decorator']) retrieved from /home/airflow/.local/lib/python3.7/site-packages/airflow/example_dags/example_short_circuit_decorator.py
[2022-12-30T00:13:25.447+0000] {logging_mixin.py:137} INFO - [2022-12-30T00:13:25.446+0000] {dag.py:2676} INFO - Sync 1 DAGs
[2022-12-30T00:13:25.466+0000] {logging_mixin.py:137} INFO - [2022-12-30T00:13:25.465+0000] {dag.py:3427} INFO - Setting next_dagrun for example_short_circuit_decorator to 2022-12-29T00:13:25.465745+00:00, run_after=2022-12-30T00:13:25.465745+00:00
[2022-12-30T00:13:25.477+0000] {processor.py:175} INFO - Processing /home/airflow/.local/lib/python3.7/site-packages/airflow/example_dags/example_short_circuit_decorator.py took 0.084 seconds
[2022-12-30T00:13:55.726+0000] {processor.py:153} INFO - Started process (PID=37073) to work on /home/airflow/.local/lib/python3.7/site-packages/airflow/example_dags/example_short_circuit_decorator.py
[2022-12-30T00:13:55.727+0000] {processor.py:743} INFO - Processing file /home/airflow/.local/lib/python3.7/site-packages/airflow/example_dags/example_short_circuit_decorator.py for tasks to queue
[2022-12-30T00:13:55.728+0000] {logging_mixin.py:137} INFO - [2022-12-30T00:13:55.728+0000] {dagbag.py:538} INFO - Filling up the DagBag from /home/airflow/.local/lib/python3.7/site-packages/airflow/example_dags/example_short_circuit_decorator.py
[2022-12-30T00:13:55.746+0000] {processor.py:753} INFO - DAG(s) dict_keys(['example_short_circuit_decorator']) retrieved from /home/airflow/.local/lib/python3.7/site-packages/airflow/example_dags/example_short_circuit_decorator.py
[2022-12-30T00:13:55.778+0000] {logging_mixin.py:137} INFO - [2022-12-30T00:13:55.778+0000] {dag.py:2676} INFO - Sync 1 DAGs
[2022-12-30T00:13:55.799+0000] {logging_mixin.py:137} INFO - [2022-12-30T00:13:55.799+0000] {dag.py:3427} INFO - Setting next_dagrun for example_short_circuit_decorator to 2022-12-29T00:13:55.798975+00:00, run_after=2022-12-30T00:13:55.798975+00:00
[2022-12-30T00:13:55.811+0000] {processor.py:175} INFO - Processing /home/airflow/.local/lib/python3.7/site-packages/airflow/example_dags/example_short_circuit_decorator.py took 0.089 seconds
[2022-12-30T00:14:26.265+0000] {processor.py:153} INFO - Started process (PID=37175) to work on /home/airflow/.local/lib/python3.7/site-packages/airflow/example_dags/example_short_circuit_decorator.py
[2022-12-30T00:14:26.266+0000] {processor.py:743} INFO - Processing file /home/airflow/.local/lib/python3.7/site-packages/airflow/example_dags/example_short_circuit_decorator.py for tasks to queue
[2022-12-30T00:14:26.266+0000] {logging_mixin.py:137} INFO - [2022-12-30T00:14:26.266+0000] {dagbag.py:538} INFO - Filling up the DagBag from /home/airflow/.local/lib/python3.7/site-packages/airflow/example_dags/example_short_circuit_decorator.py
[2022-12-30T00:14:26.285+0000] {processor.py:753} INFO - DAG(s) dict_keys(['example_short_circuit_decorator']) retrieved from /home/airflow/.local/lib/python3.7/site-packages/airflow/example_dags/example_short_circuit_decorator.py
[2022-12-30T00:14:26.320+0000] {logging_mixin.py:137} INFO - [2022-12-30T00:14:26.320+0000] {dag.py:2676} INFO - Sync 1 DAGs
[2022-12-30T00:14:26.340+0000] {logging_mixin.py:137} INFO - [2022-12-30T00:14:26.339+0000] {dag.py:3427} INFO - Setting next_dagrun for example_short_circuit_decorator to 2022-12-29T00:14:26.339755+00:00, run_after=2022-12-30T00:14:26.339755+00:00
[2022-12-30T00:14:26.351+0000] {processor.py:175} INFO - Processing /home/airflow/.local/lib/python3.7/site-packages/airflow/example_dags/example_short_circuit_decorator.py took 0.089 seconds
[2022-12-30T00:14:56.742+0000] {processor.py:153} INFO - Started process (PID=37257) to work on /home/airflow/.local/lib/python3.7/site-packages/airflow/example_dags/example_short_circuit_decorator.py
[2022-12-30T00:14:56.742+0000] {processor.py:743} INFO - Processing file /home/airflow/.local/lib/python3.7/site-packages/airflow/example_dags/example_short_circuit_decorator.py for tasks to queue
[2022-12-30T00:14:56.743+0000] {logging_mixin.py:137} INFO - [2022-12-30T00:14:56.743+0000] {dagbag.py:538} INFO - Filling up the DagBag from /home/airflow/.local/lib/python3.7/site-packages/airflow/example_dags/example_short_circuit_decorator.py
[2022-12-30T00:14:56.764+0000] {processor.py:753} INFO - DAG(s) dict_keys(['example_short_circuit_decorator']) retrieved from /home/airflow/.local/lib/python3.7/site-packages/airflow/example_dags/example_short_circuit_decorator.py
[2022-12-30T00:14:56.791+0000] {logging_mixin.py:137} INFO - [2022-12-30T00:14:56.791+0000] {dag.py:2676} INFO - Sync 1 DAGs
[2022-12-30T00:14:56.814+0000] {logging_mixin.py:137} INFO - [2022-12-30T00:14:56.814+0000] {dag.py:3427} INFO - Setting next_dagrun for example_short_circuit_decorator to 2022-12-29T00:14:56.814530+00:00, run_after=2022-12-30T00:14:56.814530+00:00
[2022-12-30T00:14:56.826+0000] {processor.py:175} INFO - Processing /home/airflow/.local/lib/python3.7/site-packages/airflow/example_dags/example_short_circuit_decorator.py took 0.087 seconds
[2022-12-30T00:15:27.153+0000] {processor.py:153} INFO - Started process (PID=37359) to work on /home/airflow/.local/lib/python3.7/site-packages/airflow/example_dags/example_short_circuit_decorator.py
[2022-12-30T00:15:27.154+0000] {processor.py:743} INFO - Processing file /home/airflow/.local/lib/python3.7/site-packages/airflow/example_dags/example_short_circuit_decorator.py for tasks to queue
[2022-12-30T00:15:27.155+0000] {logging_mixin.py:137} INFO - [2022-12-30T00:15:27.154+0000] {dagbag.py:538} INFO - Filling up the DagBag from /home/airflow/.local/lib/python3.7/site-packages/airflow/example_dags/example_short_circuit_decorator.py
[2022-12-30T00:15:27.172+0000] {processor.py:753} INFO - DAG(s) dict_keys(['example_short_circuit_decorator']) retrieved from /home/airflow/.local/lib/python3.7/site-packages/airflow/example_dags/example_short_circuit_decorator.py
[2022-12-30T00:15:27.199+0000] {logging_mixin.py:137} INFO - [2022-12-30T00:15:27.199+0000] {dag.py:2676} INFO - Sync 1 DAGs
[2022-12-30T00:15:27.217+0000] {logging_mixin.py:137} INFO - [2022-12-30T00:15:27.217+0000] {dag.py:3427} INFO - Setting next_dagrun for example_short_circuit_decorator to 2022-12-29T00:15:27.217079+00:00, run_after=2022-12-30T00:15:27.217079+00:00
[2022-12-30T00:15:27.228+0000] {processor.py:175} INFO - Processing /home/airflow/.local/lib/python3.7/site-packages/airflow/example_dags/example_short_circuit_decorator.py took 0.077 seconds
[2022-12-30T00:15:57.711+0000] {processor.py:153} INFO - Started process (PID=37461) to work on /home/airflow/.local/lib/python3.7/site-packages/airflow/example_dags/example_short_circuit_decorator.py
[2022-12-30T00:15:57.712+0000] {processor.py:743} INFO - Processing file /home/airflow/.local/lib/python3.7/site-packages/airflow/example_dags/example_short_circuit_decorator.py for tasks to queue
[2022-12-30T00:15:57.713+0000] {logging_mixin.py:137} INFO - [2022-12-30T00:15:57.712+0000] {dagbag.py:538} INFO - Filling up the DagBag from /home/airflow/.local/lib/python3.7/site-packages/airflow/example_dags/example_short_circuit_decorator.py
[2022-12-30T00:15:57.730+0000] {processor.py:753} INFO - DAG(s) dict_keys(['example_short_circuit_decorator']) retrieved from /home/airflow/.local/lib/python3.7/site-packages/airflow/example_dags/example_short_circuit_decorator.py
[2022-12-30T00:15:57.764+0000] {logging_mixin.py:137} INFO - [2022-12-30T00:15:57.764+0000] {dag.py:2676} INFO - Sync 1 DAGs
[2022-12-30T00:15:57.791+0000] {logging_mixin.py:137} INFO - [2022-12-30T00:15:57.791+0000] {dag.py:3427} INFO - Setting next_dagrun for example_short_circuit_decorator to 2022-12-29T00:15:57.791537+00:00, run_after=2022-12-30T00:15:57.791537+00:00
[2022-12-30T00:15:57.805+0000] {processor.py:175} INFO - Processing /home/airflow/.local/lib/python3.7/site-packages/airflow/example_dags/example_short_circuit_decorator.py took 0.097 seconds
[2022-12-30T00:16:28.449+0000] {processor.py:153} INFO - Started process (PID=37543) to work on /home/airflow/.local/lib/python3.7/site-packages/airflow/example_dags/example_short_circuit_decorator.py
[2022-12-30T00:16:28.449+0000] {processor.py:743} INFO - Processing file /home/airflow/.local/lib/python3.7/site-packages/airflow/example_dags/example_short_circuit_decorator.py for tasks to queue
[2022-12-30T00:16:28.450+0000] {logging_mixin.py:137} INFO - [2022-12-30T00:16:28.450+0000] {dagbag.py:538} INFO - Filling up the DagBag from /home/airflow/.local/lib/python3.7/site-packages/airflow/example_dags/example_short_circuit_decorator.py
[2022-12-30T00:16:28.468+0000] {processor.py:753} INFO - DAG(s) dict_keys(['example_short_circuit_decorator']) retrieved from /home/airflow/.local/lib/python3.7/site-packages/airflow/example_dags/example_short_circuit_decorator.py
[2022-12-30T00:16:28.508+0000] {logging_mixin.py:137} INFO - [2022-12-30T00:16:28.507+0000] {dag.py:2676} INFO - Sync 1 DAGs
[2022-12-30T00:16:28.528+0000] {logging_mixin.py:137} INFO - [2022-12-30T00:16:28.528+0000] {dag.py:3427} INFO - Setting next_dagrun for example_short_circuit_decorator to 2022-12-29T00:16:28.528415+00:00, run_after=2022-12-30T00:16:28.528415+00:00
[2022-12-30T00:16:28.542+0000] {processor.py:175} INFO - Processing /home/airflow/.local/lib/python3.7/site-packages/airflow/example_dags/example_short_circuit_decorator.py took 0.096 seconds
[2022-12-30T00:16:58.982+0000] {processor.py:153} INFO - Started process (PID=37645) to work on /home/airflow/.local/lib/python3.7/site-packages/airflow/example_dags/example_short_circuit_decorator.py
[2022-12-30T00:16:58.982+0000] {processor.py:743} INFO - Processing file /home/airflow/.local/lib/python3.7/site-packages/airflow/example_dags/example_short_circuit_decorator.py for tasks to queue
[2022-12-30T00:16:58.983+0000] {logging_mixin.py:137} INFO - [2022-12-30T00:16:58.983+0000] {dagbag.py:538} INFO - Filling up the DagBag from /home/airflow/.local/lib/python3.7/site-packages/airflow/example_dags/example_short_circuit_decorator.py
[2022-12-30T00:16:59.001+0000] {processor.py:753} INFO - DAG(s) dict_keys(['example_short_circuit_decorator']) retrieved from /home/airflow/.local/lib/python3.7/site-packages/airflow/example_dags/example_short_circuit_decorator.py
[2022-12-30T00:16:59.031+0000] {logging_mixin.py:137} INFO - [2022-12-30T00:16:59.031+0000] {dag.py:2676} INFO - Sync 1 DAGs
[2022-12-30T00:16:59.050+0000] {logging_mixin.py:137} INFO - [2022-12-30T00:16:59.050+0000] {dag.py:3427} INFO - Setting next_dagrun for example_short_circuit_decorator to 2022-12-29T00:16:59.050662+00:00, run_after=2022-12-30T00:16:59.050662+00:00
[2022-12-30T00:16:59.062+0000] {processor.py:175} INFO - Processing /home/airflow/.local/lib/python3.7/site-packages/airflow/example_dags/example_short_circuit_decorator.py took 0.082 seconds
[2022-12-30T00:17:29.613+0000] {processor.py:153} INFO - Started process (PID=37727) to work on /home/airflow/.local/lib/python3.7/site-packages/airflow/example_dags/example_short_circuit_decorator.py
[2022-12-30T00:17:29.614+0000] {processor.py:743} INFO - Processing file /home/airflow/.local/lib/python3.7/site-packages/airflow/example_dags/example_short_circuit_decorator.py for tasks to queue
[2022-12-30T00:17:29.614+0000] {logging_mixin.py:137} INFO - [2022-12-30T00:17:29.614+0000] {dagbag.py:538} INFO - Filling up the DagBag from /home/airflow/.local/lib/python3.7/site-packages/airflow/example_dags/example_short_circuit_decorator.py
[2022-12-30T00:17:29.634+0000] {processor.py:753} INFO - DAG(s) dict_keys(['example_short_circuit_decorator']) retrieved from /home/airflow/.local/lib/python3.7/site-packages/airflow/example_dags/example_short_circuit_decorator.py
[2022-12-30T00:17:29.664+0000] {logging_mixin.py:137} INFO - [2022-12-30T00:17:29.664+0000] {dag.py:2676} INFO - Sync 1 DAGs
[2022-12-30T00:17:29.686+0000] {logging_mixin.py:137} INFO - [2022-12-30T00:17:29.685+0000] {dag.py:3427} INFO - Setting next_dagrun for example_short_circuit_decorator to 2022-12-29T00:17:29.685786+00:00, run_after=2022-12-30T00:17:29.685786+00:00
[2022-12-30T00:17:29.699+0000] {processor.py:175} INFO - Processing /home/airflow/.local/lib/python3.7/site-packages/airflow/example_dags/example_short_circuit_decorator.py took 0.091 seconds
[2022-12-30T00:18:00.077+0000] {processor.py:153} INFO - Started process (PID=37830) to work on /home/airflow/.local/lib/python3.7/site-packages/airflow/example_dags/example_short_circuit_decorator.py
[2022-12-30T00:18:00.078+0000] {processor.py:743} INFO - Processing file /home/airflow/.local/lib/python3.7/site-packages/airflow/example_dags/example_short_circuit_decorator.py for tasks to queue
[2022-12-30T00:18:00.079+0000] {logging_mixin.py:137} INFO - [2022-12-30T00:18:00.079+0000] {dagbag.py:538} INFO - Filling up the DagBag from /home/airflow/.local/lib/python3.7/site-packages/airflow/example_dags/example_short_circuit_decorator.py
[2022-12-30T00:18:00.096+0000] {processor.py:753} INFO - DAG(s) dict_keys(['example_short_circuit_decorator']) retrieved from /home/airflow/.local/lib/python3.7/site-packages/airflow/example_dags/example_short_circuit_decorator.py
[2022-12-30T00:18:00.125+0000] {logging_mixin.py:137} INFO - [2022-12-30T00:18:00.125+0000] {dag.py:2676} INFO - Sync 1 DAGs
[2022-12-30T00:18:00.144+0000] {logging_mixin.py:137} INFO - [2022-12-30T00:18:00.143+0000] {dag.py:3427} INFO - Setting next_dagrun for example_short_circuit_decorator to 2022-12-29T00:18:00.143779+00:00, run_after=2022-12-30T00:18:00.143779+00:00
[2022-12-30T00:18:00.155+0000] {processor.py:175} INFO - Processing /home/airflow/.local/lib/python3.7/site-packages/airflow/example_dags/example_short_circuit_decorator.py took 0.083 seconds
[2022-12-30T00:18:30.518+0000] {processor.py:153} INFO - Started process (PID=37913) to work on /home/airflow/.local/lib/python3.7/site-packages/airflow/example_dags/example_short_circuit_decorator.py
[2022-12-30T00:18:30.519+0000] {processor.py:743} INFO - Processing file /home/airflow/.local/lib/python3.7/site-packages/airflow/example_dags/example_short_circuit_decorator.py for tasks to queue
[2022-12-30T00:18:30.519+0000] {logging_mixin.py:137} INFO - [2022-12-30T00:18:30.519+0000] {dagbag.py:538} INFO - Filling up the DagBag from /home/airflow/.local/lib/python3.7/site-packages/airflow/example_dags/example_short_circuit_decorator.py
[2022-12-30T00:18:30.537+0000] {processor.py:753} INFO - DAG(s) dict_keys(['example_short_circuit_decorator']) retrieved from /home/airflow/.local/lib/python3.7/site-packages/airflow/example_dags/example_short_circuit_decorator.py
[2022-12-30T00:18:30.573+0000] {logging_mixin.py:137} INFO - [2022-12-30T00:18:30.573+0000] {dag.py:2676} INFO - Sync 1 DAGs
[2022-12-30T00:18:30.593+0000] {logging_mixin.py:137} INFO - [2022-12-30T00:18:30.593+0000] {dag.py:3427} INFO - Setting next_dagrun for example_short_circuit_decorator to 2022-12-29T00:18:30.593046+00:00, run_after=2022-12-30T00:18:30.593046+00:00
[2022-12-30T00:18:30.607+0000] {processor.py:175} INFO - Processing /home/airflow/.local/lib/python3.7/site-packages/airflow/example_dags/example_short_circuit_decorator.py took 0.092 seconds
[2022-12-30T00:19:00.989+0000] {processor.py:153} INFO - Started process (PID=38015) to work on /home/airflow/.local/lib/python3.7/site-packages/airflow/example_dags/example_short_circuit_decorator.py
[2022-12-30T00:19:00.990+0000] {processor.py:743} INFO - Processing file /home/airflow/.local/lib/python3.7/site-packages/airflow/example_dags/example_short_circuit_decorator.py for tasks to queue
[2022-12-30T00:19:00.990+0000] {logging_mixin.py:137} INFO - [2022-12-30T00:19:00.990+0000] {dagbag.py:538} INFO - Filling up the DagBag from /home/airflow/.local/lib/python3.7/site-packages/airflow/example_dags/example_short_circuit_decorator.py
[2022-12-30T00:19:01.014+0000] {processor.py:753} INFO - DAG(s) dict_keys(['example_short_circuit_decorator']) retrieved from /home/airflow/.local/lib/python3.7/site-packages/airflow/example_dags/example_short_circuit_decorator.py
[2022-12-30T00:19:01.049+0000] {logging_mixin.py:137} INFO - [2022-12-30T00:19:01.049+0000] {dag.py:2676} INFO - Sync 1 DAGs
[2022-12-30T00:19:01.070+0000] {logging_mixin.py:137} INFO - [2022-12-30T00:19:01.069+0000] {dag.py:3427} INFO - Setting next_dagrun for example_short_circuit_decorator to 2022-12-29T00:19:01.069704+00:00, run_after=2022-12-30T00:19:01.069704+00:00
[2022-12-30T00:19:01.082+0000] {processor.py:175} INFO - Processing /home/airflow/.local/lib/python3.7/site-packages/airflow/example_dags/example_short_circuit_decorator.py took 0.095 seconds
[2022-12-30T00:19:31.722+0000] {processor.py:153} INFO - Started process (PID=38104) to work on /home/airflow/.local/lib/python3.7/site-packages/airflow/example_dags/example_short_circuit_decorator.py
[2022-12-30T00:19:31.723+0000] {processor.py:743} INFO - Processing file /home/airflow/.local/lib/python3.7/site-packages/airflow/example_dags/example_short_circuit_decorator.py for tasks to queue
[2022-12-30T00:19:31.723+0000] {logging_mixin.py:137} INFO - [2022-12-30T00:19:31.723+0000] {dagbag.py:538} INFO - Filling up the DagBag from /home/airflow/.local/lib/python3.7/site-packages/airflow/example_dags/example_short_circuit_decorator.py
[2022-12-30T00:19:31.742+0000] {processor.py:753} INFO - DAG(s) dict_keys(['example_short_circuit_decorator']) retrieved from /home/airflow/.local/lib/python3.7/site-packages/airflow/example_dags/example_short_circuit_decorator.py
[2022-12-30T00:19:31.778+0000] {logging_mixin.py:137} INFO - [2022-12-30T00:19:31.778+0000] {dag.py:2676} INFO - Sync 1 DAGs
[2022-12-30T00:19:31.805+0000] {logging_mixin.py:137} INFO - [2022-12-30T00:19:31.805+0000] {dag.py:3427} INFO - Setting next_dagrun for example_short_circuit_decorator to 2022-12-29T00:19:31.804824+00:00, run_after=2022-12-30T00:19:31.804824+00:00
[2022-12-30T00:19:31.820+0000] {processor.py:175} INFO - Processing /home/airflow/.local/lib/python3.7/site-packages/airflow/example_dags/example_short_circuit_decorator.py took 0.101 seconds
[2022-12-30T00:20:02.378+0000] {processor.py:153} INFO - Started process (PID=38199) to work on /home/airflow/.local/lib/python3.7/site-packages/airflow/example_dags/example_short_circuit_decorator.py
[2022-12-30T00:20:02.379+0000] {processor.py:743} INFO - Processing file /home/airflow/.local/lib/python3.7/site-packages/airflow/example_dags/example_short_circuit_decorator.py for tasks to queue
[2022-12-30T00:20:02.379+0000] {logging_mixin.py:137} INFO - [2022-12-30T00:20:02.379+0000] {dagbag.py:538} INFO - Filling up the DagBag from /home/airflow/.local/lib/python3.7/site-packages/airflow/example_dags/example_short_circuit_decorator.py
[2022-12-30T00:20:02.399+0000] {processor.py:753} INFO - DAG(s) dict_keys(['example_short_circuit_decorator']) retrieved from /home/airflow/.local/lib/python3.7/site-packages/airflow/example_dags/example_short_circuit_decorator.py
[2022-12-30T00:20:02.430+0000] {logging_mixin.py:137} INFO - [2022-12-30T00:20:02.430+0000] {dag.py:2676} INFO - Sync 1 DAGs
[2022-12-30T00:20:02.452+0000] {logging_mixin.py:137} INFO - [2022-12-30T00:20:02.452+0000] {dag.py:3427} INFO - Setting next_dagrun for example_short_circuit_decorator to 2022-12-29T00:20:02.452149+00:00, run_after=2022-12-30T00:20:02.452149+00:00
[2022-12-30T00:20:02.465+0000] {processor.py:175} INFO - Processing /home/airflow/.local/lib/python3.7/site-packages/airflow/example_dags/example_short_circuit_decorator.py took 0.089 seconds
[2022-12-30T00:20:33.248+0000] {processor.py:153} INFO - Started process (PID=38301) to work on /home/airflow/.local/lib/python3.7/site-packages/airflow/example_dags/example_short_circuit_decorator.py
[2022-12-30T00:20:33.249+0000] {processor.py:743} INFO - Processing file /home/airflow/.local/lib/python3.7/site-packages/airflow/example_dags/example_short_circuit_decorator.py for tasks to queue
[2022-12-30T00:20:33.249+0000] {logging_mixin.py:137} INFO - [2022-12-30T00:20:33.249+0000] {dagbag.py:538} INFO - Filling up the DagBag from /home/airflow/.local/lib/python3.7/site-packages/airflow/example_dags/example_short_circuit_decorator.py
[2022-12-30T00:20:33.268+0000] {processor.py:753} INFO - DAG(s) dict_keys(['example_short_circuit_decorator']) retrieved from /home/airflow/.local/lib/python3.7/site-packages/airflow/example_dags/example_short_circuit_decorator.py
[2022-12-30T00:20:33.298+0000] {logging_mixin.py:137} INFO - [2022-12-30T00:20:33.298+0000] {dag.py:2676} INFO - Sync 1 DAGs
[2022-12-30T00:20:33.320+0000] {logging_mixin.py:137} INFO - [2022-12-30T00:20:33.320+0000] {dag.py:3427} INFO - Setting next_dagrun for example_short_circuit_decorator to 2022-12-29T00:20:33.320628+00:00, run_after=2022-12-30T00:20:33.320628+00:00
[2022-12-30T00:20:33.333+0000] {processor.py:175} INFO - Processing /home/airflow/.local/lib/python3.7/site-packages/airflow/example_dags/example_short_circuit_decorator.py took 0.087 seconds
[2022-12-30T00:21:03.645+0000] {processor.py:153} INFO - Started process (PID=38384) to work on /home/airflow/.local/lib/python3.7/site-packages/airflow/example_dags/example_short_circuit_decorator.py
[2022-12-30T00:21:03.646+0000] {processor.py:743} INFO - Processing file /home/airflow/.local/lib/python3.7/site-packages/airflow/example_dags/example_short_circuit_decorator.py for tasks to queue
[2022-12-30T00:21:03.646+0000] {logging_mixin.py:137} INFO - [2022-12-30T00:21:03.646+0000] {dagbag.py:538} INFO - Filling up the DagBag from /home/airflow/.local/lib/python3.7/site-packages/airflow/example_dags/example_short_circuit_decorator.py
[2022-12-30T00:21:03.664+0000] {processor.py:753} INFO - DAG(s) dict_keys(['example_short_circuit_decorator']) retrieved from /home/airflow/.local/lib/python3.7/site-packages/airflow/example_dags/example_short_circuit_decorator.py
[2022-12-30T00:21:03.694+0000] {logging_mixin.py:137} INFO - [2022-12-30T00:21:03.694+0000] {dag.py:2676} INFO - Sync 1 DAGs
[2022-12-30T00:21:03.713+0000] {logging_mixin.py:137} INFO - [2022-12-30T00:21:03.713+0000] {dag.py:3427} INFO - Setting next_dagrun for example_short_circuit_decorator to 2022-12-29T00:21:03.713387+00:00, run_after=2022-12-30T00:21:03.713387+00:00
[2022-12-30T00:21:03.727+0000] {processor.py:175} INFO - Processing /home/airflow/.local/lib/python3.7/site-packages/airflow/example_dags/example_short_circuit_decorator.py took 0.087 seconds
[2022-12-30T00:21:34.457+0000] {processor.py:153} INFO - Started process (PID=38487) to work on /home/airflow/.local/lib/python3.7/site-packages/airflow/example_dags/example_short_circuit_decorator.py
[2022-12-30T00:21:34.457+0000] {processor.py:743} INFO - Processing file /home/airflow/.local/lib/python3.7/site-packages/airflow/example_dags/example_short_circuit_decorator.py for tasks to queue
[2022-12-30T00:21:34.458+0000] {logging_mixin.py:137} INFO - [2022-12-30T00:21:34.458+0000] {dagbag.py:538} INFO - Filling up the DagBag from /home/airflow/.local/lib/python3.7/site-packages/airflow/example_dags/example_short_circuit_decorator.py
[2022-12-30T00:21:34.477+0000] {processor.py:753} INFO - DAG(s) dict_keys(['example_short_circuit_decorator']) retrieved from /home/airflow/.local/lib/python3.7/site-packages/airflow/example_dags/example_short_circuit_decorator.py
[2022-12-30T00:21:34.506+0000] {logging_mixin.py:137} INFO - [2022-12-30T00:21:34.506+0000] {dag.py:2676} INFO - Sync 1 DAGs
[2022-12-30T00:21:34.525+0000] {logging_mixin.py:137} INFO - [2022-12-30T00:21:34.525+0000] {dag.py:3427} INFO - Setting next_dagrun for example_short_circuit_decorator to 2022-12-29T00:21:34.524881+00:00, run_after=2022-12-30T00:21:34.524881+00:00
[2022-12-30T00:21:34.537+0000] {processor.py:175} INFO - Processing /home/airflow/.local/lib/python3.7/site-packages/airflow/example_dags/example_short_circuit_decorator.py took 0.083 seconds
[2022-12-30T00:22:04.737+0000] {processor.py:153} INFO - Started process (PID=38569) to work on /home/airflow/.local/lib/python3.7/site-packages/airflow/example_dags/example_short_circuit_decorator.py
[2022-12-30T00:22:04.737+0000] {processor.py:743} INFO - Processing file /home/airflow/.local/lib/python3.7/site-packages/airflow/example_dags/example_short_circuit_decorator.py for tasks to queue
[2022-12-30T00:22:04.738+0000] {logging_mixin.py:137} INFO - [2022-12-30T00:22:04.738+0000] {dagbag.py:538} INFO - Filling up the DagBag from /home/airflow/.local/lib/python3.7/site-packages/airflow/example_dags/example_short_circuit_decorator.py
[2022-12-30T00:22:04.758+0000] {processor.py:753} INFO - DAG(s) dict_keys(['example_short_circuit_decorator']) retrieved from /home/airflow/.local/lib/python3.7/site-packages/airflow/example_dags/example_short_circuit_decorator.py
[2022-12-30T00:22:04.784+0000] {logging_mixin.py:137} INFO - [2022-12-30T00:22:04.784+0000] {dag.py:2676} INFO - Sync 1 DAGs
[2022-12-30T00:22:04.803+0000] {logging_mixin.py:137} INFO - [2022-12-30T00:22:04.803+0000] {dag.py:3427} INFO - Setting next_dagrun for example_short_circuit_decorator to 2022-12-29T00:22:04.803037+00:00, run_after=2022-12-30T00:22:04.803037+00:00
[2022-12-30T00:22:04.814+0000] {processor.py:175} INFO - Processing /home/airflow/.local/lib/python3.7/site-packages/airflow/example_dags/example_short_circuit_decorator.py took 0.081 seconds
[2022-12-30T00:22:35.422+0000] {processor.py:153} INFO - Started process (PID=38671) to work on /home/airflow/.local/lib/python3.7/site-packages/airflow/example_dags/example_short_circuit_decorator.py
[2022-12-30T00:22:35.423+0000] {processor.py:743} INFO - Processing file /home/airflow/.local/lib/python3.7/site-packages/airflow/example_dags/example_short_circuit_decorator.py for tasks to queue
[2022-12-30T00:22:35.423+0000] {logging_mixin.py:137} INFO - [2022-12-30T00:22:35.423+0000] {dagbag.py:538} INFO - Filling up the DagBag from /home/airflow/.local/lib/python3.7/site-packages/airflow/example_dags/example_short_circuit_decorator.py
[2022-12-30T00:22:35.445+0000] {processor.py:753} INFO - DAG(s) dict_keys(['example_short_circuit_decorator']) retrieved from /home/airflow/.local/lib/python3.7/site-packages/airflow/example_dags/example_short_circuit_decorator.py
[2022-12-30T00:22:35.477+0000] {logging_mixin.py:137} INFO - [2022-12-30T00:22:35.477+0000] {dag.py:2676} INFO - Sync 1 DAGs
[2022-12-30T00:22:35.499+0000] {logging_mixin.py:137} INFO - [2022-12-30T00:22:35.499+0000] {dag.py:3427} INFO - Setting next_dagrun for example_short_circuit_decorator to 2022-12-29T00:22:35.499075+00:00, run_after=2022-12-30T00:22:35.499075+00:00
[2022-12-30T00:22:35.513+0000] {processor.py:175} INFO - Processing /home/airflow/.local/lib/python3.7/site-packages/airflow/example_dags/example_short_circuit_decorator.py took 0.093 seconds
[2022-12-30T00:23:06.073+0000] {processor.py:153} INFO - Started process (PID=38762) to work on /home/airflow/.local/lib/python3.7/site-packages/airflow/example_dags/example_short_circuit_decorator.py
[2022-12-30T00:23:06.074+0000] {processor.py:743} INFO - Processing file /home/airflow/.local/lib/python3.7/site-packages/airflow/example_dags/example_short_circuit_decorator.py for tasks to queue
[2022-12-30T00:23:06.074+0000] {logging_mixin.py:137} INFO - [2022-12-30T00:23:06.074+0000] {dagbag.py:538} INFO - Filling up the DagBag from /home/airflow/.local/lib/python3.7/site-packages/airflow/example_dags/example_short_circuit_decorator.py
[2022-12-30T00:23:06.094+0000] {processor.py:753} INFO - DAG(s) dict_keys(['example_short_circuit_decorator']) retrieved from /home/airflow/.local/lib/python3.7/site-packages/airflow/example_dags/example_short_circuit_decorator.py
[2022-12-30T00:23:06.121+0000] {logging_mixin.py:137} INFO - [2022-12-30T00:23:06.121+0000] {dag.py:2676} INFO - Sync 1 DAGs
[2022-12-30T00:23:06.141+0000] {logging_mixin.py:137} INFO - [2022-12-30T00:23:06.141+0000] {dag.py:3427} INFO - Setting next_dagrun for example_short_circuit_decorator to 2022-12-29T00:23:06.141238+00:00, run_after=2022-12-30T00:23:06.141238+00:00
[2022-12-30T00:23:06.159+0000] {processor.py:175} INFO - Processing /home/airflow/.local/lib/python3.7/site-packages/airflow/example_dags/example_short_circuit_decorator.py took 0.088 seconds
[2022-12-30T00:23:37.065+0000] {processor.py:153} INFO - Started process (PID=38855) to work on /home/airflow/.local/lib/python3.7/site-packages/airflow/example_dags/example_short_circuit_decorator.py
[2022-12-30T00:23:37.065+0000] {processor.py:743} INFO - Processing file /home/airflow/.local/lib/python3.7/site-packages/airflow/example_dags/example_short_circuit_decorator.py for tasks to queue
[2022-12-30T00:23:37.065+0000] {logging_mixin.py:137} INFO - [2022-12-30T00:23:37.065+0000] {dagbag.py:538} INFO - Filling up the DagBag from /home/airflow/.local/lib/python3.7/site-packages/airflow/example_dags/example_short_circuit_decorator.py
[2022-12-30T00:23:37.083+0000] {processor.py:753} INFO - DAG(s) dict_keys(['example_short_circuit_decorator']) retrieved from /home/airflow/.local/lib/python3.7/site-packages/airflow/example_dags/example_short_circuit_decorator.py
[2022-12-30T00:23:37.115+0000] {logging_mixin.py:137} INFO - [2022-12-30T00:23:37.115+0000] {dag.py:2676} INFO - Sync 1 DAGs
[2022-12-30T00:23:37.134+0000] {logging_mixin.py:137} INFO - [2022-12-30T00:23:37.134+0000] {dag.py:3427} INFO - Setting next_dagrun for example_short_circuit_decorator to 2022-12-29T00:23:37.133862+00:00, run_after=2022-12-30T00:23:37.133862+00:00
[2022-12-30T00:23:37.149+0000] {processor.py:175} INFO - Processing /home/airflow/.local/lib/python3.7/site-packages/airflow/example_dags/example_short_circuit_decorator.py took 0.086 seconds
[2022-12-30T00:24:07.678+0000] {processor.py:153} INFO - Started process (PID=38957) to work on /home/airflow/.local/lib/python3.7/site-packages/airflow/example_dags/example_short_circuit_decorator.py
[2022-12-30T00:24:07.679+0000] {processor.py:743} INFO - Processing file /home/airflow/.local/lib/python3.7/site-packages/airflow/example_dags/example_short_circuit_decorator.py for tasks to queue
[2022-12-30T00:24:07.679+0000] {logging_mixin.py:137} INFO - [2022-12-30T00:24:07.679+0000] {dagbag.py:538} INFO - Filling up the DagBag from /home/airflow/.local/lib/python3.7/site-packages/airflow/example_dags/example_short_circuit_decorator.py
[2022-12-30T00:24:07.700+0000] {processor.py:753} INFO - DAG(s) dict_keys(['example_short_circuit_decorator']) retrieved from /home/airflow/.local/lib/python3.7/site-packages/airflow/example_dags/example_short_circuit_decorator.py
[2022-12-30T00:24:07.732+0000] {logging_mixin.py:137} INFO - [2022-12-30T00:24:07.732+0000] {dag.py:2676} INFO - Sync 1 DAGs
[2022-12-30T00:24:07.751+0000] {logging_mixin.py:137} INFO - [2022-12-30T00:24:07.751+0000] {dag.py:3427} INFO - Setting next_dagrun for example_short_circuit_decorator to 2022-12-29T00:24:07.750809+00:00, run_after=2022-12-30T00:24:07.750809+00:00
[2022-12-30T00:24:07.767+0000] {processor.py:175} INFO - Processing /home/airflow/.local/lib/python3.7/site-packages/airflow/example_dags/example_short_circuit_decorator.py took 0.092 seconds
[2022-12-30T00:24:38.695+0000] {processor.py:153} INFO - Started process (PID=39039) to work on /home/airflow/.local/lib/python3.7/site-packages/airflow/example_dags/example_short_circuit_decorator.py
[2022-12-30T00:24:38.695+0000] {processor.py:743} INFO - Processing file /home/airflow/.local/lib/python3.7/site-packages/airflow/example_dags/example_short_circuit_decorator.py for tasks to queue
[2022-12-30T00:24:38.696+0000] {logging_mixin.py:137} INFO - [2022-12-30T00:24:38.696+0000] {dagbag.py:538} INFO - Filling up the DagBag from /home/airflow/.local/lib/python3.7/site-packages/airflow/example_dags/example_short_circuit_decorator.py
[2022-12-30T00:24:38.715+0000] {processor.py:753} INFO - DAG(s) dict_keys(['example_short_circuit_decorator']) retrieved from /home/airflow/.local/lib/python3.7/site-packages/airflow/example_dags/example_short_circuit_decorator.py
[2022-12-30T00:24:38.744+0000] {logging_mixin.py:137} INFO - [2022-12-30T00:24:38.743+0000] {dag.py:2676} INFO - Sync 1 DAGs
[2022-12-30T00:24:38.763+0000] {logging_mixin.py:137} INFO - [2022-12-30T00:24:38.762+0000] {dag.py:3427} INFO - Setting next_dagrun for example_short_circuit_decorator to 2022-12-29T00:24:38.762799+00:00, run_after=2022-12-30T00:24:38.762799+00:00
[2022-12-30T00:24:38.775+0000] {processor.py:175} INFO - Processing /home/airflow/.local/lib/python3.7/site-packages/airflow/example_dags/example_short_circuit_decorator.py took 0.083 seconds
[2022-12-30T00:25:09.107+0000] {processor.py:153} INFO - Started process (PID=39141) to work on /home/airflow/.local/lib/python3.7/site-packages/airflow/example_dags/example_short_circuit_decorator.py
[2022-12-30T00:25:09.107+0000] {processor.py:743} INFO - Processing file /home/airflow/.local/lib/python3.7/site-packages/airflow/example_dags/example_short_circuit_decorator.py for tasks to queue
[2022-12-30T00:25:09.108+0000] {logging_mixin.py:137} INFO - [2022-12-30T00:25:09.108+0000] {dagbag.py:538} INFO - Filling up the DagBag from /home/airflow/.local/lib/python3.7/site-packages/airflow/example_dags/example_short_circuit_decorator.py
[2022-12-30T00:25:09.126+0000] {processor.py:753} INFO - DAG(s) dict_keys(['example_short_circuit_decorator']) retrieved from /home/airflow/.local/lib/python3.7/site-packages/airflow/example_dags/example_short_circuit_decorator.py
[2022-12-30T00:25:09.159+0000] {logging_mixin.py:137} INFO - [2022-12-30T00:25:09.159+0000] {dag.py:2676} INFO - Sync 1 DAGs
[2022-12-30T00:25:09.180+0000] {logging_mixin.py:137} INFO - [2022-12-30T00:25:09.180+0000] {dag.py:3427} INFO - Setting next_dagrun for example_short_circuit_decorator to 2022-12-29T00:25:09.179946+00:00, run_after=2022-12-30T00:25:09.179946+00:00
[2022-12-30T00:25:09.194+0000] {processor.py:175} INFO - Processing /home/airflow/.local/lib/python3.7/site-packages/airflow/example_dags/example_short_circuit_decorator.py took 0.091 seconds
[2022-12-30T00:25:39.632+0000] {processor.py:153} INFO - Started process (PID=39223) to work on /home/airflow/.local/lib/python3.7/site-packages/airflow/example_dags/example_short_circuit_decorator.py
[2022-12-30T00:25:39.632+0000] {processor.py:743} INFO - Processing file /home/airflow/.local/lib/python3.7/site-packages/airflow/example_dags/example_short_circuit_decorator.py for tasks to queue
[2022-12-30T00:25:39.633+0000] {logging_mixin.py:137} INFO - [2022-12-30T00:25:39.633+0000] {dagbag.py:538} INFO - Filling up the DagBag from /home/airflow/.local/lib/python3.7/site-packages/airflow/example_dags/example_short_circuit_decorator.py
[2022-12-30T00:25:39.656+0000] {processor.py:753} INFO - DAG(s) dict_keys(['example_short_circuit_decorator']) retrieved from /home/airflow/.local/lib/python3.7/site-packages/airflow/example_dags/example_short_circuit_decorator.py
[2022-12-30T00:25:39.695+0000] {logging_mixin.py:137} INFO - [2022-12-30T00:25:39.695+0000] {dag.py:2676} INFO - Sync 1 DAGs
[2022-12-30T00:25:39.715+0000] {logging_mixin.py:137} INFO - [2022-12-30T00:25:39.715+0000] {dag.py:3427} INFO - Setting next_dagrun for example_short_circuit_decorator to 2022-12-29T00:25:39.715474+00:00, run_after=2022-12-30T00:25:39.715474+00:00
[2022-12-30T00:25:39.729+0000] {processor.py:175} INFO - Processing /home/airflow/.local/lib/python3.7/site-packages/airflow/example_dags/example_short_circuit_decorator.py took 0.100 seconds
[2022-12-30T00:26:10.268+0000] {processor.py:153} INFO - Started process (PID=39325) to work on /home/airflow/.local/lib/python3.7/site-packages/airflow/example_dags/example_short_circuit_decorator.py
[2022-12-30T00:26:10.272+0000] {processor.py:743} INFO - Processing file /home/airflow/.local/lib/python3.7/site-packages/airflow/example_dags/example_short_circuit_decorator.py for tasks to queue
[2022-12-30T00:26:10.273+0000] {logging_mixin.py:137} INFO - [2022-12-30T00:26:10.273+0000] {dagbag.py:538} INFO - Filling up the DagBag from /home/airflow/.local/lib/python3.7/site-packages/airflow/example_dags/example_short_circuit_decorator.py
[2022-12-30T00:26:10.290+0000] {processor.py:753} INFO - DAG(s) dict_keys(['example_short_circuit_decorator']) retrieved from /home/airflow/.local/lib/python3.7/site-packages/airflow/example_dags/example_short_circuit_decorator.py
[2022-12-30T00:26:10.320+0000] {logging_mixin.py:137} INFO - [2022-12-30T00:26:10.319+0000] {dag.py:2676} INFO - Sync 1 DAGs
[2022-12-30T00:26:10.337+0000] {logging_mixin.py:137} INFO - [2022-12-30T00:26:10.337+0000] {dag.py:3427} INFO - Setting next_dagrun for example_short_circuit_decorator to 2022-12-29T00:26:10.337270+00:00, run_after=2022-12-30T00:26:10.337270+00:00
[2022-12-30T00:26:10.354+0000] {processor.py:175} INFO - Processing /home/airflow/.local/lib/python3.7/site-packages/airflow/example_dags/example_short_circuit_decorator.py took 0.088 seconds
[2022-12-30T00:26:40.730+0000] {processor.py:153} INFO - Started process (PID=39416) to work on /home/airflow/.local/lib/python3.7/site-packages/airflow/example_dags/example_short_circuit_decorator.py
[2022-12-30T00:26:40.731+0000] {processor.py:743} INFO - Processing file /home/airflow/.local/lib/python3.7/site-packages/airflow/example_dags/example_short_circuit_decorator.py for tasks to queue
[2022-12-30T00:26:40.732+0000] {logging_mixin.py:137} INFO - [2022-12-30T00:26:40.732+0000] {dagbag.py:538} INFO - Filling up the DagBag from /home/airflow/.local/lib/python3.7/site-packages/airflow/example_dags/example_short_circuit_decorator.py
[2022-12-30T00:26:40.756+0000] {processor.py:753} INFO - DAG(s) dict_keys(['example_short_circuit_decorator']) retrieved from /home/airflow/.local/lib/python3.7/site-packages/airflow/example_dags/example_short_circuit_decorator.py
[2022-12-30T00:26:40.793+0000] {logging_mixin.py:137} INFO - [2022-12-30T00:26:40.793+0000] {dag.py:2676} INFO - Sync 1 DAGs
[2022-12-30T00:26:40.822+0000] {logging_mixin.py:137} INFO - [2022-12-30T00:26:40.822+0000] {dag.py:3427} INFO - Setting next_dagrun for example_short_circuit_decorator to 2022-12-29T00:26:40.822260+00:00, run_after=2022-12-30T00:26:40.822260+00:00
[2022-12-30T00:26:40.834+0000] {processor.py:175} INFO - Processing /home/airflow/.local/lib/python3.7/site-packages/airflow/example_dags/example_short_circuit_decorator.py took 0.107 seconds
[2022-12-30T00:27:10.977+0000] {processor.py:153} INFO - Started process (PID=39510) to work on /home/airflow/.local/lib/python3.7/site-packages/airflow/example_dags/example_short_circuit_decorator.py
[2022-12-30T00:27:10.978+0000] {processor.py:743} INFO - Processing file /home/airflow/.local/lib/python3.7/site-packages/airflow/example_dags/example_short_circuit_decorator.py for tasks to queue
[2022-12-30T00:27:10.978+0000] {logging_mixin.py:137} INFO - [2022-12-30T00:27:10.978+0000] {dagbag.py:538} INFO - Filling up the DagBag from /home/airflow/.local/lib/python3.7/site-packages/airflow/example_dags/example_short_circuit_decorator.py
[2022-12-30T00:27:10.996+0000] {processor.py:753} INFO - DAG(s) dict_keys(['example_short_circuit_decorator']) retrieved from /home/airflow/.local/lib/python3.7/site-packages/airflow/example_dags/example_short_circuit_decorator.py
[2022-12-30T00:27:11.023+0000] {logging_mixin.py:137} INFO - [2022-12-30T00:27:11.023+0000] {dag.py:2676} INFO - Sync 1 DAGs
[2022-12-30T00:27:11.044+0000] {logging_mixin.py:137} INFO - [2022-12-30T00:27:11.044+0000] {dag.py:3427} INFO - Setting next_dagrun for example_short_circuit_decorator to 2022-12-29T00:27:11.044063+00:00, run_after=2022-12-30T00:27:11.044063+00:00
[2022-12-30T00:27:11.057+0000] {processor.py:175} INFO - Processing /home/airflow/.local/lib/python3.7/site-packages/airflow/example_dags/example_short_circuit_decorator.py took 0.082 seconds
[2022-12-30T00:27:41.713+0000] {processor.py:153} INFO - Started process (PID=39612) to work on /home/airflow/.local/lib/python3.7/site-packages/airflow/example_dags/example_short_circuit_decorator.py
[2022-12-30T00:27:41.713+0000] {processor.py:743} INFO - Processing file /home/airflow/.local/lib/python3.7/site-packages/airflow/example_dags/example_short_circuit_decorator.py for tasks to queue
[2022-12-30T00:27:41.714+0000] {logging_mixin.py:137} INFO - [2022-12-30T00:27:41.714+0000] {dagbag.py:538} INFO - Filling up the DagBag from /home/airflow/.local/lib/python3.7/site-packages/airflow/example_dags/example_short_circuit_decorator.py
[2022-12-30T00:27:41.732+0000] {processor.py:753} INFO - DAG(s) dict_keys(['example_short_circuit_decorator']) retrieved from /home/airflow/.local/lib/python3.7/site-packages/airflow/example_dags/example_short_circuit_decorator.py
[2022-12-30T00:27:41.765+0000] {logging_mixin.py:137} INFO - [2022-12-30T00:27:41.765+0000] {dag.py:2676} INFO - Sync 1 DAGs
[2022-12-30T00:27:41.791+0000] {logging_mixin.py:137} INFO - [2022-12-30T00:27:41.791+0000] {dag.py:3427} INFO - Setting next_dagrun for example_short_circuit_decorator to 2022-12-29T00:27:41.790885+00:00, run_after=2022-12-30T00:27:41.790885+00:00
[2022-12-30T00:27:41.806+0000] {processor.py:175} INFO - Processing /home/airflow/.local/lib/python3.7/site-packages/airflow/example_dags/example_short_circuit_decorator.py took 0.096 seconds
[2022-12-30T00:28:11.852+0000] {processor.py:153} INFO - Started process (PID=39694) to work on /home/airflow/.local/lib/python3.7/site-packages/airflow/example_dags/example_short_circuit_decorator.py
[2022-12-30T00:28:11.856+0000] {processor.py:743} INFO - Processing file /home/airflow/.local/lib/python3.7/site-packages/airflow/example_dags/example_short_circuit_decorator.py for tasks to queue
[2022-12-30T00:28:11.856+0000] {logging_mixin.py:137} INFO - [2022-12-30T00:28:11.856+0000] {dagbag.py:538} INFO - Filling up the DagBag from /home/airflow/.local/lib/python3.7/site-packages/airflow/example_dags/example_short_circuit_decorator.py
[2022-12-30T00:28:11.874+0000] {processor.py:753} INFO - DAG(s) dict_keys(['example_short_circuit_decorator']) retrieved from /home/airflow/.local/lib/python3.7/site-packages/airflow/example_dags/example_short_circuit_decorator.py
[2022-12-30T00:28:11.903+0000] {logging_mixin.py:137} INFO - [2022-12-30T00:28:11.903+0000] {dag.py:2676} INFO - Sync 1 DAGs
[2022-12-30T00:28:11.922+0000] {logging_mixin.py:137} INFO - [2022-12-30T00:28:11.922+0000] {dag.py:3427} INFO - Setting next_dagrun for example_short_circuit_decorator to 2022-12-29T00:28:11.922420+00:00, run_after=2022-12-30T00:28:11.922420+00:00
[2022-12-30T00:28:11.936+0000] {processor.py:175} INFO - Processing /home/airflow/.local/lib/python3.7/site-packages/airflow/example_dags/example_short_circuit_decorator.py took 0.086 seconds
[2022-12-30T00:28:42.631+0000] {processor.py:153} INFO - Started process (PID=39796) to work on /home/airflow/.local/lib/python3.7/site-packages/airflow/example_dags/example_short_circuit_decorator.py
[2022-12-30T00:28:42.632+0000] {processor.py:743} INFO - Processing file /home/airflow/.local/lib/python3.7/site-packages/airflow/example_dags/example_short_circuit_decorator.py for tasks to queue
[2022-12-30T00:28:42.632+0000] {logging_mixin.py:137} INFO - [2022-12-30T00:28:42.632+0000] {dagbag.py:538} INFO - Filling up the DagBag from /home/airflow/.local/lib/python3.7/site-packages/airflow/example_dags/example_short_circuit_decorator.py
[2022-12-30T00:28:42.649+0000] {processor.py:753} INFO - DAG(s) dict_keys(['example_short_circuit_decorator']) retrieved from /home/airflow/.local/lib/python3.7/site-packages/airflow/example_dags/example_short_circuit_decorator.py
[2022-12-30T00:28:42.676+0000] {logging_mixin.py:137} INFO - [2022-12-30T00:28:42.676+0000] {dag.py:2676} INFO - Sync 1 DAGs
[2022-12-30T00:28:42.696+0000] {logging_mixin.py:137} INFO - [2022-12-30T00:28:42.696+0000] {dag.py:3427} INFO - Setting next_dagrun for example_short_circuit_decorator to 2022-12-29T00:28:42.696333+00:00, run_after=2022-12-30T00:28:42.696333+00:00
[2022-12-30T00:28:42.708+0000] {processor.py:175} INFO - Processing /home/airflow/.local/lib/python3.7/site-packages/airflow/example_dags/example_short_circuit_decorator.py took 0.079 seconds
[2022-12-30T00:29:12.749+0000] {processor.py:153} INFO - Started process (PID=39878) to work on /home/airflow/.local/lib/python3.7/site-packages/airflow/example_dags/example_short_circuit_decorator.py
[2022-12-30T00:29:12.749+0000] {processor.py:743} INFO - Processing file /home/airflow/.local/lib/python3.7/site-packages/airflow/example_dags/example_short_circuit_decorator.py for tasks to queue
[2022-12-30T00:29:12.750+0000] {logging_mixin.py:137} INFO - [2022-12-30T00:29:12.750+0000] {dagbag.py:538} INFO - Filling up the DagBag from /home/airflow/.local/lib/python3.7/site-packages/airflow/example_dags/example_short_circuit_decorator.py
[2022-12-30T00:29:12.770+0000] {processor.py:753} INFO - DAG(s) dict_keys(['example_short_circuit_decorator']) retrieved from /home/airflow/.local/lib/python3.7/site-packages/airflow/example_dags/example_short_circuit_decorator.py
[2022-12-30T00:29:12.797+0000] {logging_mixin.py:137} INFO - [2022-12-30T00:29:12.797+0000] {dag.py:2676} INFO - Sync 1 DAGs
[2022-12-30T00:29:12.816+0000] {logging_mixin.py:137} INFO - [2022-12-30T00:29:12.816+0000] {dag.py:3427} INFO - Setting next_dagrun for example_short_circuit_decorator to 2022-12-29T00:29:12.815831+00:00, run_after=2022-12-30T00:29:12.815831+00:00
[2022-12-30T00:29:12.828+0000] {processor.py:175} INFO - Processing /home/airflow/.local/lib/python3.7/site-packages/airflow/example_dags/example_short_circuit_decorator.py took 0.082 seconds
[2022-12-30T00:29:43.072+0000] {processor.py:153} INFO - Started process (PID=39980) to work on /home/airflow/.local/lib/python3.7/site-packages/airflow/example_dags/example_short_circuit_decorator.py
[2022-12-30T00:29:43.073+0000] {processor.py:743} INFO - Processing file /home/airflow/.local/lib/python3.7/site-packages/airflow/example_dags/example_short_circuit_decorator.py for tasks to queue
[2022-12-30T00:29:43.073+0000] {logging_mixin.py:137} INFO - [2022-12-30T00:29:43.073+0000] {dagbag.py:538} INFO - Filling up the DagBag from /home/airflow/.local/lib/python3.7/site-packages/airflow/example_dags/example_short_circuit_decorator.py
[2022-12-30T00:29:43.093+0000] {processor.py:753} INFO - DAG(s) dict_keys(['example_short_circuit_decorator']) retrieved from /home/airflow/.local/lib/python3.7/site-packages/airflow/example_dags/example_short_circuit_decorator.py
[2022-12-30T00:29:43.126+0000] {logging_mixin.py:137} INFO - [2022-12-30T00:29:43.126+0000] {dag.py:2676} INFO - Sync 1 DAGs
[2022-12-30T00:29:43.146+0000] {logging_mixin.py:137} INFO - [2022-12-30T00:29:43.146+0000] {dag.py:3427} INFO - Setting next_dagrun for example_short_circuit_decorator to 2022-12-29T00:29:43.145948+00:00, run_after=2022-12-30T00:29:43.145948+00:00
[2022-12-30T00:29:43.163+0000] {processor.py:175} INFO - Processing /home/airflow/.local/lib/python3.7/site-packages/airflow/example_dags/example_short_circuit_decorator.py took 0.094 seconds
[2022-12-30T00:30:13.521+0000] {processor.py:153} INFO - Started process (PID=40062) to work on /home/airflow/.local/lib/python3.7/site-packages/airflow/example_dags/example_short_circuit_decorator.py
[2022-12-30T00:30:13.522+0000] {processor.py:743} INFO - Processing file /home/airflow/.local/lib/python3.7/site-packages/airflow/example_dags/example_short_circuit_decorator.py for tasks to queue
[2022-12-30T00:30:13.522+0000] {logging_mixin.py:137} INFO - [2022-12-30T00:30:13.522+0000] {dagbag.py:538} INFO - Filling up the DagBag from /home/airflow/.local/lib/python3.7/site-packages/airflow/example_dags/example_short_circuit_decorator.py
[2022-12-30T00:30:13.542+0000] {processor.py:753} INFO - DAG(s) dict_keys(['example_short_circuit_decorator']) retrieved from /home/airflow/.local/lib/python3.7/site-packages/airflow/example_dags/example_short_circuit_decorator.py
[2022-12-30T00:30:13.576+0000] {logging_mixin.py:137} INFO - [2022-12-30T00:30:13.575+0000] {dag.py:2676} INFO - Sync 1 DAGs
[2022-12-30T00:30:13.596+0000] {logging_mixin.py:137} INFO - [2022-12-30T00:30:13.596+0000] {dag.py:3427} INFO - Setting next_dagrun for example_short_circuit_decorator to 2022-12-29T00:30:13.596532+00:00, run_after=2022-12-30T00:30:13.596532+00:00
[2022-12-30T00:30:13.610+0000] {processor.py:175} INFO - Processing /home/airflow/.local/lib/python3.7/site-packages/airflow/example_dags/example_short_circuit_decorator.py took 0.092 seconds
[2022-12-30T00:30:44.127+0000] {processor.py:153} INFO - Started process (PID=40164) to work on /home/airflow/.local/lib/python3.7/site-packages/airflow/example_dags/example_short_circuit_decorator.py
[2022-12-30T00:30:44.131+0000] {processor.py:743} INFO - Processing file /home/airflow/.local/lib/python3.7/site-packages/airflow/example_dags/example_short_circuit_decorator.py for tasks to queue
[2022-12-30T00:30:44.131+0000] {logging_mixin.py:137} INFO - [2022-12-30T00:30:44.131+0000] {dagbag.py:538} INFO - Filling up the DagBag from /home/airflow/.local/lib/python3.7/site-packages/airflow/example_dags/example_short_circuit_decorator.py
[2022-12-30T00:30:44.149+0000] {processor.py:753} INFO - DAG(s) dict_keys(['example_short_circuit_decorator']) retrieved from /home/airflow/.local/lib/python3.7/site-packages/airflow/example_dags/example_short_circuit_decorator.py
[2022-12-30T00:30:44.179+0000] {logging_mixin.py:137} INFO - [2022-12-30T00:30:44.179+0000] {dag.py:2676} INFO - Sync 1 DAGs
[2022-12-30T00:30:44.199+0000] {logging_mixin.py:137} INFO - [2022-12-30T00:30:44.199+0000] {dag.py:3427} INFO - Setting next_dagrun for example_short_circuit_decorator to 2022-12-29T00:30:44.199157+00:00, run_after=2022-12-30T00:30:44.199157+00:00
[2022-12-30T00:30:44.212+0000] {processor.py:175} INFO - Processing /home/airflow/.local/lib/python3.7/site-packages/airflow/example_dags/example_short_circuit_decorator.py took 0.088 seconds
[2022-12-30T00:31:14.604+0000] {processor.py:153} INFO - Started process (PID=40246) to work on /home/airflow/.local/lib/python3.7/site-packages/airflow/example_dags/example_short_circuit_decorator.py
[2022-12-30T00:31:14.605+0000] {processor.py:743} INFO - Processing file /home/airflow/.local/lib/python3.7/site-packages/airflow/example_dags/example_short_circuit_decorator.py for tasks to queue
[2022-12-30T00:31:14.605+0000] {logging_mixin.py:137} INFO - [2022-12-30T00:31:14.605+0000] {dagbag.py:538} INFO - Filling up the DagBag from /home/airflow/.local/lib/python3.7/site-packages/airflow/example_dags/example_short_circuit_decorator.py
[2022-12-30T00:31:14.624+0000] {processor.py:753} INFO - DAG(s) dict_keys(['example_short_circuit_decorator']) retrieved from /home/airflow/.local/lib/python3.7/site-packages/airflow/example_dags/example_short_circuit_decorator.py
[2022-12-30T00:31:14.654+0000] {logging_mixin.py:137} INFO - [2022-12-30T00:31:14.654+0000] {dag.py:2676} INFO - Sync 1 DAGs
[2022-12-30T00:31:14.673+0000] {logging_mixin.py:137} INFO - [2022-12-30T00:31:14.673+0000] {dag.py:3427} INFO - Setting next_dagrun for example_short_circuit_decorator to 2022-12-29T00:31:14.672847+00:00, run_after=2022-12-30T00:31:14.672847+00:00
[2022-12-30T00:31:14.686+0000] {processor.py:175} INFO - Processing /home/airflow/.local/lib/python3.7/site-packages/airflow/example_dags/example_short_circuit_decorator.py took 0.085 seconds
[2022-12-30T00:31:45.129+0000] {processor.py:153} INFO - Started process (PID=40348) to work on /home/airflow/.local/lib/python3.7/site-packages/airflow/example_dags/example_short_circuit_decorator.py
[2022-12-30T00:31:45.130+0000] {processor.py:743} INFO - Processing file /home/airflow/.local/lib/python3.7/site-packages/airflow/example_dags/example_short_circuit_decorator.py for tasks to queue
[2022-12-30T00:31:45.130+0000] {logging_mixin.py:137} INFO - [2022-12-30T00:31:45.130+0000] {dagbag.py:538} INFO - Filling up the DagBag from /home/airflow/.local/lib/python3.7/site-packages/airflow/example_dags/example_short_circuit_decorator.py
[2022-12-30T00:31:45.153+0000] {processor.py:753} INFO - DAG(s) dict_keys(['example_short_circuit_decorator']) retrieved from /home/airflow/.local/lib/python3.7/site-packages/airflow/example_dags/example_short_circuit_decorator.py
[2022-12-30T00:31:45.183+0000] {logging_mixin.py:137} INFO - [2022-12-30T00:31:45.183+0000] {dag.py:2676} INFO - Sync 1 DAGs
[2022-12-30T00:31:45.203+0000] {logging_mixin.py:137} INFO - [2022-12-30T00:31:45.203+0000] {dag.py:3427} INFO - Setting next_dagrun for example_short_circuit_decorator to 2022-12-29T00:31:45.203127+00:00, run_after=2022-12-30T00:31:45.203127+00:00
[2022-12-30T00:31:45.216+0000] {processor.py:175} INFO - Processing /home/airflow/.local/lib/python3.7/site-packages/airflow/example_dags/example_short_circuit_decorator.py took 0.090 seconds
[2022-12-30T00:32:15.525+0000] {processor.py:153} INFO - Started process (PID=40438) to work on /home/airflow/.local/lib/python3.7/site-packages/airflow/example_dags/example_short_circuit_decorator.py
[2022-12-30T00:32:15.526+0000] {processor.py:743} INFO - Processing file /home/airflow/.local/lib/python3.7/site-packages/airflow/example_dags/example_short_circuit_decorator.py for tasks to queue
[2022-12-30T00:32:15.527+0000] {logging_mixin.py:137} INFO - [2022-12-30T00:32:15.527+0000] {dagbag.py:538} INFO - Filling up the DagBag from /home/airflow/.local/lib/python3.7/site-packages/airflow/example_dags/example_short_circuit_decorator.py
[2022-12-30T00:32:15.547+0000] {processor.py:753} INFO - DAG(s) dict_keys(['example_short_circuit_decorator']) retrieved from /home/airflow/.local/lib/python3.7/site-packages/airflow/example_dags/example_short_circuit_decorator.py
[2022-12-30T00:32:15.583+0000] {logging_mixin.py:137} INFO - [2022-12-30T00:32:15.583+0000] {dag.py:2676} INFO - Sync 1 DAGs
[2022-12-30T00:32:15.605+0000] {logging_mixin.py:137} INFO - [2022-12-30T00:32:15.605+0000] {dag.py:3427} INFO - Setting next_dagrun for example_short_circuit_decorator to 2022-12-29T00:32:15.604892+00:00, run_after=2022-12-30T00:32:15.604892+00:00
[2022-12-30T00:32:15.619+0000] {processor.py:175} INFO - Processing /home/airflow/.local/lib/python3.7/site-packages/airflow/example_dags/example_short_circuit_decorator.py took 0.097 seconds
[2022-12-30T00:32:45.762+0000] {processor.py:153} INFO - Started process (PID=40533) to work on /home/airflow/.local/lib/python3.7/site-packages/airflow/example_dags/example_short_circuit_decorator.py
[2022-12-30T00:32:45.762+0000] {processor.py:743} INFO - Processing file /home/airflow/.local/lib/python3.7/site-packages/airflow/example_dags/example_short_circuit_decorator.py for tasks to queue
[2022-12-30T00:32:45.763+0000] {logging_mixin.py:137} INFO - [2022-12-30T00:32:45.763+0000] {dagbag.py:538} INFO - Filling up the DagBag from /home/airflow/.local/lib/python3.7/site-packages/airflow/example_dags/example_short_circuit_decorator.py
[2022-12-30T00:32:45.781+0000] {processor.py:753} INFO - DAG(s) dict_keys(['example_short_circuit_decorator']) retrieved from /home/airflow/.local/lib/python3.7/site-packages/airflow/example_dags/example_short_circuit_decorator.py
[2022-12-30T00:32:45.811+0000] {logging_mixin.py:137} INFO - [2022-12-30T00:32:45.811+0000] {dag.py:2676} INFO - Sync 1 DAGs
[2022-12-30T00:32:45.831+0000] {logging_mixin.py:137} INFO - [2022-12-30T00:32:45.831+0000] {dag.py:3427} INFO - Setting next_dagrun for example_short_circuit_decorator to 2022-12-29T00:32:45.831165+00:00, run_after=2022-12-30T00:32:45.831165+00:00
[2022-12-30T00:32:45.845+0000] {processor.py:175} INFO - Processing /home/airflow/.local/lib/python3.7/site-packages/airflow/example_dags/example_short_circuit_decorator.py took 0.087 seconds
[2022-12-30T00:33:16.562+0000] {processor.py:153} INFO - Started process (PID=40635) to work on /home/airflow/.local/lib/python3.7/site-packages/airflow/example_dags/example_short_circuit_decorator.py
[2022-12-30T00:33:16.563+0000] {processor.py:743} INFO - Processing file /home/airflow/.local/lib/python3.7/site-packages/airflow/example_dags/example_short_circuit_decorator.py for tasks to queue
[2022-12-30T00:33:16.563+0000] {logging_mixin.py:137} INFO - [2022-12-30T00:33:16.563+0000] {dagbag.py:538} INFO - Filling up the DagBag from /home/airflow/.local/lib/python3.7/site-packages/airflow/example_dags/example_short_circuit_decorator.py
[2022-12-30T00:33:16.583+0000] {processor.py:753} INFO - DAG(s) dict_keys(['example_short_circuit_decorator']) retrieved from /home/airflow/.local/lib/python3.7/site-packages/airflow/example_dags/example_short_circuit_decorator.py
[2022-12-30T00:33:16.618+0000] {logging_mixin.py:137} INFO - [2022-12-30T00:33:16.618+0000] {dag.py:2676} INFO - Sync 1 DAGs
[2022-12-30T00:33:16.646+0000] {logging_mixin.py:137} INFO - [2022-12-30T00:33:16.646+0000] {dag.py:3427} INFO - Setting next_dagrun for example_short_circuit_decorator to 2022-12-29T00:33:16.646584+00:00, run_after=2022-12-30T00:33:16.646584+00:00
[2022-12-30T00:33:16.664+0000] {processor.py:175} INFO - Processing /home/airflow/.local/lib/python3.7/site-packages/airflow/example_dags/example_short_circuit_decorator.py took 0.107 seconds
[2022-12-30T00:33:47.118+0000] {processor.py:153} INFO - Started process (PID=40717) to work on /home/airflow/.local/lib/python3.7/site-packages/airflow/example_dags/example_short_circuit_decorator.py
[2022-12-30T00:33:47.118+0000] {processor.py:743} INFO - Processing file /home/airflow/.local/lib/python3.7/site-packages/airflow/example_dags/example_short_circuit_decorator.py for tasks to queue
[2022-12-30T00:33:47.119+0000] {logging_mixin.py:137} INFO - [2022-12-30T00:33:47.119+0000] {dagbag.py:538} INFO - Filling up the DagBag from /home/airflow/.local/lib/python3.7/site-packages/airflow/example_dags/example_short_circuit_decorator.py
[2022-12-30T00:33:47.136+0000] {processor.py:753} INFO - DAG(s) dict_keys(['example_short_circuit_decorator']) retrieved from /home/airflow/.local/lib/python3.7/site-packages/airflow/example_dags/example_short_circuit_decorator.py
[2022-12-30T00:33:47.164+0000] {logging_mixin.py:137} INFO - [2022-12-30T00:33:47.164+0000] {dag.py:2676} INFO - Sync 1 DAGs
[2022-12-30T00:33:47.183+0000] {logging_mixin.py:137} INFO - [2022-12-30T00:33:47.183+0000] {dag.py:3427} INFO - Setting next_dagrun for example_short_circuit_decorator to 2022-12-29T00:33:47.183192+00:00, run_after=2022-12-30T00:33:47.183192+00:00
[2022-12-30T00:33:47.195+0000] {processor.py:175} INFO - Processing /home/airflow/.local/lib/python3.7/site-packages/airflow/example_dags/example_short_circuit_decorator.py took 0.080 seconds
