[2022-12-30T00:00:07.947+0000] {processor.py:153} INFO - Started process (PID=34523) to work on /home/airflow/.local/lib/python3.7/site-packages/airflow/example_dags/example_nested_branch_dag.py
[2022-12-30T00:00:07.948+0000] {processor.py:743} INFO - Processing file /home/airflow/.local/lib/python3.7/site-packages/airflow/example_dags/example_nested_branch_dag.py for tasks to queue
[2022-12-30T00:00:07.948+0000] {logging_mixin.py:137} INFO - [2022-12-30T00:00:07.948+0000] {dagbag.py:538} INFO - Filling up the DagBag from /home/airflow/.local/lib/python3.7/site-packages/airflow/example_dags/example_nested_branch_dag.py
[2022-12-30T00:00:07.967+0000] {processor.py:753} INFO - DAG(s) dict_keys(['example_nested_branch_dag']) retrieved from /home/airflow/.local/lib/python3.7/site-packages/airflow/example_dags/example_nested_branch_dag.py
[2022-12-30T00:00:07.996+0000] {logging_mixin.py:137} INFO - [2022-12-30T00:00:07.996+0000] {dag.py:2676} INFO - Sync 1 DAGs
[2022-12-30T00:00:08.016+0000] {logging_mixin.py:137} INFO - [2022-12-30T00:00:08.016+0000] {dag.py:3427} INFO - Setting next_dagrun for example_nested_branch_dag to 2022-12-29T00:00:00+00:00, run_after=2022-12-30T00:00:00+00:00
[2022-12-30T00:00:08.030+0000] {processor.py:175} INFO - Processing /home/airflow/.local/lib/python3.7/site-packages/airflow/example_dags/example_nested_branch_dag.py took 0.085 seconds
[2022-12-30T00:00:38.788+0000] {processor.py:153} INFO - Started process (PID=34626) to work on /home/airflow/.local/lib/python3.7/site-packages/airflow/example_dags/example_nested_branch_dag.py
[2022-12-30T00:00:38.789+0000] {processor.py:743} INFO - Processing file /home/airflow/.local/lib/python3.7/site-packages/airflow/example_dags/example_nested_branch_dag.py for tasks to queue
[2022-12-30T00:00:38.789+0000] {logging_mixin.py:137} INFO - [2022-12-30T00:00:38.789+0000] {dagbag.py:538} INFO - Filling up the DagBag from /home/airflow/.local/lib/python3.7/site-packages/airflow/example_dags/example_nested_branch_dag.py
[2022-12-30T00:00:38.806+0000] {processor.py:753} INFO - DAG(s) dict_keys(['example_nested_branch_dag']) retrieved from /home/airflow/.local/lib/python3.7/site-packages/airflow/example_dags/example_nested_branch_dag.py
[2022-12-30T00:00:38.836+0000] {logging_mixin.py:137} INFO - [2022-12-30T00:00:38.836+0000] {dag.py:2676} INFO - Sync 1 DAGs
[2022-12-30T00:00:38.859+0000] {logging_mixin.py:137} INFO - [2022-12-30T00:00:38.859+0000] {dag.py:3427} INFO - Setting next_dagrun for example_nested_branch_dag to 2022-12-29T00:00:00+00:00, run_after=2022-12-30T00:00:00+00:00
[2022-12-30T00:00:38.871+0000] {processor.py:175} INFO - Processing /home/airflow/.local/lib/python3.7/site-packages/airflow/example_dags/example_nested_branch_dag.py took 0.085 seconds
[2022-12-30T00:01:09.248+0000] {processor.py:153} INFO - Started process (PID=34708) to work on /home/airflow/.local/lib/python3.7/site-packages/airflow/example_dags/example_nested_branch_dag.py
[2022-12-30T00:01:09.248+0000] {processor.py:743} INFO - Processing file /home/airflow/.local/lib/python3.7/site-packages/airflow/example_dags/example_nested_branch_dag.py for tasks to queue
[2022-12-30T00:01:09.249+0000] {logging_mixin.py:137} INFO - [2022-12-30T00:01:09.249+0000] {dagbag.py:538} INFO - Filling up the DagBag from /home/airflow/.local/lib/python3.7/site-packages/airflow/example_dags/example_nested_branch_dag.py
[2022-12-30T00:01:09.268+0000] {processor.py:753} INFO - DAG(s) dict_keys(['example_nested_branch_dag']) retrieved from /home/airflow/.local/lib/python3.7/site-packages/airflow/example_dags/example_nested_branch_dag.py
[2022-12-30T00:01:09.296+0000] {logging_mixin.py:137} INFO - [2022-12-30T00:01:09.296+0000] {dag.py:2676} INFO - Sync 1 DAGs
[2022-12-30T00:01:09.320+0000] {logging_mixin.py:137} INFO - [2022-12-30T00:01:09.320+0000] {dag.py:3427} INFO - Setting next_dagrun for example_nested_branch_dag to 2022-12-29T00:00:00+00:00, run_after=2022-12-30T00:00:00+00:00
[2022-12-30T00:01:09.334+0000] {processor.py:175} INFO - Processing /home/airflow/.local/lib/python3.7/site-packages/airflow/example_dags/example_nested_branch_dag.py took 0.088 seconds
[2022-12-30T00:01:39.780+0000] {processor.py:153} INFO - Started process (PID=34810) to work on /home/airflow/.local/lib/python3.7/site-packages/airflow/example_dags/example_nested_branch_dag.py
[2022-12-30T00:01:39.781+0000] {processor.py:743} INFO - Processing file /home/airflow/.local/lib/python3.7/site-packages/airflow/example_dags/example_nested_branch_dag.py for tasks to queue
[2022-12-30T00:01:39.781+0000] {logging_mixin.py:137} INFO - [2022-12-30T00:01:39.781+0000] {dagbag.py:538} INFO - Filling up the DagBag from /home/airflow/.local/lib/python3.7/site-packages/airflow/example_dags/example_nested_branch_dag.py
[2022-12-30T00:01:39.799+0000] {processor.py:753} INFO - DAG(s) dict_keys(['example_nested_branch_dag']) retrieved from /home/airflow/.local/lib/python3.7/site-packages/airflow/example_dags/example_nested_branch_dag.py
[2022-12-30T00:01:39.828+0000] {logging_mixin.py:137} INFO - [2022-12-30T00:01:39.828+0000] {dag.py:2676} INFO - Sync 1 DAGs
[2022-12-30T00:01:39.848+0000] {logging_mixin.py:137} INFO - [2022-12-30T00:01:39.848+0000] {dag.py:3427} INFO - Setting next_dagrun for example_nested_branch_dag to 2022-12-29T00:00:00+00:00, run_after=2022-12-30T00:00:00+00:00
[2022-12-30T00:01:39.863+0000] {processor.py:175} INFO - Processing /home/airflow/.local/lib/python3.7/site-packages/airflow/example_dags/example_nested_branch_dag.py took 0.086 seconds
[2022-12-30T00:02:10.357+0000] {processor.py:153} INFO - Started process (PID=34912) to work on /home/airflow/.local/lib/python3.7/site-packages/airflow/example_dags/example_nested_branch_dag.py
[2022-12-30T00:02:10.358+0000] {processor.py:743} INFO - Processing file /home/airflow/.local/lib/python3.7/site-packages/airflow/example_dags/example_nested_branch_dag.py for tasks to queue
[2022-12-30T00:02:10.358+0000] {logging_mixin.py:137} INFO - [2022-12-30T00:02:10.358+0000] {dagbag.py:538} INFO - Filling up the DagBag from /home/airflow/.local/lib/python3.7/site-packages/airflow/example_dags/example_nested_branch_dag.py
[2022-12-30T00:02:10.377+0000] {processor.py:753} INFO - DAG(s) dict_keys(['example_nested_branch_dag']) retrieved from /home/airflow/.local/lib/python3.7/site-packages/airflow/example_dags/example_nested_branch_dag.py
[2022-12-30T00:02:10.410+0000] {logging_mixin.py:137} INFO - [2022-12-30T00:02:10.410+0000] {dag.py:2676} INFO - Sync 1 DAGs
[2022-12-30T00:02:10.438+0000] {logging_mixin.py:137} INFO - [2022-12-30T00:02:10.438+0000] {dag.py:3427} INFO - Setting next_dagrun for example_nested_branch_dag to 2022-12-29T00:00:00+00:00, run_after=2022-12-30T00:00:00+00:00
[2022-12-30T00:02:10.455+0000] {processor.py:175} INFO - Processing /home/airflow/.local/lib/python3.7/site-packages/airflow/example_dags/example_nested_branch_dag.py took 0.101 seconds
[2022-12-30T00:02:40.877+0000] {processor.py:153} INFO - Started process (PID=34994) to work on /home/airflow/.local/lib/python3.7/site-packages/airflow/example_dags/example_nested_branch_dag.py
[2022-12-30T00:02:40.878+0000] {processor.py:743} INFO - Processing file /home/airflow/.local/lib/python3.7/site-packages/airflow/example_dags/example_nested_branch_dag.py for tasks to queue
[2022-12-30T00:02:40.878+0000] {logging_mixin.py:137} INFO - [2022-12-30T00:02:40.878+0000] {dagbag.py:538} INFO - Filling up the DagBag from /home/airflow/.local/lib/python3.7/site-packages/airflow/example_dags/example_nested_branch_dag.py
[2022-12-30T00:02:40.897+0000] {processor.py:753} INFO - DAG(s) dict_keys(['example_nested_branch_dag']) retrieved from /home/airflow/.local/lib/python3.7/site-packages/airflow/example_dags/example_nested_branch_dag.py
[2022-12-30T00:02:40.929+0000] {logging_mixin.py:137} INFO - [2022-12-30T00:02:40.929+0000] {dag.py:2676} INFO - Sync 1 DAGs
[2022-12-30T00:02:40.948+0000] {logging_mixin.py:137} INFO - [2022-12-30T00:02:40.948+0000] {dag.py:3427} INFO - Setting next_dagrun for example_nested_branch_dag to 2022-12-29T00:00:00+00:00, run_after=2022-12-30T00:00:00+00:00
[2022-12-30T00:02:40.959+0000] {processor.py:175} INFO - Processing /home/airflow/.local/lib/python3.7/site-packages/airflow/example_dags/example_nested_branch_dag.py took 0.085 seconds
[2022-12-30T00:03:11.434+0000] {processor.py:153} INFO - Started process (PID=35096) to work on /home/airflow/.local/lib/python3.7/site-packages/airflow/example_dags/example_nested_branch_dag.py
[2022-12-30T00:03:11.435+0000] {processor.py:743} INFO - Processing file /home/airflow/.local/lib/python3.7/site-packages/airflow/example_dags/example_nested_branch_dag.py for tasks to queue
[2022-12-30T00:03:11.435+0000] {logging_mixin.py:137} INFO - [2022-12-30T00:03:11.435+0000] {dagbag.py:538} INFO - Filling up the DagBag from /home/airflow/.local/lib/python3.7/site-packages/airflow/example_dags/example_nested_branch_dag.py
[2022-12-30T00:03:11.452+0000] {processor.py:753} INFO - DAG(s) dict_keys(['example_nested_branch_dag']) retrieved from /home/airflow/.local/lib/python3.7/site-packages/airflow/example_dags/example_nested_branch_dag.py
[2022-12-30T00:03:11.477+0000] {logging_mixin.py:137} INFO - [2022-12-30T00:03:11.477+0000] {dag.py:2676} INFO - Sync 1 DAGs
[2022-12-30T00:03:11.499+0000] {logging_mixin.py:137} INFO - [2022-12-30T00:03:11.499+0000] {dag.py:3427} INFO - Setting next_dagrun for example_nested_branch_dag to 2022-12-29T00:00:00+00:00, run_after=2022-12-30T00:00:00+00:00
[2022-12-30T00:03:11.512+0000] {processor.py:175} INFO - Processing /home/airflow/.local/lib/python3.7/site-packages/airflow/example_dags/example_nested_branch_dag.py took 0.082 seconds
[2022-12-30T00:03:41.899+0000] {processor.py:153} INFO - Started process (PID=35178) to work on /home/airflow/.local/lib/python3.7/site-packages/airflow/example_dags/example_nested_branch_dag.py
[2022-12-30T00:03:41.900+0000] {processor.py:743} INFO - Processing file /home/airflow/.local/lib/python3.7/site-packages/airflow/example_dags/example_nested_branch_dag.py for tasks to queue
[2022-12-30T00:03:41.901+0000] {logging_mixin.py:137} INFO - [2022-12-30T00:03:41.901+0000] {dagbag.py:538} INFO - Filling up the DagBag from /home/airflow/.local/lib/python3.7/site-packages/airflow/example_dags/example_nested_branch_dag.py
[2022-12-30T00:03:41.919+0000] {processor.py:753} INFO - DAG(s) dict_keys(['example_nested_branch_dag']) retrieved from /home/airflow/.local/lib/python3.7/site-packages/airflow/example_dags/example_nested_branch_dag.py
[2022-12-30T00:03:41.945+0000] {logging_mixin.py:137} INFO - [2022-12-30T00:03:41.945+0000] {dag.py:2676} INFO - Sync 1 DAGs
[2022-12-30T00:03:41.971+0000] {logging_mixin.py:137} INFO - [2022-12-30T00:03:41.971+0000] {dag.py:3427} INFO - Setting next_dagrun for example_nested_branch_dag to 2022-12-29T00:00:00+00:00, run_after=2022-12-30T00:00:00+00:00
[2022-12-30T00:03:41.988+0000] {processor.py:175} INFO - Processing /home/airflow/.local/lib/python3.7/site-packages/airflow/example_dags/example_nested_branch_dag.py took 0.092 seconds
[2022-12-30T00:04:12.778+0000] {processor.py:153} INFO - Started process (PID=35280) to work on /home/airflow/.local/lib/python3.7/site-packages/airflow/example_dags/example_nested_branch_dag.py
[2022-12-30T00:04:12.779+0000] {processor.py:743} INFO - Processing file /home/airflow/.local/lib/python3.7/site-packages/airflow/example_dags/example_nested_branch_dag.py for tasks to queue
[2022-12-30T00:04:12.779+0000] {logging_mixin.py:137} INFO - [2022-12-30T00:04:12.779+0000] {dagbag.py:538} INFO - Filling up the DagBag from /home/airflow/.local/lib/python3.7/site-packages/airflow/example_dags/example_nested_branch_dag.py
[2022-12-30T00:04:12.796+0000] {processor.py:753} INFO - DAG(s) dict_keys(['example_nested_branch_dag']) retrieved from /home/airflow/.local/lib/python3.7/site-packages/airflow/example_dags/example_nested_branch_dag.py
[2022-12-30T00:04:12.827+0000] {logging_mixin.py:137} INFO - [2022-12-30T00:04:12.827+0000] {dag.py:2676} INFO - Sync 1 DAGs
[2022-12-30T00:04:12.845+0000] {logging_mixin.py:137} INFO - [2022-12-30T00:04:12.845+0000] {dag.py:3427} INFO - Setting next_dagrun for example_nested_branch_dag to 2022-12-29T00:00:00+00:00, run_after=2022-12-30T00:00:00+00:00
[2022-12-30T00:04:12.857+0000] {processor.py:175} INFO - Processing /home/airflow/.local/lib/python3.7/site-packages/airflow/example_dags/example_nested_branch_dag.py took 0.082 seconds
[2022-12-30T00:04:43.379+0000] {processor.py:153} INFO - Started process (PID=35371) to work on /home/airflow/.local/lib/python3.7/site-packages/airflow/example_dags/example_nested_branch_dag.py
[2022-12-30T00:04:43.379+0000] {processor.py:743} INFO - Processing file /home/airflow/.local/lib/python3.7/site-packages/airflow/example_dags/example_nested_branch_dag.py for tasks to queue
[2022-12-30T00:04:43.380+0000] {logging_mixin.py:137} INFO - [2022-12-30T00:04:43.380+0000] {dagbag.py:538} INFO - Filling up the DagBag from /home/airflow/.local/lib/python3.7/site-packages/airflow/example_dags/example_nested_branch_dag.py
[2022-12-30T00:04:43.399+0000] {processor.py:753} INFO - DAG(s) dict_keys(['example_nested_branch_dag']) retrieved from /home/airflow/.local/lib/python3.7/site-packages/airflow/example_dags/example_nested_branch_dag.py
[2022-12-30T00:04:43.426+0000] {logging_mixin.py:137} INFO - [2022-12-30T00:04:43.425+0000] {dag.py:2676} INFO - Sync 1 DAGs
[2022-12-30T00:04:43.454+0000] {logging_mixin.py:137} INFO - [2022-12-30T00:04:43.454+0000] {dag.py:3427} INFO - Setting next_dagrun for example_nested_branch_dag to 2022-12-29T00:00:00+00:00, run_after=2022-12-30T00:00:00+00:00
[2022-12-30T00:04:43.470+0000] {processor.py:175} INFO - Processing /home/airflow/.local/lib/python3.7/site-packages/airflow/example_dags/example_nested_branch_dag.py took 0.093 seconds
[2022-12-30T00:05:14.036+0000] {processor.py:153} INFO - Started process (PID=35464) to work on /home/airflow/.local/lib/python3.7/site-packages/airflow/example_dags/example_nested_branch_dag.py
[2022-12-30T00:05:14.037+0000] {processor.py:743} INFO - Processing file /home/airflow/.local/lib/python3.7/site-packages/airflow/example_dags/example_nested_branch_dag.py for tasks to queue
[2022-12-30T00:05:14.037+0000] {logging_mixin.py:137} INFO - [2022-12-30T00:05:14.037+0000] {dagbag.py:538} INFO - Filling up the DagBag from /home/airflow/.local/lib/python3.7/site-packages/airflow/example_dags/example_nested_branch_dag.py
[2022-12-30T00:05:14.053+0000] {processor.py:753} INFO - DAG(s) dict_keys(['example_nested_branch_dag']) retrieved from /home/airflow/.local/lib/python3.7/site-packages/airflow/example_dags/example_nested_branch_dag.py
[2022-12-30T00:05:14.079+0000] {logging_mixin.py:137} INFO - [2022-12-30T00:05:14.079+0000] {dag.py:2676} INFO - Sync 1 DAGs
[2022-12-30T00:05:14.098+0000] {logging_mixin.py:137} INFO - [2022-12-30T00:05:14.098+0000] {dag.py:3427} INFO - Setting next_dagrun for example_nested_branch_dag to 2022-12-29T00:00:00+00:00, run_after=2022-12-30T00:00:00+00:00
[2022-12-30T00:05:14.109+0000] {processor.py:175} INFO - Processing /home/airflow/.local/lib/python3.7/site-packages/airflow/example_dags/example_nested_branch_dag.py took 0.076 seconds
[2022-12-30T00:05:44.338+0000] {processor.py:153} INFO - Started process (PID=35566) to work on /home/airflow/.local/lib/python3.7/site-packages/airflow/example_dags/example_nested_branch_dag.py
[2022-12-30T00:05:44.339+0000] {processor.py:743} INFO - Processing file /home/airflow/.local/lib/python3.7/site-packages/airflow/example_dags/example_nested_branch_dag.py for tasks to queue
[2022-12-30T00:05:44.339+0000] {logging_mixin.py:137} INFO - [2022-12-30T00:05:44.339+0000] {dagbag.py:538} INFO - Filling up the DagBag from /home/airflow/.local/lib/python3.7/site-packages/airflow/example_dags/example_nested_branch_dag.py
[2022-12-30T00:05:44.355+0000] {processor.py:753} INFO - DAG(s) dict_keys(['example_nested_branch_dag']) retrieved from /home/airflow/.local/lib/python3.7/site-packages/airflow/example_dags/example_nested_branch_dag.py
[2022-12-30T00:05:44.381+0000] {logging_mixin.py:137} INFO - [2022-12-30T00:05:44.380+0000] {dag.py:2676} INFO - Sync 1 DAGs
[2022-12-30T00:05:44.400+0000] {logging_mixin.py:137} INFO - [2022-12-30T00:05:44.400+0000] {dag.py:3427} INFO - Setting next_dagrun for example_nested_branch_dag to 2022-12-29T00:00:00+00:00, run_after=2022-12-30T00:00:00+00:00
[2022-12-30T00:05:44.411+0000] {processor.py:175} INFO - Processing /home/airflow/.local/lib/python3.7/site-packages/airflow/example_dags/example_nested_branch_dag.py took 0.076 seconds
[2022-12-30T00:06:14.735+0000] {processor.py:153} INFO - Started process (PID=35648) to work on /home/airflow/.local/lib/python3.7/site-packages/airflow/example_dags/example_nested_branch_dag.py
[2022-12-30T00:06:14.736+0000] {processor.py:743} INFO - Processing file /home/airflow/.local/lib/python3.7/site-packages/airflow/example_dags/example_nested_branch_dag.py for tasks to queue
[2022-12-30T00:06:14.736+0000] {logging_mixin.py:137} INFO - [2022-12-30T00:06:14.736+0000] {dagbag.py:538} INFO - Filling up the DagBag from /home/airflow/.local/lib/python3.7/site-packages/airflow/example_dags/example_nested_branch_dag.py
[2022-12-30T00:06:14.753+0000] {processor.py:753} INFO - DAG(s) dict_keys(['example_nested_branch_dag']) retrieved from /home/airflow/.local/lib/python3.7/site-packages/airflow/example_dags/example_nested_branch_dag.py
[2022-12-30T00:06:14.779+0000] {logging_mixin.py:137} INFO - [2022-12-30T00:06:14.779+0000] {dag.py:2676} INFO - Sync 1 DAGs
[2022-12-30T00:06:14.797+0000] {logging_mixin.py:137} INFO - [2022-12-30T00:06:14.797+0000] {dag.py:3427} INFO - Setting next_dagrun for example_nested_branch_dag to 2022-12-29T00:00:00+00:00, run_after=2022-12-30T00:00:00+00:00
[2022-12-30T00:06:14.808+0000] {processor.py:175} INFO - Processing /home/airflow/.local/lib/python3.7/site-packages/airflow/example_dags/example_nested_branch_dag.py took 0.076 seconds
[2022-12-30T00:06:45.471+0000] {processor.py:153} INFO - Started process (PID=35750) to work on /home/airflow/.local/lib/python3.7/site-packages/airflow/example_dags/example_nested_branch_dag.py
[2022-12-30T00:06:45.631+0000] {processor.py:743} INFO - Processing file /home/airflow/.local/lib/python3.7/site-packages/airflow/example_dags/example_nested_branch_dag.py for tasks to queue
[2022-12-30T00:06:45.632+0000] {logging_mixin.py:137} INFO - [2022-12-30T00:06:45.632+0000] {dagbag.py:538} INFO - Filling up the DagBag from /home/airflow/.local/lib/python3.7/site-packages/airflow/example_dags/example_nested_branch_dag.py
[2022-12-30T00:06:45.655+0000] {processor.py:753} INFO - DAG(s) dict_keys(['example_nested_branch_dag']) retrieved from /home/airflow/.local/lib/python3.7/site-packages/airflow/example_dags/example_nested_branch_dag.py
[2022-12-30T00:06:45.682+0000] {logging_mixin.py:137} INFO - [2022-12-30T00:06:45.682+0000] {dag.py:2676} INFO - Sync 1 DAGs
[2022-12-30T00:06:45.704+0000] {logging_mixin.py:137} INFO - [2022-12-30T00:06:45.703+0000] {dag.py:3427} INFO - Setting next_dagrun for example_nested_branch_dag to 2022-12-29T00:00:00+00:00, run_after=2022-12-30T00:00:00+00:00
[2022-12-30T00:06:45.715+0000] {processor.py:175} INFO - Processing /home/airflow/.local/lib/python3.7/site-packages/airflow/example_dags/example_nested_branch_dag.py took 0.247 seconds
[2022-12-30T00:07:16.605+0000] {processor.py:153} INFO - Started process (PID=35839) to work on /home/airflow/.local/lib/python3.7/site-packages/airflow/example_dags/example_nested_branch_dag.py
[2022-12-30T00:07:16.606+0000] {processor.py:743} INFO - Processing file /home/airflow/.local/lib/python3.7/site-packages/airflow/example_dags/example_nested_branch_dag.py for tasks to queue
[2022-12-30T00:07:16.606+0000] {logging_mixin.py:137} INFO - [2022-12-30T00:07:16.606+0000] {dagbag.py:538} INFO - Filling up the DagBag from /home/airflow/.local/lib/python3.7/site-packages/airflow/example_dags/example_nested_branch_dag.py
[2022-12-30T00:07:16.626+0000] {processor.py:753} INFO - DAG(s) dict_keys(['example_nested_branch_dag']) retrieved from /home/airflow/.local/lib/python3.7/site-packages/airflow/example_dags/example_nested_branch_dag.py
[2022-12-30T00:07:16.659+0000] {logging_mixin.py:137} INFO - [2022-12-30T00:07:16.659+0000] {dag.py:2676} INFO - Sync 1 DAGs
[2022-12-30T00:07:16.686+0000] {logging_mixin.py:137} INFO - [2022-12-30T00:07:16.686+0000] {dag.py:3427} INFO - Setting next_dagrun for example_nested_branch_dag to 2022-12-29T00:00:00+00:00, run_after=2022-12-30T00:00:00+00:00
[2022-12-30T00:07:17.450+0000] {processor.py:175} INFO - Processing /home/airflow/.local/lib/python3.7/site-packages/airflow/example_dags/example_nested_branch_dag.py took 0.848 seconds
[2022-12-30T00:07:47.703+0000] {processor.py:153} INFO - Started process (PID=35934) to work on /home/airflow/.local/lib/python3.7/site-packages/airflow/example_dags/example_nested_branch_dag.py
[2022-12-30T00:07:47.710+0000] {processor.py:743} INFO - Processing file /home/airflow/.local/lib/python3.7/site-packages/airflow/example_dags/example_nested_branch_dag.py for tasks to queue
[2022-12-30T00:07:47.710+0000] {logging_mixin.py:137} INFO - [2022-12-30T00:07:47.710+0000] {dagbag.py:538} INFO - Filling up the DagBag from /home/airflow/.local/lib/python3.7/site-packages/airflow/example_dags/example_nested_branch_dag.py
[2022-12-30T00:07:47.730+0000] {processor.py:753} INFO - DAG(s) dict_keys(['example_nested_branch_dag']) retrieved from /home/airflow/.local/lib/python3.7/site-packages/airflow/example_dags/example_nested_branch_dag.py
[2022-12-30T00:07:47.758+0000] {logging_mixin.py:137} INFO - [2022-12-30T00:07:47.758+0000] {dag.py:2676} INFO - Sync 1 DAGs
[2022-12-30T00:07:47.780+0000] {logging_mixin.py:137} INFO - [2022-12-30T00:07:47.780+0000] {dag.py:3427} INFO - Setting next_dagrun for example_nested_branch_dag to 2022-12-29T00:00:00+00:00, run_after=2022-12-30T00:00:00+00:00
[2022-12-30T00:07:47.794+0000] {processor.py:175} INFO - Processing /home/airflow/.local/lib/python3.7/site-packages/airflow/example_dags/example_nested_branch_dag.py took 0.095 seconds
[2022-12-30T00:08:18.405+0000] {processor.py:153} INFO - Started process (PID=36036) to work on /home/airflow/.local/lib/python3.7/site-packages/airflow/example_dags/example_nested_branch_dag.py
[2022-12-30T00:08:18.406+0000] {processor.py:743} INFO - Processing file /home/airflow/.local/lib/python3.7/site-packages/airflow/example_dags/example_nested_branch_dag.py for tasks to queue
[2022-12-30T00:08:18.406+0000] {logging_mixin.py:137} INFO - [2022-12-30T00:08:18.406+0000] {dagbag.py:538} INFO - Filling up the DagBag from /home/airflow/.local/lib/python3.7/site-packages/airflow/example_dags/example_nested_branch_dag.py
[2022-12-30T00:08:18.425+0000] {processor.py:753} INFO - DAG(s) dict_keys(['example_nested_branch_dag']) retrieved from /home/airflow/.local/lib/python3.7/site-packages/airflow/example_dags/example_nested_branch_dag.py
[2022-12-30T00:08:18.464+0000] {logging_mixin.py:137} INFO - [2022-12-30T00:08:18.464+0000] {dag.py:2676} INFO - Sync 1 DAGs
[2022-12-30T00:08:18.483+0000] {logging_mixin.py:137} INFO - [2022-12-30T00:08:18.483+0000] {dag.py:3427} INFO - Setting next_dagrun for example_nested_branch_dag to 2022-12-29T00:00:00+00:00, run_after=2022-12-30T00:00:00+00:00
[2022-12-30T00:08:18.494+0000] {processor.py:175} INFO - Processing /home/airflow/.local/lib/python3.7/site-packages/airflow/example_dags/example_nested_branch_dag.py took 0.093 seconds
[2022-12-30T00:08:48.823+0000] {processor.py:153} INFO - Started process (PID=36118) to work on /home/airflow/.local/lib/python3.7/site-packages/airflow/example_dags/example_nested_branch_dag.py
[2022-12-30T00:08:48.824+0000] {processor.py:743} INFO - Processing file /home/airflow/.local/lib/python3.7/site-packages/airflow/example_dags/example_nested_branch_dag.py for tasks to queue
[2022-12-30T00:08:48.824+0000] {logging_mixin.py:137} INFO - [2022-12-30T00:08:48.824+0000] {dagbag.py:538} INFO - Filling up the DagBag from /home/airflow/.local/lib/python3.7/site-packages/airflow/example_dags/example_nested_branch_dag.py
[2022-12-30T00:08:48.843+0000] {processor.py:753} INFO - DAG(s) dict_keys(['example_nested_branch_dag']) retrieved from /home/airflow/.local/lib/python3.7/site-packages/airflow/example_dags/example_nested_branch_dag.py
[2022-12-30T00:08:48.869+0000] {logging_mixin.py:137} INFO - [2022-12-30T00:08:48.869+0000] {dag.py:2676} INFO - Sync 1 DAGs
[2022-12-30T00:08:48.887+0000] {logging_mixin.py:137} INFO - [2022-12-30T00:08:48.886+0000] {dag.py:3427} INFO - Setting next_dagrun for example_nested_branch_dag to 2022-12-29T00:00:00+00:00, run_after=2022-12-30T00:00:00+00:00
[2022-12-30T00:08:48.897+0000] {processor.py:175} INFO - Processing /home/airflow/.local/lib/python3.7/site-packages/airflow/example_dags/example_nested_branch_dag.py took 0.077 seconds
[2022-12-30T00:09:19.408+0000] {processor.py:153} INFO - Started process (PID=36220) to work on /home/airflow/.local/lib/python3.7/site-packages/airflow/example_dags/example_nested_branch_dag.py
[2022-12-30T00:09:19.409+0000] {processor.py:743} INFO - Processing file /home/airflow/.local/lib/python3.7/site-packages/airflow/example_dags/example_nested_branch_dag.py for tasks to queue
[2022-12-30T00:09:19.409+0000] {logging_mixin.py:137} INFO - [2022-12-30T00:09:19.409+0000] {dagbag.py:538} INFO - Filling up the DagBag from /home/airflow/.local/lib/python3.7/site-packages/airflow/example_dags/example_nested_branch_dag.py
[2022-12-30T00:09:19.425+0000] {processor.py:753} INFO - DAG(s) dict_keys(['example_nested_branch_dag']) retrieved from /home/airflow/.local/lib/python3.7/site-packages/airflow/example_dags/example_nested_branch_dag.py
[2022-12-30T00:09:19.454+0000] {logging_mixin.py:137} INFO - [2022-12-30T00:09:19.454+0000] {dag.py:2676} INFO - Sync 1 DAGs
[2022-12-30T00:09:19.474+0000] {logging_mixin.py:137} INFO - [2022-12-30T00:09:19.474+0000] {dag.py:3427} INFO - Setting next_dagrun for example_nested_branch_dag to 2022-12-29T00:00:00+00:00, run_after=2022-12-30T00:00:00+00:00
[2022-12-30T00:09:19.486+0000] {processor.py:175} INFO - Processing /home/airflow/.local/lib/python3.7/site-packages/airflow/example_dags/example_nested_branch_dag.py took 0.082 seconds
[2022-12-30T00:09:50.117+0000] {processor.py:153} INFO - Started process (PID=36302) to work on /home/airflow/.local/lib/python3.7/site-packages/airflow/example_dags/example_nested_branch_dag.py
[2022-12-30T00:09:50.119+0000] {processor.py:743} INFO - Processing file /home/airflow/.local/lib/python3.7/site-packages/airflow/example_dags/example_nested_branch_dag.py for tasks to queue
[2022-12-30T00:09:50.119+0000] {logging_mixin.py:137} INFO - [2022-12-30T00:09:50.119+0000] {dagbag.py:538} INFO - Filling up the DagBag from /home/airflow/.local/lib/python3.7/site-packages/airflow/example_dags/example_nested_branch_dag.py
[2022-12-30T00:09:50.143+0000] {processor.py:753} INFO - DAG(s) dict_keys(['example_nested_branch_dag']) retrieved from /home/airflow/.local/lib/python3.7/site-packages/airflow/example_dags/example_nested_branch_dag.py
[2022-12-30T00:09:50.172+0000] {logging_mixin.py:137} INFO - [2022-12-30T00:09:50.172+0000] {dag.py:2676} INFO - Sync 1 DAGs
[2022-12-30T00:09:50.190+0000] {logging_mixin.py:137} INFO - [2022-12-30T00:09:50.190+0000] {dag.py:3427} INFO - Setting next_dagrun for example_nested_branch_dag to 2022-12-29T00:00:00+00:00, run_after=2022-12-30T00:00:00+00:00
[2022-12-30T00:09:50.202+0000] {processor.py:175} INFO - Processing /home/airflow/.local/lib/python3.7/site-packages/airflow/example_dags/example_nested_branch_dag.py took 0.088 seconds
[2022-12-30T00:10:20.737+0000] {processor.py:153} INFO - Started process (PID=36404) to work on /home/airflow/.local/lib/python3.7/site-packages/airflow/example_dags/example_nested_branch_dag.py
[2022-12-30T00:10:20.745+0000] {processor.py:743} INFO - Processing file /home/airflow/.local/lib/python3.7/site-packages/airflow/example_dags/example_nested_branch_dag.py for tasks to queue
[2022-12-30T00:10:20.746+0000] {logging_mixin.py:137} INFO - [2022-12-30T00:10:20.746+0000] {dagbag.py:538} INFO - Filling up the DagBag from /home/airflow/.local/lib/python3.7/site-packages/airflow/example_dags/example_nested_branch_dag.py
[2022-12-30T00:10:20.765+0000] {processor.py:753} INFO - DAG(s) dict_keys(['example_nested_branch_dag']) retrieved from /home/airflow/.local/lib/python3.7/site-packages/airflow/example_dags/example_nested_branch_dag.py
[2022-12-30T00:10:20.790+0000] {logging_mixin.py:137} INFO - [2022-12-30T00:10:20.789+0000] {dag.py:2676} INFO - Sync 1 DAGs
[2022-12-30T00:10:20.808+0000] {logging_mixin.py:137} INFO - [2022-12-30T00:10:20.808+0000] {dag.py:3427} INFO - Setting next_dagrun for example_nested_branch_dag to 2022-12-29T00:00:00+00:00, run_after=2022-12-30T00:00:00+00:00
[2022-12-30T00:10:20.819+0000] {processor.py:175} INFO - Processing /home/airflow/.local/lib/python3.7/site-packages/airflow/example_dags/example_nested_branch_dag.py took 0.086 seconds
[2022-12-30T00:10:51.305+0000] {processor.py:153} INFO - Started process (PID=36506) to work on /home/airflow/.local/lib/python3.7/site-packages/airflow/example_dags/example_nested_branch_dag.py
[2022-12-30T00:10:51.305+0000] {processor.py:743} INFO - Processing file /home/airflow/.local/lib/python3.7/site-packages/airflow/example_dags/example_nested_branch_dag.py for tasks to queue
[2022-12-30T00:10:51.306+0000] {logging_mixin.py:137} INFO - [2022-12-30T00:10:51.306+0000] {dagbag.py:538} INFO - Filling up the DagBag from /home/airflow/.local/lib/python3.7/site-packages/airflow/example_dags/example_nested_branch_dag.py
[2022-12-30T00:10:51.323+0000] {processor.py:753} INFO - DAG(s) dict_keys(['example_nested_branch_dag']) retrieved from /home/airflow/.local/lib/python3.7/site-packages/airflow/example_dags/example_nested_branch_dag.py
[2022-12-30T00:10:51.349+0000] {logging_mixin.py:137} INFO - [2022-12-30T00:10:51.349+0000] {dag.py:2676} INFO - Sync 1 DAGs
[2022-12-30T00:10:51.370+0000] {logging_mixin.py:137} INFO - [2022-12-30T00:10:51.370+0000] {dag.py:3427} INFO - Setting next_dagrun for example_nested_branch_dag to 2022-12-29T00:00:00+00:00, run_after=2022-12-30T00:00:00+00:00
[2022-12-30T00:10:51.384+0000] {processor.py:175} INFO - Processing /home/airflow/.local/lib/python3.7/site-packages/airflow/example_dags/example_nested_branch_dag.py took 0.083 seconds
[2022-12-30T00:11:21.717+0000] {processor.py:153} INFO - Started process (PID=36588) to work on /home/airflow/.local/lib/python3.7/site-packages/airflow/example_dags/example_nested_branch_dag.py
[2022-12-30T00:11:21.718+0000] {processor.py:743} INFO - Processing file /home/airflow/.local/lib/python3.7/site-packages/airflow/example_dags/example_nested_branch_dag.py for tasks to queue
[2022-12-30T00:11:21.719+0000] {logging_mixin.py:137} INFO - [2022-12-30T00:11:21.718+0000] {dagbag.py:538} INFO - Filling up the DagBag from /home/airflow/.local/lib/python3.7/site-packages/airflow/example_dags/example_nested_branch_dag.py
[2022-12-30T00:11:21.735+0000] {processor.py:753} INFO - DAG(s) dict_keys(['example_nested_branch_dag']) retrieved from /home/airflow/.local/lib/python3.7/site-packages/airflow/example_dags/example_nested_branch_dag.py
[2022-12-30T00:11:21.766+0000] {logging_mixin.py:137} INFO - [2022-12-30T00:11:21.766+0000] {dag.py:2676} INFO - Sync 1 DAGs
[2022-12-30T00:11:21.790+0000] {logging_mixin.py:137} INFO - [2022-12-30T00:11:21.790+0000] {dag.py:3427} INFO - Setting next_dagrun for example_nested_branch_dag to 2022-12-29T00:00:00+00:00, run_after=2022-12-30T00:00:00+00:00
[2022-12-30T00:11:21.806+0000] {processor.py:175} INFO - Processing /home/airflow/.local/lib/python3.7/site-packages/airflow/example_dags/example_nested_branch_dag.py took 0.091 seconds
[2022-12-30T00:11:52.253+0000] {processor.py:153} INFO - Started process (PID=36690) to work on /home/airflow/.local/lib/python3.7/site-packages/airflow/example_dags/example_nested_branch_dag.py
[2022-12-30T00:11:52.254+0000] {processor.py:743} INFO - Processing file /home/airflow/.local/lib/python3.7/site-packages/airflow/example_dags/example_nested_branch_dag.py for tasks to queue
[2022-12-30T00:11:52.254+0000] {logging_mixin.py:137} INFO - [2022-12-30T00:11:52.254+0000] {dagbag.py:538} INFO - Filling up the DagBag from /home/airflow/.local/lib/python3.7/site-packages/airflow/example_dags/example_nested_branch_dag.py
[2022-12-30T00:11:52.271+0000] {processor.py:753} INFO - DAG(s) dict_keys(['example_nested_branch_dag']) retrieved from /home/airflow/.local/lib/python3.7/site-packages/airflow/example_dags/example_nested_branch_dag.py
[2022-12-30T00:11:52.297+0000] {logging_mixin.py:137} INFO - [2022-12-30T00:11:52.297+0000] {dag.py:2676} INFO - Sync 1 DAGs
[2022-12-30T00:11:52.316+0000] {logging_mixin.py:137} INFO - [2022-12-30T00:11:52.316+0000] {dag.py:3427} INFO - Setting next_dagrun for example_nested_branch_dag to 2022-12-29T00:00:00+00:00, run_after=2022-12-30T00:00:00+00:00
[2022-12-30T00:11:52.331+0000] {processor.py:175} INFO - Processing /home/airflow/.local/lib/python3.7/site-packages/airflow/example_dags/example_nested_branch_dag.py took 0.080 seconds
[2022-12-30T00:12:22.576+0000] {processor.py:153} INFO - Started process (PID=36772) to work on /home/airflow/.local/lib/python3.7/site-packages/airflow/example_dags/example_nested_branch_dag.py
[2022-12-30T00:12:22.583+0000] {processor.py:743} INFO - Processing file /home/airflow/.local/lib/python3.7/site-packages/airflow/example_dags/example_nested_branch_dag.py for tasks to queue
[2022-12-30T00:12:22.584+0000] {logging_mixin.py:137} INFO - [2022-12-30T00:12:22.584+0000] {dagbag.py:538} INFO - Filling up the DagBag from /home/airflow/.local/lib/python3.7/site-packages/airflow/example_dags/example_nested_branch_dag.py
[2022-12-30T00:12:22.601+0000] {processor.py:753} INFO - DAG(s) dict_keys(['example_nested_branch_dag']) retrieved from /home/airflow/.local/lib/python3.7/site-packages/airflow/example_dags/example_nested_branch_dag.py
[2022-12-30T00:12:22.635+0000] {logging_mixin.py:137} INFO - [2022-12-30T00:12:22.635+0000] {dag.py:2676} INFO - Sync 1 DAGs
[2022-12-30T00:12:22.660+0000] {logging_mixin.py:137} INFO - [2022-12-30T00:12:22.660+0000] {dag.py:3427} INFO - Setting next_dagrun for example_nested_branch_dag to 2022-12-29T00:00:00+00:00, run_after=2022-12-30T00:00:00+00:00
[2022-12-30T00:12:22.673+0000] {processor.py:175} INFO - Processing /home/airflow/.local/lib/python3.7/site-packages/airflow/example_dags/example_nested_branch_dag.py took 0.100 seconds
[2022-12-30T00:12:53.104+0000] {processor.py:153} INFO - Started process (PID=36874) to work on /home/airflow/.local/lib/python3.7/site-packages/airflow/example_dags/example_nested_branch_dag.py
[2022-12-30T00:12:53.104+0000] {processor.py:743} INFO - Processing file /home/airflow/.local/lib/python3.7/site-packages/airflow/example_dags/example_nested_branch_dag.py for tasks to queue
[2022-12-30T00:12:53.105+0000] {logging_mixin.py:137} INFO - [2022-12-30T00:12:53.105+0000] {dagbag.py:538} INFO - Filling up the DagBag from /home/airflow/.local/lib/python3.7/site-packages/airflow/example_dags/example_nested_branch_dag.py
[2022-12-30T00:12:53.123+0000] {processor.py:753} INFO - DAG(s) dict_keys(['example_nested_branch_dag']) retrieved from /home/airflow/.local/lib/python3.7/site-packages/airflow/example_dags/example_nested_branch_dag.py
[2022-12-30T00:12:53.150+0000] {logging_mixin.py:137} INFO - [2022-12-30T00:12:53.150+0000] {dag.py:2676} INFO - Sync 1 DAGs
[2022-12-30T00:12:53.169+0000] {logging_mixin.py:137} INFO - [2022-12-30T00:12:53.169+0000] {dag.py:3427} INFO - Setting next_dagrun for example_nested_branch_dag to 2022-12-29T00:00:00+00:00, run_after=2022-12-30T00:00:00+00:00
[2022-12-30T00:12:53.182+0000] {processor.py:175} INFO - Processing /home/airflow/.local/lib/python3.7/site-packages/airflow/example_dags/example_nested_branch_dag.py took 0.082 seconds
[2022-12-30T00:13:23.546+0000] {processor.py:153} INFO - Started process (PID=36965) to work on /home/airflow/.local/lib/python3.7/site-packages/airflow/example_dags/example_nested_branch_dag.py
[2022-12-30T00:13:23.547+0000] {processor.py:743} INFO - Processing file /home/airflow/.local/lib/python3.7/site-packages/airflow/example_dags/example_nested_branch_dag.py for tasks to queue
[2022-12-30T00:13:23.547+0000] {logging_mixin.py:137} INFO - [2022-12-30T00:13:23.547+0000] {dagbag.py:538} INFO - Filling up the DagBag from /home/airflow/.local/lib/python3.7/site-packages/airflow/example_dags/example_nested_branch_dag.py
[2022-12-30T00:13:23.566+0000] {processor.py:753} INFO - DAG(s) dict_keys(['example_nested_branch_dag']) retrieved from /home/airflow/.local/lib/python3.7/site-packages/airflow/example_dags/example_nested_branch_dag.py
[2022-12-30T00:13:23.597+0000] {logging_mixin.py:137} INFO - [2022-12-30T00:13:23.597+0000] {dag.py:2676} INFO - Sync 1 DAGs
[2022-12-30T00:13:23.618+0000] {logging_mixin.py:137} INFO - [2022-12-30T00:13:23.618+0000] {dag.py:3427} INFO - Setting next_dagrun for example_nested_branch_dag to 2022-12-29T00:00:00+00:00, run_after=2022-12-30T00:00:00+00:00
[2022-12-30T00:13:23.630+0000] {processor.py:175} INFO - Processing /home/airflow/.local/lib/python3.7/site-packages/airflow/example_dags/example_nested_branch_dag.py took 0.088 seconds
[2022-12-30T00:13:53.954+0000] {processor.py:153} INFO - Started process (PID=37058) to work on /home/airflow/.local/lib/python3.7/site-packages/airflow/example_dags/example_nested_branch_dag.py
[2022-12-30T00:13:53.955+0000] {processor.py:743} INFO - Processing file /home/airflow/.local/lib/python3.7/site-packages/airflow/example_dags/example_nested_branch_dag.py for tasks to queue
[2022-12-30T00:13:53.955+0000] {logging_mixin.py:137} INFO - [2022-12-30T00:13:53.955+0000] {dagbag.py:538} INFO - Filling up the DagBag from /home/airflow/.local/lib/python3.7/site-packages/airflow/example_dags/example_nested_branch_dag.py
[2022-12-30T00:13:53.975+0000] {processor.py:753} INFO - DAG(s) dict_keys(['example_nested_branch_dag']) retrieved from /home/airflow/.local/lib/python3.7/site-packages/airflow/example_dags/example_nested_branch_dag.py
[2022-12-30T00:13:54.005+0000] {logging_mixin.py:137} INFO - [2022-12-30T00:13:54.005+0000] {dag.py:2676} INFO - Sync 1 DAGs
[2022-12-30T00:13:54.024+0000] {logging_mixin.py:137} INFO - [2022-12-30T00:13:54.024+0000] {dag.py:3427} INFO - Setting next_dagrun for example_nested_branch_dag to 2022-12-29T00:00:00+00:00, run_after=2022-12-30T00:00:00+00:00
[2022-12-30T00:13:54.035+0000] {processor.py:175} INFO - Processing /home/airflow/.local/lib/python3.7/site-packages/airflow/example_dags/example_nested_branch_dag.py took 0.085 seconds
[2022-12-30T00:14:24.353+0000] {processor.py:153} INFO - Started process (PID=37160) to work on /home/airflow/.local/lib/python3.7/site-packages/airflow/example_dags/example_nested_branch_dag.py
[2022-12-30T00:14:24.360+0000] {processor.py:743} INFO - Processing file /home/airflow/.local/lib/python3.7/site-packages/airflow/example_dags/example_nested_branch_dag.py for tasks to queue
[2022-12-30T00:14:24.361+0000] {logging_mixin.py:137} INFO - [2022-12-30T00:14:24.361+0000] {dagbag.py:538} INFO - Filling up the DagBag from /home/airflow/.local/lib/python3.7/site-packages/airflow/example_dags/example_nested_branch_dag.py
[2022-12-30T00:14:24.379+0000] {processor.py:753} INFO - DAG(s) dict_keys(['example_nested_branch_dag']) retrieved from /home/airflow/.local/lib/python3.7/site-packages/airflow/example_dags/example_nested_branch_dag.py
[2022-12-30T00:14:24.408+0000] {logging_mixin.py:137} INFO - [2022-12-30T00:14:24.407+0000] {dag.py:2676} INFO - Sync 1 DAGs
[2022-12-30T00:14:24.428+0000] {logging_mixin.py:137} INFO - [2022-12-30T00:14:24.428+0000] {dag.py:3427} INFO - Setting next_dagrun for example_nested_branch_dag to 2022-12-29T00:00:00+00:00, run_after=2022-12-30T00:00:00+00:00
[2022-12-30T00:14:24.440+0000] {processor.py:175} INFO - Processing /home/airflow/.local/lib/python3.7/site-packages/airflow/example_dags/example_nested_branch_dag.py took 0.090 seconds
[2022-12-30T00:14:54.957+0000] {processor.py:153} INFO - Started process (PID=37242) to work on /home/airflow/.local/lib/python3.7/site-packages/airflow/example_dags/example_nested_branch_dag.py
[2022-12-30T00:14:54.957+0000] {processor.py:743} INFO - Processing file /home/airflow/.local/lib/python3.7/site-packages/airflow/example_dags/example_nested_branch_dag.py for tasks to queue
[2022-12-30T00:14:54.958+0000] {logging_mixin.py:137} INFO - [2022-12-30T00:14:54.958+0000] {dagbag.py:538} INFO - Filling up the DagBag from /home/airflow/.local/lib/python3.7/site-packages/airflow/example_dags/example_nested_branch_dag.py
[2022-12-30T00:14:54.976+0000] {processor.py:753} INFO - DAG(s) dict_keys(['example_nested_branch_dag']) retrieved from /home/airflow/.local/lib/python3.7/site-packages/airflow/example_dags/example_nested_branch_dag.py
[2022-12-30T00:14:55.010+0000] {logging_mixin.py:137} INFO - [2022-12-30T00:14:55.010+0000] {dag.py:2676} INFO - Sync 1 DAGs
[2022-12-30T00:14:55.035+0000] {logging_mixin.py:137} INFO - [2022-12-30T00:14:55.035+0000] {dag.py:3427} INFO - Setting next_dagrun for example_nested_branch_dag to 2022-12-29T00:00:00+00:00, run_after=2022-12-30T00:00:00+00:00
[2022-12-30T00:14:55.047+0000] {processor.py:175} INFO - Processing /home/airflow/.local/lib/python3.7/site-packages/airflow/example_dags/example_nested_branch_dag.py took 0.093 seconds
[2022-12-30T00:15:25.369+0000] {processor.py:153} INFO - Started process (PID=37344) to work on /home/airflow/.local/lib/python3.7/site-packages/airflow/example_dags/example_nested_branch_dag.py
[2022-12-30T00:15:25.376+0000] {processor.py:743} INFO - Processing file /home/airflow/.local/lib/python3.7/site-packages/airflow/example_dags/example_nested_branch_dag.py for tasks to queue
[2022-12-30T00:15:25.377+0000] {logging_mixin.py:137} INFO - [2022-12-30T00:15:25.377+0000] {dagbag.py:538} INFO - Filling up the DagBag from /home/airflow/.local/lib/python3.7/site-packages/airflow/example_dags/example_nested_branch_dag.py
[2022-12-30T00:15:25.397+0000] {processor.py:753} INFO - DAG(s) dict_keys(['example_nested_branch_dag']) retrieved from /home/airflow/.local/lib/python3.7/site-packages/airflow/example_dags/example_nested_branch_dag.py
[2022-12-30T00:15:25.424+0000] {logging_mixin.py:137} INFO - [2022-12-30T00:15:25.424+0000] {dag.py:2676} INFO - Sync 1 DAGs
[2022-12-30T00:15:25.444+0000] {logging_mixin.py:137} INFO - [2022-12-30T00:15:25.444+0000] {dag.py:3427} INFO - Setting next_dagrun for example_nested_branch_dag to 2022-12-29T00:00:00+00:00, run_after=2022-12-30T00:00:00+00:00
[2022-12-30T00:15:25.457+0000] {processor.py:175} INFO - Processing /home/airflow/.local/lib/python3.7/site-packages/airflow/example_dags/example_nested_branch_dag.py took 0.090 seconds
[2022-12-30T00:15:55.729+0000] {processor.py:153} INFO - Started process (PID=37426) to work on /home/airflow/.local/lib/python3.7/site-packages/airflow/example_dags/example_nested_branch_dag.py
[2022-12-30T00:15:55.730+0000] {processor.py:743} INFO - Processing file /home/airflow/.local/lib/python3.7/site-packages/airflow/example_dags/example_nested_branch_dag.py for tasks to queue
[2022-12-30T00:15:55.730+0000] {logging_mixin.py:137} INFO - [2022-12-30T00:15:55.730+0000] {dagbag.py:538} INFO - Filling up the DagBag from /home/airflow/.local/lib/python3.7/site-packages/airflow/example_dags/example_nested_branch_dag.py
[2022-12-30T00:15:55.749+0000] {processor.py:753} INFO - DAG(s) dict_keys(['example_nested_branch_dag']) retrieved from /home/airflow/.local/lib/python3.7/site-packages/airflow/example_dags/example_nested_branch_dag.py
[2022-12-30T00:15:55.778+0000] {logging_mixin.py:137} INFO - [2022-12-30T00:15:55.778+0000] {dag.py:2676} INFO - Sync 1 DAGs
[2022-12-30T00:15:55.799+0000] {logging_mixin.py:137} INFO - [2022-12-30T00:15:55.799+0000] {dag.py:3427} INFO - Setting next_dagrun for example_nested_branch_dag to 2022-12-29T00:00:00+00:00, run_after=2022-12-30T00:00:00+00:00
[2022-12-30T00:15:55.817+0000] {processor.py:175} INFO - Processing /home/airflow/.local/lib/python3.7/site-packages/airflow/example_dags/example_nested_branch_dag.py took 0.090 seconds
[2022-12-30T00:16:26.611+0000] {processor.py:153} INFO - Started process (PID=37528) to work on /home/airflow/.local/lib/python3.7/site-packages/airflow/example_dags/example_nested_branch_dag.py
[2022-12-30T00:16:26.612+0000] {processor.py:743} INFO - Processing file /home/airflow/.local/lib/python3.7/site-packages/airflow/example_dags/example_nested_branch_dag.py for tasks to queue
[2022-12-30T00:16:26.612+0000] {logging_mixin.py:137} INFO - [2022-12-30T00:16:26.612+0000] {dagbag.py:538} INFO - Filling up the DagBag from /home/airflow/.local/lib/python3.7/site-packages/airflow/example_dags/example_nested_branch_dag.py
[2022-12-30T00:16:26.630+0000] {processor.py:753} INFO - DAG(s) dict_keys(['example_nested_branch_dag']) retrieved from /home/airflow/.local/lib/python3.7/site-packages/airflow/example_dags/example_nested_branch_dag.py
[2022-12-30T00:16:26.659+0000] {logging_mixin.py:137} INFO - [2022-12-30T00:16:26.659+0000] {dag.py:2676} INFO - Sync 1 DAGs
[2022-12-30T00:16:26.680+0000] {logging_mixin.py:137} INFO - [2022-12-30T00:16:26.680+0000] {dag.py:3427} INFO - Setting next_dagrun for example_nested_branch_dag to 2022-12-29T00:00:00+00:00, run_after=2022-12-30T00:00:00+00:00
[2022-12-30T00:16:26.697+0000] {processor.py:175} INFO - Processing /home/airflow/.local/lib/python3.7/site-packages/airflow/example_dags/example_nested_branch_dag.py took 0.089 seconds
[2022-12-30T00:16:57.106+0000] {processor.py:153} INFO - Started process (PID=37619) to work on /home/airflow/.local/lib/python3.7/site-packages/airflow/example_dags/example_nested_branch_dag.py
[2022-12-30T00:16:57.106+0000] {processor.py:743} INFO - Processing file /home/airflow/.local/lib/python3.7/site-packages/airflow/example_dags/example_nested_branch_dag.py for tasks to queue
[2022-12-30T00:16:57.106+0000] {logging_mixin.py:137} INFO - [2022-12-30T00:16:57.106+0000] {dagbag.py:538} INFO - Filling up the DagBag from /home/airflow/.local/lib/python3.7/site-packages/airflow/example_dags/example_nested_branch_dag.py
[2022-12-30T00:16:57.128+0000] {processor.py:753} INFO - DAG(s) dict_keys(['example_nested_branch_dag']) retrieved from /home/airflow/.local/lib/python3.7/site-packages/airflow/example_dags/example_nested_branch_dag.py
[2022-12-30T00:16:57.156+0000] {logging_mixin.py:137} INFO - [2022-12-30T00:16:57.156+0000] {dag.py:2676} INFO - Sync 1 DAGs
[2022-12-30T00:16:57.180+0000] {logging_mixin.py:137} INFO - [2022-12-30T00:16:57.180+0000] {dag.py:3427} INFO - Setting next_dagrun for example_nested_branch_dag to 2022-12-29T00:00:00+00:00, run_after=2022-12-30T00:00:00+00:00
[2022-12-30T00:16:57.195+0000] {processor.py:175} INFO - Processing /home/airflow/.local/lib/python3.7/site-packages/airflow/example_dags/example_nested_branch_dag.py took 0.092 seconds
[2022-12-30T00:17:27.584+0000] {processor.py:153} INFO - Started process (PID=37712) to work on /home/airflow/.local/lib/python3.7/site-packages/airflow/example_dags/example_nested_branch_dag.py
[2022-12-30T00:17:27.586+0000] {processor.py:743} INFO - Processing file /home/airflow/.local/lib/python3.7/site-packages/airflow/example_dags/example_nested_branch_dag.py for tasks to queue
[2022-12-30T00:17:27.586+0000] {logging_mixin.py:137} INFO - [2022-12-30T00:17:27.586+0000] {dagbag.py:538} INFO - Filling up the DagBag from /home/airflow/.local/lib/python3.7/site-packages/airflow/example_dags/example_nested_branch_dag.py
[2022-12-30T00:17:27.607+0000] {processor.py:753} INFO - DAG(s) dict_keys(['example_nested_branch_dag']) retrieved from /home/airflow/.local/lib/python3.7/site-packages/airflow/example_dags/example_nested_branch_dag.py
[2022-12-30T00:17:27.637+0000] {logging_mixin.py:137} INFO - [2022-12-30T00:17:27.637+0000] {dag.py:2676} INFO - Sync 1 DAGs
[2022-12-30T00:17:27.661+0000] {logging_mixin.py:137} INFO - [2022-12-30T00:17:27.661+0000] {dag.py:3427} INFO - Setting next_dagrun for example_nested_branch_dag to 2022-12-29T00:00:00+00:00, run_after=2022-12-30T00:00:00+00:00
[2022-12-30T00:17:27.674+0000] {processor.py:175} INFO - Processing /home/airflow/.local/lib/python3.7/site-packages/airflow/example_dags/example_nested_branch_dag.py took 0.092 seconds
[2022-12-30T00:17:58.253+0000] {processor.py:153} INFO - Started process (PID=37815) to work on /home/airflow/.local/lib/python3.7/site-packages/airflow/example_dags/example_nested_branch_dag.py
[2022-12-30T00:17:58.254+0000] {processor.py:743} INFO - Processing file /home/airflow/.local/lib/python3.7/site-packages/airflow/example_dags/example_nested_branch_dag.py for tasks to queue
[2022-12-30T00:17:58.255+0000] {logging_mixin.py:137} INFO - [2022-12-30T00:17:58.254+0000] {dagbag.py:538} INFO - Filling up the DagBag from /home/airflow/.local/lib/python3.7/site-packages/airflow/example_dags/example_nested_branch_dag.py
[2022-12-30T00:17:58.278+0000] {processor.py:753} INFO - DAG(s) dict_keys(['example_nested_branch_dag']) retrieved from /home/airflow/.local/lib/python3.7/site-packages/airflow/example_dags/example_nested_branch_dag.py
[2022-12-30T00:17:58.308+0000] {logging_mixin.py:137} INFO - [2022-12-30T00:17:58.308+0000] {dag.py:2676} INFO - Sync 1 DAGs
[2022-12-30T00:17:58.331+0000] {logging_mixin.py:137} INFO - [2022-12-30T00:17:58.331+0000] {dag.py:3427} INFO - Setting next_dagrun for example_nested_branch_dag to 2022-12-29T00:00:00+00:00, run_after=2022-12-30T00:00:00+00:00
[2022-12-30T00:17:58.342+0000] {processor.py:175} INFO - Processing /home/airflow/.local/lib/python3.7/site-packages/airflow/example_dags/example_nested_branch_dag.py took 0.091 seconds
[2022-12-30T00:18:28.721+0000] {processor.py:153} INFO - Started process (PID=37898) to work on /home/airflow/.local/lib/python3.7/site-packages/airflow/example_dags/example_nested_branch_dag.py
[2022-12-30T00:18:28.723+0000] {processor.py:743} INFO - Processing file /home/airflow/.local/lib/python3.7/site-packages/airflow/example_dags/example_nested_branch_dag.py for tasks to queue
[2022-12-30T00:18:28.723+0000] {logging_mixin.py:137} INFO - [2022-12-30T00:18:28.723+0000] {dagbag.py:538} INFO - Filling up the DagBag from /home/airflow/.local/lib/python3.7/site-packages/airflow/example_dags/example_nested_branch_dag.py
[2022-12-30T00:18:28.741+0000] {processor.py:753} INFO - DAG(s) dict_keys(['example_nested_branch_dag']) retrieved from /home/airflow/.local/lib/python3.7/site-packages/airflow/example_dags/example_nested_branch_dag.py
[2022-12-30T00:18:28.769+0000] {logging_mixin.py:137} INFO - [2022-12-30T00:18:28.769+0000] {dag.py:2676} INFO - Sync 1 DAGs
[2022-12-30T00:18:28.790+0000] {logging_mixin.py:137} INFO - [2022-12-30T00:18:28.789+0000] {dag.py:3427} INFO - Setting next_dagrun for example_nested_branch_dag to 2022-12-29T00:00:00+00:00, run_after=2022-12-30T00:00:00+00:00
[2022-12-30T00:18:28.803+0000] {processor.py:175} INFO - Processing /home/airflow/.local/lib/python3.7/site-packages/airflow/example_dags/example_nested_branch_dag.py took 0.085 seconds
[2022-12-30T00:18:59.165+0000] {processor.py:153} INFO - Started process (PID=38000) to work on /home/airflow/.local/lib/python3.7/site-packages/airflow/example_dags/example_nested_branch_dag.py
[2022-12-30T00:18:59.166+0000] {processor.py:743} INFO - Processing file /home/airflow/.local/lib/python3.7/site-packages/airflow/example_dags/example_nested_branch_dag.py for tasks to queue
[2022-12-30T00:18:59.167+0000] {logging_mixin.py:137} INFO - [2022-12-30T00:18:59.167+0000] {dagbag.py:538} INFO - Filling up the DagBag from /home/airflow/.local/lib/python3.7/site-packages/airflow/example_dags/example_nested_branch_dag.py
[2022-12-30T00:18:59.185+0000] {processor.py:753} INFO - DAG(s) dict_keys(['example_nested_branch_dag']) retrieved from /home/airflow/.local/lib/python3.7/site-packages/airflow/example_dags/example_nested_branch_dag.py
[2022-12-30T00:18:59.216+0000] {logging_mixin.py:137} INFO - [2022-12-30T00:18:59.216+0000] {dag.py:2676} INFO - Sync 1 DAGs
[2022-12-30T00:18:59.237+0000] {logging_mixin.py:137} INFO - [2022-12-30T00:18:59.236+0000] {dag.py:3427} INFO - Setting next_dagrun for example_nested_branch_dag to 2022-12-29T00:00:00+00:00, run_after=2022-12-30T00:00:00+00:00
[2022-12-30T00:18:59.249+0000] {processor.py:175} INFO - Processing /home/airflow/.local/lib/python3.7/site-packages/airflow/example_dags/example_nested_branch_dag.py took 0.088 seconds
[2022-12-30T00:19:29.786+0000] {processor.py:153} INFO - Started process (PID=38082) to work on /home/airflow/.local/lib/python3.7/site-packages/airflow/example_dags/example_nested_branch_dag.py
[2022-12-30T00:19:29.787+0000] {processor.py:743} INFO - Processing file /home/airflow/.local/lib/python3.7/site-packages/airflow/example_dags/example_nested_branch_dag.py for tasks to queue
[2022-12-30T00:19:29.787+0000] {logging_mixin.py:137} INFO - [2022-12-30T00:19:29.787+0000] {dagbag.py:538} INFO - Filling up the DagBag from /home/airflow/.local/lib/python3.7/site-packages/airflow/example_dags/example_nested_branch_dag.py
[2022-12-30T00:19:29.806+0000] {processor.py:753} INFO - DAG(s) dict_keys(['example_nested_branch_dag']) retrieved from /home/airflow/.local/lib/python3.7/site-packages/airflow/example_dags/example_nested_branch_dag.py
[2022-12-30T00:19:29.838+0000] {logging_mixin.py:137} INFO - [2022-12-30T00:19:29.838+0000] {dag.py:2676} INFO - Sync 1 DAGs
[2022-12-30T00:19:29.859+0000] {logging_mixin.py:137} INFO - [2022-12-30T00:19:29.859+0000] {dag.py:3427} INFO - Setting next_dagrun for example_nested_branch_dag to 2022-12-29T00:00:00+00:00, run_after=2022-12-30T00:00:00+00:00
[2022-12-30T00:19:29.874+0000] {processor.py:175} INFO - Processing /home/airflow/.local/lib/python3.7/site-packages/airflow/example_dags/example_nested_branch_dag.py took 0.091 seconds
[2022-12-30T00:20:00.538+0000] {processor.py:153} INFO - Started process (PID=38184) to work on /home/airflow/.local/lib/python3.7/site-packages/airflow/example_dags/example_nested_branch_dag.py
[2022-12-30T00:20:00.538+0000] {processor.py:743} INFO - Processing file /home/airflow/.local/lib/python3.7/site-packages/airflow/example_dags/example_nested_branch_dag.py for tasks to queue
[2022-12-30T00:20:00.539+0000] {logging_mixin.py:137} INFO - [2022-12-30T00:20:00.539+0000] {dagbag.py:538} INFO - Filling up the DagBag from /home/airflow/.local/lib/python3.7/site-packages/airflow/example_dags/example_nested_branch_dag.py
[2022-12-30T00:20:00.557+0000] {processor.py:753} INFO - DAG(s) dict_keys(['example_nested_branch_dag']) retrieved from /home/airflow/.local/lib/python3.7/site-packages/airflow/example_dags/example_nested_branch_dag.py
[2022-12-30T00:20:00.586+0000] {logging_mixin.py:137} INFO - [2022-12-30T00:20:00.586+0000] {dag.py:2676} INFO - Sync 1 DAGs
[2022-12-30T00:20:00.605+0000] {logging_mixin.py:137} INFO - [2022-12-30T00:20:00.605+0000] {dag.py:3427} INFO - Setting next_dagrun for example_nested_branch_dag to 2022-12-29T00:00:00+00:00, run_after=2022-12-30T00:00:00+00:00
[2022-12-30T00:20:00.617+0000] {processor.py:175} INFO - Processing /home/airflow/.local/lib/python3.7/site-packages/airflow/example_dags/example_nested_branch_dag.py took 0.083 seconds
[2022-12-30T00:20:31.281+0000] {processor.py:153} INFO - Started process (PID=38273) to work on /home/airflow/.local/lib/python3.7/site-packages/airflow/example_dags/example_nested_branch_dag.py
[2022-12-30T00:20:31.282+0000] {processor.py:743} INFO - Processing file /home/airflow/.local/lib/python3.7/site-packages/airflow/example_dags/example_nested_branch_dag.py for tasks to queue
[2022-12-30T00:20:31.282+0000] {logging_mixin.py:137} INFO - [2022-12-30T00:20:31.282+0000] {dagbag.py:538} INFO - Filling up the DagBag from /home/airflow/.local/lib/python3.7/site-packages/airflow/example_dags/example_nested_branch_dag.py
[2022-12-30T00:20:31.302+0000] {processor.py:753} INFO - DAG(s) dict_keys(['example_nested_branch_dag']) retrieved from /home/airflow/.local/lib/python3.7/site-packages/airflow/example_dags/example_nested_branch_dag.py
[2022-12-30T00:20:31.335+0000] {logging_mixin.py:137} INFO - [2022-12-30T00:20:31.335+0000] {dag.py:2676} INFO - Sync 1 DAGs
[2022-12-30T00:20:31.357+0000] {logging_mixin.py:137} INFO - [2022-12-30T00:20:31.357+0000] {dag.py:3427} INFO - Setting next_dagrun for example_nested_branch_dag to 2022-12-29T00:00:00+00:00, run_after=2022-12-30T00:00:00+00:00
[2022-12-30T00:20:31.374+0000] {processor.py:175} INFO - Processing /home/airflow/.local/lib/python3.7/site-packages/airflow/example_dags/example_nested_branch_dag.py took 0.095 seconds
[2022-12-30T00:21:01.637+0000] {processor.py:153} INFO - Started process (PID=38369) to work on /home/airflow/.local/lib/python3.7/site-packages/airflow/example_dags/example_nested_branch_dag.py
[2022-12-30T00:21:01.639+0000] {processor.py:743} INFO - Processing file /home/airflow/.local/lib/python3.7/site-packages/airflow/example_dags/example_nested_branch_dag.py for tasks to queue
[2022-12-30T00:21:01.639+0000] {logging_mixin.py:137} INFO - [2022-12-30T00:21:01.639+0000] {dagbag.py:538} INFO - Filling up the DagBag from /home/airflow/.local/lib/python3.7/site-packages/airflow/example_dags/example_nested_branch_dag.py
[2022-12-30T00:21:01.657+0000] {processor.py:753} INFO - DAG(s) dict_keys(['example_nested_branch_dag']) retrieved from /home/airflow/.local/lib/python3.7/site-packages/airflow/example_dags/example_nested_branch_dag.py
[2022-12-30T00:21:01.687+0000] {logging_mixin.py:137} INFO - [2022-12-30T00:21:01.687+0000] {dag.py:2676} INFO - Sync 1 DAGs
[2022-12-30T00:21:01.716+0000] {logging_mixin.py:137} INFO - [2022-12-30T00:21:01.716+0000] {dag.py:3427} INFO - Setting next_dagrun for example_nested_branch_dag to 2022-12-29T00:00:00+00:00, run_after=2022-12-30T00:00:00+00:00
[2022-12-30T00:21:01.730+0000] {processor.py:175} INFO - Processing /home/airflow/.local/lib/python3.7/site-packages/airflow/example_dags/example_nested_branch_dag.py took 0.096 seconds
[2022-12-30T00:21:32.447+0000] {processor.py:153} INFO - Started process (PID=38472) to work on /home/airflow/.local/lib/python3.7/site-packages/airflow/example_dags/example_nested_branch_dag.py
[2022-12-30T00:21:32.447+0000] {processor.py:743} INFO - Processing file /home/airflow/.local/lib/python3.7/site-packages/airflow/example_dags/example_nested_branch_dag.py for tasks to queue
[2022-12-30T00:21:32.448+0000] {logging_mixin.py:137} INFO - [2022-12-30T00:21:32.448+0000] {dagbag.py:538} INFO - Filling up the DagBag from /home/airflow/.local/lib/python3.7/site-packages/airflow/example_dags/example_nested_branch_dag.py
[2022-12-30T00:21:32.466+0000] {processor.py:753} INFO - DAG(s) dict_keys(['example_nested_branch_dag']) retrieved from /home/airflow/.local/lib/python3.7/site-packages/airflow/example_dags/example_nested_branch_dag.py
[2022-12-30T00:21:32.498+0000] {logging_mixin.py:137} INFO - [2022-12-30T00:21:32.498+0000] {dag.py:2676} INFO - Sync 1 DAGs
[2022-12-30T00:21:32.519+0000] {logging_mixin.py:137} INFO - [2022-12-30T00:21:32.519+0000] {dag.py:3427} INFO - Setting next_dagrun for example_nested_branch_dag to 2022-12-29T00:00:00+00:00, run_after=2022-12-30T00:00:00+00:00
[2022-12-30T00:21:32.533+0000] {processor.py:175} INFO - Processing /home/airflow/.local/lib/python3.7/site-packages/airflow/example_dags/example_nested_branch_dag.py took 0.091 seconds
[2022-12-30T00:22:02.871+0000] {processor.py:153} INFO - Started process (PID=38554) to work on /home/airflow/.local/lib/python3.7/site-packages/airflow/example_dags/example_nested_branch_dag.py
[2022-12-30T00:22:02.878+0000] {processor.py:743} INFO - Processing file /home/airflow/.local/lib/python3.7/site-packages/airflow/example_dags/example_nested_branch_dag.py for tasks to queue
[2022-12-30T00:22:02.878+0000] {logging_mixin.py:137} INFO - [2022-12-30T00:22:02.878+0000] {dagbag.py:538} INFO - Filling up the DagBag from /home/airflow/.local/lib/python3.7/site-packages/airflow/example_dags/example_nested_branch_dag.py
[2022-12-30T00:22:02.897+0000] {processor.py:753} INFO - DAG(s) dict_keys(['example_nested_branch_dag']) retrieved from /home/airflow/.local/lib/python3.7/site-packages/airflow/example_dags/example_nested_branch_dag.py
[2022-12-30T00:22:02.928+0000] {logging_mixin.py:137} INFO - [2022-12-30T00:22:02.928+0000] {dag.py:2676} INFO - Sync 1 DAGs
[2022-12-30T00:22:02.947+0000] {logging_mixin.py:137} INFO - [2022-12-30T00:22:02.947+0000] {dag.py:3427} INFO - Setting next_dagrun for example_nested_branch_dag to 2022-12-29T00:00:00+00:00, run_after=2022-12-30T00:00:00+00:00
[2022-12-30T00:22:02.959+0000] {processor.py:175} INFO - Processing /home/airflow/.local/lib/python3.7/site-packages/airflow/example_dags/example_nested_branch_dag.py took 0.092 seconds
[2022-12-30T00:22:33.539+0000] {processor.py:153} INFO - Started process (PID=38656) to work on /home/airflow/.local/lib/python3.7/site-packages/airflow/example_dags/example_nested_branch_dag.py
[2022-12-30T00:22:33.539+0000] {processor.py:743} INFO - Processing file /home/airflow/.local/lib/python3.7/site-packages/airflow/example_dags/example_nested_branch_dag.py for tasks to queue
[2022-12-30T00:22:33.540+0000] {logging_mixin.py:137} INFO - [2022-12-30T00:22:33.540+0000] {dagbag.py:538} INFO - Filling up the DagBag from /home/airflow/.local/lib/python3.7/site-packages/airflow/example_dags/example_nested_branch_dag.py
[2022-12-30T00:22:33.558+0000] {processor.py:753} INFO - DAG(s) dict_keys(['example_nested_branch_dag']) retrieved from /home/airflow/.local/lib/python3.7/site-packages/airflow/example_dags/example_nested_branch_dag.py
[2022-12-30T00:22:33.588+0000] {logging_mixin.py:137} INFO - [2022-12-30T00:22:33.588+0000] {dag.py:2676} INFO - Sync 1 DAGs
[2022-12-30T00:22:33.607+0000] {logging_mixin.py:137} INFO - [2022-12-30T00:22:33.607+0000] {dag.py:3427} INFO - Setting next_dagrun for example_nested_branch_dag to 2022-12-29T00:00:00+00:00, run_after=2022-12-30T00:00:00+00:00
[2022-12-30T00:22:33.620+0000] {processor.py:175} INFO - Processing /home/airflow/.local/lib/python3.7/site-packages/airflow/example_dags/example_nested_branch_dag.py took 0.084 seconds
[2022-12-30T00:23:04.073+0000] {processor.py:153} INFO - Started process (PID=38738) to work on /home/airflow/.local/lib/python3.7/site-packages/airflow/example_dags/example_nested_branch_dag.py
[2022-12-30T00:23:04.075+0000] {processor.py:743} INFO - Processing file /home/airflow/.local/lib/python3.7/site-packages/airflow/example_dags/example_nested_branch_dag.py for tasks to queue
[2022-12-30T00:23:04.076+0000] {logging_mixin.py:137} INFO - [2022-12-30T00:23:04.076+0000] {dagbag.py:538} INFO - Filling up the DagBag from /home/airflow/.local/lib/python3.7/site-packages/airflow/example_dags/example_nested_branch_dag.py
[2022-12-30T00:23:04.094+0000] {processor.py:753} INFO - DAG(s) dict_keys(['example_nested_branch_dag']) retrieved from /home/airflow/.local/lib/python3.7/site-packages/airflow/example_dags/example_nested_branch_dag.py
[2022-12-30T00:23:04.123+0000] {logging_mixin.py:137} INFO - [2022-12-30T00:23:04.123+0000] {dag.py:2676} INFO - Sync 1 DAGs
[2022-12-30T00:23:04.144+0000] {logging_mixin.py:137} INFO - [2022-12-30T00:23:04.144+0000] {dag.py:3427} INFO - Setting next_dagrun for example_nested_branch_dag to 2022-12-29T00:00:00+00:00, run_after=2022-12-30T00:00:00+00:00
[2022-12-30T00:23:04.155+0000] {processor.py:175} INFO - Processing /home/airflow/.local/lib/python3.7/site-packages/airflow/example_dags/example_nested_branch_dag.py took 0.084 seconds
[2022-12-30T00:23:35.066+0000] {processor.py:153} INFO - Started process (PID=38840) to work on /home/airflow/.local/lib/python3.7/site-packages/airflow/example_dags/example_nested_branch_dag.py
[2022-12-30T00:23:35.066+0000] {processor.py:743} INFO - Processing file /home/airflow/.local/lib/python3.7/site-packages/airflow/example_dags/example_nested_branch_dag.py for tasks to queue
[2022-12-30T00:23:35.067+0000] {logging_mixin.py:137} INFO - [2022-12-30T00:23:35.067+0000] {dagbag.py:538} INFO - Filling up the DagBag from /home/airflow/.local/lib/python3.7/site-packages/airflow/example_dags/example_nested_branch_dag.py
[2022-12-30T00:23:35.087+0000] {processor.py:753} INFO - DAG(s) dict_keys(['example_nested_branch_dag']) retrieved from /home/airflow/.local/lib/python3.7/site-packages/airflow/example_dags/example_nested_branch_dag.py
[2022-12-30T00:23:35.117+0000] {logging_mixin.py:137} INFO - [2022-12-30T00:23:35.116+0000] {dag.py:2676} INFO - Sync 1 DAGs
[2022-12-30T00:23:35.137+0000] {logging_mixin.py:137} INFO - [2022-12-30T00:23:35.136+0000] {dag.py:3427} INFO - Setting next_dagrun for example_nested_branch_dag to 2022-12-29T00:00:00+00:00, run_after=2022-12-30T00:00:00+00:00
[2022-12-30T00:23:35.150+0000] {processor.py:175} INFO - Processing /home/airflow/.local/lib/python3.7/site-packages/airflow/example_dags/example_nested_branch_dag.py took 0.087 seconds
[2022-12-30T00:24:05.802+0000] {processor.py:153} INFO - Started process (PID=38931) to work on /home/airflow/.local/lib/python3.7/site-packages/airflow/example_dags/example_nested_branch_dag.py
[2022-12-30T00:24:05.804+0000] {processor.py:743} INFO - Processing file /home/airflow/.local/lib/python3.7/site-packages/airflow/example_dags/example_nested_branch_dag.py for tasks to queue
[2022-12-30T00:24:05.804+0000] {logging_mixin.py:137} INFO - [2022-12-30T00:24:05.804+0000] {dagbag.py:538} INFO - Filling up the DagBag from /home/airflow/.local/lib/python3.7/site-packages/airflow/example_dags/example_nested_branch_dag.py
[2022-12-30T00:24:05.822+0000] {processor.py:753} INFO - DAG(s) dict_keys(['example_nested_branch_dag']) retrieved from /home/airflow/.local/lib/python3.7/site-packages/airflow/example_dags/example_nested_branch_dag.py
[2022-12-30T00:24:05.851+0000] {logging_mixin.py:137} INFO - [2022-12-30T00:24:05.851+0000] {dag.py:2676} INFO - Sync 1 DAGs
[2022-12-30T00:24:05.874+0000] {logging_mixin.py:137} INFO - [2022-12-30T00:24:05.874+0000] {dag.py:3427} INFO - Setting next_dagrun for example_nested_branch_dag to 2022-12-29T00:00:00+00:00, run_after=2022-12-30T00:00:00+00:00
[2022-12-30T00:24:05.886+0000] {processor.py:175} INFO - Processing /home/airflow/.local/lib/python3.7/site-packages/airflow/example_dags/example_nested_branch_dag.py took 0.087 seconds
[2022-12-30T00:24:35.950+0000] {processor.py:153} INFO - Started process (PID=39024) to work on /home/airflow/.local/lib/python3.7/site-packages/airflow/example_dags/example_nested_branch_dag.py
[2022-12-30T00:24:35.950+0000] {processor.py:743} INFO - Processing file /home/airflow/.local/lib/python3.7/site-packages/airflow/example_dags/example_nested_branch_dag.py for tasks to queue
[2022-12-30T00:24:35.951+0000] {logging_mixin.py:137} INFO - [2022-12-30T00:24:35.951+0000] {dagbag.py:538} INFO - Filling up the DagBag from /home/airflow/.local/lib/python3.7/site-packages/airflow/example_dags/example_nested_branch_dag.py
[2022-12-30T00:24:35.971+0000] {processor.py:753} INFO - DAG(s) dict_keys(['example_nested_branch_dag']) retrieved from /home/airflow/.local/lib/python3.7/site-packages/airflow/example_dags/example_nested_branch_dag.py
[2022-12-30T00:24:36.001+0000] {logging_mixin.py:137} INFO - [2022-12-30T00:24:36.001+0000] {dag.py:2676} INFO - Sync 1 DAGs
[2022-12-30T00:24:36.022+0000] {logging_mixin.py:137} INFO - [2022-12-30T00:24:36.022+0000] {dag.py:3427} INFO - Setting next_dagrun for example_nested_branch_dag to 2022-12-29T00:00:00+00:00, run_after=2022-12-30T00:00:00+00:00
[2022-12-30T00:24:36.035+0000] {processor.py:175} INFO - Processing /home/airflow/.local/lib/python3.7/site-packages/airflow/example_dags/example_nested_branch_dag.py took 0.088 seconds
[2022-12-30T00:25:06.362+0000] {processor.py:153} INFO - Started process (PID=39126) to work on /home/airflow/.local/lib/python3.7/site-packages/airflow/example_dags/example_nested_branch_dag.py
[2022-12-30T00:25:06.363+0000] {processor.py:743} INFO - Processing file /home/airflow/.local/lib/python3.7/site-packages/airflow/example_dags/example_nested_branch_dag.py for tasks to queue
[2022-12-30T00:25:06.364+0000] {logging_mixin.py:137} INFO - [2022-12-30T00:25:06.364+0000] {dagbag.py:538} INFO - Filling up the DagBag from /home/airflow/.local/lib/python3.7/site-packages/airflow/example_dags/example_nested_branch_dag.py
[2022-12-30T00:25:06.387+0000] {processor.py:753} INFO - DAG(s) dict_keys(['example_nested_branch_dag']) retrieved from /home/airflow/.local/lib/python3.7/site-packages/airflow/example_dags/example_nested_branch_dag.py
[2022-12-30T00:25:06.420+0000] {logging_mixin.py:137} INFO - [2022-12-30T00:25:06.420+0000] {dag.py:2676} INFO - Sync 1 DAGs
[2022-12-30T00:25:06.446+0000] {logging_mixin.py:137} INFO - [2022-12-30T00:25:06.446+0000] {dag.py:3427} INFO - Setting next_dagrun for example_nested_branch_dag to 2022-12-29T00:00:00+00:00, run_after=2022-12-30T00:00:00+00:00
[2022-12-30T00:25:06.458+0000] {processor.py:175} INFO - Processing /home/airflow/.local/lib/python3.7/site-packages/airflow/example_dags/example_nested_branch_dag.py took 0.099 seconds
[2022-12-30T00:25:36.861+0000] {processor.py:153} INFO - Started process (PID=39208) to work on /home/airflow/.local/lib/python3.7/site-packages/airflow/example_dags/example_nested_branch_dag.py
[2022-12-30T00:25:36.862+0000] {processor.py:743} INFO - Processing file /home/airflow/.local/lib/python3.7/site-packages/airflow/example_dags/example_nested_branch_dag.py for tasks to queue
[2022-12-30T00:25:36.862+0000] {logging_mixin.py:137} INFO - [2022-12-30T00:25:36.862+0000] {dagbag.py:538} INFO - Filling up the DagBag from /home/airflow/.local/lib/python3.7/site-packages/airflow/example_dags/example_nested_branch_dag.py
[2022-12-30T00:25:36.883+0000] {processor.py:753} INFO - DAG(s) dict_keys(['example_nested_branch_dag']) retrieved from /home/airflow/.local/lib/python3.7/site-packages/airflow/example_dags/example_nested_branch_dag.py
[2022-12-30T00:25:36.914+0000] {logging_mixin.py:137} INFO - [2022-12-30T00:25:36.914+0000] {dag.py:2676} INFO - Sync 1 DAGs
[2022-12-30T00:25:36.941+0000] {logging_mixin.py:137} INFO - [2022-12-30T00:25:36.941+0000] {dag.py:3427} INFO - Setting next_dagrun for example_nested_branch_dag to 2022-12-29T00:00:00+00:00, run_after=2022-12-30T00:00:00+00:00
[2022-12-30T00:25:36.955+0000] {processor.py:175} INFO - Processing /home/airflow/.local/lib/python3.7/site-packages/airflow/example_dags/example_nested_branch_dag.py took 0.097 seconds
[2022-12-30T00:26:07.543+0000] {processor.py:153} INFO - Started process (PID=39310) to work on /home/airflow/.local/lib/python3.7/site-packages/airflow/example_dags/example_nested_branch_dag.py
[2022-12-30T00:26:07.543+0000] {processor.py:743} INFO - Processing file /home/airflow/.local/lib/python3.7/site-packages/airflow/example_dags/example_nested_branch_dag.py for tasks to queue
[2022-12-30T00:26:07.544+0000] {logging_mixin.py:137} INFO - [2022-12-30T00:26:07.544+0000] {dagbag.py:538} INFO - Filling up the DagBag from /home/airflow/.local/lib/python3.7/site-packages/airflow/example_dags/example_nested_branch_dag.py
[2022-12-30T00:26:07.565+0000] {processor.py:753} INFO - DAG(s) dict_keys(['example_nested_branch_dag']) retrieved from /home/airflow/.local/lib/python3.7/site-packages/airflow/example_dags/example_nested_branch_dag.py
[2022-12-30T00:26:07.593+0000] {logging_mixin.py:137} INFO - [2022-12-30T00:26:07.593+0000] {dag.py:2676} INFO - Sync 1 DAGs
[2022-12-30T00:26:07.614+0000] {logging_mixin.py:137} INFO - [2022-12-30T00:26:07.614+0000] {dag.py:3427} INFO - Setting next_dagrun for example_nested_branch_dag to 2022-12-29T00:00:00+00:00, run_after=2022-12-30T00:00:00+00:00
[2022-12-30T00:26:07.625+0000] {processor.py:175} INFO - Processing /home/airflow/.local/lib/python3.7/site-packages/airflow/example_dags/example_nested_branch_dag.py took 0.085 seconds
[2022-12-30T00:26:37.989+0000] {processor.py:153} INFO - Started process (PID=39392) to work on /home/airflow/.local/lib/python3.7/site-packages/airflow/example_dags/example_nested_branch_dag.py
[2022-12-30T00:26:37.989+0000] {processor.py:743} INFO - Processing file /home/airflow/.local/lib/python3.7/site-packages/airflow/example_dags/example_nested_branch_dag.py for tasks to queue
[2022-12-30T00:26:37.990+0000] {logging_mixin.py:137} INFO - [2022-12-30T00:26:37.990+0000] {dagbag.py:538} INFO - Filling up the DagBag from /home/airflow/.local/lib/python3.7/site-packages/airflow/example_dags/example_nested_branch_dag.py
[2022-12-30T00:26:38.008+0000] {processor.py:753} INFO - DAG(s) dict_keys(['example_nested_branch_dag']) retrieved from /home/airflow/.local/lib/python3.7/site-packages/airflow/example_dags/example_nested_branch_dag.py
[2022-12-30T00:26:38.036+0000] {logging_mixin.py:137} INFO - [2022-12-30T00:26:38.036+0000] {dag.py:2676} INFO - Sync 1 DAGs
[2022-12-30T00:26:38.056+0000] {logging_mixin.py:137} INFO - [2022-12-30T00:26:38.056+0000] {dag.py:3427} INFO - Setting next_dagrun for example_nested_branch_dag to 2022-12-29T00:00:00+00:00, run_after=2022-12-30T00:00:00+00:00
[2022-12-30T00:26:38.068+0000] {processor.py:175} INFO - Processing /home/airflow/.local/lib/python3.7/site-packages/airflow/example_dags/example_nested_branch_dag.py took 0.083 seconds
[2022-12-30T00:27:08.177+0000] {processor.py:153} INFO - Started process (PID=39495) to work on /home/airflow/.local/lib/python3.7/site-packages/airflow/example_dags/example_nested_branch_dag.py
[2022-12-30T00:27:08.178+0000] {processor.py:743} INFO - Processing file /home/airflow/.local/lib/python3.7/site-packages/airflow/example_dags/example_nested_branch_dag.py for tasks to queue
[2022-12-30T00:27:08.179+0000] {logging_mixin.py:137} INFO - [2022-12-30T00:27:08.178+0000] {dagbag.py:538} INFO - Filling up the DagBag from /home/airflow/.local/lib/python3.7/site-packages/airflow/example_dags/example_nested_branch_dag.py
[2022-12-30T00:27:08.197+0000] {processor.py:753} INFO - DAG(s) dict_keys(['example_nested_branch_dag']) retrieved from /home/airflow/.local/lib/python3.7/site-packages/airflow/example_dags/example_nested_branch_dag.py
[2022-12-30T00:27:08.226+0000] {logging_mixin.py:137} INFO - [2022-12-30T00:27:08.226+0000] {dag.py:2676} INFO - Sync 1 DAGs
[2022-12-30T00:27:08.251+0000] {logging_mixin.py:137} INFO - [2022-12-30T00:27:08.251+0000] {dag.py:3427} INFO - Setting next_dagrun for example_nested_branch_dag to 2022-12-29T00:00:00+00:00, run_after=2022-12-30T00:00:00+00:00
[2022-12-30T00:27:08.264+0000] {processor.py:175} INFO - Processing /home/airflow/.local/lib/python3.7/site-packages/airflow/example_dags/example_nested_branch_dag.py took 0.089 seconds
[2022-12-30T00:27:38.893+0000] {processor.py:153} INFO - Started process (PID=39577) to work on /home/airflow/.local/lib/python3.7/site-packages/airflow/example_dags/example_nested_branch_dag.py
[2022-12-30T00:27:38.900+0000] {processor.py:743} INFO - Processing file /home/airflow/.local/lib/python3.7/site-packages/airflow/example_dags/example_nested_branch_dag.py for tasks to queue
[2022-12-30T00:27:38.900+0000] {logging_mixin.py:137} INFO - [2022-12-30T00:27:38.900+0000] {dagbag.py:538} INFO - Filling up the DagBag from /home/airflow/.local/lib/python3.7/site-packages/airflow/example_dags/example_nested_branch_dag.py
[2022-12-30T00:27:38.920+0000] {processor.py:753} INFO - DAG(s) dict_keys(['example_nested_branch_dag']) retrieved from /home/airflow/.local/lib/python3.7/site-packages/airflow/example_dags/example_nested_branch_dag.py
[2022-12-30T00:27:38.950+0000] {logging_mixin.py:137} INFO - [2022-12-30T00:27:38.950+0000] {dag.py:2676} INFO - Sync 1 DAGs
[2022-12-30T00:27:38.970+0000] {logging_mixin.py:137} INFO - [2022-12-30T00:27:38.970+0000] {dag.py:3427} INFO - Setting next_dagrun for example_nested_branch_dag to 2022-12-29T00:00:00+00:00, run_after=2022-12-30T00:00:00+00:00
[2022-12-30T00:27:38.982+0000] {processor.py:175} INFO - Processing /home/airflow/.local/lib/python3.7/site-packages/airflow/example_dags/example_nested_branch_dag.py took 0.093 seconds
[2022-12-30T00:28:09.076+0000] {processor.py:153} INFO - Started process (PID=39679) to work on /home/airflow/.local/lib/python3.7/site-packages/airflow/example_dags/example_nested_branch_dag.py
[2022-12-30T00:28:09.077+0000] {processor.py:743} INFO - Processing file /home/airflow/.local/lib/python3.7/site-packages/airflow/example_dags/example_nested_branch_dag.py for tasks to queue
[2022-12-30T00:28:09.077+0000] {logging_mixin.py:137} INFO - [2022-12-30T00:28:09.077+0000] {dagbag.py:538} INFO - Filling up the DagBag from /home/airflow/.local/lib/python3.7/site-packages/airflow/example_dags/example_nested_branch_dag.py
[2022-12-30T00:28:09.098+0000] {processor.py:753} INFO - DAG(s) dict_keys(['example_nested_branch_dag']) retrieved from /home/airflow/.local/lib/python3.7/site-packages/airflow/example_dags/example_nested_branch_dag.py
[2022-12-30T00:28:09.132+0000] {logging_mixin.py:137} INFO - [2022-12-30T00:28:09.132+0000] {dag.py:2676} INFO - Sync 1 DAGs
[2022-12-30T00:28:09.158+0000] {logging_mixin.py:137} INFO - [2022-12-30T00:28:09.158+0000] {dag.py:3427} INFO - Setting next_dagrun for example_nested_branch_dag to 2022-12-29T00:00:00+00:00, run_after=2022-12-30T00:00:00+00:00
[2022-12-30T00:28:09.172+0000] {processor.py:175} INFO - Processing /home/airflow/.local/lib/python3.7/site-packages/airflow/example_dags/example_nested_branch_dag.py took 0.099 seconds
[2022-12-30T00:28:39.623+0000] {processor.py:153} INFO - Started process (PID=39770) to work on /home/airflow/.local/lib/python3.7/site-packages/airflow/example_dags/example_nested_branch_dag.py
[2022-12-30T00:28:39.624+0000] {processor.py:743} INFO - Processing file /home/airflow/.local/lib/python3.7/site-packages/airflow/example_dags/example_nested_branch_dag.py for tasks to queue
[2022-12-30T00:28:39.624+0000] {logging_mixin.py:137} INFO - [2022-12-30T00:28:39.624+0000] {dagbag.py:538} INFO - Filling up the DagBag from /home/airflow/.local/lib/python3.7/site-packages/airflow/example_dags/example_nested_branch_dag.py
[2022-12-30T00:28:39.647+0000] {processor.py:753} INFO - DAG(s) dict_keys(['example_nested_branch_dag']) retrieved from /home/airflow/.local/lib/python3.7/site-packages/airflow/example_dags/example_nested_branch_dag.py
[2022-12-30T00:28:39.682+0000] {logging_mixin.py:137} INFO - [2022-12-30T00:28:39.682+0000] {dag.py:2676} INFO - Sync 1 DAGs
[2022-12-30T00:28:39.704+0000] {logging_mixin.py:137} INFO - [2022-12-30T00:28:39.704+0000] {dag.py:3427} INFO - Setting next_dagrun for example_nested_branch_dag to 2022-12-29T00:00:00+00:00, run_after=2022-12-30T00:00:00+00:00
[2022-12-30T00:28:39.716+0000] {processor.py:175} INFO - Processing /home/airflow/.local/lib/python3.7/site-packages/airflow/example_dags/example_nested_branch_dag.py took 0.096 seconds
[2022-12-30T00:29:09.888+0000] {processor.py:153} INFO - Started process (PID=39863) to work on /home/airflow/.local/lib/python3.7/site-packages/airflow/example_dags/example_nested_branch_dag.py
[2022-12-30T00:29:09.889+0000] {processor.py:743} INFO - Processing file /home/airflow/.local/lib/python3.7/site-packages/airflow/example_dags/example_nested_branch_dag.py for tasks to queue
[2022-12-30T00:29:09.890+0000] {logging_mixin.py:137} INFO - [2022-12-30T00:29:09.890+0000] {dagbag.py:538} INFO - Filling up the DagBag from /home/airflow/.local/lib/python3.7/site-packages/airflow/example_dags/example_nested_branch_dag.py
[2022-12-30T00:29:09.909+0000] {processor.py:753} INFO - DAG(s) dict_keys(['example_nested_branch_dag']) retrieved from /home/airflow/.local/lib/python3.7/site-packages/airflow/example_dags/example_nested_branch_dag.py
[2022-12-30T00:29:09.941+0000] {logging_mixin.py:137} INFO - [2022-12-30T00:29:09.941+0000] {dag.py:2676} INFO - Sync 1 DAGs
[2022-12-30T00:29:09.970+0000] {logging_mixin.py:137} INFO - [2022-12-30T00:29:09.970+0000] {dag.py:3427} INFO - Setting next_dagrun for example_nested_branch_dag to 2022-12-29T00:00:00+00:00, run_after=2022-12-30T00:00:00+00:00
[2022-12-30T00:29:09.986+0000] {processor.py:175} INFO - Processing /home/airflow/.local/lib/python3.7/site-packages/airflow/example_dags/example_nested_branch_dag.py took 0.100 seconds
[2022-12-30T00:29:40.202+0000] {processor.py:153} INFO - Started process (PID=39954) to work on /home/airflow/.local/lib/python3.7/site-packages/airflow/example_dags/example_nested_branch_dag.py
[2022-12-30T00:29:40.204+0000] {processor.py:743} INFO - Processing file /home/airflow/.local/lib/python3.7/site-packages/airflow/example_dags/example_nested_branch_dag.py for tasks to queue
[2022-12-30T00:29:40.204+0000] {logging_mixin.py:137} INFO - [2022-12-30T00:29:40.204+0000] {dagbag.py:538} INFO - Filling up the DagBag from /home/airflow/.local/lib/python3.7/site-packages/airflow/example_dags/example_nested_branch_dag.py
[2022-12-30T00:29:40.228+0000] {processor.py:753} INFO - DAG(s) dict_keys(['example_nested_branch_dag']) retrieved from /home/airflow/.local/lib/python3.7/site-packages/airflow/example_dags/example_nested_branch_dag.py
[2022-12-30T00:29:40.263+0000] {logging_mixin.py:137} INFO - [2022-12-30T00:29:40.263+0000] {dag.py:2676} INFO - Sync 1 DAGs
[2022-12-30T00:29:40.294+0000] {logging_mixin.py:137} INFO - [2022-12-30T00:29:40.294+0000] {dag.py:3427} INFO - Setting next_dagrun for example_nested_branch_dag to 2022-12-29T00:00:00+00:00, run_after=2022-12-30T00:00:00+00:00
[2022-12-30T00:29:40.311+0000] {processor.py:175} INFO - Processing /home/airflow/.local/lib/python3.7/site-packages/airflow/example_dags/example_nested_branch_dag.py took 0.112 seconds
[2022-12-30T00:30:10.826+0000] {processor.py:153} INFO - Started process (PID=40047) to work on /home/airflow/.local/lib/python3.7/site-packages/airflow/example_dags/example_nested_branch_dag.py
[2022-12-30T00:30:10.828+0000] {processor.py:743} INFO - Processing file /home/airflow/.local/lib/python3.7/site-packages/airflow/example_dags/example_nested_branch_dag.py for tasks to queue
[2022-12-30T00:30:10.829+0000] {logging_mixin.py:137} INFO - [2022-12-30T00:30:10.828+0000] {dagbag.py:538} INFO - Filling up the DagBag from /home/airflow/.local/lib/python3.7/site-packages/airflow/example_dags/example_nested_branch_dag.py
[2022-12-30T00:30:10.848+0000] {processor.py:753} INFO - DAG(s) dict_keys(['example_nested_branch_dag']) retrieved from /home/airflow/.local/lib/python3.7/site-packages/airflow/example_dags/example_nested_branch_dag.py
[2022-12-30T00:30:10.880+0000] {logging_mixin.py:137} INFO - [2022-12-30T00:30:10.880+0000] {dag.py:2676} INFO - Sync 1 DAGs
[2022-12-30T00:30:10.900+0000] {logging_mixin.py:137} INFO - [2022-12-30T00:30:10.900+0000] {dag.py:3427} INFO - Setting next_dagrun for example_nested_branch_dag to 2022-12-29T00:00:00+00:00, run_after=2022-12-30T00:00:00+00:00
[2022-12-30T00:30:10.914+0000] {processor.py:175} INFO - Processing /home/airflow/.local/lib/python3.7/site-packages/airflow/example_dags/example_nested_branch_dag.py took 0.092 seconds
[2022-12-30T00:30:41.329+0000] {processor.py:153} INFO - Started process (PID=40149) to work on /home/airflow/.local/lib/python3.7/site-packages/airflow/example_dags/example_nested_branch_dag.py
[2022-12-30T00:30:41.336+0000] {processor.py:743} INFO - Processing file /home/airflow/.local/lib/python3.7/site-packages/airflow/example_dags/example_nested_branch_dag.py for tasks to queue
[2022-12-30T00:30:41.336+0000] {logging_mixin.py:137} INFO - [2022-12-30T00:30:41.336+0000] {dagbag.py:538} INFO - Filling up the DagBag from /home/airflow/.local/lib/python3.7/site-packages/airflow/example_dags/example_nested_branch_dag.py
[2022-12-30T00:30:41.359+0000] {processor.py:753} INFO - DAG(s) dict_keys(['example_nested_branch_dag']) retrieved from /home/airflow/.local/lib/python3.7/site-packages/airflow/example_dags/example_nested_branch_dag.py
[2022-12-30T00:30:41.391+0000] {logging_mixin.py:137} INFO - [2022-12-30T00:30:41.391+0000] {dag.py:2676} INFO - Sync 1 DAGs
[2022-12-30T00:30:41.416+0000] {logging_mixin.py:137} INFO - [2022-12-30T00:30:41.416+0000] {dag.py:3427} INFO - Setting next_dagrun for example_nested_branch_dag to 2022-12-29T00:00:00+00:00, run_after=2022-12-30T00:00:00+00:00
[2022-12-30T00:30:41.430+0000] {processor.py:175} INFO - Processing /home/airflow/.local/lib/python3.7/site-packages/airflow/example_dags/example_nested_branch_dag.py took 0.106 seconds
[2022-12-30T00:31:11.837+0000] {processor.py:153} INFO - Started process (PID=40231) to work on /home/airflow/.local/lib/python3.7/site-packages/airflow/example_dags/example_nested_branch_dag.py
[2022-12-30T00:31:11.838+0000] {processor.py:743} INFO - Processing file /home/airflow/.local/lib/python3.7/site-packages/airflow/example_dags/example_nested_branch_dag.py for tasks to queue
[2022-12-30T00:31:11.838+0000] {logging_mixin.py:137} INFO - [2022-12-30T00:31:11.838+0000] {dagbag.py:538} INFO - Filling up the DagBag from /home/airflow/.local/lib/python3.7/site-packages/airflow/example_dags/example_nested_branch_dag.py
[2022-12-30T00:31:11.859+0000] {processor.py:753} INFO - DAG(s) dict_keys(['example_nested_branch_dag']) retrieved from /home/airflow/.local/lib/python3.7/site-packages/airflow/example_dags/example_nested_branch_dag.py
[2022-12-30T00:31:11.888+0000] {logging_mixin.py:137} INFO - [2022-12-30T00:31:11.888+0000] {dag.py:2676} INFO - Sync 1 DAGs
[2022-12-30T00:31:11.908+0000] {logging_mixin.py:137} INFO - [2022-12-30T00:31:11.908+0000] {dag.py:3427} INFO - Setting next_dagrun for example_nested_branch_dag to 2022-12-29T00:00:00+00:00, run_after=2022-12-30T00:00:00+00:00
[2022-12-30T00:31:11.920+0000] {processor.py:175} INFO - Processing /home/airflow/.local/lib/python3.7/site-packages/airflow/example_dags/example_nested_branch_dag.py took 0.086 seconds
[2022-12-30T00:31:42.394+0000] {processor.py:153} INFO - Started process (PID=40333) to work on /home/airflow/.local/lib/python3.7/site-packages/airflow/example_dags/example_nested_branch_dag.py
[2022-12-30T00:31:42.396+0000] {processor.py:743} INFO - Processing file /home/airflow/.local/lib/python3.7/site-packages/airflow/example_dags/example_nested_branch_dag.py for tasks to queue
[2022-12-30T00:31:42.396+0000] {logging_mixin.py:137} INFO - [2022-12-30T00:31:42.396+0000] {dagbag.py:538} INFO - Filling up the DagBag from /home/airflow/.local/lib/python3.7/site-packages/airflow/example_dags/example_nested_branch_dag.py
[2022-12-30T00:31:42.415+0000] {processor.py:753} INFO - DAG(s) dict_keys(['example_nested_branch_dag']) retrieved from /home/airflow/.local/lib/python3.7/site-packages/airflow/example_dags/example_nested_branch_dag.py
[2022-12-30T00:31:42.448+0000] {logging_mixin.py:137} INFO - [2022-12-30T00:31:42.448+0000] {dag.py:2676} INFO - Sync 1 DAGs
[2022-12-30T00:31:42.467+0000] {logging_mixin.py:137} INFO - [2022-12-30T00:31:42.467+0000] {dag.py:3427} INFO - Setting next_dagrun for example_nested_branch_dag to 2022-12-29T00:00:00+00:00, run_after=2022-12-30T00:00:00+00:00
[2022-12-30T00:31:42.479+0000] {processor.py:175} INFO - Processing /home/airflow/.local/lib/python3.7/site-packages/airflow/example_dags/example_nested_branch_dag.py took 0.088 seconds
[2022-12-30T00:32:12.503+0000] {processor.py:153} INFO - Started process (PID=40416) to work on /home/airflow/.local/lib/python3.7/site-packages/airflow/example_dags/example_nested_branch_dag.py
[2022-12-30T00:32:12.504+0000] {processor.py:743} INFO - Processing file /home/airflow/.local/lib/python3.7/site-packages/airflow/example_dags/example_nested_branch_dag.py for tasks to queue
[2022-12-30T00:32:12.505+0000] {logging_mixin.py:137} INFO - [2022-12-30T00:32:12.505+0000] {dagbag.py:538} INFO - Filling up the DagBag from /home/airflow/.local/lib/python3.7/site-packages/airflow/example_dags/example_nested_branch_dag.py
[2022-12-30T00:32:12.525+0000] {processor.py:753} INFO - DAG(s) dict_keys(['example_nested_branch_dag']) retrieved from /home/airflow/.local/lib/python3.7/site-packages/airflow/example_dags/example_nested_branch_dag.py
[2022-12-30T00:32:12.557+0000] {logging_mixin.py:137} INFO - [2022-12-30T00:32:12.557+0000] {dag.py:2676} INFO - Sync 1 DAGs
[2022-12-30T00:32:12.579+0000] {logging_mixin.py:137} INFO - [2022-12-30T00:32:12.579+0000] {dag.py:3427} INFO - Setting next_dagrun for example_nested_branch_dag to 2022-12-29T00:00:00+00:00, run_after=2022-12-30T00:00:00+00:00
[2022-12-30T00:32:12.592+0000] {processor.py:175} INFO - Processing /home/airflow/.local/lib/python3.7/site-packages/airflow/example_dags/example_nested_branch_dag.py took 0.091 seconds
[2022-12-30T00:32:42.976+0000] {processor.py:153} INFO - Started process (PID=40518) to work on /home/airflow/.local/lib/python3.7/site-packages/airflow/example_dags/example_nested_branch_dag.py
[2022-12-30T00:32:42.984+0000] {processor.py:743} INFO - Processing file /home/airflow/.local/lib/python3.7/site-packages/airflow/example_dags/example_nested_branch_dag.py for tasks to queue
[2022-12-30T00:32:42.984+0000] {logging_mixin.py:137} INFO - [2022-12-30T00:32:42.984+0000] {dagbag.py:538} INFO - Filling up the DagBag from /home/airflow/.local/lib/python3.7/site-packages/airflow/example_dags/example_nested_branch_dag.py
[2022-12-30T00:32:43.002+0000] {processor.py:753} INFO - DAG(s) dict_keys(['example_nested_branch_dag']) retrieved from /home/airflow/.local/lib/python3.7/site-packages/airflow/example_dags/example_nested_branch_dag.py
[2022-12-30T00:32:43.033+0000] {logging_mixin.py:137} INFO - [2022-12-30T00:32:43.033+0000] {dag.py:2676} INFO - Sync 1 DAGs
[2022-12-30T00:32:43.053+0000] {logging_mixin.py:137} INFO - [2022-12-30T00:32:43.053+0000] {dag.py:3427} INFO - Setting next_dagrun for example_nested_branch_dag to 2022-12-29T00:00:00+00:00, run_after=2022-12-30T00:00:00+00:00
[2022-12-30T00:32:43.065+0000] {processor.py:175} INFO - Processing /home/airflow/.local/lib/python3.7/site-packages/airflow/example_dags/example_nested_branch_dag.py took 0.093 seconds
[2022-12-30T00:33:13.780+0000] {processor.py:153} INFO - Started process (PID=40600) to work on /home/airflow/.local/lib/python3.7/site-packages/airflow/example_dags/example_nested_branch_dag.py
[2022-12-30T00:33:13.781+0000] {processor.py:743} INFO - Processing file /home/airflow/.local/lib/python3.7/site-packages/airflow/example_dags/example_nested_branch_dag.py for tasks to queue
[2022-12-30T00:33:13.781+0000] {logging_mixin.py:137} INFO - [2022-12-30T00:33:13.781+0000] {dagbag.py:538} INFO - Filling up the DagBag from /home/airflow/.local/lib/python3.7/site-packages/airflow/example_dags/example_nested_branch_dag.py
[2022-12-30T00:33:13.801+0000] {processor.py:753} INFO - DAG(s) dict_keys(['example_nested_branch_dag']) retrieved from /home/airflow/.local/lib/python3.7/site-packages/airflow/example_dags/example_nested_branch_dag.py
[2022-12-30T00:33:13.829+0000] {logging_mixin.py:137} INFO - [2022-12-30T00:33:13.829+0000] {dag.py:2676} INFO - Sync 1 DAGs
[2022-12-30T00:33:13.850+0000] {logging_mixin.py:137} INFO - [2022-12-30T00:33:13.850+0000] {dag.py:3427} INFO - Setting next_dagrun for example_nested_branch_dag to 2022-12-29T00:00:00+00:00, run_after=2022-12-30T00:00:00+00:00
[2022-12-30T00:33:13.863+0000] {processor.py:175} INFO - Processing /home/airflow/.local/lib/python3.7/site-packages/airflow/example_dags/example_nested_branch_dag.py took 0.086 seconds
[2022-12-30T00:33:44.459+0000] {processor.py:153} INFO - Started process (PID=40702) to work on /home/airflow/.local/lib/python3.7/site-packages/airflow/example_dags/example_nested_branch_dag.py
[2022-12-30T00:33:44.466+0000] {processor.py:743} INFO - Processing file /home/airflow/.local/lib/python3.7/site-packages/airflow/example_dags/example_nested_branch_dag.py for tasks to queue
[2022-12-30T00:33:44.467+0000] {logging_mixin.py:137} INFO - [2022-12-30T00:33:44.467+0000] {dagbag.py:538} INFO - Filling up the DagBag from /home/airflow/.local/lib/python3.7/site-packages/airflow/example_dags/example_nested_branch_dag.py
[2022-12-30T00:33:44.486+0000] {processor.py:753} INFO - DAG(s) dict_keys(['example_nested_branch_dag']) retrieved from /home/airflow/.local/lib/python3.7/site-packages/airflow/example_dags/example_nested_branch_dag.py
[2022-12-30T00:33:44.515+0000] {logging_mixin.py:137} INFO - [2022-12-30T00:33:44.515+0000] {dag.py:2676} INFO - Sync 1 DAGs
[2022-12-30T00:33:44.534+0000] {logging_mixin.py:137} INFO - [2022-12-30T00:33:44.534+0000] {dag.py:3427} INFO - Setting next_dagrun for example_nested_branch_dag to 2022-12-29T00:00:00+00:00, run_after=2022-12-30T00:00:00+00:00
[2022-12-30T00:33:44.545+0000] {processor.py:175} INFO - Processing /home/airflow/.local/lib/python3.7/site-packages/airflow/example_dags/example_nested_branch_dag.py took 0.089 seconds
