[2022-12-30T00:00:08.947+0000] {processor.py:153} INFO - Started process (PID=34537) to work on /home/airflow/.local/lib/python3.7/site-packages/airflow/example_dags/example_branch_python_dop_operator_3.py
[2022-12-30T00:00:08.948+0000] {processor.py:743} INFO - Processing file /home/airflow/.local/lib/python3.7/site-packages/airflow/example_dags/example_branch_python_dop_operator_3.py for tasks to queue
[2022-12-30T00:00:08.948+0000] {logging_mixin.py:137} INFO - [2022-12-30T00:00:08.948+0000] {dagbag.py:538} INFO - Filling up the DagBag from /home/airflow/.local/lib/python3.7/site-packages/airflow/example_dags/example_branch_python_dop_operator_3.py
[2022-12-30T00:00:08.964+0000] {processor.py:753} INFO - DAG(s) dict_keys(['example_branch_dop_operator_v3']) retrieved from /home/airflow/.local/lib/python3.7/site-packages/airflow/example_dags/example_branch_python_dop_operator_3.py
[2022-12-30T00:00:08.991+0000] {logging_mixin.py:137} INFO - [2022-12-30T00:00:08.991+0000] {dag.py:2676} INFO - Sync 1 DAGs
[2022-12-30T00:00:09.013+0000] {logging_mixin.py:137} INFO - [2022-12-30T00:00:09.013+0000] {dag.py:3427} INFO - Setting next_dagrun for example_branch_dop_operator_v3 to 2022-12-29T23:59:00+00:00, run_after=2022-12-30T00:00:00+00:00
[2022-12-30T00:00:09.024+0000] {processor.py:175} INFO - Processing /home/airflow/.local/lib/python3.7/site-packages/airflow/example_dags/example_branch_python_dop_operator_3.py took 0.080 seconds
[2022-12-30T00:00:39.530+0000] {processor.py:153} INFO - Started process (PID=34640) to work on /home/airflow/.local/lib/python3.7/site-packages/airflow/example_dags/example_branch_python_dop_operator_3.py
[2022-12-30T00:00:39.531+0000] {processor.py:743} INFO - Processing file /home/airflow/.local/lib/python3.7/site-packages/airflow/example_dags/example_branch_python_dop_operator_3.py for tasks to queue
[2022-12-30T00:00:39.531+0000] {logging_mixin.py:137} INFO - [2022-12-30T00:00:39.531+0000] {dagbag.py:538} INFO - Filling up the DagBag from /home/airflow/.local/lib/python3.7/site-packages/airflow/example_dags/example_branch_python_dop_operator_3.py
[2022-12-30T00:00:39.551+0000] {processor.py:753} INFO - DAG(s) dict_keys(['example_branch_dop_operator_v3']) retrieved from /home/airflow/.local/lib/python3.7/site-packages/airflow/example_dags/example_branch_python_dop_operator_3.py
[2022-12-30T00:00:39.583+0000] {logging_mixin.py:137} INFO - [2022-12-30T00:00:39.582+0000] {dag.py:2676} INFO - Sync 1 DAGs
[2022-12-30T00:00:39.607+0000] {logging_mixin.py:137} INFO - [2022-12-30T00:00:39.607+0000] {dag.py:3427} INFO - Setting next_dagrun for example_branch_dop_operator_v3 to 2022-12-29T23:59:00+00:00, run_after=2022-12-30T00:00:00+00:00
[2022-12-30T00:00:39.620+0000] {processor.py:175} INFO - Processing /home/airflow/.local/lib/python3.7/site-packages/airflow/example_dags/example_branch_python_dop_operator_3.py took 0.093 seconds
[2022-12-30T00:01:10.168+0000] {processor.py:153} INFO - Started process (PID=34731) to work on /home/airflow/.local/lib/python3.7/site-packages/airflow/example_dags/example_branch_python_dop_operator_3.py
[2022-12-30T00:01:10.169+0000] {processor.py:743} INFO - Processing file /home/airflow/.local/lib/python3.7/site-packages/airflow/example_dags/example_branch_python_dop_operator_3.py for tasks to queue
[2022-12-30T00:01:10.170+0000] {logging_mixin.py:137} INFO - [2022-12-30T00:01:10.170+0000] {dagbag.py:538} INFO - Filling up the DagBag from /home/airflow/.local/lib/python3.7/site-packages/airflow/example_dags/example_branch_python_dop_operator_3.py
[2022-12-30T00:01:10.190+0000] {processor.py:753} INFO - DAG(s) dict_keys(['example_branch_dop_operator_v3']) retrieved from /home/airflow/.local/lib/python3.7/site-packages/airflow/example_dags/example_branch_python_dop_operator_3.py
[2022-12-30T00:01:10.217+0000] {logging_mixin.py:137} INFO - [2022-12-30T00:01:10.216+0000] {dag.py:2676} INFO - Sync 1 DAGs
[2022-12-30T00:01:10.242+0000] {logging_mixin.py:137} INFO - [2022-12-30T00:01:10.241+0000] {dag.py:3427} INFO - Setting next_dagrun for example_branch_dop_operator_v3 to 2022-12-30T00:00:00+00:00, run_after=2022-12-30T00:01:00+00:00
[2022-12-30T00:01:10.257+0000] {processor.py:175} INFO - Processing /home/airflow/.local/lib/python3.7/site-packages/airflow/example_dags/example_branch_python_dop_operator_3.py took 0.091 seconds
[2022-12-30T00:01:40.585+0000] {processor.py:153} INFO - Started process (PID=34824) to work on /home/airflow/.local/lib/python3.7/site-packages/airflow/example_dags/example_branch_python_dop_operator_3.py
[2022-12-30T00:01:40.585+0000] {processor.py:743} INFO - Processing file /home/airflow/.local/lib/python3.7/site-packages/airflow/example_dags/example_branch_python_dop_operator_3.py for tasks to queue
[2022-12-30T00:01:40.586+0000] {logging_mixin.py:137} INFO - [2022-12-30T00:01:40.586+0000] {dagbag.py:538} INFO - Filling up the DagBag from /home/airflow/.local/lib/python3.7/site-packages/airflow/example_dags/example_branch_python_dop_operator_3.py
[2022-12-30T00:01:40.605+0000] {processor.py:753} INFO - DAG(s) dict_keys(['example_branch_dop_operator_v3']) retrieved from /home/airflow/.local/lib/python3.7/site-packages/airflow/example_dags/example_branch_python_dop_operator_3.py
[2022-12-30T00:01:40.631+0000] {logging_mixin.py:137} INFO - [2022-12-30T00:01:40.631+0000] {dag.py:2676} INFO - Sync 1 DAGs
[2022-12-30T00:01:40.654+0000] {logging_mixin.py:137} INFO - [2022-12-30T00:01:40.654+0000] {dag.py:3427} INFO - Setting next_dagrun for example_branch_dop_operator_v3 to 2022-12-30T00:00:00+00:00, run_after=2022-12-30T00:01:00+00:00
[2022-12-30T00:01:40.666+0000] {processor.py:175} INFO - Processing /home/airflow/.local/lib/python3.7/site-packages/airflow/example_dags/example_branch_python_dop_operator_3.py took 0.083 seconds
[2022-12-30T00:02:11.231+0000] {processor.py:153} INFO - Started process (PID=34926) to work on /home/airflow/.local/lib/python3.7/site-packages/airflow/example_dags/example_branch_python_dop_operator_3.py
[2022-12-30T00:02:11.232+0000] {processor.py:743} INFO - Processing file /home/airflow/.local/lib/python3.7/site-packages/airflow/example_dags/example_branch_python_dop_operator_3.py for tasks to queue
[2022-12-30T00:02:11.232+0000] {logging_mixin.py:137} INFO - [2022-12-30T00:02:11.232+0000] {dagbag.py:538} INFO - Filling up the DagBag from /home/airflow/.local/lib/python3.7/site-packages/airflow/example_dags/example_branch_python_dop_operator_3.py
[2022-12-30T00:02:11.249+0000] {processor.py:753} INFO - DAG(s) dict_keys(['example_branch_dop_operator_v3']) retrieved from /home/airflow/.local/lib/python3.7/site-packages/airflow/example_dags/example_branch_python_dop_operator_3.py
[2022-12-30T00:02:11.280+0000] {logging_mixin.py:137} INFO - [2022-12-30T00:02:11.280+0000] {dag.py:2676} INFO - Sync 1 DAGs
[2022-12-30T00:02:11.302+0000] {logging_mixin.py:137} INFO - [2022-12-30T00:02:11.302+0000] {dag.py:3427} INFO - Setting next_dagrun for example_branch_dop_operator_v3 to 2022-12-30T00:01:00+00:00, run_after=2022-12-30T00:02:00+00:00
[2022-12-30T00:02:11.316+0000] {processor.py:175} INFO - Processing /home/airflow/.local/lib/python3.7/site-packages/airflow/example_dags/example_branch_python_dop_operator_3.py took 0.088 seconds
[2022-12-30T00:02:41.706+0000] {processor.py:153} INFO - Started process (PID=35008) to work on /home/airflow/.local/lib/python3.7/site-packages/airflow/example_dags/example_branch_python_dop_operator_3.py
[2022-12-30T00:02:41.707+0000] {processor.py:743} INFO - Processing file /home/airflow/.local/lib/python3.7/site-packages/airflow/example_dags/example_branch_python_dop_operator_3.py for tasks to queue
[2022-12-30T00:02:41.707+0000] {logging_mixin.py:137} INFO - [2022-12-30T00:02:41.707+0000] {dagbag.py:538} INFO - Filling up the DagBag from /home/airflow/.local/lib/python3.7/site-packages/airflow/example_dags/example_branch_python_dop_operator_3.py
[2022-12-30T00:02:41.724+0000] {processor.py:753} INFO - DAG(s) dict_keys(['example_branch_dop_operator_v3']) retrieved from /home/airflow/.local/lib/python3.7/site-packages/airflow/example_dags/example_branch_python_dop_operator_3.py
[2022-12-30T00:02:41.753+0000] {logging_mixin.py:137} INFO - [2022-12-30T00:02:41.753+0000] {dag.py:2676} INFO - Sync 1 DAGs
[2022-12-30T00:02:41.784+0000] {logging_mixin.py:137} INFO - [2022-12-30T00:02:41.784+0000] {dag.py:3427} INFO - Setting next_dagrun for example_branch_dop_operator_v3 to 2022-12-30T00:01:00+00:00, run_after=2022-12-30T00:02:00+00:00
[2022-12-30T00:02:41.799+0000] {processor.py:175} INFO - Processing /home/airflow/.local/lib/python3.7/site-packages/airflow/example_dags/example_branch_python_dop_operator_3.py took 0.095 seconds
[2022-12-30T00:03:12.127+0000] {processor.py:153} INFO - Started process (PID=35110) to work on /home/airflow/.local/lib/python3.7/site-packages/airflow/example_dags/example_branch_python_dop_operator_3.py
[2022-12-30T00:03:12.128+0000] {processor.py:743} INFO - Processing file /home/airflow/.local/lib/python3.7/site-packages/airflow/example_dags/example_branch_python_dop_operator_3.py for tasks to queue
[2022-12-30T00:03:12.128+0000] {logging_mixin.py:137} INFO - [2022-12-30T00:03:12.128+0000] {dagbag.py:538} INFO - Filling up the DagBag from /home/airflow/.local/lib/python3.7/site-packages/airflow/example_dags/example_branch_python_dop_operator_3.py
[2022-12-30T00:03:12.144+0000] {processor.py:753} INFO - DAG(s) dict_keys(['example_branch_dop_operator_v3']) retrieved from /home/airflow/.local/lib/python3.7/site-packages/airflow/example_dags/example_branch_python_dop_operator_3.py
[2022-12-30T00:03:12.171+0000] {logging_mixin.py:137} INFO - [2022-12-30T00:03:12.171+0000] {dag.py:2676} INFO - Sync 1 DAGs
[2022-12-30T00:03:12.194+0000] {logging_mixin.py:137} INFO - [2022-12-30T00:03:12.194+0000] {dag.py:3427} INFO - Setting next_dagrun for example_branch_dop_operator_v3 to 2022-12-30T00:02:00+00:00, run_after=2022-12-30T00:03:00+00:00
[2022-12-30T00:03:12.206+0000] {processor.py:175} INFO - Processing /home/airflow/.local/lib/python3.7/site-packages/airflow/example_dags/example_branch_python_dop_operator_3.py took 0.082 seconds
[2022-12-30T00:03:42.734+0000] {processor.py:153} INFO - Started process (PID=35192) to work on /home/airflow/.local/lib/python3.7/site-packages/airflow/example_dags/example_branch_python_dop_operator_3.py
[2022-12-30T00:03:42.735+0000] {processor.py:743} INFO - Processing file /home/airflow/.local/lib/python3.7/site-packages/airflow/example_dags/example_branch_python_dop_operator_3.py for tasks to queue
[2022-12-30T00:03:42.735+0000] {logging_mixin.py:137} INFO - [2022-12-30T00:03:42.735+0000] {dagbag.py:538} INFO - Filling up the DagBag from /home/airflow/.local/lib/python3.7/site-packages/airflow/example_dags/example_branch_python_dop_operator_3.py
[2022-12-30T00:03:42.752+0000] {processor.py:753} INFO - DAG(s) dict_keys(['example_branch_dop_operator_v3']) retrieved from /home/airflow/.local/lib/python3.7/site-packages/airflow/example_dags/example_branch_python_dop_operator_3.py
[2022-12-30T00:03:42.780+0000] {logging_mixin.py:137} INFO - [2022-12-30T00:03:42.780+0000] {dag.py:2676} INFO - Sync 1 DAGs
[2022-12-30T00:03:42.804+0000] {logging_mixin.py:137} INFO - [2022-12-30T00:03:42.804+0000] {dag.py:3427} INFO - Setting next_dagrun for example_branch_dop_operator_v3 to 2022-12-30T00:02:00+00:00, run_after=2022-12-30T00:03:00+00:00
[2022-12-30T00:03:42.815+0000] {processor.py:175} INFO - Processing /home/airflow/.local/lib/python3.7/site-packages/airflow/example_dags/example_branch_python_dop_operator_3.py took 0.084 seconds
[2022-12-30T00:04:13.591+0000] {processor.py:153} INFO - Started process (PID=35294) to work on /home/airflow/.local/lib/python3.7/site-packages/airflow/example_dags/example_branch_python_dop_operator_3.py
[2022-12-30T00:04:13.591+0000] {processor.py:743} INFO - Processing file /home/airflow/.local/lib/python3.7/site-packages/airflow/example_dags/example_branch_python_dop_operator_3.py for tasks to queue
[2022-12-30T00:04:13.592+0000] {logging_mixin.py:137} INFO - [2022-12-30T00:04:13.592+0000] {dagbag.py:538} INFO - Filling up the DagBag from /home/airflow/.local/lib/python3.7/site-packages/airflow/example_dags/example_branch_python_dop_operator_3.py
[2022-12-30T00:04:13.610+0000] {processor.py:753} INFO - DAG(s) dict_keys(['example_branch_dop_operator_v3']) retrieved from /home/airflow/.local/lib/python3.7/site-packages/airflow/example_dags/example_branch_python_dop_operator_3.py
[2022-12-30T00:04:13.636+0000] {logging_mixin.py:137} INFO - [2022-12-30T00:04:13.636+0000] {dag.py:2676} INFO - Sync 1 DAGs
[2022-12-30T00:04:13.658+0000] {logging_mixin.py:137} INFO - [2022-12-30T00:04:13.657+0000] {dag.py:3427} INFO - Setting next_dagrun for example_branch_dop_operator_v3 to 2022-12-30T00:03:00+00:00, run_after=2022-12-30T00:04:00+00:00
[2022-12-30T00:04:13.673+0000] {processor.py:175} INFO - Processing /home/airflow/.local/lib/python3.7/site-packages/airflow/example_dags/example_branch_python_dop_operator_3.py took 0.085 seconds
[2022-12-30T00:04:44.203+0000] {processor.py:153} INFO - Started process (PID=35396) to work on /home/airflow/.local/lib/python3.7/site-packages/airflow/example_dags/example_branch_python_dop_operator_3.py
[2022-12-30T00:04:44.204+0000] {processor.py:743} INFO - Processing file /home/airflow/.local/lib/python3.7/site-packages/airflow/example_dags/example_branch_python_dop_operator_3.py for tasks to queue
[2022-12-30T00:04:44.204+0000] {logging_mixin.py:137} INFO - [2022-12-30T00:04:44.204+0000] {dagbag.py:538} INFO - Filling up the DagBag from /home/airflow/.local/lib/python3.7/site-packages/airflow/example_dags/example_branch_python_dop_operator_3.py
[2022-12-30T00:04:44.227+0000] {processor.py:753} INFO - DAG(s) dict_keys(['example_branch_dop_operator_v3']) retrieved from /home/airflow/.local/lib/python3.7/site-packages/airflow/example_dags/example_branch_python_dop_operator_3.py
[2022-12-30T00:04:44.264+0000] {logging_mixin.py:137} INFO - [2022-12-30T00:04:44.263+0000] {dag.py:2676} INFO - Sync 1 DAGs
[2022-12-30T00:04:44.295+0000] {logging_mixin.py:137} INFO - [2022-12-30T00:04:44.295+0000] {dag.py:3427} INFO - Setting next_dagrun for example_branch_dop_operator_v3 to 2022-12-30T00:03:00+00:00, run_after=2022-12-30T00:04:00+00:00
[2022-12-30T00:04:44.307+0000] {processor.py:175} INFO - Processing /home/airflow/.local/lib/python3.7/site-packages/airflow/example_dags/example_branch_python_dop_operator_3.py took 0.107 seconds
[2022-12-30T00:05:14.720+0000] {processor.py:153} INFO - Started process (PID=35478) to work on /home/airflow/.local/lib/python3.7/site-packages/airflow/example_dags/example_branch_python_dop_operator_3.py
[2022-12-30T00:05:14.721+0000] {processor.py:743} INFO - Processing file /home/airflow/.local/lib/python3.7/site-packages/airflow/example_dags/example_branch_python_dop_operator_3.py for tasks to queue
[2022-12-30T00:05:14.721+0000] {logging_mixin.py:137} INFO - [2022-12-30T00:05:14.721+0000] {dagbag.py:538} INFO - Filling up the DagBag from /home/airflow/.local/lib/python3.7/site-packages/airflow/example_dags/example_branch_python_dop_operator_3.py
[2022-12-30T00:05:14.738+0000] {processor.py:753} INFO - DAG(s) dict_keys(['example_branch_dop_operator_v3']) retrieved from /home/airflow/.local/lib/python3.7/site-packages/airflow/example_dags/example_branch_python_dop_operator_3.py
[2022-12-30T00:05:14.763+0000] {logging_mixin.py:137} INFO - [2022-12-30T00:05:14.763+0000] {dag.py:2676} INFO - Sync 1 DAGs
[2022-12-30T00:05:14.785+0000] {logging_mixin.py:137} INFO - [2022-12-30T00:05:14.785+0000] {dag.py:3427} INFO - Setting next_dagrun for example_branch_dop_operator_v3 to 2022-12-30T00:04:00+00:00, run_after=2022-12-30T00:05:00+00:00
[2022-12-30T00:05:14.797+0000] {processor.py:175} INFO - Processing /home/airflow/.local/lib/python3.7/site-packages/airflow/example_dags/example_branch_python_dop_operator_3.py took 0.079 seconds
[2022-12-30T00:05:45.038+0000] {processor.py:153} INFO - Started process (PID=35580) to work on /home/airflow/.local/lib/python3.7/site-packages/airflow/example_dags/example_branch_python_dop_operator_3.py
[2022-12-30T00:05:45.039+0000] {processor.py:743} INFO - Processing file /home/airflow/.local/lib/python3.7/site-packages/airflow/example_dags/example_branch_python_dop_operator_3.py for tasks to queue
[2022-12-30T00:05:45.040+0000] {logging_mixin.py:137} INFO - [2022-12-30T00:05:45.039+0000] {dagbag.py:538} INFO - Filling up the DagBag from /home/airflow/.local/lib/python3.7/site-packages/airflow/example_dags/example_branch_python_dop_operator_3.py
[2022-12-30T00:05:45.058+0000] {processor.py:753} INFO - DAG(s) dict_keys(['example_branch_dop_operator_v3']) retrieved from /home/airflow/.local/lib/python3.7/site-packages/airflow/example_dags/example_branch_python_dop_operator_3.py
[2022-12-30T00:05:45.086+0000] {logging_mixin.py:137} INFO - [2022-12-30T00:05:45.085+0000] {dag.py:2676} INFO - Sync 1 DAGs
[2022-12-30T00:05:45.109+0000] {logging_mixin.py:137} INFO - [2022-12-30T00:05:45.108+0000] {dag.py:3427} INFO - Setting next_dagrun for example_branch_dop_operator_v3 to 2022-12-30T00:04:00+00:00, run_after=2022-12-30T00:05:00+00:00
[2022-12-30T00:05:45.120+0000] {processor.py:175} INFO - Processing /home/airflow/.local/lib/python3.7/site-packages/airflow/example_dags/example_branch_python_dop_operator_3.py took 0.085 seconds
[2022-12-30T00:06:15.515+0000] {processor.py:153} INFO - Started process (PID=35662) to work on /home/airflow/.local/lib/python3.7/site-packages/airflow/example_dags/example_branch_python_dop_operator_3.py
[2022-12-30T00:06:15.516+0000] {processor.py:743} INFO - Processing file /home/airflow/.local/lib/python3.7/site-packages/airflow/example_dags/example_branch_python_dop_operator_3.py for tasks to queue
[2022-12-30T00:06:15.517+0000] {logging_mixin.py:137} INFO - [2022-12-30T00:06:15.517+0000] {dagbag.py:538} INFO - Filling up the DagBag from /home/airflow/.local/lib/python3.7/site-packages/airflow/example_dags/example_branch_python_dop_operator_3.py
[2022-12-30T00:06:15.533+0000] {processor.py:753} INFO - DAG(s) dict_keys(['example_branch_dop_operator_v3']) retrieved from /home/airflow/.local/lib/python3.7/site-packages/airflow/example_dags/example_branch_python_dop_operator_3.py
[2022-12-30T00:06:15.559+0000] {logging_mixin.py:137} INFO - [2022-12-30T00:06:15.559+0000] {dag.py:2676} INFO - Sync 1 DAGs
[2022-12-30T00:06:15.581+0000] {logging_mixin.py:137} INFO - [2022-12-30T00:06:15.581+0000] {dag.py:3427} INFO - Setting next_dagrun for example_branch_dop_operator_v3 to 2022-12-30T00:05:00+00:00, run_after=2022-12-30T00:06:00+00:00
[2022-12-30T00:06:15.592+0000] {processor.py:175} INFO - Processing /home/airflow/.local/lib/python3.7/site-packages/airflow/example_dags/example_branch_python_dop_operator_3.py took 0.081 seconds
[2022-12-30T00:06:46.811+0000] {processor.py:153} INFO - Started process (PID=35764) to work on /home/airflow/.local/lib/python3.7/site-packages/airflow/example_dags/example_branch_python_dop_operator_3.py
[2022-12-30T00:06:46.813+0000] {processor.py:743} INFO - Processing file /home/airflow/.local/lib/python3.7/site-packages/airflow/example_dags/example_branch_python_dop_operator_3.py for tasks to queue
[2022-12-30T00:06:46.813+0000] {logging_mixin.py:137} INFO - [2022-12-30T00:06:46.813+0000] {dagbag.py:538} INFO - Filling up the DagBag from /home/airflow/.local/lib/python3.7/site-packages/airflow/example_dags/example_branch_python_dop_operator_3.py
[2022-12-30T00:06:46.831+0000] {processor.py:753} INFO - DAG(s) dict_keys(['example_branch_dop_operator_v3']) retrieved from /home/airflow/.local/lib/python3.7/site-packages/airflow/example_dags/example_branch_python_dop_operator_3.py
[2022-12-30T00:06:46.861+0000] {logging_mixin.py:137} INFO - [2022-12-30T00:06:46.861+0000] {dag.py:2676} INFO - Sync 1 DAGs
[2022-12-30T00:06:46.884+0000] {logging_mixin.py:137} INFO - [2022-12-30T00:06:46.884+0000] {dag.py:3427} INFO - Setting next_dagrun for example_branch_dop_operator_v3 to 2022-12-30T00:05:00+00:00, run_after=2022-12-30T00:06:00+00:00
[2022-12-30T00:06:46.897+0000] {processor.py:175} INFO - Processing /home/airflow/.local/lib/python3.7/site-packages/airflow/example_dags/example_branch_python_dop_operator_3.py took 0.088 seconds
[2022-12-30T00:07:18.815+0000] {processor.py:153} INFO - Started process (PID=35866) to work on /home/airflow/.local/lib/python3.7/site-packages/airflow/example_dags/example_branch_python_dop_operator_3.py
[2022-12-30T00:07:18.815+0000] {processor.py:743} INFO - Processing file /home/airflow/.local/lib/python3.7/site-packages/airflow/example_dags/example_branch_python_dop_operator_3.py for tasks to queue
[2022-12-30T00:07:18.816+0000] {logging_mixin.py:137} INFO - [2022-12-30T00:07:18.816+0000] {dagbag.py:538} INFO - Filling up the DagBag from /home/airflow/.local/lib/python3.7/site-packages/airflow/example_dags/example_branch_python_dop_operator_3.py
[2022-12-30T00:07:18.839+0000] {processor.py:753} INFO - DAG(s) dict_keys(['example_branch_dop_operator_v3']) retrieved from /home/airflow/.local/lib/python3.7/site-packages/airflow/example_dags/example_branch_python_dop_operator_3.py
[2022-12-30T00:07:18.874+0000] {logging_mixin.py:137} INFO - [2022-12-30T00:07:18.874+0000] {dag.py:2676} INFO - Sync 1 DAGs
[2022-12-30T00:07:18.902+0000] {logging_mixin.py:137} INFO - [2022-12-30T00:07:18.902+0000] {dag.py:3427} INFO - Setting next_dagrun for example_branch_dop_operator_v3 to 2022-12-30T00:06:00+00:00, run_after=2022-12-30T00:07:00+00:00
[2022-12-30T00:07:18.927+0000] {processor.py:175} INFO - Processing /home/airflow/.local/lib/python3.7/site-packages/airflow/example_dags/example_branch_python_dop_operator_3.py took 0.115 seconds
[2022-12-30T00:07:49.556+0000] {processor.py:153} INFO - Started process (PID=35948) to work on /home/airflow/.local/lib/python3.7/site-packages/airflow/example_dags/example_branch_python_dop_operator_3.py
[2022-12-30T00:07:49.557+0000] {processor.py:743} INFO - Processing file /home/airflow/.local/lib/python3.7/site-packages/airflow/example_dags/example_branch_python_dop_operator_3.py for tasks to queue
[2022-12-30T00:07:49.558+0000] {logging_mixin.py:137} INFO - [2022-12-30T00:07:49.558+0000] {dagbag.py:538} INFO - Filling up the DagBag from /home/airflow/.local/lib/python3.7/site-packages/airflow/example_dags/example_branch_python_dop_operator_3.py
[2022-12-30T00:07:49.575+0000] {processor.py:753} INFO - DAG(s) dict_keys(['example_branch_dop_operator_v3']) retrieved from /home/airflow/.local/lib/python3.7/site-packages/airflow/example_dags/example_branch_python_dop_operator_3.py
[2022-12-30T00:07:49.604+0000] {logging_mixin.py:137} INFO - [2022-12-30T00:07:49.604+0000] {dag.py:2676} INFO - Sync 1 DAGs
[2022-12-30T00:07:49.628+0000] {logging_mixin.py:137} INFO - [2022-12-30T00:07:49.628+0000] {dag.py:3427} INFO - Setting next_dagrun for example_branch_dop_operator_v3 to 2022-12-30T00:06:00+00:00, run_after=2022-12-30T00:07:00+00:00
[2022-12-30T00:07:49.640+0000] {processor.py:175} INFO - Processing /home/airflow/.local/lib/python3.7/site-packages/airflow/example_dags/example_branch_python_dop_operator_3.py took 0.087 seconds
[2022-12-30T00:08:20.212+0000] {processor.py:153} INFO - Started process (PID=36050) to work on /home/airflow/.local/lib/python3.7/site-packages/airflow/example_dags/example_branch_python_dop_operator_3.py
[2022-12-30T00:08:20.213+0000] {processor.py:743} INFO - Processing file /home/airflow/.local/lib/python3.7/site-packages/airflow/example_dags/example_branch_python_dop_operator_3.py for tasks to queue
[2022-12-30T00:08:20.213+0000] {logging_mixin.py:137} INFO - [2022-12-30T00:08:20.213+0000] {dagbag.py:538} INFO - Filling up the DagBag from /home/airflow/.local/lib/python3.7/site-packages/airflow/example_dags/example_branch_python_dop_operator_3.py
[2022-12-30T00:08:20.232+0000] {processor.py:753} INFO - DAG(s) dict_keys(['example_branch_dop_operator_v3']) retrieved from /home/airflow/.local/lib/python3.7/site-packages/airflow/example_dags/example_branch_python_dop_operator_3.py
[2022-12-30T00:08:20.259+0000] {logging_mixin.py:137} INFO - [2022-12-30T00:08:20.259+0000] {dag.py:2676} INFO - Sync 1 DAGs
[2022-12-30T00:08:20.281+0000] {logging_mixin.py:137} INFO - [2022-12-30T00:08:20.281+0000] {dag.py:3427} INFO - Setting next_dagrun for example_branch_dop_operator_v3 to 2022-12-30T00:07:00+00:00, run_after=2022-12-30T00:08:00+00:00
[2022-12-30T00:08:20.293+0000] {processor.py:175} INFO - Processing /home/airflow/.local/lib/python3.7/site-packages/airflow/example_dags/example_branch_python_dop_operator_3.py took 0.083 seconds
[2022-12-30T00:08:50.667+0000] {processor.py:153} INFO - Started process (PID=36132) to work on /home/airflow/.local/lib/python3.7/site-packages/airflow/example_dags/example_branch_python_dop_operator_3.py
[2022-12-30T00:08:50.668+0000] {processor.py:743} INFO - Processing file /home/airflow/.local/lib/python3.7/site-packages/airflow/example_dags/example_branch_python_dop_operator_3.py for tasks to queue
[2022-12-30T00:08:50.668+0000] {logging_mixin.py:137} INFO - [2022-12-30T00:08:50.668+0000] {dagbag.py:538} INFO - Filling up the DagBag from /home/airflow/.local/lib/python3.7/site-packages/airflow/example_dags/example_branch_python_dop_operator_3.py
[2022-12-30T00:08:50.684+0000] {processor.py:753} INFO - DAG(s) dict_keys(['example_branch_dop_operator_v3']) retrieved from /home/airflow/.local/lib/python3.7/site-packages/airflow/example_dags/example_branch_python_dop_operator_3.py
[2022-12-30T00:08:50.713+0000] {logging_mixin.py:137} INFO - [2022-12-30T00:08:50.713+0000] {dag.py:2676} INFO - Sync 1 DAGs
[2022-12-30T00:08:50.735+0000] {logging_mixin.py:137} INFO - [2022-12-30T00:08:50.734+0000] {dag.py:3427} INFO - Setting next_dagrun for example_branch_dop_operator_v3 to 2022-12-30T00:07:00+00:00, run_after=2022-12-30T00:08:00+00:00
[2022-12-30T00:08:50.747+0000] {processor.py:175} INFO - Processing /home/airflow/.local/lib/python3.7/site-packages/airflow/example_dags/example_branch_python_dop_operator_3.py took 0.082 seconds
[2022-12-30T00:09:21.325+0000] {processor.py:153} INFO - Started process (PID=36234) to work on /home/airflow/.local/lib/python3.7/site-packages/airflow/example_dags/example_branch_python_dop_operator_3.py
[2022-12-30T00:09:21.326+0000] {processor.py:743} INFO - Processing file /home/airflow/.local/lib/python3.7/site-packages/airflow/example_dags/example_branch_python_dop_operator_3.py for tasks to queue
[2022-12-30T00:09:21.327+0000] {logging_mixin.py:137} INFO - [2022-12-30T00:09:21.326+0000] {dagbag.py:538} INFO - Filling up the DagBag from /home/airflow/.local/lib/python3.7/site-packages/airflow/example_dags/example_branch_python_dop_operator_3.py
[2022-12-30T00:09:21.343+0000] {processor.py:753} INFO - DAG(s) dict_keys(['example_branch_dop_operator_v3']) retrieved from /home/airflow/.local/lib/python3.7/site-packages/airflow/example_dags/example_branch_python_dop_operator_3.py
[2022-12-30T00:09:21.370+0000] {logging_mixin.py:137} INFO - [2022-12-30T00:09:21.370+0000] {dag.py:2676} INFO - Sync 1 DAGs
[2022-12-30T00:09:21.395+0000] {logging_mixin.py:137} INFO - [2022-12-30T00:09:21.395+0000] {dag.py:3427} INFO - Setting next_dagrun for example_branch_dop_operator_v3 to 2022-12-30T00:08:00+00:00, run_after=2022-12-30T00:09:00+00:00
[2022-12-30T00:09:21.407+0000] {processor.py:175} INFO - Processing /home/airflow/.local/lib/python3.7/site-packages/airflow/example_dags/example_branch_python_dop_operator_3.py took 0.085 seconds
[2022-12-30T00:09:52.010+0000] {processor.py:153} INFO - Started process (PID=36336) to work on /home/airflow/.local/lib/python3.7/site-packages/airflow/example_dags/example_branch_python_dop_operator_3.py
[2022-12-30T00:09:52.010+0000] {processor.py:743} INFO - Processing file /home/airflow/.local/lib/python3.7/site-packages/airflow/example_dags/example_branch_python_dop_operator_3.py for tasks to queue
[2022-12-30T00:09:52.011+0000] {logging_mixin.py:137} INFO - [2022-12-30T00:09:52.011+0000] {dagbag.py:538} INFO - Filling up the DagBag from /home/airflow/.local/lib/python3.7/site-packages/airflow/example_dags/example_branch_python_dop_operator_3.py
[2022-12-30T00:09:52.029+0000] {processor.py:753} INFO - DAG(s) dict_keys(['example_branch_dop_operator_v3']) retrieved from /home/airflow/.local/lib/python3.7/site-packages/airflow/example_dags/example_branch_python_dop_operator_3.py
[2022-12-30T00:09:52.059+0000] {logging_mixin.py:137} INFO - [2022-12-30T00:09:52.059+0000] {dag.py:2676} INFO - Sync 1 DAGs
[2022-12-30T00:09:52.091+0000] {logging_mixin.py:137} INFO - [2022-12-30T00:09:52.091+0000] {dag.py:3427} INFO - Setting next_dagrun for example_branch_dop_operator_v3 to 2022-12-30T00:08:00+00:00, run_after=2022-12-30T00:09:00+00:00
[2022-12-30T00:09:52.107+0000] {processor.py:175} INFO - Processing /home/airflow/.local/lib/python3.7/site-packages/airflow/example_dags/example_branch_python_dop_operator_3.py took 0.100 seconds
[2022-12-30T00:10:22.567+0000] {processor.py:153} INFO - Started process (PID=36418) to work on /home/airflow/.local/lib/python3.7/site-packages/airflow/example_dags/example_branch_python_dop_operator_3.py
[2022-12-30T00:10:22.567+0000] {processor.py:743} INFO - Processing file /home/airflow/.local/lib/python3.7/site-packages/airflow/example_dags/example_branch_python_dop_operator_3.py for tasks to queue
[2022-12-30T00:10:22.568+0000] {logging_mixin.py:137} INFO - [2022-12-30T00:10:22.568+0000] {dagbag.py:538} INFO - Filling up the DagBag from /home/airflow/.local/lib/python3.7/site-packages/airflow/example_dags/example_branch_python_dop_operator_3.py
[2022-12-30T00:10:22.586+0000] {processor.py:753} INFO - DAG(s) dict_keys(['example_branch_dop_operator_v3']) retrieved from /home/airflow/.local/lib/python3.7/site-packages/airflow/example_dags/example_branch_python_dop_operator_3.py
[2022-12-30T00:10:22.610+0000] {logging_mixin.py:137} INFO - [2022-12-30T00:10:22.610+0000] {dag.py:2676} INFO - Sync 1 DAGs
[2022-12-30T00:10:22.632+0000] {logging_mixin.py:137} INFO - [2022-12-30T00:10:22.632+0000] {dag.py:3427} INFO - Setting next_dagrun for example_branch_dop_operator_v3 to 2022-12-30T00:09:00+00:00, run_after=2022-12-30T00:10:00+00:00
[2022-12-30T00:10:22.645+0000] {processor.py:175} INFO - Processing /home/airflow/.local/lib/python3.7/site-packages/airflow/example_dags/example_branch_python_dop_operator_3.py took 0.081 seconds
[2022-12-30T00:10:53.113+0000] {processor.py:153} INFO - Started process (PID=36520) to work on /home/airflow/.local/lib/python3.7/site-packages/airflow/example_dags/example_branch_python_dop_operator_3.py
[2022-12-30T00:10:53.114+0000] {processor.py:743} INFO - Processing file /home/airflow/.local/lib/python3.7/site-packages/airflow/example_dags/example_branch_python_dop_operator_3.py for tasks to queue
[2022-12-30T00:10:53.114+0000] {logging_mixin.py:137} INFO - [2022-12-30T00:10:53.114+0000] {dagbag.py:538} INFO - Filling up the DagBag from /home/airflow/.local/lib/python3.7/site-packages/airflow/example_dags/example_branch_python_dop_operator_3.py
[2022-12-30T00:10:53.131+0000] {processor.py:753} INFO - DAG(s) dict_keys(['example_branch_dop_operator_v3']) retrieved from /home/airflow/.local/lib/python3.7/site-packages/airflow/example_dags/example_branch_python_dop_operator_3.py
[2022-12-30T00:10:53.161+0000] {logging_mixin.py:137} INFO - [2022-12-30T00:10:53.161+0000] {dag.py:2676} INFO - Sync 1 DAGs
[2022-12-30T00:10:53.182+0000] {logging_mixin.py:137} INFO - [2022-12-30T00:10:53.182+0000] {dag.py:3427} INFO - Setting next_dagrun for example_branch_dop_operator_v3 to 2022-12-30T00:09:00+00:00, run_after=2022-12-30T00:10:00+00:00
[2022-12-30T00:10:53.194+0000] {processor.py:175} INFO - Processing /home/airflow/.local/lib/python3.7/site-packages/airflow/example_dags/example_branch_python_dop_operator_3.py took 0.084 seconds
[2022-12-30T00:11:23.551+0000] {processor.py:153} INFO - Started process (PID=36602) to work on /home/airflow/.local/lib/python3.7/site-packages/airflow/example_dags/example_branch_python_dop_operator_3.py
[2022-12-30T00:11:23.552+0000] {processor.py:743} INFO - Processing file /home/airflow/.local/lib/python3.7/site-packages/airflow/example_dags/example_branch_python_dop_operator_3.py for tasks to queue
[2022-12-30T00:11:23.552+0000] {logging_mixin.py:137} INFO - [2022-12-30T00:11:23.552+0000] {dagbag.py:538} INFO - Filling up the DagBag from /home/airflow/.local/lib/python3.7/site-packages/airflow/example_dags/example_branch_python_dop_operator_3.py
[2022-12-30T00:11:23.568+0000] {processor.py:753} INFO - DAG(s) dict_keys(['example_branch_dop_operator_v3']) retrieved from /home/airflow/.local/lib/python3.7/site-packages/airflow/example_dags/example_branch_python_dop_operator_3.py
[2022-12-30T00:11:23.592+0000] {logging_mixin.py:137} INFO - [2022-12-30T00:11:23.592+0000] {dag.py:2676} INFO - Sync 1 DAGs
[2022-12-30T00:11:23.619+0000] {logging_mixin.py:137} INFO - [2022-12-30T00:11:23.619+0000] {dag.py:3427} INFO - Setting next_dagrun for example_branch_dop_operator_v3 to 2022-12-30T00:10:00+00:00, run_after=2022-12-30T00:11:00+00:00
[2022-12-30T00:11:23.631+0000] {processor.py:175} INFO - Processing /home/airflow/.local/lib/python3.7/site-packages/airflow/example_dags/example_branch_python_dop_operator_3.py took 0.083 seconds
[2022-12-30T00:11:53.976+0000] {processor.py:153} INFO - Started process (PID=36704) to work on /home/airflow/.local/lib/python3.7/site-packages/airflow/example_dags/example_branch_python_dop_operator_3.py
[2022-12-30T00:11:53.976+0000] {processor.py:743} INFO - Processing file /home/airflow/.local/lib/python3.7/site-packages/airflow/example_dags/example_branch_python_dop_operator_3.py for tasks to queue
[2022-12-30T00:11:53.977+0000] {logging_mixin.py:137} INFO - [2022-12-30T00:11:53.976+0000] {dagbag.py:538} INFO - Filling up the DagBag from /home/airflow/.local/lib/python3.7/site-packages/airflow/example_dags/example_branch_python_dop_operator_3.py
[2022-12-30T00:11:53.993+0000] {processor.py:753} INFO - DAG(s) dict_keys(['example_branch_dop_operator_v3']) retrieved from /home/airflow/.local/lib/python3.7/site-packages/airflow/example_dags/example_branch_python_dop_operator_3.py
[2022-12-30T00:11:54.025+0000] {logging_mixin.py:137} INFO - [2022-12-30T00:11:54.025+0000] {dag.py:2676} INFO - Sync 1 DAGs
[2022-12-30T00:11:54.057+0000] {logging_mixin.py:137} INFO - [2022-12-30T00:11:54.056+0000] {dag.py:3427} INFO - Setting next_dagrun for example_branch_dop_operator_v3 to 2022-12-30T00:10:00+00:00, run_after=2022-12-30T00:11:00+00:00
[2022-12-30T00:11:54.068+0000] {processor.py:175} INFO - Processing /home/airflow/.local/lib/python3.7/site-packages/airflow/example_dags/example_branch_python_dop_operator_3.py took 0.095 seconds
[2022-12-30T00:12:24.343+0000] {processor.py:153} INFO - Started process (PID=36795) to work on /home/airflow/.local/lib/python3.7/site-packages/airflow/example_dags/example_branch_python_dop_operator_3.py
[2022-12-30T00:12:24.344+0000] {processor.py:743} INFO - Processing file /home/airflow/.local/lib/python3.7/site-packages/airflow/example_dags/example_branch_python_dop_operator_3.py for tasks to queue
[2022-12-30T00:12:24.345+0000] {logging_mixin.py:137} INFO - [2022-12-30T00:12:24.345+0000] {dagbag.py:538} INFO - Filling up the DagBag from /home/airflow/.local/lib/python3.7/site-packages/airflow/example_dags/example_branch_python_dop_operator_3.py
[2022-12-30T00:12:24.361+0000] {processor.py:753} INFO - DAG(s) dict_keys(['example_branch_dop_operator_v3']) retrieved from /home/airflow/.local/lib/python3.7/site-packages/airflow/example_dags/example_branch_python_dop_operator_3.py
[2022-12-30T00:12:24.390+0000] {logging_mixin.py:137} INFO - [2022-12-30T00:12:24.390+0000] {dag.py:2676} INFO - Sync 1 DAGs
[2022-12-30T00:12:24.414+0000] {logging_mixin.py:137} INFO - [2022-12-30T00:12:24.414+0000] {dag.py:3427} INFO - Setting next_dagrun for example_branch_dop_operator_v3 to 2022-12-30T00:11:00+00:00, run_after=2022-12-30T00:12:00+00:00
[2022-12-30T00:12:24.427+0000] {processor.py:175} INFO - Processing /home/airflow/.local/lib/python3.7/site-packages/airflow/example_dags/example_branch_python_dop_operator_3.py took 0.087 seconds
[2022-12-30T00:12:54.923+0000] {processor.py:153} INFO - Started process (PID=36888) to work on /home/airflow/.local/lib/python3.7/site-packages/airflow/example_dags/example_branch_python_dop_operator_3.py
[2022-12-30T00:12:54.923+0000] {processor.py:743} INFO - Processing file /home/airflow/.local/lib/python3.7/site-packages/airflow/example_dags/example_branch_python_dop_operator_3.py for tasks to queue
[2022-12-30T00:12:54.924+0000] {logging_mixin.py:137} INFO - [2022-12-30T00:12:54.924+0000] {dagbag.py:538} INFO - Filling up the DagBag from /home/airflow/.local/lib/python3.7/site-packages/airflow/example_dags/example_branch_python_dop_operator_3.py
[2022-12-30T00:12:54.941+0000] {processor.py:753} INFO - DAG(s) dict_keys(['example_branch_dop_operator_v3']) retrieved from /home/airflow/.local/lib/python3.7/site-packages/airflow/example_dags/example_branch_python_dop_operator_3.py
[2022-12-30T00:12:54.969+0000] {logging_mixin.py:137} INFO - [2022-12-30T00:12:54.969+0000] {dag.py:2676} INFO - Sync 1 DAGs
[2022-12-30T00:12:54.995+0000] {logging_mixin.py:137} INFO - [2022-12-30T00:12:54.994+0000] {dag.py:3427} INFO - Setting next_dagrun for example_branch_dop_operator_v3 to 2022-12-30T00:11:00+00:00, run_after=2022-12-30T00:12:00+00:00
[2022-12-30T00:12:55.008+0000] {processor.py:175} INFO - Processing /home/airflow/.local/lib/python3.7/site-packages/airflow/example_dags/example_branch_python_dop_operator_3.py took 0.088 seconds
[2022-12-30T00:13:25.318+0000] {processor.py:153} INFO - Started process (PID=36990) to work on /home/airflow/.local/lib/python3.7/site-packages/airflow/example_dags/example_branch_python_dop_operator_3.py
[2022-12-30T00:13:25.319+0000] {processor.py:743} INFO - Processing file /home/airflow/.local/lib/python3.7/site-packages/airflow/example_dags/example_branch_python_dop_operator_3.py for tasks to queue
[2022-12-30T00:13:25.319+0000] {logging_mixin.py:137} INFO - [2022-12-30T00:13:25.319+0000] {dagbag.py:538} INFO - Filling up the DagBag from /home/airflow/.local/lib/python3.7/site-packages/airflow/example_dags/example_branch_python_dop_operator_3.py
[2022-12-30T00:13:25.337+0000] {processor.py:753} INFO - DAG(s) dict_keys(['example_branch_dop_operator_v3']) retrieved from /home/airflow/.local/lib/python3.7/site-packages/airflow/example_dags/example_branch_python_dop_operator_3.py
[2022-12-30T00:13:25.366+0000] {logging_mixin.py:137} INFO - [2022-12-30T00:13:25.366+0000] {dag.py:2676} INFO - Sync 1 DAGs
[2022-12-30T00:13:25.391+0000] {logging_mixin.py:137} INFO - [2022-12-30T00:13:25.391+0000] {dag.py:3427} INFO - Setting next_dagrun for example_branch_dop_operator_v3 to 2022-12-30T00:12:00+00:00, run_after=2022-12-30T00:13:00+00:00
[2022-12-30T00:13:25.403+0000] {processor.py:175} INFO - Processing /home/airflow/.local/lib/python3.7/site-packages/airflow/example_dags/example_branch_python_dop_operator_3.py took 0.088 seconds
[2022-12-30T00:13:55.693+0000] {processor.py:153} INFO - Started process (PID=37072) to work on /home/airflow/.local/lib/python3.7/site-packages/airflow/example_dags/example_branch_python_dop_operator_3.py
[2022-12-30T00:13:55.694+0000] {processor.py:743} INFO - Processing file /home/airflow/.local/lib/python3.7/site-packages/airflow/example_dags/example_branch_python_dop_operator_3.py for tasks to queue
[2022-12-30T00:13:55.694+0000] {logging_mixin.py:137} INFO - [2022-12-30T00:13:55.694+0000] {dagbag.py:538} INFO - Filling up the DagBag from /home/airflow/.local/lib/python3.7/site-packages/airflow/example_dags/example_branch_python_dop_operator_3.py
[2022-12-30T00:13:55.713+0000] {processor.py:753} INFO - DAG(s) dict_keys(['example_branch_dop_operator_v3']) retrieved from /home/airflow/.local/lib/python3.7/site-packages/airflow/example_dags/example_branch_python_dop_operator_3.py
[2022-12-30T00:13:55.740+0000] {logging_mixin.py:137} INFO - [2022-12-30T00:13:55.739+0000] {dag.py:2676} INFO - Sync 1 DAGs
[2022-12-30T00:13:55.762+0000] {logging_mixin.py:137} INFO - [2022-12-30T00:13:55.761+0000] {dag.py:3427} INFO - Setting next_dagrun for example_branch_dop_operator_v3 to 2022-12-30T00:12:00+00:00, run_after=2022-12-30T00:13:00+00:00
[2022-12-30T00:13:55.777+0000] {processor.py:175} INFO - Processing /home/airflow/.local/lib/python3.7/site-packages/airflow/example_dags/example_branch_python_dop_operator_3.py took 0.086 seconds
[2022-12-30T00:14:26.256+0000] {processor.py:153} INFO - Started process (PID=37174) to work on /home/airflow/.local/lib/python3.7/site-packages/airflow/example_dags/example_branch_python_dop_operator_3.py
[2022-12-30T00:14:26.257+0000] {processor.py:743} INFO - Processing file /home/airflow/.local/lib/python3.7/site-packages/airflow/example_dags/example_branch_python_dop_operator_3.py for tasks to queue
[2022-12-30T00:14:26.257+0000] {logging_mixin.py:137} INFO - [2022-12-30T00:14:26.257+0000] {dagbag.py:538} INFO - Filling up the DagBag from /home/airflow/.local/lib/python3.7/site-packages/airflow/example_dags/example_branch_python_dop_operator_3.py
[2022-12-30T00:14:26.275+0000] {processor.py:753} INFO - DAG(s) dict_keys(['example_branch_dop_operator_v3']) retrieved from /home/airflow/.local/lib/python3.7/site-packages/airflow/example_dags/example_branch_python_dop_operator_3.py
[2022-12-30T00:14:26.303+0000] {logging_mixin.py:137} INFO - [2022-12-30T00:14:26.303+0000] {dag.py:2676} INFO - Sync 1 DAGs
[2022-12-30T00:14:26.326+0000] {logging_mixin.py:137} INFO - [2022-12-30T00:14:26.326+0000] {dag.py:3427} INFO - Setting next_dagrun for example_branch_dop_operator_v3 to 2022-12-30T00:13:00+00:00, run_after=2022-12-30T00:14:00+00:00
[2022-12-30T00:14:26.338+0000] {processor.py:175} INFO - Processing /home/airflow/.local/lib/python3.7/site-packages/airflow/example_dags/example_branch_python_dop_operator_3.py took 0.084 seconds
[2022-12-30T00:14:56.681+0000] {processor.py:153} INFO - Started process (PID=37256) to work on /home/airflow/.local/lib/python3.7/site-packages/airflow/example_dags/example_branch_python_dop_operator_3.py
[2022-12-30T00:14:56.682+0000] {processor.py:743} INFO - Processing file /home/airflow/.local/lib/python3.7/site-packages/airflow/example_dags/example_branch_python_dop_operator_3.py for tasks to queue
[2022-12-30T00:14:56.682+0000] {logging_mixin.py:137} INFO - [2022-12-30T00:14:56.682+0000] {dagbag.py:538} INFO - Filling up the DagBag from /home/airflow/.local/lib/python3.7/site-packages/airflow/example_dags/example_branch_python_dop_operator_3.py
[2022-12-30T00:14:56.699+0000] {processor.py:753} INFO - DAG(s) dict_keys(['example_branch_dop_operator_v3']) retrieved from /home/airflow/.local/lib/python3.7/site-packages/airflow/example_dags/example_branch_python_dop_operator_3.py
[2022-12-30T00:14:56.726+0000] {logging_mixin.py:137} INFO - [2022-12-30T00:14:56.726+0000] {dag.py:2676} INFO - Sync 1 DAGs
[2022-12-30T00:14:56.748+0000] {logging_mixin.py:137} INFO - [2022-12-30T00:14:56.748+0000] {dag.py:3427} INFO - Setting next_dagrun for example_branch_dop_operator_v3 to 2022-12-30T00:13:00+00:00, run_after=2022-12-30T00:14:00+00:00
[2022-12-30T00:14:56.760+0000] {processor.py:175} INFO - Processing /home/airflow/.local/lib/python3.7/site-packages/airflow/example_dags/example_branch_python_dop_operator_3.py took 0.081 seconds
[2022-12-30T00:15:27.096+0000] {processor.py:153} INFO - Started process (PID=37358) to work on /home/airflow/.local/lib/python3.7/site-packages/airflow/example_dags/example_branch_python_dop_operator_3.py
[2022-12-30T00:15:27.096+0000] {processor.py:743} INFO - Processing file /home/airflow/.local/lib/python3.7/site-packages/airflow/example_dags/example_branch_python_dop_operator_3.py for tasks to queue
[2022-12-30T00:15:27.097+0000] {logging_mixin.py:137} INFO - [2022-12-30T00:15:27.097+0000] {dagbag.py:538} INFO - Filling up the DagBag from /home/airflow/.local/lib/python3.7/site-packages/airflow/example_dags/example_branch_python_dop_operator_3.py
[2022-12-30T00:15:27.115+0000] {processor.py:753} INFO - DAG(s) dict_keys(['example_branch_dop_operator_v3']) retrieved from /home/airflow/.local/lib/python3.7/site-packages/airflow/example_dags/example_branch_python_dop_operator_3.py
[2022-12-30T00:15:27.141+0000] {logging_mixin.py:137} INFO - [2022-12-30T00:15:27.141+0000] {dag.py:2676} INFO - Sync 1 DAGs
[2022-12-30T00:15:27.169+0000] {logging_mixin.py:137} INFO - [2022-12-30T00:15:27.169+0000] {dag.py:3427} INFO - Setting next_dagrun for example_branch_dop_operator_v3 to 2022-12-30T00:14:00+00:00, run_after=2022-12-30T00:15:00+00:00
[2022-12-30T00:15:27.181+0000] {processor.py:175} INFO - Processing /home/airflow/.local/lib/python3.7/site-packages/airflow/example_dags/example_branch_python_dop_operator_3.py took 0.088 seconds
[2022-12-30T00:15:57.703+0000] {processor.py:153} INFO - Started process (PID=37460) to work on /home/airflow/.local/lib/python3.7/site-packages/airflow/example_dags/example_branch_python_dop_operator_3.py
[2022-12-30T00:15:57.704+0000] {processor.py:743} INFO - Processing file /home/airflow/.local/lib/python3.7/site-packages/airflow/example_dags/example_branch_python_dop_operator_3.py for tasks to queue
[2022-12-30T00:15:57.704+0000] {logging_mixin.py:137} INFO - [2022-12-30T00:15:57.704+0000] {dagbag.py:538} INFO - Filling up the DagBag from /home/airflow/.local/lib/python3.7/site-packages/airflow/example_dags/example_branch_python_dop_operator_3.py
[2022-12-30T00:15:57.724+0000] {processor.py:753} INFO - DAG(s) dict_keys(['example_branch_dop_operator_v3']) retrieved from /home/airflow/.local/lib/python3.7/site-packages/airflow/example_dags/example_branch_python_dop_operator_3.py
[2022-12-30T00:15:57.756+0000] {logging_mixin.py:137} INFO - [2022-12-30T00:15:57.756+0000] {dag.py:2676} INFO - Sync 1 DAGs
[2022-12-30T00:15:57.790+0000] {logging_mixin.py:137} INFO - [2022-12-30T00:15:57.789+0000] {dag.py:3427} INFO - Setting next_dagrun for example_branch_dop_operator_v3 to 2022-12-30T00:14:00+00:00, run_after=2022-12-30T00:15:00+00:00
[2022-12-30T00:15:57.807+0000] {processor.py:175} INFO - Processing /home/airflow/.local/lib/python3.7/site-packages/airflow/example_dags/example_branch_python_dop_operator_3.py took 0.106 seconds
[2022-12-30T00:16:28.405+0000] {processor.py:153} INFO - Started process (PID=37542) to work on /home/airflow/.local/lib/python3.7/site-packages/airflow/example_dags/example_branch_python_dop_operator_3.py
[2022-12-30T00:16:28.405+0000] {processor.py:743} INFO - Processing file /home/airflow/.local/lib/python3.7/site-packages/airflow/example_dags/example_branch_python_dop_operator_3.py for tasks to queue
[2022-12-30T00:16:28.406+0000] {logging_mixin.py:137} INFO - [2022-12-30T00:16:28.405+0000] {dagbag.py:538} INFO - Filling up the DagBag from /home/airflow/.local/lib/python3.7/site-packages/airflow/example_dags/example_branch_python_dop_operator_3.py
[2022-12-30T00:16:28.422+0000] {processor.py:753} INFO - DAG(s) dict_keys(['example_branch_dop_operator_v3']) retrieved from /home/airflow/.local/lib/python3.7/site-packages/airflow/example_dags/example_branch_python_dop_operator_3.py
[2022-12-30T00:16:28.448+0000] {logging_mixin.py:137} INFO - [2022-12-30T00:16:28.448+0000] {dag.py:2676} INFO - Sync 1 DAGs
[2022-12-30T00:16:28.471+0000] {logging_mixin.py:137} INFO - [2022-12-30T00:16:28.471+0000] {dag.py:3427} INFO - Setting next_dagrun for example_branch_dop_operator_v3 to 2022-12-30T00:15:00+00:00, run_after=2022-12-30T00:16:00+00:00
[2022-12-30T00:16:28.485+0000] {processor.py:175} INFO - Processing /home/airflow/.local/lib/python3.7/site-packages/airflow/example_dags/example_branch_python_dop_operator_3.py took 0.082 seconds
[2022-12-30T00:16:58.916+0000] {processor.py:153} INFO - Started process (PID=37644) to work on /home/airflow/.local/lib/python3.7/site-packages/airflow/example_dags/example_branch_python_dop_operator_3.py
[2022-12-30T00:16:58.917+0000] {processor.py:743} INFO - Processing file /home/airflow/.local/lib/python3.7/site-packages/airflow/example_dags/example_branch_python_dop_operator_3.py for tasks to queue
[2022-12-30T00:16:58.917+0000] {logging_mixin.py:137} INFO - [2022-12-30T00:16:58.917+0000] {dagbag.py:538} INFO - Filling up the DagBag from /home/airflow/.local/lib/python3.7/site-packages/airflow/example_dags/example_branch_python_dop_operator_3.py
[2022-12-30T00:16:58.936+0000] {processor.py:753} INFO - DAG(s) dict_keys(['example_branch_dop_operator_v3']) retrieved from /home/airflow/.local/lib/python3.7/site-packages/airflow/example_dags/example_branch_python_dop_operator_3.py
[2022-12-30T00:16:58.964+0000] {logging_mixin.py:137} INFO - [2022-12-30T00:16:58.964+0000] {dag.py:2676} INFO - Sync 1 DAGs
[2022-12-30T00:16:58.989+0000] {logging_mixin.py:137} INFO - [2022-12-30T00:16:58.989+0000] {dag.py:3427} INFO - Setting next_dagrun for example_branch_dop_operator_v3 to 2022-12-30T00:15:00+00:00, run_after=2022-12-30T00:16:00+00:00
[2022-12-30T00:16:59.004+0000] {processor.py:175} INFO - Processing /home/airflow/.local/lib/python3.7/site-packages/airflow/example_dags/example_branch_python_dop_operator_3.py took 0.091 seconds
[2022-12-30T00:17:29.517+0000] {processor.py:153} INFO - Started process (PID=37726) to work on /home/airflow/.local/lib/python3.7/site-packages/airflow/example_dags/example_branch_python_dop_operator_3.py
[2022-12-30T00:17:29.518+0000] {processor.py:743} INFO - Processing file /home/airflow/.local/lib/python3.7/site-packages/airflow/example_dags/example_branch_python_dop_operator_3.py for tasks to queue
[2022-12-30T00:17:29.518+0000] {logging_mixin.py:137} INFO - [2022-12-30T00:17:29.518+0000] {dagbag.py:538} INFO - Filling up the DagBag from /home/airflow/.local/lib/python3.7/site-packages/airflow/example_dags/example_branch_python_dop_operator_3.py
[2022-12-30T00:17:29.535+0000] {processor.py:753} INFO - DAG(s) dict_keys(['example_branch_dop_operator_v3']) retrieved from /home/airflow/.local/lib/python3.7/site-packages/airflow/example_dags/example_branch_python_dop_operator_3.py
[2022-12-30T00:17:29.571+0000] {logging_mixin.py:137} INFO - [2022-12-30T00:17:29.571+0000] {dag.py:2676} INFO - Sync 1 DAGs
[2022-12-30T00:17:29.600+0000] {logging_mixin.py:137} INFO - [2022-12-30T00:17:29.599+0000] {dag.py:3427} INFO - Setting next_dagrun for example_branch_dop_operator_v3 to 2022-12-30T00:16:00+00:00, run_after=2022-12-30T00:17:00+00:00
[2022-12-30T00:17:29.613+0000] {processor.py:175} INFO - Processing /home/airflow/.local/lib/python3.7/site-packages/airflow/example_dags/example_branch_python_dop_operator_3.py took 0.099 seconds
[2022-12-30T00:18:00.024+0000] {processor.py:153} INFO - Started process (PID=37829) to work on /home/airflow/.local/lib/python3.7/site-packages/airflow/example_dags/example_branch_python_dop_operator_3.py
[2022-12-30T00:18:00.025+0000] {processor.py:743} INFO - Processing file /home/airflow/.local/lib/python3.7/site-packages/airflow/example_dags/example_branch_python_dop_operator_3.py for tasks to queue
[2022-12-30T00:18:00.026+0000] {logging_mixin.py:137} INFO - [2022-12-30T00:18:00.026+0000] {dagbag.py:538} INFO - Filling up the DagBag from /home/airflow/.local/lib/python3.7/site-packages/airflow/example_dags/example_branch_python_dop_operator_3.py
[2022-12-30T00:18:00.043+0000] {processor.py:753} INFO - DAG(s) dict_keys(['example_branch_dop_operator_v3']) retrieved from /home/airflow/.local/lib/python3.7/site-packages/airflow/example_dags/example_branch_python_dop_operator_3.py
[2022-12-30T00:18:00.070+0000] {logging_mixin.py:137} INFO - [2022-12-30T00:18:00.070+0000] {dag.py:2676} INFO - Sync 1 DAGs
[2022-12-30T00:18:00.091+0000] {logging_mixin.py:137} INFO - [2022-12-30T00:18:00.091+0000] {dag.py:3427} INFO - Setting next_dagrun for example_branch_dop_operator_v3 to 2022-12-30T00:17:00+00:00, run_after=2022-12-30T00:18:00+00:00
[2022-12-30T00:18:00.103+0000] {processor.py:175} INFO - Processing /home/airflow/.local/lib/python3.7/site-packages/airflow/example_dags/example_branch_python_dop_operator_3.py took 0.081 seconds
[2022-12-30T00:18:30.474+0000] {processor.py:153} INFO - Started process (PID=37912) to work on /home/airflow/.local/lib/python3.7/site-packages/airflow/example_dags/example_branch_python_dop_operator_3.py
[2022-12-30T00:18:30.475+0000] {processor.py:743} INFO - Processing file /home/airflow/.local/lib/python3.7/site-packages/airflow/example_dags/example_branch_python_dop_operator_3.py for tasks to queue
[2022-12-30T00:18:30.476+0000] {logging_mixin.py:137} INFO - [2022-12-30T00:18:30.475+0000] {dagbag.py:538} INFO - Filling up the DagBag from /home/airflow/.local/lib/python3.7/site-packages/airflow/example_dags/example_branch_python_dop_operator_3.py
[2022-12-30T00:18:30.495+0000] {processor.py:753} INFO - DAG(s) dict_keys(['example_branch_dop_operator_v3']) retrieved from /home/airflow/.local/lib/python3.7/site-packages/airflow/example_dags/example_branch_python_dop_operator_3.py
[2022-12-30T00:18:30.521+0000] {logging_mixin.py:137} INFO - [2022-12-30T00:18:30.521+0000] {dag.py:2676} INFO - Sync 1 DAGs
[2022-12-30T00:18:30.543+0000] {logging_mixin.py:137} INFO - [2022-12-30T00:18:30.542+0000] {dag.py:3427} INFO - Setting next_dagrun for example_branch_dop_operator_v3 to 2022-12-30T00:17:00+00:00, run_after=2022-12-30T00:18:00+00:00
[2022-12-30T00:18:30.556+0000] {processor.py:175} INFO - Processing /home/airflow/.local/lib/python3.7/site-packages/airflow/example_dags/example_branch_python_dop_operator_3.py took 0.085 seconds
[2022-12-30T00:19:00.958+0000] {processor.py:153} INFO - Started process (PID=38014) to work on /home/airflow/.local/lib/python3.7/site-packages/airflow/example_dags/example_branch_python_dop_operator_3.py
[2022-12-30T00:19:00.959+0000] {processor.py:743} INFO - Processing file /home/airflow/.local/lib/python3.7/site-packages/airflow/example_dags/example_branch_python_dop_operator_3.py for tasks to queue
[2022-12-30T00:19:00.960+0000] {logging_mixin.py:137} INFO - [2022-12-30T00:19:00.960+0000] {dagbag.py:538} INFO - Filling up the DagBag from /home/airflow/.local/lib/python3.7/site-packages/airflow/example_dags/example_branch_python_dop_operator_3.py
[2022-12-30T00:19:00.981+0000] {processor.py:753} INFO - DAG(s) dict_keys(['example_branch_dop_operator_v3']) retrieved from /home/airflow/.local/lib/python3.7/site-packages/airflow/example_dags/example_branch_python_dop_operator_3.py
[2022-12-30T00:19:01.013+0000] {logging_mixin.py:137} INFO - [2022-12-30T00:19:01.012+0000] {dag.py:2676} INFO - Sync 1 DAGs
[2022-12-30T00:19:01.041+0000] {logging_mixin.py:137} INFO - [2022-12-30T00:19:01.041+0000] {dag.py:3427} INFO - Setting next_dagrun for example_branch_dop_operator_v3 to 2022-12-30T00:18:00+00:00, run_after=2022-12-30T00:19:00+00:00
[2022-12-30T00:19:01.053+0000] {processor.py:175} INFO - Processing /home/airflow/.local/lib/python3.7/site-packages/airflow/example_dags/example_branch_python_dop_operator_3.py took 0.097 seconds
[2022-12-30T00:19:31.707+0000] {processor.py:153} INFO - Started process (PID=38103) to work on /home/airflow/.local/lib/python3.7/site-packages/airflow/example_dags/example_branch_python_dop_operator_3.py
[2022-12-30T00:19:31.707+0000] {processor.py:743} INFO - Processing file /home/airflow/.local/lib/python3.7/site-packages/airflow/example_dags/example_branch_python_dop_operator_3.py for tasks to queue
[2022-12-30T00:19:31.708+0000] {logging_mixin.py:137} INFO - [2022-12-30T00:19:31.708+0000] {dagbag.py:538} INFO - Filling up the DagBag from /home/airflow/.local/lib/python3.7/site-packages/airflow/example_dags/example_branch_python_dop_operator_3.py
[2022-12-30T00:19:31.730+0000] {processor.py:753} INFO - DAG(s) dict_keys(['example_branch_dop_operator_v3']) retrieved from /home/airflow/.local/lib/python3.7/site-packages/airflow/example_dags/example_branch_python_dop_operator_3.py
[2022-12-30T00:19:31.762+0000] {logging_mixin.py:137} INFO - [2022-12-30T00:19:31.761+0000] {dag.py:2676} INFO - Sync 1 DAGs
[2022-12-30T00:19:31.784+0000] {logging_mixin.py:137} INFO - [2022-12-30T00:19:31.784+0000] {dag.py:3427} INFO - Setting next_dagrun for example_branch_dop_operator_v3 to 2022-12-30T00:18:00+00:00, run_after=2022-12-30T00:19:00+00:00
[2022-12-30T00:19:31.798+0000] {processor.py:175} INFO - Processing /home/airflow/.local/lib/python3.7/site-packages/airflow/example_dags/example_branch_python_dop_operator_3.py took 0.095 seconds
[2022-12-30T00:20:02.334+0000] {processor.py:153} INFO - Started process (PID=38198) to work on /home/airflow/.local/lib/python3.7/site-packages/airflow/example_dags/example_branch_python_dop_operator_3.py
[2022-12-30T00:20:02.334+0000] {processor.py:743} INFO - Processing file /home/airflow/.local/lib/python3.7/site-packages/airflow/example_dags/example_branch_python_dop_operator_3.py for tasks to queue
[2022-12-30T00:20:02.335+0000] {logging_mixin.py:137} INFO - [2022-12-30T00:20:02.335+0000] {dagbag.py:538} INFO - Filling up the DagBag from /home/airflow/.local/lib/python3.7/site-packages/airflow/example_dags/example_branch_python_dop_operator_3.py
[2022-12-30T00:20:02.353+0000] {processor.py:753} INFO - DAG(s) dict_keys(['example_branch_dop_operator_v3']) retrieved from /home/airflow/.local/lib/python3.7/site-packages/airflow/example_dags/example_branch_python_dop_operator_3.py
[2022-12-30T00:20:02.384+0000] {logging_mixin.py:137} INFO - [2022-12-30T00:20:02.384+0000] {dag.py:2676} INFO - Sync 1 DAGs
[2022-12-30T00:20:02.410+0000] {logging_mixin.py:137} INFO - [2022-12-30T00:20:02.410+0000] {dag.py:3427} INFO - Setting next_dagrun for example_branch_dop_operator_v3 to 2022-12-30T00:19:00+00:00, run_after=2022-12-30T00:20:00+00:00
[2022-12-30T00:20:02.423+0000] {processor.py:175} INFO - Processing /home/airflow/.local/lib/python3.7/site-packages/airflow/example_dags/example_branch_python_dop_operator_3.py took 0.091 seconds
[2022-12-30T00:20:33.212+0000] {processor.py:153} INFO - Started process (PID=38300) to work on /home/airflow/.local/lib/python3.7/site-packages/airflow/example_dags/example_branch_python_dop_operator_3.py
[2022-12-30T00:20:33.213+0000] {processor.py:743} INFO - Processing file /home/airflow/.local/lib/python3.7/site-packages/airflow/example_dags/example_branch_python_dop_operator_3.py for tasks to queue
[2022-12-30T00:20:33.213+0000] {logging_mixin.py:137} INFO - [2022-12-30T00:20:33.213+0000] {dagbag.py:538} INFO - Filling up the DagBag from /home/airflow/.local/lib/python3.7/site-packages/airflow/example_dags/example_branch_python_dop_operator_3.py
[2022-12-30T00:20:33.230+0000] {processor.py:753} INFO - DAG(s) dict_keys(['example_branch_dop_operator_v3']) retrieved from /home/airflow/.local/lib/python3.7/site-packages/airflow/example_dags/example_branch_python_dop_operator_3.py
[2022-12-30T00:20:33.257+0000] {logging_mixin.py:137} INFO - [2022-12-30T00:20:33.257+0000] {dag.py:2676} INFO - Sync 1 DAGs
[2022-12-30T00:20:33.281+0000] {logging_mixin.py:137} INFO - [2022-12-30T00:20:33.281+0000] {dag.py:3427} INFO - Setting next_dagrun for example_branch_dop_operator_v3 to 2022-12-30T00:19:00+00:00, run_after=2022-12-30T00:20:00+00:00
[2022-12-30T00:20:33.295+0000] {processor.py:175} INFO - Processing /home/airflow/.local/lib/python3.7/site-packages/airflow/example_dags/example_branch_python_dop_operator_3.py took 0.086 seconds
[2022-12-30T00:21:03.533+0000] {processor.py:153} INFO - Started process (PID=38383) to work on /home/airflow/.local/lib/python3.7/site-packages/airflow/example_dags/example_branch_python_dop_operator_3.py
[2022-12-30T00:21:03.534+0000] {processor.py:743} INFO - Processing file /home/airflow/.local/lib/python3.7/site-packages/airflow/example_dags/example_branch_python_dop_operator_3.py for tasks to queue
[2022-12-30T00:21:03.534+0000] {logging_mixin.py:137} INFO - [2022-12-30T00:21:03.534+0000] {dagbag.py:538} INFO - Filling up the DagBag from /home/airflow/.local/lib/python3.7/site-packages/airflow/example_dags/example_branch_python_dop_operator_3.py
[2022-12-30T00:21:03.552+0000] {processor.py:753} INFO - DAG(s) dict_keys(['example_branch_dop_operator_v3']) retrieved from /home/airflow/.local/lib/python3.7/site-packages/airflow/example_dags/example_branch_python_dop_operator_3.py
[2022-12-30T00:21:03.581+0000] {logging_mixin.py:137} INFO - [2022-12-30T00:21:03.581+0000] {dag.py:2676} INFO - Sync 1 DAGs
[2022-12-30T00:21:03.609+0000] {logging_mixin.py:137} INFO - [2022-12-30T00:21:03.609+0000] {dag.py:3427} INFO - Setting next_dagrun for example_branch_dop_operator_v3 to 2022-12-30T00:20:00+00:00, run_after=2022-12-30T00:21:00+00:00
[2022-12-30T00:21:03.623+0000] {processor.py:175} INFO - Processing /home/airflow/.local/lib/python3.7/site-packages/airflow/example_dags/example_branch_python_dop_operator_3.py took 0.093 seconds
[2022-12-30T00:21:34.418+0000] {processor.py:153} INFO - Started process (PID=38486) to work on /home/airflow/.local/lib/python3.7/site-packages/airflow/example_dags/example_branch_python_dop_operator_3.py
[2022-12-30T00:21:34.419+0000] {processor.py:743} INFO - Processing file /home/airflow/.local/lib/python3.7/site-packages/airflow/example_dags/example_branch_python_dop_operator_3.py for tasks to queue
[2022-12-30T00:21:34.419+0000] {logging_mixin.py:137} INFO - [2022-12-30T00:21:34.419+0000] {dagbag.py:538} INFO - Filling up the DagBag from /home/airflow/.local/lib/python3.7/site-packages/airflow/example_dags/example_branch_python_dop_operator_3.py
[2022-12-30T00:21:34.439+0000] {processor.py:753} INFO - DAG(s) dict_keys(['example_branch_dop_operator_v3']) retrieved from /home/airflow/.local/lib/python3.7/site-packages/airflow/example_dags/example_branch_python_dop_operator_3.py
[2022-12-30T00:21:34.468+0000] {logging_mixin.py:137} INFO - [2022-12-30T00:21:34.467+0000] {dag.py:2676} INFO - Sync 1 DAGs
[2022-12-30T00:21:34.500+0000] {logging_mixin.py:137} INFO - [2022-12-30T00:21:34.500+0000] {dag.py:3427} INFO - Setting next_dagrun for example_branch_dop_operator_v3 to 2022-12-30T00:20:00+00:00, run_after=2022-12-30T00:21:00+00:00
[2022-12-30T00:21:34.516+0000] {processor.py:175} INFO - Processing /home/airflow/.local/lib/python3.7/site-packages/airflow/example_dags/example_branch_python_dop_operator_3.py took 0.100 seconds
[2022-12-30T00:22:04.679+0000] {processor.py:153} INFO - Started process (PID=38568) to work on /home/airflow/.local/lib/python3.7/site-packages/airflow/example_dags/example_branch_python_dop_operator_3.py
[2022-12-30T00:22:04.680+0000] {processor.py:743} INFO - Processing file /home/airflow/.local/lib/python3.7/site-packages/airflow/example_dags/example_branch_python_dop_operator_3.py for tasks to queue
[2022-12-30T00:22:04.681+0000] {logging_mixin.py:137} INFO - [2022-12-30T00:22:04.680+0000] {dagbag.py:538} INFO - Filling up the DagBag from /home/airflow/.local/lib/python3.7/site-packages/airflow/example_dags/example_branch_python_dop_operator_3.py
[2022-12-30T00:22:04.698+0000] {processor.py:753} INFO - DAG(s) dict_keys(['example_branch_dop_operator_v3']) retrieved from /home/airflow/.local/lib/python3.7/site-packages/airflow/example_dags/example_branch_python_dop_operator_3.py
[2022-12-30T00:22:04.729+0000] {logging_mixin.py:137} INFO - [2022-12-30T00:22:04.728+0000] {dag.py:2676} INFO - Sync 1 DAGs
[2022-12-30T00:22:04.751+0000] {logging_mixin.py:137} INFO - [2022-12-30T00:22:04.751+0000] {dag.py:3427} INFO - Setting next_dagrun for example_branch_dop_operator_v3 to 2022-12-30T00:21:00+00:00, run_after=2022-12-30T00:22:00+00:00
[2022-12-30T00:22:04.764+0000] {processor.py:175} INFO - Processing /home/airflow/.local/lib/python3.7/site-packages/airflow/example_dags/example_branch_python_dop_operator_3.py took 0.088 seconds
[2022-12-30T00:22:35.384+0000] {processor.py:153} INFO - Started process (PID=38670) to work on /home/airflow/.local/lib/python3.7/site-packages/airflow/example_dags/example_branch_python_dop_operator_3.py
[2022-12-30T00:22:35.384+0000] {processor.py:743} INFO - Processing file /home/airflow/.local/lib/python3.7/site-packages/airflow/example_dags/example_branch_python_dop_operator_3.py for tasks to queue
[2022-12-30T00:22:35.385+0000] {logging_mixin.py:137} INFO - [2022-12-30T00:22:35.385+0000] {dagbag.py:538} INFO - Filling up the DagBag from /home/airflow/.local/lib/python3.7/site-packages/airflow/example_dags/example_branch_python_dop_operator_3.py
[2022-12-30T00:22:35.402+0000] {processor.py:753} INFO - DAG(s) dict_keys(['example_branch_dop_operator_v3']) retrieved from /home/airflow/.local/lib/python3.7/site-packages/airflow/example_dags/example_branch_python_dop_operator_3.py
[2022-12-30T00:22:35.435+0000] {logging_mixin.py:137} INFO - [2022-12-30T00:22:35.434+0000] {dag.py:2676} INFO - Sync 1 DAGs
[2022-12-30T00:22:35.457+0000] {logging_mixin.py:137} INFO - [2022-12-30T00:22:35.457+0000] {dag.py:3427} INFO - Setting next_dagrun for example_branch_dop_operator_v3 to 2022-12-30T00:21:00+00:00, run_after=2022-12-30T00:22:00+00:00
[2022-12-30T00:22:35.470+0000] {processor.py:175} INFO - Processing /home/airflow/.local/lib/python3.7/site-packages/airflow/example_dags/example_branch_python_dop_operator_3.py took 0.089 seconds
[2022-12-30T00:23:06.067+0000] {processor.py:153} INFO - Started process (PID=38761) to work on /home/airflow/.local/lib/python3.7/site-packages/airflow/example_dags/example_branch_python_dop_operator_3.py
[2022-12-30T00:23:06.068+0000] {processor.py:743} INFO - Processing file /home/airflow/.local/lib/python3.7/site-packages/airflow/example_dags/example_branch_python_dop_operator_3.py for tasks to queue
[2022-12-30T00:23:06.069+0000] {logging_mixin.py:137} INFO - [2022-12-30T00:23:06.069+0000] {dagbag.py:538} INFO - Filling up the DagBag from /home/airflow/.local/lib/python3.7/site-packages/airflow/example_dags/example_branch_python_dop_operator_3.py
[2022-12-30T00:23:06.090+0000] {processor.py:753} INFO - DAG(s) dict_keys(['example_branch_dop_operator_v3']) retrieved from /home/airflow/.local/lib/python3.7/site-packages/airflow/example_dags/example_branch_python_dop_operator_3.py
[2022-12-30T00:23:06.121+0000] {logging_mixin.py:137} INFO - [2022-12-30T00:23:06.121+0000] {dag.py:2676} INFO - Sync 1 DAGs
[2022-12-30T00:23:06.146+0000] {logging_mixin.py:137} INFO - [2022-12-30T00:23:06.145+0000] {dag.py:3427} INFO - Setting next_dagrun for example_branch_dop_operator_v3 to 2022-12-30T00:22:00+00:00, run_after=2022-12-30T00:23:00+00:00
[2022-12-30T00:23:06.159+0000] {processor.py:175} INFO - Processing /home/airflow/.local/lib/python3.7/site-packages/airflow/example_dags/example_branch_python_dop_operator_3.py took 0.095 seconds
[2022-12-30T00:23:37.062+0000] {processor.py:153} INFO - Started process (PID=38854) to work on /home/airflow/.local/lib/python3.7/site-packages/airflow/example_dags/example_branch_python_dop_operator_3.py
[2022-12-30T00:23:37.063+0000] {processor.py:743} INFO - Processing file /home/airflow/.local/lib/python3.7/site-packages/airflow/example_dags/example_branch_python_dop_operator_3.py for tasks to queue
[2022-12-30T00:23:37.063+0000] {logging_mixin.py:137} INFO - [2022-12-30T00:23:37.063+0000] {dagbag.py:538} INFO - Filling up the DagBag from /home/airflow/.local/lib/python3.7/site-packages/airflow/example_dags/example_branch_python_dop_operator_3.py
[2022-12-30T00:23:37.082+0000] {processor.py:753} INFO - DAG(s) dict_keys(['example_branch_dop_operator_v3']) retrieved from /home/airflow/.local/lib/python3.7/site-packages/airflow/example_dags/example_branch_python_dop_operator_3.py
[2022-12-30T00:23:37.111+0000] {logging_mixin.py:137} INFO - [2022-12-30T00:23:37.111+0000] {dag.py:2676} INFO - Sync 1 DAGs
[2022-12-30T00:23:37.135+0000] {logging_mixin.py:137} INFO - [2022-12-30T00:23:37.135+0000] {dag.py:3427} INFO - Setting next_dagrun for example_branch_dop_operator_v3 to 2022-12-30T00:22:00+00:00, run_after=2022-12-30T00:23:00+00:00
[2022-12-30T00:23:37.151+0000] {processor.py:175} INFO - Processing /home/airflow/.local/lib/python3.7/site-packages/airflow/example_dags/example_branch_python_dop_operator_3.py took 0.093 seconds
[2022-12-30T00:24:07.673+0000] {processor.py:153} INFO - Started process (PID=38956) to work on /home/airflow/.local/lib/python3.7/site-packages/airflow/example_dags/example_branch_python_dop_operator_3.py
[2022-12-30T00:24:07.674+0000] {processor.py:743} INFO - Processing file /home/airflow/.local/lib/python3.7/site-packages/airflow/example_dags/example_branch_python_dop_operator_3.py for tasks to queue
[2022-12-30T00:24:07.675+0000] {logging_mixin.py:137} INFO - [2022-12-30T00:24:07.674+0000] {dagbag.py:538} INFO - Filling up the DagBag from /home/airflow/.local/lib/python3.7/site-packages/airflow/example_dags/example_branch_python_dop_operator_3.py
[2022-12-30T00:24:07.694+0000] {processor.py:753} INFO - DAG(s) dict_keys(['example_branch_dop_operator_v3']) retrieved from /home/airflow/.local/lib/python3.7/site-packages/airflow/example_dags/example_branch_python_dop_operator_3.py
[2022-12-30T00:24:07.725+0000] {logging_mixin.py:137} INFO - [2022-12-30T00:24:07.725+0000] {dag.py:2676} INFO - Sync 1 DAGs
[2022-12-30T00:24:07.749+0000] {logging_mixin.py:137} INFO - [2022-12-30T00:24:07.749+0000] {dag.py:3427} INFO - Setting next_dagrun for example_branch_dop_operator_v3 to 2022-12-30T00:23:00+00:00, run_after=2022-12-30T00:24:00+00:00
[2022-12-30T00:24:07.762+0000] {processor.py:175} INFO - Processing /home/airflow/.local/lib/python3.7/site-packages/airflow/example_dags/example_branch_python_dop_operator_3.py took 0.092 seconds
[2022-12-30T00:24:38.689+0000] {processor.py:153} INFO - Started process (PID=39038) to work on /home/airflow/.local/lib/python3.7/site-packages/airflow/example_dags/example_branch_python_dop_operator_3.py
[2022-12-30T00:24:38.691+0000] {processor.py:743} INFO - Processing file /home/airflow/.local/lib/python3.7/site-packages/airflow/example_dags/example_branch_python_dop_operator_3.py for tasks to queue
[2022-12-30T00:24:38.691+0000] {logging_mixin.py:137} INFO - [2022-12-30T00:24:38.691+0000] {dagbag.py:538} INFO - Filling up the DagBag from /home/airflow/.local/lib/python3.7/site-packages/airflow/example_dags/example_branch_python_dop_operator_3.py
[2022-12-30T00:24:38.709+0000] {processor.py:753} INFO - DAG(s) dict_keys(['example_branch_dop_operator_v3']) retrieved from /home/airflow/.local/lib/python3.7/site-packages/airflow/example_dags/example_branch_python_dop_operator_3.py
[2022-12-30T00:24:38.741+0000] {logging_mixin.py:137} INFO - [2022-12-30T00:24:38.741+0000] {dag.py:2676} INFO - Sync 1 DAGs
[2022-12-30T00:24:38.766+0000] {logging_mixin.py:137} INFO - [2022-12-30T00:24:38.765+0000] {dag.py:3427} INFO - Setting next_dagrun for example_branch_dop_operator_v3 to 2022-12-30T00:23:00+00:00, run_after=2022-12-30T00:24:00+00:00
[2022-12-30T00:24:38.778+0000] {processor.py:175} INFO - Processing /home/airflow/.local/lib/python3.7/site-packages/airflow/example_dags/example_branch_python_dop_operator_3.py took 0.090 seconds
[2022-12-30T00:25:09.100+0000] {processor.py:153} INFO - Started process (PID=39140) to work on /home/airflow/.local/lib/python3.7/site-packages/airflow/example_dags/example_branch_python_dop_operator_3.py
[2022-12-30T00:25:09.101+0000] {processor.py:743} INFO - Processing file /home/airflow/.local/lib/python3.7/site-packages/airflow/example_dags/example_branch_python_dop_operator_3.py for tasks to queue
[2022-12-30T00:25:09.102+0000] {logging_mixin.py:137} INFO - [2022-12-30T00:25:09.102+0000] {dagbag.py:538} INFO - Filling up the DagBag from /home/airflow/.local/lib/python3.7/site-packages/airflow/example_dags/example_branch_python_dop_operator_3.py
[2022-12-30T00:25:09.119+0000] {processor.py:753} INFO - DAG(s) dict_keys(['example_branch_dop_operator_v3']) retrieved from /home/airflow/.local/lib/python3.7/site-packages/airflow/example_dags/example_branch_python_dop_operator_3.py
[2022-12-30T00:25:09.145+0000] {logging_mixin.py:137} INFO - [2022-12-30T00:25:09.145+0000] {dag.py:2676} INFO - Sync 1 DAGs
[2022-12-30T00:25:09.169+0000] {logging_mixin.py:137} INFO - [2022-12-30T00:25:09.168+0000] {dag.py:3427} INFO - Setting next_dagrun for example_branch_dop_operator_v3 to 2022-12-30T00:24:00+00:00, run_after=2022-12-30T00:25:00+00:00
[2022-12-30T00:25:09.182+0000] {processor.py:175} INFO - Processing /home/airflow/.local/lib/python3.7/site-packages/airflow/example_dags/example_branch_python_dop_operator_3.py took 0.084 seconds
[2022-12-30T00:25:39.626+0000] {processor.py:153} INFO - Started process (PID=39222) to work on /home/airflow/.local/lib/python3.7/site-packages/airflow/example_dags/example_branch_python_dop_operator_3.py
[2022-12-30T00:25:39.628+0000] {processor.py:743} INFO - Processing file /home/airflow/.local/lib/python3.7/site-packages/airflow/example_dags/example_branch_python_dop_operator_3.py for tasks to queue
[2022-12-30T00:25:39.629+0000] {logging_mixin.py:137} INFO - [2022-12-30T00:25:39.628+0000] {dagbag.py:538} INFO - Filling up the DagBag from /home/airflow/.local/lib/python3.7/site-packages/airflow/example_dags/example_branch_python_dop_operator_3.py
[2022-12-30T00:25:39.652+0000] {processor.py:753} INFO - DAG(s) dict_keys(['example_branch_dop_operator_v3']) retrieved from /home/airflow/.local/lib/python3.7/site-packages/airflow/example_dags/example_branch_python_dop_operator_3.py
[2022-12-30T00:25:39.682+0000] {logging_mixin.py:137} INFO - [2022-12-30T00:25:39.682+0000] {dag.py:2676} INFO - Sync 1 DAGs
[2022-12-30T00:25:39.706+0000] {logging_mixin.py:137} INFO - [2022-12-30T00:25:39.706+0000] {dag.py:3427} INFO - Setting next_dagrun for example_branch_dop_operator_v3 to 2022-12-30T00:24:00+00:00, run_after=2022-12-30T00:25:00+00:00
[2022-12-30T00:25:39.723+0000] {processor.py:175} INFO - Processing /home/airflow/.local/lib/python3.7/site-packages/airflow/example_dags/example_branch_python_dop_operator_3.py took 0.100 seconds
[2022-12-30T00:26:10.261+0000] {processor.py:153} INFO - Started process (PID=39324) to work on /home/airflow/.local/lib/python3.7/site-packages/airflow/example_dags/example_branch_python_dop_operator_3.py
[2022-12-30T00:26:10.261+0000] {processor.py:743} INFO - Processing file /home/airflow/.local/lib/python3.7/site-packages/airflow/example_dags/example_branch_python_dop_operator_3.py for tasks to queue
[2022-12-30T00:26:10.262+0000] {logging_mixin.py:137} INFO - [2022-12-30T00:26:10.262+0000] {dagbag.py:538} INFO - Filling up the DagBag from /home/airflow/.local/lib/python3.7/site-packages/airflow/example_dags/example_branch_python_dop_operator_3.py
[2022-12-30T00:26:10.279+0000] {processor.py:753} INFO - DAG(s) dict_keys(['example_branch_dop_operator_v3']) retrieved from /home/airflow/.local/lib/python3.7/site-packages/airflow/example_dags/example_branch_python_dop_operator_3.py
[2022-12-30T00:26:10.312+0000] {logging_mixin.py:137} INFO - [2022-12-30T00:26:10.312+0000] {dag.py:2676} INFO - Sync 1 DAGs
[2022-12-30T00:26:10.335+0000] {logging_mixin.py:137} INFO - [2022-12-30T00:26:10.335+0000] {dag.py:3427} INFO - Setting next_dagrun for example_branch_dop_operator_v3 to 2022-12-30T00:25:00+00:00, run_after=2022-12-30T00:26:00+00:00
[2022-12-30T00:26:10.357+0000] {processor.py:175} INFO - Processing /home/airflow/.local/lib/python3.7/site-packages/airflow/example_dags/example_branch_python_dop_operator_3.py took 0.098 seconds
[2022-12-30T00:26:40.722+0000] {processor.py:153} INFO - Started process (PID=39415) to work on /home/airflow/.local/lib/python3.7/site-packages/airflow/example_dags/example_branch_python_dop_operator_3.py
[2022-12-30T00:26:40.723+0000] {processor.py:743} INFO - Processing file /home/airflow/.local/lib/python3.7/site-packages/airflow/example_dags/example_branch_python_dop_operator_3.py for tasks to queue
[2022-12-30T00:26:40.723+0000] {logging_mixin.py:137} INFO - [2022-12-30T00:26:40.723+0000] {dagbag.py:538} INFO - Filling up the DagBag from /home/airflow/.local/lib/python3.7/site-packages/airflow/example_dags/example_branch_python_dop_operator_3.py
[2022-12-30T00:26:40.742+0000] {processor.py:753} INFO - DAG(s) dict_keys(['example_branch_dop_operator_v3']) retrieved from /home/airflow/.local/lib/python3.7/site-packages/airflow/example_dags/example_branch_python_dop_operator_3.py
[2022-12-30T00:26:40.772+0000] {logging_mixin.py:137} INFO - [2022-12-30T00:26:40.772+0000] {dag.py:2676} INFO - Sync 1 DAGs
[2022-12-30T00:26:40.798+0000] {logging_mixin.py:137} INFO - [2022-12-30T00:26:40.798+0000] {dag.py:3427} INFO - Setting next_dagrun for example_branch_dop_operator_v3 to 2022-12-30T00:25:00+00:00, run_after=2022-12-30T00:26:00+00:00
[2022-12-30T00:26:40.813+0000] {processor.py:175} INFO - Processing /home/airflow/.local/lib/python3.7/site-packages/airflow/example_dags/example_branch_python_dop_operator_3.py took 0.093 seconds
[2022-12-30T00:27:10.971+0000] {processor.py:153} INFO - Started process (PID=39509) to work on /home/airflow/.local/lib/python3.7/site-packages/airflow/example_dags/example_branch_python_dop_operator_3.py
[2022-12-30T00:27:10.973+0000] {processor.py:743} INFO - Processing file /home/airflow/.local/lib/python3.7/site-packages/airflow/example_dags/example_branch_python_dop_operator_3.py for tasks to queue
[2022-12-30T00:27:10.973+0000] {logging_mixin.py:137} INFO - [2022-12-30T00:27:10.973+0000] {dagbag.py:538} INFO - Filling up the DagBag from /home/airflow/.local/lib/python3.7/site-packages/airflow/example_dags/example_branch_python_dop_operator_3.py
[2022-12-30T00:27:10.992+0000] {processor.py:753} INFO - DAG(s) dict_keys(['example_branch_dop_operator_v3']) retrieved from /home/airflow/.local/lib/python3.7/site-packages/airflow/example_dags/example_branch_python_dop_operator_3.py
[2022-12-30T00:27:11.021+0000] {logging_mixin.py:137} INFO - [2022-12-30T00:27:11.021+0000] {dag.py:2676} INFO - Sync 1 DAGs
[2022-12-30T00:27:11.053+0000] {logging_mixin.py:137} INFO - [2022-12-30T00:27:11.053+0000] {dag.py:3427} INFO - Setting next_dagrun for example_branch_dop_operator_v3 to 2022-12-30T00:26:00+00:00, run_after=2022-12-30T00:27:00+00:00
[2022-12-30T00:27:11.067+0000] {processor.py:175} INFO - Processing /home/airflow/.local/lib/python3.7/site-packages/airflow/example_dags/example_branch_python_dop_operator_3.py took 0.098 seconds
[2022-12-30T00:27:41.709+0000] {processor.py:153} INFO - Started process (PID=39611) to work on /home/airflow/.local/lib/python3.7/site-packages/airflow/example_dags/example_branch_python_dop_operator_3.py
[2022-12-30T00:27:41.711+0000] {processor.py:743} INFO - Processing file /home/airflow/.local/lib/python3.7/site-packages/airflow/example_dags/example_branch_python_dop_operator_3.py for tasks to queue
[2022-12-30T00:27:41.711+0000] {logging_mixin.py:137} INFO - [2022-12-30T00:27:41.711+0000] {dagbag.py:538} INFO - Filling up the DagBag from /home/airflow/.local/lib/python3.7/site-packages/airflow/example_dags/example_branch_python_dop_operator_3.py
[2022-12-30T00:27:41.728+0000] {processor.py:753} INFO - DAG(s) dict_keys(['example_branch_dop_operator_v3']) retrieved from /home/airflow/.local/lib/python3.7/site-packages/airflow/example_dags/example_branch_python_dop_operator_3.py
[2022-12-30T00:27:41.761+0000] {logging_mixin.py:137} INFO - [2022-12-30T00:27:41.761+0000] {dag.py:2676} INFO - Sync 1 DAGs
[2022-12-30T00:27:41.791+0000] {logging_mixin.py:137} INFO - [2022-12-30T00:27:41.791+0000] {dag.py:3427} INFO - Setting next_dagrun for example_branch_dop_operator_v3 to 2022-12-30T00:26:00+00:00, run_after=2022-12-30T00:27:00+00:00
[2022-12-30T00:27:41.804+0000] {processor.py:175} INFO - Processing /home/airflow/.local/lib/python3.7/site-packages/airflow/example_dags/example_branch_python_dop_operator_3.py took 0.098 seconds
[2022-12-30T00:28:11.849+0000] {processor.py:153} INFO - Started process (PID=39693) to work on /home/airflow/.local/lib/python3.7/site-packages/airflow/example_dags/example_branch_python_dop_operator_3.py
[2022-12-30T00:28:11.856+0000] {processor.py:743} INFO - Processing file /home/airflow/.local/lib/python3.7/site-packages/airflow/example_dags/example_branch_python_dop_operator_3.py for tasks to queue
[2022-12-30T00:28:11.856+0000] {logging_mixin.py:137} INFO - [2022-12-30T00:28:11.856+0000] {dagbag.py:538} INFO - Filling up the DagBag from /home/airflow/.local/lib/python3.7/site-packages/airflow/example_dags/example_branch_python_dop_operator_3.py
[2022-12-30T00:28:11.878+0000] {processor.py:753} INFO - DAG(s) dict_keys(['example_branch_dop_operator_v3']) retrieved from /home/airflow/.local/lib/python3.7/site-packages/airflow/example_dags/example_branch_python_dop_operator_3.py
[2022-12-30T00:28:11.906+0000] {logging_mixin.py:137} INFO - [2022-12-30T00:28:11.906+0000] {dag.py:2676} INFO - Sync 1 DAGs
[2022-12-30T00:28:11.929+0000] {logging_mixin.py:137} INFO - [2022-12-30T00:28:11.929+0000] {dag.py:3427} INFO - Setting next_dagrun for example_branch_dop_operator_v3 to 2022-12-30T00:27:00+00:00, run_after=2022-12-30T00:28:00+00:00
[2022-12-30T00:28:11.941+0000] {processor.py:175} INFO - Processing /home/airflow/.local/lib/python3.7/site-packages/airflow/example_dags/example_branch_python_dop_operator_3.py took 0.095 seconds
[2022-12-30T00:28:42.626+0000] {processor.py:153} INFO - Started process (PID=39795) to work on /home/airflow/.local/lib/python3.7/site-packages/airflow/example_dags/example_branch_python_dop_operator_3.py
[2022-12-30T00:28:42.627+0000] {processor.py:743} INFO - Processing file /home/airflow/.local/lib/python3.7/site-packages/airflow/example_dags/example_branch_python_dop_operator_3.py for tasks to queue
[2022-12-30T00:28:42.628+0000] {logging_mixin.py:137} INFO - [2022-12-30T00:28:42.628+0000] {dagbag.py:538} INFO - Filling up the DagBag from /home/airflow/.local/lib/python3.7/site-packages/airflow/example_dags/example_branch_python_dop_operator_3.py
[2022-12-30T00:28:42.647+0000] {processor.py:753} INFO - DAG(s) dict_keys(['example_branch_dop_operator_v3']) retrieved from /home/airflow/.local/lib/python3.7/site-packages/airflow/example_dags/example_branch_python_dop_operator_3.py
[2022-12-30T00:28:42.674+0000] {logging_mixin.py:137} INFO - [2022-12-30T00:28:42.674+0000] {dag.py:2676} INFO - Sync 1 DAGs
[2022-12-30T00:28:42.699+0000] {logging_mixin.py:137} INFO - [2022-12-30T00:28:42.699+0000] {dag.py:3427} INFO - Setting next_dagrun for example_branch_dop_operator_v3 to 2022-12-30T00:27:00+00:00, run_after=2022-12-30T00:28:00+00:00
[2022-12-30T00:28:42.711+0000] {processor.py:175} INFO - Processing /home/airflow/.local/lib/python3.7/site-packages/airflow/example_dags/example_branch_python_dop_operator_3.py took 0.089 seconds
[2022-12-30T00:29:12.743+0000] {processor.py:153} INFO - Started process (PID=39877) to work on /home/airflow/.local/lib/python3.7/site-packages/airflow/example_dags/example_branch_python_dop_operator_3.py
[2022-12-30T00:29:12.745+0000] {processor.py:743} INFO - Processing file /home/airflow/.local/lib/python3.7/site-packages/airflow/example_dags/example_branch_python_dop_operator_3.py for tasks to queue
[2022-12-30T00:29:12.746+0000] {logging_mixin.py:137} INFO - [2022-12-30T00:29:12.745+0000] {dagbag.py:538} INFO - Filling up the DagBag from /home/airflow/.local/lib/python3.7/site-packages/airflow/example_dags/example_branch_python_dop_operator_3.py
[2022-12-30T00:29:12.764+0000] {processor.py:753} INFO - DAG(s) dict_keys(['example_branch_dop_operator_v3']) retrieved from /home/airflow/.local/lib/python3.7/site-packages/airflow/example_dags/example_branch_python_dop_operator_3.py
[2022-12-30T00:29:12.793+0000] {logging_mixin.py:137} INFO - [2022-12-30T00:29:12.792+0000] {dag.py:2676} INFO - Sync 1 DAGs
[2022-12-30T00:29:12.818+0000] {logging_mixin.py:137} INFO - [2022-12-30T00:29:12.818+0000] {dag.py:3427} INFO - Setting next_dagrun for example_branch_dop_operator_v3 to 2022-12-30T00:28:00+00:00, run_after=2022-12-30T00:29:00+00:00
[2022-12-30T00:29:12.832+0000] {processor.py:175} INFO - Processing /home/airflow/.local/lib/python3.7/site-packages/airflow/example_dags/example_branch_python_dop_operator_3.py took 0.092 seconds
[2022-12-30T00:29:43.066+0000] {processor.py:153} INFO - Started process (PID=39979) to work on /home/airflow/.local/lib/python3.7/site-packages/airflow/example_dags/example_branch_python_dop_operator_3.py
[2022-12-30T00:29:43.066+0000] {processor.py:743} INFO - Processing file /home/airflow/.local/lib/python3.7/site-packages/airflow/example_dags/example_branch_python_dop_operator_3.py for tasks to queue
[2022-12-30T00:29:43.067+0000] {logging_mixin.py:137} INFO - [2022-12-30T00:29:43.067+0000] {dagbag.py:538} INFO - Filling up the DagBag from /home/airflow/.local/lib/python3.7/site-packages/airflow/example_dags/example_branch_python_dop_operator_3.py
[2022-12-30T00:29:43.084+0000] {processor.py:753} INFO - DAG(s) dict_keys(['example_branch_dop_operator_v3']) retrieved from /home/airflow/.local/lib/python3.7/site-packages/airflow/example_dags/example_branch_python_dop_operator_3.py
[2022-12-30T00:29:43.113+0000] {logging_mixin.py:137} INFO - [2022-12-30T00:29:43.113+0000] {dag.py:2676} INFO - Sync 1 DAGs
[2022-12-30T00:29:43.137+0000] {logging_mixin.py:137} INFO - [2022-12-30T00:29:43.137+0000] {dag.py:3427} INFO - Setting next_dagrun for example_branch_dop_operator_v3 to 2022-12-30T00:28:00+00:00, run_after=2022-12-30T00:29:00+00:00
[2022-12-30T00:29:43.150+0000] {processor.py:175} INFO - Processing /home/airflow/.local/lib/python3.7/site-packages/airflow/example_dags/example_branch_python_dop_operator_3.py took 0.088 seconds
[2022-12-30T00:30:13.517+0000] {processor.py:153} INFO - Started process (PID=40061) to work on /home/airflow/.local/lib/python3.7/site-packages/airflow/example_dags/example_branch_python_dop_operator_3.py
[2022-12-30T00:30:13.518+0000] {processor.py:743} INFO - Processing file /home/airflow/.local/lib/python3.7/site-packages/airflow/example_dags/example_branch_python_dop_operator_3.py for tasks to queue
[2022-12-30T00:30:13.519+0000] {logging_mixin.py:137} INFO - [2022-12-30T00:30:13.518+0000] {dagbag.py:538} INFO - Filling up the DagBag from /home/airflow/.local/lib/python3.7/site-packages/airflow/example_dags/example_branch_python_dop_operator_3.py
[2022-12-30T00:30:13.535+0000] {processor.py:753} INFO - DAG(s) dict_keys(['example_branch_dop_operator_v3']) retrieved from /home/airflow/.local/lib/python3.7/site-packages/airflow/example_dags/example_branch_python_dop_operator_3.py
[2022-12-30T00:30:13.563+0000] {logging_mixin.py:137} INFO - [2022-12-30T00:30:13.563+0000] {dag.py:2676} INFO - Sync 1 DAGs
[2022-12-30T00:30:13.586+0000] {logging_mixin.py:137} INFO - [2022-12-30T00:30:13.586+0000] {dag.py:3427} INFO - Setting next_dagrun for example_branch_dop_operator_v3 to 2022-12-30T00:29:00+00:00, run_after=2022-12-30T00:30:00+00:00
[2022-12-30T00:30:13.601+0000] {processor.py:175} INFO - Processing /home/airflow/.local/lib/python3.7/site-packages/airflow/example_dags/example_branch_python_dop_operator_3.py took 0.088 seconds
[2022-12-30T00:30:44.123+0000] {processor.py:153} INFO - Started process (PID=40163) to work on /home/airflow/.local/lib/python3.7/site-packages/airflow/example_dags/example_branch_python_dop_operator_3.py
[2022-12-30T00:30:44.131+0000] {processor.py:743} INFO - Processing file /home/airflow/.local/lib/python3.7/site-packages/airflow/example_dags/example_branch_python_dop_operator_3.py for tasks to queue
[2022-12-30T00:30:44.132+0000] {logging_mixin.py:137} INFO - [2022-12-30T00:30:44.131+0000] {dagbag.py:538} INFO - Filling up the DagBag from /home/airflow/.local/lib/python3.7/site-packages/airflow/example_dags/example_branch_python_dop_operator_3.py
[2022-12-30T00:30:44.153+0000] {processor.py:753} INFO - DAG(s) dict_keys(['example_branch_dop_operator_v3']) retrieved from /home/airflow/.local/lib/python3.7/site-packages/airflow/example_dags/example_branch_python_dop_operator_3.py
[2022-12-30T00:30:44.183+0000] {logging_mixin.py:137} INFO - [2022-12-30T00:30:44.183+0000] {dag.py:2676} INFO - Sync 1 DAGs
[2022-12-30T00:30:44.207+0000] {logging_mixin.py:137} INFO - [2022-12-30T00:30:44.207+0000] {dag.py:3427} INFO - Setting next_dagrun for example_branch_dop_operator_v3 to 2022-12-30T00:29:00+00:00, run_after=2022-12-30T00:30:00+00:00
[2022-12-30T00:30:44.219+0000] {processor.py:175} INFO - Processing /home/airflow/.local/lib/python3.7/site-packages/airflow/example_dags/example_branch_python_dop_operator_3.py took 0.099 seconds
[2022-12-30T00:31:14.599+0000] {processor.py:153} INFO - Started process (PID=40245) to work on /home/airflow/.local/lib/python3.7/site-packages/airflow/example_dags/example_branch_python_dop_operator_3.py
[2022-12-30T00:31:14.601+0000] {processor.py:743} INFO - Processing file /home/airflow/.local/lib/python3.7/site-packages/airflow/example_dags/example_branch_python_dop_operator_3.py for tasks to queue
[2022-12-30T00:31:14.601+0000] {logging_mixin.py:137} INFO - [2022-12-30T00:31:14.601+0000] {dagbag.py:538} INFO - Filling up the DagBag from /home/airflow/.local/lib/python3.7/site-packages/airflow/example_dags/example_branch_python_dop_operator_3.py
[2022-12-30T00:31:14.619+0000] {processor.py:753} INFO - DAG(s) dict_keys(['example_branch_dop_operator_v3']) retrieved from /home/airflow/.local/lib/python3.7/site-packages/airflow/example_dags/example_branch_python_dop_operator_3.py
[2022-12-30T00:31:14.648+0000] {logging_mixin.py:137} INFO - [2022-12-30T00:31:14.648+0000] {dag.py:2676} INFO - Sync 1 DAGs
[2022-12-30T00:31:14.672+0000] {logging_mixin.py:137} INFO - [2022-12-30T00:31:14.672+0000] {dag.py:3427} INFO - Setting next_dagrun for example_branch_dop_operator_v3 to 2022-12-30T00:30:00+00:00, run_after=2022-12-30T00:31:00+00:00
[2022-12-30T00:31:14.687+0000] {processor.py:175} INFO - Processing /home/airflow/.local/lib/python3.7/site-packages/airflow/example_dags/example_branch_python_dop_operator_3.py took 0.091 seconds
[2022-12-30T00:31:45.122+0000] {processor.py:153} INFO - Started process (PID=40347) to work on /home/airflow/.local/lib/python3.7/site-packages/airflow/example_dags/example_branch_python_dop_operator_3.py
[2022-12-30T00:31:45.129+0000] {processor.py:743} INFO - Processing file /home/airflow/.local/lib/python3.7/site-packages/airflow/example_dags/example_branch_python_dop_operator_3.py for tasks to queue
[2022-12-30T00:31:45.129+0000] {logging_mixin.py:137} INFO - [2022-12-30T00:31:45.129+0000] {dagbag.py:538} INFO - Filling up the DagBag from /home/airflow/.local/lib/python3.7/site-packages/airflow/example_dags/example_branch_python_dop_operator_3.py
[2022-12-30T00:31:45.151+0000] {processor.py:753} INFO - DAG(s) dict_keys(['example_branch_dop_operator_v3']) retrieved from /home/airflow/.local/lib/python3.7/site-packages/airflow/example_dags/example_branch_python_dop_operator_3.py
[2022-12-30T00:31:45.180+0000] {logging_mixin.py:137} INFO - [2022-12-30T00:31:45.180+0000] {dag.py:2676} INFO - Sync 1 DAGs
[2022-12-30T00:31:45.205+0000] {logging_mixin.py:137} INFO - [2022-12-30T00:31:45.205+0000] {dag.py:3427} INFO - Setting next_dagrun for example_branch_dop_operator_v3 to 2022-12-30T00:30:00+00:00, run_after=2022-12-30T00:31:00+00:00
[2022-12-30T00:31:45.217+0000] {processor.py:175} INFO - Processing /home/airflow/.local/lib/python3.7/site-packages/airflow/example_dags/example_branch_python_dop_operator_3.py took 0.098 seconds
[2022-12-30T00:32:15.520+0000] {processor.py:153} INFO - Started process (PID=40437) to work on /home/airflow/.local/lib/python3.7/site-packages/airflow/example_dags/example_branch_python_dop_operator_3.py
[2022-12-30T00:32:15.521+0000] {processor.py:743} INFO - Processing file /home/airflow/.local/lib/python3.7/site-packages/airflow/example_dags/example_branch_python_dop_operator_3.py for tasks to queue
[2022-12-30T00:32:15.521+0000] {logging_mixin.py:137} INFO - [2022-12-30T00:32:15.521+0000] {dagbag.py:538} INFO - Filling up the DagBag from /home/airflow/.local/lib/python3.7/site-packages/airflow/example_dags/example_branch_python_dop_operator_3.py
[2022-12-30T00:32:15.540+0000] {processor.py:753} INFO - DAG(s) dict_keys(['example_branch_dop_operator_v3']) retrieved from /home/airflow/.local/lib/python3.7/site-packages/airflow/example_dags/example_branch_python_dop_operator_3.py
[2022-12-30T00:32:15.576+0000] {logging_mixin.py:137} INFO - [2022-12-30T00:32:15.575+0000] {dag.py:2676} INFO - Sync 1 DAGs
[2022-12-30T00:32:15.610+0000] {logging_mixin.py:137} INFO - [2022-12-30T00:32:15.609+0000] {dag.py:3427} INFO - Setting next_dagrun for example_branch_dop_operator_v3 to 2022-12-30T00:31:00+00:00, run_after=2022-12-30T00:32:00+00:00
[2022-12-30T00:32:15.628+0000] {processor.py:175} INFO - Processing /home/airflow/.local/lib/python3.7/site-packages/airflow/example_dags/example_branch_python_dop_operator_3.py took 0.110 seconds
[2022-12-30T00:32:45.756+0000] {processor.py:153} INFO - Started process (PID=40532) to work on /home/airflow/.local/lib/python3.7/site-packages/airflow/example_dags/example_branch_python_dop_operator_3.py
[2022-12-30T00:32:45.757+0000] {processor.py:743} INFO - Processing file /home/airflow/.local/lib/python3.7/site-packages/airflow/example_dags/example_branch_python_dop_operator_3.py for tasks to queue
[2022-12-30T00:32:45.758+0000] {logging_mixin.py:137} INFO - [2022-12-30T00:32:45.758+0000] {dagbag.py:538} INFO - Filling up the DagBag from /home/airflow/.local/lib/python3.7/site-packages/airflow/example_dags/example_branch_python_dop_operator_3.py
[2022-12-30T00:32:45.774+0000] {processor.py:753} INFO - DAG(s) dict_keys(['example_branch_dop_operator_v3']) retrieved from /home/airflow/.local/lib/python3.7/site-packages/airflow/example_dags/example_branch_python_dop_operator_3.py
[2022-12-30T00:32:45.803+0000] {logging_mixin.py:137} INFO - [2022-12-30T00:32:45.803+0000] {dag.py:2676} INFO - Sync 1 DAGs
[2022-12-30T00:32:45.827+0000] {logging_mixin.py:137} INFO - [2022-12-30T00:32:45.827+0000] {dag.py:3427} INFO - Setting next_dagrun for example_branch_dop_operator_v3 to 2022-12-30T00:31:00+00:00, run_after=2022-12-30T00:32:00+00:00
[2022-12-30T00:32:45.838+0000] {processor.py:175} INFO - Processing /home/airflow/.local/lib/python3.7/site-packages/airflow/example_dags/example_branch_python_dop_operator_3.py took 0.085 seconds
[2022-12-30T00:33:16.553+0000] {processor.py:153} INFO - Started process (PID=40634) to work on /home/airflow/.local/lib/python3.7/site-packages/airflow/example_dags/example_branch_python_dop_operator_3.py
[2022-12-30T00:33:16.555+0000] {processor.py:743} INFO - Processing file /home/airflow/.local/lib/python3.7/site-packages/airflow/example_dags/example_branch_python_dop_operator_3.py for tasks to queue
[2022-12-30T00:33:16.555+0000] {logging_mixin.py:137} INFO - [2022-12-30T00:33:16.555+0000] {dagbag.py:538} INFO - Filling up the DagBag from /home/airflow/.local/lib/python3.7/site-packages/airflow/example_dags/example_branch_python_dop_operator_3.py
[2022-12-30T00:33:16.573+0000] {processor.py:753} INFO - DAG(s) dict_keys(['example_branch_dop_operator_v3']) retrieved from /home/airflow/.local/lib/python3.7/site-packages/airflow/example_dags/example_branch_python_dop_operator_3.py
[2022-12-30T00:33:16.607+0000] {logging_mixin.py:137} INFO - [2022-12-30T00:33:16.606+0000] {dag.py:2676} INFO - Sync 1 DAGs
[2022-12-30T00:33:16.640+0000] {logging_mixin.py:137} INFO - [2022-12-30T00:33:16.640+0000] {dag.py:3427} INFO - Setting next_dagrun for example_branch_dop_operator_v3 to 2022-12-30T00:32:00+00:00, run_after=2022-12-30T00:33:00+00:00
[2022-12-30T00:33:16.657+0000] {processor.py:175} INFO - Processing /home/airflow/.local/lib/python3.7/site-packages/airflow/example_dags/example_branch_python_dop_operator_3.py took 0.107 seconds
[2022-12-30T00:33:47.109+0000] {processor.py:153} INFO - Started process (PID=40716) to work on /home/airflow/.local/lib/python3.7/site-packages/airflow/example_dags/example_branch_python_dop_operator_3.py
[2022-12-30T00:33:47.111+0000] {processor.py:743} INFO - Processing file /home/airflow/.local/lib/python3.7/site-packages/airflow/example_dags/example_branch_python_dop_operator_3.py for tasks to queue
[2022-12-30T00:33:47.111+0000] {logging_mixin.py:137} INFO - [2022-12-30T00:33:47.111+0000] {dagbag.py:538} INFO - Filling up the DagBag from /home/airflow/.local/lib/python3.7/site-packages/airflow/example_dags/example_branch_python_dop_operator_3.py
[2022-12-30T00:33:47.130+0000] {processor.py:753} INFO - DAG(s) dict_keys(['example_branch_dop_operator_v3']) retrieved from /home/airflow/.local/lib/python3.7/site-packages/airflow/example_dags/example_branch_python_dop_operator_3.py
[2022-12-30T00:33:47.164+0000] {logging_mixin.py:137} INFO - [2022-12-30T00:33:47.164+0000] {dag.py:2676} INFO - Sync 1 DAGs
[2022-12-30T00:33:47.192+0000] {logging_mixin.py:137} INFO - [2022-12-30T00:33:47.192+0000] {dag.py:3427} INFO - Setting next_dagrun for example_branch_dop_operator_v3 to 2022-12-30T00:32:00+00:00, run_after=2022-12-30T00:33:00+00:00
[2022-12-30T00:33:47.207+0000] {processor.py:175} INFO - Processing /home/airflow/.local/lib/python3.7/site-packages/airflow/example_dags/example_branch_python_dop_operator_3.py took 0.099 seconds
