[2022-12-30T00:00:08.654+0000] {processor.py:153} INFO - Started process (PID=34533) to work on /home/airflow/.local/lib/python3.7/site-packages/airflow/example_dags/tutorial_dag.py
[2022-12-30T00:00:08.654+0000] {processor.py:743} INFO - Processing file /home/airflow/.local/lib/python3.7/site-packages/airflow/example_dags/tutorial_dag.py for tasks to queue
[2022-12-30T00:00:08.655+0000] {logging_mixin.py:137} INFO - [2022-12-30T00:00:08.655+0000] {dagbag.py:538} INFO - Filling up the DagBag from /home/airflow/.local/lib/python3.7/site-packages/airflow/example_dags/tutorial_dag.py
[2022-12-30T00:00:08.665+0000] {processor.py:753} INFO - DAG(s) dict_keys(['tutorial_dag']) retrieved from /home/airflow/.local/lib/python3.7/site-packages/airflow/example_dags/tutorial_dag.py
[2022-12-30T00:00:08.694+0000] {logging_mixin.py:137} INFO - [2022-12-30T00:00:08.694+0000] {dag.py:2676} INFO - Sync 1 DAGs
[2022-12-30T00:00:08.712+0000] {logging_mixin.py:137} INFO - [2022-12-30T00:00:08.712+0000] {dag.py:3427} INFO - Setting next_dagrun for tutorial_dag to None, run_after=None
[2022-12-30T00:00:08.723+0000] {processor.py:175} INFO - Processing /home/airflow/.local/lib/python3.7/site-packages/airflow/example_dags/tutorial_dag.py took 0.072 seconds
[2022-12-30T00:00:39.340+0000] {processor.py:153} INFO - Started process (PID=34636) to work on /home/airflow/.local/lib/python3.7/site-packages/airflow/example_dags/tutorial_dag.py
[2022-12-30T00:00:39.341+0000] {processor.py:743} INFO - Processing file /home/airflow/.local/lib/python3.7/site-packages/airflow/example_dags/tutorial_dag.py for tasks to queue
[2022-12-30T00:00:39.341+0000] {logging_mixin.py:137} INFO - [2022-12-30T00:00:39.341+0000] {dagbag.py:538} INFO - Filling up the DagBag from /home/airflow/.local/lib/python3.7/site-packages/airflow/example_dags/tutorial_dag.py
[2022-12-30T00:00:39.350+0000] {processor.py:753} INFO - DAG(s) dict_keys(['tutorial_dag']) retrieved from /home/airflow/.local/lib/python3.7/site-packages/airflow/example_dags/tutorial_dag.py
[2022-12-30T00:00:39.377+0000] {logging_mixin.py:137} INFO - [2022-12-30T00:00:39.376+0000] {dag.py:2676} INFO - Sync 1 DAGs
[2022-12-30T00:00:39.395+0000] {logging_mixin.py:137} INFO - [2022-12-30T00:00:39.395+0000] {dag.py:3427} INFO - Setting next_dagrun for tutorial_dag to None, run_after=None
[2022-12-30T00:00:39.407+0000] {processor.py:175} INFO - Processing /home/airflow/.local/lib/python3.7/site-packages/airflow/example_dags/tutorial_dag.py took 0.069 seconds
[2022-12-30T00:01:09.966+0000] {processor.py:153} INFO - Started process (PID=34727) to work on /home/airflow/.local/lib/python3.7/site-packages/airflow/example_dags/tutorial_dag.py
[2022-12-30T00:01:09.967+0000] {processor.py:743} INFO - Processing file /home/airflow/.local/lib/python3.7/site-packages/airflow/example_dags/tutorial_dag.py for tasks to queue
[2022-12-30T00:01:09.968+0000] {logging_mixin.py:137} INFO - [2022-12-30T00:01:09.968+0000] {dagbag.py:538} INFO - Filling up the DagBag from /home/airflow/.local/lib/python3.7/site-packages/airflow/example_dags/tutorial_dag.py
[2022-12-30T00:01:09.979+0000] {processor.py:753} INFO - DAG(s) dict_keys(['tutorial_dag']) retrieved from /home/airflow/.local/lib/python3.7/site-packages/airflow/example_dags/tutorial_dag.py
[2022-12-30T00:01:10.011+0000] {logging_mixin.py:137} INFO - [2022-12-30T00:01:10.011+0000] {dag.py:2676} INFO - Sync 1 DAGs
[2022-12-30T00:01:10.031+0000] {logging_mixin.py:137} INFO - [2022-12-30T00:01:10.031+0000] {dag.py:3427} INFO - Setting next_dagrun for tutorial_dag to None, run_after=None
[2022-12-30T00:01:10.045+0000] {processor.py:175} INFO - Processing /home/airflow/.local/lib/python3.7/site-packages/airflow/example_dags/tutorial_dag.py took 0.081 seconds
[2022-12-30T00:01:40.402+0000] {processor.py:153} INFO - Started process (PID=34820) to work on /home/airflow/.local/lib/python3.7/site-packages/airflow/example_dags/tutorial_dag.py
[2022-12-30T00:01:40.403+0000] {processor.py:743} INFO - Processing file /home/airflow/.local/lib/python3.7/site-packages/airflow/example_dags/tutorial_dag.py for tasks to queue
[2022-12-30T00:01:40.404+0000] {logging_mixin.py:137} INFO - [2022-12-30T00:01:40.404+0000] {dagbag.py:538} INFO - Filling up the DagBag from /home/airflow/.local/lib/python3.7/site-packages/airflow/example_dags/tutorial_dag.py
[2022-12-30T00:01:40.412+0000] {processor.py:753} INFO - DAG(s) dict_keys(['tutorial_dag']) retrieved from /home/airflow/.local/lib/python3.7/site-packages/airflow/example_dags/tutorial_dag.py
[2022-12-30T00:01:40.442+0000] {logging_mixin.py:137} INFO - [2022-12-30T00:01:40.442+0000] {dag.py:2676} INFO - Sync 1 DAGs
[2022-12-30T00:01:40.460+0000] {logging_mixin.py:137} INFO - [2022-12-30T00:01:40.460+0000] {dag.py:3427} INFO - Setting next_dagrun for tutorial_dag to None, run_after=None
[2022-12-30T00:01:40.476+0000] {processor.py:175} INFO - Processing /home/airflow/.local/lib/python3.7/site-packages/airflow/example_dags/tutorial_dag.py took 0.077 seconds
[2022-12-30T00:02:11.031+0000] {processor.py:153} INFO - Started process (PID=34922) to work on /home/airflow/.local/lib/python3.7/site-packages/airflow/example_dags/tutorial_dag.py
[2022-12-30T00:02:11.032+0000] {processor.py:743} INFO - Processing file /home/airflow/.local/lib/python3.7/site-packages/airflow/example_dags/tutorial_dag.py for tasks to queue
[2022-12-30T00:02:11.032+0000] {logging_mixin.py:137} INFO - [2022-12-30T00:02:11.032+0000] {dagbag.py:538} INFO - Filling up the DagBag from /home/airflow/.local/lib/python3.7/site-packages/airflow/example_dags/tutorial_dag.py
[2022-12-30T00:02:11.042+0000] {processor.py:753} INFO - DAG(s) dict_keys(['tutorial_dag']) retrieved from /home/airflow/.local/lib/python3.7/site-packages/airflow/example_dags/tutorial_dag.py
[2022-12-30T00:02:11.069+0000] {logging_mixin.py:137} INFO - [2022-12-30T00:02:11.069+0000] {dag.py:2676} INFO - Sync 1 DAGs
[2022-12-30T00:02:11.088+0000] {logging_mixin.py:137} INFO - [2022-12-30T00:02:11.088+0000] {dag.py:3427} INFO - Setting next_dagrun for tutorial_dag to None, run_after=None
[2022-12-30T00:02:11.099+0000] {processor.py:175} INFO - Processing /home/airflow/.local/lib/python3.7/site-packages/airflow/example_dags/tutorial_dag.py took 0.070 seconds
[2022-12-30T00:02:41.521+0000] {processor.py:153} INFO - Started process (PID=35004) to work on /home/airflow/.local/lib/python3.7/site-packages/airflow/example_dags/tutorial_dag.py
[2022-12-30T00:02:41.522+0000] {processor.py:743} INFO - Processing file /home/airflow/.local/lib/python3.7/site-packages/airflow/example_dags/tutorial_dag.py for tasks to queue
[2022-12-30T00:02:41.523+0000] {logging_mixin.py:137} INFO - [2022-12-30T00:02:41.522+0000] {dagbag.py:538} INFO - Filling up the DagBag from /home/airflow/.local/lib/python3.7/site-packages/airflow/example_dags/tutorial_dag.py
[2022-12-30T00:02:41.531+0000] {processor.py:753} INFO - DAG(s) dict_keys(['tutorial_dag']) retrieved from /home/airflow/.local/lib/python3.7/site-packages/airflow/example_dags/tutorial_dag.py
[2022-12-30T00:02:41.557+0000] {logging_mixin.py:137} INFO - [2022-12-30T00:02:41.557+0000] {dag.py:2676} INFO - Sync 1 DAGs
[2022-12-30T00:02:41.574+0000] {logging_mixin.py:137} INFO - [2022-12-30T00:02:41.574+0000] {dag.py:3427} INFO - Setting next_dagrun for tutorial_dag to None, run_after=None
[2022-12-30T00:02:41.587+0000] {processor.py:175} INFO - Processing /home/airflow/.local/lib/python3.7/site-packages/airflow/example_dags/tutorial_dag.py took 0.069 seconds
[2022-12-30T00:03:11.949+0000] {processor.py:153} INFO - Started process (PID=35106) to work on /home/airflow/.local/lib/python3.7/site-packages/airflow/example_dags/tutorial_dag.py
[2022-12-30T00:03:11.950+0000] {processor.py:743} INFO - Processing file /home/airflow/.local/lib/python3.7/site-packages/airflow/example_dags/tutorial_dag.py for tasks to queue
[2022-12-30T00:03:11.951+0000] {logging_mixin.py:137} INFO - [2022-12-30T00:03:11.950+0000] {dagbag.py:538} INFO - Filling up the DagBag from /home/airflow/.local/lib/python3.7/site-packages/airflow/example_dags/tutorial_dag.py
[2022-12-30T00:03:11.959+0000] {processor.py:753} INFO - DAG(s) dict_keys(['tutorial_dag']) retrieved from /home/airflow/.local/lib/python3.7/site-packages/airflow/example_dags/tutorial_dag.py
[2022-12-30T00:03:11.984+0000] {logging_mixin.py:137} INFO - [2022-12-30T00:03:11.984+0000] {dag.py:2676} INFO - Sync 1 DAGs
[2022-12-30T00:03:12.001+0000] {logging_mixin.py:137} INFO - [2022-12-30T00:03:12.001+0000] {dag.py:3427} INFO - Setting next_dagrun for tutorial_dag to None, run_after=None
[2022-12-30T00:03:12.014+0000] {processor.py:175} INFO - Processing /home/airflow/.local/lib/python3.7/site-packages/airflow/example_dags/tutorial_dag.py took 0.068 seconds
[2022-12-30T00:03:42.450+0000] {processor.py:153} INFO - Started process (PID=35188) to work on /home/airflow/.local/lib/python3.7/site-packages/airflow/example_dags/tutorial_dag.py
[2022-12-30T00:03:42.451+0000] {processor.py:743} INFO - Processing file /home/airflow/.local/lib/python3.7/site-packages/airflow/example_dags/tutorial_dag.py for tasks to queue
[2022-12-30T00:03:42.451+0000] {logging_mixin.py:137} INFO - [2022-12-30T00:03:42.451+0000] {dagbag.py:538} INFO - Filling up the DagBag from /home/airflow/.local/lib/python3.7/site-packages/airflow/example_dags/tutorial_dag.py
[2022-12-30T00:03:42.463+0000] {processor.py:753} INFO - DAG(s) dict_keys(['tutorial_dag']) retrieved from /home/airflow/.local/lib/python3.7/site-packages/airflow/example_dags/tutorial_dag.py
[2022-12-30T00:03:42.489+0000] {logging_mixin.py:137} INFO - [2022-12-30T00:03:42.489+0000] {dag.py:2676} INFO - Sync 1 DAGs
[2022-12-30T00:03:42.508+0000] {logging_mixin.py:137} INFO - [2022-12-30T00:03:42.508+0000] {dag.py:3427} INFO - Setting next_dagrun for tutorial_dag to None, run_after=None
[2022-12-30T00:03:42.522+0000] {processor.py:175} INFO - Processing /home/airflow/.local/lib/python3.7/site-packages/airflow/example_dags/tutorial_dag.py took 0.074 seconds
[2022-12-30T00:04:13.398+0000] {processor.py:153} INFO - Started process (PID=35290) to work on /home/airflow/.local/lib/python3.7/site-packages/airflow/example_dags/tutorial_dag.py
[2022-12-30T00:04:13.399+0000] {processor.py:743} INFO - Processing file /home/airflow/.local/lib/python3.7/site-packages/airflow/example_dags/tutorial_dag.py for tasks to queue
[2022-12-30T00:04:13.399+0000] {logging_mixin.py:137} INFO - [2022-12-30T00:04:13.399+0000] {dagbag.py:538} INFO - Filling up the DagBag from /home/airflow/.local/lib/python3.7/site-packages/airflow/example_dags/tutorial_dag.py
[2022-12-30T00:04:13.411+0000] {processor.py:753} INFO - DAG(s) dict_keys(['tutorial_dag']) retrieved from /home/airflow/.local/lib/python3.7/site-packages/airflow/example_dags/tutorial_dag.py
[2022-12-30T00:04:13.437+0000] {logging_mixin.py:137} INFO - [2022-12-30T00:04:13.437+0000] {dag.py:2676} INFO - Sync 1 DAGs
[2022-12-30T00:04:13.456+0000] {logging_mixin.py:137} INFO - [2022-12-30T00:04:13.456+0000] {dag.py:3427} INFO - Setting next_dagrun for tutorial_dag to None, run_after=None
[2022-12-30T00:04:13.469+0000] {processor.py:175} INFO - Processing /home/airflow/.local/lib/python3.7/site-packages/airflow/example_dags/tutorial_dag.py took 0.073 seconds
[2022-12-30T00:04:44.004+0000] {processor.py:153} INFO - Started process (PID=35392) to work on /home/airflow/.local/lib/python3.7/site-packages/airflow/example_dags/tutorial_dag.py
[2022-12-30T00:04:44.005+0000] {processor.py:743} INFO - Processing file /home/airflow/.local/lib/python3.7/site-packages/airflow/example_dags/tutorial_dag.py for tasks to queue
[2022-12-30T00:04:44.006+0000] {logging_mixin.py:137} INFO - [2022-12-30T00:04:44.005+0000] {dagbag.py:538} INFO - Filling up the DagBag from /home/airflow/.local/lib/python3.7/site-packages/airflow/example_dags/tutorial_dag.py
[2022-12-30T00:04:44.015+0000] {processor.py:753} INFO - DAG(s) dict_keys(['tutorial_dag']) retrieved from /home/airflow/.local/lib/python3.7/site-packages/airflow/example_dags/tutorial_dag.py
[2022-12-30T00:04:44.044+0000] {logging_mixin.py:137} INFO - [2022-12-30T00:04:44.044+0000] {dag.py:2676} INFO - Sync 1 DAGs
[2022-12-30T00:04:44.063+0000] {logging_mixin.py:137} INFO - [2022-12-30T00:04:44.062+0000] {dag.py:3427} INFO - Setting next_dagrun for tutorial_dag to None, run_after=None
[2022-12-30T00:04:44.076+0000] {processor.py:175} INFO - Processing /home/airflow/.local/lib/python3.7/site-packages/airflow/example_dags/tutorial_dag.py took 0.074 seconds
[2022-12-30T00:05:14.543+0000] {processor.py:153} INFO - Started process (PID=35474) to work on /home/airflow/.local/lib/python3.7/site-packages/airflow/example_dags/tutorial_dag.py
[2022-12-30T00:05:14.543+0000] {processor.py:743} INFO - Processing file /home/airflow/.local/lib/python3.7/site-packages/airflow/example_dags/tutorial_dag.py for tasks to queue
[2022-12-30T00:05:14.544+0000] {logging_mixin.py:137} INFO - [2022-12-30T00:05:14.544+0000] {dagbag.py:538} INFO - Filling up the DagBag from /home/airflow/.local/lib/python3.7/site-packages/airflow/example_dags/tutorial_dag.py
[2022-12-30T00:05:14.554+0000] {processor.py:753} INFO - DAG(s) dict_keys(['tutorial_dag']) retrieved from /home/airflow/.local/lib/python3.7/site-packages/airflow/example_dags/tutorial_dag.py
[2022-12-30T00:05:14.580+0000] {logging_mixin.py:137} INFO - [2022-12-30T00:05:14.579+0000] {dag.py:2676} INFO - Sync 1 DAGs
[2022-12-30T00:05:14.599+0000] {logging_mixin.py:137} INFO - [2022-12-30T00:05:14.599+0000] {dag.py:3427} INFO - Setting next_dagrun for tutorial_dag to None, run_after=None
[2022-12-30T00:05:14.610+0000] {processor.py:175} INFO - Processing /home/airflow/.local/lib/python3.7/site-packages/airflow/example_dags/tutorial_dag.py took 0.070 seconds
[2022-12-30T00:05:44.855+0000] {processor.py:153} INFO - Started process (PID=35576) to work on /home/airflow/.local/lib/python3.7/site-packages/airflow/example_dags/tutorial_dag.py
[2022-12-30T00:05:44.856+0000] {processor.py:743} INFO - Processing file /home/airflow/.local/lib/python3.7/site-packages/airflow/example_dags/tutorial_dag.py for tasks to queue
[2022-12-30T00:05:44.856+0000] {logging_mixin.py:137} INFO - [2022-12-30T00:05:44.856+0000] {dagbag.py:538} INFO - Filling up the DagBag from /home/airflow/.local/lib/python3.7/site-packages/airflow/example_dags/tutorial_dag.py
[2022-12-30T00:05:44.867+0000] {processor.py:753} INFO - DAG(s) dict_keys(['tutorial_dag']) retrieved from /home/airflow/.local/lib/python3.7/site-packages/airflow/example_dags/tutorial_dag.py
[2022-12-30T00:05:44.895+0000] {logging_mixin.py:137} INFO - [2022-12-30T00:05:44.895+0000] {dag.py:2676} INFO - Sync 1 DAGs
[2022-12-30T00:05:44.914+0000] {logging_mixin.py:137} INFO - [2022-12-30T00:05:44.913+0000] {dag.py:3427} INFO - Setting next_dagrun for tutorial_dag to None, run_after=None
[2022-12-30T00:05:44.926+0000] {processor.py:175} INFO - Processing /home/airflow/.local/lib/python3.7/site-packages/airflow/example_dags/tutorial_dag.py took 0.073 seconds
[2022-12-30T00:06:15.330+0000] {processor.py:153} INFO - Started process (PID=35658) to work on /home/airflow/.local/lib/python3.7/site-packages/airflow/example_dags/tutorial_dag.py
[2022-12-30T00:06:15.330+0000] {processor.py:743} INFO - Processing file /home/airflow/.local/lib/python3.7/site-packages/airflow/example_dags/tutorial_dag.py for tasks to queue
[2022-12-30T00:06:15.331+0000] {logging_mixin.py:137} INFO - [2022-12-30T00:06:15.331+0000] {dagbag.py:538} INFO - Filling up the DagBag from /home/airflow/.local/lib/python3.7/site-packages/airflow/example_dags/tutorial_dag.py
[2022-12-30T00:06:15.342+0000] {processor.py:753} INFO - DAG(s) dict_keys(['tutorial_dag']) retrieved from /home/airflow/.local/lib/python3.7/site-packages/airflow/example_dags/tutorial_dag.py
[2022-12-30T00:06:15.370+0000] {logging_mixin.py:137} INFO - [2022-12-30T00:06:15.370+0000] {dag.py:2676} INFO - Sync 1 DAGs
[2022-12-30T00:06:15.388+0000] {logging_mixin.py:137} INFO - [2022-12-30T00:06:15.388+0000] {dag.py:3427} INFO - Setting next_dagrun for tutorial_dag to None, run_after=None
[2022-12-30T00:06:15.402+0000] {processor.py:175} INFO - Processing /home/airflow/.local/lib/python3.7/site-packages/airflow/example_dags/tutorial_dag.py took 0.075 seconds
[2022-12-30T00:06:46.614+0000] {processor.py:153} INFO - Started process (PID=35760) to work on /home/airflow/.local/lib/python3.7/site-packages/airflow/example_dags/tutorial_dag.py
[2022-12-30T00:06:46.615+0000] {processor.py:743} INFO - Processing file /home/airflow/.local/lib/python3.7/site-packages/airflow/example_dags/tutorial_dag.py for tasks to queue
[2022-12-30T00:06:46.616+0000] {logging_mixin.py:137} INFO - [2022-12-30T00:06:46.616+0000] {dagbag.py:538} INFO - Filling up the DagBag from /home/airflow/.local/lib/python3.7/site-packages/airflow/example_dags/tutorial_dag.py
[2022-12-30T00:06:46.626+0000] {processor.py:753} INFO - DAG(s) dict_keys(['tutorial_dag']) retrieved from /home/airflow/.local/lib/python3.7/site-packages/airflow/example_dags/tutorial_dag.py
[2022-12-30T00:06:46.661+0000] {logging_mixin.py:137} INFO - [2022-12-30T00:06:46.661+0000] {dag.py:2676} INFO - Sync 1 DAGs
[2022-12-30T00:06:46.686+0000] {logging_mixin.py:137} INFO - [2022-12-30T00:06:46.686+0000] {dag.py:3427} INFO - Setting next_dagrun for tutorial_dag to None, run_after=None
[2022-12-30T00:06:46.697+0000] {processor.py:175} INFO - Processing /home/airflow/.local/lib/python3.7/site-packages/airflow/example_dags/tutorial_dag.py took 0.086 seconds
[2022-12-30T00:07:18.547+0000] {processor.py:153} INFO - Started process (PID=35862) to work on /home/airflow/.local/lib/python3.7/site-packages/airflow/example_dags/tutorial_dag.py
[2022-12-30T00:07:18.548+0000] {processor.py:743} INFO - Processing file /home/airflow/.local/lib/python3.7/site-packages/airflow/example_dags/tutorial_dag.py for tasks to queue
[2022-12-30T00:07:18.548+0000] {logging_mixin.py:137} INFO - [2022-12-30T00:07:18.548+0000] {dagbag.py:538} INFO - Filling up the DagBag from /home/airflow/.local/lib/python3.7/site-packages/airflow/example_dags/tutorial_dag.py
[2022-12-30T00:07:18.560+0000] {processor.py:753} INFO - DAG(s) dict_keys(['tutorial_dag']) retrieved from /home/airflow/.local/lib/python3.7/site-packages/airflow/example_dags/tutorial_dag.py
[2022-12-30T00:07:18.594+0000] {logging_mixin.py:137} INFO - [2022-12-30T00:07:18.594+0000] {dag.py:2676} INFO - Sync 1 DAGs
[2022-12-30T00:07:18.619+0000] {logging_mixin.py:137} INFO - [2022-12-30T00:07:18.619+0000] {dag.py:3427} INFO - Setting next_dagrun for tutorial_dag to None, run_after=None
[2022-12-30T00:07:18.643+0000] {processor.py:175} INFO - Processing /home/airflow/.local/lib/python3.7/site-packages/airflow/example_dags/tutorial_dag.py took 0.098 seconds
[2022-12-30T00:07:49.257+0000] {processor.py:153} INFO - Started process (PID=35944) to work on /home/airflow/.local/lib/python3.7/site-packages/airflow/example_dags/tutorial_dag.py
[2022-12-30T00:07:49.258+0000] {processor.py:743} INFO - Processing file /home/airflow/.local/lib/python3.7/site-packages/airflow/example_dags/tutorial_dag.py for tasks to queue
[2022-12-30T00:07:49.258+0000] {logging_mixin.py:137} INFO - [2022-12-30T00:07:49.258+0000] {dagbag.py:538} INFO - Filling up the DagBag from /home/airflow/.local/lib/python3.7/site-packages/airflow/example_dags/tutorial_dag.py
[2022-12-30T00:07:49.267+0000] {processor.py:753} INFO - DAG(s) dict_keys(['tutorial_dag']) retrieved from /home/airflow/.local/lib/python3.7/site-packages/airflow/example_dags/tutorial_dag.py
[2022-12-30T00:07:49.293+0000] {logging_mixin.py:137} INFO - [2022-12-30T00:07:49.293+0000] {dag.py:2676} INFO - Sync 1 DAGs
[2022-12-30T00:07:49.311+0000] {logging_mixin.py:137} INFO - [2022-12-30T00:07:49.311+0000] {dag.py:3427} INFO - Setting next_dagrun for tutorial_dag to None, run_after=None
[2022-12-30T00:07:49.326+0000] {processor.py:175} INFO - Processing /home/airflow/.local/lib/python3.7/site-packages/airflow/example_dags/tutorial_dag.py took 0.071 seconds
[2022-12-30T00:08:19.940+0000] {processor.py:153} INFO - Started process (PID=36046) to work on /home/airflow/.local/lib/python3.7/site-packages/airflow/example_dags/tutorial_dag.py
[2022-12-30T00:08:19.941+0000] {processor.py:743} INFO - Processing file /home/airflow/.local/lib/python3.7/site-packages/airflow/example_dags/tutorial_dag.py for tasks to queue
[2022-12-30T00:08:19.942+0000] {logging_mixin.py:137} INFO - [2022-12-30T00:08:19.941+0000] {dagbag.py:538} INFO - Filling up the DagBag from /home/airflow/.local/lib/python3.7/site-packages/airflow/example_dags/tutorial_dag.py
[2022-12-30T00:08:19.953+0000] {processor.py:753} INFO - DAG(s) dict_keys(['tutorial_dag']) retrieved from /home/airflow/.local/lib/python3.7/site-packages/airflow/example_dags/tutorial_dag.py
[2022-12-30T00:08:19.979+0000] {logging_mixin.py:137} INFO - [2022-12-30T00:08:19.979+0000] {dag.py:2676} INFO - Sync 1 DAGs
[2022-12-30T00:08:19.996+0000] {logging_mixin.py:137} INFO - [2022-12-30T00:08:19.996+0000] {dag.py:3427} INFO - Setting next_dagrun for tutorial_dag to None, run_after=None
[2022-12-30T00:08:20.007+0000] {processor.py:175} INFO - Processing /home/airflow/.local/lib/python3.7/site-packages/airflow/example_dags/tutorial_dag.py took 0.069 seconds
[2022-12-30T00:08:50.452+0000] {processor.py:153} INFO - Started process (PID=36128) to work on /home/airflow/.local/lib/python3.7/site-packages/airflow/example_dags/tutorial_dag.py
[2022-12-30T00:08:50.452+0000] {processor.py:743} INFO - Processing file /home/airflow/.local/lib/python3.7/site-packages/airflow/example_dags/tutorial_dag.py for tasks to queue
[2022-12-30T00:08:50.453+0000] {logging_mixin.py:137} INFO - [2022-12-30T00:08:50.453+0000] {dagbag.py:538} INFO - Filling up the DagBag from /home/airflow/.local/lib/python3.7/site-packages/airflow/example_dags/tutorial_dag.py
[2022-12-30T00:08:50.463+0000] {processor.py:753} INFO - DAG(s) dict_keys(['tutorial_dag']) retrieved from /home/airflow/.local/lib/python3.7/site-packages/airflow/example_dags/tutorial_dag.py
[2022-12-30T00:08:50.492+0000] {logging_mixin.py:137} INFO - [2022-12-30T00:08:50.492+0000] {dag.py:2676} INFO - Sync 1 DAGs
[2022-12-30T00:08:50.514+0000] {logging_mixin.py:137} INFO - [2022-12-30T00:08:50.514+0000] {dag.py:3427} INFO - Setting next_dagrun for tutorial_dag to None, run_after=None
[2022-12-30T00:08:50.524+0000] {processor.py:175} INFO - Processing /home/airflow/.local/lib/python3.7/site-packages/airflow/example_dags/tutorial_dag.py took 0.075 seconds
[2022-12-30T00:09:21.041+0000] {processor.py:153} INFO - Started process (PID=36230) to work on /home/airflow/.local/lib/python3.7/site-packages/airflow/example_dags/tutorial_dag.py
[2022-12-30T00:09:21.042+0000] {processor.py:743} INFO - Processing file /home/airflow/.local/lib/python3.7/site-packages/airflow/example_dags/tutorial_dag.py for tasks to queue
[2022-12-30T00:09:21.043+0000] {logging_mixin.py:137} INFO - [2022-12-30T00:09:21.042+0000] {dagbag.py:538} INFO - Filling up the DagBag from /home/airflow/.local/lib/python3.7/site-packages/airflow/example_dags/tutorial_dag.py
[2022-12-30T00:09:21.054+0000] {processor.py:753} INFO - DAG(s) dict_keys(['tutorial_dag']) retrieved from /home/airflow/.local/lib/python3.7/site-packages/airflow/example_dags/tutorial_dag.py
[2022-12-30T00:09:21.083+0000] {logging_mixin.py:137} INFO - [2022-12-30T00:09:21.083+0000] {dag.py:2676} INFO - Sync 1 DAGs
[2022-12-30T00:09:21.101+0000] {logging_mixin.py:137} INFO - [2022-12-30T00:09:21.101+0000] {dag.py:3427} INFO - Setting next_dagrun for tutorial_dag to None, run_after=None
[2022-12-30T00:09:21.113+0000] {processor.py:175} INFO - Processing /home/airflow/.local/lib/python3.7/site-packages/airflow/example_dags/tutorial_dag.py took 0.074 seconds
[2022-12-30T00:09:51.715+0000] {processor.py:153} INFO - Started process (PID=36332) to work on /home/airflow/.local/lib/python3.7/site-packages/airflow/example_dags/tutorial_dag.py
[2022-12-30T00:09:51.716+0000] {processor.py:743} INFO - Processing file /home/airflow/.local/lib/python3.7/site-packages/airflow/example_dags/tutorial_dag.py for tasks to queue
[2022-12-30T00:09:51.716+0000] {logging_mixin.py:137} INFO - [2022-12-30T00:09:51.716+0000] {dagbag.py:538} INFO - Filling up the DagBag from /home/airflow/.local/lib/python3.7/site-packages/airflow/example_dags/tutorial_dag.py
[2022-12-30T00:09:51.727+0000] {processor.py:753} INFO - DAG(s) dict_keys(['tutorial_dag']) retrieved from /home/airflow/.local/lib/python3.7/site-packages/airflow/example_dags/tutorial_dag.py
[2022-12-30T00:09:51.758+0000] {logging_mixin.py:137} INFO - [2022-12-30T00:09:51.758+0000] {dag.py:2676} INFO - Sync 1 DAGs
[2022-12-30T00:09:51.781+0000] {logging_mixin.py:137} INFO - [2022-12-30T00:09:51.781+0000] {dag.py:3427} INFO - Setting next_dagrun for tutorial_dag to None, run_after=None
[2022-12-30T00:09:51.794+0000] {processor.py:175} INFO - Processing /home/airflow/.local/lib/python3.7/site-packages/airflow/example_dags/tutorial_dag.py took 0.082 seconds
[2022-12-30T00:10:22.390+0000] {processor.py:153} INFO - Started process (PID=36414) to work on /home/airflow/.local/lib/python3.7/site-packages/airflow/example_dags/tutorial_dag.py
[2022-12-30T00:10:22.391+0000] {processor.py:743} INFO - Processing file /home/airflow/.local/lib/python3.7/site-packages/airflow/example_dags/tutorial_dag.py for tasks to queue
[2022-12-30T00:10:22.391+0000] {logging_mixin.py:137} INFO - [2022-12-30T00:10:22.391+0000] {dagbag.py:538} INFO - Filling up the DagBag from /home/airflow/.local/lib/python3.7/site-packages/airflow/example_dags/tutorial_dag.py
[2022-12-30T00:10:22.401+0000] {processor.py:753} INFO - DAG(s) dict_keys(['tutorial_dag']) retrieved from /home/airflow/.local/lib/python3.7/site-packages/airflow/example_dags/tutorial_dag.py
[2022-12-30T00:10:22.430+0000] {logging_mixin.py:137} INFO - [2022-12-30T00:10:22.430+0000] {dag.py:2676} INFO - Sync 1 DAGs
[2022-12-30T00:10:22.447+0000] {logging_mixin.py:137} INFO - [2022-12-30T00:10:22.446+0000] {dag.py:3427} INFO - Setting next_dagrun for tutorial_dag to None, run_after=None
[2022-12-30T00:10:22.458+0000] {processor.py:175} INFO - Processing /home/airflow/.local/lib/python3.7/site-packages/airflow/example_dags/tutorial_dag.py took 0.071 seconds
[2022-12-30T00:10:52.938+0000] {processor.py:153} INFO - Started process (PID=36516) to work on /home/airflow/.local/lib/python3.7/site-packages/airflow/example_dags/tutorial_dag.py
[2022-12-30T00:10:52.939+0000] {processor.py:743} INFO - Processing file /home/airflow/.local/lib/python3.7/site-packages/airflow/example_dags/tutorial_dag.py for tasks to queue
[2022-12-30T00:10:52.939+0000] {logging_mixin.py:137} INFO - [2022-12-30T00:10:52.939+0000] {dagbag.py:538} INFO - Filling up the DagBag from /home/airflow/.local/lib/python3.7/site-packages/airflow/example_dags/tutorial_dag.py
[2022-12-30T00:10:52.947+0000] {processor.py:753} INFO - DAG(s) dict_keys(['tutorial_dag']) retrieved from /home/airflow/.local/lib/python3.7/site-packages/airflow/example_dags/tutorial_dag.py
[2022-12-30T00:10:52.973+0000] {logging_mixin.py:137} INFO - [2022-12-30T00:10:52.973+0000] {dag.py:2676} INFO - Sync 1 DAGs
[2022-12-30T00:10:52.990+0000] {logging_mixin.py:137} INFO - [2022-12-30T00:10:52.990+0000] {dag.py:3427} INFO - Setting next_dagrun for tutorial_dag to None, run_after=None
[2022-12-30T00:10:53.001+0000] {processor.py:175} INFO - Processing /home/airflow/.local/lib/python3.7/site-packages/airflow/example_dags/tutorial_dag.py took 0.066 seconds
[2022-12-30T00:11:23.372+0000] {processor.py:153} INFO - Started process (PID=36598) to work on /home/airflow/.local/lib/python3.7/site-packages/airflow/example_dags/tutorial_dag.py
[2022-12-30T00:11:23.373+0000] {processor.py:743} INFO - Processing file /home/airflow/.local/lib/python3.7/site-packages/airflow/example_dags/tutorial_dag.py for tasks to queue
[2022-12-30T00:11:23.374+0000] {logging_mixin.py:137} INFO - [2022-12-30T00:11:23.373+0000] {dagbag.py:538} INFO - Filling up the DagBag from /home/airflow/.local/lib/python3.7/site-packages/airflow/example_dags/tutorial_dag.py
[2022-12-30T00:11:23.384+0000] {processor.py:753} INFO - DAG(s) dict_keys(['tutorial_dag']) retrieved from /home/airflow/.local/lib/python3.7/site-packages/airflow/example_dags/tutorial_dag.py
[2022-12-30T00:11:23.410+0000] {logging_mixin.py:137} INFO - [2022-12-30T00:11:23.410+0000] {dag.py:2676} INFO - Sync 1 DAGs
[2022-12-30T00:11:23.430+0000] {logging_mixin.py:137} INFO - [2022-12-30T00:11:23.429+0000] {dag.py:3427} INFO - Setting next_dagrun for tutorial_dag to None, run_after=None
[2022-12-30T00:11:23.441+0000] {processor.py:175} INFO - Processing /home/airflow/.local/lib/python3.7/site-packages/airflow/example_dags/tutorial_dag.py took 0.072 seconds
[2022-12-30T00:11:53.789+0000] {processor.py:153} INFO - Started process (PID=36700) to work on /home/airflow/.local/lib/python3.7/site-packages/airflow/example_dags/tutorial_dag.py
[2022-12-30T00:11:53.789+0000] {processor.py:743} INFO - Processing file /home/airflow/.local/lib/python3.7/site-packages/airflow/example_dags/tutorial_dag.py for tasks to queue
[2022-12-30T00:11:53.790+0000] {logging_mixin.py:137} INFO - [2022-12-30T00:11:53.790+0000] {dagbag.py:538} INFO - Filling up the DagBag from /home/airflow/.local/lib/python3.7/site-packages/airflow/example_dags/tutorial_dag.py
[2022-12-30T00:11:53.803+0000] {processor.py:753} INFO - DAG(s) dict_keys(['tutorial_dag']) retrieved from /home/airflow/.local/lib/python3.7/site-packages/airflow/example_dags/tutorial_dag.py
[2022-12-30T00:11:53.837+0000] {logging_mixin.py:137} INFO - [2022-12-30T00:11:53.837+0000] {dag.py:2676} INFO - Sync 1 DAGs
[2022-12-30T00:11:53.856+0000] {logging_mixin.py:137} INFO - [2022-12-30T00:11:53.856+0000] {dag.py:3427} INFO - Setting next_dagrun for tutorial_dag to None, run_after=None
[2022-12-30T00:11:53.867+0000] {processor.py:175} INFO - Processing /home/airflow/.local/lib/python3.7/site-packages/airflow/example_dags/tutorial_dag.py took 0.081 seconds
[2022-12-30T00:12:24.153+0000] {processor.py:153} INFO - Started process (PID=36791) to work on /home/airflow/.local/lib/python3.7/site-packages/airflow/example_dags/tutorial_dag.py
[2022-12-30T00:12:24.154+0000] {processor.py:743} INFO - Processing file /home/airflow/.local/lib/python3.7/site-packages/airflow/example_dags/tutorial_dag.py for tasks to queue
[2022-12-30T00:12:24.154+0000] {logging_mixin.py:137} INFO - [2022-12-30T00:12:24.154+0000] {dagbag.py:538} INFO - Filling up the DagBag from /home/airflow/.local/lib/python3.7/site-packages/airflow/example_dags/tutorial_dag.py
[2022-12-30T00:12:24.165+0000] {processor.py:753} INFO - DAG(s) dict_keys(['tutorial_dag']) retrieved from /home/airflow/.local/lib/python3.7/site-packages/airflow/example_dags/tutorial_dag.py
[2022-12-30T00:12:24.196+0000] {logging_mixin.py:137} INFO - [2022-12-30T00:12:24.196+0000] {dag.py:2676} INFO - Sync 1 DAGs
[2022-12-30T00:12:24.215+0000] {logging_mixin.py:137} INFO - [2022-12-30T00:12:24.215+0000] {dag.py:3427} INFO - Setting next_dagrun for tutorial_dag to None, run_after=None
[2022-12-30T00:12:24.226+0000] {processor.py:175} INFO - Processing /home/airflow/.local/lib/python3.7/site-packages/airflow/example_dags/tutorial_dag.py took 0.076 seconds
[2022-12-30T00:12:54.741+0000] {processor.py:153} INFO - Started process (PID=36884) to work on /home/airflow/.local/lib/python3.7/site-packages/airflow/example_dags/tutorial_dag.py
[2022-12-30T00:12:54.741+0000] {processor.py:743} INFO - Processing file /home/airflow/.local/lib/python3.7/site-packages/airflow/example_dags/tutorial_dag.py for tasks to queue
[2022-12-30T00:12:54.742+0000] {logging_mixin.py:137} INFO - [2022-12-30T00:12:54.742+0000] {dagbag.py:538} INFO - Filling up the DagBag from /home/airflow/.local/lib/python3.7/site-packages/airflow/example_dags/tutorial_dag.py
[2022-12-30T00:12:54.750+0000] {processor.py:753} INFO - DAG(s) dict_keys(['tutorial_dag']) retrieved from /home/airflow/.local/lib/python3.7/site-packages/airflow/example_dags/tutorial_dag.py
[2022-12-30T00:12:54.780+0000] {logging_mixin.py:137} INFO - [2022-12-30T00:12:54.780+0000] {dag.py:2676} INFO - Sync 1 DAGs
[2022-12-30T00:12:54.799+0000] {logging_mixin.py:137} INFO - [2022-12-30T00:12:54.798+0000] {dag.py:3427} INFO - Setting next_dagrun for tutorial_dag to None, run_after=None
[2022-12-30T00:12:54.810+0000] {processor.py:175} INFO - Processing /home/airflow/.local/lib/python3.7/site-packages/airflow/example_dags/tutorial_dag.py took 0.073 seconds
[2022-12-30T00:13:25.128+0000] {processor.py:153} INFO - Started process (PID=36986) to work on /home/airflow/.local/lib/python3.7/site-packages/airflow/example_dags/tutorial_dag.py
[2022-12-30T00:13:25.129+0000] {processor.py:743} INFO - Processing file /home/airflow/.local/lib/python3.7/site-packages/airflow/example_dags/tutorial_dag.py for tasks to queue
[2022-12-30T00:13:25.129+0000] {logging_mixin.py:137} INFO - [2022-12-30T00:13:25.129+0000] {dagbag.py:538} INFO - Filling up the DagBag from /home/airflow/.local/lib/python3.7/site-packages/airflow/example_dags/tutorial_dag.py
[2022-12-30T00:13:25.139+0000] {processor.py:753} INFO - DAG(s) dict_keys(['tutorial_dag']) retrieved from /home/airflow/.local/lib/python3.7/site-packages/airflow/example_dags/tutorial_dag.py
[2022-12-30T00:13:25.166+0000] {logging_mixin.py:137} INFO - [2022-12-30T00:13:25.166+0000] {dag.py:2676} INFO - Sync 1 DAGs
[2022-12-30T00:13:25.189+0000] {logging_mixin.py:137} INFO - [2022-12-30T00:13:25.189+0000] {dag.py:3427} INFO - Setting next_dagrun for tutorial_dag to None, run_after=None
[2022-12-30T00:13:25.202+0000] {processor.py:175} INFO - Processing /home/airflow/.local/lib/python3.7/site-packages/airflow/example_dags/tutorial_dag.py took 0.077 seconds
[2022-12-30T00:13:55.498+0000] {processor.py:153} INFO - Started process (PID=37068) to work on /home/airflow/.local/lib/python3.7/site-packages/airflow/example_dags/tutorial_dag.py
[2022-12-30T00:13:55.499+0000] {processor.py:743} INFO - Processing file /home/airflow/.local/lib/python3.7/site-packages/airflow/example_dags/tutorial_dag.py for tasks to queue
[2022-12-30T00:13:55.499+0000] {logging_mixin.py:137} INFO - [2022-12-30T00:13:55.499+0000] {dagbag.py:538} INFO - Filling up the DagBag from /home/airflow/.local/lib/python3.7/site-packages/airflow/example_dags/tutorial_dag.py
[2022-12-30T00:13:55.509+0000] {processor.py:753} INFO - DAG(s) dict_keys(['tutorial_dag']) retrieved from /home/airflow/.local/lib/python3.7/site-packages/airflow/example_dags/tutorial_dag.py
[2022-12-30T00:13:55.540+0000] {logging_mixin.py:137} INFO - [2022-12-30T00:13:55.540+0000] {dag.py:2676} INFO - Sync 1 DAGs
[2022-12-30T00:13:55.565+0000] {logging_mixin.py:137} INFO - [2022-12-30T00:13:55.564+0000] {dag.py:3427} INFO - Setting next_dagrun for tutorial_dag to None, run_after=None
[2022-12-30T00:13:55.576+0000] {processor.py:175} INFO - Processing /home/airflow/.local/lib/python3.7/site-packages/airflow/example_dags/tutorial_dag.py took 0.080 seconds
[2022-12-30T00:14:26.039+0000] {processor.py:153} INFO - Started process (PID=37170) to work on /home/airflow/.local/lib/python3.7/site-packages/airflow/example_dags/tutorial_dag.py
[2022-12-30T00:14:26.040+0000] {processor.py:743} INFO - Processing file /home/airflow/.local/lib/python3.7/site-packages/airflow/example_dags/tutorial_dag.py for tasks to queue
[2022-12-30T00:14:26.040+0000] {logging_mixin.py:137} INFO - [2022-12-30T00:14:26.040+0000] {dagbag.py:538} INFO - Filling up the DagBag from /home/airflow/.local/lib/python3.7/site-packages/airflow/example_dags/tutorial_dag.py
[2022-12-30T00:14:26.051+0000] {processor.py:753} INFO - DAG(s) dict_keys(['tutorial_dag']) retrieved from /home/airflow/.local/lib/python3.7/site-packages/airflow/example_dags/tutorial_dag.py
[2022-12-30T00:14:26.082+0000] {logging_mixin.py:137} INFO - [2022-12-30T00:14:26.082+0000] {dag.py:2676} INFO - Sync 1 DAGs
[2022-12-30T00:14:26.109+0000] {logging_mixin.py:137} INFO - [2022-12-30T00:14:26.109+0000] {dag.py:3427} INFO - Setting next_dagrun for tutorial_dag to None, run_after=None
[2022-12-30T00:14:26.124+0000] {processor.py:175} INFO - Processing /home/airflow/.local/lib/python3.7/site-packages/airflow/example_dags/tutorial_dag.py took 0.089 seconds
[2022-12-30T00:14:56.495+0000] {processor.py:153} INFO - Started process (PID=37252) to work on /home/airflow/.local/lib/python3.7/site-packages/airflow/example_dags/tutorial_dag.py
[2022-12-30T00:14:56.495+0000] {processor.py:743} INFO - Processing file /home/airflow/.local/lib/python3.7/site-packages/airflow/example_dags/tutorial_dag.py for tasks to queue
[2022-12-30T00:14:56.496+0000] {logging_mixin.py:137} INFO - [2022-12-30T00:14:56.496+0000] {dagbag.py:538} INFO - Filling up the DagBag from /home/airflow/.local/lib/python3.7/site-packages/airflow/example_dags/tutorial_dag.py
[2022-12-30T00:14:56.507+0000] {processor.py:753} INFO - DAG(s) dict_keys(['tutorial_dag']) retrieved from /home/airflow/.local/lib/python3.7/site-packages/airflow/example_dags/tutorial_dag.py
[2022-12-30T00:14:56.537+0000] {logging_mixin.py:137} INFO - [2022-12-30T00:14:56.537+0000] {dag.py:2676} INFO - Sync 1 DAGs
[2022-12-30T00:14:56.555+0000] {logging_mixin.py:137} INFO - [2022-12-30T00:14:56.555+0000] {dag.py:3427} INFO - Setting next_dagrun for tutorial_dag to None, run_after=None
[2022-12-30T00:14:56.567+0000] {processor.py:175} INFO - Processing /home/airflow/.local/lib/python3.7/site-packages/airflow/example_dags/tutorial_dag.py took 0.075 seconds
[2022-12-30T00:15:26.903+0000] {processor.py:153} INFO - Started process (PID=37354) to work on /home/airflow/.local/lib/python3.7/site-packages/airflow/example_dags/tutorial_dag.py
[2022-12-30T00:15:26.904+0000] {processor.py:743} INFO - Processing file /home/airflow/.local/lib/python3.7/site-packages/airflow/example_dags/tutorial_dag.py for tasks to queue
[2022-12-30T00:15:26.904+0000] {logging_mixin.py:137} INFO - [2022-12-30T00:15:26.904+0000] {dagbag.py:538} INFO - Filling up the DagBag from /home/airflow/.local/lib/python3.7/site-packages/airflow/example_dags/tutorial_dag.py
[2022-12-30T00:15:26.914+0000] {processor.py:753} INFO - DAG(s) dict_keys(['tutorial_dag']) retrieved from /home/airflow/.local/lib/python3.7/site-packages/airflow/example_dags/tutorial_dag.py
[2022-12-30T00:15:26.947+0000] {logging_mixin.py:137} INFO - [2022-12-30T00:15:26.947+0000] {dag.py:2676} INFO - Sync 1 DAGs
[2022-12-30T00:15:26.966+0000] {logging_mixin.py:137} INFO - [2022-12-30T00:15:26.966+0000] {dag.py:3427} INFO - Setting next_dagrun for tutorial_dag to None, run_after=None
[2022-12-30T00:15:26.977+0000] {processor.py:175} INFO - Processing /home/airflow/.local/lib/python3.7/site-packages/airflow/example_dags/tutorial_dag.py took 0.077 seconds
[2022-12-30T00:15:57.318+0000] {processor.py:153} INFO - Started process (PID=37445) to work on /home/airflow/.local/lib/python3.7/site-packages/airflow/example_dags/tutorial_dag.py
[2022-12-30T00:15:57.319+0000] {processor.py:743} INFO - Processing file /home/airflow/.local/lib/python3.7/site-packages/airflow/example_dags/tutorial_dag.py for tasks to queue
[2022-12-30T00:15:57.319+0000] {logging_mixin.py:137} INFO - [2022-12-30T00:15:57.319+0000] {dagbag.py:538} INFO - Filling up the DagBag from /home/airflow/.local/lib/python3.7/site-packages/airflow/example_dags/tutorial_dag.py
[2022-12-30T00:15:57.330+0000] {processor.py:753} INFO - DAG(s) dict_keys(['tutorial_dag']) retrieved from /home/airflow/.local/lib/python3.7/site-packages/airflow/example_dags/tutorial_dag.py
[2022-12-30T00:15:57.389+0000] {logging_mixin.py:137} INFO - [2022-12-30T00:15:57.389+0000] {dag.py:2676} INFO - Sync 1 DAGs
[2022-12-30T00:15:57.413+0000] {logging_mixin.py:137} INFO - [2022-12-30T00:15:57.413+0000] {dag.py:3427} INFO - Setting next_dagrun for tutorial_dag to None, run_after=None
[2022-12-30T00:15:57.433+0000] {processor.py:175} INFO - Processing /home/airflow/.local/lib/python3.7/site-packages/airflow/example_dags/tutorial_dag.py took 0.117 seconds
[2022-12-30T00:16:28.192+0000] {processor.py:153} INFO - Started process (PID=37538) to work on /home/airflow/.local/lib/python3.7/site-packages/airflow/example_dags/tutorial_dag.py
[2022-12-30T00:16:28.193+0000] {processor.py:743} INFO - Processing file /home/airflow/.local/lib/python3.7/site-packages/airflow/example_dags/tutorial_dag.py for tasks to queue
[2022-12-30T00:16:28.193+0000] {logging_mixin.py:137} INFO - [2022-12-30T00:16:28.193+0000] {dagbag.py:538} INFO - Filling up the DagBag from /home/airflow/.local/lib/python3.7/site-packages/airflow/example_dags/tutorial_dag.py
[2022-12-30T00:16:28.204+0000] {processor.py:753} INFO - DAG(s) dict_keys(['tutorial_dag']) retrieved from /home/airflow/.local/lib/python3.7/site-packages/airflow/example_dags/tutorial_dag.py
[2022-12-30T00:16:28.235+0000] {logging_mixin.py:137} INFO - [2022-12-30T00:16:28.235+0000] {dag.py:2676} INFO - Sync 1 DAGs
[2022-12-30T00:16:28.262+0000] {logging_mixin.py:137} INFO - [2022-12-30T00:16:28.261+0000] {dag.py:3427} INFO - Setting next_dagrun for tutorial_dag to None, run_after=None
[2022-12-30T00:16:28.279+0000] {processor.py:175} INFO - Processing /home/airflow/.local/lib/python3.7/site-packages/airflow/example_dags/tutorial_dag.py took 0.090 seconds
[2022-12-30T00:16:58.720+0000] {processor.py:153} INFO - Started process (PID=37640) to work on /home/airflow/.local/lib/python3.7/site-packages/airflow/example_dags/tutorial_dag.py
[2022-12-30T00:16:58.721+0000] {processor.py:743} INFO - Processing file /home/airflow/.local/lib/python3.7/site-packages/airflow/example_dags/tutorial_dag.py for tasks to queue
[2022-12-30T00:16:58.721+0000] {logging_mixin.py:137} INFO - [2022-12-30T00:16:58.721+0000] {dagbag.py:538} INFO - Filling up the DagBag from /home/airflow/.local/lib/python3.7/site-packages/airflow/example_dags/tutorial_dag.py
[2022-12-30T00:16:58.733+0000] {processor.py:753} INFO - DAG(s) dict_keys(['tutorial_dag']) retrieved from /home/airflow/.local/lib/python3.7/site-packages/airflow/example_dags/tutorial_dag.py
[2022-12-30T00:16:58.762+0000] {logging_mixin.py:137} INFO - [2022-12-30T00:16:58.762+0000] {dag.py:2676} INFO - Sync 1 DAGs
[2022-12-30T00:16:58.782+0000] {logging_mixin.py:137} INFO - [2022-12-30T00:16:58.781+0000] {dag.py:3427} INFO - Setting next_dagrun for tutorial_dag to None, run_after=None
[2022-12-30T00:16:58.797+0000] {processor.py:175} INFO - Processing /home/airflow/.local/lib/python3.7/site-packages/airflow/example_dags/tutorial_dag.py took 0.080 seconds
[2022-12-30T00:17:29.310+0000] {processor.py:153} INFO - Started process (PID=37722) to work on /home/airflow/.local/lib/python3.7/site-packages/airflow/example_dags/tutorial_dag.py
[2022-12-30T00:17:29.311+0000] {processor.py:743} INFO - Processing file /home/airflow/.local/lib/python3.7/site-packages/airflow/example_dags/tutorial_dag.py for tasks to queue
[2022-12-30T00:17:29.311+0000] {logging_mixin.py:137} INFO - [2022-12-30T00:17:29.311+0000] {dagbag.py:538} INFO - Filling up the DagBag from /home/airflow/.local/lib/python3.7/site-packages/airflow/example_dags/tutorial_dag.py
[2022-12-30T00:17:29.320+0000] {processor.py:753} INFO - DAG(s) dict_keys(['tutorial_dag']) retrieved from /home/airflow/.local/lib/python3.7/site-packages/airflow/example_dags/tutorial_dag.py
[2022-12-30T00:17:29.349+0000] {logging_mixin.py:137} INFO - [2022-12-30T00:17:29.349+0000] {dag.py:2676} INFO - Sync 1 DAGs
[2022-12-30T00:17:29.372+0000] {logging_mixin.py:137} INFO - [2022-12-30T00:17:29.371+0000] {dag.py:3427} INFO - Setting next_dagrun for tutorial_dag to None, run_after=None
[2022-12-30T00:17:29.385+0000] {processor.py:175} INFO - Processing /home/airflow/.local/lib/python3.7/site-packages/airflow/example_dags/tutorial_dag.py took 0.078 seconds
[2022-12-30T00:17:59.823+0000] {processor.py:153} INFO - Started process (PID=37825) to work on /home/airflow/.local/lib/python3.7/site-packages/airflow/example_dags/tutorial_dag.py
[2022-12-30T00:17:59.824+0000] {processor.py:743} INFO - Processing file /home/airflow/.local/lib/python3.7/site-packages/airflow/example_dags/tutorial_dag.py for tasks to queue
[2022-12-30T00:17:59.825+0000] {logging_mixin.py:137} INFO - [2022-12-30T00:17:59.824+0000] {dagbag.py:538} INFO - Filling up the DagBag from /home/airflow/.local/lib/python3.7/site-packages/airflow/example_dags/tutorial_dag.py
[2022-12-30T00:17:59.834+0000] {processor.py:753} INFO - DAG(s) dict_keys(['tutorial_dag']) retrieved from /home/airflow/.local/lib/python3.7/site-packages/airflow/example_dags/tutorial_dag.py
[2022-12-30T00:17:59.867+0000] {logging_mixin.py:137} INFO - [2022-12-30T00:17:59.866+0000] {dag.py:2676} INFO - Sync 1 DAGs
[2022-12-30T00:17:59.885+0000] {logging_mixin.py:137} INFO - [2022-12-30T00:17:59.885+0000] {dag.py:3427} INFO - Setting next_dagrun for tutorial_dag to None, run_after=None
[2022-12-30T00:17:59.901+0000] {processor.py:175} INFO - Processing /home/airflow/.local/lib/python3.7/site-packages/airflow/example_dags/tutorial_dag.py took 0.080 seconds
[2022-12-30T00:18:30.282+0000] {processor.py:153} INFO - Started process (PID=37908) to work on /home/airflow/.local/lib/python3.7/site-packages/airflow/example_dags/tutorial_dag.py
[2022-12-30T00:18:30.283+0000] {processor.py:743} INFO - Processing file /home/airflow/.local/lib/python3.7/site-packages/airflow/example_dags/tutorial_dag.py for tasks to queue
[2022-12-30T00:18:30.283+0000] {logging_mixin.py:137} INFO - [2022-12-30T00:18:30.283+0000] {dagbag.py:538} INFO - Filling up the DagBag from /home/airflow/.local/lib/python3.7/site-packages/airflow/example_dags/tutorial_dag.py
[2022-12-30T00:18:30.293+0000] {processor.py:753} INFO - DAG(s) dict_keys(['tutorial_dag']) retrieved from /home/airflow/.local/lib/python3.7/site-packages/airflow/example_dags/tutorial_dag.py
[2022-12-30T00:18:30.323+0000] {logging_mixin.py:137} INFO - [2022-12-30T00:18:30.323+0000] {dag.py:2676} INFO - Sync 1 DAGs
[2022-12-30T00:18:30.344+0000] {logging_mixin.py:137} INFO - [2022-12-30T00:18:30.344+0000] {dag.py:3427} INFO - Setting next_dagrun for tutorial_dag to None, run_after=None
[2022-12-30T00:18:30.355+0000] {processor.py:175} INFO - Processing /home/airflow/.local/lib/python3.7/site-packages/airflow/example_dags/tutorial_dag.py took 0.076 seconds
[2022-12-30T00:19:00.747+0000] {processor.py:153} INFO - Started process (PID=38010) to work on /home/airflow/.local/lib/python3.7/site-packages/airflow/example_dags/tutorial_dag.py
[2022-12-30T00:19:00.747+0000] {processor.py:743} INFO - Processing file /home/airflow/.local/lib/python3.7/site-packages/airflow/example_dags/tutorial_dag.py for tasks to queue
[2022-12-30T00:19:00.748+0000] {logging_mixin.py:137} INFO - [2022-12-30T00:19:00.748+0000] {dagbag.py:538} INFO - Filling up the DagBag from /home/airflow/.local/lib/python3.7/site-packages/airflow/example_dags/tutorial_dag.py
[2022-12-30T00:19:00.758+0000] {processor.py:753} INFO - DAG(s) dict_keys(['tutorial_dag']) retrieved from /home/airflow/.local/lib/python3.7/site-packages/airflow/example_dags/tutorial_dag.py
[2022-12-30T00:19:00.787+0000] {logging_mixin.py:137} INFO - [2022-12-30T00:19:00.787+0000] {dag.py:2676} INFO - Sync 1 DAGs
[2022-12-30T00:19:00.809+0000] {logging_mixin.py:137} INFO - [2022-12-30T00:19:00.809+0000] {dag.py:3427} INFO - Setting next_dagrun for tutorial_dag to None, run_after=None
[2022-12-30T00:19:00.827+0000] {processor.py:175} INFO - Processing /home/airflow/.local/lib/python3.7/site-packages/airflow/example_dags/tutorial_dag.py took 0.082 seconds
[2022-12-30T00:19:31.485+0000] {processor.py:153} INFO - Started process (PID=38092) to work on /home/airflow/.local/lib/python3.7/site-packages/airflow/example_dags/tutorial_dag.py
[2022-12-30T00:19:31.486+0000] {processor.py:743} INFO - Processing file /home/airflow/.local/lib/python3.7/site-packages/airflow/example_dags/tutorial_dag.py for tasks to queue
[2022-12-30T00:19:31.487+0000] {logging_mixin.py:137} INFO - [2022-12-30T00:19:31.486+0000] {dagbag.py:538} INFO - Filling up the DagBag from /home/airflow/.local/lib/python3.7/site-packages/airflow/example_dags/tutorial_dag.py
[2022-12-30T00:19:31.498+0000] {processor.py:753} INFO - DAG(s) dict_keys(['tutorial_dag']) retrieved from /home/airflow/.local/lib/python3.7/site-packages/airflow/example_dags/tutorial_dag.py
[2022-12-30T00:19:31.532+0000] {logging_mixin.py:137} INFO - [2022-12-30T00:19:31.532+0000] {dag.py:2676} INFO - Sync 1 DAGs
[2022-12-30T00:19:31.560+0000] {logging_mixin.py:137} INFO - [2022-12-30T00:19:31.560+0000] {dag.py:3427} INFO - Setting next_dagrun for tutorial_dag to None, run_after=None
[2022-12-30T00:19:31.575+0000] {processor.py:175} INFO - Processing /home/airflow/.local/lib/python3.7/site-packages/airflow/example_dags/tutorial_dag.py took 0.093 seconds
[2022-12-30T00:20:02.126+0000] {processor.py:153} INFO - Started process (PID=38194) to work on /home/airflow/.local/lib/python3.7/site-packages/airflow/example_dags/tutorial_dag.py
[2022-12-30T00:20:02.127+0000] {processor.py:743} INFO - Processing file /home/airflow/.local/lib/python3.7/site-packages/airflow/example_dags/tutorial_dag.py for tasks to queue
[2022-12-30T00:20:02.127+0000] {logging_mixin.py:137} INFO - [2022-12-30T00:20:02.127+0000] {dagbag.py:538} INFO - Filling up the DagBag from /home/airflow/.local/lib/python3.7/site-packages/airflow/example_dags/tutorial_dag.py
[2022-12-30T00:20:02.140+0000] {processor.py:753} INFO - DAG(s) dict_keys(['tutorial_dag']) retrieved from /home/airflow/.local/lib/python3.7/site-packages/airflow/example_dags/tutorial_dag.py
[2022-12-30T00:20:02.174+0000] {logging_mixin.py:137} INFO - [2022-12-30T00:20:02.173+0000] {dag.py:2676} INFO - Sync 1 DAGs
[2022-12-30T00:20:02.198+0000] {logging_mixin.py:137} INFO - [2022-12-30T00:20:02.198+0000] {dag.py:3427} INFO - Setting next_dagrun for tutorial_dag to None, run_after=None
[2022-12-30T00:20:02.213+0000] {processor.py:175} INFO - Processing /home/airflow/.local/lib/python3.7/site-packages/airflow/example_dags/tutorial_dag.py took 0.090 seconds
[2022-12-30T00:20:33.018+0000] {processor.py:153} INFO - Started process (PID=38296) to work on /home/airflow/.local/lib/python3.7/site-packages/airflow/example_dags/tutorial_dag.py
[2022-12-30T00:20:33.019+0000] {processor.py:743} INFO - Processing file /home/airflow/.local/lib/python3.7/site-packages/airflow/example_dags/tutorial_dag.py for tasks to queue
[2022-12-30T00:20:33.020+0000] {logging_mixin.py:137} INFO - [2022-12-30T00:20:33.019+0000] {dagbag.py:538} INFO - Filling up the DagBag from /home/airflow/.local/lib/python3.7/site-packages/airflow/example_dags/tutorial_dag.py
[2022-12-30T00:20:33.029+0000] {processor.py:753} INFO - DAG(s) dict_keys(['tutorial_dag']) retrieved from /home/airflow/.local/lib/python3.7/site-packages/airflow/example_dags/tutorial_dag.py
[2022-12-30T00:20:33.060+0000] {logging_mixin.py:137} INFO - [2022-12-30T00:20:33.060+0000] {dag.py:2676} INFO - Sync 1 DAGs
[2022-12-30T00:20:33.079+0000] {logging_mixin.py:137} INFO - [2022-12-30T00:20:33.079+0000] {dag.py:3427} INFO - Setting next_dagrun for tutorial_dag to None, run_after=None
[2022-12-30T00:20:33.091+0000] {processor.py:175} INFO - Processing /home/airflow/.local/lib/python3.7/site-packages/airflow/example_dags/tutorial_dag.py took 0.076 seconds
[2022-12-30T00:21:03.226+0000] {processor.py:153} INFO - Started process (PID=38379) to work on /home/airflow/.local/lib/python3.7/site-packages/airflow/example_dags/tutorial_dag.py
[2022-12-30T00:21:03.227+0000] {processor.py:743} INFO - Processing file /home/airflow/.local/lib/python3.7/site-packages/airflow/example_dags/tutorial_dag.py for tasks to queue
[2022-12-30T00:21:03.227+0000] {logging_mixin.py:137} INFO - [2022-12-30T00:21:03.227+0000] {dagbag.py:538} INFO - Filling up the DagBag from /home/airflow/.local/lib/python3.7/site-packages/airflow/example_dags/tutorial_dag.py
[2022-12-30T00:21:03.239+0000] {processor.py:753} INFO - DAG(s) dict_keys(['tutorial_dag']) retrieved from /home/airflow/.local/lib/python3.7/site-packages/airflow/example_dags/tutorial_dag.py
[2022-12-30T00:21:03.271+0000] {logging_mixin.py:137} INFO - [2022-12-30T00:21:03.271+0000] {dag.py:2676} INFO - Sync 1 DAGs
[2022-12-30T00:21:03.294+0000] {logging_mixin.py:137} INFO - [2022-12-30T00:21:03.294+0000] {dag.py:3427} INFO - Setting next_dagrun for tutorial_dag to None, run_after=None
[2022-12-30T00:21:03.305+0000] {processor.py:175} INFO - Processing /home/airflow/.local/lib/python3.7/site-packages/airflow/example_dags/tutorial_dag.py took 0.082 seconds
[2022-12-30T00:21:34.101+0000] {processor.py:153} INFO - Started process (PID=38482) to work on /home/airflow/.local/lib/python3.7/site-packages/airflow/example_dags/tutorial_dag.py
[2022-12-30T00:21:34.102+0000] {processor.py:743} INFO - Processing file /home/airflow/.local/lib/python3.7/site-packages/airflow/example_dags/tutorial_dag.py for tasks to queue
[2022-12-30T00:21:34.102+0000] {logging_mixin.py:137} INFO - [2022-12-30T00:21:34.102+0000] {dagbag.py:538} INFO - Filling up the DagBag from /home/airflow/.local/lib/python3.7/site-packages/airflow/example_dags/tutorial_dag.py
[2022-12-30T00:21:34.113+0000] {processor.py:753} INFO - DAG(s) dict_keys(['tutorial_dag']) retrieved from /home/airflow/.local/lib/python3.7/site-packages/airflow/example_dags/tutorial_dag.py
[2022-12-30T00:21:34.144+0000] {logging_mixin.py:137} INFO - [2022-12-30T00:21:34.143+0000] {dag.py:2676} INFO - Sync 1 DAGs
[2022-12-30T00:21:34.164+0000] {logging_mixin.py:137} INFO - [2022-12-30T00:21:34.163+0000] {dag.py:3427} INFO - Setting next_dagrun for tutorial_dag to None, run_after=None
[2022-12-30T00:21:34.175+0000] {processor.py:175} INFO - Processing /home/airflow/.local/lib/python3.7/site-packages/airflow/example_dags/tutorial_dag.py took 0.076 seconds
[2022-12-30T00:22:04.446+0000] {processor.py:153} INFO - Started process (PID=38564) to work on /home/airflow/.local/lib/python3.7/site-packages/airflow/example_dags/tutorial_dag.py
[2022-12-30T00:22:04.447+0000] {processor.py:743} INFO - Processing file /home/airflow/.local/lib/python3.7/site-packages/airflow/example_dags/tutorial_dag.py for tasks to queue
[2022-12-30T00:22:04.447+0000] {logging_mixin.py:137} INFO - [2022-12-30T00:22:04.447+0000] {dagbag.py:538} INFO - Filling up the DagBag from /home/airflow/.local/lib/python3.7/site-packages/airflow/example_dags/tutorial_dag.py
[2022-12-30T00:22:04.457+0000] {processor.py:753} INFO - DAG(s) dict_keys(['tutorial_dag']) retrieved from /home/airflow/.local/lib/python3.7/site-packages/airflow/example_dags/tutorial_dag.py
[2022-12-30T00:22:04.488+0000] {logging_mixin.py:137} INFO - [2022-12-30T00:22:04.488+0000] {dag.py:2676} INFO - Sync 1 DAGs
[2022-12-30T00:22:04.507+0000] {logging_mixin.py:137} INFO - [2022-12-30T00:22:04.507+0000] {dag.py:3427} INFO - Setting next_dagrun for tutorial_dag to None, run_after=None
[2022-12-30T00:22:04.520+0000] {processor.py:175} INFO - Processing /home/airflow/.local/lib/python3.7/site-packages/airflow/example_dags/tutorial_dag.py took 0.076 seconds
[2022-12-30T00:22:35.194+0000] {processor.py:153} INFO - Started process (PID=38666) to work on /home/airflow/.local/lib/python3.7/site-packages/airflow/example_dags/tutorial_dag.py
[2022-12-30T00:22:35.194+0000] {processor.py:743} INFO - Processing file /home/airflow/.local/lib/python3.7/site-packages/airflow/example_dags/tutorial_dag.py for tasks to queue
[2022-12-30T00:22:35.195+0000] {logging_mixin.py:137} INFO - [2022-12-30T00:22:35.195+0000] {dagbag.py:538} INFO - Filling up the DagBag from /home/airflow/.local/lib/python3.7/site-packages/airflow/example_dags/tutorial_dag.py
[2022-12-30T00:22:35.204+0000] {processor.py:753} INFO - DAG(s) dict_keys(['tutorial_dag']) retrieved from /home/airflow/.local/lib/python3.7/site-packages/airflow/example_dags/tutorial_dag.py
[2022-12-30T00:22:35.232+0000] {logging_mixin.py:137} INFO - [2022-12-30T00:22:35.232+0000] {dag.py:2676} INFO - Sync 1 DAGs
[2022-12-30T00:22:35.251+0000] {logging_mixin.py:137} INFO - [2022-12-30T00:22:35.251+0000] {dag.py:3427} INFO - Setting next_dagrun for tutorial_dag to None, run_after=None
[2022-12-30T00:22:35.266+0000] {processor.py:175} INFO - Processing /home/airflow/.local/lib/python3.7/site-packages/airflow/example_dags/tutorial_dag.py took 0.075 seconds
[2022-12-30T00:23:05.722+0000] {processor.py:153} INFO - Started process (PID=38755) to work on /home/airflow/.local/lib/python3.7/site-packages/airflow/example_dags/tutorial_dag.py
[2022-12-30T00:23:05.723+0000] {processor.py:743} INFO - Processing file /home/airflow/.local/lib/python3.7/site-packages/airflow/example_dags/tutorial_dag.py for tasks to queue
[2022-12-30T00:23:05.723+0000] {logging_mixin.py:137} INFO - [2022-12-30T00:23:05.723+0000] {dagbag.py:538} INFO - Filling up the DagBag from /home/airflow/.local/lib/python3.7/site-packages/airflow/example_dags/tutorial_dag.py
[2022-12-30T00:23:05.735+0000] {processor.py:753} INFO - DAG(s) dict_keys(['tutorial_dag']) retrieved from /home/airflow/.local/lib/python3.7/site-packages/airflow/example_dags/tutorial_dag.py
[2022-12-30T00:23:05.761+0000] {logging_mixin.py:137} INFO - [2022-12-30T00:23:05.761+0000] {dag.py:2676} INFO - Sync 1 DAGs
[2022-12-30T00:23:05.781+0000] {logging_mixin.py:137} INFO - [2022-12-30T00:23:05.781+0000] {dag.py:3427} INFO - Setting next_dagrun for tutorial_dag to None, run_after=None
[2022-12-30T00:23:05.793+0000] {processor.py:175} INFO - Processing /home/airflow/.local/lib/python3.7/site-packages/airflow/example_dags/tutorial_dag.py took 0.073 seconds
[2022-12-30T00:23:35.842+0000] {processor.py:153} INFO - Started process (PID=38850) to work on /home/airflow/.local/lib/python3.7/site-packages/airflow/example_dags/tutorial_dag.py
[2022-12-30T00:23:35.843+0000] {processor.py:743} INFO - Processing file /home/airflow/.local/lib/python3.7/site-packages/airflow/example_dags/tutorial_dag.py for tasks to queue
[2022-12-30T00:23:35.844+0000] {logging_mixin.py:137} INFO - [2022-12-30T00:23:35.844+0000] {dagbag.py:538} INFO - Filling up the DagBag from /home/airflow/.local/lib/python3.7/site-packages/airflow/example_dags/tutorial_dag.py
[2022-12-30T00:23:35.854+0000] {processor.py:753} INFO - DAG(s) dict_keys(['tutorial_dag']) retrieved from /home/airflow/.local/lib/python3.7/site-packages/airflow/example_dags/tutorial_dag.py
[2022-12-30T00:23:35.886+0000] {logging_mixin.py:137} INFO - [2022-12-30T00:23:35.886+0000] {dag.py:2676} INFO - Sync 1 DAGs
[2022-12-30T00:23:35.909+0000] {logging_mixin.py:137} INFO - [2022-12-30T00:23:35.909+0000] {dag.py:3427} INFO - Setting next_dagrun for tutorial_dag to None, run_after=None
[2022-12-30T00:23:35.921+0000] {processor.py:175} INFO - Processing /home/airflow/.local/lib/python3.7/site-packages/airflow/example_dags/tutorial_dag.py took 0.082 seconds
[2022-12-30T00:24:06.449+0000] {processor.py:153} INFO - Started process (PID=38952) to work on /home/airflow/.local/lib/python3.7/site-packages/airflow/example_dags/tutorial_dag.py
[2022-12-30T00:24:06.450+0000] {processor.py:743} INFO - Processing file /home/airflow/.local/lib/python3.7/site-packages/airflow/example_dags/tutorial_dag.py for tasks to queue
[2022-12-30T00:24:06.451+0000] {logging_mixin.py:137} INFO - [2022-12-30T00:24:06.451+0000] {dagbag.py:538} INFO - Filling up the DagBag from /home/airflow/.local/lib/python3.7/site-packages/airflow/example_dags/tutorial_dag.py
[2022-12-30T00:24:06.463+0000] {processor.py:753} INFO - DAG(s) dict_keys(['tutorial_dag']) retrieved from /home/airflow/.local/lib/python3.7/site-packages/airflow/example_dags/tutorial_dag.py
[2022-12-30T00:24:06.498+0000] {logging_mixin.py:137} INFO - [2022-12-30T00:24:06.498+0000] {dag.py:2676} INFO - Sync 1 DAGs
[2022-12-30T00:24:06.521+0000] {logging_mixin.py:137} INFO - [2022-12-30T00:24:06.521+0000] {dag.py:3427} INFO - Setting next_dagrun for tutorial_dag to None, run_after=None
[2022-12-30T00:24:06.537+0000] {processor.py:175} INFO - Processing /home/airflow/.local/lib/python3.7/site-packages/airflow/example_dags/tutorial_dag.py took 0.090 seconds
[2022-12-30T00:24:37.497+0000] {processor.py:153} INFO - Started process (PID=39034) to work on /home/airflow/.local/lib/python3.7/site-packages/airflow/example_dags/tutorial_dag.py
[2022-12-30T00:24:37.497+0000] {processor.py:743} INFO - Processing file /home/airflow/.local/lib/python3.7/site-packages/airflow/example_dags/tutorial_dag.py for tasks to queue
[2022-12-30T00:24:37.498+0000] {logging_mixin.py:137} INFO - [2022-12-30T00:24:37.498+0000] {dagbag.py:538} INFO - Filling up the DagBag from /home/airflow/.local/lib/python3.7/site-packages/airflow/example_dags/tutorial_dag.py
[2022-12-30T00:24:37.507+0000] {processor.py:753} INFO - DAG(s) dict_keys(['tutorial_dag']) retrieved from /home/airflow/.local/lib/python3.7/site-packages/airflow/example_dags/tutorial_dag.py
[2022-12-30T00:24:37.535+0000] {logging_mixin.py:137} INFO - [2022-12-30T00:24:37.535+0000] {dag.py:2676} INFO - Sync 1 DAGs
[2022-12-30T00:24:37.557+0000] {logging_mixin.py:137} INFO - [2022-12-30T00:24:37.557+0000] {dag.py:3427} INFO - Setting next_dagrun for tutorial_dag to None, run_after=None
[2022-12-30T00:24:37.570+0000] {processor.py:175} INFO - Processing /home/airflow/.local/lib/python3.7/site-packages/airflow/example_dags/tutorial_dag.py took 0.076 seconds
[2022-12-30T00:25:07.896+0000] {processor.py:153} INFO - Started process (PID=39136) to work on /home/airflow/.local/lib/python3.7/site-packages/airflow/example_dags/tutorial_dag.py
[2022-12-30T00:25:07.897+0000] {processor.py:743} INFO - Processing file /home/airflow/.local/lib/python3.7/site-packages/airflow/example_dags/tutorial_dag.py for tasks to queue
[2022-12-30T00:25:07.897+0000] {logging_mixin.py:137} INFO - [2022-12-30T00:25:07.897+0000] {dagbag.py:538} INFO - Filling up the DagBag from /home/airflow/.local/lib/python3.7/site-packages/airflow/example_dags/tutorial_dag.py
[2022-12-30T00:25:07.909+0000] {processor.py:753} INFO - DAG(s) dict_keys(['tutorial_dag']) retrieved from /home/airflow/.local/lib/python3.7/site-packages/airflow/example_dags/tutorial_dag.py
[2022-12-30T00:25:07.939+0000] {logging_mixin.py:137} INFO - [2022-12-30T00:25:07.939+0000] {dag.py:2676} INFO - Sync 1 DAGs
[2022-12-30T00:25:07.959+0000] {logging_mixin.py:137} INFO - [2022-12-30T00:25:07.958+0000] {dag.py:3427} INFO - Setting next_dagrun for tutorial_dag to None, run_after=None
[2022-12-30T00:25:07.970+0000] {processor.py:175} INFO - Processing /home/airflow/.local/lib/python3.7/site-packages/airflow/example_dags/tutorial_dag.py took 0.077 seconds
[2022-12-30T00:25:38.431+0000] {processor.py:153} INFO - Started process (PID=39218) to work on /home/airflow/.local/lib/python3.7/site-packages/airflow/example_dags/tutorial_dag.py
[2022-12-30T00:25:38.432+0000] {processor.py:743} INFO - Processing file /home/airflow/.local/lib/python3.7/site-packages/airflow/example_dags/tutorial_dag.py for tasks to queue
[2022-12-30T00:25:38.432+0000] {logging_mixin.py:137} INFO - [2022-12-30T00:25:38.432+0000] {dagbag.py:538} INFO - Filling up the DagBag from /home/airflow/.local/lib/python3.7/site-packages/airflow/example_dags/tutorial_dag.py
[2022-12-30T00:25:38.441+0000] {processor.py:753} INFO - DAG(s) dict_keys(['tutorial_dag']) retrieved from /home/airflow/.local/lib/python3.7/site-packages/airflow/example_dags/tutorial_dag.py
[2022-12-30T00:25:38.471+0000] {logging_mixin.py:137} INFO - [2022-12-30T00:25:38.471+0000] {dag.py:2676} INFO - Sync 1 DAGs
[2022-12-30T00:25:38.490+0000] {logging_mixin.py:137} INFO - [2022-12-30T00:25:38.489+0000] {dag.py:3427} INFO - Setting next_dagrun for tutorial_dag to None, run_after=None
[2022-12-30T00:25:38.502+0000] {processor.py:175} INFO - Processing /home/airflow/.local/lib/python3.7/site-packages/airflow/example_dags/tutorial_dag.py took 0.073 seconds
[2022-12-30T00:26:09.055+0000] {processor.py:153} INFO - Started process (PID=39320) to work on /home/airflow/.local/lib/python3.7/site-packages/airflow/example_dags/tutorial_dag.py
[2022-12-30T00:26:09.055+0000] {processor.py:743} INFO - Processing file /home/airflow/.local/lib/python3.7/site-packages/airflow/example_dags/tutorial_dag.py for tasks to queue
[2022-12-30T00:26:09.056+0000] {logging_mixin.py:137} INFO - [2022-12-30T00:26:09.056+0000] {dagbag.py:538} INFO - Filling up the DagBag from /home/airflow/.local/lib/python3.7/site-packages/airflow/example_dags/tutorial_dag.py
[2022-12-30T00:26:09.067+0000] {processor.py:753} INFO - DAG(s) dict_keys(['tutorial_dag']) retrieved from /home/airflow/.local/lib/python3.7/site-packages/airflow/example_dags/tutorial_dag.py
[2022-12-30T00:26:09.096+0000] {logging_mixin.py:137} INFO - [2022-12-30T00:26:09.096+0000] {dag.py:2676} INFO - Sync 1 DAGs
[2022-12-30T00:26:09.120+0000] {logging_mixin.py:137} INFO - [2022-12-30T00:26:09.120+0000] {dag.py:3427} INFO - Setting next_dagrun for tutorial_dag to None, run_after=None
[2022-12-30T00:26:09.134+0000] {processor.py:175} INFO - Processing /home/airflow/.local/lib/python3.7/site-packages/airflow/example_dags/tutorial_dag.py took 0.082 seconds
[2022-12-30T00:26:39.530+0000] {processor.py:153} INFO - Started process (PID=39402) to work on /home/airflow/.local/lib/python3.7/site-packages/airflow/example_dags/tutorial_dag.py
[2022-12-30T00:26:39.530+0000] {processor.py:743} INFO - Processing file /home/airflow/.local/lib/python3.7/site-packages/airflow/example_dags/tutorial_dag.py for tasks to queue
[2022-12-30T00:26:39.531+0000] {logging_mixin.py:137} INFO - [2022-12-30T00:26:39.531+0000] {dagbag.py:538} INFO - Filling up the DagBag from /home/airflow/.local/lib/python3.7/site-packages/airflow/example_dags/tutorial_dag.py
[2022-12-30T00:26:39.540+0000] {processor.py:753} INFO - DAG(s) dict_keys(['tutorial_dag']) retrieved from /home/airflow/.local/lib/python3.7/site-packages/airflow/example_dags/tutorial_dag.py
[2022-12-30T00:26:39.571+0000] {logging_mixin.py:137} INFO - [2022-12-30T00:26:39.571+0000] {dag.py:2676} INFO - Sync 1 DAGs
[2022-12-30T00:26:39.589+0000] {logging_mixin.py:137} INFO - [2022-12-30T00:26:39.588+0000] {dag.py:3427} INFO - Setting next_dagrun for tutorial_dag to None, run_after=None
[2022-12-30T00:26:39.601+0000] {processor.py:175} INFO - Processing /home/airflow/.local/lib/python3.7/site-packages/airflow/example_dags/tutorial_dag.py took 0.074 seconds
[2022-12-30T00:27:09.779+0000] {processor.py:153} INFO - Started process (PID=39505) to work on /home/airflow/.local/lib/python3.7/site-packages/airflow/example_dags/tutorial_dag.py
[2022-12-30T00:27:09.780+0000] {processor.py:743} INFO - Processing file /home/airflow/.local/lib/python3.7/site-packages/airflow/example_dags/tutorial_dag.py for tasks to queue
[2022-12-30T00:27:09.780+0000] {logging_mixin.py:137} INFO - [2022-12-30T00:27:09.780+0000] {dagbag.py:538} INFO - Filling up the DagBag from /home/airflow/.local/lib/python3.7/site-packages/airflow/example_dags/tutorial_dag.py
[2022-12-30T00:27:09.791+0000] {processor.py:753} INFO - DAG(s) dict_keys(['tutorial_dag']) retrieved from /home/airflow/.local/lib/python3.7/site-packages/airflow/example_dags/tutorial_dag.py
[2022-12-30T00:27:09.820+0000] {logging_mixin.py:137} INFO - [2022-12-30T00:27:09.820+0000] {dag.py:2676} INFO - Sync 1 DAGs
[2022-12-30T00:27:09.840+0000] {logging_mixin.py:137} INFO - [2022-12-30T00:27:09.839+0000] {dag.py:3427} INFO - Setting next_dagrun for tutorial_dag to None, run_after=None
[2022-12-30T00:27:09.851+0000] {processor.py:175} INFO - Processing /home/airflow/.local/lib/python3.7/site-packages/airflow/example_dags/tutorial_dag.py took 0.075 seconds
[2022-12-30T00:27:40.367+0000] {processor.py:153} INFO - Started process (PID=39607) to work on /home/airflow/.local/lib/python3.7/site-packages/airflow/example_dags/tutorial_dag.py
[2022-12-30T00:27:40.375+0000] {processor.py:743} INFO - Processing file /home/airflow/.local/lib/python3.7/site-packages/airflow/example_dags/tutorial_dag.py for tasks to queue
[2022-12-30T00:27:40.377+0000] {logging_mixin.py:137} INFO - [2022-12-30T00:27:40.377+0000] {dagbag.py:538} INFO - Filling up the DagBag from /home/airflow/.local/lib/python3.7/site-packages/airflow/example_dags/tutorial_dag.py
[2022-12-30T00:27:40.405+0000] {processor.py:753} INFO - DAG(s) dict_keys(['tutorial_dag']) retrieved from /home/airflow/.local/lib/python3.7/site-packages/airflow/example_dags/tutorial_dag.py
[2022-12-30T00:27:40.441+0000] {logging_mixin.py:137} INFO - [2022-12-30T00:27:40.441+0000] {dag.py:2676} INFO - Sync 1 DAGs
[2022-12-30T00:27:40.463+0000] {logging_mixin.py:137} INFO - [2022-12-30T00:27:40.463+0000] {dag.py:3427} INFO - Setting next_dagrun for tutorial_dag to None, run_after=None
[2022-12-30T00:27:40.479+0000] {processor.py:175} INFO - Processing /home/airflow/.local/lib/python3.7/site-packages/airflow/example_dags/tutorial_dag.py took 0.114 seconds
[2022-12-30T00:28:10.566+0000] {processor.py:153} INFO - Started process (PID=39689) to work on /home/airflow/.local/lib/python3.7/site-packages/airflow/example_dags/tutorial_dag.py
[2022-12-30T00:28:10.567+0000] {processor.py:743} INFO - Processing file /home/airflow/.local/lib/python3.7/site-packages/airflow/example_dags/tutorial_dag.py for tasks to queue
[2022-12-30T00:28:10.567+0000] {logging_mixin.py:137} INFO - [2022-12-30T00:28:10.567+0000] {dagbag.py:538} INFO - Filling up the DagBag from /home/airflow/.local/lib/python3.7/site-packages/airflow/example_dags/tutorial_dag.py
[2022-12-30T00:28:10.579+0000] {processor.py:753} INFO - DAG(s) dict_keys(['tutorial_dag']) retrieved from /home/airflow/.local/lib/python3.7/site-packages/airflow/example_dags/tutorial_dag.py
[2022-12-30T00:28:10.608+0000] {logging_mixin.py:137} INFO - [2022-12-30T00:28:10.608+0000] {dag.py:2676} INFO - Sync 1 DAGs
[2022-12-30T00:28:10.630+0000] {logging_mixin.py:137} INFO - [2022-12-30T00:28:10.630+0000] {dag.py:3427} INFO - Setting next_dagrun for tutorial_dag to None, run_after=None
[2022-12-30T00:28:10.641+0000] {processor.py:175} INFO - Processing /home/airflow/.local/lib/python3.7/site-packages/airflow/example_dags/tutorial_dag.py took 0.078 seconds
[2022-12-30T00:28:41.281+0000] {processor.py:153} INFO - Started process (PID=39791) to work on /home/airflow/.local/lib/python3.7/site-packages/airflow/example_dags/tutorial_dag.py
[2022-12-30T00:28:41.282+0000] {processor.py:743} INFO - Processing file /home/airflow/.local/lib/python3.7/site-packages/airflow/example_dags/tutorial_dag.py for tasks to queue
[2022-12-30T00:28:41.282+0000] {logging_mixin.py:137} INFO - [2022-12-30T00:28:41.282+0000] {dagbag.py:538} INFO - Filling up the DagBag from /home/airflow/.local/lib/python3.7/site-packages/airflow/example_dags/tutorial_dag.py
[2022-12-30T00:28:41.291+0000] {processor.py:753} INFO - DAG(s) dict_keys(['tutorial_dag']) retrieved from /home/airflow/.local/lib/python3.7/site-packages/airflow/example_dags/tutorial_dag.py
[2022-12-30T00:28:41.322+0000] {logging_mixin.py:137} INFO - [2022-12-30T00:28:41.322+0000] {dag.py:2676} INFO - Sync 1 DAGs
[2022-12-30T00:28:41.346+0000] {logging_mixin.py:137} INFO - [2022-12-30T00:28:41.346+0000] {dag.py:3427} INFO - Setting next_dagrun for tutorial_dag to None, run_after=None
[2022-12-30T00:28:41.365+0000] {processor.py:175} INFO - Processing /home/airflow/.local/lib/python3.7/site-packages/airflow/example_dags/tutorial_dag.py took 0.086 seconds
[2022-12-30T00:29:11.453+0000] {processor.py:153} INFO - Started process (PID=39873) to work on /home/airflow/.local/lib/python3.7/site-packages/airflow/example_dags/tutorial_dag.py
[2022-12-30T00:29:11.454+0000] {processor.py:743} INFO - Processing file /home/airflow/.local/lib/python3.7/site-packages/airflow/example_dags/tutorial_dag.py for tasks to queue
[2022-12-30T00:29:11.455+0000] {logging_mixin.py:137} INFO - [2022-12-30T00:29:11.455+0000] {dagbag.py:538} INFO - Filling up the DagBag from /home/airflow/.local/lib/python3.7/site-packages/airflow/example_dags/tutorial_dag.py
[2022-12-30T00:29:11.464+0000] {processor.py:753} INFO - DAG(s) dict_keys(['tutorial_dag']) retrieved from /home/airflow/.local/lib/python3.7/site-packages/airflow/example_dags/tutorial_dag.py
[2022-12-30T00:29:11.496+0000] {logging_mixin.py:137} INFO - [2022-12-30T00:29:11.496+0000] {dag.py:2676} INFO - Sync 1 DAGs
[2022-12-30T00:29:11.519+0000] {logging_mixin.py:137} INFO - [2022-12-30T00:29:11.519+0000] {dag.py:3427} INFO - Setting next_dagrun for tutorial_dag to None, run_after=None
[2022-12-30T00:29:11.534+0000] {processor.py:175} INFO - Processing /home/airflow/.local/lib/python3.7/site-packages/airflow/example_dags/tutorial_dag.py took 0.083 seconds
[2022-12-30T00:29:41.834+0000] {processor.py:153} INFO - Started process (PID=39975) to work on /home/airflow/.local/lib/python3.7/site-packages/airflow/example_dags/tutorial_dag.py
[2022-12-30T00:29:41.835+0000] {processor.py:743} INFO - Processing file /home/airflow/.local/lib/python3.7/site-packages/airflow/example_dags/tutorial_dag.py for tasks to queue
[2022-12-30T00:29:41.835+0000] {logging_mixin.py:137} INFO - [2022-12-30T00:29:41.835+0000] {dagbag.py:538} INFO - Filling up the DagBag from /home/airflow/.local/lib/python3.7/site-packages/airflow/example_dags/tutorial_dag.py
[2022-12-30T00:29:41.848+0000] {processor.py:753} INFO - DAG(s) dict_keys(['tutorial_dag']) retrieved from /home/airflow/.local/lib/python3.7/site-packages/airflow/example_dags/tutorial_dag.py
[2022-12-30T00:29:41.897+0000] {logging_mixin.py:137} INFO - [2022-12-30T00:29:41.897+0000] {dag.py:2676} INFO - Sync 1 DAGs
[2022-12-30T00:29:41.918+0000] {logging_mixin.py:137} INFO - [2022-12-30T00:29:41.918+0000] {dag.py:3427} INFO - Setting next_dagrun for tutorial_dag to None, run_after=None
[2022-12-30T00:29:41.930+0000] {processor.py:175} INFO - Processing /home/airflow/.local/lib/python3.7/site-packages/airflow/example_dags/tutorial_dag.py took 0.098 seconds
[2022-12-30T00:30:12.312+0000] {processor.py:153} INFO - Started process (PID=40057) to work on /home/airflow/.local/lib/python3.7/site-packages/airflow/example_dags/tutorial_dag.py
[2022-12-30T00:30:12.313+0000] {processor.py:743} INFO - Processing file /home/airflow/.local/lib/python3.7/site-packages/airflow/example_dags/tutorial_dag.py for tasks to queue
[2022-12-30T00:30:12.313+0000] {logging_mixin.py:137} INFO - [2022-12-30T00:30:12.313+0000] {dagbag.py:538} INFO - Filling up the DagBag from /home/airflow/.local/lib/python3.7/site-packages/airflow/example_dags/tutorial_dag.py
[2022-12-30T00:30:12.322+0000] {processor.py:753} INFO - DAG(s) dict_keys(['tutorial_dag']) retrieved from /home/airflow/.local/lib/python3.7/site-packages/airflow/example_dags/tutorial_dag.py
[2022-12-30T00:30:12.351+0000] {logging_mixin.py:137} INFO - [2022-12-30T00:30:12.351+0000] {dag.py:2676} INFO - Sync 1 DAGs
[2022-12-30T00:30:12.371+0000] {logging_mixin.py:137} INFO - [2022-12-30T00:30:12.371+0000] {dag.py:3427} INFO - Setting next_dagrun for tutorial_dag to None, run_after=None
[2022-12-30T00:30:12.384+0000] {processor.py:175} INFO - Processing /home/airflow/.local/lib/python3.7/site-packages/airflow/example_dags/tutorial_dag.py took 0.076 seconds
[2022-12-30T00:30:42.927+0000] {processor.py:153} INFO - Started process (PID=40159) to work on /home/airflow/.local/lib/python3.7/site-packages/airflow/example_dags/tutorial_dag.py
[2022-12-30T00:30:42.927+0000] {processor.py:743} INFO - Processing file /home/airflow/.local/lib/python3.7/site-packages/airflow/example_dags/tutorial_dag.py for tasks to queue
[2022-12-30T00:30:42.928+0000] {logging_mixin.py:137} INFO - [2022-12-30T00:30:42.928+0000] {dagbag.py:538} INFO - Filling up the DagBag from /home/airflow/.local/lib/python3.7/site-packages/airflow/example_dags/tutorial_dag.py
[2022-12-30T00:30:42.937+0000] {processor.py:753} INFO - DAG(s) dict_keys(['tutorial_dag']) retrieved from /home/airflow/.local/lib/python3.7/site-packages/airflow/example_dags/tutorial_dag.py
[2022-12-30T00:30:42.969+0000] {logging_mixin.py:137} INFO - [2022-12-30T00:30:42.968+0000] {dag.py:2676} INFO - Sync 1 DAGs
[2022-12-30T00:30:42.988+0000] {logging_mixin.py:137} INFO - [2022-12-30T00:30:42.988+0000] {dag.py:3427} INFO - Setting next_dagrun for tutorial_dag to None, run_after=None
[2022-12-30T00:30:42.999+0000] {processor.py:175} INFO - Processing /home/airflow/.local/lib/python3.7/site-packages/airflow/example_dags/tutorial_dag.py took 0.075 seconds
[2022-12-30T00:31:13.390+0000] {processor.py:153} INFO - Started process (PID=40241) to work on /home/airflow/.local/lib/python3.7/site-packages/airflow/example_dags/tutorial_dag.py
[2022-12-30T00:31:13.391+0000] {processor.py:743} INFO - Processing file /home/airflow/.local/lib/python3.7/site-packages/airflow/example_dags/tutorial_dag.py for tasks to queue
[2022-12-30T00:31:13.392+0000] {logging_mixin.py:137} INFO - [2022-12-30T00:31:13.391+0000] {dagbag.py:538} INFO - Filling up the DagBag from /home/airflow/.local/lib/python3.7/site-packages/airflow/example_dags/tutorial_dag.py
[2022-12-30T00:31:13.403+0000] {processor.py:753} INFO - DAG(s) dict_keys(['tutorial_dag']) retrieved from /home/airflow/.local/lib/python3.7/site-packages/airflow/example_dags/tutorial_dag.py
[2022-12-30T00:31:13.435+0000] {logging_mixin.py:137} INFO - [2022-12-30T00:31:13.435+0000] {dag.py:2676} INFO - Sync 1 DAGs
[2022-12-30T00:31:13.455+0000] {logging_mixin.py:137} INFO - [2022-12-30T00:31:13.455+0000] {dag.py:3427} INFO - Setting next_dagrun for tutorial_dag to None, run_after=None
[2022-12-30T00:31:13.467+0000] {processor.py:175} INFO - Processing /home/airflow/.local/lib/python3.7/site-packages/airflow/example_dags/tutorial_dag.py took 0.080 seconds
[2022-12-30T00:31:43.919+0000] {processor.py:153} INFO - Started process (PID=40343) to work on /home/airflow/.local/lib/python3.7/site-packages/airflow/example_dags/tutorial_dag.py
[2022-12-30T00:31:43.920+0000] {processor.py:743} INFO - Processing file /home/airflow/.local/lib/python3.7/site-packages/airflow/example_dags/tutorial_dag.py for tasks to queue
[2022-12-30T00:31:43.920+0000] {logging_mixin.py:137} INFO - [2022-12-30T00:31:43.920+0000] {dagbag.py:538} INFO - Filling up the DagBag from /home/airflow/.local/lib/python3.7/site-packages/airflow/example_dags/tutorial_dag.py
[2022-12-30T00:31:43.931+0000] {processor.py:753} INFO - DAG(s) dict_keys(['tutorial_dag']) retrieved from /home/airflow/.local/lib/python3.7/site-packages/airflow/example_dags/tutorial_dag.py
[2022-12-30T00:31:43.965+0000] {logging_mixin.py:137} INFO - [2022-12-30T00:31:43.965+0000] {dag.py:2676} INFO - Sync 1 DAGs
[2022-12-30T00:31:43.985+0000] {logging_mixin.py:137} INFO - [2022-12-30T00:31:43.984+0000] {dag.py:3427} INFO - Setting next_dagrun for tutorial_dag to None, run_after=None
[2022-12-30T00:31:43.997+0000] {processor.py:175} INFO - Processing /home/airflow/.local/lib/python3.7/site-packages/airflow/example_dags/tutorial_dag.py took 0.081 seconds
[2022-12-30T00:32:14.302+0000] {processor.py:153} INFO - Started process (PID=40426) to work on /home/airflow/.local/lib/python3.7/site-packages/airflow/example_dags/tutorial_dag.py
[2022-12-30T00:32:14.303+0000] {processor.py:743} INFO - Processing file /home/airflow/.local/lib/python3.7/site-packages/airflow/example_dags/tutorial_dag.py for tasks to queue
[2022-12-30T00:32:14.304+0000] {logging_mixin.py:137} INFO - [2022-12-30T00:32:14.304+0000] {dagbag.py:538} INFO - Filling up the DagBag from /home/airflow/.local/lib/python3.7/site-packages/airflow/example_dags/tutorial_dag.py
[2022-12-30T00:32:14.314+0000] {processor.py:753} INFO - DAG(s) dict_keys(['tutorial_dag']) retrieved from /home/airflow/.local/lib/python3.7/site-packages/airflow/example_dags/tutorial_dag.py
[2022-12-30T00:32:14.342+0000] {logging_mixin.py:137} INFO - [2022-12-30T00:32:14.342+0000] {dag.py:2676} INFO - Sync 1 DAGs
[2022-12-30T00:32:14.361+0000] {logging_mixin.py:137} INFO - [2022-12-30T00:32:14.361+0000] {dag.py:3427} INFO - Setting next_dagrun for tutorial_dag to None, run_after=None
[2022-12-30T00:32:14.373+0000] {processor.py:175} INFO - Processing /home/airflow/.local/lib/python3.7/site-packages/airflow/example_dags/tutorial_dag.py took 0.073 seconds
[2022-12-30T00:32:44.549+0000] {processor.py:153} INFO - Started process (PID=40528) to work on /home/airflow/.local/lib/python3.7/site-packages/airflow/example_dags/tutorial_dag.py
[2022-12-30T00:32:44.549+0000] {processor.py:743} INFO - Processing file /home/airflow/.local/lib/python3.7/site-packages/airflow/example_dags/tutorial_dag.py for tasks to queue
[2022-12-30T00:32:44.550+0000] {logging_mixin.py:137} INFO - [2022-12-30T00:32:44.550+0000] {dagbag.py:538} INFO - Filling up the DagBag from /home/airflow/.local/lib/python3.7/site-packages/airflow/example_dags/tutorial_dag.py
[2022-12-30T00:32:44.563+0000] {processor.py:753} INFO - DAG(s) dict_keys(['tutorial_dag']) retrieved from /home/airflow/.local/lib/python3.7/site-packages/airflow/example_dags/tutorial_dag.py
[2022-12-30T00:32:44.594+0000] {logging_mixin.py:137} INFO - [2022-12-30T00:32:44.594+0000] {dag.py:2676} INFO - Sync 1 DAGs
[2022-12-30T00:32:44.613+0000] {logging_mixin.py:137} INFO - [2022-12-30T00:32:44.613+0000] {dag.py:3427} INFO - Setting next_dagrun for tutorial_dag to None, run_after=None
[2022-12-30T00:32:44.624+0000] {processor.py:175} INFO - Processing /home/airflow/.local/lib/python3.7/site-packages/airflow/example_dags/tutorial_dag.py took 0.079 seconds
[2022-12-30T00:33:15.328+0000] {processor.py:153} INFO - Started process (PID=40619) to work on /home/airflow/.local/lib/python3.7/site-packages/airflow/example_dags/tutorial_dag.py
[2022-12-30T00:33:15.328+0000] {processor.py:743} INFO - Processing file /home/airflow/.local/lib/python3.7/site-packages/airflow/example_dags/tutorial_dag.py for tasks to queue
[2022-12-30T00:33:15.329+0000] {logging_mixin.py:137} INFO - [2022-12-30T00:33:15.329+0000] {dagbag.py:538} INFO - Filling up the DagBag from /home/airflow/.local/lib/python3.7/site-packages/airflow/example_dags/tutorial_dag.py
[2022-12-30T00:33:15.339+0000] {processor.py:753} INFO - DAG(s) dict_keys(['tutorial_dag']) retrieved from /home/airflow/.local/lib/python3.7/site-packages/airflow/example_dags/tutorial_dag.py
[2022-12-30T00:33:15.375+0000] {logging_mixin.py:137} INFO - [2022-12-30T00:33:15.375+0000] {dag.py:2676} INFO - Sync 1 DAGs
[2022-12-30T00:33:15.397+0000] {logging_mixin.py:137} INFO - [2022-12-30T00:33:15.397+0000] {dag.py:3427} INFO - Setting next_dagrun for tutorial_dag to None, run_after=None
[2022-12-30T00:33:15.415+0000] {processor.py:175} INFO - Processing /home/airflow/.local/lib/python3.7/site-packages/airflow/example_dags/tutorial_dag.py took 0.090 seconds
[2022-12-30T00:33:45.890+0000] {processor.py:153} INFO - Started process (PID=40712) to work on /home/airflow/.local/lib/python3.7/site-packages/airflow/example_dags/tutorial_dag.py
[2022-12-30T00:33:45.891+0000] {processor.py:743} INFO - Processing file /home/airflow/.local/lib/python3.7/site-packages/airflow/example_dags/tutorial_dag.py for tasks to queue
[2022-12-30T00:33:45.891+0000] {logging_mixin.py:137} INFO - [2022-12-30T00:33:45.891+0000] {dagbag.py:538} INFO - Filling up the DagBag from /home/airflow/.local/lib/python3.7/site-packages/airflow/example_dags/tutorial_dag.py
[2022-12-30T00:33:45.900+0000] {processor.py:753} INFO - DAG(s) dict_keys(['tutorial_dag']) retrieved from /home/airflow/.local/lib/python3.7/site-packages/airflow/example_dags/tutorial_dag.py
[2022-12-30T00:33:45.928+0000] {logging_mixin.py:137} INFO - [2022-12-30T00:33:45.928+0000] {dag.py:2676} INFO - Sync 1 DAGs
[2022-12-30T00:33:45.947+0000] {logging_mixin.py:137} INFO - [2022-12-30T00:33:45.946+0000] {dag.py:3427} INFO - Setting next_dagrun for tutorial_dag to None, run_after=None
[2022-12-30T00:33:45.958+0000] {processor.py:175} INFO - Processing /home/airflow/.local/lib/python3.7/site-packages/airflow/example_dags/tutorial_dag.py took 0.072 seconds
