[2022-12-30T00:00:10.982+0000] {processor.py:153} INFO - Started process (PID=34574) to work on /home/airflow/.local/lib/python3.7/site-packages/airflow/example_dags/tutorial_taskflow_api_virtualenv.py
[2022-12-30T00:00:10.983+0000] {processor.py:743} INFO - Processing file /home/airflow/.local/lib/python3.7/site-packages/airflow/example_dags/tutorial_taskflow_api_virtualenv.py for tasks to queue
[2022-12-30T00:00:10.984+0000] {logging_mixin.py:137} INFO - [2022-12-30T00:00:10.984+0000] {dagbag.py:538} INFO - Filling up the DagBag from /home/airflow/.local/lib/python3.7/site-packages/airflow/example_dags/tutorial_taskflow_api_virtualenv.py
[2022-12-30T00:00:11.002+0000] {processor.py:753} INFO - DAG(s) dict_keys(['tutorial_taskflow_api_virtualenv']) retrieved from /home/airflow/.local/lib/python3.7/site-packages/airflow/example_dags/tutorial_taskflow_api_virtualenv.py
[2022-12-30T00:00:11.036+0000] {logging_mixin.py:137} INFO - [2022-12-30T00:00:11.036+0000] {dag.py:2676} INFO - Sync 1 DAGs
[2022-12-30T00:00:11.056+0000] {logging_mixin.py:137} INFO - [2022-12-30T00:00:11.056+0000] {dag.py:3427} INFO - Setting next_dagrun for tutorial_taskflow_api_virtualenv to None, run_after=None
[2022-12-30T00:00:11.070+0000] {processor.py:175} INFO - Processing /home/airflow/.local/lib/python3.7/site-packages/airflow/example_dags/tutorial_taskflow_api_virtualenv.py took 0.091 seconds
[2022-12-30T00:00:41.432+0000] {processor.py:153} INFO - Started process (PID=34657) to work on /home/airflow/.local/lib/python3.7/site-packages/airflow/example_dags/tutorial_taskflow_api_virtualenv.py
[2022-12-30T00:00:41.432+0000] {processor.py:743} INFO - Processing file /home/airflow/.local/lib/python3.7/site-packages/airflow/example_dags/tutorial_taskflow_api_virtualenv.py for tasks to queue
[2022-12-30T00:00:41.433+0000] {logging_mixin.py:137} INFO - [2022-12-30T00:00:41.433+0000] {dagbag.py:538} INFO - Filling up the DagBag from /home/airflow/.local/lib/python3.7/site-packages/airflow/example_dags/tutorial_taskflow_api_virtualenv.py
[2022-12-30T00:00:41.448+0000] {processor.py:753} INFO - DAG(s) dict_keys(['tutorial_taskflow_api_virtualenv']) retrieved from /home/airflow/.local/lib/python3.7/site-packages/airflow/example_dags/tutorial_taskflow_api_virtualenv.py
[2022-12-30T00:00:41.478+0000] {logging_mixin.py:137} INFO - [2022-12-30T00:00:41.478+0000] {dag.py:2676} INFO - Sync 1 DAGs
[2022-12-30T00:00:41.497+0000] {logging_mixin.py:137} INFO - [2022-12-30T00:00:41.497+0000] {dag.py:3427} INFO - Setting next_dagrun for tutorial_taskflow_api_virtualenv to None, run_after=None
[2022-12-30T00:00:41.510+0000] {processor.py:175} INFO - Processing /home/airflow/.local/lib/python3.7/site-packages/airflow/example_dags/tutorial_taskflow_api_virtualenv.py took 0.081 seconds
[2022-12-30T00:01:12.297+0000] {processor.py:153} INFO - Started process (PID=34759) to work on /home/airflow/.local/lib/python3.7/site-packages/airflow/example_dags/tutorial_taskflow_api_virtualenv.py
[2022-12-30T00:01:12.298+0000] {processor.py:743} INFO - Processing file /home/airflow/.local/lib/python3.7/site-packages/airflow/example_dags/tutorial_taskflow_api_virtualenv.py for tasks to queue
[2022-12-30T00:01:12.298+0000] {logging_mixin.py:137} INFO - [2022-12-30T00:01:12.298+0000] {dagbag.py:538} INFO - Filling up the DagBag from /home/airflow/.local/lib/python3.7/site-packages/airflow/example_dags/tutorial_taskflow_api_virtualenv.py
[2022-12-30T00:01:12.314+0000] {processor.py:753} INFO - DAG(s) dict_keys(['tutorial_taskflow_api_virtualenv']) retrieved from /home/airflow/.local/lib/python3.7/site-packages/airflow/example_dags/tutorial_taskflow_api_virtualenv.py
[2022-12-30T00:01:12.341+0000] {logging_mixin.py:137} INFO - [2022-12-30T00:01:12.341+0000] {dag.py:2676} INFO - Sync 1 DAGs
[2022-12-30T00:01:12.360+0000] {logging_mixin.py:137} INFO - [2022-12-30T00:01:12.360+0000] {dag.py:3427} INFO - Setting next_dagrun for tutorial_taskflow_api_virtualenv to None, run_after=None
[2022-12-30T00:01:12.376+0000] {processor.py:175} INFO - Processing /home/airflow/.local/lib/python3.7/site-packages/airflow/example_dags/tutorial_taskflow_api_virtualenv.py took 0.082 seconds
[2022-12-30T00:01:42.569+0000] {processor.py:153} INFO - Started process (PID=34841) to work on /home/airflow/.local/lib/python3.7/site-packages/airflow/example_dags/tutorial_taskflow_api_virtualenv.py
[2022-12-30T00:01:42.569+0000] {processor.py:743} INFO - Processing file /home/airflow/.local/lib/python3.7/site-packages/airflow/example_dags/tutorial_taskflow_api_virtualenv.py for tasks to queue
[2022-12-30T00:01:42.570+0000] {logging_mixin.py:137} INFO - [2022-12-30T00:01:42.570+0000] {dagbag.py:538} INFO - Filling up the DagBag from /home/airflow/.local/lib/python3.7/site-packages/airflow/example_dags/tutorial_taskflow_api_virtualenv.py
[2022-12-30T00:01:42.585+0000] {processor.py:753} INFO - DAG(s) dict_keys(['tutorial_taskflow_api_virtualenv']) retrieved from /home/airflow/.local/lib/python3.7/site-packages/airflow/example_dags/tutorial_taskflow_api_virtualenv.py
[2022-12-30T00:01:42.610+0000] {logging_mixin.py:137} INFO - [2022-12-30T00:01:42.610+0000] {dag.py:2676} INFO - Sync 1 DAGs
[2022-12-30T00:01:42.628+0000] {logging_mixin.py:137} INFO - [2022-12-30T00:01:42.628+0000] {dag.py:3427} INFO - Setting next_dagrun for tutorial_taskflow_api_virtualenv to None, run_after=None
[2022-12-30T00:01:42.640+0000] {processor.py:175} INFO - Processing /home/airflow/.local/lib/python3.7/site-packages/airflow/example_dags/tutorial_taskflow_api_virtualenv.py took 0.074 seconds
[2022-12-30T00:02:13.119+0000] {processor.py:153} INFO - Started process (PID=34943) to work on /home/airflow/.local/lib/python3.7/site-packages/airflow/example_dags/tutorial_taskflow_api_virtualenv.py
[2022-12-30T00:02:13.120+0000] {processor.py:743} INFO - Processing file /home/airflow/.local/lib/python3.7/site-packages/airflow/example_dags/tutorial_taskflow_api_virtualenv.py for tasks to queue
[2022-12-30T00:02:13.120+0000] {logging_mixin.py:137} INFO - [2022-12-30T00:02:13.120+0000] {dagbag.py:538} INFO - Filling up the DagBag from /home/airflow/.local/lib/python3.7/site-packages/airflow/example_dags/tutorial_taskflow_api_virtualenv.py
[2022-12-30T00:02:13.138+0000] {processor.py:753} INFO - DAG(s) dict_keys(['tutorial_taskflow_api_virtualenv']) retrieved from /home/airflow/.local/lib/python3.7/site-packages/airflow/example_dags/tutorial_taskflow_api_virtualenv.py
[2022-12-30T00:02:13.163+0000] {logging_mixin.py:137} INFO - [2022-12-30T00:02:13.163+0000] {dag.py:2676} INFO - Sync 1 DAGs
[2022-12-30T00:02:13.180+0000] {logging_mixin.py:137} INFO - [2022-12-30T00:02:13.180+0000] {dag.py:3427} INFO - Setting next_dagrun for tutorial_taskflow_api_virtualenv to None, run_after=None
[2022-12-30T00:02:13.191+0000] {processor.py:175} INFO - Processing /home/airflow/.local/lib/python3.7/site-packages/airflow/example_dags/tutorial_taskflow_api_virtualenv.py took 0.075 seconds
[2022-12-30T00:02:43.618+0000] {processor.py:153} INFO - Started process (PID=35025) to work on /home/airflow/.local/lib/python3.7/site-packages/airflow/example_dags/tutorial_taskflow_api_virtualenv.py
[2022-12-30T00:02:43.619+0000] {processor.py:743} INFO - Processing file /home/airflow/.local/lib/python3.7/site-packages/airflow/example_dags/tutorial_taskflow_api_virtualenv.py for tasks to queue
[2022-12-30T00:02:43.619+0000] {logging_mixin.py:137} INFO - [2022-12-30T00:02:43.619+0000] {dagbag.py:538} INFO - Filling up the DagBag from /home/airflow/.local/lib/python3.7/site-packages/airflow/example_dags/tutorial_taskflow_api_virtualenv.py
[2022-12-30T00:02:43.634+0000] {processor.py:753} INFO - DAG(s) dict_keys(['tutorial_taskflow_api_virtualenv']) retrieved from /home/airflow/.local/lib/python3.7/site-packages/airflow/example_dags/tutorial_taskflow_api_virtualenv.py
[2022-12-30T00:02:43.660+0000] {logging_mixin.py:137} INFO - [2022-12-30T00:02:43.660+0000] {dag.py:2676} INFO - Sync 1 DAGs
[2022-12-30T00:02:43.677+0000] {logging_mixin.py:137} INFO - [2022-12-30T00:02:43.677+0000] {dag.py:3427} INFO - Setting next_dagrun for tutorial_taskflow_api_virtualenv to None, run_after=None
[2022-12-30T00:02:43.691+0000] {processor.py:175} INFO - Processing /home/airflow/.local/lib/python3.7/site-packages/airflow/example_dags/tutorial_taskflow_api_virtualenv.py took 0.075 seconds
[2022-12-30T00:03:14.080+0000] {processor.py:153} INFO - Started process (PID=35127) to work on /home/airflow/.local/lib/python3.7/site-packages/airflow/example_dags/tutorial_taskflow_api_virtualenv.py
[2022-12-30T00:03:14.081+0000] {processor.py:743} INFO - Processing file /home/airflow/.local/lib/python3.7/site-packages/airflow/example_dags/tutorial_taskflow_api_virtualenv.py for tasks to queue
[2022-12-30T00:03:14.081+0000] {logging_mixin.py:137} INFO - [2022-12-30T00:03:14.081+0000] {dagbag.py:538} INFO - Filling up the DagBag from /home/airflow/.local/lib/python3.7/site-packages/airflow/example_dags/tutorial_taskflow_api_virtualenv.py
[2022-12-30T00:03:14.097+0000] {processor.py:753} INFO - DAG(s) dict_keys(['tutorial_taskflow_api_virtualenv']) retrieved from /home/airflow/.local/lib/python3.7/site-packages/airflow/example_dags/tutorial_taskflow_api_virtualenv.py
[2022-12-30T00:03:14.122+0000] {logging_mixin.py:137} INFO - [2022-12-30T00:03:14.122+0000] {dag.py:2676} INFO - Sync 1 DAGs
[2022-12-30T00:03:14.140+0000] {logging_mixin.py:137} INFO - [2022-12-30T00:03:14.140+0000] {dag.py:3427} INFO - Setting next_dagrun for tutorial_taskflow_api_virtualenv to None, run_after=None
[2022-12-30T00:03:14.151+0000] {processor.py:175} INFO - Processing /home/airflow/.local/lib/python3.7/site-packages/airflow/example_dags/tutorial_taskflow_api_virtualenv.py took 0.072 seconds
[2022-12-30T00:03:44.859+0000] {processor.py:153} INFO - Started process (PID=35229) to work on /home/airflow/.local/lib/python3.7/site-packages/airflow/example_dags/tutorial_taskflow_api_virtualenv.py
[2022-12-30T00:03:44.860+0000] {processor.py:743} INFO - Processing file /home/airflow/.local/lib/python3.7/site-packages/airflow/example_dags/tutorial_taskflow_api_virtualenv.py for tasks to queue
[2022-12-30T00:03:44.860+0000] {logging_mixin.py:137} INFO - [2022-12-30T00:03:44.860+0000] {dagbag.py:538} INFO - Filling up the DagBag from /home/airflow/.local/lib/python3.7/site-packages/airflow/example_dags/tutorial_taskflow_api_virtualenv.py
[2022-12-30T00:03:44.876+0000] {processor.py:753} INFO - DAG(s) dict_keys(['tutorial_taskflow_api_virtualenv']) retrieved from /home/airflow/.local/lib/python3.7/site-packages/airflow/example_dags/tutorial_taskflow_api_virtualenv.py
[2022-12-30T00:03:44.903+0000] {logging_mixin.py:137} INFO - [2022-12-30T00:03:44.903+0000] {dag.py:2676} INFO - Sync 1 DAGs
[2022-12-30T00:03:44.923+0000] {logging_mixin.py:137} INFO - [2022-12-30T00:03:44.923+0000] {dag.py:3427} INFO - Setting next_dagrun for tutorial_taskflow_api_virtualenv to None, run_after=None
[2022-12-30T00:03:44.936+0000] {processor.py:175} INFO - Processing /home/airflow/.local/lib/python3.7/site-packages/airflow/example_dags/tutorial_taskflow_api_virtualenv.py took 0.079 seconds
[2022-12-30T00:04:15.565+0000] {processor.py:153} INFO - Started process (PID=35311) to work on /home/airflow/.local/lib/python3.7/site-packages/airflow/example_dags/tutorial_taskflow_api_virtualenv.py
[2022-12-30T00:04:15.566+0000] {processor.py:743} INFO - Processing file /home/airflow/.local/lib/python3.7/site-packages/airflow/example_dags/tutorial_taskflow_api_virtualenv.py for tasks to queue
[2022-12-30T00:04:15.567+0000] {logging_mixin.py:137} INFO - [2022-12-30T00:04:15.566+0000] {dagbag.py:538} INFO - Filling up the DagBag from /home/airflow/.local/lib/python3.7/site-packages/airflow/example_dags/tutorial_taskflow_api_virtualenv.py
[2022-12-30T00:04:15.582+0000] {processor.py:753} INFO - DAG(s) dict_keys(['tutorial_taskflow_api_virtualenv']) retrieved from /home/airflow/.local/lib/python3.7/site-packages/airflow/example_dags/tutorial_taskflow_api_virtualenv.py
[2022-12-30T00:04:15.607+0000] {logging_mixin.py:137} INFO - [2022-12-30T00:04:15.607+0000] {dag.py:2676} INFO - Sync 1 DAGs
[2022-12-30T00:04:15.624+0000] {logging_mixin.py:137} INFO - [2022-12-30T00:04:15.624+0000] {dag.py:3427} INFO - Setting next_dagrun for tutorial_taskflow_api_virtualenv to None, run_after=None
[2022-12-30T00:04:15.636+0000] {processor.py:175} INFO - Processing /home/airflow/.local/lib/python3.7/site-packages/airflow/example_dags/tutorial_taskflow_api_virtualenv.py took 0.073 seconds
[2022-12-30T00:04:46.206+0000] {processor.py:153} INFO - Started process (PID=35413) to work on /home/airflow/.local/lib/python3.7/site-packages/airflow/example_dags/tutorial_taskflow_api_virtualenv.py
[2022-12-30T00:04:46.206+0000] {processor.py:743} INFO - Processing file /home/airflow/.local/lib/python3.7/site-packages/airflow/example_dags/tutorial_taskflow_api_virtualenv.py for tasks to queue
[2022-12-30T00:04:46.207+0000] {logging_mixin.py:137} INFO - [2022-12-30T00:04:46.207+0000] {dagbag.py:538} INFO - Filling up the DagBag from /home/airflow/.local/lib/python3.7/site-packages/airflow/example_dags/tutorial_taskflow_api_virtualenv.py
[2022-12-30T00:04:46.221+0000] {processor.py:753} INFO - DAG(s) dict_keys(['tutorial_taskflow_api_virtualenv']) retrieved from /home/airflow/.local/lib/python3.7/site-packages/airflow/example_dags/tutorial_taskflow_api_virtualenv.py
[2022-12-30T00:04:46.250+0000] {logging_mixin.py:137} INFO - [2022-12-30T00:04:46.249+0000] {dag.py:2676} INFO - Sync 1 DAGs
[2022-12-30T00:04:46.267+0000] {logging_mixin.py:137} INFO - [2022-12-30T00:04:46.267+0000] {dag.py:3427} INFO - Setting next_dagrun for tutorial_taskflow_api_virtualenv to None, run_after=None
[2022-12-30T00:04:46.279+0000] {processor.py:175} INFO - Processing /home/airflow/.local/lib/python3.7/site-packages/airflow/example_dags/tutorial_taskflow_api_virtualenv.py took 0.076 seconds
[2022-12-30T00:05:16.571+0000] {processor.py:153} INFO - Started process (PID=35495) to work on /home/airflow/.local/lib/python3.7/site-packages/airflow/example_dags/tutorial_taskflow_api_virtualenv.py
[2022-12-30T00:05:16.572+0000] {processor.py:743} INFO - Processing file /home/airflow/.local/lib/python3.7/site-packages/airflow/example_dags/tutorial_taskflow_api_virtualenv.py for tasks to queue
[2022-12-30T00:05:16.572+0000] {logging_mixin.py:137} INFO - [2022-12-30T00:05:16.572+0000] {dagbag.py:538} INFO - Filling up the DagBag from /home/airflow/.local/lib/python3.7/site-packages/airflow/example_dags/tutorial_taskflow_api_virtualenv.py
[2022-12-30T00:05:16.587+0000] {processor.py:753} INFO - DAG(s) dict_keys(['tutorial_taskflow_api_virtualenv']) retrieved from /home/airflow/.local/lib/python3.7/site-packages/airflow/example_dags/tutorial_taskflow_api_virtualenv.py
[2022-12-30T00:05:16.617+0000] {logging_mixin.py:137} INFO - [2022-12-30T00:05:16.617+0000] {dag.py:2676} INFO - Sync 1 DAGs
[2022-12-30T00:05:16.635+0000] {logging_mixin.py:137} INFO - [2022-12-30T00:05:16.635+0000] {dag.py:3427} INFO - Setting next_dagrun for tutorial_taskflow_api_virtualenv to None, run_after=None
[2022-12-30T00:05:16.646+0000] {processor.py:175} INFO - Processing /home/airflow/.local/lib/python3.7/site-packages/airflow/example_dags/tutorial_taskflow_api_virtualenv.py took 0.078 seconds
[2022-12-30T00:05:46.943+0000] {processor.py:153} INFO - Started process (PID=35597) to work on /home/airflow/.local/lib/python3.7/site-packages/airflow/example_dags/tutorial_taskflow_api_virtualenv.py
[2022-12-30T00:05:46.943+0000] {processor.py:743} INFO - Processing file /home/airflow/.local/lib/python3.7/site-packages/airflow/example_dags/tutorial_taskflow_api_virtualenv.py for tasks to queue
[2022-12-30T00:05:46.943+0000] {logging_mixin.py:137} INFO - [2022-12-30T00:05:46.943+0000] {dagbag.py:538} INFO - Filling up the DagBag from /home/airflow/.local/lib/python3.7/site-packages/airflow/example_dags/tutorial_taskflow_api_virtualenv.py
[2022-12-30T00:05:46.958+0000] {processor.py:753} INFO - DAG(s) dict_keys(['tutorial_taskflow_api_virtualenv']) retrieved from /home/airflow/.local/lib/python3.7/site-packages/airflow/example_dags/tutorial_taskflow_api_virtualenv.py
[2022-12-30T00:05:46.985+0000] {logging_mixin.py:137} INFO - [2022-12-30T00:05:46.985+0000] {dag.py:2676} INFO - Sync 1 DAGs
[2022-12-30T00:05:47.003+0000] {logging_mixin.py:137} INFO - [2022-12-30T00:05:47.003+0000] {dag.py:3427} INFO - Setting next_dagrun for tutorial_taskflow_api_virtualenv to None, run_after=None
[2022-12-30T00:05:47.014+0000] {processor.py:175} INFO - Processing /home/airflow/.local/lib/python3.7/site-packages/airflow/example_dags/tutorial_taskflow_api_virtualenv.py took 0.074 seconds
[2022-12-30T00:06:17.606+0000] {processor.py:153} INFO - Started process (PID=35688) to work on /home/airflow/.local/lib/python3.7/site-packages/airflow/example_dags/tutorial_taskflow_api_virtualenv.py
[2022-12-30T00:06:17.607+0000] {processor.py:743} INFO - Processing file /home/airflow/.local/lib/python3.7/site-packages/airflow/example_dags/tutorial_taskflow_api_virtualenv.py for tasks to queue
[2022-12-30T00:06:17.608+0000] {logging_mixin.py:137} INFO - [2022-12-30T00:06:17.607+0000] {dagbag.py:538} INFO - Filling up the DagBag from /home/airflow/.local/lib/python3.7/site-packages/airflow/example_dags/tutorial_taskflow_api_virtualenv.py
[2022-12-30T00:06:17.622+0000] {processor.py:753} INFO - DAG(s) dict_keys(['tutorial_taskflow_api_virtualenv']) retrieved from /home/airflow/.local/lib/python3.7/site-packages/airflow/example_dags/tutorial_taskflow_api_virtualenv.py
[2022-12-30T00:06:17.648+0000] {logging_mixin.py:137} INFO - [2022-12-30T00:06:17.648+0000] {dag.py:2676} INFO - Sync 1 DAGs
[2022-12-30T00:06:17.666+0000] {logging_mixin.py:137} INFO - [2022-12-30T00:06:17.666+0000] {dag.py:3427} INFO - Setting next_dagrun for tutorial_taskflow_api_virtualenv to None, run_after=None
[2022-12-30T00:06:17.676+0000] {processor.py:175} INFO - Processing /home/airflow/.local/lib/python3.7/site-packages/airflow/example_dags/tutorial_taskflow_api_virtualenv.py took 0.074 seconds
[2022-12-30T00:06:47.790+0000] {processor.py:153} INFO - Started process (PID=35781) to work on /home/airflow/.local/lib/python3.7/site-packages/airflow/example_dags/tutorial_taskflow_api_virtualenv.py
[2022-12-30T00:06:47.791+0000] {processor.py:743} INFO - Processing file /home/airflow/.local/lib/python3.7/site-packages/airflow/example_dags/tutorial_taskflow_api_virtualenv.py for tasks to queue
[2022-12-30T00:06:47.791+0000] {logging_mixin.py:137} INFO - [2022-12-30T00:06:47.791+0000] {dagbag.py:538} INFO - Filling up the DagBag from /home/airflow/.local/lib/python3.7/site-packages/airflow/example_dags/tutorial_taskflow_api_virtualenv.py
[2022-12-30T00:06:47.807+0000] {processor.py:753} INFO - DAG(s) dict_keys(['tutorial_taskflow_api_virtualenv']) retrieved from /home/airflow/.local/lib/python3.7/site-packages/airflow/example_dags/tutorial_taskflow_api_virtualenv.py
[2022-12-30T00:06:47.837+0000] {logging_mixin.py:137} INFO - [2022-12-30T00:06:47.837+0000] {dag.py:2676} INFO - Sync 1 DAGs
[2022-12-30T00:06:47.855+0000] {logging_mixin.py:137} INFO - [2022-12-30T00:06:47.855+0000] {dag.py:3427} INFO - Setting next_dagrun for tutorial_taskflow_api_virtualenv to None, run_after=None
[2022-12-30T00:06:47.870+0000] {processor.py:175} INFO - Processing /home/airflow/.local/lib/python3.7/site-packages/airflow/example_dags/tutorial_taskflow_api_virtualenv.py took 0.081 seconds
[2022-12-30T00:07:19.883+0000] {processor.py:153} INFO - Started process (PID=35883) to work on /home/airflow/.local/lib/python3.7/site-packages/airflow/example_dags/tutorial_taskflow_api_virtualenv.py
[2022-12-30T00:07:19.884+0000] {processor.py:743} INFO - Processing file /home/airflow/.local/lib/python3.7/site-packages/airflow/example_dags/tutorial_taskflow_api_virtualenv.py for tasks to queue
[2022-12-30T00:07:19.884+0000] {logging_mixin.py:137} INFO - [2022-12-30T00:07:19.884+0000] {dagbag.py:538} INFO - Filling up the DagBag from /home/airflow/.local/lib/python3.7/site-packages/airflow/example_dags/tutorial_taskflow_api_virtualenv.py
[2022-12-30T00:07:19.901+0000] {processor.py:753} INFO - DAG(s) dict_keys(['tutorial_taskflow_api_virtualenv']) retrieved from /home/airflow/.local/lib/python3.7/site-packages/airflow/example_dags/tutorial_taskflow_api_virtualenv.py
[2022-12-30T00:07:19.932+0000] {logging_mixin.py:137} INFO - [2022-12-30T00:07:19.932+0000] {dag.py:2676} INFO - Sync 1 DAGs
[2022-12-30T00:07:19.953+0000] {logging_mixin.py:137} INFO - [2022-12-30T00:07:19.953+0000] {dag.py:3427} INFO - Setting next_dagrun for tutorial_taskflow_api_virtualenv to None, run_after=None
[2022-12-30T00:07:19.968+0000] {processor.py:175} INFO - Processing /home/airflow/.local/lib/python3.7/site-packages/airflow/example_dags/tutorial_taskflow_api_virtualenv.py took 0.087 seconds
[2022-12-30T00:07:50.627+0000] {processor.py:153} INFO - Started process (PID=35965) to work on /home/airflow/.local/lib/python3.7/site-packages/airflow/example_dags/tutorial_taskflow_api_virtualenv.py
[2022-12-30T00:07:50.628+0000] {processor.py:743} INFO - Processing file /home/airflow/.local/lib/python3.7/site-packages/airflow/example_dags/tutorial_taskflow_api_virtualenv.py for tasks to queue
[2022-12-30T00:07:50.629+0000] {logging_mixin.py:137} INFO - [2022-12-30T00:07:50.629+0000] {dagbag.py:538} INFO - Filling up the DagBag from /home/airflow/.local/lib/python3.7/site-packages/airflow/example_dags/tutorial_taskflow_api_virtualenv.py
[2022-12-30T00:07:50.644+0000] {processor.py:753} INFO - DAG(s) dict_keys(['tutorial_taskflow_api_virtualenv']) retrieved from /home/airflow/.local/lib/python3.7/site-packages/airflow/example_dags/tutorial_taskflow_api_virtualenv.py
[2022-12-30T00:07:50.671+0000] {logging_mixin.py:137} INFO - [2022-12-30T00:07:50.671+0000] {dag.py:2676} INFO - Sync 1 DAGs
[2022-12-30T00:07:50.690+0000] {logging_mixin.py:137} INFO - [2022-12-30T00:07:50.690+0000] {dag.py:3427} INFO - Setting next_dagrun for tutorial_taskflow_api_virtualenv to None, run_after=None
[2022-12-30T00:07:50.701+0000] {processor.py:175} INFO - Processing /home/airflow/.local/lib/python3.7/site-packages/airflow/example_dags/tutorial_taskflow_api_virtualenv.py took 0.077 seconds
[2022-12-30T00:08:21.074+0000] {processor.py:153} INFO - Started process (PID=36067) to work on /home/airflow/.local/lib/python3.7/site-packages/airflow/example_dags/tutorial_taskflow_api_virtualenv.py
[2022-12-30T00:08:21.075+0000] {processor.py:743} INFO - Processing file /home/airflow/.local/lib/python3.7/site-packages/airflow/example_dags/tutorial_taskflow_api_virtualenv.py for tasks to queue
[2022-12-30T00:08:21.076+0000] {logging_mixin.py:137} INFO - [2022-12-30T00:08:21.076+0000] {dagbag.py:538} INFO - Filling up the DagBag from /home/airflow/.local/lib/python3.7/site-packages/airflow/example_dags/tutorial_taskflow_api_virtualenv.py
[2022-12-30T00:08:21.090+0000] {processor.py:753} INFO - DAG(s) dict_keys(['tutorial_taskflow_api_virtualenv']) retrieved from /home/airflow/.local/lib/python3.7/site-packages/airflow/example_dags/tutorial_taskflow_api_virtualenv.py
[2022-12-30T00:08:21.120+0000] {logging_mixin.py:137} INFO - [2022-12-30T00:08:21.120+0000] {dag.py:2676} INFO - Sync 1 DAGs
[2022-12-30T00:08:21.141+0000] {logging_mixin.py:137} INFO - [2022-12-30T00:08:21.141+0000] {dag.py:3427} INFO - Setting next_dagrun for tutorial_taskflow_api_virtualenv to None, run_after=None
[2022-12-30T00:08:21.157+0000] {processor.py:175} INFO - Processing /home/airflow/.local/lib/python3.7/site-packages/airflow/example_dags/tutorial_taskflow_api_virtualenv.py took 0.086 seconds
[2022-12-30T00:08:51.622+0000] {processor.py:153} INFO - Started process (PID=36149) to work on /home/airflow/.local/lib/python3.7/site-packages/airflow/example_dags/tutorial_taskflow_api_virtualenv.py
[2022-12-30T00:08:51.622+0000] {processor.py:743} INFO - Processing file /home/airflow/.local/lib/python3.7/site-packages/airflow/example_dags/tutorial_taskflow_api_virtualenv.py for tasks to queue
[2022-12-30T00:08:51.623+0000] {logging_mixin.py:137} INFO - [2022-12-30T00:08:51.623+0000] {dagbag.py:538} INFO - Filling up the DagBag from /home/airflow/.local/lib/python3.7/site-packages/airflow/example_dags/tutorial_taskflow_api_virtualenv.py
[2022-12-30T00:08:51.646+0000] {processor.py:753} INFO - DAG(s) dict_keys(['tutorial_taskflow_api_virtualenv']) retrieved from /home/airflow/.local/lib/python3.7/site-packages/airflow/example_dags/tutorial_taskflow_api_virtualenv.py
[2022-12-30T00:08:51.678+0000] {logging_mixin.py:137} INFO - [2022-12-30T00:08:51.678+0000] {dag.py:2676} INFO - Sync 1 DAGs
[2022-12-30T00:08:51.697+0000] {logging_mixin.py:137} INFO - [2022-12-30T00:08:51.697+0000] {dag.py:3427} INFO - Setting next_dagrun for tutorial_taskflow_api_virtualenv to None, run_after=None
[2022-12-30T00:08:51.710+0000] {processor.py:175} INFO - Processing /home/airflow/.local/lib/python3.7/site-packages/airflow/example_dags/tutorial_taskflow_api_virtualenv.py took 0.094 seconds
[2022-12-30T00:09:22.377+0000] {processor.py:153} INFO - Started process (PID=36251) to work on /home/airflow/.local/lib/python3.7/site-packages/airflow/example_dags/tutorial_taskflow_api_virtualenv.py
[2022-12-30T00:09:22.378+0000] {processor.py:743} INFO - Processing file /home/airflow/.local/lib/python3.7/site-packages/airflow/example_dags/tutorial_taskflow_api_virtualenv.py for tasks to queue
[2022-12-30T00:09:22.378+0000] {logging_mixin.py:137} INFO - [2022-12-30T00:09:22.378+0000] {dagbag.py:538} INFO - Filling up the DagBag from /home/airflow/.local/lib/python3.7/site-packages/airflow/example_dags/tutorial_taskflow_api_virtualenv.py
[2022-12-30T00:09:22.392+0000] {processor.py:753} INFO - DAG(s) dict_keys(['tutorial_taskflow_api_virtualenv']) retrieved from /home/airflow/.local/lib/python3.7/site-packages/airflow/example_dags/tutorial_taskflow_api_virtualenv.py
[2022-12-30T00:09:22.422+0000] {logging_mixin.py:137} INFO - [2022-12-30T00:09:22.422+0000] {dag.py:2676} INFO - Sync 1 DAGs
[2022-12-30T00:09:22.450+0000] {logging_mixin.py:137} INFO - [2022-12-30T00:09:22.450+0000] {dag.py:3427} INFO - Setting next_dagrun for tutorial_taskflow_api_virtualenv to None, run_after=None
[2022-12-30T00:09:22.464+0000] {processor.py:175} INFO - Processing /home/airflow/.local/lib/python3.7/site-packages/airflow/example_dags/tutorial_taskflow_api_virtualenv.py took 0.090 seconds
[2022-12-30T00:09:52.978+0000] {processor.py:153} INFO - Started process (PID=36353) to work on /home/airflow/.local/lib/python3.7/site-packages/airflow/example_dags/tutorial_taskflow_api_virtualenv.py
[2022-12-30T00:09:52.979+0000] {processor.py:743} INFO - Processing file /home/airflow/.local/lib/python3.7/site-packages/airflow/example_dags/tutorial_taskflow_api_virtualenv.py for tasks to queue
[2022-12-30T00:09:52.980+0000] {logging_mixin.py:137} INFO - [2022-12-30T00:09:52.980+0000] {dagbag.py:538} INFO - Filling up the DagBag from /home/airflow/.local/lib/python3.7/site-packages/airflow/example_dags/tutorial_taskflow_api_virtualenv.py
[2022-12-30T00:09:52.994+0000] {processor.py:753} INFO - DAG(s) dict_keys(['tutorial_taskflow_api_virtualenv']) retrieved from /home/airflow/.local/lib/python3.7/site-packages/airflow/example_dags/tutorial_taskflow_api_virtualenv.py
[2022-12-30T00:09:53.024+0000] {logging_mixin.py:137} INFO - [2022-12-30T00:09:53.024+0000] {dag.py:2676} INFO - Sync 1 DAGs
[2022-12-30T00:09:53.047+0000] {logging_mixin.py:137} INFO - [2022-12-30T00:09:53.047+0000] {dag.py:3427} INFO - Setting next_dagrun for tutorial_taskflow_api_virtualenv to None, run_after=None
[2022-12-30T00:09:53.060+0000] {processor.py:175} INFO - Processing /home/airflow/.local/lib/python3.7/site-packages/airflow/example_dags/tutorial_taskflow_api_virtualenv.py took 0.086 seconds
[2022-12-30T00:10:23.554+0000] {processor.py:153} INFO - Started process (PID=36435) to work on /home/airflow/.local/lib/python3.7/site-packages/airflow/example_dags/tutorial_taskflow_api_virtualenv.py
[2022-12-30T00:10:23.555+0000] {processor.py:743} INFO - Processing file /home/airflow/.local/lib/python3.7/site-packages/airflow/example_dags/tutorial_taskflow_api_virtualenv.py for tasks to queue
[2022-12-30T00:10:23.555+0000] {logging_mixin.py:137} INFO - [2022-12-30T00:10:23.555+0000] {dagbag.py:538} INFO - Filling up the DagBag from /home/airflow/.local/lib/python3.7/site-packages/airflow/example_dags/tutorial_taskflow_api_virtualenv.py
[2022-12-30T00:10:23.569+0000] {processor.py:753} INFO - DAG(s) dict_keys(['tutorial_taskflow_api_virtualenv']) retrieved from /home/airflow/.local/lib/python3.7/site-packages/airflow/example_dags/tutorial_taskflow_api_virtualenv.py
[2022-12-30T00:10:23.598+0000] {logging_mixin.py:137} INFO - [2022-12-30T00:10:23.598+0000] {dag.py:2676} INFO - Sync 1 DAGs
[2022-12-30T00:10:23.615+0000] {logging_mixin.py:137} INFO - [2022-12-30T00:10:23.615+0000] {dag.py:3427} INFO - Setting next_dagrun for tutorial_taskflow_api_virtualenv to None, run_after=None
[2022-12-30T00:10:23.627+0000] {processor.py:175} INFO - Processing /home/airflow/.local/lib/python3.7/site-packages/airflow/example_dags/tutorial_taskflow_api_virtualenv.py took 0.075 seconds
[2022-12-30T00:10:53.926+0000] {processor.py:153} INFO - Started process (PID=36537) to work on /home/airflow/.local/lib/python3.7/site-packages/airflow/example_dags/tutorial_taskflow_api_virtualenv.py
[2022-12-30T00:10:53.926+0000] {processor.py:743} INFO - Processing file /home/airflow/.local/lib/python3.7/site-packages/airflow/example_dags/tutorial_taskflow_api_virtualenv.py for tasks to queue
[2022-12-30T00:10:53.927+0000] {logging_mixin.py:137} INFO - [2022-12-30T00:10:53.927+0000] {dagbag.py:538} INFO - Filling up the DagBag from /home/airflow/.local/lib/python3.7/site-packages/airflow/example_dags/tutorial_taskflow_api_virtualenv.py
[2022-12-30T00:10:53.941+0000] {processor.py:753} INFO - DAG(s) dict_keys(['tutorial_taskflow_api_virtualenv']) retrieved from /home/airflow/.local/lib/python3.7/site-packages/airflow/example_dags/tutorial_taskflow_api_virtualenv.py
[2022-12-30T00:10:53.967+0000] {logging_mixin.py:137} INFO - [2022-12-30T00:10:53.967+0000] {dag.py:2676} INFO - Sync 1 DAGs
[2022-12-30T00:10:53.984+0000] {logging_mixin.py:137} INFO - [2022-12-30T00:10:53.984+0000] {dag.py:3427} INFO - Setting next_dagrun for tutorial_taskflow_api_virtualenv to None, run_after=None
[2022-12-30T00:10:53.995+0000] {processor.py:175} INFO - Processing /home/airflow/.local/lib/python3.7/site-packages/airflow/example_dags/tutorial_taskflow_api_virtualenv.py took 0.072 seconds
[2022-12-30T00:11:24.515+0000] {processor.py:153} INFO - Started process (PID=36619) to work on /home/airflow/.local/lib/python3.7/site-packages/airflow/example_dags/tutorial_taskflow_api_virtualenv.py
[2022-12-30T00:11:24.516+0000] {processor.py:743} INFO - Processing file /home/airflow/.local/lib/python3.7/site-packages/airflow/example_dags/tutorial_taskflow_api_virtualenv.py for tasks to queue
[2022-12-30T00:11:24.516+0000] {logging_mixin.py:137} INFO - [2022-12-30T00:11:24.516+0000] {dagbag.py:538} INFO - Filling up the DagBag from /home/airflow/.local/lib/python3.7/site-packages/airflow/example_dags/tutorial_taskflow_api_virtualenv.py
[2022-12-30T00:11:24.531+0000] {processor.py:753} INFO - DAG(s) dict_keys(['tutorial_taskflow_api_virtualenv']) retrieved from /home/airflow/.local/lib/python3.7/site-packages/airflow/example_dags/tutorial_taskflow_api_virtualenv.py
[2022-12-30T00:11:24.563+0000] {logging_mixin.py:137} INFO - [2022-12-30T00:11:24.563+0000] {dag.py:2676} INFO - Sync 1 DAGs
[2022-12-30T00:11:24.581+0000] {logging_mixin.py:137} INFO - [2022-12-30T00:11:24.581+0000] {dag.py:3427} INFO - Setting next_dagrun for tutorial_taskflow_api_virtualenv to None, run_after=None
[2022-12-30T00:11:24.592+0000] {processor.py:175} INFO - Processing /home/airflow/.local/lib/python3.7/site-packages/airflow/example_dags/tutorial_taskflow_api_virtualenv.py took 0.080 seconds
[2022-12-30T00:11:54.809+0000] {processor.py:153} INFO - Started process (PID=36721) to work on /home/airflow/.local/lib/python3.7/site-packages/airflow/example_dags/tutorial_taskflow_api_virtualenv.py
[2022-12-30T00:11:54.809+0000] {processor.py:743} INFO - Processing file /home/airflow/.local/lib/python3.7/site-packages/airflow/example_dags/tutorial_taskflow_api_virtualenv.py for tasks to queue
[2022-12-30T00:11:54.810+0000] {logging_mixin.py:137} INFO - [2022-12-30T00:11:54.810+0000] {dagbag.py:538} INFO - Filling up the DagBag from /home/airflow/.local/lib/python3.7/site-packages/airflow/example_dags/tutorial_taskflow_api_virtualenv.py
[2022-12-30T00:11:54.824+0000] {processor.py:753} INFO - DAG(s) dict_keys(['tutorial_taskflow_api_virtualenv']) retrieved from /home/airflow/.local/lib/python3.7/site-packages/airflow/example_dags/tutorial_taskflow_api_virtualenv.py
[2022-12-30T00:11:54.852+0000] {logging_mixin.py:137} INFO - [2022-12-30T00:11:54.852+0000] {dag.py:2676} INFO - Sync 1 DAGs
[2022-12-30T00:11:54.870+0000] {logging_mixin.py:137} INFO - [2022-12-30T00:11:54.870+0000] {dag.py:3427} INFO - Setting next_dagrun for tutorial_taskflow_api_virtualenv to None, run_after=None
[2022-12-30T00:11:54.886+0000] {processor.py:175} INFO - Processing /home/airflow/.local/lib/python3.7/site-packages/airflow/example_dags/tutorial_taskflow_api_virtualenv.py took 0.080 seconds
[2022-12-30T00:12:25.310+0000] {processor.py:153} INFO - Started process (PID=36823) to work on /home/airflow/.local/lib/python3.7/site-packages/airflow/example_dags/tutorial_taskflow_api_virtualenv.py
[2022-12-30T00:12:25.310+0000] {processor.py:743} INFO - Processing file /home/airflow/.local/lib/python3.7/site-packages/airflow/example_dags/tutorial_taskflow_api_virtualenv.py for tasks to queue
[2022-12-30T00:12:25.311+0000] {logging_mixin.py:137} INFO - [2022-12-30T00:12:25.311+0000] {dagbag.py:538} INFO - Filling up the DagBag from /home/airflow/.local/lib/python3.7/site-packages/airflow/example_dags/tutorial_taskflow_api_virtualenv.py
[2022-12-30T00:12:25.327+0000] {processor.py:753} INFO - DAG(s) dict_keys(['tutorial_taskflow_api_virtualenv']) retrieved from /home/airflow/.local/lib/python3.7/site-packages/airflow/example_dags/tutorial_taskflow_api_virtualenv.py
[2022-12-30T00:12:25.358+0000] {logging_mixin.py:137} INFO - [2022-12-30T00:12:25.358+0000] {dag.py:2676} INFO - Sync 1 DAGs
[2022-12-30T00:12:25.378+0000] {logging_mixin.py:137} INFO - [2022-12-30T00:12:25.378+0000] {dag.py:3427} INFO - Setting next_dagrun for tutorial_taskflow_api_virtualenv to None, run_after=None
[2022-12-30T00:12:25.392+0000] {processor.py:175} INFO - Processing /home/airflow/.local/lib/python3.7/site-packages/airflow/example_dags/tutorial_taskflow_api_virtualenv.py took 0.086 seconds
[2022-12-30T00:12:55.780+0000] {processor.py:153} INFO - Started process (PID=36905) to work on /home/airflow/.local/lib/python3.7/site-packages/airflow/example_dags/tutorial_taskflow_api_virtualenv.py
[2022-12-30T00:12:55.781+0000] {processor.py:743} INFO - Processing file /home/airflow/.local/lib/python3.7/site-packages/airflow/example_dags/tutorial_taskflow_api_virtualenv.py for tasks to queue
[2022-12-30T00:12:55.782+0000] {logging_mixin.py:137} INFO - [2022-12-30T00:12:55.782+0000] {dagbag.py:538} INFO - Filling up the DagBag from /home/airflow/.local/lib/python3.7/site-packages/airflow/example_dags/tutorial_taskflow_api_virtualenv.py
[2022-12-30T00:12:55.797+0000] {processor.py:753} INFO - DAG(s) dict_keys(['tutorial_taskflow_api_virtualenv']) retrieved from /home/airflow/.local/lib/python3.7/site-packages/airflow/example_dags/tutorial_taskflow_api_virtualenv.py
[2022-12-30T00:12:55.827+0000] {logging_mixin.py:137} INFO - [2022-12-30T00:12:55.827+0000] {dag.py:2676} INFO - Sync 1 DAGs
[2022-12-30T00:12:55.855+0000] {logging_mixin.py:137} INFO - [2022-12-30T00:12:55.855+0000] {dag.py:3427} INFO - Setting next_dagrun for tutorial_taskflow_api_virtualenv to None, run_after=None
[2022-12-30T00:12:55.867+0000] {processor.py:175} INFO - Processing /home/airflow/.local/lib/python3.7/site-packages/airflow/example_dags/tutorial_taskflow_api_virtualenv.py took 0.090 seconds
[2022-12-30T00:13:26.180+0000] {processor.py:153} INFO - Started process (PID=37007) to work on /home/airflow/.local/lib/python3.7/site-packages/airflow/example_dags/tutorial_taskflow_api_virtualenv.py
[2022-12-30T00:13:26.180+0000] {processor.py:743} INFO - Processing file /home/airflow/.local/lib/python3.7/site-packages/airflow/example_dags/tutorial_taskflow_api_virtualenv.py for tasks to queue
[2022-12-30T00:13:26.181+0000] {logging_mixin.py:137} INFO - [2022-12-30T00:13:26.181+0000] {dagbag.py:538} INFO - Filling up the DagBag from /home/airflow/.local/lib/python3.7/site-packages/airflow/example_dags/tutorial_taskflow_api_virtualenv.py
[2022-12-30T00:13:26.200+0000] {processor.py:753} INFO - DAG(s) dict_keys(['tutorial_taskflow_api_virtualenv']) retrieved from /home/airflow/.local/lib/python3.7/site-packages/airflow/example_dags/tutorial_taskflow_api_virtualenv.py
[2022-12-30T00:13:26.229+0000] {logging_mixin.py:137} INFO - [2022-12-30T00:13:26.229+0000] {dag.py:2676} INFO - Sync 1 DAGs
[2022-12-30T00:13:26.248+0000] {logging_mixin.py:137} INFO - [2022-12-30T00:13:26.248+0000] {dag.py:3427} INFO - Setting next_dagrun for tutorial_taskflow_api_virtualenv to None, run_after=None
[2022-12-30T00:13:26.260+0000] {processor.py:175} INFO - Processing /home/airflow/.local/lib/python3.7/site-packages/airflow/example_dags/tutorial_taskflow_api_virtualenv.py took 0.082 seconds
[2022-12-30T00:13:56.602+0000] {processor.py:153} INFO - Started process (PID=37089) to work on /home/airflow/.local/lib/python3.7/site-packages/airflow/example_dags/tutorial_taskflow_api_virtualenv.py
[2022-12-30T00:13:56.602+0000] {processor.py:743} INFO - Processing file /home/airflow/.local/lib/python3.7/site-packages/airflow/example_dags/tutorial_taskflow_api_virtualenv.py for tasks to queue
[2022-12-30T00:13:56.603+0000] {logging_mixin.py:137} INFO - [2022-12-30T00:13:56.603+0000] {dagbag.py:538} INFO - Filling up the DagBag from /home/airflow/.local/lib/python3.7/site-packages/airflow/example_dags/tutorial_taskflow_api_virtualenv.py
[2022-12-30T00:13:56.620+0000] {processor.py:753} INFO - DAG(s) dict_keys(['tutorial_taskflow_api_virtualenv']) retrieved from /home/airflow/.local/lib/python3.7/site-packages/airflow/example_dags/tutorial_taskflow_api_virtualenv.py
[2022-12-30T00:13:56.646+0000] {logging_mixin.py:137} INFO - [2022-12-30T00:13:56.646+0000] {dag.py:2676} INFO - Sync 1 DAGs
[2022-12-30T00:13:56.665+0000] {logging_mixin.py:137} INFO - [2022-12-30T00:13:56.665+0000] {dag.py:3427} INFO - Setting next_dagrun for tutorial_taskflow_api_virtualenv to None, run_after=None
[2022-12-30T00:13:56.676+0000] {processor.py:175} INFO - Processing /home/airflow/.local/lib/python3.7/site-packages/airflow/example_dags/tutorial_taskflow_api_virtualenv.py took 0.077 seconds
[2022-12-30T00:14:27.146+0000] {processor.py:153} INFO - Started process (PID=37191) to work on /home/airflow/.local/lib/python3.7/site-packages/airflow/example_dags/tutorial_taskflow_api_virtualenv.py
[2022-12-30T00:14:27.146+0000] {processor.py:743} INFO - Processing file /home/airflow/.local/lib/python3.7/site-packages/airflow/example_dags/tutorial_taskflow_api_virtualenv.py for tasks to queue
[2022-12-30T00:14:27.147+0000] {logging_mixin.py:137} INFO - [2022-12-30T00:14:27.147+0000] {dagbag.py:538} INFO - Filling up the DagBag from /home/airflow/.local/lib/python3.7/site-packages/airflow/example_dags/tutorial_taskflow_api_virtualenv.py
[2022-12-30T00:14:27.162+0000] {processor.py:753} INFO - DAG(s) dict_keys(['tutorial_taskflow_api_virtualenv']) retrieved from /home/airflow/.local/lib/python3.7/site-packages/airflow/example_dags/tutorial_taskflow_api_virtualenv.py
[2022-12-30T00:14:27.193+0000] {logging_mixin.py:137} INFO - [2022-12-30T00:14:27.193+0000] {dag.py:2676} INFO - Sync 1 DAGs
[2022-12-30T00:14:27.211+0000] {logging_mixin.py:137} INFO - [2022-12-30T00:14:27.211+0000] {dag.py:3427} INFO - Setting next_dagrun for tutorial_taskflow_api_virtualenv to None, run_after=None
[2022-12-30T00:14:27.222+0000] {processor.py:175} INFO - Processing /home/airflow/.local/lib/python3.7/site-packages/airflow/example_dags/tutorial_taskflow_api_virtualenv.py took 0.079 seconds
[2022-12-30T00:14:57.587+0000] {processor.py:153} INFO - Started process (PID=37280) to work on /home/airflow/.local/lib/python3.7/site-packages/airflow/example_dags/tutorial_taskflow_api_virtualenv.py
[2022-12-30T00:14:57.588+0000] {processor.py:743} INFO - Processing file /home/airflow/.local/lib/python3.7/site-packages/airflow/example_dags/tutorial_taskflow_api_virtualenv.py for tasks to queue
[2022-12-30T00:14:57.588+0000] {logging_mixin.py:137} INFO - [2022-12-30T00:14:57.588+0000] {dagbag.py:538} INFO - Filling up the DagBag from /home/airflow/.local/lib/python3.7/site-packages/airflow/example_dags/tutorial_taskflow_api_virtualenv.py
[2022-12-30T00:14:57.604+0000] {processor.py:753} INFO - DAG(s) dict_keys(['tutorial_taskflow_api_virtualenv']) retrieved from /home/airflow/.local/lib/python3.7/site-packages/airflow/example_dags/tutorial_taskflow_api_virtualenv.py
[2022-12-30T00:14:57.637+0000] {logging_mixin.py:137} INFO - [2022-12-30T00:14:57.637+0000] {dag.py:2676} INFO - Sync 1 DAGs
[2022-12-30T00:14:57.665+0000] {logging_mixin.py:137} INFO - [2022-12-30T00:14:57.665+0000] {dag.py:3427} INFO - Setting next_dagrun for tutorial_taskflow_api_virtualenv to None, run_after=None
[2022-12-30T00:14:57.678+0000] {processor.py:175} INFO - Processing /home/airflow/.local/lib/python3.7/site-packages/airflow/example_dags/tutorial_taskflow_api_virtualenv.py took 0.094 seconds
[2022-12-30T00:15:27.928+0000] {processor.py:153} INFO - Started process (PID=37375) to work on /home/airflow/.local/lib/python3.7/site-packages/airflow/example_dags/tutorial_taskflow_api_virtualenv.py
[2022-12-30T00:15:27.928+0000] {processor.py:743} INFO - Processing file /home/airflow/.local/lib/python3.7/site-packages/airflow/example_dags/tutorial_taskflow_api_virtualenv.py for tasks to queue
[2022-12-30T00:15:27.929+0000] {logging_mixin.py:137} INFO - [2022-12-30T00:15:27.929+0000] {dagbag.py:538} INFO - Filling up the DagBag from /home/airflow/.local/lib/python3.7/site-packages/airflow/example_dags/tutorial_taskflow_api_virtualenv.py
[2022-12-30T00:15:27.944+0000] {processor.py:753} INFO - DAG(s) dict_keys(['tutorial_taskflow_api_virtualenv']) retrieved from /home/airflow/.local/lib/python3.7/site-packages/airflow/example_dags/tutorial_taskflow_api_virtualenv.py
[2022-12-30T00:15:27.972+0000] {logging_mixin.py:137} INFO - [2022-12-30T00:15:27.972+0000] {dag.py:2676} INFO - Sync 1 DAGs
[2022-12-30T00:15:27.990+0000] {logging_mixin.py:137} INFO - [2022-12-30T00:15:27.990+0000] {dag.py:3427} INFO - Setting next_dagrun for tutorial_taskflow_api_virtualenv to None, run_after=None
[2022-12-30T00:15:28.001+0000] {processor.py:175} INFO - Processing /home/airflow/.local/lib/python3.7/site-packages/airflow/example_dags/tutorial_taskflow_api_virtualenv.py took 0.076 seconds
[2022-12-30T00:15:58.829+0000] {processor.py:153} INFO - Started process (PID=37477) to work on /home/airflow/.local/lib/python3.7/site-packages/airflow/example_dags/tutorial_taskflow_api_virtualenv.py
[2022-12-30T00:15:58.829+0000] {processor.py:743} INFO - Processing file /home/airflow/.local/lib/python3.7/site-packages/airflow/example_dags/tutorial_taskflow_api_virtualenv.py for tasks to queue
[2022-12-30T00:15:58.830+0000] {logging_mixin.py:137} INFO - [2022-12-30T00:15:58.830+0000] {dagbag.py:538} INFO - Filling up the DagBag from /home/airflow/.local/lib/python3.7/site-packages/airflow/example_dags/tutorial_taskflow_api_virtualenv.py
[2022-12-30T00:15:58.845+0000] {processor.py:753} INFO - DAG(s) dict_keys(['tutorial_taskflow_api_virtualenv']) retrieved from /home/airflow/.local/lib/python3.7/site-packages/airflow/example_dags/tutorial_taskflow_api_virtualenv.py
[2022-12-30T00:15:58.872+0000] {logging_mixin.py:137} INFO - [2022-12-30T00:15:58.872+0000] {dag.py:2676} INFO - Sync 1 DAGs
[2022-12-30T00:15:58.892+0000] {logging_mixin.py:137} INFO - [2022-12-30T00:15:58.892+0000] {dag.py:3427} INFO - Setting next_dagrun for tutorial_taskflow_api_virtualenv to None, run_after=None
[2022-12-30T00:15:58.907+0000] {processor.py:175} INFO - Processing /home/airflow/.local/lib/python3.7/site-packages/airflow/example_dags/tutorial_taskflow_api_virtualenv.py took 0.081 seconds
[2022-12-30T00:16:29.273+0000] {processor.py:153} INFO - Started process (PID=37559) to work on /home/airflow/.local/lib/python3.7/site-packages/airflow/example_dags/tutorial_taskflow_api_virtualenv.py
[2022-12-30T00:16:29.274+0000] {processor.py:743} INFO - Processing file /home/airflow/.local/lib/python3.7/site-packages/airflow/example_dags/tutorial_taskflow_api_virtualenv.py for tasks to queue
[2022-12-30T00:16:29.274+0000] {logging_mixin.py:137} INFO - [2022-12-30T00:16:29.274+0000] {dagbag.py:538} INFO - Filling up the DagBag from /home/airflow/.local/lib/python3.7/site-packages/airflow/example_dags/tutorial_taskflow_api_virtualenv.py
[2022-12-30T00:16:29.289+0000] {processor.py:753} INFO - DAG(s) dict_keys(['tutorial_taskflow_api_virtualenv']) retrieved from /home/airflow/.local/lib/python3.7/site-packages/airflow/example_dags/tutorial_taskflow_api_virtualenv.py
[2022-12-30T00:16:29.321+0000] {logging_mixin.py:137} INFO - [2022-12-30T00:16:29.321+0000] {dag.py:2676} INFO - Sync 1 DAGs
[2022-12-30T00:16:29.340+0000] {logging_mixin.py:137} INFO - [2022-12-30T00:16:29.340+0000] {dag.py:3427} INFO - Setting next_dagrun for tutorial_taskflow_api_virtualenv to None, run_after=None
[2022-12-30T00:16:29.358+0000] {processor.py:175} INFO - Processing /home/airflow/.local/lib/python3.7/site-packages/airflow/example_dags/tutorial_taskflow_api_virtualenv.py took 0.088 seconds
[2022-12-30T00:16:59.764+0000] {processor.py:153} INFO - Started process (PID=37661) to work on /home/airflow/.local/lib/python3.7/site-packages/airflow/example_dags/tutorial_taskflow_api_virtualenv.py
[2022-12-30T00:16:59.765+0000] {processor.py:743} INFO - Processing file /home/airflow/.local/lib/python3.7/site-packages/airflow/example_dags/tutorial_taskflow_api_virtualenv.py for tasks to queue
[2022-12-30T00:16:59.765+0000] {logging_mixin.py:137} INFO - [2022-12-30T00:16:59.765+0000] {dagbag.py:538} INFO - Filling up the DagBag from /home/airflow/.local/lib/python3.7/site-packages/airflow/example_dags/tutorial_taskflow_api_virtualenv.py
[2022-12-30T00:16:59.780+0000] {processor.py:753} INFO - DAG(s) dict_keys(['tutorial_taskflow_api_virtualenv']) retrieved from /home/airflow/.local/lib/python3.7/site-packages/airflow/example_dags/tutorial_taskflow_api_virtualenv.py
[2022-12-30T00:16:59.805+0000] {logging_mixin.py:137} INFO - [2022-12-30T00:16:59.805+0000] {dag.py:2676} INFO - Sync 1 DAGs
[2022-12-30T00:16:59.823+0000] {logging_mixin.py:137} INFO - [2022-12-30T00:16:59.823+0000] {dag.py:3427} INFO - Setting next_dagrun for tutorial_taskflow_api_virtualenv to None, run_after=None
[2022-12-30T00:16:59.834+0000] {processor.py:175} INFO - Processing /home/airflow/.local/lib/python3.7/site-packages/airflow/example_dags/tutorial_taskflow_api_virtualenv.py took 0.073 seconds
[2022-12-30T00:17:30.444+0000] {processor.py:153} INFO - Started process (PID=37743) to work on /home/airflow/.local/lib/python3.7/site-packages/airflow/example_dags/tutorial_taskflow_api_virtualenv.py
[2022-12-30T00:17:30.445+0000] {processor.py:743} INFO - Processing file /home/airflow/.local/lib/python3.7/site-packages/airflow/example_dags/tutorial_taskflow_api_virtualenv.py for tasks to queue
[2022-12-30T00:17:30.446+0000] {logging_mixin.py:137} INFO - [2022-12-30T00:17:30.445+0000] {dagbag.py:538} INFO - Filling up the DagBag from /home/airflow/.local/lib/python3.7/site-packages/airflow/example_dags/tutorial_taskflow_api_virtualenv.py
[2022-12-30T00:17:30.463+0000] {processor.py:753} INFO - DAG(s) dict_keys(['tutorial_taskflow_api_virtualenv']) retrieved from /home/airflow/.local/lib/python3.7/site-packages/airflow/example_dags/tutorial_taskflow_api_virtualenv.py
[2022-12-30T00:17:30.490+0000] {logging_mixin.py:137} INFO - [2022-12-30T00:17:30.490+0000] {dag.py:2676} INFO - Sync 1 DAGs
[2022-12-30T00:17:30.508+0000] {logging_mixin.py:137} INFO - [2022-12-30T00:17:30.508+0000] {dag.py:3427} INFO - Setting next_dagrun for tutorial_taskflow_api_virtualenv to None, run_after=None
[2022-12-30T00:17:30.520+0000] {processor.py:175} INFO - Processing /home/airflow/.local/lib/python3.7/site-packages/airflow/example_dags/tutorial_taskflow_api_virtualenv.py took 0.078 seconds
[2022-12-30T00:18:00.881+0000] {processor.py:153} INFO - Started process (PID=37846) to work on /home/airflow/.local/lib/python3.7/site-packages/airflow/example_dags/tutorial_taskflow_api_virtualenv.py
[2022-12-30T00:18:00.881+0000] {processor.py:743} INFO - Processing file /home/airflow/.local/lib/python3.7/site-packages/airflow/example_dags/tutorial_taskflow_api_virtualenv.py for tasks to queue
[2022-12-30T00:18:00.882+0000] {logging_mixin.py:137} INFO - [2022-12-30T00:18:00.882+0000] {dagbag.py:538} INFO - Filling up the DagBag from /home/airflow/.local/lib/python3.7/site-packages/airflow/example_dags/tutorial_taskflow_api_virtualenv.py
[2022-12-30T00:18:00.898+0000] {processor.py:753} INFO - DAG(s) dict_keys(['tutorial_taskflow_api_virtualenv']) retrieved from /home/airflow/.local/lib/python3.7/site-packages/airflow/example_dags/tutorial_taskflow_api_virtualenv.py
[2022-12-30T00:18:00.929+0000] {logging_mixin.py:137} INFO - [2022-12-30T00:18:00.929+0000] {dag.py:2676} INFO - Sync 1 DAGs
[2022-12-30T00:18:00.948+0000] {logging_mixin.py:137} INFO - [2022-12-30T00:18:00.948+0000] {dag.py:3427} INFO - Setting next_dagrun for tutorial_taskflow_api_virtualenv to None, run_after=None
[2022-12-30T00:18:00.960+0000] {processor.py:175} INFO - Processing /home/airflow/.local/lib/python3.7/site-packages/airflow/example_dags/tutorial_taskflow_api_virtualenv.py took 0.082 seconds
[2022-12-30T00:18:31.336+0000] {processor.py:153} INFO - Started process (PID=37929) to work on /home/airflow/.local/lib/python3.7/site-packages/airflow/example_dags/tutorial_taskflow_api_virtualenv.py
[2022-12-30T00:18:31.336+0000] {processor.py:743} INFO - Processing file /home/airflow/.local/lib/python3.7/site-packages/airflow/example_dags/tutorial_taskflow_api_virtualenv.py for tasks to queue
[2022-12-30T00:18:31.337+0000] {logging_mixin.py:137} INFO - [2022-12-30T00:18:31.337+0000] {dagbag.py:538} INFO - Filling up the DagBag from /home/airflow/.local/lib/python3.7/site-packages/airflow/example_dags/tutorial_taskflow_api_virtualenv.py
[2022-12-30T00:18:31.354+0000] {processor.py:753} INFO - DAG(s) dict_keys(['tutorial_taskflow_api_virtualenv']) retrieved from /home/airflow/.local/lib/python3.7/site-packages/airflow/example_dags/tutorial_taskflow_api_virtualenv.py
[2022-12-30T00:18:31.385+0000] {logging_mixin.py:137} INFO - [2022-12-30T00:18:31.384+0000] {dag.py:2676} INFO - Sync 1 DAGs
[2022-12-30T00:18:31.407+0000] {logging_mixin.py:137} INFO - [2022-12-30T00:18:31.407+0000] {dag.py:3427} INFO - Setting next_dagrun for tutorial_taskflow_api_virtualenv to None, run_after=None
[2022-12-30T00:18:31.426+0000] {processor.py:175} INFO - Processing /home/airflow/.local/lib/python3.7/site-packages/airflow/example_dags/tutorial_taskflow_api_virtualenv.py took 0.093 seconds
[2022-12-30T00:19:02.001+0000] {processor.py:153} INFO - Started process (PID=38031) to work on /home/airflow/.local/lib/python3.7/site-packages/airflow/example_dags/tutorial_taskflow_api_virtualenv.py
[2022-12-30T00:19:02.002+0000] {processor.py:743} INFO - Processing file /home/airflow/.local/lib/python3.7/site-packages/airflow/example_dags/tutorial_taskflow_api_virtualenv.py for tasks to queue
[2022-12-30T00:19:02.002+0000] {logging_mixin.py:137} INFO - [2022-12-30T00:19:02.002+0000] {dagbag.py:538} INFO - Filling up the DagBag from /home/airflow/.local/lib/python3.7/site-packages/airflow/example_dags/tutorial_taskflow_api_virtualenv.py
[2022-12-30T00:19:02.020+0000] {processor.py:753} INFO - DAG(s) dict_keys(['tutorial_taskflow_api_virtualenv']) retrieved from /home/airflow/.local/lib/python3.7/site-packages/airflow/example_dags/tutorial_taskflow_api_virtualenv.py
[2022-12-30T00:19:02.051+0000] {logging_mixin.py:137} INFO - [2022-12-30T00:19:02.051+0000] {dag.py:2676} INFO - Sync 1 DAGs
[2022-12-30T00:19:02.073+0000] {logging_mixin.py:137} INFO - [2022-12-30T00:19:02.073+0000] {dag.py:3427} INFO - Setting next_dagrun for tutorial_taskflow_api_virtualenv to None, run_after=None
[2022-12-30T00:19:02.087+0000] {processor.py:175} INFO - Processing /home/airflow/.local/lib/python3.7/site-packages/airflow/example_dags/tutorial_taskflow_api_virtualenv.py took 0.089 seconds
[2022-12-30T00:19:32.666+0000] {processor.py:153} INFO - Started process (PID=38133) to work on /home/airflow/.local/lib/python3.7/site-packages/airflow/example_dags/tutorial_taskflow_api_virtualenv.py
[2022-12-30T00:19:32.666+0000] {processor.py:743} INFO - Processing file /home/airflow/.local/lib/python3.7/site-packages/airflow/example_dags/tutorial_taskflow_api_virtualenv.py for tasks to queue
[2022-12-30T00:19:32.668+0000] {logging_mixin.py:137} INFO - [2022-12-30T00:19:32.667+0000] {dagbag.py:538} INFO - Filling up the DagBag from /home/airflow/.local/lib/python3.7/site-packages/airflow/example_dags/tutorial_taskflow_api_virtualenv.py
[2022-12-30T00:19:32.683+0000] {processor.py:753} INFO - DAG(s) dict_keys(['tutorial_taskflow_api_virtualenv']) retrieved from /home/airflow/.local/lib/python3.7/site-packages/airflow/example_dags/tutorial_taskflow_api_virtualenv.py
[2022-12-30T00:19:32.715+0000] {logging_mixin.py:137} INFO - [2022-12-30T00:19:32.714+0000] {dag.py:2676} INFO - Sync 1 DAGs
[2022-12-30T00:19:32.736+0000] {logging_mixin.py:137} INFO - [2022-12-30T00:19:32.736+0000] {dag.py:3427} INFO - Setting next_dagrun for tutorial_taskflow_api_virtualenv to None, run_after=None
[2022-12-30T00:19:32.749+0000] {processor.py:175} INFO - Processing /home/airflow/.local/lib/python3.7/site-packages/airflow/example_dags/tutorial_taskflow_api_virtualenv.py took 0.086 seconds
[2022-12-30T00:20:03.375+0000] {processor.py:153} INFO - Started process (PID=38215) to work on /home/airflow/.local/lib/python3.7/site-packages/airflow/example_dags/tutorial_taskflow_api_virtualenv.py
[2022-12-30T00:20:03.376+0000] {processor.py:743} INFO - Processing file /home/airflow/.local/lib/python3.7/site-packages/airflow/example_dags/tutorial_taskflow_api_virtualenv.py for tasks to queue
[2022-12-30T00:20:03.376+0000] {logging_mixin.py:137} INFO - [2022-12-30T00:20:03.376+0000] {dagbag.py:538} INFO - Filling up the DagBag from /home/airflow/.local/lib/python3.7/site-packages/airflow/example_dags/tutorial_taskflow_api_virtualenv.py
[2022-12-30T00:20:03.391+0000] {processor.py:753} INFO - DAG(s) dict_keys(['tutorial_taskflow_api_virtualenv']) retrieved from /home/airflow/.local/lib/python3.7/site-packages/airflow/example_dags/tutorial_taskflow_api_virtualenv.py
[2022-12-30T00:20:03.419+0000] {logging_mixin.py:137} INFO - [2022-12-30T00:20:03.418+0000] {dag.py:2676} INFO - Sync 1 DAGs
[2022-12-30T00:20:03.438+0000] {logging_mixin.py:137} INFO - [2022-12-30T00:20:03.438+0000] {dag.py:3427} INFO - Setting next_dagrun for tutorial_taskflow_api_virtualenv to None, run_after=None
[2022-12-30T00:20:03.451+0000] {processor.py:175} INFO - Processing /home/airflow/.local/lib/python3.7/site-packages/airflow/example_dags/tutorial_taskflow_api_virtualenv.py took 0.078 seconds
[2022-12-30T00:20:34.159+0000] {processor.py:153} INFO - Started process (PID=38317) to work on /home/airflow/.local/lib/python3.7/site-packages/airflow/example_dags/tutorial_taskflow_api_virtualenv.py
[2022-12-30T00:20:34.160+0000] {processor.py:743} INFO - Processing file /home/airflow/.local/lib/python3.7/site-packages/airflow/example_dags/tutorial_taskflow_api_virtualenv.py for tasks to queue
[2022-12-30T00:20:34.160+0000] {logging_mixin.py:137} INFO - [2022-12-30T00:20:34.160+0000] {dagbag.py:538} INFO - Filling up the DagBag from /home/airflow/.local/lib/python3.7/site-packages/airflow/example_dags/tutorial_taskflow_api_virtualenv.py
[2022-12-30T00:20:34.177+0000] {processor.py:753} INFO - DAG(s) dict_keys(['tutorial_taskflow_api_virtualenv']) retrieved from /home/airflow/.local/lib/python3.7/site-packages/airflow/example_dags/tutorial_taskflow_api_virtualenv.py
[2022-12-30T00:20:34.203+0000] {logging_mixin.py:137} INFO - [2022-12-30T00:20:34.203+0000] {dag.py:2676} INFO - Sync 1 DAGs
[2022-12-30T00:20:34.221+0000] {logging_mixin.py:137} INFO - [2022-12-30T00:20:34.221+0000] {dag.py:3427} INFO - Setting next_dagrun for tutorial_taskflow_api_virtualenv to None, run_after=None
[2022-12-30T00:20:34.237+0000] {processor.py:175} INFO - Processing /home/airflow/.local/lib/python3.7/site-packages/airflow/example_dags/tutorial_taskflow_api_virtualenv.py took 0.080 seconds
[2022-12-30T00:21:04.572+0000] {processor.py:153} INFO - Started process (PID=38400) to work on /home/airflow/.local/lib/python3.7/site-packages/airflow/example_dags/tutorial_taskflow_api_virtualenv.py
[2022-12-30T00:21:04.573+0000] {processor.py:743} INFO - Processing file /home/airflow/.local/lib/python3.7/site-packages/airflow/example_dags/tutorial_taskflow_api_virtualenv.py for tasks to queue
[2022-12-30T00:21:04.573+0000] {logging_mixin.py:137} INFO - [2022-12-30T00:21:04.573+0000] {dagbag.py:538} INFO - Filling up the DagBag from /home/airflow/.local/lib/python3.7/site-packages/airflow/example_dags/tutorial_taskflow_api_virtualenv.py
[2022-12-30T00:21:04.589+0000] {processor.py:753} INFO - DAG(s) dict_keys(['tutorial_taskflow_api_virtualenv']) retrieved from /home/airflow/.local/lib/python3.7/site-packages/airflow/example_dags/tutorial_taskflow_api_virtualenv.py
[2022-12-30T00:21:04.619+0000] {logging_mixin.py:137} INFO - [2022-12-30T00:21:04.619+0000] {dag.py:2676} INFO - Sync 1 DAGs
[2022-12-30T00:21:04.639+0000] {logging_mixin.py:137} INFO - [2022-12-30T00:21:04.639+0000] {dag.py:3427} INFO - Setting next_dagrun for tutorial_taskflow_api_virtualenv to None, run_after=None
[2022-12-30T00:21:04.651+0000] {processor.py:175} INFO - Processing /home/airflow/.local/lib/python3.7/site-packages/airflow/example_dags/tutorial_taskflow_api_virtualenv.py took 0.081 seconds
[2022-12-30T00:21:35.450+0000] {processor.py:153} INFO - Started process (PID=38503) to work on /home/airflow/.local/lib/python3.7/site-packages/airflow/example_dags/tutorial_taskflow_api_virtualenv.py
[2022-12-30T00:21:35.450+0000] {processor.py:743} INFO - Processing file /home/airflow/.local/lib/python3.7/site-packages/airflow/example_dags/tutorial_taskflow_api_virtualenv.py for tasks to queue
[2022-12-30T00:21:35.451+0000] {logging_mixin.py:137} INFO - [2022-12-30T00:21:35.451+0000] {dagbag.py:538} INFO - Filling up the DagBag from /home/airflow/.local/lib/python3.7/site-packages/airflow/example_dags/tutorial_taskflow_api_virtualenv.py
[2022-12-30T00:21:35.467+0000] {processor.py:753} INFO - DAG(s) dict_keys(['tutorial_taskflow_api_virtualenv']) retrieved from /home/airflow/.local/lib/python3.7/site-packages/airflow/example_dags/tutorial_taskflow_api_virtualenv.py
[2022-12-30T00:21:35.498+0000] {logging_mixin.py:137} INFO - [2022-12-30T00:21:35.498+0000] {dag.py:2676} INFO - Sync 1 DAGs
[2022-12-30T00:21:35.516+0000] {logging_mixin.py:137} INFO - [2022-12-30T00:21:35.516+0000] {dag.py:3427} INFO - Setting next_dagrun for tutorial_taskflow_api_virtualenv to None, run_after=None
[2022-12-30T00:21:35.530+0000] {processor.py:175} INFO - Processing /home/airflow/.local/lib/python3.7/site-packages/airflow/example_dags/tutorial_taskflow_api_virtualenv.py took 0.083 seconds
[2022-12-30T00:22:05.718+0000] {processor.py:153} INFO - Started process (PID=38585) to work on /home/airflow/.local/lib/python3.7/site-packages/airflow/example_dags/tutorial_taskflow_api_virtualenv.py
[2022-12-30T00:22:05.719+0000] {processor.py:743} INFO - Processing file /home/airflow/.local/lib/python3.7/site-packages/airflow/example_dags/tutorial_taskflow_api_virtualenv.py for tasks to queue
[2022-12-30T00:22:05.719+0000] {logging_mixin.py:137} INFO - [2022-12-30T00:22:05.719+0000] {dagbag.py:538} INFO - Filling up the DagBag from /home/airflow/.local/lib/python3.7/site-packages/airflow/example_dags/tutorial_taskflow_api_virtualenv.py
[2022-12-30T00:22:05.735+0000] {processor.py:753} INFO - DAG(s) dict_keys(['tutorial_taskflow_api_virtualenv']) retrieved from /home/airflow/.local/lib/python3.7/site-packages/airflow/example_dags/tutorial_taskflow_api_virtualenv.py
[2022-12-30T00:22:05.761+0000] {logging_mixin.py:137} INFO - [2022-12-30T00:22:05.761+0000] {dag.py:2676} INFO - Sync 1 DAGs
[2022-12-30T00:22:05.779+0000] {logging_mixin.py:137} INFO - [2022-12-30T00:22:05.779+0000] {dag.py:3427} INFO - Setting next_dagrun for tutorial_taskflow_api_virtualenv to None, run_after=None
[2022-12-30T00:22:05.790+0000] {processor.py:175} INFO - Processing /home/airflow/.local/lib/python3.7/site-packages/airflow/example_dags/tutorial_taskflow_api_virtualenv.py took 0.074 seconds
[2022-12-30T00:22:36.244+0000] {processor.py:153} INFO - Started process (PID=38687) to work on /home/airflow/.local/lib/python3.7/site-packages/airflow/example_dags/tutorial_taskflow_api_virtualenv.py
[2022-12-30T00:22:36.245+0000] {processor.py:743} INFO - Processing file /home/airflow/.local/lib/python3.7/site-packages/airflow/example_dags/tutorial_taskflow_api_virtualenv.py for tasks to queue
[2022-12-30T00:22:36.245+0000] {logging_mixin.py:137} INFO - [2022-12-30T00:22:36.245+0000] {dagbag.py:538} INFO - Filling up the DagBag from /home/airflow/.local/lib/python3.7/site-packages/airflow/example_dags/tutorial_taskflow_api_virtualenv.py
[2022-12-30T00:22:36.260+0000] {processor.py:753} INFO - DAG(s) dict_keys(['tutorial_taskflow_api_virtualenv']) retrieved from /home/airflow/.local/lib/python3.7/site-packages/airflow/example_dags/tutorial_taskflow_api_virtualenv.py
[2022-12-30T00:22:36.287+0000] {logging_mixin.py:137} INFO - [2022-12-30T00:22:36.287+0000] {dag.py:2676} INFO - Sync 1 DAGs
[2022-12-30T00:22:36.306+0000] {logging_mixin.py:137} INFO - [2022-12-30T00:22:36.306+0000] {dag.py:3427} INFO - Setting next_dagrun for tutorial_taskflow_api_virtualenv to None, run_after=None
[2022-12-30T00:22:36.318+0000] {processor.py:175} INFO - Processing /home/airflow/.local/lib/python3.7/site-packages/airflow/example_dags/tutorial_taskflow_api_virtualenv.py took 0.077 seconds
[2022-12-30T00:23:07.224+0000] {processor.py:153} INFO - Started process (PID=38789) to work on /home/airflow/.local/lib/python3.7/site-packages/airflow/example_dags/tutorial_taskflow_api_virtualenv.py
[2022-12-30T00:23:07.225+0000] {processor.py:743} INFO - Processing file /home/airflow/.local/lib/python3.7/site-packages/airflow/example_dags/tutorial_taskflow_api_virtualenv.py for tasks to queue
[2022-12-30T00:23:07.226+0000] {logging_mixin.py:137} INFO - [2022-12-30T00:23:07.225+0000] {dagbag.py:538} INFO - Filling up the DagBag from /home/airflow/.local/lib/python3.7/site-packages/airflow/example_dags/tutorial_taskflow_api_virtualenv.py
[2022-12-30T00:23:07.243+0000] {processor.py:753} INFO - DAG(s) dict_keys(['tutorial_taskflow_api_virtualenv']) retrieved from /home/airflow/.local/lib/python3.7/site-packages/airflow/example_dags/tutorial_taskflow_api_virtualenv.py
[2022-12-30T00:23:07.277+0000] {logging_mixin.py:137} INFO - [2022-12-30T00:23:07.277+0000] {dag.py:2676} INFO - Sync 1 DAGs
[2022-12-30T00:23:07.308+0000] {logging_mixin.py:137} INFO - [2022-12-30T00:23:07.308+0000] {dag.py:3427} INFO - Setting next_dagrun for tutorial_taskflow_api_virtualenv to None, run_after=None
[2022-12-30T00:23:07.326+0000] {processor.py:175} INFO - Processing /home/airflow/.local/lib/python3.7/site-packages/airflow/example_dags/tutorial_taskflow_api_virtualenv.py took 0.105 seconds
[2022-12-30T00:23:37.982+0000] {processor.py:153} INFO - Started process (PID=38871) to work on /home/airflow/.local/lib/python3.7/site-packages/airflow/example_dags/tutorial_taskflow_api_virtualenv.py
[2022-12-30T00:23:37.983+0000] {processor.py:743} INFO - Processing file /home/airflow/.local/lib/python3.7/site-packages/airflow/example_dags/tutorial_taskflow_api_virtualenv.py for tasks to queue
[2022-12-30T00:23:37.984+0000] {logging_mixin.py:137} INFO - [2022-12-30T00:23:37.984+0000] {dagbag.py:538} INFO - Filling up the DagBag from /home/airflow/.local/lib/python3.7/site-packages/airflow/example_dags/tutorial_taskflow_api_virtualenv.py
[2022-12-30T00:23:37.999+0000] {processor.py:753} INFO - DAG(s) dict_keys(['tutorial_taskflow_api_virtualenv']) retrieved from /home/airflow/.local/lib/python3.7/site-packages/airflow/example_dags/tutorial_taskflow_api_virtualenv.py
[2022-12-30T00:23:38.035+0000] {logging_mixin.py:137} INFO - [2022-12-30T00:23:38.034+0000] {dag.py:2676} INFO - Sync 1 DAGs
[2022-12-30T00:23:38.055+0000] {logging_mixin.py:137} INFO - [2022-12-30T00:23:38.055+0000] {dag.py:3427} INFO - Setting next_dagrun for tutorial_taskflow_api_virtualenv to None, run_after=None
[2022-12-30T00:23:38.067+0000] {processor.py:175} INFO - Processing /home/airflow/.local/lib/python3.7/site-packages/airflow/example_dags/tutorial_taskflow_api_virtualenv.py took 0.087 seconds
[2022-12-30T00:24:08.487+0000] {processor.py:153} INFO - Started process (PID=38973) to work on /home/airflow/.local/lib/python3.7/site-packages/airflow/example_dags/tutorial_taskflow_api_virtualenv.py
[2022-12-30T00:24:08.487+0000] {processor.py:743} INFO - Processing file /home/airflow/.local/lib/python3.7/site-packages/airflow/example_dags/tutorial_taskflow_api_virtualenv.py for tasks to queue
[2022-12-30T00:24:08.488+0000] {logging_mixin.py:137} INFO - [2022-12-30T00:24:08.488+0000] {dagbag.py:538} INFO - Filling up the DagBag from /home/airflow/.local/lib/python3.7/site-packages/airflow/example_dags/tutorial_taskflow_api_virtualenv.py
[2022-12-30T00:24:08.504+0000] {processor.py:753} INFO - DAG(s) dict_keys(['tutorial_taskflow_api_virtualenv']) retrieved from /home/airflow/.local/lib/python3.7/site-packages/airflow/example_dags/tutorial_taskflow_api_virtualenv.py
[2022-12-30T00:24:08.536+0000] {logging_mixin.py:137} INFO - [2022-12-30T00:24:08.536+0000] {dag.py:2676} INFO - Sync 1 DAGs
[2022-12-30T00:24:08.555+0000] {logging_mixin.py:137} INFO - [2022-12-30T00:24:08.555+0000] {dag.py:3427} INFO - Setting next_dagrun for tutorial_taskflow_api_virtualenv to None, run_after=None
[2022-12-30T00:24:08.573+0000] {processor.py:175} INFO - Processing /home/airflow/.local/lib/python3.7/site-packages/airflow/example_dags/tutorial_taskflow_api_virtualenv.py took 0.090 seconds
[2022-12-30T00:24:39.578+0000] {processor.py:153} INFO - Started process (PID=39055) to work on /home/airflow/.local/lib/python3.7/site-packages/airflow/example_dags/tutorial_taskflow_api_virtualenv.py
[2022-12-30T00:24:39.579+0000] {processor.py:743} INFO - Processing file /home/airflow/.local/lib/python3.7/site-packages/airflow/example_dags/tutorial_taskflow_api_virtualenv.py for tasks to queue
[2022-12-30T00:24:39.579+0000] {logging_mixin.py:137} INFO - [2022-12-30T00:24:39.579+0000] {dagbag.py:538} INFO - Filling up the DagBag from /home/airflow/.local/lib/python3.7/site-packages/airflow/example_dags/tutorial_taskflow_api_virtualenv.py
[2022-12-30T00:24:39.599+0000] {processor.py:753} INFO - DAG(s) dict_keys(['tutorial_taskflow_api_virtualenv']) retrieved from /home/airflow/.local/lib/python3.7/site-packages/airflow/example_dags/tutorial_taskflow_api_virtualenv.py
[2022-12-30T00:24:39.630+0000] {logging_mixin.py:137} INFO - [2022-12-30T00:24:39.630+0000] {dag.py:2676} INFO - Sync 1 DAGs
[2022-12-30T00:24:39.648+0000] {logging_mixin.py:137} INFO - [2022-12-30T00:24:39.648+0000] {dag.py:3427} INFO - Setting next_dagrun for tutorial_taskflow_api_virtualenv to None, run_after=None
[2022-12-30T00:24:39.660+0000] {processor.py:175} INFO - Processing /home/airflow/.local/lib/python3.7/site-packages/airflow/example_dags/tutorial_taskflow_api_virtualenv.py took 0.085 seconds
[2022-12-30T00:25:10.084+0000] {processor.py:153} INFO - Started process (PID=39157) to work on /home/airflow/.local/lib/python3.7/site-packages/airflow/example_dags/tutorial_taskflow_api_virtualenv.py
[2022-12-30T00:25:10.085+0000] {processor.py:743} INFO - Processing file /home/airflow/.local/lib/python3.7/site-packages/airflow/example_dags/tutorial_taskflow_api_virtualenv.py for tasks to queue
[2022-12-30T00:25:10.085+0000] {logging_mixin.py:137} INFO - [2022-12-30T00:25:10.085+0000] {dagbag.py:538} INFO - Filling up the DagBag from /home/airflow/.local/lib/python3.7/site-packages/airflow/example_dags/tutorial_taskflow_api_virtualenv.py
[2022-12-30T00:25:10.100+0000] {processor.py:753} INFO - DAG(s) dict_keys(['tutorial_taskflow_api_virtualenv']) retrieved from /home/airflow/.local/lib/python3.7/site-packages/airflow/example_dags/tutorial_taskflow_api_virtualenv.py
[2022-12-30T00:25:10.127+0000] {logging_mixin.py:137} INFO - [2022-12-30T00:25:10.127+0000] {dag.py:2676} INFO - Sync 1 DAGs
[2022-12-30T00:25:10.145+0000] {logging_mixin.py:137} INFO - [2022-12-30T00:25:10.144+0000] {dag.py:3427} INFO - Setting next_dagrun for tutorial_taskflow_api_virtualenv to None, run_after=None
[2022-12-30T00:25:10.156+0000] {processor.py:175} INFO - Processing /home/airflow/.local/lib/python3.7/site-packages/airflow/example_dags/tutorial_taskflow_api_virtualenv.py took 0.075 seconds
[2022-12-30T00:25:40.649+0000] {processor.py:153} INFO - Started process (PID=39239) to work on /home/airflow/.local/lib/python3.7/site-packages/airflow/example_dags/tutorial_taskflow_api_virtualenv.py
[2022-12-30T00:25:40.650+0000] {processor.py:743} INFO - Processing file /home/airflow/.local/lib/python3.7/site-packages/airflow/example_dags/tutorial_taskflow_api_virtualenv.py for tasks to queue
[2022-12-30T00:25:40.651+0000] {logging_mixin.py:137} INFO - [2022-12-30T00:25:40.651+0000] {dagbag.py:538} INFO - Filling up the DagBag from /home/airflow/.local/lib/python3.7/site-packages/airflow/example_dags/tutorial_taskflow_api_virtualenv.py
[2022-12-30T00:25:40.666+0000] {processor.py:753} INFO - DAG(s) dict_keys(['tutorial_taskflow_api_virtualenv']) retrieved from /home/airflow/.local/lib/python3.7/site-packages/airflow/example_dags/tutorial_taskflow_api_virtualenv.py
[2022-12-30T00:25:40.698+0000] {logging_mixin.py:137} INFO - [2022-12-30T00:25:40.698+0000] {dag.py:2676} INFO - Sync 1 DAGs
[2022-12-30T00:25:40.716+0000] {logging_mixin.py:137} INFO - [2022-12-30T00:25:40.715+0000] {dag.py:3427} INFO - Setting next_dagrun for tutorial_taskflow_api_virtualenv to None, run_after=None
[2022-12-30T00:25:40.727+0000] {processor.py:175} INFO - Processing /home/airflow/.local/lib/python3.7/site-packages/airflow/example_dags/tutorial_taskflow_api_virtualenv.py took 0.081 seconds
[2022-12-30T00:26:11.168+0000] {processor.py:153} INFO - Started process (PID=39341) to work on /home/airflow/.local/lib/python3.7/site-packages/airflow/example_dags/tutorial_taskflow_api_virtualenv.py
[2022-12-30T00:26:11.169+0000] {processor.py:743} INFO - Processing file /home/airflow/.local/lib/python3.7/site-packages/airflow/example_dags/tutorial_taskflow_api_virtualenv.py for tasks to queue
[2022-12-30T00:26:11.169+0000] {logging_mixin.py:137} INFO - [2022-12-30T00:26:11.169+0000] {dagbag.py:538} INFO - Filling up the DagBag from /home/airflow/.local/lib/python3.7/site-packages/airflow/example_dags/tutorial_taskflow_api_virtualenv.py
[2022-12-30T00:26:11.187+0000] {processor.py:753} INFO - DAG(s) dict_keys(['tutorial_taskflow_api_virtualenv']) retrieved from /home/airflow/.local/lib/python3.7/site-packages/airflow/example_dags/tutorial_taskflow_api_virtualenv.py
[2022-12-30T00:26:11.217+0000] {logging_mixin.py:137} INFO - [2022-12-30T00:26:11.217+0000] {dag.py:2676} INFO - Sync 1 DAGs
[2022-12-30T00:26:11.235+0000] {logging_mixin.py:137} INFO - [2022-12-30T00:26:11.234+0000] {dag.py:3427} INFO - Setting next_dagrun for tutorial_taskflow_api_virtualenv to None, run_after=None
[2022-12-30T00:26:11.248+0000] {processor.py:175} INFO - Processing /home/airflow/.local/lib/python3.7/site-packages/airflow/example_dags/tutorial_taskflow_api_virtualenv.py took 0.083 seconds
[2022-12-30T00:26:41.968+0000] {processor.py:153} INFO - Started process (PID=39443) to work on /home/airflow/.local/lib/python3.7/site-packages/airflow/example_dags/tutorial_taskflow_api_virtualenv.py
[2022-12-30T00:26:41.969+0000] {processor.py:743} INFO - Processing file /home/airflow/.local/lib/python3.7/site-packages/airflow/example_dags/tutorial_taskflow_api_virtualenv.py for tasks to queue
[2022-12-30T00:26:41.969+0000] {logging_mixin.py:137} INFO - [2022-12-30T00:26:41.969+0000] {dagbag.py:538} INFO - Filling up the DagBag from /home/airflow/.local/lib/python3.7/site-packages/airflow/example_dags/tutorial_taskflow_api_virtualenv.py
[2022-12-30T00:26:41.988+0000] {processor.py:753} INFO - DAG(s) dict_keys(['tutorial_taskflow_api_virtualenv']) retrieved from /home/airflow/.local/lib/python3.7/site-packages/airflow/example_dags/tutorial_taskflow_api_virtualenv.py
[2022-12-30T00:26:42.018+0000] {logging_mixin.py:137} INFO - [2022-12-30T00:26:42.018+0000] {dag.py:2676} INFO - Sync 1 DAGs
[2022-12-30T00:26:42.044+0000] {logging_mixin.py:137} INFO - [2022-12-30T00:26:42.044+0000] {dag.py:3427} INFO - Setting next_dagrun for tutorial_taskflow_api_virtualenv to None, run_after=None
[2022-12-30T00:26:42.058+0000] {processor.py:175} INFO - Processing /home/airflow/.local/lib/python3.7/site-packages/airflow/example_dags/tutorial_taskflow_api_virtualenv.py took 0.093 seconds
[2022-12-30T00:27:12.098+0000] {processor.py:153} INFO - Started process (PID=39526) to work on /home/airflow/.local/lib/python3.7/site-packages/airflow/example_dags/tutorial_taskflow_api_virtualenv.py
[2022-12-30T00:27:12.098+0000] {processor.py:743} INFO - Processing file /home/airflow/.local/lib/python3.7/site-packages/airflow/example_dags/tutorial_taskflow_api_virtualenv.py for tasks to queue
[2022-12-30T00:27:12.099+0000] {logging_mixin.py:137} INFO - [2022-12-30T00:27:12.099+0000] {dagbag.py:538} INFO - Filling up the DagBag from /home/airflow/.local/lib/python3.7/site-packages/airflow/example_dags/tutorial_taskflow_api_virtualenv.py
[2022-12-30T00:27:12.114+0000] {processor.py:753} INFO - DAG(s) dict_keys(['tutorial_taskflow_api_virtualenv']) retrieved from /home/airflow/.local/lib/python3.7/site-packages/airflow/example_dags/tutorial_taskflow_api_virtualenv.py
[2022-12-30T00:27:12.142+0000] {logging_mixin.py:137} INFO - [2022-12-30T00:27:12.142+0000] {dag.py:2676} INFO - Sync 1 DAGs
[2022-12-30T00:27:12.161+0000] {logging_mixin.py:137} INFO - [2022-12-30T00:27:12.160+0000] {dag.py:3427} INFO - Setting next_dagrun for tutorial_taskflow_api_virtualenv to None, run_after=None
[2022-12-30T00:27:12.172+0000] {processor.py:175} INFO - Processing /home/airflow/.local/lib/python3.7/site-packages/airflow/example_dags/tutorial_taskflow_api_virtualenv.py took 0.076 seconds
[2022-12-30T00:27:42.616+0000] {processor.py:153} INFO - Started process (PID=39628) to work on /home/airflow/.local/lib/python3.7/site-packages/airflow/example_dags/tutorial_taskflow_api_virtualenv.py
[2022-12-30T00:27:42.617+0000] {processor.py:743} INFO - Processing file /home/airflow/.local/lib/python3.7/site-packages/airflow/example_dags/tutorial_taskflow_api_virtualenv.py for tasks to queue
[2022-12-30T00:27:42.617+0000] {logging_mixin.py:137} INFO - [2022-12-30T00:27:42.617+0000] {dagbag.py:538} INFO - Filling up the DagBag from /home/airflow/.local/lib/python3.7/site-packages/airflow/example_dags/tutorial_taskflow_api_virtualenv.py
[2022-12-30T00:27:42.633+0000] {processor.py:753} INFO - DAG(s) dict_keys(['tutorial_taskflow_api_virtualenv']) retrieved from /home/airflow/.local/lib/python3.7/site-packages/airflow/example_dags/tutorial_taskflow_api_virtualenv.py
[2022-12-30T00:27:42.665+0000] {logging_mixin.py:137} INFO - [2022-12-30T00:27:42.664+0000] {dag.py:2676} INFO - Sync 1 DAGs
[2022-12-30T00:27:42.683+0000] {logging_mixin.py:137} INFO - [2022-12-30T00:27:42.683+0000] {dag.py:3427} INFO - Setting next_dagrun for tutorial_taskflow_api_virtualenv to None, run_after=None
[2022-12-30T00:27:42.695+0000] {processor.py:175} INFO - Processing /home/airflow/.local/lib/python3.7/site-packages/airflow/example_dags/tutorial_taskflow_api_virtualenv.py took 0.082 seconds
[2022-12-30T00:28:12.769+0000] {processor.py:153} INFO - Started process (PID=39710) to work on /home/airflow/.local/lib/python3.7/site-packages/airflow/example_dags/tutorial_taskflow_api_virtualenv.py
[2022-12-30T00:28:12.770+0000] {processor.py:743} INFO - Processing file /home/airflow/.local/lib/python3.7/site-packages/airflow/example_dags/tutorial_taskflow_api_virtualenv.py for tasks to queue
[2022-12-30T00:28:12.770+0000] {logging_mixin.py:137} INFO - [2022-12-30T00:28:12.770+0000] {dagbag.py:538} INFO - Filling up the DagBag from /home/airflow/.local/lib/python3.7/site-packages/airflow/example_dags/tutorial_taskflow_api_virtualenv.py
[2022-12-30T00:28:12.787+0000] {processor.py:753} INFO - DAG(s) dict_keys(['tutorial_taskflow_api_virtualenv']) retrieved from /home/airflow/.local/lib/python3.7/site-packages/airflow/example_dags/tutorial_taskflow_api_virtualenv.py
[2022-12-30T00:28:12.818+0000] {logging_mixin.py:137} INFO - [2022-12-30T00:28:12.818+0000] {dag.py:2676} INFO - Sync 1 DAGs
[2022-12-30T00:28:12.843+0000] {logging_mixin.py:137} INFO - [2022-12-30T00:28:12.843+0000] {dag.py:3427} INFO - Setting next_dagrun for tutorial_taskflow_api_virtualenv to None, run_after=None
[2022-12-30T00:28:12.859+0000] {processor.py:175} INFO - Processing /home/airflow/.local/lib/python3.7/site-packages/airflow/example_dags/tutorial_taskflow_api_virtualenv.py took 0.091 seconds
[2022-12-30T00:28:43.541+0000] {processor.py:153} INFO - Started process (PID=39812) to work on /home/airflow/.local/lib/python3.7/site-packages/airflow/example_dags/tutorial_taskflow_api_virtualenv.py
[2022-12-30T00:28:43.542+0000] {processor.py:743} INFO - Processing file /home/airflow/.local/lib/python3.7/site-packages/airflow/example_dags/tutorial_taskflow_api_virtualenv.py for tasks to queue
[2022-12-30T00:28:43.543+0000] {logging_mixin.py:137} INFO - [2022-12-30T00:28:43.543+0000] {dagbag.py:538} INFO - Filling up the DagBag from /home/airflow/.local/lib/python3.7/site-packages/airflow/example_dags/tutorial_taskflow_api_virtualenv.py
[2022-12-30T00:28:43.561+0000] {processor.py:753} INFO - DAG(s) dict_keys(['tutorial_taskflow_api_virtualenv']) retrieved from /home/airflow/.local/lib/python3.7/site-packages/airflow/example_dags/tutorial_taskflow_api_virtualenv.py
[2022-12-30T00:28:43.590+0000] {logging_mixin.py:137} INFO - [2022-12-30T00:28:43.590+0000] {dag.py:2676} INFO - Sync 1 DAGs
[2022-12-30T00:28:43.615+0000] {logging_mixin.py:137} INFO - [2022-12-30T00:28:43.614+0000] {dag.py:3427} INFO - Setting next_dagrun for tutorial_taskflow_api_virtualenv to None, run_after=None
[2022-12-30T00:28:43.632+0000] {processor.py:175} INFO - Processing /home/airflow/.local/lib/python3.7/site-packages/airflow/example_dags/tutorial_taskflow_api_virtualenv.py took 0.094 seconds
[2022-12-30T00:29:13.758+0000] {processor.py:153} INFO - Started process (PID=39894) to work on /home/airflow/.local/lib/python3.7/site-packages/airflow/example_dags/tutorial_taskflow_api_virtualenv.py
[2022-12-30T00:29:13.758+0000] {processor.py:743} INFO - Processing file /home/airflow/.local/lib/python3.7/site-packages/airflow/example_dags/tutorial_taskflow_api_virtualenv.py for tasks to queue
[2022-12-30T00:29:13.759+0000] {logging_mixin.py:137} INFO - [2022-12-30T00:29:13.759+0000] {dagbag.py:538} INFO - Filling up the DagBag from /home/airflow/.local/lib/python3.7/site-packages/airflow/example_dags/tutorial_taskflow_api_virtualenv.py
[2022-12-30T00:29:13.776+0000] {processor.py:753} INFO - DAG(s) dict_keys(['tutorial_taskflow_api_virtualenv']) retrieved from /home/airflow/.local/lib/python3.7/site-packages/airflow/example_dags/tutorial_taskflow_api_virtualenv.py
[2022-12-30T00:29:13.806+0000] {logging_mixin.py:137} INFO - [2022-12-30T00:29:13.806+0000] {dag.py:2676} INFO - Sync 1 DAGs
[2022-12-30T00:29:13.826+0000] {logging_mixin.py:137} INFO - [2022-12-30T00:29:13.826+0000] {dag.py:3427} INFO - Setting next_dagrun for tutorial_taskflow_api_virtualenv to None, run_after=None
[2022-12-30T00:29:13.843+0000] {processor.py:175} INFO - Processing /home/airflow/.local/lib/python3.7/site-packages/airflow/example_dags/tutorial_taskflow_api_virtualenv.py took 0.087 seconds
[2022-12-30T00:29:43.965+0000] {processor.py:153} INFO - Started process (PID=39996) to work on /home/airflow/.local/lib/python3.7/site-packages/airflow/example_dags/tutorial_taskflow_api_virtualenv.py
[2022-12-30T00:29:43.966+0000] {processor.py:743} INFO - Processing file /home/airflow/.local/lib/python3.7/site-packages/airflow/example_dags/tutorial_taskflow_api_virtualenv.py for tasks to queue
[2022-12-30T00:29:43.966+0000] {logging_mixin.py:137} INFO - [2022-12-30T00:29:43.966+0000] {dagbag.py:538} INFO - Filling up the DagBag from /home/airflow/.local/lib/python3.7/site-packages/airflow/example_dags/tutorial_taskflow_api_virtualenv.py
[2022-12-30T00:29:43.987+0000] {processor.py:753} INFO - DAG(s) dict_keys(['tutorial_taskflow_api_virtualenv']) retrieved from /home/airflow/.local/lib/python3.7/site-packages/airflow/example_dags/tutorial_taskflow_api_virtualenv.py
[2022-12-30T00:29:44.019+0000] {logging_mixin.py:137} INFO - [2022-12-30T00:29:44.018+0000] {dag.py:2676} INFO - Sync 1 DAGs
[2022-12-30T00:29:44.039+0000] {logging_mixin.py:137} INFO - [2022-12-30T00:29:44.038+0000] {dag.py:3427} INFO - Setting next_dagrun for tutorial_taskflow_api_virtualenv to None, run_after=None
[2022-12-30T00:29:44.055+0000] {processor.py:175} INFO - Processing /home/airflow/.local/lib/python3.7/site-packages/airflow/example_dags/tutorial_taskflow_api_virtualenv.py took 0.092 seconds
[2022-12-30T00:30:14.501+0000] {processor.py:153} INFO - Started process (PID=40078) to work on /home/airflow/.local/lib/python3.7/site-packages/airflow/example_dags/tutorial_taskflow_api_virtualenv.py
[2022-12-30T00:30:14.502+0000] {processor.py:743} INFO - Processing file /home/airflow/.local/lib/python3.7/site-packages/airflow/example_dags/tutorial_taskflow_api_virtualenv.py for tasks to queue
[2022-12-30T00:30:14.502+0000] {logging_mixin.py:137} INFO - [2022-12-30T00:30:14.502+0000] {dagbag.py:538} INFO - Filling up the DagBag from /home/airflow/.local/lib/python3.7/site-packages/airflow/example_dags/tutorial_taskflow_api_virtualenv.py
[2022-12-30T00:30:14.521+0000] {processor.py:753} INFO - DAG(s) dict_keys(['tutorial_taskflow_api_virtualenv']) retrieved from /home/airflow/.local/lib/python3.7/site-packages/airflow/example_dags/tutorial_taskflow_api_virtualenv.py
[2022-12-30T00:30:14.552+0000] {logging_mixin.py:137} INFO - [2022-12-30T00:30:14.552+0000] {dag.py:2676} INFO - Sync 1 DAGs
[2022-12-30T00:30:14.576+0000] {logging_mixin.py:137} INFO - [2022-12-30T00:30:14.576+0000] {dag.py:3427} INFO - Setting next_dagrun for tutorial_taskflow_api_virtualenv to None, run_after=None
[2022-12-30T00:30:14.589+0000] {processor.py:175} INFO - Processing /home/airflow/.local/lib/python3.7/site-packages/airflow/example_dags/tutorial_taskflow_api_virtualenv.py took 0.091 seconds
[2022-12-30T00:30:45.035+0000] {processor.py:153} INFO - Started process (PID=40180) to work on /home/airflow/.local/lib/python3.7/site-packages/airflow/example_dags/tutorial_taskflow_api_virtualenv.py
[2022-12-30T00:30:45.036+0000] {processor.py:743} INFO - Processing file /home/airflow/.local/lib/python3.7/site-packages/airflow/example_dags/tutorial_taskflow_api_virtualenv.py for tasks to queue
[2022-12-30T00:30:45.036+0000] {logging_mixin.py:137} INFO - [2022-12-30T00:30:45.036+0000] {dagbag.py:538} INFO - Filling up the DagBag from /home/airflow/.local/lib/python3.7/site-packages/airflow/example_dags/tutorial_taskflow_api_virtualenv.py
[2022-12-30T00:30:45.052+0000] {processor.py:753} INFO - DAG(s) dict_keys(['tutorial_taskflow_api_virtualenv']) retrieved from /home/airflow/.local/lib/python3.7/site-packages/airflow/example_dags/tutorial_taskflow_api_virtualenv.py
[2022-12-30T00:30:45.081+0000] {logging_mixin.py:137} INFO - [2022-12-30T00:30:45.081+0000] {dag.py:2676} INFO - Sync 1 DAGs
[2022-12-30T00:30:45.101+0000] {logging_mixin.py:137} INFO - [2022-12-30T00:30:45.101+0000] {dag.py:3427} INFO - Setting next_dagrun for tutorial_taskflow_api_virtualenv to None, run_after=None
[2022-12-30T00:30:45.113+0000] {processor.py:175} INFO - Processing /home/airflow/.local/lib/python3.7/site-packages/airflow/example_dags/tutorial_taskflow_api_virtualenv.py took 0.081 seconds
[2022-12-30T00:31:15.527+0000] {processor.py:153} INFO - Started process (PID=40269) to work on /home/airflow/.local/lib/python3.7/site-packages/airflow/example_dags/tutorial_taskflow_api_virtualenv.py
[2022-12-30T00:31:15.528+0000] {processor.py:743} INFO - Processing file /home/airflow/.local/lib/python3.7/site-packages/airflow/example_dags/tutorial_taskflow_api_virtualenv.py for tasks to queue
[2022-12-30T00:31:15.529+0000] {logging_mixin.py:137} INFO - [2022-12-30T00:31:15.528+0000] {dagbag.py:538} INFO - Filling up the DagBag from /home/airflow/.local/lib/python3.7/site-packages/airflow/example_dags/tutorial_taskflow_api_virtualenv.py
[2022-12-30T00:31:15.545+0000] {processor.py:753} INFO - DAG(s) dict_keys(['tutorial_taskflow_api_virtualenv']) retrieved from /home/airflow/.local/lib/python3.7/site-packages/airflow/example_dags/tutorial_taskflow_api_virtualenv.py
[2022-12-30T00:31:15.575+0000] {logging_mixin.py:137} INFO - [2022-12-30T00:31:15.574+0000] {dag.py:2676} INFO - Sync 1 DAGs
[2022-12-30T00:31:15.594+0000] {logging_mixin.py:137} INFO - [2022-12-30T00:31:15.594+0000] {dag.py:3427} INFO - Setting next_dagrun for tutorial_taskflow_api_virtualenv to None, run_after=None
[2022-12-30T00:31:15.606+0000] {processor.py:175} INFO - Processing /home/airflow/.local/lib/python3.7/site-packages/airflow/example_dags/tutorial_taskflow_api_virtualenv.py took 0.082 seconds
[2022-12-30T00:31:46.250+0000] {processor.py:153} INFO - Started process (PID=40364) to work on /home/airflow/.local/lib/python3.7/site-packages/airflow/example_dags/tutorial_taskflow_api_virtualenv.py
[2022-12-30T00:31:46.251+0000] {processor.py:743} INFO - Processing file /home/airflow/.local/lib/python3.7/site-packages/airflow/example_dags/tutorial_taskflow_api_virtualenv.py for tasks to queue
[2022-12-30T00:31:46.251+0000] {logging_mixin.py:137} INFO - [2022-12-30T00:31:46.251+0000] {dagbag.py:538} INFO - Filling up the DagBag from /home/airflow/.local/lib/python3.7/site-packages/airflow/example_dags/tutorial_taskflow_api_virtualenv.py
[2022-12-30T00:31:46.270+0000] {processor.py:753} INFO - DAG(s) dict_keys(['tutorial_taskflow_api_virtualenv']) retrieved from /home/airflow/.local/lib/python3.7/site-packages/airflow/example_dags/tutorial_taskflow_api_virtualenv.py
[2022-12-30T00:31:46.301+0000] {logging_mixin.py:137} INFO - [2022-12-30T00:31:46.301+0000] {dag.py:2676} INFO - Sync 1 DAGs
[2022-12-30T00:31:46.321+0000] {logging_mixin.py:137} INFO - [2022-12-30T00:31:46.320+0000] {dag.py:3427} INFO - Setting next_dagrun for tutorial_taskflow_api_virtualenv to None, run_after=None
[2022-12-30T00:31:46.333+0000] {processor.py:175} INFO - Processing /home/airflow/.local/lib/python3.7/site-packages/airflow/example_dags/tutorial_taskflow_api_virtualenv.py took 0.087 seconds
[2022-12-30T00:32:16.749+0000] {processor.py:153} INFO - Started process (PID=40467) to work on /home/airflow/.local/lib/python3.7/site-packages/airflow/example_dags/tutorial_taskflow_api_virtualenv.py
[2022-12-30T00:32:16.749+0000] {processor.py:743} INFO - Processing file /home/airflow/.local/lib/python3.7/site-packages/airflow/example_dags/tutorial_taskflow_api_virtualenv.py for tasks to queue
[2022-12-30T00:32:16.750+0000] {logging_mixin.py:137} INFO - [2022-12-30T00:32:16.750+0000] {dagbag.py:538} INFO - Filling up the DagBag from /home/airflow/.local/lib/python3.7/site-packages/airflow/example_dags/tutorial_taskflow_api_virtualenv.py
[2022-12-30T00:32:16.768+0000] {processor.py:753} INFO - DAG(s) dict_keys(['tutorial_taskflow_api_virtualenv']) retrieved from /home/airflow/.local/lib/python3.7/site-packages/airflow/example_dags/tutorial_taskflow_api_virtualenv.py
[2022-12-30T00:32:16.798+0000] {logging_mixin.py:137} INFO - [2022-12-30T00:32:16.798+0000] {dag.py:2676} INFO - Sync 1 DAGs
[2022-12-30T00:32:16.817+0000] {logging_mixin.py:137} INFO - [2022-12-30T00:32:16.817+0000] {dag.py:3427} INFO - Setting next_dagrun for tutorial_taskflow_api_virtualenv to None, run_after=None
[2022-12-30T00:32:16.830+0000] {processor.py:175} INFO - Processing /home/airflow/.local/lib/python3.7/site-packages/airflow/example_dags/tutorial_taskflow_api_virtualenv.py took 0.084 seconds
[2022-12-30T00:32:46.912+0000] {processor.py:153} INFO - Started process (PID=40549) to work on /home/airflow/.local/lib/python3.7/site-packages/airflow/example_dags/tutorial_taskflow_api_virtualenv.py
[2022-12-30T00:32:46.913+0000] {processor.py:743} INFO - Processing file /home/airflow/.local/lib/python3.7/site-packages/airflow/example_dags/tutorial_taskflow_api_virtualenv.py for tasks to queue
[2022-12-30T00:32:46.913+0000] {logging_mixin.py:137} INFO - [2022-12-30T00:32:46.913+0000] {dagbag.py:538} INFO - Filling up the DagBag from /home/airflow/.local/lib/python3.7/site-packages/airflow/example_dags/tutorial_taskflow_api_virtualenv.py
[2022-12-30T00:32:46.930+0000] {processor.py:753} INFO - DAG(s) dict_keys(['tutorial_taskflow_api_virtualenv']) retrieved from /home/airflow/.local/lib/python3.7/site-packages/airflow/example_dags/tutorial_taskflow_api_virtualenv.py
[2022-12-30T00:32:46.961+0000] {logging_mixin.py:137} INFO - [2022-12-30T00:32:46.961+0000] {dag.py:2676} INFO - Sync 1 DAGs
[2022-12-30T00:32:46.982+0000] {logging_mixin.py:137} INFO - [2022-12-30T00:32:46.981+0000] {dag.py:3427} INFO - Setting next_dagrun for tutorial_taskflow_api_virtualenv to None, run_after=None
[2022-12-30T00:32:46.995+0000] {processor.py:175} INFO - Processing /home/airflow/.local/lib/python3.7/site-packages/airflow/example_dags/tutorial_taskflow_api_virtualenv.py took 0.086 seconds
[2022-12-30T00:33:17.635+0000] {processor.py:153} INFO - Started process (PID=40651) to work on /home/airflow/.local/lib/python3.7/site-packages/airflow/example_dags/tutorial_taskflow_api_virtualenv.py
[2022-12-30T00:33:17.635+0000] {processor.py:743} INFO - Processing file /home/airflow/.local/lib/python3.7/site-packages/airflow/example_dags/tutorial_taskflow_api_virtualenv.py for tasks to queue
[2022-12-30T00:33:17.636+0000] {logging_mixin.py:137} INFO - [2022-12-30T00:33:17.636+0000] {dagbag.py:538} INFO - Filling up the DagBag from /home/airflow/.local/lib/python3.7/site-packages/airflow/example_dags/tutorial_taskflow_api_virtualenv.py
[2022-12-30T00:33:17.655+0000] {processor.py:753} INFO - DAG(s) dict_keys(['tutorial_taskflow_api_virtualenv']) retrieved from /home/airflow/.local/lib/python3.7/site-packages/airflow/example_dags/tutorial_taskflow_api_virtualenv.py
[2022-12-30T00:33:17.686+0000] {logging_mixin.py:137} INFO - [2022-12-30T00:33:17.686+0000] {dag.py:2676} INFO - Sync 1 DAGs
[2022-12-30T00:33:17.709+0000] {logging_mixin.py:137} INFO - [2022-12-30T00:33:17.709+0000] {dag.py:3427} INFO - Setting next_dagrun for tutorial_taskflow_api_virtualenv to None, run_after=None
[2022-12-30T00:33:17.721+0000] {processor.py:175} INFO - Processing /home/airflow/.local/lib/python3.7/site-packages/airflow/example_dags/tutorial_taskflow_api_virtualenv.py took 0.089 seconds
[2022-12-30T00:33:48.146+0000] {processor.py:153} INFO - Started process (PID=40733) to work on /home/airflow/.local/lib/python3.7/site-packages/airflow/example_dags/tutorial_taskflow_api_virtualenv.py
[2022-12-30T00:33:48.146+0000] {processor.py:743} INFO - Processing file /home/airflow/.local/lib/python3.7/site-packages/airflow/example_dags/tutorial_taskflow_api_virtualenv.py for tasks to queue
[2022-12-30T00:33:48.147+0000] {logging_mixin.py:137} INFO - [2022-12-30T00:33:48.147+0000] {dagbag.py:538} INFO - Filling up the DagBag from /home/airflow/.local/lib/python3.7/site-packages/airflow/example_dags/tutorial_taskflow_api_virtualenv.py
[2022-12-30T00:33:48.164+0000] {processor.py:753} INFO - DAG(s) dict_keys(['tutorial_taskflow_api_virtualenv']) retrieved from /home/airflow/.local/lib/python3.7/site-packages/airflow/example_dags/tutorial_taskflow_api_virtualenv.py
[2022-12-30T00:33:48.196+0000] {logging_mixin.py:137} INFO - [2022-12-30T00:33:48.196+0000] {dag.py:2676} INFO - Sync 1 DAGs
[2022-12-30T00:33:48.216+0000] {logging_mixin.py:137} INFO - [2022-12-30T00:33:48.216+0000] {dag.py:3427} INFO - Setting next_dagrun for tutorial_taskflow_api_virtualenv to None, run_after=None
[2022-12-30T00:33:48.228+0000] {processor.py:175} INFO - Processing /home/airflow/.local/lib/python3.7/site-packages/airflow/example_dags/tutorial_taskflow_api_virtualenv.py took 0.086 seconds
