[2022-12-30T00:00:10.052+0000] {processor.py:153} INFO - Started process (PID=34546) to work on /home/airflow/.local/lib/python3.7/site-packages/airflow/example_dags/tutorial.py
[2022-12-30T00:00:10.053+0000] {processor.py:743} INFO - Processing file /home/airflow/.local/lib/python3.7/site-packages/airflow/example_dags/tutorial.py for tasks to queue
[2022-12-30T00:00:10.054+0000] {logging_mixin.py:137} INFO - [2022-12-30T00:00:10.054+0000] {dagbag.py:538} INFO - Filling up the DagBag from /home/airflow/.local/lib/python3.7/site-packages/airflow/example_dags/tutorial.py
[2022-12-30T00:00:10.065+0000] {processor.py:753} INFO - DAG(s) dict_keys(['tutorial']) retrieved from /home/airflow/.local/lib/python3.7/site-packages/airflow/example_dags/tutorial.py
[2022-12-30T00:00:10.099+0000] {logging_mixin.py:137} INFO - [2022-12-30T00:00:10.099+0000] {dag.py:2676} INFO - Sync 1 DAGs
[2022-12-30T00:00:10.127+0000] {logging_mixin.py:137} INFO - [2022-12-30T00:00:10.126+0000] {dag.py:3427} INFO - Setting next_dagrun for tutorial to 2022-12-29T00:00:10.126663+00:00, run_after=2022-12-30T00:00:10.126663+00:00
[2022-12-30T00:00:10.143+0000] {processor.py:175} INFO - Processing /home/airflow/.local/lib/python3.7/site-packages/airflow/example_dags/tutorial.py took 0.095 seconds
[2022-12-30T00:00:40.646+0000] {processor.py:153} INFO - Started process (PID=34642) to work on /home/airflow/.local/lib/python3.7/site-packages/airflow/example_dags/tutorial.py
[2022-12-30T00:00:40.653+0000] {processor.py:743} INFO - Processing file /home/airflow/.local/lib/python3.7/site-packages/airflow/example_dags/tutorial.py for tasks to queue
[2022-12-30T00:00:40.653+0000] {logging_mixin.py:137} INFO - [2022-12-30T00:00:40.653+0000] {dagbag.py:538} INFO - Filling up the DagBag from /home/airflow/.local/lib/python3.7/site-packages/airflow/example_dags/tutorial.py
[2022-12-30T00:00:40.664+0000] {processor.py:753} INFO - DAG(s) dict_keys(['tutorial']) retrieved from /home/airflow/.local/lib/python3.7/site-packages/airflow/example_dags/tutorial.py
[2022-12-30T00:00:40.693+0000] {logging_mixin.py:137} INFO - [2022-12-30T00:00:40.693+0000] {dag.py:2676} INFO - Sync 1 DAGs
[2022-12-30T00:00:40.715+0000] {logging_mixin.py:137} INFO - [2022-12-30T00:00:40.715+0000] {dag.py:3427} INFO - Setting next_dagrun for tutorial to 2022-12-29T00:00:40.715324+00:00, run_after=2022-12-30T00:00:40.715324+00:00
[2022-12-30T00:00:40.732+0000] {processor.py:175} INFO - Processing /home/airflow/.local/lib/python3.7/site-packages/airflow/example_dags/tutorial.py took 0.089 seconds
[2022-12-30T00:01:11.285+0000] {processor.py:153} INFO - Started process (PID=34744) to work on /home/airflow/.local/lib/python3.7/site-packages/airflow/example_dags/tutorial.py
[2022-12-30T00:01:11.286+0000] {processor.py:743} INFO - Processing file /home/airflow/.local/lib/python3.7/site-packages/airflow/example_dags/tutorial.py for tasks to queue
[2022-12-30T00:01:11.287+0000] {logging_mixin.py:137} INFO - [2022-12-30T00:01:11.287+0000] {dagbag.py:538} INFO - Filling up the DagBag from /home/airflow/.local/lib/python3.7/site-packages/airflow/example_dags/tutorial.py
[2022-12-30T00:01:11.297+0000] {processor.py:753} INFO - DAG(s) dict_keys(['tutorial']) retrieved from /home/airflow/.local/lib/python3.7/site-packages/airflow/example_dags/tutorial.py
[2022-12-30T00:01:11.335+0000] {logging_mixin.py:137} INFO - [2022-12-30T00:01:11.334+0000] {dag.py:2676} INFO - Sync 1 DAGs
[2022-12-30T00:01:11.363+0000] {logging_mixin.py:137} INFO - [2022-12-30T00:01:11.363+0000] {dag.py:3427} INFO - Setting next_dagrun for tutorial to 2022-12-29T00:01:11.363632+00:00, run_after=2022-12-30T00:01:11.363632+00:00
[2022-12-30T00:01:11.381+0000] {processor.py:175} INFO - Processing /home/airflow/.local/lib/python3.7/site-packages/airflow/example_dags/tutorial.py took 0.099 seconds
[2022-12-30T00:01:41.690+0000] {processor.py:153} INFO - Started process (PID=34826) to work on /home/airflow/.local/lib/python3.7/site-packages/airflow/example_dags/tutorial.py
[2022-12-30T00:01:41.692+0000] {processor.py:743} INFO - Processing file /home/airflow/.local/lib/python3.7/site-packages/airflow/example_dags/tutorial.py for tasks to queue
[2022-12-30T00:01:41.692+0000] {logging_mixin.py:137} INFO - [2022-12-30T00:01:41.692+0000] {dagbag.py:538} INFO - Filling up the DagBag from /home/airflow/.local/lib/python3.7/site-packages/airflow/example_dags/tutorial.py
[2022-12-30T00:01:41.702+0000] {processor.py:753} INFO - DAG(s) dict_keys(['tutorial']) retrieved from /home/airflow/.local/lib/python3.7/site-packages/airflow/example_dags/tutorial.py
[2022-12-30T00:01:41.727+0000] {logging_mixin.py:137} INFO - [2022-12-30T00:01:41.727+0000] {dag.py:2676} INFO - Sync 1 DAGs
[2022-12-30T00:01:41.745+0000] {logging_mixin.py:137} INFO - [2022-12-30T00:01:41.745+0000] {dag.py:3427} INFO - Setting next_dagrun for tutorial to 2022-12-29T00:01:41.745633+00:00, run_after=2022-12-30T00:01:41.745633+00:00
[2022-12-30T00:01:41.763+0000] {processor.py:175} INFO - Processing /home/airflow/.local/lib/python3.7/site-packages/airflow/example_dags/tutorial.py took 0.076 seconds
[2022-12-30T00:02:12.341+0000] {processor.py:153} INFO - Started process (PID=34928) to work on /home/airflow/.local/lib/python3.7/site-packages/airflow/example_dags/tutorial.py
[2022-12-30T00:02:12.342+0000] {processor.py:743} INFO - Processing file /home/airflow/.local/lib/python3.7/site-packages/airflow/example_dags/tutorial.py for tasks to queue
[2022-12-30T00:02:12.343+0000] {logging_mixin.py:137} INFO - [2022-12-30T00:02:12.343+0000] {dagbag.py:538} INFO - Filling up the DagBag from /home/airflow/.local/lib/python3.7/site-packages/airflow/example_dags/tutorial.py
[2022-12-30T00:02:12.352+0000] {processor.py:753} INFO - DAG(s) dict_keys(['tutorial']) retrieved from /home/airflow/.local/lib/python3.7/site-packages/airflow/example_dags/tutorial.py
[2022-12-30T00:02:12.382+0000] {logging_mixin.py:137} INFO - [2022-12-30T00:02:12.382+0000] {dag.py:2676} INFO - Sync 1 DAGs
[2022-12-30T00:02:12.402+0000] {logging_mixin.py:137} INFO - [2022-12-30T00:02:12.402+0000] {dag.py:3427} INFO - Setting next_dagrun for tutorial to 2022-12-29T00:02:12.402089+00:00, run_after=2022-12-30T00:02:12.402089+00:00
[2022-12-30T00:02:12.414+0000] {processor.py:175} INFO - Processing /home/airflow/.local/lib/python3.7/site-packages/airflow/example_dags/tutorial.py took 0.075 seconds
[2022-12-30T00:02:42.826+0000] {processor.py:153} INFO - Started process (PID=35010) to work on /home/airflow/.local/lib/python3.7/site-packages/airflow/example_dags/tutorial.py
[2022-12-30T00:02:42.827+0000] {processor.py:743} INFO - Processing file /home/airflow/.local/lib/python3.7/site-packages/airflow/example_dags/tutorial.py for tasks to queue
[2022-12-30T00:02:42.827+0000] {logging_mixin.py:137} INFO - [2022-12-30T00:02:42.827+0000] {dagbag.py:538} INFO - Filling up the DagBag from /home/airflow/.local/lib/python3.7/site-packages/airflow/example_dags/tutorial.py
[2022-12-30T00:02:42.836+0000] {processor.py:753} INFO - DAG(s) dict_keys(['tutorial']) retrieved from /home/airflow/.local/lib/python3.7/site-packages/airflow/example_dags/tutorial.py
[2022-12-30T00:02:42.868+0000] {logging_mixin.py:137} INFO - [2022-12-30T00:02:42.868+0000] {dag.py:2676} INFO - Sync 1 DAGs
[2022-12-30T00:02:42.893+0000] {logging_mixin.py:137} INFO - [2022-12-30T00:02:42.893+0000] {dag.py:3427} INFO - Setting next_dagrun for tutorial to 2022-12-29T00:02:42.893382+00:00, run_after=2022-12-30T00:02:42.893382+00:00
[2022-12-30T00:02:42.909+0000] {processor.py:175} INFO - Processing /home/airflow/.local/lib/python3.7/site-packages/airflow/example_dags/tutorial.py took 0.086 seconds
[2022-12-30T00:03:13.233+0000] {processor.py:153} INFO - Started process (PID=35112) to work on /home/airflow/.local/lib/python3.7/site-packages/airflow/example_dags/tutorial.py
[2022-12-30T00:03:13.234+0000] {processor.py:743} INFO - Processing file /home/airflow/.local/lib/python3.7/site-packages/airflow/example_dags/tutorial.py for tasks to queue
[2022-12-30T00:03:13.235+0000] {logging_mixin.py:137} INFO - [2022-12-30T00:03:13.234+0000] {dagbag.py:538} INFO - Filling up the DagBag from /home/airflow/.local/lib/python3.7/site-packages/airflow/example_dags/tutorial.py
[2022-12-30T00:03:13.244+0000] {processor.py:753} INFO - DAG(s) dict_keys(['tutorial']) retrieved from /home/airflow/.local/lib/python3.7/site-packages/airflow/example_dags/tutorial.py
[2022-12-30T00:03:13.273+0000] {logging_mixin.py:137} INFO - [2022-12-30T00:03:13.273+0000] {dag.py:2676} INFO - Sync 1 DAGs
[2022-12-30T00:03:13.290+0000] {logging_mixin.py:137} INFO - [2022-12-30T00:03:13.290+0000] {dag.py:3427} INFO - Setting next_dagrun for tutorial to 2022-12-29T00:03:13.290516+00:00, run_after=2022-12-30T00:03:13.290516+00:00
[2022-12-30T00:03:13.302+0000] {processor.py:175} INFO - Processing /home/airflow/.local/lib/python3.7/site-packages/airflow/example_dags/tutorial.py took 0.072 seconds
[2022-12-30T00:03:43.841+0000] {processor.py:153} INFO - Started process (PID=35203) to work on /home/airflow/.local/lib/python3.7/site-packages/airflow/example_dags/tutorial.py
[2022-12-30T00:03:43.842+0000] {processor.py:743} INFO - Processing file /home/airflow/.local/lib/python3.7/site-packages/airflow/example_dags/tutorial.py for tasks to queue
[2022-12-30T00:03:43.843+0000] {logging_mixin.py:137} INFO - [2022-12-30T00:03:43.843+0000] {dagbag.py:538} INFO - Filling up the DagBag from /home/airflow/.local/lib/python3.7/site-packages/airflow/example_dags/tutorial.py
[2022-12-30T00:03:43.854+0000] {processor.py:753} INFO - DAG(s) dict_keys(['tutorial']) retrieved from /home/airflow/.local/lib/python3.7/site-packages/airflow/example_dags/tutorial.py
[2022-12-30T00:03:43.883+0000] {logging_mixin.py:137} INFO - [2022-12-30T00:03:43.883+0000] {dag.py:2676} INFO - Sync 1 DAGs
[2022-12-30T00:03:43.907+0000] {logging_mixin.py:137} INFO - [2022-12-30T00:03:43.907+0000] {dag.py:3427} INFO - Setting next_dagrun for tutorial to 2022-12-29T00:03:43.907096+00:00, run_after=2022-12-30T00:03:43.907096+00:00
[2022-12-30T00:03:43.921+0000] {processor.py:175} INFO - Processing /home/airflow/.local/lib/python3.7/site-packages/airflow/example_dags/tutorial.py took 0.084 seconds
[2022-12-30T00:04:14.697+0000] {processor.py:153} INFO - Started process (PID=35296) to work on /home/airflow/.local/lib/python3.7/site-packages/airflow/example_dags/tutorial.py
[2022-12-30T00:04:14.698+0000] {processor.py:743} INFO - Processing file /home/airflow/.local/lib/python3.7/site-packages/airflow/example_dags/tutorial.py for tasks to queue
[2022-12-30T00:04:14.699+0000] {logging_mixin.py:137} INFO - [2022-12-30T00:04:14.699+0000] {dagbag.py:538} INFO - Filling up the DagBag from /home/airflow/.local/lib/python3.7/site-packages/airflow/example_dags/tutorial.py
[2022-12-30T00:04:14.712+0000] {processor.py:753} INFO - DAG(s) dict_keys(['tutorial']) retrieved from /home/airflow/.local/lib/python3.7/site-packages/airflow/example_dags/tutorial.py
[2022-12-30T00:04:14.747+0000] {logging_mixin.py:137} INFO - [2022-12-30T00:04:14.747+0000] {dag.py:2676} INFO - Sync 1 DAGs
[2022-12-30T00:04:14.770+0000] {logging_mixin.py:137} INFO - [2022-12-30T00:04:14.769+0000] {dag.py:3427} INFO - Setting next_dagrun for tutorial to 2022-12-29T00:04:14.769686+00:00, run_after=2022-12-30T00:04:14.769686+00:00
[2022-12-30T00:04:14.786+0000] {processor.py:175} INFO - Processing /home/airflow/.local/lib/python3.7/site-packages/airflow/example_dags/tutorial.py took 0.092 seconds
[2022-12-30T00:04:45.333+0000] {processor.py:153} INFO - Started process (PID=35398) to work on /home/airflow/.local/lib/python3.7/site-packages/airflow/example_dags/tutorial.py
[2022-12-30T00:04:45.334+0000] {processor.py:743} INFO - Processing file /home/airflow/.local/lib/python3.7/site-packages/airflow/example_dags/tutorial.py for tasks to queue
[2022-12-30T00:04:45.335+0000] {logging_mixin.py:137} INFO - [2022-12-30T00:04:45.335+0000] {dagbag.py:538} INFO - Filling up the DagBag from /home/airflow/.local/lib/python3.7/site-packages/airflow/example_dags/tutorial.py
[2022-12-30T00:04:45.345+0000] {processor.py:753} INFO - DAG(s) dict_keys(['tutorial']) retrieved from /home/airflow/.local/lib/python3.7/site-packages/airflow/example_dags/tutorial.py
[2022-12-30T00:04:45.373+0000] {logging_mixin.py:137} INFO - [2022-12-30T00:04:45.373+0000] {dag.py:2676} INFO - Sync 1 DAGs
[2022-12-30T00:04:45.393+0000] {logging_mixin.py:137} INFO - [2022-12-30T00:04:45.393+0000] {dag.py:3427} INFO - Setting next_dagrun for tutorial to 2022-12-29T00:04:45.392839+00:00, run_after=2022-12-30T00:04:45.392839+00:00
[2022-12-30T00:04:45.404+0000] {processor.py:175} INFO - Processing /home/airflow/.local/lib/python3.7/site-packages/airflow/example_dags/tutorial.py took 0.073 seconds
[2022-12-30T00:05:15.824+0000] {processor.py:153} INFO - Started process (PID=35480) to work on /home/airflow/.local/lib/python3.7/site-packages/airflow/example_dags/tutorial.py
[2022-12-30T00:05:15.824+0000] {processor.py:743} INFO - Processing file /home/airflow/.local/lib/python3.7/site-packages/airflow/example_dags/tutorial.py for tasks to queue
[2022-12-30T00:05:15.825+0000] {logging_mixin.py:137} INFO - [2022-12-30T00:05:15.825+0000] {dagbag.py:538} INFO - Filling up the DagBag from /home/airflow/.local/lib/python3.7/site-packages/airflow/example_dags/tutorial.py
[2022-12-30T00:05:15.835+0000] {processor.py:753} INFO - DAG(s) dict_keys(['tutorial']) retrieved from /home/airflow/.local/lib/python3.7/site-packages/airflow/example_dags/tutorial.py
[2022-12-30T00:05:15.865+0000] {logging_mixin.py:137} INFO - [2022-12-30T00:05:15.865+0000] {dag.py:2676} INFO - Sync 1 DAGs
[2022-12-30T00:05:15.884+0000] {logging_mixin.py:137} INFO - [2022-12-30T00:05:15.884+0000] {dag.py:3427} INFO - Setting next_dagrun for tutorial to 2022-12-29T00:05:15.883857+00:00, run_after=2022-12-30T00:05:15.883857+00:00
[2022-12-30T00:05:15.897+0000] {processor.py:175} INFO - Processing /home/airflow/.local/lib/python3.7/site-packages/airflow/example_dags/tutorial.py took 0.075 seconds
[2022-12-30T00:05:46.145+0000] {processor.py:153} INFO - Started process (PID=35582) to work on /home/airflow/.local/lib/python3.7/site-packages/airflow/example_dags/tutorial.py
[2022-12-30T00:05:46.146+0000] {processor.py:743} INFO - Processing file /home/airflow/.local/lib/python3.7/site-packages/airflow/example_dags/tutorial.py for tasks to queue
[2022-12-30T00:05:46.146+0000] {logging_mixin.py:137} INFO - [2022-12-30T00:05:46.146+0000] {dagbag.py:538} INFO - Filling up the DagBag from /home/airflow/.local/lib/python3.7/site-packages/airflow/example_dags/tutorial.py
[2022-12-30T00:05:46.155+0000] {processor.py:753} INFO - DAG(s) dict_keys(['tutorial']) retrieved from /home/airflow/.local/lib/python3.7/site-packages/airflow/example_dags/tutorial.py
[2022-12-30T00:05:46.183+0000] {logging_mixin.py:137} INFO - [2022-12-30T00:05:46.183+0000] {dag.py:2676} INFO - Sync 1 DAGs
[2022-12-30T00:05:46.201+0000] {logging_mixin.py:137} INFO - [2022-12-30T00:05:46.201+0000] {dag.py:3427} INFO - Setting next_dagrun for tutorial to 2022-12-29T00:05:46.201545+00:00, run_after=2022-12-30T00:05:46.201545+00:00
[2022-12-30T00:05:46.216+0000] {processor.py:175} INFO - Processing /home/airflow/.local/lib/python3.7/site-packages/airflow/example_dags/tutorial.py took 0.074 seconds
[2022-12-30T00:06:16.618+0000] {processor.py:153} INFO - Started process (PID=35664) to work on /home/airflow/.local/lib/python3.7/site-packages/airflow/example_dags/tutorial.py
[2022-12-30T00:06:16.620+0000] {processor.py:743} INFO - Processing file /home/airflow/.local/lib/python3.7/site-packages/airflow/example_dags/tutorial.py for tasks to queue
[2022-12-30T00:06:16.620+0000] {logging_mixin.py:137} INFO - [2022-12-30T00:06:16.620+0000] {dagbag.py:538} INFO - Filling up the DagBag from /home/airflow/.local/lib/python3.7/site-packages/airflow/example_dags/tutorial.py
[2022-12-30T00:06:16.631+0000] {processor.py:753} INFO - DAG(s) dict_keys(['tutorial']) retrieved from /home/airflow/.local/lib/python3.7/site-packages/airflow/example_dags/tutorial.py
[2022-12-30T00:06:16.657+0000] {logging_mixin.py:137} INFO - [2022-12-30T00:06:16.657+0000] {dag.py:2676} INFO - Sync 1 DAGs
[2022-12-30T00:06:16.675+0000] {logging_mixin.py:137} INFO - [2022-12-30T00:06:16.675+0000] {dag.py:3427} INFO - Setting next_dagrun for tutorial to 2022-12-29T00:06:16.675266+00:00, run_after=2022-12-30T00:06:16.675266+00:00
[2022-12-30T00:06:16.686+0000] {processor.py:175} INFO - Processing /home/airflow/.local/lib/python3.7/site-packages/airflow/example_dags/tutorial.py took 0.070 seconds
[2022-12-30T00:06:46.920+0000] {processor.py:153} INFO - Started process (PID=35766) to work on /home/airflow/.local/lib/python3.7/site-packages/airflow/example_dags/tutorial.py
[2022-12-30T00:06:46.920+0000] {processor.py:743} INFO - Processing file /home/airflow/.local/lib/python3.7/site-packages/airflow/example_dags/tutorial.py for tasks to queue
[2022-12-30T00:06:46.920+0000] {logging_mixin.py:137} INFO - [2022-12-30T00:06:46.920+0000] {dagbag.py:538} INFO - Filling up the DagBag from /home/airflow/.local/lib/python3.7/site-packages/airflow/example_dags/tutorial.py
[2022-12-30T00:06:46.932+0000] {processor.py:753} INFO - DAG(s) dict_keys(['tutorial']) retrieved from /home/airflow/.local/lib/python3.7/site-packages/airflow/example_dags/tutorial.py
[2022-12-30T00:06:46.965+0000] {logging_mixin.py:137} INFO - [2022-12-30T00:06:46.965+0000] {dag.py:2676} INFO - Sync 1 DAGs
[2022-12-30T00:06:46.983+0000] {logging_mixin.py:137} INFO - [2022-12-30T00:06:46.983+0000] {dag.py:3427} INFO - Setting next_dagrun for tutorial to 2022-12-29T00:06:46.982834+00:00, run_after=2022-12-30T00:06:46.982834+00:00
[2022-12-30T00:06:46.996+0000] {processor.py:175} INFO - Processing /home/airflow/.local/lib/python3.7/site-packages/airflow/example_dags/tutorial.py took 0.078 seconds
[2022-12-30T00:07:18.953+0000] {processor.py:153} INFO - Started process (PID=35868) to work on /home/airflow/.local/lib/python3.7/site-packages/airflow/example_dags/tutorial.py
[2022-12-30T00:07:18.953+0000] {processor.py:743} INFO - Processing file /home/airflow/.local/lib/python3.7/site-packages/airflow/example_dags/tutorial.py for tasks to queue
[2022-12-30T00:07:18.954+0000] {logging_mixin.py:137} INFO - [2022-12-30T00:07:18.953+0000] {dagbag.py:538} INFO - Filling up the DagBag from /home/airflow/.local/lib/python3.7/site-packages/airflow/example_dags/tutorial.py
[2022-12-30T00:07:18.968+0000] {processor.py:753} INFO - DAG(s) dict_keys(['tutorial']) retrieved from /home/airflow/.local/lib/python3.7/site-packages/airflow/example_dags/tutorial.py
[2022-12-30T00:07:18.999+0000] {logging_mixin.py:137} INFO - [2022-12-30T00:07:18.999+0000] {dag.py:2676} INFO - Sync 1 DAGs
[2022-12-30T00:07:19.024+0000] {logging_mixin.py:137} INFO - [2022-12-30T00:07:19.024+0000] {dag.py:3427} INFO - Setting next_dagrun for tutorial to 2022-12-29T00:07:19.024289+00:00, run_after=2022-12-30T00:07:19.024289+00:00
[2022-12-30T00:07:19.041+0000] {processor.py:175} INFO - Processing /home/airflow/.local/lib/python3.7/site-packages/airflow/example_dags/tutorial.py took 0.091 seconds
[2022-12-30T00:07:49.663+0000] {processor.py:153} INFO - Started process (PID=35950) to work on /home/airflow/.local/lib/python3.7/site-packages/airflow/example_dags/tutorial.py
[2022-12-30T00:07:49.663+0000] {processor.py:743} INFO - Processing file /home/airflow/.local/lib/python3.7/site-packages/airflow/example_dags/tutorial.py for tasks to queue
[2022-12-30T00:07:49.664+0000] {logging_mixin.py:137} INFO - [2022-12-30T00:07:49.664+0000] {dagbag.py:538} INFO - Filling up the DagBag from /home/airflow/.local/lib/python3.7/site-packages/airflow/example_dags/tutorial.py
[2022-12-30T00:07:49.673+0000] {processor.py:753} INFO - DAG(s) dict_keys(['tutorial']) retrieved from /home/airflow/.local/lib/python3.7/site-packages/airflow/example_dags/tutorial.py
[2022-12-30T00:07:49.702+0000] {logging_mixin.py:137} INFO - [2022-12-30T00:07:49.702+0000] {dag.py:2676} INFO - Sync 1 DAGs
[2022-12-30T00:07:49.721+0000] {logging_mixin.py:137} INFO - [2022-12-30T00:07:49.721+0000] {dag.py:3427} INFO - Setting next_dagrun for tutorial to 2022-12-29T00:07:49.720895+00:00, run_after=2022-12-30T00:07:49.720895+00:00
[2022-12-30T00:07:49.732+0000] {processor.py:175} INFO - Processing /home/airflow/.local/lib/python3.7/site-packages/airflow/example_dags/tutorial.py took 0.072 seconds
[2022-12-30T00:08:20.310+0000] {processor.py:153} INFO - Started process (PID=36052) to work on /home/airflow/.local/lib/python3.7/site-packages/airflow/example_dags/tutorial.py
[2022-12-30T00:08:20.310+0000] {processor.py:743} INFO - Processing file /home/airflow/.local/lib/python3.7/site-packages/airflow/example_dags/tutorial.py for tasks to queue
[2022-12-30T00:08:20.311+0000] {logging_mixin.py:137} INFO - [2022-12-30T00:08:20.311+0000] {dagbag.py:538} INFO - Filling up the DagBag from /home/airflow/.local/lib/python3.7/site-packages/airflow/example_dags/tutorial.py
[2022-12-30T00:08:20.323+0000] {processor.py:753} INFO - DAG(s) dict_keys(['tutorial']) retrieved from /home/airflow/.local/lib/python3.7/site-packages/airflow/example_dags/tutorial.py
[2022-12-30T00:08:20.351+0000] {logging_mixin.py:137} INFO - [2022-12-30T00:08:20.350+0000] {dag.py:2676} INFO - Sync 1 DAGs
[2022-12-30T00:08:20.368+0000] {logging_mixin.py:137} INFO - [2022-12-30T00:08:20.368+0000] {dag.py:3427} INFO - Setting next_dagrun for tutorial to 2022-12-29T00:08:20.368560+00:00, run_after=2022-12-30T00:08:20.368560+00:00
[2022-12-30T00:08:20.380+0000] {processor.py:175} INFO - Processing /home/airflow/.local/lib/python3.7/site-packages/airflow/example_dags/tutorial.py took 0.072 seconds
[2022-12-30T00:08:50.854+0000] {processor.py:153} INFO - Started process (PID=36134) to work on /home/airflow/.local/lib/python3.7/site-packages/airflow/example_dags/tutorial.py
[2022-12-30T00:08:50.854+0000] {processor.py:743} INFO - Processing file /home/airflow/.local/lib/python3.7/site-packages/airflow/example_dags/tutorial.py for tasks to queue
[2022-12-30T00:08:50.855+0000] {logging_mixin.py:137} INFO - [2022-12-30T00:08:50.855+0000] {dagbag.py:538} INFO - Filling up the DagBag from /home/airflow/.local/lib/python3.7/site-packages/airflow/example_dags/tutorial.py
[2022-12-30T00:08:50.864+0000] {processor.py:753} INFO - DAG(s) dict_keys(['tutorial']) retrieved from /home/airflow/.local/lib/python3.7/site-packages/airflow/example_dags/tutorial.py
[2022-12-30T00:08:50.895+0000] {logging_mixin.py:137} INFO - [2022-12-30T00:08:50.895+0000] {dag.py:2676} INFO - Sync 1 DAGs
[2022-12-30T00:08:50.914+0000] {logging_mixin.py:137} INFO - [2022-12-30T00:08:50.913+0000] {dag.py:3427} INFO - Setting next_dagrun for tutorial to 2022-12-29T00:08:50.913789+00:00, run_after=2022-12-30T00:08:50.913789+00:00
[2022-12-30T00:08:50.926+0000] {processor.py:175} INFO - Processing /home/airflow/.local/lib/python3.7/site-packages/airflow/example_dags/tutorial.py took 0.075 seconds
[2022-12-30T00:09:21.427+0000] {processor.py:153} INFO - Started process (PID=36236) to work on /home/airflow/.local/lib/python3.7/site-packages/airflow/example_dags/tutorial.py
[2022-12-30T00:09:21.428+0000] {processor.py:743} INFO - Processing file /home/airflow/.local/lib/python3.7/site-packages/airflow/example_dags/tutorial.py for tasks to queue
[2022-12-30T00:09:21.428+0000] {logging_mixin.py:137} INFO - [2022-12-30T00:09:21.428+0000] {dagbag.py:538} INFO - Filling up the DagBag from /home/airflow/.local/lib/python3.7/site-packages/airflow/example_dags/tutorial.py
[2022-12-30T00:09:21.439+0000] {processor.py:753} INFO - DAG(s) dict_keys(['tutorial']) retrieved from /home/airflow/.local/lib/python3.7/site-packages/airflow/example_dags/tutorial.py
[2022-12-30T00:09:21.468+0000] {logging_mixin.py:137} INFO - [2022-12-30T00:09:21.468+0000] {dag.py:2676} INFO - Sync 1 DAGs
[2022-12-30T00:09:21.486+0000] {logging_mixin.py:137} INFO - [2022-12-30T00:09:21.486+0000] {dag.py:3427} INFO - Setting next_dagrun for tutorial to 2022-12-29T00:09:21.486181+00:00, run_after=2022-12-30T00:09:21.486181+00:00
[2022-12-30T00:09:21.501+0000] {processor.py:175} INFO - Processing /home/airflow/.local/lib/python3.7/site-packages/airflow/example_dags/tutorial.py took 0.076 seconds
[2022-12-30T00:09:52.127+0000] {processor.py:153} INFO - Started process (PID=36338) to work on /home/airflow/.local/lib/python3.7/site-packages/airflow/example_dags/tutorial.py
[2022-12-30T00:09:52.127+0000] {processor.py:743} INFO - Processing file /home/airflow/.local/lib/python3.7/site-packages/airflow/example_dags/tutorial.py for tasks to queue
[2022-12-30T00:09:52.127+0000] {logging_mixin.py:137} INFO - [2022-12-30T00:09:52.127+0000] {dagbag.py:538} INFO - Filling up the DagBag from /home/airflow/.local/lib/python3.7/site-packages/airflow/example_dags/tutorial.py
[2022-12-30T00:09:52.137+0000] {processor.py:753} INFO - DAG(s) dict_keys(['tutorial']) retrieved from /home/airflow/.local/lib/python3.7/site-packages/airflow/example_dags/tutorial.py
[2022-12-30T00:09:52.164+0000] {logging_mixin.py:137} INFO - [2022-12-30T00:09:52.163+0000] {dag.py:2676} INFO - Sync 1 DAGs
[2022-12-30T00:09:52.184+0000] {logging_mixin.py:137} INFO - [2022-12-30T00:09:52.184+0000] {dag.py:3427} INFO - Setting next_dagrun for tutorial to 2022-12-29T00:09:52.184434+00:00, run_after=2022-12-30T00:09:52.184434+00:00
[2022-12-30T00:09:52.200+0000] {processor.py:175} INFO - Processing /home/airflow/.local/lib/python3.7/site-packages/airflow/example_dags/tutorial.py took 0.075 seconds
[2022-12-30T00:10:22.664+0000] {processor.py:153} INFO - Started process (PID=36420) to work on /home/airflow/.local/lib/python3.7/site-packages/airflow/example_dags/tutorial.py
[2022-12-30T00:10:22.665+0000] {processor.py:743} INFO - Processing file /home/airflow/.local/lib/python3.7/site-packages/airflow/example_dags/tutorial.py for tasks to queue
[2022-12-30T00:10:22.665+0000] {logging_mixin.py:137} INFO - [2022-12-30T00:10:22.665+0000] {dagbag.py:538} INFO - Filling up the DagBag from /home/airflow/.local/lib/python3.7/site-packages/airflow/example_dags/tutorial.py
[2022-12-30T00:10:22.676+0000] {processor.py:753} INFO - DAG(s) dict_keys(['tutorial']) retrieved from /home/airflow/.local/lib/python3.7/site-packages/airflow/example_dags/tutorial.py
[2022-12-30T00:10:22.708+0000] {logging_mixin.py:137} INFO - [2022-12-30T00:10:22.708+0000] {dag.py:2676} INFO - Sync 1 DAGs
[2022-12-30T00:10:22.729+0000] {logging_mixin.py:137} INFO - [2022-12-30T00:10:22.729+0000] {dag.py:3427} INFO - Setting next_dagrun for tutorial to 2022-12-29T00:10:22.729702+00:00, run_after=2022-12-30T00:10:22.729702+00:00
[2022-12-30T00:10:22.740+0000] {processor.py:175} INFO - Processing /home/airflow/.local/lib/python3.7/site-packages/airflow/example_dags/tutorial.py took 0.079 seconds
[2022-12-30T00:10:53.214+0000] {processor.py:153} INFO - Started process (PID=36522) to work on /home/airflow/.local/lib/python3.7/site-packages/airflow/example_dags/tutorial.py
[2022-12-30T00:10:53.215+0000] {processor.py:743} INFO - Processing file /home/airflow/.local/lib/python3.7/site-packages/airflow/example_dags/tutorial.py for tasks to queue
[2022-12-30T00:10:53.216+0000] {logging_mixin.py:137} INFO - [2022-12-30T00:10:53.215+0000] {dagbag.py:538} INFO - Filling up the DagBag from /home/airflow/.local/lib/python3.7/site-packages/airflow/example_dags/tutorial.py
[2022-12-30T00:10:53.225+0000] {processor.py:753} INFO - DAG(s) dict_keys(['tutorial']) retrieved from /home/airflow/.local/lib/python3.7/site-packages/airflow/example_dags/tutorial.py
[2022-12-30T00:10:53.251+0000] {logging_mixin.py:137} INFO - [2022-12-30T00:10:53.251+0000] {dag.py:2676} INFO - Sync 1 DAGs
[2022-12-30T00:10:53.269+0000] {logging_mixin.py:137} INFO - [2022-12-30T00:10:53.268+0000] {dag.py:3427} INFO - Setting next_dagrun for tutorial to 2022-12-29T00:10:53.268816+00:00, run_after=2022-12-30T00:10:53.268816+00:00
[2022-12-30T00:10:53.284+0000] {processor.py:175} INFO - Processing /home/airflow/.local/lib/python3.7/site-packages/airflow/example_dags/tutorial.py took 0.073 seconds
[2022-12-30T00:11:23.651+0000] {processor.py:153} INFO - Started process (PID=36604) to work on /home/airflow/.local/lib/python3.7/site-packages/airflow/example_dags/tutorial.py
[2022-12-30T00:11:23.651+0000] {processor.py:743} INFO - Processing file /home/airflow/.local/lib/python3.7/site-packages/airflow/example_dags/tutorial.py for tasks to queue
[2022-12-30T00:11:23.652+0000] {logging_mixin.py:137} INFO - [2022-12-30T00:11:23.652+0000] {dagbag.py:538} INFO - Filling up the DagBag from /home/airflow/.local/lib/python3.7/site-packages/airflow/example_dags/tutorial.py
[2022-12-30T00:11:23.663+0000] {processor.py:753} INFO - DAG(s) dict_keys(['tutorial']) retrieved from /home/airflow/.local/lib/python3.7/site-packages/airflow/example_dags/tutorial.py
[2022-12-30T00:11:23.688+0000] {logging_mixin.py:137} INFO - [2022-12-30T00:11:23.688+0000] {dag.py:2676} INFO - Sync 1 DAGs
[2022-12-30T00:11:23.710+0000] {logging_mixin.py:137} INFO - [2022-12-30T00:11:23.709+0000] {dag.py:3427} INFO - Setting next_dagrun for tutorial to 2022-12-29T00:11:23.709738+00:00, run_after=2022-12-30T00:11:23.709738+00:00
[2022-12-30T00:11:23.725+0000] {processor.py:175} INFO - Processing /home/airflow/.local/lib/python3.7/site-packages/airflow/example_dags/tutorial.py took 0.076 seconds
[2022-12-30T00:11:54.091+0000] {processor.py:153} INFO - Started process (PID=36706) to work on /home/airflow/.local/lib/python3.7/site-packages/airflow/example_dags/tutorial.py
[2022-12-30T00:11:54.092+0000] {processor.py:743} INFO - Processing file /home/airflow/.local/lib/python3.7/site-packages/airflow/example_dags/tutorial.py for tasks to queue
[2022-12-30T00:11:54.093+0000] {logging_mixin.py:137} INFO - [2022-12-30T00:11:54.092+0000] {dagbag.py:538} INFO - Filling up the DagBag from /home/airflow/.local/lib/python3.7/site-packages/airflow/example_dags/tutorial.py
[2022-12-30T00:11:54.102+0000] {processor.py:753} INFO - DAG(s) dict_keys(['tutorial']) retrieved from /home/airflow/.local/lib/python3.7/site-packages/airflow/example_dags/tutorial.py
[2022-12-30T00:11:54.129+0000] {logging_mixin.py:137} INFO - [2022-12-30T00:11:54.129+0000] {dag.py:2676} INFO - Sync 1 DAGs
[2022-12-30T00:11:54.148+0000] {logging_mixin.py:137} INFO - [2022-12-30T00:11:54.148+0000] {dag.py:3427} INFO - Setting next_dagrun for tutorial to 2022-12-29T00:11:54.148311+00:00, run_after=2022-12-30T00:11:54.148311+00:00
[2022-12-30T00:11:54.160+0000] {processor.py:175} INFO - Processing /home/airflow/.local/lib/python3.7/site-packages/airflow/example_dags/tutorial.py took 0.073 seconds
[2022-12-30T00:12:24.452+0000] {processor.py:153} INFO - Started process (PID=36808) to work on /home/airflow/.local/lib/python3.7/site-packages/airflow/example_dags/tutorial.py
[2022-12-30T00:12:24.458+0000] {processor.py:743} INFO - Processing file /home/airflow/.local/lib/python3.7/site-packages/airflow/example_dags/tutorial.py for tasks to queue
[2022-12-30T00:12:24.458+0000] {logging_mixin.py:137} INFO - [2022-12-30T00:12:24.458+0000] {dagbag.py:538} INFO - Filling up the DagBag from /home/airflow/.local/lib/python3.7/site-packages/airflow/example_dags/tutorial.py
[2022-12-30T00:12:24.484+0000] {processor.py:753} INFO - DAG(s) dict_keys(['tutorial']) retrieved from /home/airflow/.local/lib/python3.7/site-packages/airflow/example_dags/tutorial.py
[2022-12-30T00:12:24.516+0000] {logging_mixin.py:137} INFO - [2022-12-30T00:12:24.516+0000] {dag.py:2676} INFO - Sync 1 DAGs
[2022-12-30T00:12:24.539+0000] {logging_mixin.py:137} INFO - [2022-12-30T00:12:24.539+0000] {dag.py:3427} INFO - Setting next_dagrun for tutorial to 2022-12-29T00:12:24.539022+00:00, run_after=2022-12-30T00:12:24.539022+00:00
[2022-12-30T00:12:24.554+0000] {processor.py:175} INFO - Processing /home/airflow/.local/lib/python3.7/site-packages/airflow/example_dags/tutorial.py took 0.105 seconds
[2022-12-30T00:12:55.029+0000] {processor.py:153} INFO - Started process (PID=36890) to work on /home/airflow/.local/lib/python3.7/site-packages/airflow/example_dags/tutorial.py
[2022-12-30T00:12:55.030+0000] {processor.py:743} INFO - Processing file /home/airflow/.local/lib/python3.7/site-packages/airflow/example_dags/tutorial.py for tasks to queue
[2022-12-30T00:12:55.030+0000] {logging_mixin.py:137} INFO - [2022-12-30T00:12:55.030+0000] {dagbag.py:538} INFO - Filling up the DagBag from /home/airflow/.local/lib/python3.7/site-packages/airflow/example_dags/tutorial.py
[2022-12-30T00:12:55.042+0000] {processor.py:753} INFO - DAG(s) dict_keys(['tutorial']) retrieved from /home/airflow/.local/lib/python3.7/site-packages/airflow/example_dags/tutorial.py
[2022-12-30T00:12:55.068+0000] {logging_mixin.py:137} INFO - [2022-12-30T00:12:55.068+0000] {dag.py:2676} INFO - Sync 1 DAGs
[2022-12-30T00:12:55.086+0000] {logging_mixin.py:137} INFO - [2022-12-30T00:12:55.086+0000] {dag.py:3427} INFO - Setting next_dagrun for tutorial to 2022-12-29T00:12:55.086303+00:00, run_after=2022-12-30T00:12:55.086303+00:00
[2022-12-30T00:12:55.098+0000] {processor.py:175} INFO - Processing /home/airflow/.local/lib/python3.7/site-packages/airflow/example_dags/tutorial.py took 0.072 seconds
[2022-12-30T00:13:25.423+0000] {processor.py:153} INFO - Started process (PID=36992) to work on /home/airflow/.local/lib/python3.7/site-packages/airflow/example_dags/tutorial.py
[2022-12-30T00:13:25.424+0000] {processor.py:743} INFO - Processing file /home/airflow/.local/lib/python3.7/site-packages/airflow/example_dags/tutorial.py for tasks to queue
[2022-12-30T00:13:25.425+0000] {logging_mixin.py:137} INFO - [2022-12-30T00:13:25.424+0000] {dagbag.py:538} INFO - Filling up the DagBag from /home/airflow/.local/lib/python3.7/site-packages/airflow/example_dags/tutorial.py
[2022-12-30T00:13:25.434+0000] {processor.py:753} INFO - DAG(s) dict_keys(['tutorial']) retrieved from /home/airflow/.local/lib/python3.7/site-packages/airflow/example_dags/tutorial.py
[2022-12-30T00:13:25.463+0000] {logging_mixin.py:137} INFO - [2022-12-30T00:13:25.463+0000] {dag.py:2676} INFO - Sync 1 DAGs
[2022-12-30T00:13:25.482+0000] {logging_mixin.py:137} INFO - [2022-12-30T00:13:25.482+0000] {dag.py:3427} INFO - Setting next_dagrun for tutorial to 2022-12-29T00:13:25.481932+00:00, run_after=2022-12-30T00:13:25.481932+00:00
[2022-12-30T00:13:25.494+0000] {processor.py:175} INFO - Processing /home/airflow/.local/lib/python3.7/site-packages/airflow/example_dags/tutorial.py took 0.073 seconds
[2022-12-30T00:13:55.803+0000] {processor.py:153} INFO - Started process (PID=37074) to work on /home/airflow/.local/lib/python3.7/site-packages/airflow/example_dags/tutorial.py
[2022-12-30T00:13:55.803+0000] {processor.py:743} INFO - Processing file /home/airflow/.local/lib/python3.7/site-packages/airflow/example_dags/tutorial.py for tasks to queue
[2022-12-30T00:13:55.804+0000] {logging_mixin.py:137} INFO - [2022-12-30T00:13:55.804+0000] {dagbag.py:538} INFO - Filling up the DagBag from /home/airflow/.local/lib/python3.7/site-packages/airflow/example_dags/tutorial.py
[2022-12-30T00:13:55.815+0000] {processor.py:753} INFO - DAG(s) dict_keys(['tutorial']) retrieved from /home/airflow/.local/lib/python3.7/site-packages/airflow/example_dags/tutorial.py
[2022-12-30T00:13:55.847+0000] {logging_mixin.py:137} INFO - [2022-12-30T00:13:55.847+0000] {dag.py:2676} INFO - Sync 1 DAGs
[2022-12-30T00:13:55.869+0000] {logging_mixin.py:137} INFO - [2022-12-30T00:13:55.869+0000] {dag.py:3427} INFO - Setting next_dagrun for tutorial to 2022-12-29T00:13:55.869687+00:00, run_after=2022-12-30T00:13:55.869687+00:00
[2022-12-30T00:13:55.882+0000] {processor.py:175} INFO - Processing /home/airflow/.local/lib/python3.7/site-packages/airflow/example_dags/tutorial.py took 0.083 seconds
[2022-12-30T00:14:26.360+0000] {processor.py:153} INFO - Started process (PID=37176) to work on /home/airflow/.local/lib/python3.7/site-packages/airflow/example_dags/tutorial.py
[2022-12-30T00:14:26.361+0000] {processor.py:743} INFO - Processing file /home/airflow/.local/lib/python3.7/site-packages/airflow/example_dags/tutorial.py for tasks to queue
[2022-12-30T00:14:26.361+0000] {logging_mixin.py:137} INFO - [2022-12-30T00:14:26.361+0000] {dagbag.py:538} INFO - Filling up the DagBag from /home/airflow/.local/lib/python3.7/site-packages/airflow/example_dags/tutorial.py
[2022-12-30T00:14:26.372+0000] {processor.py:753} INFO - DAG(s) dict_keys(['tutorial']) retrieved from /home/airflow/.local/lib/python3.7/site-packages/airflow/example_dags/tutorial.py
[2022-12-30T00:14:26.398+0000] {logging_mixin.py:137} INFO - [2022-12-30T00:14:26.398+0000] {dag.py:2676} INFO - Sync 1 DAGs
[2022-12-30T00:14:26.416+0000] {logging_mixin.py:137} INFO - [2022-12-30T00:14:26.416+0000] {dag.py:3427} INFO - Setting next_dagrun for tutorial to 2022-12-29T00:14:26.416337+00:00, run_after=2022-12-30T00:14:26.416337+00:00
[2022-12-30T00:14:26.428+0000] {processor.py:175} INFO - Processing /home/airflow/.local/lib/python3.7/site-packages/airflow/example_dags/tutorial.py took 0.070 seconds
[2022-12-30T00:14:56.781+0000] {processor.py:153} INFO - Started process (PID=37258) to work on /home/airflow/.local/lib/python3.7/site-packages/airflow/example_dags/tutorial.py
[2022-12-30T00:14:56.782+0000] {processor.py:743} INFO - Processing file /home/airflow/.local/lib/python3.7/site-packages/airflow/example_dags/tutorial.py for tasks to queue
[2022-12-30T00:14:56.782+0000] {logging_mixin.py:137} INFO - [2022-12-30T00:14:56.782+0000] {dagbag.py:538} INFO - Filling up the DagBag from /home/airflow/.local/lib/python3.7/site-packages/airflow/example_dags/tutorial.py
[2022-12-30T00:14:56.795+0000] {processor.py:753} INFO - DAG(s) dict_keys(['tutorial']) retrieved from /home/airflow/.local/lib/python3.7/site-packages/airflow/example_dags/tutorial.py
[2022-12-30T00:14:56.822+0000] {logging_mixin.py:137} INFO - [2022-12-30T00:14:56.822+0000] {dag.py:2676} INFO - Sync 1 DAGs
[2022-12-30T00:14:56.840+0000] {logging_mixin.py:137} INFO - [2022-12-30T00:14:56.840+0000] {dag.py:3427} INFO - Setting next_dagrun for tutorial to 2022-12-29T00:14:56.840122+00:00, run_after=2022-12-30T00:14:56.840122+00:00
[2022-12-30T00:14:56.854+0000] {processor.py:175} INFO - Processing /home/airflow/.local/lib/python3.7/site-packages/airflow/example_dags/tutorial.py took 0.075 seconds
[2022-12-30T00:15:27.201+0000] {processor.py:153} INFO - Started process (PID=37360) to work on /home/airflow/.local/lib/python3.7/site-packages/airflow/example_dags/tutorial.py
[2022-12-30T00:15:27.201+0000] {processor.py:743} INFO - Processing file /home/airflow/.local/lib/python3.7/site-packages/airflow/example_dags/tutorial.py for tasks to queue
[2022-12-30T00:15:27.202+0000] {logging_mixin.py:137} INFO - [2022-12-30T00:15:27.202+0000] {dagbag.py:538} INFO - Filling up the DagBag from /home/airflow/.local/lib/python3.7/site-packages/airflow/example_dags/tutorial.py
[2022-12-30T00:15:27.213+0000] {processor.py:753} INFO - DAG(s) dict_keys(['tutorial']) retrieved from /home/airflow/.local/lib/python3.7/site-packages/airflow/example_dags/tutorial.py
[2022-12-30T00:15:27.242+0000] {logging_mixin.py:137} INFO - [2022-12-30T00:15:27.242+0000] {dag.py:2676} INFO - Sync 1 DAGs
[2022-12-30T00:15:27.266+0000] {logging_mixin.py:137} INFO - [2022-12-30T00:15:27.266+0000] {dag.py:3427} INFO - Setting next_dagrun for tutorial to 2022-12-29T00:15:27.265908+00:00, run_after=2022-12-30T00:15:27.265908+00:00
[2022-12-30T00:15:27.280+0000] {processor.py:175} INFO - Processing /home/airflow/.local/lib/python3.7/site-packages/airflow/example_dags/tutorial.py took 0.081 seconds
[2022-12-30T00:15:57.825+0000] {processor.py:153} INFO - Started process (PID=37462) to work on /home/airflow/.local/lib/python3.7/site-packages/airflow/example_dags/tutorial.py
[2022-12-30T00:15:57.826+0000] {processor.py:743} INFO - Processing file /home/airflow/.local/lib/python3.7/site-packages/airflow/example_dags/tutorial.py for tasks to queue
[2022-12-30T00:15:57.826+0000] {logging_mixin.py:137} INFO - [2022-12-30T00:15:57.826+0000] {dagbag.py:538} INFO - Filling up the DagBag from /home/airflow/.local/lib/python3.7/site-packages/airflow/example_dags/tutorial.py
[2022-12-30T00:15:57.837+0000] {processor.py:753} INFO - DAG(s) dict_keys(['tutorial']) retrieved from /home/airflow/.local/lib/python3.7/site-packages/airflow/example_dags/tutorial.py
[2022-12-30T00:15:57.867+0000] {logging_mixin.py:137} INFO - [2022-12-30T00:15:57.867+0000] {dag.py:2676} INFO - Sync 1 DAGs
[2022-12-30T00:15:57.886+0000] {logging_mixin.py:137} INFO - [2022-12-30T00:15:57.885+0000] {dag.py:3427} INFO - Setting next_dagrun for tutorial to 2022-12-29T00:15:57.885783+00:00, run_after=2022-12-30T00:15:57.885783+00:00
[2022-12-30T00:15:57.898+0000] {processor.py:175} INFO - Processing /home/airflow/.local/lib/python3.7/site-packages/airflow/example_dags/tutorial.py took 0.075 seconds
[2022-12-30T00:16:28.506+0000] {processor.py:153} INFO - Started process (PID=37544) to work on /home/airflow/.local/lib/python3.7/site-packages/airflow/example_dags/tutorial.py
[2022-12-30T00:16:28.507+0000] {processor.py:743} INFO - Processing file /home/airflow/.local/lib/python3.7/site-packages/airflow/example_dags/tutorial.py for tasks to queue
[2022-12-30T00:16:28.507+0000] {logging_mixin.py:137} INFO - [2022-12-30T00:16:28.507+0000] {dagbag.py:538} INFO - Filling up the DagBag from /home/airflow/.local/lib/python3.7/site-packages/airflow/example_dags/tutorial.py
[2022-12-30T00:16:28.517+0000] {processor.py:753} INFO - DAG(s) dict_keys(['tutorial']) retrieved from /home/airflow/.local/lib/python3.7/site-packages/airflow/example_dags/tutorial.py
[2022-12-30T00:16:28.543+0000] {logging_mixin.py:137} INFO - [2022-12-30T00:16:28.543+0000] {dag.py:2676} INFO - Sync 1 DAGs
[2022-12-30T00:16:28.562+0000] {logging_mixin.py:137} INFO - [2022-12-30T00:16:28.562+0000] {dag.py:3427} INFO - Setting next_dagrun for tutorial to 2022-12-29T00:16:28.562303+00:00, run_after=2022-12-30T00:16:28.562303+00:00
[2022-12-30T00:16:28.573+0000] {processor.py:175} INFO - Processing /home/airflow/.local/lib/python3.7/site-packages/airflow/example_dags/tutorial.py took 0.070 seconds
[2022-12-30T00:16:59.025+0000] {processor.py:153} INFO - Started process (PID=37646) to work on /home/airflow/.local/lib/python3.7/site-packages/airflow/example_dags/tutorial.py
[2022-12-30T00:16:59.025+0000] {processor.py:743} INFO - Processing file /home/airflow/.local/lib/python3.7/site-packages/airflow/example_dags/tutorial.py for tasks to queue
[2022-12-30T00:16:59.026+0000] {logging_mixin.py:137} INFO - [2022-12-30T00:16:59.026+0000] {dagbag.py:538} INFO - Filling up the DagBag from /home/airflow/.local/lib/python3.7/site-packages/airflow/example_dags/tutorial.py
[2022-12-30T00:16:59.037+0000] {processor.py:753} INFO - DAG(s) dict_keys(['tutorial']) retrieved from /home/airflow/.local/lib/python3.7/site-packages/airflow/example_dags/tutorial.py
[2022-12-30T00:16:59.063+0000] {logging_mixin.py:137} INFO - [2022-12-30T00:16:59.063+0000] {dag.py:2676} INFO - Sync 1 DAGs
[2022-12-30T00:16:59.083+0000] {logging_mixin.py:137} INFO - [2022-12-30T00:16:59.083+0000] {dag.py:3427} INFO - Setting next_dagrun for tutorial to 2022-12-29T00:16:59.083193+00:00, run_after=2022-12-30T00:16:59.083193+00:00
[2022-12-30T00:16:59.097+0000] {processor.py:175} INFO - Processing /home/airflow/.local/lib/python3.7/site-packages/airflow/example_dags/tutorial.py took 0.074 seconds
[2022-12-30T00:17:29.636+0000] {processor.py:153} INFO - Started process (PID=37728) to work on /home/airflow/.local/lib/python3.7/site-packages/airflow/example_dags/tutorial.py
[2022-12-30T00:17:29.637+0000] {processor.py:743} INFO - Processing file /home/airflow/.local/lib/python3.7/site-packages/airflow/example_dags/tutorial.py for tasks to queue
[2022-12-30T00:17:29.637+0000] {logging_mixin.py:137} INFO - [2022-12-30T00:17:29.637+0000] {dagbag.py:538} INFO - Filling up the DagBag from /home/airflow/.local/lib/python3.7/site-packages/airflow/example_dags/tutorial.py
[2022-12-30T00:17:29.650+0000] {processor.py:753} INFO - DAG(s) dict_keys(['tutorial']) retrieved from /home/airflow/.local/lib/python3.7/site-packages/airflow/example_dags/tutorial.py
[2022-12-30T00:17:29.682+0000] {logging_mixin.py:137} INFO - [2022-12-30T00:17:29.682+0000] {dag.py:2676} INFO - Sync 1 DAGs
[2022-12-30T00:17:29.703+0000] {logging_mixin.py:137} INFO - [2022-12-30T00:17:29.703+0000] {dag.py:3427} INFO - Setting next_dagrun for tutorial to 2022-12-29T00:17:29.703554+00:00, run_after=2022-12-30T00:17:29.703554+00:00
[2022-12-30T00:17:29.716+0000] {processor.py:175} INFO - Processing /home/airflow/.local/lib/python3.7/site-packages/airflow/example_dags/tutorial.py took 0.083 seconds
[2022-12-30T00:18:00.126+0000] {processor.py:153} INFO - Started process (PID=37831) to work on /home/airflow/.local/lib/python3.7/site-packages/airflow/example_dags/tutorial.py
[2022-12-30T00:18:00.127+0000] {processor.py:743} INFO - Processing file /home/airflow/.local/lib/python3.7/site-packages/airflow/example_dags/tutorial.py for tasks to queue
[2022-12-30T00:18:00.128+0000] {logging_mixin.py:137} INFO - [2022-12-30T00:18:00.128+0000] {dagbag.py:538} INFO - Filling up the DagBag from /home/airflow/.local/lib/python3.7/site-packages/airflow/example_dags/tutorial.py
[2022-12-30T00:18:00.139+0000] {processor.py:753} INFO - DAG(s) dict_keys(['tutorial']) retrieved from /home/airflow/.local/lib/python3.7/site-packages/airflow/example_dags/tutorial.py
[2022-12-30T00:18:00.167+0000] {logging_mixin.py:137} INFO - [2022-12-30T00:18:00.167+0000] {dag.py:2676} INFO - Sync 1 DAGs
[2022-12-30T00:18:00.187+0000] {logging_mixin.py:137} INFO - [2022-12-30T00:18:00.187+0000] {dag.py:3427} INFO - Setting next_dagrun for tutorial to 2022-12-29T00:18:00.187570+00:00, run_after=2022-12-30T00:18:00.187570+00:00
[2022-12-30T00:18:00.200+0000] {processor.py:175} INFO - Processing /home/airflow/.local/lib/python3.7/site-packages/airflow/example_dags/tutorial.py took 0.078 seconds
[2022-12-30T00:18:30.579+0000] {processor.py:153} INFO - Started process (PID=37914) to work on /home/airflow/.local/lib/python3.7/site-packages/airflow/example_dags/tutorial.py
[2022-12-30T00:18:30.580+0000] {processor.py:743} INFO - Processing file /home/airflow/.local/lib/python3.7/site-packages/airflow/example_dags/tutorial.py for tasks to queue
[2022-12-30T00:18:30.581+0000] {logging_mixin.py:137} INFO - [2022-12-30T00:18:30.581+0000] {dagbag.py:538} INFO - Filling up the DagBag from /home/airflow/.local/lib/python3.7/site-packages/airflow/example_dags/tutorial.py
[2022-12-30T00:18:30.590+0000] {processor.py:753} INFO - DAG(s) dict_keys(['tutorial']) retrieved from /home/airflow/.local/lib/python3.7/site-packages/airflow/example_dags/tutorial.py
[2022-12-30T00:18:30.617+0000] {logging_mixin.py:137} INFO - [2022-12-30T00:18:30.617+0000] {dag.py:2676} INFO - Sync 1 DAGs
[2022-12-30T00:18:30.637+0000] {logging_mixin.py:137} INFO - [2022-12-30T00:18:30.637+0000] {dag.py:3427} INFO - Setting next_dagrun for tutorial to 2022-12-29T00:18:30.637094+00:00, run_after=2022-12-30T00:18:30.637094+00:00
[2022-12-30T00:18:30.650+0000] {processor.py:175} INFO - Processing /home/airflow/.local/lib/python3.7/site-packages/airflow/example_dags/tutorial.py took 0.073 seconds
[2022-12-30T00:19:01.072+0000] {processor.py:153} INFO - Started process (PID=38016) to work on /home/airflow/.local/lib/python3.7/site-packages/airflow/example_dags/tutorial.py
[2022-12-30T00:19:01.073+0000] {processor.py:743} INFO - Processing file /home/airflow/.local/lib/python3.7/site-packages/airflow/example_dags/tutorial.py for tasks to queue
[2022-12-30T00:19:01.073+0000] {logging_mixin.py:137} INFO - [2022-12-30T00:19:01.073+0000] {dagbag.py:538} INFO - Filling up the DagBag from /home/airflow/.local/lib/python3.7/site-packages/airflow/example_dags/tutorial.py
[2022-12-30T00:19:01.086+0000] {processor.py:753} INFO - DAG(s) dict_keys(['tutorial']) retrieved from /home/airflow/.local/lib/python3.7/site-packages/airflow/example_dags/tutorial.py
[2022-12-30T00:19:01.111+0000] {logging_mixin.py:137} INFO - [2022-12-30T00:19:01.111+0000] {dag.py:2676} INFO - Sync 1 DAGs
[2022-12-30T00:19:01.131+0000] {logging_mixin.py:137} INFO - [2022-12-30T00:19:01.130+0000] {dag.py:3427} INFO - Setting next_dagrun for tutorial to 2022-12-29T00:19:01.130720+00:00, run_after=2022-12-30T00:19:01.130720+00:00
[2022-12-30T00:19:01.145+0000] {processor.py:175} INFO - Processing /home/airflow/.local/lib/python3.7/site-packages/airflow/example_dags/tutorial.py took 0.075 seconds
[2022-12-30T00:19:31.820+0000] {processor.py:153} INFO - Started process (PID=38107) to work on /home/airflow/.local/lib/python3.7/site-packages/airflow/example_dags/tutorial.py
[2022-12-30T00:19:31.821+0000] {processor.py:743} INFO - Processing file /home/airflow/.local/lib/python3.7/site-packages/airflow/example_dags/tutorial.py for tasks to queue
[2022-12-30T00:19:31.821+0000] {logging_mixin.py:137} INFO - [2022-12-30T00:19:31.821+0000] {dagbag.py:538} INFO - Filling up the DagBag from /home/airflow/.local/lib/python3.7/site-packages/airflow/example_dags/tutorial.py
[2022-12-30T00:19:31.832+0000] {processor.py:753} INFO - DAG(s) dict_keys(['tutorial']) retrieved from /home/airflow/.local/lib/python3.7/site-packages/airflow/example_dags/tutorial.py
[2022-12-30T00:19:31.863+0000] {logging_mixin.py:137} INFO - [2022-12-30T00:19:31.863+0000] {dag.py:2676} INFO - Sync 1 DAGs
[2022-12-30T00:19:31.884+0000] {logging_mixin.py:137} INFO - [2022-12-30T00:19:31.884+0000] {dag.py:3427} INFO - Setting next_dagrun for tutorial to 2022-12-29T00:19:31.884370+00:00, run_after=2022-12-30T00:19:31.884370+00:00
[2022-12-30T00:19:31.897+0000] {processor.py:175} INFO - Processing /home/airflow/.local/lib/python3.7/site-packages/airflow/example_dags/tutorial.py took 0.079 seconds
[2022-12-30T00:20:02.445+0000] {processor.py:153} INFO - Started process (PID=38200) to work on /home/airflow/.local/lib/python3.7/site-packages/airflow/example_dags/tutorial.py
[2022-12-30T00:20:02.446+0000] {processor.py:743} INFO - Processing file /home/airflow/.local/lib/python3.7/site-packages/airflow/example_dags/tutorial.py for tasks to queue
[2022-12-30T00:20:02.446+0000] {logging_mixin.py:137} INFO - [2022-12-30T00:20:02.446+0000] {dagbag.py:538} INFO - Filling up the DagBag from /home/airflow/.local/lib/python3.7/site-packages/airflow/example_dags/tutorial.py
[2022-12-30T00:20:02.459+0000] {processor.py:753} INFO - DAG(s) dict_keys(['tutorial']) retrieved from /home/airflow/.local/lib/python3.7/site-packages/airflow/example_dags/tutorial.py
[2022-12-30T00:20:02.491+0000] {logging_mixin.py:137} INFO - [2022-12-30T00:20:02.491+0000] {dag.py:2676} INFO - Sync 1 DAGs
[2022-12-30T00:20:02.515+0000] {logging_mixin.py:137} INFO - [2022-12-30T00:20:02.515+0000] {dag.py:3427} INFO - Setting next_dagrun for tutorial to 2022-12-29T00:20:02.514793+00:00, run_after=2022-12-30T00:20:02.514793+00:00
[2022-12-30T00:20:02.532+0000] {processor.py:175} INFO - Processing /home/airflow/.local/lib/python3.7/site-packages/airflow/example_dags/tutorial.py took 0.089 seconds
[2022-12-30T00:20:33.317+0000] {processor.py:153} INFO - Started process (PID=38302) to work on /home/airflow/.local/lib/python3.7/site-packages/airflow/example_dags/tutorial.py
[2022-12-30T00:20:33.317+0000] {processor.py:743} INFO - Processing file /home/airflow/.local/lib/python3.7/site-packages/airflow/example_dags/tutorial.py for tasks to queue
[2022-12-30T00:20:33.318+0000] {logging_mixin.py:137} INFO - [2022-12-30T00:20:33.318+0000] {dagbag.py:538} INFO - Filling up the DagBag from /home/airflow/.local/lib/python3.7/site-packages/airflow/example_dags/tutorial.py
[2022-12-30T00:20:33.328+0000] {processor.py:753} INFO - DAG(s) dict_keys(['tutorial']) retrieved from /home/airflow/.local/lib/python3.7/site-packages/airflow/example_dags/tutorial.py
[2022-12-30T00:20:33.355+0000] {logging_mixin.py:137} INFO - [2022-12-30T00:20:33.355+0000] {dag.py:2676} INFO - Sync 1 DAGs
[2022-12-30T00:20:33.373+0000] {logging_mixin.py:137} INFO - [2022-12-30T00:20:33.373+0000] {dag.py:3427} INFO - Setting next_dagrun for tutorial to 2022-12-29T00:20:33.373534+00:00, run_after=2022-12-30T00:20:33.373534+00:00
[2022-12-30T00:20:33.386+0000] {processor.py:175} INFO - Processing /home/airflow/.local/lib/python3.7/site-packages/airflow/example_dags/tutorial.py took 0.071 seconds
[2022-12-30T00:21:03.647+0000] {processor.py:153} INFO - Started process (PID=38385) to work on /home/airflow/.local/lib/python3.7/site-packages/airflow/example_dags/tutorial.py
[2022-12-30T00:21:03.648+0000] {processor.py:743} INFO - Processing file /home/airflow/.local/lib/python3.7/site-packages/airflow/example_dags/tutorial.py for tasks to queue
[2022-12-30T00:21:03.648+0000] {logging_mixin.py:137} INFO - [2022-12-30T00:21:03.648+0000] {dagbag.py:538} INFO - Filling up the DagBag from /home/airflow/.local/lib/python3.7/site-packages/airflow/example_dags/tutorial.py
[2022-12-30T00:21:03.657+0000] {processor.py:753} INFO - DAG(s) dict_keys(['tutorial']) retrieved from /home/airflow/.local/lib/python3.7/site-packages/airflow/example_dags/tutorial.py
[2022-12-30T00:21:03.683+0000] {logging_mixin.py:137} INFO - [2022-12-30T00:21:03.683+0000] {dag.py:2676} INFO - Sync 1 DAGs
[2022-12-30T00:21:03.703+0000] {logging_mixin.py:137} INFO - [2022-12-30T00:21:03.703+0000] {dag.py:3427} INFO - Setting next_dagrun for tutorial to 2022-12-29T00:21:03.703314+00:00, run_after=2022-12-30T00:21:03.703314+00:00
[2022-12-30T00:21:03.716+0000] {processor.py:175} INFO - Processing /home/airflow/.local/lib/python3.7/site-packages/airflow/example_dags/tutorial.py took 0.072 seconds
[2022-12-30T00:21:34.536+0000] {processor.py:153} INFO - Started process (PID=38488) to work on /home/airflow/.local/lib/python3.7/site-packages/airflow/example_dags/tutorial.py
[2022-12-30T00:21:34.537+0000] {processor.py:743} INFO - Processing file /home/airflow/.local/lib/python3.7/site-packages/airflow/example_dags/tutorial.py for tasks to queue
[2022-12-30T00:21:34.537+0000] {logging_mixin.py:137} INFO - [2022-12-30T00:21:34.537+0000] {dagbag.py:538} INFO - Filling up the DagBag from /home/airflow/.local/lib/python3.7/site-packages/airflow/example_dags/tutorial.py
[2022-12-30T00:21:34.551+0000] {processor.py:753} INFO - DAG(s) dict_keys(['tutorial']) retrieved from /home/airflow/.local/lib/python3.7/site-packages/airflow/example_dags/tutorial.py
[2022-12-30T00:21:34.580+0000] {logging_mixin.py:137} INFO - [2022-12-30T00:21:34.579+0000] {dag.py:2676} INFO - Sync 1 DAGs
[2022-12-30T00:21:34.599+0000] {logging_mixin.py:137} INFO - [2022-12-30T00:21:34.599+0000] {dag.py:3427} INFO - Setting next_dagrun for tutorial to 2022-12-29T00:21:34.599181+00:00, run_after=2022-12-30T00:21:34.599181+00:00
[2022-12-30T00:21:34.614+0000] {processor.py:175} INFO - Processing /home/airflow/.local/lib/python3.7/site-packages/airflow/example_dags/tutorial.py took 0.081 seconds
[2022-12-30T00:22:04.784+0000] {processor.py:153} INFO - Started process (PID=38570) to work on /home/airflow/.local/lib/python3.7/site-packages/airflow/example_dags/tutorial.py
[2022-12-30T00:22:04.785+0000] {processor.py:743} INFO - Processing file /home/airflow/.local/lib/python3.7/site-packages/airflow/example_dags/tutorial.py for tasks to queue
[2022-12-30T00:22:04.785+0000] {logging_mixin.py:137} INFO - [2022-12-30T00:22:04.785+0000] {dagbag.py:538} INFO - Filling up the DagBag from /home/airflow/.local/lib/python3.7/site-packages/airflow/example_dags/tutorial.py
[2022-12-30T00:22:04.799+0000] {processor.py:753} INFO - DAG(s) dict_keys(['tutorial']) retrieved from /home/airflow/.local/lib/python3.7/site-packages/airflow/example_dags/tutorial.py
[2022-12-30T00:22:04.830+0000] {logging_mixin.py:137} INFO - [2022-12-30T00:22:04.830+0000] {dag.py:2676} INFO - Sync 1 DAGs
[2022-12-30T00:22:04.849+0000] {logging_mixin.py:137} INFO - [2022-12-30T00:22:04.849+0000] {dag.py:3427} INFO - Setting next_dagrun for tutorial to 2022-12-29T00:22:04.849258+00:00, run_after=2022-12-30T00:22:04.849258+00:00
[2022-12-30T00:22:04.864+0000] {processor.py:175} INFO - Processing /home/airflow/.local/lib/python3.7/site-packages/airflow/example_dags/tutorial.py took 0.082 seconds
[2022-12-30T00:22:35.489+0000] {processor.py:153} INFO - Started process (PID=38672) to work on /home/airflow/.local/lib/python3.7/site-packages/airflow/example_dags/tutorial.py
[2022-12-30T00:22:35.490+0000] {processor.py:743} INFO - Processing file /home/airflow/.local/lib/python3.7/site-packages/airflow/example_dags/tutorial.py for tasks to queue
[2022-12-30T00:22:35.490+0000] {logging_mixin.py:137} INFO - [2022-12-30T00:22:35.490+0000] {dagbag.py:538} INFO - Filling up the DagBag from /home/airflow/.local/lib/python3.7/site-packages/airflow/example_dags/tutorial.py
[2022-12-30T00:22:35.501+0000] {processor.py:753} INFO - DAG(s) dict_keys(['tutorial']) retrieved from /home/airflow/.local/lib/python3.7/site-packages/airflow/example_dags/tutorial.py
[2022-12-30T00:22:35.529+0000] {logging_mixin.py:137} INFO - [2022-12-30T00:22:35.528+0000] {dag.py:2676} INFO - Sync 1 DAGs
[2022-12-30T00:22:35.548+0000] {logging_mixin.py:137} INFO - [2022-12-30T00:22:35.547+0000] {dag.py:3427} INFO - Setting next_dagrun for tutorial to 2022-12-29T00:22:35.547799+00:00, run_after=2022-12-30T00:22:35.547799+00:00
[2022-12-30T00:22:35.559+0000] {processor.py:175} INFO - Processing /home/airflow/.local/lib/python3.7/site-packages/airflow/example_dags/tutorial.py took 0.072 seconds
[2022-12-30T00:23:06.183+0000] {processor.py:153} INFO - Started process (PID=38763) to work on /home/airflow/.local/lib/python3.7/site-packages/airflow/example_dags/tutorial.py
[2022-12-30T00:23:06.183+0000] {processor.py:743} INFO - Processing file /home/airflow/.local/lib/python3.7/site-packages/airflow/example_dags/tutorial.py for tasks to queue
[2022-12-30T00:23:06.184+0000] {logging_mixin.py:137} INFO - [2022-12-30T00:23:06.184+0000] {dagbag.py:538} INFO - Filling up the DagBag from /home/airflow/.local/lib/python3.7/site-packages/airflow/example_dags/tutorial.py
[2022-12-30T00:23:06.196+0000] {processor.py:753} INFO - DAG(s) dict_keys(['tutorial']) retrieved from /home/airflow/.local/lib/python3.7/site-packages/airflow/example_dags/tutorial.py
[2022-12-30T00:23:06.230+0000] {logging_mixin.py:137} INFO - [2022-12-30T00:23:06.230+0000] {dag.py:2676} INFO - Sync 1 DAGs
[2022-12-30T00:23:06.259+0000] {logging_mixin.py:137} INFO - [2022-12-30T00:23:06.259+0000] {dag.py:3427} INFO - Setting next_dagrun for tutorial to 2022-12-29T00:23:06.258803+00:00, run_after=2022-12-30T00:23:06.258803+00:00
[2022-12-30T00:23:06.273+0000] {processor.py:175} INFO - Processing /home/airflow/.local/lib/python3.7/site-packages/airflow/example_dags/tutorial.py took 0.093 seconds
[2022-12-30T00:23:37.169+0000] {processor.py:153} INFO - Started process (PID=38856) to work on /home/airflow/.local/lib/python3.7/site-packages/airflow/example_dags/tutorial.py
[2022-12-30T00:23:37.169+0000] {processor.py:743} INFO - Processing file /home/airflow/.local/lib/python3.7/site-packages/airflow/example_dags/tutorial.py for tasks to queue
[2022-12-30T00:23:37.170+0000] {logging_mixin.py:137} INFO - [2022-12-30T00:23:37.170+0000] {dagbag.py:538} INFO - Filling up the DagBag from /home/airflow/.local/lib/python3.7/site-packages/airflow/example_dags/tutorial.py
[2022-12-30T00:23:37.180+0000] {processor.py:753} INFO - DAG(s) dict_keys(['tutorial']) retrieved from /home/airflow/.local/lib/python3.7/site-packages/airflow/example_dags/tutorial.py
[2022-12-30T00:23:37.211+0000] {logging_mixin.py:137} INFO - [2022-12-30T00:23:37.211+0000] {dag.py:2676} INFO - Sync 1 DAGs
[2022-12-30T00:23:37.230+0000] {logging_mixin.py:137} INFO - [2022-12-30T00:23:37.230+0000] {dag.py:3427} INFO - Setting next_dagrun for tutorial to 2022-12-29T00:23:37.229793+00:00, run_after=2022-12-30T00:23:37.229793+00:00
[2022-12-30T00:23:37.241+0000] {processor.py:175} INFO - Processing /home/airflow/.local/lib/python3.7/site-packages/airflow/example_dags/tutorial.py took 0.075 seconds
[2022-12-30T00:24:07.780+0000] {processor.py:153} INFO - Started process (PID=38958) to work on /home/airflow/.local/lib/python3.7/site-packages/airflow/example_dags/tutorial.py
[2022-12-30T00:24:07.780+0000] {processor.py:743} INFO - Processing file /home/airflow/.local/lib/python3.7/site-packages/airflow/example_dags/tutorial.py for tasks to queue
[2022-12-30T00:24:07.781+0000] {logging_mixin.py:137} INFO - [2022-12-30T00:24:07.781+0000] {dagbag.py:538} INFO - Filling up the DagBag from /home/airflow/.local/lib/python3.7/site-packages/airflow/example_dags/tutorial.py
[2022-12-30T00:24:07.793+0000] {processor.py:753} INFO - DAG(s) dict_keys(['tutorial']) retrieved from /home/airflow/.local/lib/python3.7/site-packages/airflow/example_dags/tutorial.py
[2022-12-30T00:24:07.821+0000] {logging_mixin.py:137} INFO - [2022-12-30T00:24:07.821+0000] {dag.py:2676} INFO - Sync 1 DAGs
[2022-12-30T00:24:07.840+0000] {logging_mixin.py:137} INFO - [2022-12-30T00:24:07.840+0000] {dag.py:3427} INFO - Setting next_dagrun for tutorial to 2022-12-29T00:24:07.840033+00:00, run_after=2022-12-30T00:24:07.840033+00:00
[2022-12-30T00:24:07.853+0000] {processor.py:175} INFO - Processing /home/airflow/.local/lib/python3.7/site-packages/airflow/example_dags/tutorial.py took 0.075 seconds
[2022-12-30T00:24:38.795+0000] {processor.py:153} INFO - Started process (PID=39040) to work on /home/airflow/.local/lib/python3.7/site-packages/airflow/example_dags/tutorial.py
[2022-12-30T00:24:38.796+0000] {processor.py:743} INFO - Processing file /home/airflow/.local/lib/python3.7/site-packages/airflow/example_dags/tutorial.py for tasks to queue
[2022-12-30T00:24:38.796+0000] {logging_mixin.py:137} INFO - [2022-12-30T00:24:38.796+0000] {dagbag.py:538} INFO - Filling up the DagBag from /home/airflow/.local/lib/python3.7/site-packages/airflow/example_dags/tutorial.py
[2022-12-30T00:24:38.805+0000] {processor.py:753} INFO - DAG(s) dict_keys(['tutorial']) retrieved from /home/airflow/.local/lib/python3.7/site-packages/airflow/example_dags/tutorial.py
[2022-12-30T00:24:38.837+0000] {logging_mixin.py:137} INFO - [2022-12-30T00:24:38.837+0000] {dag.py:2676} INFO - Sync 1 DAGs
[2022-12-30T00:24:38.861+0000] {logging_mixin.py:137} INFO - [2022-12-30T00:24:38.861+0000] {dag.py:3427} INFO - Setting next_dagrun for tutorial to 2022-12-29T00:24:38.861203+00:00, run_after=2022-12-30T00:24:38.861203+00:00
[2022-12-30T00:24:38.873+0000] {processor.py:175} INFO - Processing /home/airflow/.local/lib/python3.7/site-packages/airflow/example_dags/tutorial.py took 0.082 seconds
[2022-12-30T00:25:09.204+0000] {processor.py:153} INFO - Started process (PID=39142) to work on /home/airflow/.local/lib/python3.7/site-packages/airflow/example_dags/tutorial.py
[2022-12-30T00:25:09.204+0000] {processor.py:743} INFO - Processing file /home/airflow/.local/lib/python3.7/site-packages/airflow/example_dags/tutorial.py for tasks to queue
[2022-12-30T00:25:09.205+0000] {logging_mixin.py:137} INFO - [2022-12-30T00:25:09.205+0000] {dagbag.py:538} INFO - Filling up the DagBag from /home/airflow/.local/lib/python3.7/site-packages/airflow/example_dags/tutorial.py
[2022-12-30T00:25:09.216+0000] {processor.py:753} INFO - DAG(s) dict_keys(['tutorial']) retrieved from /home/airflow/.local/lib/python3.7/site-packages/airflow/example_dags/tutorial.py
[2022-12-30T00:25:09.248+0000] {logging_mixin.py:137} INFO - [2022-12-30T00:25:09.248+0000] {dag.py:2676} INFO - Sync 1 DAGs
[2022-12-30T00:25:09.267+0000] {logging_mixin.py:137} INFO - [2022-12-30T00:25:09.266+0000] {dag.py:3427} INFO - Setting next_dagrun for tutorial to 2022-12-29T00:25:09.266735+00:00, run_after=2022-12-30T00:25:09.266735+00:00
[2022-12-30T00:25:09.278+0000] {processor.py:175} INFO - Processing /home/airflow/.local/lib/python3.7/site-packages/airflow/example_dags/tutorial.py took 0.077 seconds
[2022-12-30T00:25:39.745+0000] {processor.py:153} INFO - Started process (PID=39224) to work on /home/airflow/.local/lib/python3.7/site-packages/airflow/example_dags/tutorial.py
[2022-12-30T00:25:39.746+0000] {processor.py:743} INFO - Processing file /home/airflow/.local/lib/python3.7/site-packages/airflow/example_dags/tutorial.py for tasks to queue
[2022-12-30T00:25:39.746+0000] {logging_mixin.py:137} INFO - [2022-12-30T00:25:39.746+0000] {dagbag.py:538} INFO - Filling up the DagBag from /home/airflow/.local/lib/python3.7/site-packages/airflow/example_dags/tutorial.py
[2022-12-30T00:25:39.755+0000] {processor.py:753} INFO - DAG(s) dict_keys(['tutorial']) retrieved from /home/airflow/.local/lib/python3.7/site-packages/airflow/example_dags/tutorial.py
[2022-12-30T00:25:39.785+0000] {logging_mixin.py:137} INFO - [2022-12-30T00:25:39.785+0000] {dag.py:2676} INFO - Sync 1 DAGs
[2022-12-30T00:25:39.805+0000] {logging_mixin.py:137} INFO - [2022-12-30T00:25:39.805+0000] {dag.py:3427} INFO - Setting next_dagrun for tutorial to 2022-12-29T00:25:39.804826+00:00, run_after=2022-12-30T00:25:39.804826+00:00
[2022-12-30T00:25:39.818+0000] {processor.py:175} INFO - Processing /home/airflow/.local/lib/python3.7/site-packages/airflow/example_dags/tutorial.py took 0.077 seconds
[2022-12-30T00:26:10.373+0000] {processor.py:153} INFO - Started process (PID=39326) to work on /home/airflow/.local/lib/python3.7/site-packages/airflow/example_dags/tutorial.py
[2022-12-30T00:26:10.373+0000] {processor.py:743} INFO - Processing file /home/airflow/.local/lib/python3.7/site-packages/airflow/example_dags/tutorial.py for tasks to queue
[2022-12-30T00:26:10.374+0000] {logging_mixin.py:137} INFO - [2022-12-30T00:26:10.374+0000] {dagbag.py:538} INFO - Filling up the DagBag from /home/airflow/.local/lib/python3.7/site-packages/airflow/example_dags/tutorial.py
[2022-12-30T00:26:10.384+0000] {processor.py:753} INFO - DAG(s) dict_keys(['tutorial']) retrieved from /home/airflow/.local/lib/python3.7/site-packages/airflow/example_dags/tutorial.py
[2022-12-30T00:26:10.416+0000] {logging_mixin.py:137} INFO - [2022-12-30T00:26:10.416+0000] {dag.py:2676} INFO - Sync 1 DAGs
[2022-12-30T00:26:10.436+0000] {logging_mixin.py:137} INFO - [2022-12-30T00:26:10.436+0000] {dag.py:3427} INFO - Setting next_dagrun for tutorial to 2022-12-29T00:26:10.435840+00:00, run_after=2022-12-30T00:26:10.435840+00:00
[2022-12-30T00:26:10.448+0000] {processor.py:175} INFO - Processing /home/airflow/.local/lib/python3.7/site-packages/airflow/example_dags/tutorial.py took 0.077 seconds
[2022-12-30T00:26:40.835+0000] {processor.py:153} INFO - Started process (PID=39417) to work on /home/airflow/.local/lib/python3.7/site-packages/airflow/example_dags/tutorial.py
[2022-12-30T00:26:40.836+0000] {processor.py:743} INFO - Processing file /home/airflow/.local/lib/python3.7/site-packages/airflow/example_dags/tutorial.py for tasks to queue
[2022-12-30T00:26:40.837+0000] {logging_mixin.py:137} INFO - [2022-12-30T00:26:40.836+0000] {dagbag.py:538} INFO - Filling up the DagBag from /home/airflow/.local/lib/python3.7/site-packages/airflow/example_dags/tutorial.py
[2022-12-30T00:26:40.847+0000] {processor.py:753} INFO - DAG(s) dict_keys(['tutorial']) retrieved from /home/airflow/.local/lib/python3.7/site-packages/airflow/example_dags/tutorial.py
[2022-12-30T00:26:40.877+0000] {logging_mixin.py:137} INFO - [2022-12-30T00:26:40.877+0000] {dag.py:2676} INFO - Sync 1 DAGs
[2022-12-30T00:26:40.900+0000] {logging_mixin.py:137} INFO - [2022-12-30T00:26:40.900+0000] {dag.py:3427} INFO - Setting next_dagrun for tutorial to 2022-12-29T00:26:40.900500+00:00, run_after=2022-12-30T00:26:40.900500+00:00
[2022-12-30T00:26:40.916+0000] {processor.py:175} INFO - Processing /home/airflow/.local/lib/python3.7/site-packages/airflow/example_dags/tutorial.py took 0.084 seconds
[2022-12-30T00:27:11.078+0000] {processor.py:153} INFO - Started process (PID=39511) to work on /home/airflow/.local/lib/python3.7/site-packages/airflow/example_dags/tutorial.py
[2022-12-30T00:27:11.079+0000] {processor.py:743} INFO - Processing file /home/airflow/.local/lib/python3.7/site-packages/airflow/example_dags/tutorial.py for tasks to queue
[2022-12-30T00:27:11.079+0000] {logging_mixin.py:137} INFO - [2022-12-30T00:27:11.079+0000] {dagbag.py:538} INFO - Filling up the DagBag from /home/airflow/.local/lib/python3.7/site-packages/airflow/example_dags/tutorial.py
[2022-12-30T00:27:11.089+0000] {processor.py:753} INFO - DAG(s) dict_keys(['tutorial']) retrieved from /home/airflow/.local/lib/python3.7/site-packages/airflow/example_dags/tutorial.py
[2022-12-30T00:27:11.118+0000] {logging_mixin.py:137} INFO - [2022-12-30T00:27:11.118+0000] {dag.py:2676} INFO - Sync 1 DAGs
[2022-12-30T00:27:11.137+0000] {logging_mixin.py:137} INFO - [2022-12-30T00:27:11.137+0000] {dag.py:3427} INFO - Setting next_dagrun for tutorial to 2022-12-29T00:27:11.137082+00:00, run_after=2022-12-30T00:27:11.137082+00:00
[2022-12-30T00:27:11.149+0000] {processor.py:175} INFO - Processing /home/airflow/.local/lib/python3.7/site-packages/airflow/example_dags/tutorial.py took 0.072 seconds
[2022-12-30T00:27:41.824+0000] {processor.py:153} INFO - Started process (PID=39613) to work on /home/airflow/.local/lib/python3.7/site-packages/airflow/example_dags/tutorial.py
[2022-12-30T00:27:41.825+0000] {processor.py:743} INFO - Processing file /home/airflow/.local/lib/python3.7/site-packages/airflow/example_dags/tutorial.py for tasks to queue
[2022-12-30T00:27:41.826+0000] {logging_mixin.py:137} INFO - [2022-12-30T00:27:41.826+0000] {dagbag.py:538} INFO - Filling up the DagBag from /home/airflow/.local/lib/python3.7/site-packages/airflow/example_dags/tutorial.py
[2022-12-30T00:27:41.836+0000] {processor.py:753} INFO - DAG(s) dict_keys(['tutorial']) retrieved from /home/airflow/.local/lib/python3.7/site-packages/airflow/example_dags/tutorial.py
[2022-12-30T00:27:41.864+0000] {logging_mixin.py:137} INFO - [2022-12-30T00:27:41.864+0000] {dag.py:2676} INFO - Sync 1 DAGs
[2022-12-30T00:27:41.888+0000] {logging_mixin.py:137} INFO - [2022-12-30T00:27:41.888+0000] {dag.py:3427} INFO - Setting next_dagrun for tutorial to 2022-12-29T00:27:41.888174+00:00, run_after=2022-12-30T00:27:41.888174+00:00
[2022-12-30T00:27:41.900+0000] {processor.py:175} INFO - Processing /home/airflow/.local/lib/python3.7/site-packages/airflow/example_dags/tutorial.py took 0.079 seconds
[2022-12-30T00:28:11.955+0000] {processor.py:153} INFO - Started process (PID=39695) to work on /home/airflow/.local/lib/python3.7/site-packages/airflow/example_dags/tutorial.py
[2022-12-30T00:28:11.955+0000] {processor.py:743} INFO - Processing file /home/airflow/.local/lib/python3.7/site-packages/airflow/example_dags/tutorial.py for tasks to queue
[2022-12-30T00:28:11.956+0000] {logging_mixin.py:137} INFO - [2022-12-30T00:28:11.956+0000] {dagbag.py:538} INFO - Filling up the DagBag from /home/airflow/.local/lib/python3.7/site-packages/airflow/example_dags/tutorial.py
[2022-12-30T00:28:11.967+0000] {processor.py:753} INFO - DAG(s) dict_keys(['tutorial']) retrieved from /home/airflow/.local/lib/python3.7/site-packages/airflow/example_dags/tutorial.py
[2022-12-30T00:28:12.000+0000] {logging_mixin.py:137} INFO - [2022-12-30T00:28:12.000+0000] {dag.py:2676} INFO - Sync 1 DAGs
[2022-12-30T00:28:12.018+0000] {logging_mixin.py:137} INFO - [2022-12-30T00:28:12.018+0000] {dag.py:3427} INFO - Setting next_dagrun for tutorial to 2022-12-29T00:28:12.018401+00:00, run_after=2022-12-30T00:28:12.018401+00:00
[2022-12-30T00:28:12.034+0000] {processor.py:175} INFO - Processing /home/airflow/.local/lib/python3.7/site-packages/airflow/example_dags/tutorial.py took 0.082 seconds
[2022-12-30T00:28:42.730+0000] {processor.py:153} INFO - Started process (PID=39797) to work on /home/airflow/.local/lib/python3.7/site-packages/airflow/example_dags/tutorial.py
[2022-12-30T00:28:42.731+0000] {processor.py:743} INFO - Processing file /home/airflow/.local/lib/python3.7/site-packages/airflow/example_dags/tutorial.py for tasks to queue
[2022-12-30T00:28:42.731+0000] {logging_mixin.py:137} INFO - [2022-12-30T00:28:42.731+0000] {dagbag.py:538} INFO - Filling up the DagBag from /home/airflow/.local/lib/python3.7/site-packages/airflow/example_dags/tutorial.py
[2022-12-30T00:28:42.741+0000] {processor.py:753} INFO - DAG(s) dict_keys(['tutorial']) retrieved from /home/airflow/.local/lib/python3.7/site-packages/airflow/example_dags/tutorial.py
[2022-12-30T00:28:42.770+0000] {logging_mixin.py:137} INFO - [2022-12-30T00:28:42.770+0000] {dag.py:2676} INFO - Sync 1 DAGs
[2022-12-30T00:28:42.790+0000] {logging_mixin.py:137} INFO - [2022-12-30T00:28:42.790+0000] {dag.py:3427} INFO - Setting next_dagrun for tutorial to 2022-12-29T00:28:42.790298+00:00, run_after=2022-12-30T00:28:42.790298+00:00
[2022-12-30T00:28:42.804+0000] {processor.py:175} INFO - Processing /home/airflow/.local/lib/python3.7/site-packages/airflow/example_dags/tutorial.py took 0.077 seconds
[2022-12-30T00:29:12.847+0000] {processor.py:153} INFO - Started process (PID=39879) to work on /home/airflow/.local/lib/python3.7/site-packages/airflow/example_dags/tutorial.py
[2022-12-30T00:29:12.848+0000] {processor.py:743} INFO - Processing file /home/airflow/.local/lib/python3.7/site-packages/airflow/example_dags/tutorial.py for tasks to queue
[2022-12-30T00:29:12.848+0000] {logging_mixin.py:137} INFO - [2022-12-30T00:29:12.848+0000] {dagbag.py:538} INFO - Filling up the DagBag from /home/airflow/.local/lib/python3.7/site-packages/airflow/example_dags/tutorial.py
[2022-12-30T00:29:12.857+0000] {processor.py:753} INFO - DAG(s) dict_keys(['tutorial']) retrieved from /home/airflow/.local/lib/python3.7/site-packages/airflow/example_dags/tutorial.py
[2022-12-30T00:29:12.888+0000] {logging_mixin.py:137} INFO - [2022-12-30T00:29:12.888+0000] {dag.py:2676} INFO - Sync 1 DAGs
[2022-12-30T00:29:12.908+0000] {logging_mixin.py:137} INFO - [2022-12-30T00:29:12.908+0000] {dag.py:3427} INFO - Setting next_dagrun for tutorial to 2022-12-29T00:29:12.907783+00:00, run_after=2022-12-30T00:29:12.907783+00:00
[2022-12-30T00:29:12.924+0000] {processor.py:175} INFO - Processing /home/airflow/.local/lib/python3.7/site-packages/airflow/example_dags/tutorial.py took 0.079 seconds
[2022-12-30T00:29:43.174+0000] {processor.py:153} INFO - Started process (PID=39981) to work on /home/airflow/.local/lib/python3.7/site-packages/airflow/example_dags/tutorial.py
[2022-12-30T00:29:43.174+0000] {processor.py:743} INFO - Processing file /home/airflow/.local/lib/python3.7/site-packages/airflow/example_dags/tutorial.py for tasks to queue
[2022-12-30T00:29:43.175+0000] {logging_mixin.py:137} INFO - [2022-12-30T00:29:43.175+0000] {dagbag.py:538} INFO - Filling up the DagBag from /home/airflow/.local/lib/python3.7/site-packages/airflow/example_dags/tutorial.py
[2022-12-30T00:29:43.188+0000] {processor.py:753} INFO - DAG(s) dict_keys(['tutorial']) retrieved from /home/airflow/.local/lib/python3.7/site-packages/airflow/example_dags/tutorial.py
[2022-12-30T00:29:43.223+0000] {logging_mixin.py:137} INFO - [2022-12-30T00:29:43.223+0000] {dag.py:2676} INFO - Sync 1 DAGs
[2022-12-30T00:29:43.244+0000] {logging_mixin.py:137} INFO - [2022-12-30T00:29:43.244+0000] {dag.py:3427} INFO - Setting next_dagrun for tutorial to 2022-12-29T00:29:43.243914+00:00, run_after=2022-12-30T00:29:43.243914+00:00
[2022-12-30T00:29:43.256+0000] {processor.py:175} INFO - Processing /home/airflow/.local/lib/python3.7/site-packages/airflow/example_dags/tutorial.py took 0.084 seconds
[2022-12-30T00:30:13.624+0000] {processor.py:153} INFO - Started process (PID=40063) to work on /home/airflow/.local/lib/python3.7/site-packages/airflow/example_dags/tutorial.py
[2022-12-30T00:30:13.624+0000] {processor.py:743} INFO - Processing file /home/airflow/.local/lib/python3.7/site-packages/airflow/example_dags/tutorial.py for tasks to queue
[2022-12-30T00:30:13.625+0000] {logging_mixin.py:137} INFO - [2022-12-30T00:30:13.625+0000] {dagbag.py:538} INFO - Filling up the DagBag from /home/airflow/.local/lib/python3.7/site-packages/airflow/example_dags/tutorial.py
[2022-12-30T00:30:13.635+0000] {processor.py:753} INFO - DAG(s) dict_keys(['tutorial']) retrieved from /home/airflow/.local/lib/python3.7/site-packages/airflow/example_dags/tutorial.py
[2022-12-30T00:30:13.664+0000] {logging_mixin.py:137} INFO - [2022-12-30T00:30:13.664+0000] {dag.py:2676} INFO - Sync 1 DAGs
[2022-12-30T00:30:13.682+0000] {logging_mixin.py:137} INFO - [2022-12-30T00:30:13.682+0000] {dag.py:3427} INFO - Setting next_dagrun for tutorial to 2022-12-29T00:30:13.682654+00:00, run_after=2022-12-30T00:30:13.682654+00:00
[2022-12-30T00:30:13.694+0000] {processor.py:175} INFO - Processing /home/airflow/.local/lib/python3.7/site-packages/airflow/example_dags/tutorial.py took 0.074 seconds
[2022-12-30T00:30:44.233+0000] {processor.py:153} INFO - Started process (PID=40165) to work on /home/airflow/.local/lib/python3.7/site-packages/airflow/example_dags/tutorial.py
[2022-12-30T00:30:44.234+0000] {processor.py:743} INFO - Processing file /home/airflow/.local/lib/python3.7/site-packages/airflow/example_dags/tutorial.py for tasks to queue
[2022-12-30T00:30:44.234+0000] {logging_mixin.py:137} INFO - [2022-12-30T00:30:44.234+0000] {dagbag.py:538} INFO - Filling up the DagBag from /home/airflow/.local/lib/python3.7/site-packages/airflow/example_dags/tutorial.py
[2022-12-30T00:30:44.243+0000] {processor.py:753} INFO - DAG(s) dict_keys(['tutorial']) retrieved from /home/airflow/.local/lib/python3.7/site-packages/airflow/example_dags/tutorial.py
[2022-12-30T00:30:44.276+0000] {logging_mixin.py:137} INFO - [2022-12-30T00:30:44.275+0000] {dag.py:2676} INFO - Sync 1 DAGs
[2022-12-30T00:30:44.298+0000] {logging_mixin.py:137} INFO - [2022-12-30T00:30:44.298+0000] {dag.py:3427} INFO - Setting next_dagrun for tutorial to 2022-12-29T00:30:44.298296+00:00, run_after=2022-12-30T00:30:44.298296+00:00
[2022-12-30T00:30:44.311+0000] {processor.py:175} INFO - Processing /home/airflow/.local/lib/python3.7/site-packages/airflow/example_dags/tutorial.py took 0.082 seconds
[2022-12-30T00:31:14.708+0000] {processor.py:153} INFO - Started process (PID=40247) to work on /home/airflow/.local/lib/python3.7/site-packages/airflow/example_dags/tutorial.py
[2022-12-30T00:31:14.709+0000] {processor.py:743} INFO - Processing file /home/airflow/.local/lib/python3.7/site-packages/airflow/example_dags/tutorial.py for tasks to queue
[2022-12-30T00:31:14.709+0000] {logging_mixin.py:137} INFO - [2022-12-30T00:31:14.709+0000] {dagbag.py:538} INFO - Filling up the DagBag from /home/airflow/.local/lib/python3.7/site-packages/airflow/example_dags/tutorial.py
[2022-12-30T00:31:14.719+0000] {processor.py:753} INFO - DAG(s) dict_keys(['tutorial']) retrieved from /home/airflow/.local/lib/python3.7/site-packages/airflow/example_dags/tutorial.py
[2022-12-30T00:31:14.749+0000] {logging_mixin.py:137} INFO - [2022-12-30T00:31:14.749+0000] {dag.py:2676} INFO - Sync 1 DAGs
[2022-12-30T00:31:14.768+0000] {logging_mixin.py:137} INFO - [2022-12-30T00:31:14.768+0000] {dag.py:3427} INFO - Setting next_dagrun for tutorial to 2022-12-29T00:31:14.768182+00:00, run_after=2022-12-30T00:31:14.768182+00:00
[2022-12-30T00:31:14.780+0000] {processor.py:175} INFO - Processing /home/airflow/.local/lib/python3.7/site-packages/airflow/example_dags/tutorial.py took 0.075 seconds
[2022-12-30T00:31:45.237+0000] {processor.py:153} INFO - Started process (PID=40349) to work on /home/airflow/.local/lib/python3.7/site-packages/airflow/example_dags/tutorial.py
[2022-12-30T00:31:45.238+0000] {processor.py:743} INFO - Processing file /home/airflow/.local/lib/python3.7/site-packages/airflow/example_dags/tutorial.py for tasks to queue
[2022-12-30T00:31:45.238+0000] {logging_mixin.py:137} INFO - [2022-12-30T00:31:45.238+0000] {dagbag.py:538} INFO - Filling up the DagBag from /home/airflow/.local/lib/python3.7/site-packages/airflow/example_dags/tutorial.py
[2022-12-30T00:31:45.250+0000] {processor.py:753} INFO - DAG(s) dict_keys(['tutorial']) retrieved from /home/airflow/.local/lib/python3.7/site-packages/airflow/example_dags/tutorial.py
[2022-12-30T00:31:45.283+0000] {logging_mixin.py:137} INFO - [2022-12-30T00:31:45.283+0000] {dag.py:2676} INFO - Sync 1 DAGs
[2022-12-30T00:31:45.304+0000] {logging_mixin.py:137} INFO - [2022-12-30T00:31:45.304+0000] {dag.py:3427} INFO - Setting next_dagrun for tutorial to 2022-12-29T00:31:45.304610+00:00, run_after=2022-12-30T00:31:45.304610+00:00
[2022-12-30T00:31:45.317+0000] {processor.py:175} INFO - Processing /home/airflow/.local/lib/python3.7/site-packages/airflow/example_dags/tutorial.py took 0.083 seconds
[2022-12-30T00:32:15.641+0000] {processor.py:153} INFO - Started process (PID=40441) to work on /home/airflow/.local/lib/python3.7/site-packages/airflow/example_dags/tutorial.py
[2022-12-30T00:32:15.642+0000] {processor.py:743} INFO - Processing file /home/airflow/.local/lib/python3.7/site-packages/airflow/example_dags/tutorial.py for tasks to queue
[2022-12-30T00:32:15.643+0000] {logging_mixin.py:137} INFO - [2022-12-30T00:32:15.643+0000] {dagbag.py:538} INFO - Filling up the DagBag from /home/airflow/.local/lib/python3.7/site-packages/airflow/example_dags/tutorial.py
[2022-12-30T00:32:15.653+0000] {processor.py:753} INFO - DAG(s) dict_keys(['tutorial']) retrieved from /home/airflow/.local/lib/python3.7/site-packages/airflow/example_dags/tutorial.py
[2022-12-30T00:32:15.685+0000] {logging_mixin.py:137} INFO - [2022-12-30T00:32:15.685+0000] {dag.py:2676} INFO - Sync 1 DAGs
[2022-12-30T00:32:15.704+0000] {logging_mixin.py:137} INFO - [2022-12-30T00:32:15.704+0000] {dag.py:3427} INFO - Setting next_dagrun for tutorial to 2022-12-29T00:32:15.704569+00:00, run_after=2022-12-30T00:32:15.704569+00:00
[2022-12-30T00:32:15.718+0000] {processor.py:175} INFO - Processing /home/airflow/.local/lib/python3.7/site-packages/airflow/example_dags/tutorial.py took 0.079 seconds
[2022-12-30T00:32:45.860+0000] {processor.py:153} INFO - Started process (PID=40534) to work on /home/airflow/.local/lib/python3.7/site-packages/airflow/example_dags/tutorial.py
[2022-12-30T00:32:45.861+0000] {processor.py:743} INFO - Processing file /home/airflow/.local/lib/python3.7/site-packages/airflow/example_dags/tutorial.py for tasks to queue
[2022-12-30T00:32:45.861+0000] {logging_mixin.py:137} INFO - [2022-12-30T00:32:45.861+0000] {dagbag.py:538} INFO - Filling up the DagBag from /home/airflow/.local/lib/python3.7/site-packages/airflow/example_dags/tutorial.py
[2022-12-30T00:32:45.871+0000] {processor.py:753} INFO - DAG(s) dict_keys(['tutorial']) retrieved from /home/airflow/.local/lib/python3.7/site-packages/airflow/example_dags/tutorial.py
[2022-12-30T00:32:45.900+0000] {logging_mixin.py:137} INFO - [2022-12-30T00:32:45.900+0000] {dag.py:2676} INFO - Sync 1 DAGs
[2022-12-30T00:32:45.923+0000] {logging_mixin.py:137} INFO - [2022-12-30T00:32:45.923+0000] {dag.py:3427} INFO - Setting next_dagrun for tutorial to 2022-12-29T00:32:45.923280+00:00, run_after=2022-12-30T00:32:45.923280+00:00
[2022-12-30T00:32:45.936+0000] {processor.py:175} INFO - Processing /home/airflow/.local/lib/python3.7/site-packages/airflow/example_dags/tutorial.py took 0.079 seconds
[2022-12-30T00:33:16.680+0000] {processor.py:153} INFO - Started process (PID=40636) to work on /home/airflow/.local/lib/python3.7/site-packages/airflow/example_dags/tutorial.py
[2022-12-30T00:33:16.681+0000] {processor.py:743} INFO - Processing file /home/airflow/.local/lib/python3.7/site-packages/airflow/example_dags/tutorial.py for tasks to queue
[2022-12-30T00:33:16.681+0000] {logging_mixin.py:137} INFO - [2022-12-30T00:33:16.681+0000] {dagbag.py:538} INFO - Filling up the DagBag from /home/airflow/.local/lib/python3.7/site-packages/airflow/example_dags/tutorial.py
[2022-12-30T00:33:16.690+0000] {processor.py:753} INFO - DAG(s) dict_keys(['tutorial']) retrieved from /home/airflow/.local/lib/python3.7/site-packages/airflow/example_dags/tutorial.py
[2022-12-30T00:33:16.720+0000] {logging_mixin.py:137} INFO - [2022-12-30T00:33:16.720+0000] {dag.py:2676} INFO - Sync 1 DAGs
[2022-12-30T00:33:16.739+0000] {logging_mixin.py:137} INFO - [2022-12-30T00:33:16.739+0000] {dag.py:3427} INFO - Setting next_dagrun for tutorial to 2022-12-29T00:33:16.739515+00:00, run_after=2022-12-30T00:33:16.739515+00:00
[2022-12-30T00:33:16.754+0000] {processor.py:175} INFO - Processing /home/airflow/.local/lib/python3.7/site-packages/airflow/example_dags/tutorial.py took 0.075 seconds
[2022-12-30T00:33:47.214+0000] {processor.py:153} INFO - Started process (PID=40718) to work on /home/airflow/.local/lib/python3.7/site-packages/airflow/example_dags/tutorial.py
[2022-12-30T00:33:47.215+0000] {processor.py:743} INFO - Processing file /home/airflow/.local/lib/python3.7/site-packages/airflow/example_dags/tutorial.py for tasks to queue
[2022-12-30T00:33:47.215+0000] {logging_mixin.py:137} INFO - [2022-12-30T00:33:47.215+0000] {dagbag.py:538} INFO - Filling up the DagBag from /home/airflow/.local/lib/python3.7/site-packages/airflow/example_dags/tutorial.py
[2022-12-30T00:33:47.227+0000] {processor.py:753} INFO - DAG(s) dict_keys(['tutorial']) retrieved from /home/airflow/.local/lib/python3.7/site-packages/airflow/example_dags/tutorial.py
[2022-12-30T00:33:47.259+0000] {logging_mixin.py:137} INFO - [2022-12-30T00:33:47.259+0000] {dag.py:2676} INFO - Sync 1 DAGs
[2022-12-30T00:33:47.287+0000] {logging_mixin.py:137} INFO - [2022-12-30T00:33:47.287+0000] {dag.py:3427} INFO - Setting next_dagrun for tutorial to 2022-12-29T00:33:47.287013+00:00, run_after=2022-12-30T00:33:47.287013+00:00
[2022-12-30T00:33:47.305+0000] {processor.py:175} INFO - Processing /home/airflow/.local/lib/python3.7/site-packages/airflow/example_dags/tutorial.py took 0.093 seconds
