[2022-12-30T00:00:08.536+0000] {processor.py:153} INFO - Started process (PID=34531) to work on /home/airflow/.local/lib/python3.7/site-packages/airflow/example_dags/tutorial_taskflow_api.py
[2022-12-30T00:00:08.536+0000] {processor.py:743} INFO - Processing file /home/airflow/.local/lib/python3.7/site-packages/airflow/example_dags/tutorial_taskflow_api.py for tasks to queue
[2022-12-30T00:00:08.537+0000] {logging_mixin.py:137} INFO - [2022-12-30T00:00:08.537+0000] {dagbag.py:538} INFO - Filling up the DagBag from /home/airflow/.local/lib/python3.7/site-packages/airflow/example_dags/tutorial_taskflow_api.py
[2022-12-30T00:00:08.554+0000] {processor.py:753} INFO - DAG(s) dict_keys(['tutorial_taskflow_api']) retrieved from /home/airflow/.local/lib/python3.7/site-packages/airflow/example_dags/tutorial_taskflow_api.py
[2022-12-30T00:00:08.586+0000] {logging_mixin.py:137} INFO - [2022-12-30T00:00:08.586+0000] {dag.py:2676} INFO - Sync 1 DAGs
[2022-12-30T00:00:08.613+0000] {logging_mixin.py:137} INFO - [2022-12-30T00:00:08.612+0000] {dag.py:3427} INFO - Setting next_dagrun for tutorial_taskflow_api to None, run_after=None
[2022-12-30T00:00:08.631+0000] {processor.py:175} INFO - Processing /home/airflow/.local/lib/python3.7/site-packages/airflow/example_dags/tutorial_taskflow_api.py took 0.098 seconds
[2022-12-30T00:00:39.243+0000] {processor.py:153} INFO - Started process (PID=34634) to work on /home/airflow/.local/lib/python3.7/site-packages/airflow/example_dags/tutorial_taskflow_api.py
[2022-12-30T00:00:39.243+0000] {processor.py:743} INFO - Processing file /home/airflow/.local/lib/python3.7/site-packages/airflow/example_dags/tutorial_taskflow_api.py for tasks to queue
[2022-12-30T00:00:39.244+0000] {logging_mixin.py:137} INFO - [2022-12-30T00:00:39.244+0000] {dagbag.py:538} INFO - Filling up the DagBag from /home/airflow/.local/lib/python3.7/site-packages/airflow/example_dags/tutorial_taskflow_api.py
[2022-12-30T00:00:39.259+0000] {processor.py:753} INFO - DAG(s) dict_keys(['tutorial_taskflow_api']) retrieved from /home/airflow/.local/lib/python3.7/site-packages/airflow/example_dags/tutorial_taskflow_api.py
[2022-12-30T00:00:39.286+0000] {logging_mixin.py:137} INFO - [2022-12-30T00:00:39.286+0000] {dag.py:2676} INFO - Sync 1 DAGs
[2022-12-30T00:00:39.305+0000] {logging_mixin.py:137} INFO - [2022-12-30T00:00:39.305+0000] {dag.py:3427} INFO - Setting next_dagrun for tutorial_taskflow_api to None, run_after=None
[2022-12-30T00:00:39.316+0000] {processor.py:175} INFO - Processing /home/airflow/.local/lib/python3.7/site-packages/airflow/example_dags/tutorial_taskflow_api.py took 0.075 seconds
[2022-12-30T00:01:09.760+0000] {processor.py:153} INFO - Started process (PID=34723) to work on /home/airflow/.local/lib/python3.7/site-packages/airflow/example_dags/tutorial_taskflow_api.py
[2022-12-30T00:01:09.760+0000] {processor.py:743} INFO - Processing file /home/airflow/.local/lib/python3.7/site-packages/airflow/example_dags/tutorial_taskflow_api.py for tasks to queue
[2022-12-30T00:01:09.761+0000] {logging_mixin.py:137} INFO - [2022-12-30T00:01:09.761+0000] {dagbag.py:538} INFO - Filling up the DagBag from /home/airflow/.local/lib/python3.7/site-packages/airflow/example_dags/tutorial_taskflow_api.py
[2022-12-30T00:01:09.777+0000] {processor.py:753} INFO - DAG(s) dict_keys(['tutorial_taskflow_api']) retrieved from /home/airflow/.local/lib/python3.7/site-packages/airflow/example_dags/tutorial_taskflow_api.py
[2022-12-30T00:01:09.806+0000] {logging_mixin.py:137} INFO - [2022-12-30T00:01:09.806+0000] {dag.py:2676} INFO - Sync 1 DAGs
[2022-12-30T00:01:09.825+0000] {logging_mixin.py:137} INFO - [2022-12-30T00:01:09.824+0000] {dag.py:3427} INFO - Setting next_dagrun for tutorial_taskflow_api to None, run_after=None
[2022-12-30T00:01:09.837+0000] {processor.py:175} INFO - Processing /home/airflow/.local/lib/python3.7/site-packages/airflow/example_dags/tutorial_taskflow_api.py took 0.080 seconds
[2022-12-30T00:01:40.308+0000] {processor.py:153} INFO - Started process (PID=34818) to work on /home/airflow/.local/lib/python3.7/site-packages/airflow/example_dags/tutorial_taskflow_api.py
[2022-12-30T00:01:40.309+0000] {processor.py:743} INFO - Processing file /home/airflow/.local/lib/python3.7/site-packages/airflow/example_dags/tutorial_taskflow_api.py for tasks to queue
[2022-12-30T00:01:40.310+0000] {logging_mixin.py:137} INFO - [2022-12-30T00:01:40.309+0000] {dagbag.py:538} INFO - Filling up the DagBag from /home/airflow/.local/lib/python3.7/site-packages/airflow/example_dags/tutorial_taskflow_api.py
[2022-12-30T00:01:40.326+0000] {processor.py:753} INFO - DAG(s) dict_keys(['tutorial_taskflow_api']) retrieved from /home/airflow/.local/lib/python3.7/site-packages/airflow/example_dags/tutorial_taskflow_api.py
[2022-12-30T00:01:40.352+0000] {logging_mixin.py:137} INFO - [2022-12-30T00:01:40.352+0000] {dag.py:2676} INFO - Sync 1 DAGs
[2022-12-30T00:01:40.369+0000] {logging_mixin.py:137} INFO - [2022-12-30T00:01:40.369+0000] {dag.py:3427} INFO - Setting next_dagrun for tutorial_taskflow_api to None, run_after=None
[2022-12-30T00:01:40.380+0000] {processor.py:175} INFO - Processing /home/airflow/.local/lib/python3.7/site-packages/airflow/example_dags/tutorial_taskflow_api.py took 0.074 seconds
[2022-12-30T00:02:10.930+0000] {processor.py:153} INFO - Started process (PID=34920) to work on /home/airflow/.local/lib/python3.7/site-packages/airflow/example_dags/tutorial_taskflow_api.py
[2022-12-30T00:02:10.930+0000] {processor.py:743} INFO - Processing file /home/airflow/.local/lib/python3.7/site-packages/airflow/example_dags/tutorial_taskflow_api.py for tasks to queue
[2022-12-30T00:02:10.930+0000] {logging_mixin.py:137} INFO - [2022-12-30T00:02:10.930+0000] {dagbag.py:538} INFO - Filling up the DagBag from /home/airflow/.local/lib/python3.7/site-packages/airflow/example_dags/tutorial_taskflow_api.py
[2022-12-30T00:02:10.945+0000] {processor.py:753} INFO - DAG(s) dict_keys(['tutorial_taskflow_api']) retrieved from /home/airflow/.local/lib/python3.7/site-packages/airflow/example_dags/tutorial_taskflow_api.py
[2022-12-30T00:02:10.976+0000] {logging_mixin.py:137} INFO - [2022-12-30T00:02:10.976+0000] {dag.py:2676} INFO - Sync 1 DAGs
[2022-12-30T00:02:10.996+0000] {logging_mixin.py:137} INFO - [2022-12-30T00:02:10.996+0000] {dag.py:3427} INFO - Setting next_dagrun for tutorial_taskflow_api to None, run_after=None
[2022-12-30T00:02:11.008+0000] {processor.py:175} INFO - Processing /home/airflow/.local/lib/python3.7/site-packages/airflow/example_dags/tutorial_taskflow_api.py took 0.081 seconds
[2022-12-30T00:02:41.420+0000] {processor.py:153} INFO - Started process (PID=35002) to work on /home/airflow/.local/lib/python3.7/site-packages/airflow/example_dags/tutorial_taskflow_api.py
[2022-12-30T00:02:41.421+0000] {processor.py:743} INFO - Processing file /home/airflow/.local/lib/python3.7/site-packages/airflow/example_dags/tutorial_taskflow_api.py for tasks to queue
[2022-12-30T00:02:41.422+0000] {logging_mixin.py:137} INFO - [2022-12-30T00:02:41.422+0000] {dagbag.py:538} INFO - Filling up the DagBag from /home/airflow/.local/lib/python3.7/site-packages/airflow/example_dags/tutorial_taskflow_api.py
[2022-12-30T00:02:41.435+0000] {processor.py:753} INFO - DAG(s) dict_keys(['tutorial_taskflow_api']) retrieved from /home/airflow/.local/lib/python3.7/site-packages/airflow/example_dags/tutorial_taskflow_api.py
[2022-12-30T00:02:41.469+0000] {logging_mixin.py:137} INFO - [2022-12-30T00:02:41.469+0000] {dag.py:2676} INFO - Sync 1 DAGs
[2022-12-30T00:02:41.488+0000] {logging_mixin.py:137} INFO - [2022-12-30T00:02:41.488+0000] {dag.py:3427} INFO - Setting next_dagrun for tutorial_taskflow_api to None, run_after=None
[2022-12-30T00:02:41.499+0000] {processor.py:175} INFO - Processing /home/airflow/.local/lib/python3.7/site-packages/airflow/example_dags/tutorial_taskflow_api.py took 0.082 seconds
[2022-12-30T00:03:11.854+0000] {processor.py:153} INFO - Started process (PID=35104) to work on /home/airflow/.local/lib/python3.7/site-packages/airflow/example_dags/tutorial_taskflow_api.py
[2022-12-30T00:03:11.855+0000] {processor.py:743} INFO - Processing file /home/airflow/.local/lib/python3.7/site-packages/airflow/example_dags/tutorial_taskflow_api.py for tasks to queue
[2022-12-30T00:03:11.856+0000] {logging_mixin.py:137} INFO - [2022-12-30T00:03:11.855+0000] {dagbag.py:538} INFO - Filling up the DagBag from /home/airflow/.local/lib/python3.7/site-packages/airflow/example_dags/tutorial_taskflow_api.py
[2022-12-30T00:03:11.870+0000] {processor.py:753} INFO - DAG(s) dict_keys(['tutorial_taskflow_api']) retrieved from /home/airflow/.local/lib/python3.7/site-packages/airflow/example_dags/tutorial_taskflow_api.py
[2022-12-30T00:03:11.898+0000] {logging_mixin.py:137} INFO - [2022-12-30T00:03:11.898+0000] {dag.py:2676} INFO - Sync 1 DAGs
[2022-12-30T00:03:11.915+0000] {logging_mixin.py:137} INFO - [2022-12-30T00:03:11.915+0000] {dag.py:3427} INFO - Setting next_dagrun for tutorial_taskflow_api to None, run_after=None
[2022-12-30T00:03:11.927+0000] {processor.py:175} INFO - Processing /home/airflow/.local/lib/python3.7/site-packages/airflow/example_dags/tutorial_taskflow_api.py took 0.076 seconds
[2022-12-30T00:03:42.343+0000] {processor.py:153} INFO - Started process (PID=35186) to work on /home/airflow/.local/lib/python3.7/site-packages/airflow/example_dags/tutorial_taskflow_api.py
[2022-12-30T00:03:42.344+0000] {processor.py:743} INFO - Processing file /home/airflow/.local/lib/python3.7/site-packages/airflow/example_dags/tutorial_taskflow_api.py for tasks to queue
[2022-12-30T00:03:42.344+0000] {logging_mixin.py:137} INFO - [2022-12-30T00:03:42.344+0000] {dagbag.py:538} INFO - Filling up the DagBag from /home/airflow/.local/lib/python3.7/site-packages/airflow/example_dags/tutorial_taskflow_api.py
[2022-12-30T00:03:42.360+0000] {processor.py:753} INFO - DAG(s) dict_keys(['tutorial_taskflow_api']) retrieved from /home/airflow/.local/lib/python3.7/site-packages/airflow/example_dags/tutorial_taskflow_api.py
[2022-12-30T00:03:42.394+0000] {logging_mixin.py:137} INFO - [2022-12-30T00:03:42.394+0000] {dag.py:2676} INFO - Sync 1 DAGs
[2022-12-30T00:03:42.417+0000] {logging_mixin.py:137} INFO - [2022-12-30T00:03:42.417+0000] {dag.py:3427} INFO - Setting next_dagrun for tutorial_taskflow_api to None, run_after=None
[2022-12-30T00:03:42.431+0000] {processor.py:175} INFO - Processing /home/airflow/.local/lib/python3.7/site-packages/airflow/example_dags/tutorial_taskflow_api.py took 0.090 seconds
[2022-12-30T00:04:13.204+0000] {processor.py:153} INFO - Started process (PID=35288) to work on /home/airflow/.local/lib/python3.7/site-packages/airflow/example_dags/tutorial_taskflow_api.py
[2022-12-30T00:04:13.205+0000] {processor.py:743} INFO - Processing file /home/airflow/.local/lib/python3.7/site-packages/airflow/example_dags/tutorial_taskflow_api.py for tasks to queue
[2022-12-30T00:04:13.205+0000] {logging_mixin.py:137} INFO - [2022-12-30T00:04:13.205+0000] {dagbag.py:538} INFO - Filling up the DagBag from /home/airflow/.local/lib/python3.7/site-packages/airflow/example_dags/tutorial_taskflow_api.py
[2022-12-30T00:04:13.219+0000] {processor.py:753} INFO - DAG(s) dict_keys(['tutorial_taskflow_api']) retrieved from /home/airflow/.local/lib/python3.7/site-packages/airflow/example_dags/tutorial_taskflow_api.py
[2022-12-30T00:04:13.248+0000] {logging_mixin.py:137} INFO - [2022-12-30T00:04:13.248+0000] {dag.py:2676} INFO - Sync 1 DAGs
[2022-12-30T00:04:13.268+0000] {logging_mixin.py:137} INFO - [2022-12-30T00:04:13.268+0000] {dag.py:3427} INFO - Setting next_dagrun for tutorial_taskflow_api to None, run_after=None
[2022-12-30T00:04:13.280+0000] {processor.py:175} INFO - Processing /home/airflow/.local/lib/python3.7/site-packages/airflow/example_dags/tutorial_taskflow_api.py took 0.078 seconds
[2022-12-30T00:04:43.852+0000] {processor.py:153} INFO - Started process (PID=35390) to work on /home/airflow/.local/lib/python3.7/site-packages/airflow/example_dags/tutorial_taskflow_api.py
[2022-12-30T00:04:43.852+0000] {processor.py:743} INFO - Processing file /home/airflow/.local/lib/python3.7/site-packages/airflow/example_dags/tutorial_taskflow_api.py for tasks to queue
[2022-12-30T00:04:43.853+0000] {logging_mixin.py:137} INFO - [2022-12-30T00:04:43.853+0000] {dagbag.py:538} INFO - Filling up the DagBag from /home/airflow/.local/lib/python3.7/site-packages/airflow/example_dags/tutorial_taskflow_api.py
[2022-12-30T00:04:43.910+0000] {processor.py:753} INFO - DAG(s) dict_keys(['tutorial_taskflow_api']) retrieved from /home/airflow/.local/lib/python3.7/site-packages/airflow/example_dags/tutorial_taskflow_api.py
[2022-12-30T00:04:43.954+0000] {logging_mixin.py:137} INFO - [2022-12-30T00:04:43.953+0000] {dag.py:2676} INFO - Sync 1 DAGs
[2022-12-30T00:04:43.972+0000] {logging_mixin.py:137} INFO - [2022-12-30T00:04:43.972+0000] {dag.py:3427} INFO - Setting next_dagrun for tutorial_taskflow_api to None, run_after=None
[2022-12-30T00:04:43.985+0000] {processor.py:175} INFO - Processing /home/airflow/.local/lib/python3.7/site-packages/airflow/example_dags/tutorial_taskflow_api.py took 0.135 seconds
[2022-12-30T00:05:14.445+0000] {processor.py:153} INFO - Started process (PID=35472) to work on /home/airflow/.local/lib/python3.7/site-packages/airflow/example_dags/tutorial_taskflow_api.py
[2022-12-30T00:05:14.446+0000] {processor.py:743} INFO - Processing file /home/airflow/.local/lib/python3.7/site-packages/airflow/example_dags/tutorial_taskflow_api.py for tasks to queue
[2022-12-30T00:05:14.447+0000] {logging_mixin.py:137} INFO - [2022-12-30T00:05:14.446+0000] {dagbag.py:538} INFO - Filling up the DagBag from /home/airflow/.local/lib/python3.7/site-packages/airflow/example_dags/tutorial_taskflow_api.py
[2022-12-30T00:05:14.463+0000] {processor.py:753} INFO - DAG(s) dict_keys(['tutorial_taskflow_api']) retrieved from /home/airflow/.local/lib/python3.7/site-packages/airflow/example_dags/tutorial_taskflow_api.py
[2022-12-30T00:05:14.489+0000] {logging_mixin.py:137} INFO - [2022-12-30T00:05:14.489+0000] {dag.py:2676} INFO - Sync 1 DAGs
[2022-12-30T00:05:14.508+0000] {logging_mixin.py:137} INFO - [2022-12-30T00:05:14.508+0000] {dag.py:3427} INFO - Setting next_dagrun for tutorial_taskflow_api to None, run_after=None
[2022-12-30T00:05:14.521+0000] {processor.py:175} INFO - Processing /home/airflow/.local/lib/python3.7/site-packages/airflow/example_dags/tutorial_taskflow_api.py took 0.078 seconds
[2022-12-30T00:05:44.762+0000] {processor.py:153} INFO - Started process (PID=35574) to work on /home/airflow/.local/lib/python3.7/site-packages/airflow/example_dags/tutorial_taskflow_api.py
[2022-12-30T00:05:44.762+0000] {processor.py:743} INFO - Processing file /home/airflow/.local/lib/python3.7/site-packages/airflow/example_dags/tutorial_taskflow_api.py for tasks to queue
[2022-12-30T00:05:44.763+0000] {logging_mixin.py:137} INFO - [2022-12-30T00:05:44.763+0000] {dagbag.py:538} INFO - Filling up the DagBag from /home/airflow/.local/lib/python3.7/site-packages/airflow/example_dags/tutorial_taskflow_api.py
[2022-12-30T00:05:44.780+0000] {processor.py:753} INFO - DAG(s) dict_keys(['tutorial_taskflow_api']) retrieved from /home/airflow/.local/lib/python3.7/site-packages/airflow/example_dags/tutorial_taskflow_api.py
[2022-12-30T00:05:44.807+0000] {logging_mixin.py:137} INFO - [2022-12-30T00:05:44.807+0000] {dag.py:2676} INFO - Sync 1 DAGs
[2022-12-30T00:05:44.825+0000] {logging_mixin.py:137} INFO - [2022-12-30T00:05:44.825+0000] {dag.py:3427} INFO - Setting next_dagrun for tutorial_taskflow_api to None, run_after=None
[2022-12-30T00:05:44.835+0000] {processor.py:175} INFO - Processing /home/airflow/.local/lib/python3.7/site-packages/airflow/example_dags/tutorial_taskflow_api.py took 0.076 seconds
[2022-12-30T00:06:15.240+0000] {processor.py:153} INFO - Started process (PID=35656) to work on /home/airflow/.local/lib/python3.7/site-packages/airflow/example_dags/tutorial_taskflow_api.py
[2022-12-30T00:06:15.241+0000] {processor.py:743} INFO - Processing file /home/airflow/.local/lib/python3.7/site-packages/airflow/example_dags/tutorial_taskflow_api.py for tasks to queue
[2022-12-30T00:06:15.242+0000] {logging_mixin.py:137} INFO - [2022-12-30T00:06:15.242+0000] {dagbag.py:538} INFO - Filling up the DagBag from /home/airflow/.local/lib/python3.7/site-packages/airflow/example_dags/tutorial_taskflow_api.py
[2022-12-30T00:06:15.256+0000] {processor.py:753} INFO - DAG(s) dict_keys(['tutorial_taskflow_api']) retrieved from /home/airflow/.local/lib/python3.7/site-packages/airflow/example_dags/tutorial_taskflow_api.py
[2022-12-30T00:06:15.285+0000] {logging_mixin.py:137} INFO - [2022-12-30T00:06:15.284+0000] {dag.py:2676} INFO - Sync 1 DAGs
[2022-12-30T00:06:15.302+0000] {logging_mixin.py:137} INFO - [2022-12-30T00:06:15.302+0000] {dag.py:3427} INFO - Setting next_dagrun for tutorial_taskflow_api to None, run_after=None
[2022-12-30T00:06:15.313+0000] {processor.py:175} INFO - Processing /home/airflow/.local/lib/python3.7/site-packages/airflow/example_dags/tutorial_taskflow_api.py took 0.075 seconds
[2022-12-30T00:06:46.482+0000] {processor.py:153} INFO - Started process (PID=35758) to work on /home/airflow/.local/lib/python3.7/site-packages/airflow/example_dags/tutorial_taskflow_api.py
[2022-12-30T00:06:46.483+0000] {processor.py:743} INFO - Processing file /home/airflow/.local/lib/python3.7/site-packages/airflow/example_dags/tutorial_taskflow_api.py for tasks to queue
[2022-12-30T00:06:46.483+0000] {logging_mixin.py:137} INFO - [2022-12-30T00:06:46.483+0000] {dagbag.py:538} INFO - Filling up the DagBag from /home/airflow/.local/lib/python3.7/site-packages/airflow/example_dags/tutorial_taskflow_api.py
[2022-12-30T00:06:46.498+0000] {processor.py:753} INFO - DAG(s) dict_keys(['tutorial_taskflow_api']) retrieved from /home/airflow/.local/lib/python3.7/site-packages/airflow/example_dags/tutorial_taskflow_api.py
[2022-12-30T00:06:46.527+0000] {logging_mixin.py:137} INFO - [2022-12-30T00:06:46.527+0000] {dag.py:2676} INFO - Sync 1 DAGs
[2022-12-30T00:06:46.550+0000] {logging_mixin.py:137} INFO - [2022-12-30T00:06:46.550+0000] {dag.py:3427} INFO - Setting next_dagrun for tutorial_taskflow_api to None, run_after=None
[2022-12-30T00:06:46.562+0000] {processor.py:175} INFO - Processing /home/airflow/.local/lib/python3.7/site-packages/airflow/example_dags/tutorial_taskflow_api.py took 0.083 seconds
[2022-12-30T00:07:18.414+0000] {processor.py:153} INFO - Started process (PID=35860) to work on /home/airflow/.local/lib/python3.7/site-packages/airflow/example_dags/tutorial_taskflow_api.py
[2022-12-30T00:07:18.418+0000] {processor.py:743} INFO - Processing file /home/airflow/.local/lib/python3.7/site-packages/airflow/example_dags/tutorial_taskflow_api.py for tasks to queue
[2022-12-30T00:07:18.419+0000] {logging_mixin.py:137} INFO - [2022-12-30T00:07:18.419+0000] {dagbag.py:538} INFO - Filling up the DagBag from /home/airflow/.local/lib/python3.7/site-packages/airflow/example_dags/tutorial_taskflow_api.py
[2022-12-30T00:07:18.435+0000] {processor.py:753} INFO - DAG(s) dict_keys(['tutorial_taskflow_api']) retrieved from /home/airflow/.local/lib/python3.7/site-packages/airflow/example_dags/tutorial_taskflow_api.py
[2022-12-30T00:07:18.469+0000] {logging_mixin.py:137} INFO - [2022-12-30T00:07:18.468+0000] {dag.py:2676} INFO - Sync 1 DAGs
[2022-12-30T00:07:18.492+0000] {logging_mixin.py:137} INFO - [2022-12-30T00:07:18.491+0000] {dag.py:3427} INFO - Setting next_dagrun for tutorial_taskflow_api to None, run_after=None
[2022-12-30T00:07:18.522+0000] {processor.py:175} INFO - Processing /home/airflow/.local/lib/python3.7/site-packages/airflow/example_dags/tutorial_taskflow_api.py took 0.111 seconds
[2022-12-30T00:07:49.157+0000] {processor.py:153} INFO - Started process (PID=35942) to work on /home/airflow/.local/lib/python3.7/site-packages/airflow/example_dags/tutorial_taskflow_api.py
[2022-12-30T00:07:49.158+0000] {processor.py:743} INFO - Processing file /home/airflow/.local/lib/python3.7/site-packages/airflow/example_dags/tutorial_taskflow_api.py for tasks to queue
[2022-12-30T00:07:49.158+0000] {logging_mixin.py:137} INFO - [2022-12-30T00:07:49.158+0000] {dagbag.py:538} INFO - Filling up the DagBag from /home/airflow/.local/lib/python3.7/site-packages/airflow/example_dags/tutorial_taskflow_api.py
[2022-12-30T00:07:49.172+0000] {processor.py:753} INFO - DAG(s) dict_keys(['tutorial_taskflow_api']) retrieved from /home/airflow/.local/lib/python3.7/site-packages/airflow/example_dags/tutorial_taskflow_api.py
[2022-12-30T00:07:49.200+0000] {logging_mixin.py:137} INFO - [2022-12-30T00:07:49.200+0000] {dag.py:2676} INFO - Sync 1 DAGs
[2022-12-30T00:07:49.219+0000] {logging_mixin.py:137} INFO - [2022-12-30T00:07:49.219+0000] {dag.py:3427} INFO - Setting next_dagrun for tutorial_taskflow_api to None, run_after=None
[2022-12-30T00:07:49.230+0000] {processor.py:175} INFO - Processing /home/airflow/.local/lib/python3.7/site-packages/airflow/example_dags/tutorial_taskflow_api.py took 0.075 seconds
[2022-12-30T00:08:19.837+0000] {processor.py:153} INFO - Started process (PID=36044) to work on /home/airflow/.local/lib/python3.7/site-packages/airflow/example_dags/tutorial_taskflow_api.py
[2022-12-30T00:08:19.838+0000] {processor.py:743} INFO - Processing file /home/airflow/.local/lib/python3.7/site-packages/airflow/example_dags/tutorial_taskflow_api.py for tasks to queue
[2022-12-30T00:08:19.838+0000] {logging_mixin.py:137} INFO - [2022-12-30T00:08:19.838+0000] {dagbag.py:538} INFO - Filling up the DagBag from /home/airflow/.local/lib/python3.7/site-packages/airflow/example_dags/tutorial_taskflow_api.py
[2022-12-30T00:08:19.852+0000] {processor.py:753} INFO - DAG(s) dict_keys(['tutorial_taskflow_api']) retrieved from /home/airflow/.local/lib/python3.7/site-packages/airflow/example_dags/tutorial_taskflow_api.py
[2022-12-30T00:08:19.882+0000] {logging_mixin.py:137} INFO - [2022-12-30T00:08:19.882+0000] {dag.py:2676} INFO - Sync 1 DAGs
[2022-12-30T00:08:19.899+0000] {logging_mixin.py:137} INFO - [2022-12-30T00:08:19.899+0000] {dag.py:3427} INFO - Setting next_dagrun for tutorial_taskflow_api to None, run_after=None
[2022-12-30T00:08:19.910+0000] {processor.py:175} INFO - Processing /home/airflow/.local/lib/python3.7/site-packages/airflow/example_dags/tutorial_taskflow_api.py took 0.077 seconds
[2022-12-30T00:08:50.267+0000] {processor.py:153} INFO - Started process (PID=36126) to work on /home/airflow/.local/lib/python3.7/site-packages/airflow/example_dags/tutorial_taskflow_api.py
[2022-12-30T00:08:50.268+0000] {processor.py:743} INFO - Processing file /home/airflow/.local/lib/python3.7/site-packages/airflow/example_dags/tutorial_taskflow_api.py for tasks to queue
[2022-12-30T00:08:50.269+0000] {logging_mixin.py:137} INFO - [2022-12-30T00:08:50.268+0000] {dagbag.py:538} INFO - Filling up the DagBag from /home/airflow/.local/lib/python3.7/site-packages/airflow/example_dags/tutorial_taskflow_api.py
[2022-12-30T00:08:50.282+0000] {processor.py:753} INFO - DAG(s) dict_keys(['tutorial_taskflow_api']) retrieved from /home/airflow/.local/lib/python3.7/site-packages/airflow/example_dags/tutorial_taskflow_api.py
[2022-12-30T00:08:50.307+0000] {logging_mixin.py:137} INFO - [2022-12-30T00:08:50.307+0000] {dag.py:2676} INFO - Sync 1 DAGs
[2022-12-30T00:08:50.325+0000] {logging_mixin.py:137} INFO - [2022-12-30T00:08:50.325+0000] {dag.py:3427} INFO - Setting next_dagrun for tutorial_taskflow_api to None, run_after=None
[2022-12-30T00:08:50.338+0000] {processor.py:175} INFO - Processing /home/airflow/.local/lib/python3.7/site-packages/airflow/example_dags/tutorial_taskflow_api.py took 0.074 seconds
[2022-12-30T00:09:20.854+0000] {processor.py:153} INFO - Started process (PID=36228) to work on /home/airflow/.local/lib/python3.7/site-packages/airflow/example_dags/tutorial_taskflow_api.py
[2022-12-30T00:09:20.854+0000] {processor.py:743} INFO - Processing file /home/airflow/.local/lib/python3.7/site-packages/airflow/example_dags/tutorial_taskflow_api.py for tasks to queue
[2022-12-30T00:09:20.855+0000] {logging_mixin.py:137} INFO - [2022-12-30T00:09:20.855+0000] {dagbag.py:538} INFO - Filling up the DagBag from /home/airflow/.local/lib/python3.7/site-packages/airflow/example_dags/tutorial_taskflow_api.py
[2022-12-30T00:09:20.870+0000] {processor.py:753} INFO - DAG(s) dict_keys(['tutorial_taskflow_api']) retrieved from /home/airflow/.local/lib/python3.7/site-packages/airflow/example_dags/tutorial_taskflow_api.py
[2022-12-30T00:09:20.895+0000] {logging_mixin.py:137} INFO - [2022-12-30T00:09:20.895+0000] {dag.py:2676} INFO - Sync 1 DAGs
[2022-12-30T00:09:20.913+0000] {logging_mixin.py:137} INFO - [2022-12-30T00:09:20.913+0000] {dag.py:3427} INFO - Setting next_dagrun for tutorial_taskflow_api to None, run_after=None
[2022-12-30T00:09:20.925+0000] {processor.py:175} INFO - Processing /home/airflow/.local/lib/python3.7/site-packages/airflow/example_dags/tutorial_taskflow_api.py took 0.074 seconds
[2022-12-30T00:09:51.598+0000] {processor.py:153} INFO - Started process (PID=36330) to work on /home/airflow/.local/lib/python3.7/site-packages/airflow/example_dags/tutorial_taskflow_api.py
[2022-12-30T00:09:51.599+0000] {processor.py:743} INFO - Processing file /home/airflow/.local/lib/python3.7/site-packages/airflow/example_dags/tutorial_taskflow_api.py for tasks to queue
[2022-12-30T00:09:51.600+0000] {logging_mixin.py:137} INFO - [2022-12-30T00:09:51.599+0000] {dagbag.py:538} INFO - Filling up the DagBag from /home/airflow/.local/lib/python3.7/site-packages/airflow/example_dags/tutorial_taskflow_api.py
[2022-12-30T00:09:51.616+0000] {processor.py:753} INFO - DAG(s) dict_keys(['tutorial_taskflow_api']) retrieved from /home/airflow/.local/lib/python3.7/site-packages/airflow/example_dags/tutorial_taskflow_api.py
[2022-12-30T00:09:51.643+0000] {logging_mixin.py:137} INFO - [2022-12-30T00:09:51.643+0000] {dag.py:2676} INFO - Sync 1 DAGs
[2022-12-30T00:09:51.663+0000] {logging_mixin.py:137} INFO - [2022-12-30T00:09:51.663+0000] {dag.py:3427} INFO - Setting next_dagrun for tutorial_taskflow_api to None, run_after=None
[2022-12-30T00:09:51.675+0000] {processor.py:175} INFO - Processing /home/airflow/.local/lib/python3.7/site-packages/airflow/example_dags/tutorial_taskflow_api.py took 0.079 seconds
[2022-12-30T00:10:22.180+0000] {processor.py:153} INFO - Started process (PID=36412) to work on /home/airflow/.local/lib/python3.7/site-packages/airflow/example_dags/tutorial_taskflow_api.py
[2022-12-30T00:10:22.180+0000] {processor.py:743} INFO - Processing file /home/airflow/.local/lib/python3.7/site-packages/airflow/example_dags/tutorial_taskflow_api.py for tasks to queue
[2022-12-30T00:10:22.181+0000] {logging_mixin.py:137} INFO - [2022-12-30T00:10:22.181+0000] {dagbag.py:538} INFO - Filling up the DagBag from /home/airflow/.local/lib/python3.7/site-packages/airflow/example_dags/tutorial_taskflow_api.py
[2022-12-30T00:10:22.196+0000] {processor.py:753} INFO - DAG(s) dict_keys(['tutorial_taskflow_api']) retrieved from /home/airflow/.local/lib/python3.7/site-packages/airflow/example_dags/tutorial_taskflow_api.py
[2022-12-30T00:10:22.229+0000] {logging_mixin.py:137} INFO - [2022-12-30T00:10:22.229+0000] {dag.py:2676} INFO - Sync 1 DAGs
[2022-12-30T00:10:22.255+0000] {logging_mixin.py:137} INFO - [2022-12-30T00:10:22.255+0000] {dag.py:3427} INFO - Setting next_dagrun for tutorial_taskflow_api to None, run_after=None
[2022-12-30T00:10:22.267+0000] {processor.py:175} INFO - Processing /home/airflow/.local/lib/python3.7/site-packages/airflow/example_dags/tutorial_taskflow_api.py took 0.090 seconds
[2022-12-30T00:10:52.753+0000] {processor.py:153} INFO - Started process (PID=36514) to work on /home/airflow/.local/lib/python3.7/site-packages/airflow/example_dags/tutorial_taskflow_api.py
[2022-12-30T00:10:52.753+0000] {processor.py:743} INFO - Processing file /home/airflow/.local/lib/python3.7/site-packages/airflow/example_dags/tutorial_taskflow_api.py for tasks to queue
[2022-12-30T00:10:52.754+0000] {logging_mixin.py:137} INFO - [2022-12-30T00:10:52.754+0000] {dagbag.py:538} INFO - Filling up the DagBag from /home/airflow/.local/lib/python3.7/site-packages/airflow/example_dags/tutorial_taskflow_api.py
[2022-12-30T00:10:52.767+0000] {processor.py:753} INFO - DAG(s) dict_keys(['tutorial_taskflow_api']) retrieved from /home/airflow/.local/lib/python3.7/site-packages/airflow/example_dags/tutorial_taskflow_api.py
[2022-12-30T00:10:52.793+0000] {logging_mixin.py:137} INFO - [2022-12-30T00:10:52.793+0000] {dag.py:2676} INFO - Sync 1 DAGs
[2022-12-30T00:10:52.810+0000] {logging_mixin.py:137} INFO - [2022-12-30T00:10:52.810+0000] {dag.py:3427} INFO - Setting next_dagrun for tutorial_taskflow_api to None, run_after=None
[2022-12-30T00:10:52.822+0000] {processor.py:175} INFO - Processing /home/airflow/.local/lib/python3.7/site-packages/airflow/example_dags/tutorial_taskflow_api.py took 0.072 seconds
[2022-12-30T00:11:23.167+0000] {processor.py:153} INFO - Started process (PID=36596) to work on /home/airflow/.local/lib/python3.7/site-packages/airflow/example_dags/tutorial_taskflow_api.py
[2022-12-30T00:11:23.168+0000] {processor.py:743} INFO - Processing file /home/airflow/.local/lib/python3.7/site-packages/airflow/example_dags/tutorial_taskflow_api.py for tasks to queue
[2022-12-30T00:11:23.168+0000] {logging_mixin.py:137} INFO - [2022-12-30T00:11:23.168+0000] {dagbag.py:538} INFO - Filling up the DagBag from /home/airflow/.local/lib/python3.7/site-packages/airflow/example_dags/tutorial_taskflow_api.py
[2022-12-30T00:11:23.182+0000] {processor.py:753} INFO - DAG(s) dict_keys(['tutorial_taskflow_api']) retrieved from /home/airflow/.local/lib/python3.7/site-packages/airflow/example_dags/tutorial_taskflow_api.py
[2022-12-30T00:11:23.213+0000] {logging_mixin.py:137} INFO - [2022-12-30T00:11:23.213+0000] {dag.py:2676} INFO - Sync 1 DAGs
[2022-12-30T00:11:23.239+0000] {logging_mixin.py:137} INFO - [2022-12-30T00:11:23.239+0000] {dag.py:3427} INFO - Setting next_dagrun for tutorial_taskflow_api to None, run_after=None
[2022-12-30T00:11:23.252+0000] {processor.py:175} INFO - Processing /home/airflow/.local/lib/python3.7/site-packages/airflow/example_dags/tutorial_taskflow_api.py took 0.088 seconds
[2022-12-30T00:11:53.697+0000] {processor.py:153} INFO - Started process (PID=36698) to work on /home/airflow/.local/lib/python3.7/site-packages/airflow/example_dags/tutorial_taskflow_api.py
[2022-12-30T00:11:53.698+0000] {processor.py:743} INFO - Processing file /home/airflow/.local/lib/python3.7/site-packages/airflow/example_dags/tutorial_taskflow_api.py for tasks to queue
[2022-12-30T00:11:53.698+0000] {logging_mixin.py:137} INFO - [2022-12-30T00:11:53.698+0000] {dagbag.py:538} INFO - Filling up the DagBag from /home/airflow/.local/lib/python3.7/site-packages/airflow/example_dags/tutorial_taskflow_api.py
[2022-12-30T00:11:53.712+0000] {processor.py:753} INFO - DAG(s) dict_keys(['tutorial_taskflow_api']) retrieved from /home/airflow/.local/lib/python3.7/site-packages/airflow/example_dags/tutorial_taskflow_api.py
[2022-12-30T00:11:53.739+0000] {logging_mixin.py:137} INFO - [2022-12-30T00:11:53.739+0000] {dag.py:2676} INFO - Sync 1 DAGs
[2022-12-30T00:11:53.756+0000] {logging_mixin.py:137} INFO - [2022-12-30T00:11:53.756+0000] {dag.py:3427} INFO - Setting next_dagrun for tutorial_taskflow_api to None, run_after=None
[2022-12-30T00:11:53.768+0000] {processor.py:175} INFO - Processing /home/airflow/.local/lib/python3.7/site-packages/airflow/example_dags/tutorial_taskflow_api.py took 0.075 seconds
[2022-12-30T00:12:24.045+0000] {processor.py:153} INFO - Started process (PID=36789) to work on /home/airflow/.local/lib/python3.7/site-packages/airflow/example_dags/tutorial_taskflow_api.py
[2022-12-30T00:12:24.046+0000] {processor.py:743} INFO - Processing file /home/airflow/.local/lib/python3.7/site-packages/airflow/example_dags/tutorial_taskflow_api.py for tasks to queue
[2022-12-30T00:12:24.047+0000] {logging_mixin.py:137} INFO - [2022-12-30T00:12:24.047+0000] {dagbag.py:538} INFO - Filling up the DagBag from /home/airflow/.local/lib/python3.7/site-packages/airflow/example_dags/tutorial_taskflow_api.py
[2022-12-30T00:12:24.061+0000] {processor.py:753} INFO - DAG(s) dict_keys(['tutorial_taskflow_api']) retrieved from /home/airflow/.local/lib/python3.7/site-packages/airflow/example_dags/tutorial_taskflow_api.py
[2022-12-30T00:12:24.092+0000] {logging_mixin.py:137} INFO - [2022-12-30T00:12:24.092+0000] {dag.py:2676} INFO - Sync 1 DAGs
[2022-12-30T00:12:24.115+0000] {logging_mixin.py:137} INFO - [2022-12-30T00:12:24.115+0000] {dag.py:3427} INFO - Setting next_dagrun for tutorial_taskflow_api to None, run_after=None
[2022-12-30T00:12:24.129+0000] {processor.py:175} INFO - Processing /home/airflow/.local/lib/python3.7/site-packages/airflow/example_dags/tutorial_taskflow_api.py took 0.087 seconds
[2022-12-30T00:12:54.541+0000] {processor.py:153} INFO - Started process (PID=36882) to work on /home/airflow/.local/lib/python3.7/site-packages/airflow/example_dags/tutorial_taskflow_api.py
[2022-12-30T00:12:54.542+0000] {processor.py:743} INFO - Processing file /home/airflow/.local/lib/python3.7/site-packages/airflow/example_dags/tutorial_taskflow_api.py for tasks to queue
[2022-12-30T00:12:54.542+0000] {logging_mixin.py:137} INFO - [2022-12-30T00:12:54.542+0000] {dagbag.py:538} INFO - Filling up the DagBag from /home/airflow/.local/lib/python3.7/site-packages/airflow/example_dags/tutorial_taskflow_api.py
[2022-12-30T00:12:54.559+0000] {processor.py:753} INFO - DAG(s) dict_keys(['tutorial_taskflow_api']) retrieved from /home/airflow/.local/lib/python3.7/site-packages/airflow/example_dags/tutorial_taskflow_api.py
[2022-12-30T00:12:54.584+0000] {logging_mixin.py:137} INFO - [2022-12-30T00:12:54.584+0000] {dag.py:2676} INFO - Sync 1 DAGs
[2022-12-30T00:12:54.605+0000] {logging_mixin.py:137} INFO - [2022-12-30T00:12:54.605+0000] {dag.py:3427} INFO - Setting next_dagrun for tutorial_taskflow_api to None, run_after=None
[2022-12-30T00:12:54.623+0000] {processor.py:175} INFO - Processing /home/airflow/.local/lib/python3.7/site-packages/airflow/example_dags/tutorial_taskflow_api.py took 0.086 seconds
[2022-12-30T00:13:25.027+0000] {processor.py:153} INFO - Started process (PID=36984) to work on /home/airflow/.local/lib/python3.7/site-packages/airflow/example_dags/tutorial_taskflow_api.py
[2022-12-30T00:13:25.027+0000] {processor.py:743} INFO - Processing file /home/airflow/.local/lib/python3.7/site-packages/airflow/example_dags/tutorial_taskflow_api.py for tasks to queue
[2022-12-30T00:13:25.028+0000] {logging_mixin.py:137} INFO - [2022-12-30T00:13:25.028+0000] {dagbag.py:538} INFO - Filling up the DagBag from /home/airflow/.local/lib/python3.7/site-packages/airflow/example_dags/tutorial_taskflow_api.py
[2022-12-30T00:13:25.043+0000] {processor.py:753} INFO - DAG(s) dict_keys(['tutorial_taskflow_api']) retrieved from /home/airflow/.local/lib/python3.7/site-packages/airflow/example_dags/tutorial_taskflow_api.py
[2022-12-30T00:13:25.072+0000] {logging_mixin.py:137} INFO - [2022-12-30T00:13:25.072+0000] {dag.py:2676} INFO - Sync 1 DAGs
[2022-12-30T00:13:25.093+0000] {logging_mixin.py:137} INFO - [2022-12-30T00:13:25.093+0000] {dag.py:3427} INFO - Setting next_dagrun for tutorial_taskflow_api to None, run_after=None
[2022-12-30T00:13:25.106+0000] {processor.py:175} INFO - Processing /home/airflow/.local/lib/python3.7/site-packages/airflow/example_dags/tutorial_taskflow_api.py took 0.082 seconds
[2022-12-30T00:13:55.397+0000] {processor.py:153} INFO - Started process (PID=37066) to work on /home/airflow/.local/lib/python3.7/site-packages/airflow/example_dags/tutorial_taskflow_api.py
[2022-12-30T00:13:55.397+0000] {processor.py:743} INFO - Processing file /home/airflow/.local/lib/python3.7/site-packages/airflow/example_dags/tutorial_taskflow_api.py for tasks to queue
[2022-12-30T00:13:55.398+0000] {logging_mixin.py:137} INFO - [2022-12-30T00:13:55.398+0000] {dagbag.py:538} INFO - Filling up the DagBag from /home/airflow/.local/lib/python3.7/site-packages/airflow/example_dags/tutorial_taskflow_api.py
[2022-12-30T00:13:55.413+0000] {processor.py:753} INFO - DAG(s) dict_keys(['tutorial_taskflow_api']) retrieved from /home/airflow/.local/lib/python3.7/site-packages/airflow/example_dags/tutorial_taskflow_api.py
[2022-12-30T00:13:55.442+0000] {logging_mixin.py:137} INFO - [2022-12-30T00:13:55.442+0000] {dag.py:2676} INFO - Sync 1 DAGs
[2022-12-30T00:13:55.461+0000] {logging_mixin.py:137} INFO - [2022-12-30T00:13:55.461+0000] {dag.py:3427} INFO - Setting next_dagrun for tutorial_taskflow_api to None, run_after=None
[2022-12-30T00:13:55.476+0000] {processor.py:175} INFO - Processing /home/airflow/.local/lib/python3.7/site-packages/airflow/example_dags/tutorial_taskflow_api.py took 0.083 seconds
[2022-12-30T00:14:25.827+0000] {processor.py:153} INFO - Started process (PID=37168) to work on /home/airflow/.local/lib/python3.7/site-packages/airflow/example_dags/tutorial_taskflow_api.py
[2022-12-30T00:14:25.828+0000] {processor.py:743} INFO - Processing file /home/airflow/.local/lib/python3.7/site-packages/airflow/example_dags/tutorial_taskflow_api.py for tasks to queue
[2022-12-30T00:14:25.828+0000] {logging_mixin.py:137} INFO - [2022-12-30T00:14:25.828+0000] {dagbag.py:538} INFO - Filling up the DagBag from /home/airflow/.local/lib/python3.7/site-packages/airflow/example_dags/tutorial_taskflow_api.py
[2022-12-30T00:14:25.843+0000] {processor.py:753} INFO - DAG(s) dict_keys(['tutorial_taskflow_api']) retrieved from /home/airflow/.local/lib/python3.7/site-packages/airflow/example_dags/tutorial_taskflow_api.py
[2022-12-30T00:14:25.877+0000] {logging_mixin.py:137} INFO - [2022-12-30T00:14:25.877+0000] {dag.py:2676} INFO - Sync 1 DAGs
[2022-12-30T00:14:25.900+0000] {logging_mixin.py:137} INFO - [2022-12-30T00:14:25.900+0000] {dag.py:3427} INFO - Setting next_dagrun for tutorial_taskflow_api to None, run_after=None
[2022-12-30T00:14:25.912+0000] {processor.py:175} INFO - Processing /home/airflow/.local/lib/python3.7/site-packages/airflow/example_dags/tutorial_taskflow_api.py took 0.087 seconds
[2022-12-30T00:14:56.400+0000] {processor.py:153} INFO - Started process (PID=37250) to work on /home/airflow/.local/lib/python3.7/site-packages/airflow/example_dags/tutorial_taskflow_api.py
[2022-12-30T00:14:56.400+0000] {processor.py:743} INFO - Processing file /home/airflow/.local/lib/python3.7/site-packages/airflow/example_dags/tutorial_taskflow_api.py for tasks to queue
[2022-12-30T00:14:56.401+0000] {logging_mixin.py:137} INFO - [2022-12-30T00:14:56.401+0000] {dagbag.py:538} INFO - Filling up the DagBag from /home/airflow/.local/lib/python3.7/site-packages/airflow/example_dags/tutorial_taskflow_api.py
[2022-12-30T00:14:56.418+0000] {processor.py:753} INFO - DAG(s) dict_keys(['tutorial_taskflow_api']) retrieved from /home/airflow/.local/lib/python3.7/site-packages/airflow/example_dags/tutorial_taskflow_api.py
[2022-12-30T00:14:56.446+0000] {logging_mixin.py:137} INFO - [2022-12-30T00:14:56.446+0000] {dag.py:2676} INFO - Sync 1 DAGs
[2022-12-30T00:14:56.464+0000] {logging_mixin.py:137} INFO - [2022-12-30T00:14:56.464+0000] {dag.py:3427} INFO - Setting next_dagrun for tutorial_taskflow_api to None, run_after=None
[2022-12-30T00:14:56.477+0000] {processor.py:175} INFO - Processing /home/airflow/.local/lib/python3.7/site-packages/airflow/example_dags/tutorial_taskflow_api.py took 0.079 seconds
[2022-12-30T00:15:26.803+0000] {processor.py:153} INFO - Started process (PID=37352) to work on /home/airflow/.local/lib/python3.7/site-packages/airflow/example_dags/tutorial_taskflow_api.py
[2022-12-30T00:15:26.804+0000] {processor.py:743} INFO - Processing file /home/airflow/.local/lib/python3.7/site-packages/airflow/example_dags/tutorial_taskflow_api.py for tasks to queue
[2022-12-30T00:15:26.805+0000] {logging_mixin.py:137} INFO - [2022-12-30T00:15:26.804+0000] {dagbag.py:538} INFO - Filling up the DagBag from /home/airflow/.local/lib/python3.7/site-packages/airflow/example_dags/tutorial_taskflow_api.py
[2022-12-30T00:15:26.822+0000] {processor.py:753} INFO - DAG(s) dict_keys(['tutorial_taskflow_api']) retrieved from /home/airflow/.local/lib/python3.7/site-packages/airflow/example_dags/tutorial_taskflow_api.py
[2022-12-30T00:15:26.849+0000] {logging_mixin.py:137} INFO - [2022-12-30T00:15:26.849+0000] {dag.py:2676} INFO - Sync 1 DAGs
[2022-12-30T00:15:26.871+0000] {logging_mixin.py:137} INFO - [2022-12-30T00:15:26.871+0000] {dag.py:3427} INFO - Setting next_dagrun for tutorial_taskflow_api to None, run_after=None
[2022-12-30T00:15:26.883+0000] {processor.py:175} INFO - Processing /home/airflow/.local/lib/python3.7/site-packages/airflow/example_dags/tutorial_taskflow_api.py took 0.082 seconds
[2022-12-30T00:15:57.176+0000] {processor.py:153} INFO - Started process (PID=37443) to work on /home/airflow/.local/lib/python3.7/site-packages/airflow/example_dags/tutorial_taskflow_api.py
[2022-12-30T00:15:57.176+0000] {processor.py:743} INFO - Processing file /home/airflow/.local/lib/python3.7/site-packages/airflow/example_dags/tutorial_taskflow_api.py for tasks to queue
[2022-12-30T00:15:57.177+0000] {logging_mixin.py:137} INFO - [2022-12-30T00:15:57.177+0000] {dagbag.py:538} INFO - Filling up the DagBag from /home/airflow/.local/lib/python3.7/site-packages/airflow/example_dags/tutorial_taskflow_api.py
[2022-12-30T00:15:57.192+0000] {processor.py:753} INFO - DAG(s) dict_keys(['tutorial_taskflow_api']) retrieved from /home/airflow/.local/lib/python3.7/site-packages/airflow/example_dags/tutorial_taskflow_api.py
[2022-12-30T00:15:57.257+0000] {logging_mixin.py:137} INFO - [2022-12-30T00:15:57.257+0000] {dag.py:2676} INFO - Sync 1 DAGs
[2022-12-30T00:15:57.279+0000] {logging_mixin.py:137} INFO - [2022-12-30T00:15:57.279+0000] {dag.py:3427} INFO - Setting next_dagrun for tutorial_taskflow_api to None, run_after=None
[2022-12-30T00:15:57.296+0000] {processor.py:175} INFO - Processing /home/airflow/.local/lib/python3.7/site-packages/airflow/example_dags/tutorial_taskflow_api.py took 0.123 seconds
[2022-12-30T00:16:28.088+0000] {processor.py:153} INFO - Started process (PID=37536) to work on /home/airflow/.local/lib/python3.7/site-packages/airflow/example_dags/tutorial_taskflow_api.py
[2022-12-30T00:16:28.088+0000] {processor.py:743} INFO - Processing file /home/airflow/.local/lib/python3.7/site-packages/airflow/example_dags/tutorial_taskflow_api.py for tasks to queue
[2022-12-30T00:16:28.089+0000] {logging_mixin.py:137} INFO - [2022-12-30T00:16:28.089+0000] {dagbag.py:538} INFO - Filling up the DagBag from /home/airflow/.local/lib/python3.7/site-packages/airflow/example_dags/tutorial_taskflow_api.py
[2022-12-30T00:16:28.106+0000] {processor.py:753} INFO - DAG(s) dict_keys(['tutorial_taskflow_api']) retrieved from /home/airflow/.local/lib/python3.7/site-packages/airflow/example_dags/tutorial_taskflow_api.py
[2022-12-30T00:16:28.134+0000] {logging_mixin.py:137} INFO - [2022-12-30T00:16:28.134+0000] {dag.py:2676} INFO - Sync 1 DAGs
[2022-12-30T00:16:28.155+0000] {logging_mixin.py:137} INFO - [2022-12-30T00:16:28.155+0000] {dag.py:3427} INFO - Setting next_dagrun for tutorial_taskflow_api to None, run_after=None
[2022-12-30T00:16:28.171+0000] {processor.py:175} INFO - Processing /home/airflow/.local/lib/python3.7/site-packages/airflow/example_dags/tutorial_taskflow_api.py took 0.087 seconds
[2022-12-30T00:16:58.613+0000] {processor.py:153} INFO - Started process (PID=37638) to work on /home/airflow/.local/lib/python3.7/site-packages/airflow/example_dags/tutorial_taskflow_api.py
[2022-12-30T00:16:58.614+0000] {processor.py:743} INFO - Processing file /home/airflow/.local/lib/python3.7/site-packages/airflow/example_dags/tutorial_taskflow_api.py for tasks to queue
[2022-12-30T00:16:58.615+0000] {logging_mixin.py:137} INFO - [2022-12-30T00:16:58.615+0000] {dagbag.py:538} INFO - Filling up the DagBag from /home/airflow/.local/lib/python3.7/site-packages/airflow/example_dags/tutorial_taskflow_api.py
[2022-12-30T00:16:58.631+0000] {processor.py:753} INFO - DAG(s) dict_keys(['tutorial_taskflow_api']) retrieved from /home/airflow/.local/lib/python3.7/site-packages/airflow/example_dags/tutorial_taskflow_api.py
[2022-12-30T00:16:58.663+0000] {logging_mixin.py:137} INFO - [2022-12-30T00:16:58.663+0000] {dag.py:2676} INFO - Sync 1 DAGs
[2022-12-30T00:16:58.688+0000] {logging_mixin.py:137} INFO - [2022-12-30T00:16:58.688+0000] {dag.py:3427} INFO - Setting next_dagrun for tutorial_taskflow_api to None, run_after=None
[2022-12-30T00:16:58.699+0000] {processor.py:175} INFO - Processing /home/airflow/.local/lib/python3.7/site-packages/airflow/example_dags/tutorial_taskflow_api.py took 0.089 seconds
[2022-12-30T00:17:29.104+0000] {processor.py:153} INFO - Started process (PID=37720) to work on /home/airflow/.local/lib/python3.7/site-packages/airflow/example_dags/tutorial_taskflow_api.py
[2022-12-30T00:17:29.105+0000] {processor.py:743} INFO - Processing file /home/airflow/.local/lib/python3.7/site-packages/airflow/example_dags/tutorial_taskflow_api.py for tasks to queue
[2022-12-30T00:17:29.105+0000] {logging_mixin.py:137} INFO - [2022-12-30T00:17:29.105+0000] {dagbag.py:538} INFO - Filling up the DagBag from /home/airflow/.local/lib/python3.7/site-packages/airflow/example_dags/tutorial_taskflow_api.py
[2022-12-30T00:17:29.123+0000] {processor.py:753} INFO - DAG(s) dict_keys(['tutorial_taskflow_api']) retrieved from /home/airflow/.local/lib/python3.7/site-packages/airflow/example_dags/tutorial_taskflow_api.py
[2022-12-30T00:17:29.152+0000] {logging_mixin.py:137} INFO - [2022-12-30T00:17:29.152+0000] {dag.py:2676} INFO - Sync 1 DAGs
[2022-12-30T00:17:29.174+0000] {logging_mixin.py:137} INFO - [2022-12-30T00:17:29.174+0000] {dag.py:3427} INFO - Setting next_dagrun for tutorial_taskflow_api to None, run_after=None
[2022-12-30T00:17:29.188+0000] {processor.py:175} INFO - Processing /home/airflow/.local/lib/python3.7/site-packages/airflow/example_dags/tutorial_taskflow_api.py took 0.087 seconds
[2022-12-30T00:17:59.711+0000] {processor.py:153} INFO - Started process (PID=37823) to work on /home/airflow/.local/lib/python3.7/site-packages/airflow/example_dags/tutorial_taskflow_api.py
[2022-12-30T00:17:59.712+0000] {processor.py:743} INFO - Processing file /home/airflow/.local/lib/python3.7/site-packages/airflow/example_dags/tutorial_taskflow_api.py for tasks to queue
[2022-12-30T00:17:59.712+0000] {logging_mixin.py:137} INFO - [2022-12-30T00:17:59.712+0000] {dagbag.py:538} INFO - Filling up the DagBag from /home/airflow/.local/lib/python3.7/site-packages/airflow/example_dags/tutorial_taskflow_api.py
[2022-12-30T00:17:59.729+0000] {processor.py:753} INFO - DAG(s) dict_keys(['tutorial_taskflow_api']) retrieved from /home/airflow/.local/lib/python3.7/site-packages/airflow/example_dags/tutorial_taskflow_api.py
[2022-12-30T00:17:59.764+0000] {logging_mixin.py:137} INFO - [2022-12-30T00:17:59.764+0000] {dag.py:2676} INFO - Sync 1 DAGs
[2022-12-30T00:17:59.791+0000] {logging_mixin.py:137} INFO - [2022-12-30T00:17:59.791+0000] {dag.py:3427} INFO - Setting next_dagrun for tutorial_taskflow_api to None, run_after=None
[2022-12-30T00:17:59.802+0000] {processor.py:175} INFO - Processing /home/airflow/.local/lib/python3.7/site-packages/airflow/example_dags/tutorial_taskflow_api.py took 0.093 seconds
[2022-12-30T00:18:30.152+0000] {processor.py:153} INFO - Started process (PID=37906) to work on /home/airflow/.local/lib/python3.7/site-packages/airflow/example_dags/tutorial_taskflow_api.py
[2022-12-30T00:18:30.152+0000] {processor.py:743} INFO - Processing file /home/airflow/.local/lib/python3.7/site-packages/airflow/example_dags/tutorial_taskflow_api.py for tasks to queue
[2022-12-30T00:18:30.153+0000] {logging_mixin.py:137} INFO - [2022-12-30T00:18:30.153+0000] {dagbag.py:538} INFO - Filling up the DagBag from /home/airflow/.local/lib/python3.7/site-packages/airflow/example_dags/tutorial_taskflow_api.py
[2022-12-30T00:18:30.174+0000] {processor.py:753} INFO - DAG(s) dict_keys(['tutorial_taskflow_api']) retrieved from /home/airflow/.local/lib/python3.7/site-packages/airflow/example_dags/tutorial_taskflow_api.py
[2022-12-30T00:18:30.206+0000] {logging_mixin.py:137} INFO - [2022-12-30T00:18:30.206+0000] {dag.py:2676} INFO - Sync 1 DAGs
[2022-12-30T00:18:30.232+0000] {logging_mixin.py:137} INFO - [2022-12-30T00:18:30.232+0000] {dag.py:3427} INFO - Setting next_dagrun for tutorial_taskflow_api to None, run_after=None
[2022-12-30T00:18:30.247+0000] {processor.py:175} INFO - Processing /home/airflow/.local/lib/python3.7/site-packages/airflow/example_dags/tutorial_taskflow_api.py took 0.098 seconds
[2022-12-30T00:19:00.644+0000] {processor.py:153} INFO - Started process (PID=38008) to work on /home/airflow/.local/lib/python3.7/site-packages/airflow/example_dags/tutorial_taskflow_api.py
[2022-12-30T00:19:00.645+0000] {processor.py:743} INFO - Processing file /home/airflow/.local/lib/python3.7/site-packages/airflow/example_dags/tutorial_taskflow_api.py for tasks to queue
[2022-12-30T00:19:00.645+0000] {logging_mixin.py:137} INFO - [2022-12-30T00:19:00.645+0000] {dagbag.py:538} INFO - Filling up the DagBag from /home/airflow/.local/lib/python3.7/site-packages/airflow/example_dags/tutorial_taskflow_api.py
[2022-12-30T00:19:00.664+0000] {processor.py:753} INFO - DAG(s) dict_keys(['tutorial_taskflow_api']) retrieved from /home/airflow/.local/lib/python3.7/site-packages/airflow/example_dags/tutorial_taskflow_api.py
[2022-12-30T00:19:00.695+0000] {logging_mixin.py:137} INFO - [2022-12-30T00:19:00.695+0000] {dag.py:2676} INFO - Sync 1 DAGs
[2022-12-30T00:19:00.715+0000] {logging_mixin.py:137} INFO - [2022-12-30T00:19:00.715+0000] {dag.py:3427} INFO - Setting next_dagrun for tutorial_taskflow_api to None, run_after=None
[2022-12-30T00:19:00.726+0000] {processor.py:175} INFO - Processing /home/airflow/.local/lib/python3.7/site-packages/airflow/example_dags/tutorial_taskflow_api.py took 0.085 seconds
[2022-12-30T00:19:31.254+0000] {processor.py:153} INFO - Started process (PID=38090) to work on /home/airflow/.local/lib/python3.7/site-packages/airflow/example_dags/tutorial_taskflow_api.py
[2022-12-30T00:19:31.255+0000] {processor.py:743} INFO - Processing file /home/airflow/.local/lib/python3.7/site-packages/airflow/example_dags/tutorial_taskflow_api.py for tasks to queue
[2022-12-30T00:19:31.255+0000] {logging_mixin.py:137} INFO - [2022-12-30T00:19:31.255+0000] {dagbag.py:538} INFO - Filling up the DagBag from /home/airflow/.local/lib/python3.7/site-packages/airflow/example_dags/tutorial_taskflow_api.py
[2022-12-30T00:19:31.272+0000] {processor.py:753} INFO - DAG(s) dict_keys(['tutorial_taskflow_api']) retrieved from /home/airflow/.local/lib/python3.7/site-packages/airflow/example_dags/tutorial_taskflow_api.py
[2022-12-30T00:19:31.305+0000] {logging_mixin.py:137} INFO - [2022-12-30T00:19:31.305+0000] {dag.py:2676} INFO - Sync 1 DAGs
[2022-12-30T00:19:31.332+0000] {logging_mixin.py:137} INFO - [2022-12-30T00:19:31.332+0000] {dag.py:3427} INFO - Setting next_dagrun for tutorial_taskflow_api to None, run_after=None
[2022-12-30T00:19:31.349+0000] {processor.py:175} INFO - Processing /home/airflow/.local/lib/python3.7/site-packages/airflow/example_dags/tutorial_taskflow_api.py took 0.097 seconds
[2022-12-30T00:20:02.025+0000] {processor.py:153} INFO - Started process (PID=38192) to work on /home/airflow/.local/lib/python3.7/site-packages/airflow/example_dags/tutorial_taskflow_api.py
[2022-12-30T00:20:02.026+0000] {processor.py:743} INFO - Processing file /home/airflow/.local/lib/python3.7/site-packages/airflow/example_dags/tutorial_taskflow_api.py for tasks to queue
[2022-12-30T00:20:02.027+0000] {logging_mixin.py:137} INFO - [2022-12-30T00:20:02.027+0000] {dagbag.py:538} INFO - Filling up the DagBag from /home/airflow/.local/lib/python3.7/site-packages/airflow/example_dags/tutorial_taskflow_api.py
[2022-12-30T00:20:02.044+0000] {processor.py:753} INFO - DAG(s) dict_keys(['tutorial_taskflow_api']) retrieved from /home/airflow/.local/lib/python3.7/site-packages/airflow/example_dags/tutorial_taskflow_api.py
[2022-12-30T00:20:02.074+0000] {logging_mixin.py:137} INFO - [2022-12-30T00:20:02.074+0000] {dag.py:2676} INFO - Sync 1 DAGs
[2022-12-30T00:20:02.093+0000] {logging_mixin.py:137} INFO - [2022-12-30T00:20:02.093+0000] {dag.py:3427} INFO - Setting next_dagrun for tutorial_taskflow_api to None, run_after=None
[2022-12-30T00:20:02.105+0000] {processor.py:175} INFO - Processing /home/airflow/.local/lib/python3.7/site-packages/airflow/example_dags/tutorial_taskflow_api.py took 0.082 seconds
[2022-12-30T00:20:32.788+0000] {processor.py:153} INFO - Started process (PID=38294) to work on /home/airflow/.local/lib/python3.7/site-packages/airflow/example_dags/tutorial_taskflow_api.py
[2022-12-30T00:20:32.789+0000] {processor.py:743} INFO - Processing file /home/airflow/.local/lib/python3.7/site-packages/airflow/example_dags/tutorial_taskflow_api.py for tasks to queue
[2022-12-30T00:20:32.789+0000] {logging_mixin.py:137} INFO - [2022-12-30T00:20:32.789+0000] {dagbag.py:538} INFO - Filling up the DagBag from /home/airflow/.local/lib/python3.7/site-packages/airflow/example_dags/tutorial_taskflow_api.py
[2022-12-30T00:20:32.808+0000] {processor.py:753} INFO - DAG(s) dict_keys(['tutorial_taskflow_api']) retrieved from /home/airflow/.local/lib/python3.7/site-packages/airflow/example_dags/tutorial_taskflow_api.py
[2022-12-30T00:20:32.838+0000] {logging_mixin.py:137} INFO - [2022-12-30T00:20:32.838+0000] {dag.py:2676} INFO - Sync 1 DAGs
[2022-12-30T00:20:32.861+0000] {logging_mixin.py:137} INFO - [2022-12-30T00:20:32.861+0000] {dag.py:3427} INFO - Setting next_dagrun for tutorial_taskflow_api to None, run_after=None
[2022-12-30T00:20:32.879+0000] {processor.py:175} INFO - Processing /home/airflow/.local/lib/python3.7/site-packages/airflow/example_dags/tutorial_taskflow_api.py took 0.093 seconds
[2022-12-30T00:21:03.102+0000] {processor.py:153} INFO - Started process (PID=38377) to work on /home/airflow/.local/lib/python3.7/site-packages/airflow/example_dags/tutorial_taskflow_api.py
[2022-12-30T00:21:03.103+0000] {processor.py:743} INFO - Processing file /home/airflow/.local/lib/python3.7/site-packages/airflow/example_dags/tutorial_taskflow_api.py for tasks to queue
[2022-12-30T00:21:03.103+0000] {logging_mixin.py:137} INFO - [2022-12-30T00:21:03.103+0000] {dagbag.py:538} INFO - Filling up the DagBag from /home/airflow/.local/lib/python3.7/site-packages/airflow/example_dags/tutorial_taskflow_api.py
[2022-12-30T00:21:03.119+0000] {processor.py:753} INFO - DAG(s) dict_keys(['tutorial_taskflow_api']) retrieved from /home/airflow/.local/lib/python3.7/site-packages/airflow/example_dags/tutorial_taskflow_api.py
[2022-12-30T00:21:03.170+0000] {logging_mixin.py:137} INFO - [2022-12-30T00:21:03.170+0000] {dag.py:2676} INFO - Sync 1 DAGs
[2022-12-30T00:21:03.190+0000] {logging_mixin.py:137} INFO - [2022-12-30T00:21:03.190+0000] {dag.py:3427} INFO - Setting next_dagrun for tutorial_taskflow_api to None, run_after=None
[2022-12-30T00:21:03.207+0000] {processor.py:175} INFO - Processing /home/airflow/.local/lib/python3.7/site-packages/airflow/example_dags/tutorial_taskflow_api.py took 0.107 seconds
[2022-12-30T00:21:33.980+0000] {processor.py:153} INFO - Started process (PID=38480) to work on /home/airflow/.local/lib/python3.7/site-packages/airflow/example_dags/tutorial_taskflow_api.py
[2022-12-30T00:21:33.980+0000] {processor.py:743} INFO - Processing file /home/airflow/.local/lib/python3.7/site-packages/airflow/example_dags/tutorial_taskflow_api.py for tasks to queue
[2022-12-30T00:21:33.981+0000] {logging_mixin.py:137} INFO - [2022-12-30T00:21:33.981+0000] {dagbag.py:538} INFO - Filling up the DagBag from /home/airflow/.local/lib/python3.7/site-packages/airflow/example_dags/tutorial_taskflow_api.py
[2022-12-30T00:21:33.999+0000] {processor.py:753} INFO - DAG(s) dict_keys(['tutorial_taskflow_api']) retrieved from /home/airflow/.local/lib/python3.7/site-packages/airflow/example_dags/tutorial_taskflow_api.py
[2022-12-30T00:21:34.033+0000] {logging_mixin.py:137} INFO - [2022-12-30T00:21:34.033+0000] {dag.py:2676} INFO - Sync 1 DAGs
[2022-12-30T00:21:34.059+0000] {logging_mixin.py:137} INFO - [2022-12-30T00:21:34.059+0000] {dag.py:3427} INFO - Setting next_dagrun for tutorial_taskflow_api to None, run_after=None
[2022-12-30T00:21:34.077+0000] {processor.py:175} INFO - Processing /home/airflow/.local/lib/python3.7/site-packages/airflow/example_dags/tutorial_taskflow_api.py took 0.100 seconds
[2022-12-30T00:22:04.335+0000] {processor.py:153} INFO - Started process (PID=38562) to work on /home/airflow/.local/lib/python3.7/site-packages/airflow/example_dags/tutorial_taskflow_api.py
[2022-12-30T00:22:04.336+0000] {processor.py:743} INFO - Processing file /home/airflow/.local/lib/python3.7/site-packages/airflow/example_dags/tutorial_taskflow_api.py for tasks to queue
[2022-12-30T00:22:04.336+0000] {logging_mixin.py:137} INFO - [2022-12-30T00:22:04.336+0000] {dagbag.py:538} INFO - Filling up the DagBag from /home/airflow/.local/lib/python3.7/site-packages/airflow/example_dags/tutorial_taskflow_api.py
[2022-12-30T00:22:04.352+0000] {processor.py:753} INFO - DAG(s) dict_keys(['tutorial_taskflow_api']) retrieved from /home/airflow/.local/lib/python3.7/site-packages/airflow/example_dags/tutorial_taskflow_api.py
[2022-12-30T00:22:04.383+0000] {logging_mixin.py:137} INFO - [2022-12-30T00:22:04.383+0000] {dag.py:2676} INFO - Sync 1 DAGs
[2022-12-30T00:22:04.402+0000] {logging_mixin.py:137} INFO - [2022-12-30T00:22:04.402+0000] {dag.py:3427} INFO - Setting next_dagrun for tutorial_taskflow_api to None, run_after=None
[2022-12-30T00:22:04.424+0000] {processor.py:175} INFO - Processing /home/airflow/.local/lib/python3.7/site-packages/airflow/example_dags/tutorial_taskflow_api.py took 0.090 seconds
[2022-12-30T00:22:34.988+0000] {processor.py:153} INFO - Started process (PID=38664) to work on /home/airflow/.local/lib/python3.7/site-packages/airflow/example_dags/tutorial_taskflow_api.py
[2022-12-30T00:22:34.988+0000] {processor.py:743} INFO - Processing file /home/airflow/.local/lib/python3.7/site-packages/airflow/example_dags/tutorial_taskflow_api.py for tasks to queue
[2022-12-30T00:22:34.989+0000] {logging_mixin.py:137} INFO - [2022-12-30T00:22:34.989+0000] {dagbag.py:538} INFO - Filling up the DagBag from /home/airflow/.local/lib/python3.7/site-packages/airflow/example_dags/tutorial_taskflow_api.py
[2022-12-30T00:22:35.009+0000] {processor.py:753} INFO - DAG(s) dict_keys(['tutorial_taskflow_api']) retrieved from /home/airflow/.local/lib/python3.7/site-packages/airflow/example_dags/tutorial_taskflow_api.py
[2022-12-30T00:22:35.038+0000] {logging_mixin.py:137} INFO - [2022-12-30T00:22:35.037+0000] {dag.py:2676} INFO - Sync 1 DAGs
[2022-12-30T00:22:35.056+0000] {logging_mixin.py:137} INFO - [2022-12-30T00:22:35.056+0000] {dag.py:3427} INFO - Setting next_dagrun for tutorial_taskflow_api to None, run_after=None
[2022-12-30T00:22:35.070+0000] {processor.py:175} INFO - Processing /home/airflow/.local/lib/python3.7/site-packages/airflow/example_dags/tutorial_taskflow_api.py took 0.084 seconds
[2022-12-30T00:23:05.521+0000] {processor.py:153} INFO - Started process (PID=38746) to work on /home/airflow/.local/lib/python3.7/site-packages/airflow/example_dags/tutorial_taskflow_api.py
[2022-12-30T00:23:05.521+0000] {processor.py:743} INFO - Processing file /home/airflow/.local/lib/python3.7/site-packages/airflow/example_dags/tutorial_taskflow_api.py for tasks to queue
[2022-12-30T00:23:05.522+0000] {logging_mixin.py:137} INFO - [2022-12-30T00:23:05.522+0000] {dagbag.py:538} INFO - Filling up the DagBag from /home/airflow/.local/lib/python3.7/site-packages/airflow/example_dags/tutorial_taskflow_api.py
[2022-12-30T00:23:05.537+0000] {processor.py:753} INFO - DAG(s) dict_keys(['tutorial_taskflow_api']) retrieved from /home/airflow/.local/lib/python3.7/site-packages/airflow/example_dags/tutorial_taskflow_api.py
[2022-12-30T00:23:05.567+0000] {logging_mixin.py:137} INFO - [2022-12-30T00:23:05.567+0000] {dag.py:2676} INFO - Sync 1 DAGs
[2022-12-30T00:23:05.585+0000] {logging_mixin.py:137} INFO - [2022-12-30T00:23:05.585+0000] {dag.py:3427} INFO - Setting next_dagrun for tutorial_taskflow_api to None, run_after=None
[2022-12-30T00:23:05.597+0000] {processor.py:175} INFO - Processing /home/airflow/.local/lib/python3.7/site-packages/airflow/example_dags/tutorial_taskflow_api.py took 0.079 seconds
[2022-12-30T00:23:35.638+0000] {processor.py:153} INFO - Started process (PID=38848) to work on /home/airflow/.local/lib/python3.7/site-packages/airflow/example_dags/tutorial_taskflow_api.py
[2022-12-30T00:23:35.639+0000] {processor.py:743} INFO - Processing file /home/airflow/.local/lib/python3.7/site-packages/airflow/example_dags/tutorial_taskflow_api.py for tasks to queue
[2022-12-30T00:23:35.639+0000] {logging_mixin.py:137} INFO - [2022-12-30T00:23:35.639+0000] {dagbag.py:538} INFO - Filling up the DagBag from /home/airflow/.local/lib/python3.7/site-packages/airflow/example_dags/tutorial_taskflow_api.py
[2022-12-30T00:23:35.656+0000] {processor.py:753} INFO - DAG(s) dict_keys(['tutorial_taskflow_api']) retrieved from /home/airflow/.local/lib/python3.7/site-packages/airflow/example_dags/tutorial_taskflow_api.py
[2022-12-30T00:23:35.684+0000] {logging_mixin.py:137} INFO - [2022-12-30T00:23:35.684+0000] {dag.py:2676} INFO - Sync 1 DAGs
[2022-12-30T00:23:35.706+0000] {logging_mixin.py:137} INFO - [2022-12-30T00:23:35.706+0000] {dag.py:3427} INFO - Setting next_dagrun for tutorial_taskflow_api to None, run_after=None
[2022-12-30T00:23:35.718+0000] {processor.py:175} INFO - Processing /home/airflow/.local/lib/python3.7/site-packages/airflow/example_dags/tutorial_taskflow_api.py took 0.083 seconds
[2022-12-30T00:24:06.335+0000] {processor.py:153} INFO - Started process (PID=38950) to work on /home/airflow/.local/lib/python3.7/site-packages/airflow/example_dags/tutorial_taskflow_api.py
[2022-12-30T00:24:06.336+0000] {processor.py:743} INFO - Processing file /home/airflow/.local/lib/python3.7/site-packages/airflow/example_dags/tutorial_taskflow_api.py for tasks to queue
[2022-12-30T00:24:06.336+0000] {logging_mixin.py:137} INFO - [2022-12-30T00:24:06.336+0000] {dagbag.py:538} INFO - Filling up the DagBag from /home/airflow/.local/lib/python3.7/site-packages/airflow/example_dags/tutorial_taskflow_api.py
[2022-12-30T00:24:06.354+0000] {processor.py:753} INFO - DAG(s) dict_keys(['tutorial_taskflow_api']) retrieved from /home/airflow/.local/lib/python3.7/site-packages/airflow/example_dags/tutorial_taskflow_api.py
[2022-12-30T00:24:06.384+0000] {logging_mixin.py:137} INFO - [2022-12-30T00:24:06.384+0000] {dag.py:2676} INFO - Sync 1 DAGs
[2022-12-30T00:24:06.412+0000] {logging_mixin.py:137} INFO - [2022-12-30T00:24:06.412+0000] {dag.py:3427} INFO - Setting next_dagrun for tutorial_taskflow_api to None, run_after=None
[2022-12-30T00:24:06.424+0000] {processor.py:175} INFO - Processing /home/airflow/.local/lib/python3.7/site-packages/airflow/example_dags/tutorial_taskflow_api.py took 0.091 seconds
[2022-12-30T00:24:37.393+0000] {processor.py:153} INFO - Started process (PID=39032) to work on /home/airflow/.local/lib/python3.7/site-packages/airflow/example_dags/tutorial_taskflow_api.py
[2022-12-30T00:24:37.394+0000] {processor.py:743} INFO - Processing file /home/airflow/.local/lib/python3.7/site-packages/airflow/example_dags/tutorial_taskflow_api.py for tasks to queue
[2022-12-30T00:24:37.394+0000] {logging_mixin.py:137} INFO - [2022-12-30T00:24:37.394+0000] {dagbag.py:538} INFO - Filling up the DagBag from /home/airflow/.local/lib/python3.7/site-packages/airflow/example_dags/tutorial_taskflow_api.py
[2022-12-30T00:24:37.410+0000] {processor.py:753} INFO - DAG(s) dict_keys(['tutorial_taskflow_api']) retrieved from /home/airflow/.local/lib/python3.7/site-packages/airflow/example_dags/tutorial_taskflow_api.py
[2022-12-30T00:24:37.439+0000] {logging_mixin.py:137} INFO - [2022-12-30T00:24:37.439+0000] {dag.py:2676} INFO - Sync 1 DAGs
[2022-12-30T00:24:37.461+0000] {logging_mixin.py:137} INFO - [2022-12-30T00:24:37.461+0000] {dag.py:3427} INFO - Setting next_dagrun for tutorial_taskflow_api to None, run_after=None
[2022-12-30T00:24:37.473+0000] {processor.py:175} INFO - Processing /home/airflow/.local/lib/python3.7/site-packages/airflow/example_dags/tutorial_taskflow_api.py took 0.084 seconds
[2022-12-30T00:25:07.796+0000] {processor.py:153} INFO - Started process (PID=39134) to work on /home/airflow/.local/lib/python3.7/site-packages/airflow/example_dags/tutorial_taskflow_api.py
[2022-12-30T00:25:07.797+0000] {processor.py:743} INFO - Processing file /home/airflow/.local/lib/python3.7/site-packages/airflow/example_dags/tutorial_taskflow_api.py for tasks to queue
[2022-12-30T00:25:07.797+0000] {logging_mixin.py:137} INFO - [2022-12-30T00:25:07.797+0000] {dagbag.py:538} INFO - Filling up the DagBag from /home/airflow/.local/lib/python3.7/site-packages/airflow/example_dags/tutorial_taskflow_api.py
[2022-12-30T00:25:07.812+0000] {processor.py:753} INFO - DAG(s) dict_keys(['tutorial_taskflow_api']) retrieved from /home/airflow/.local/lib/python3.7/site-packages/airflow/example_dags/tutorial_taskflow_api.py
[2022-12-30T00:25:07.840+0000] {logging_mixin.py:137} INFO - [2022-12-30T00:25:07.840+0000] {dag.py:2676} INFO - Sync 1 DAGs
[2022-12-30T00:25:07.860+0000] {logging_mixin.py:137} INFO - [2022-12-30T00:25:07.860+0000] {dag.py:3427} INFO - Setting next_dagrun for tutorial_taskflow_api to None, run_after=None
[2022-12-30T00:25:07.873+0000] {processor.py:175} INFO - Processing /home/airflow/.local/lib/python3.7/site-packages/airflow/example_dags/tutorial_taskflow_api.py took 0.080 seconds
[2022-12-30T00:25:38.327+0000] {processor.py:153} INFO - Started process (PID=39216) to work on /home/airflow/.local/lib/python3.7/site-packages/airflow/example_dags/tutorial_taskflow_api.py
[2022-12-30T00:25:38.328+0000] {processor.py:743} INFO - Processing file /home/airflow/.local/lib/python3.7/site-packages/airflow/example_dags/tutorial_taskflow_api.py for tasks to queue
[2022-12-30T00:25:38.328+0000] {logging_mixin.py:137} INFO - [2022-12-30T00:25:38.328+0000] {dagbag.py:538} INFO - Filling up the DagBag from /home/airflow/.local/lib/python3.7/site-packages/airflow/example_dags/tutorial_taskflow_api.py
[2022-12-30T00:25:38.345+0000] {processor.py:753} INFO - DAG(s) dict_keys(['tutorial_taskflow_api']) retrieved from /home/airflow/.local/lib/python3.7/site-packages/airflow/example_dags/tutorial_taskflow_api.py
[2022-12-30T00:25:38.377+0000] {logging_mixin.py:137} INFO - [2022-12-30T00:25:38.377+0000] {dag.py:2676} INFO - Sync 1 DAGs
[2022-12-30T00:25:38.396+0000] {logging_mixin.py:137} INFO - [2022-12-30T00:25:38.396+0000] {dag.py:3427} INFO - Setting next_dagrun for tutorial_taskflow_api to None, run_after=None
[2022-12-30T00:25:38.408+0000] {processor.py:175} INFO - Processing /home/airflow/.local/lib/python3.7/site-packages/airflow/example_dags/tutorial_taskflow_api.py took 0.084 seconds
[2022-12-30T00:26:08.963+0000] {processor.py:153} INFO - Started process (PID=39318) to work on /home/airflow/.local/lib/python3.7/site-packages/airflow/example_dags/tutorial_taskflow_api.py
[2022-12-30T00:26:08.963+0000] {processor.py:743} INFO - Processing file /home/airflow/.local/lib/python3.7/site-packages/airflow/example_dags/tutorial_taskflow_api.py for tasks to queue
[2022-12-30T00:26:08.964+0000] {logging_mixin.py:137} INFO - [2022-12-30T00:26:08.964+0000] {dagbag.py:538} INFO - Filling up the DagBag from /home/airflow/.local/lib/python3.7/site-packages/airflow/example_dags/tutorial_taskflow_api.py
[2022-12-30T00:26:08.979+0000] {processor.py:753} INFO - DAG(s) dict_keys(['tutorial_taskflow_api']) retrieved from /home/airflow/.local/lib/python3.7/site-packages/airflow/example_dags/tutorial_taskflow_api.py
[2022-12-30T00:26:09.005+0000] {logging_mixin.py:137} INFO - [2022-12-30T00:26:09.005+0000] {dag.py:2676} INFO - Sync 1 DAGs
[2022-12-30T00:26:09.024+0000] {logging_mixin.py:137} INFO - [2022-12-30T00:26:09.024+0000] {dag.py:3427} INFO - Setting next_dagrun for tutorial_taskflow_api to None, run_after=None
[2022-12-30T00:26:09.036+0000] {processor.py:175} INFO - Processing /home/airflow/.local/lib/python3.7/site-packages/airflow/example_dags/tutorial_taskflow_api.py took 0.076 seconds
[2022-12-30T00:26:39.420+0000] {processor.py:153} INFO - Started process (PID=39400) to work on /home/airflow/.local/lib/python3.7/site-packages/airflow/example_dags/tutorial_taskflow_api.py
[2022-12-30T00:26:39.421+0000] {processor.py:743} INFO - Processing file /home/airflow/.local/lib/python3.7/site-packages/airflow/example_dags/tutorial_taskflow_api.py for tasks to queue
[2022-12-30T00:26:39.421+0000] {logging_mixin.py:137} INFO - [2022-12-30T00:26:39.421+0000] {dagbag.py:538} INFO - Filling up the DagBag from /home/airflow/.local/lib/python3.7/site-packages/airflow/example_dags/tutorial_taskflow_api.py
[2022-12-30T00:26:39.436+0000] {processor.py:753} INFO - DAG(s) dict_keys(['tutorial_taskflow_api']) retrieved from /home/airflow/.local/lib/python3.7/site-packages/airflow/example_dags/tutorial_taskflow_api.py
[2022-12-30T00:26:39.471+0000] {logging_mixin.py:137} INFO - [2022-12-30T00:26:39.471+0000] {dag.py:2676} INFO - Sync 1 DAGs
[2022-12-30T00:26:39.498+0000] {logging_mixin.py:137} INFO - [2022-12-30T00:26:39.498+0000] {dag.py:3427} INFO - Setting next_dagrun for tutorial_taskflow_api to None, run_after=None
[2022-12-30T00:26:39.509+0000] {processor.py:175} INFO - Processing /home/airflow/.local/lib/python3.7/site-packages/airflow/example_dags/tutorial_taskflow_api.py took 0.093 seconds
[2022-12-30T00:27:09.677+0000] {processor.py:153} INFO - Started process (PID=39503) to work on /home/airflow/.local/lib/python3.7/site-packages/airflow/example_dags/tutorial_taskflow_api.py
[2022-12-30T00:27:09.678+0000] {processor.py:743} INFO - Processing file /home/airflow/.local/lib/python3.7/site-packages/airflow/example_dags/tutorial_taskflow_api.py for tasks to queue
[2022-12-30T00:27:09.679+0000] {logging_mixin.py:137} INFO - [2022-12-30T00:27:09.679+0000] {dagbag.py:538} INFO - Filling up the DagBag from /home/airflow/.local/lib/python3.7/site-packages/airflow/example_dags/tutorial_taskflow_api.py
[2022-12-30T00:27:09.694+0000] {processor.py:753} INFO - DAG(s) dict_keys(['tutorial_taskflow_api']) retrieved from /home/airflow/.local/lib/python3.7/site-packages/airflow/example_dags/tutorial_taskflow_api.py
[2022-12-30T00:27:09.724+0000] {logging_mixin.py:137} INFO - [2022-12-30T00:27:09.724+0000] {dag.py:2676} INFO - Sync 1 DAGs
[2022-12-30T00:27:09.746+0000] {logging_mixin.py:137} INFO - [2022-12-30T00:27:09.746+0000] {dag.py:3427} INFO - Setting next_dagrun for tutorial_taskflow_api to None, run_after=None
[2022-12-30T00:27:09.757+0000] {processor.py:175} INFO - Processing /home/airflow/.local/lib/python3.7/site-packages/airflow/example_dags/tutorial_taskflow_api.py took 0.084 seconds
[2022-12-30T00:27:40.253+0000] {processor.py:153} INFO - Started process (PID=39594) to work on /home/airflow/.local/lib/python3.7/site-packages/airflow/example_dags/tutorial_taskflow_api.py
[2022-12-30T00:27:40.254+0000] {processor.py:743} INFO - Processing file /home/airflow/.local/lib/python3.7/site-packages/airflow/example_dags/tutorial_taskflow_api.py for tasks to queue
[2022-12-30T00:27:40.254+0000] {logging_mixin.py:137} INFO - [2022-12-30T00:27:40.254+0000] {dagbag.py:538} INFO - Filling up the DagBag from /home/airflow/.local/lib/python3.7/site-packages/airflow/example_dags/tutorial_taskflow_api.py
[2022-12-30T00:27:40.277+0000] {processor.py:753} INFO - DAG(s) dict_keys(['tutorial_taskflow_api']) retrieved from /home/airflow/.local/lib/python3.7/site-packages/airflow/example_dags/tutorial_taskflow_api.py
[2022-12-30T00:27:40.307+0000] {logging_mixin.py:137} INFO - [2022-12-30T00:27:40.307+0000] {dag.py:2676} INFO - Sync 1 DAGs
[2022-12-30T00:27:40.326+0000] {logging_mixin.py:137} INFO - [2022-12-30T00:27:40.326+0000] {dag.py:3427} INFO - Setting next_dagrun for tutorial_taskflow_api to None, run_after=None
[2022-12-30T00:27:40.341+0000] {processor.py:175} INFO - Processing /home/airflow/.local/lib/python3.7/site-packages/airflow/example_dags/tutorial_taskflow_api.py took 0.091 seconds
[2022-12-30T00:28:10.451+0000] {processor.py:153} INFO - Started process (PID=39687) to work on /home/airflow/.local/lib/python3.7/site-packages/airflow/example_dags/tutorial_taskflow_api.py
[2022-12-30T00:28:10.452+0000] {processor.py:743} INFO - Processing file /home/airflow/.local/lib/python3.7/site-packages/airflow/example_dags/tutorial_taskflow_api.py for tasks to queue
[2022-12-30T00:28:10.453+0000] {logging_mixin.py:137} INFO - [2022-12-30T00:28:10.453+0000] {dagbag.py:538} INFO - Filling up the DagBag from /home/airflow/.local/lib/python3.7/site-packages/airflow/example_dags/tutorial_taskflow_api.py
[2022-12-30T00:28:10.468+0000] {processor.py:753} INFO - DAG(s) dict_keys(['tutorial_taskflow_api']) retrieved from /home/airflow/.local/lib/python3.7/site-packages/airflow/example_dags/tutorial_taskflow_api.py
[2022-12-30T00:28:10.503+0000] {logging_mixin.py:137} INFO - [2022-12-30T00:28:10.503+0000] {dag.py:2676} INFO - Sync 1 DAGs
[2022-12-30T00:28:10.531+0000] {logging_mixin.py:137} INFO - [2022-12-30T00:28:10.531+0000] {dag.py:3427} INFO - Setting next_dagrun for tutorial_taskflow_api to None, run_after=None
[2022-12-30T00:28:10.545+0000] {processor.py:175} INFO - Processing /home/airflow/.local/lib/python3.7/site-packages/airflow/example_dags/tutorial_taskflow_api.py took 0.097 seconds
[2022-12-30T00:28:41.157+0000] {processor.py:153} INFO - Started process (PID=39789) to work on /home/airflow/.local/lib/python3.7/site-packages/airflow/example_dags/tutorial_taskflow_api.py
[2022-12-30T00:28:41.158+0000] {processor.py:743} INFO - Processing file /home/airflow/.local/lib/python3.7/site-packages/airflow/example_dags/tutorial_taskflow_api.py for tasks to queue
[2022-12-30T00:28:41.159+0000] {logging_mixin.py:137} INFO - [2022-12-30T00:28:41.159+0000] {dagbag.py:538} INFO - Filling up the DagBag from /home/airflow/.local/lib/python3.7/site-packages/airflow/example_dags/tutorial_taskflow_api.py
[2022-12-30T00:28:41.178+0000] {processor.py:753} INFO - DAG(s) dict_keys(['tutorial_taskflow_api']) retrieved from /home/airflow/.local/lib/python3.7/site-packages/airflow/example_dags/tutorial_taskflow_api.py
[2022-12-30T00:28:41.206+0000] {logging_mixin.py:137} INFO - [2022-12-30T00:28:41.206+0000] {dag.py:2676} INFO - Sync 1 DAGs
[2022-12-30T00:28:41.227+0000] {logging_mixin.py:137} INFO - [2022-12-30T00:28:41.227+0000] {dag.py:3427} INFO - Setting next_dagrun for tutorial_taskflow_api to None, run_after=None
[2022-12-30T00:28:41.241+0000] {processor.py:175} INFO - Processing /home/airflow/.local/lib/python3.7/site-packages/airflow/example_dags/tutorial_taskflow_api.py took 0.086 seconds
[2022-12-30T00:29:11.350+0000] {processor.py:153} INFO - Started process (PID=39871) to work on /home/airflow/.local/lib/python3.7/site-packages/airflow/example_dags/tutorial_taskflow_api.py
[2022-12-30T00:29:11.350+0000] {processor.py:743} INFO - Processing file /home/airflow/.local/lib/python3.7/site-packages/airflow/example_dags/tutorial_taskflow_api.py for tasks to queue
[2022-12-30T00:29:11.351+0000] {logging_mixin.py:137} INFO - [2022-12-30T00:29:11.351+0000] {dagbag.py:538} INFO - Filling up the DagBag from /home/airflow/.local/lib/python3.7/site-packages/airflow/example_dags/tutorial_taskflow_api.py
[2022-12-30T00:29:11.366+0000] {processor.py:753} INFO - DAG(s) dict_keys(['tutorial_taskflow_api']) retrieved from /home/airflow/.local/lib/python3.7/site-packages/airflow/example_dags/tutorial_taskflow_api.py
[2022-12-30T00:29:11.399+0000] {logging_mixin.py:137} INFO - [2022-12-30T00:29:11.399+0000] {dag.py:2676} INFO - Sync 1 DAGs
[2022-12-30T00:29:11.419+0000] {logging_mixin.py:137} INFO - [2022-12-30T00:29:11.419+0000] {dag.py:3427} INFO - Setting next_dagrun for tutorial_taskflow_api to None, run_after=None
[2022-12-30T00:29:11.431+0000] {processor.py:175} INFO - Processing /home/airflow/.local/lib/python3.7/site-packages/airflow/example_dags/tutorial_taskflow_api.py took 0.084 seconds
[2022-12-30T00:29:41.733+0000] {processor.py:153} INFO - Started process (PID=39973) to work on /home/airflow/.local/lib/python3.7/site-packages/airflow/example_dags/tutorial_taskflow_api.py
[2022-12-30T00:29:41.733+0000] {processor.py:743} INFO - Processing file /home/airflow/.local/lib/python3.7/site-packages/airflow/example_dags/tutorial_taskflow_api.py for tasks to queue
[2022-12-30T00:29:41.734+0000] {logging_mixin.py:137} INFO - [2022-12-30T00:29:41.734+0000] {dagbag.py:538} INFO - Filling up the DagBag from /home/airflow/.local/lib/python3.7/site-packages/airflow/example_dags/tutorial_taskflow_api.py
[2022-12-30T00:29:41.754+0000] {processor.py:753} INFO - DAG(s) dict_keys(['tutorial_taskflow_api']) retrieved from /home/airflow/.local/lib/python3.7/site-packages/airflow/example_dags/tutorial_taskflow_api.py
[2022-12-30T00:29:41.783+0000] {logging_mixin.py:137} INFO - [2022-12-30T00:29:41.783+0000] {dag.py:2676} INFO - Sync 1 DAGs
[2022-12-30T00:29:41.803+0000] {logging_mixin.py:137} INFO - [2022-12-30T00:29:41.802+0000] {dag.py:3427} INFO - Setting next_dagrun for tutorial_taskflow_api to None, run_after=None
[2022-12-30T00:29:41.814+0000] {processor.py:175} INFO - Processing /home/airflow/.local/lib/python3.7/site-packages/airflow/example_dags/tutorial_taskflow_api.py took 0.083 seconds
[2022-12-30T00:30:12.205+0000] {processor.py:153} INFO - Started process (PID=40055) to work on /home/airflow/.local/lib/python3.7/site-packages/airflow/example_dags/tutorial_taskflow_api.py
[2022-12-30T00:30:12.206+0000] {processor.py:743} INFO - Processing file /home/airflow/.local/lib/python3.7/site-packages/airflow/example_dags/tutorial_taskflow_api.py for tasks to queue
[2022-12-30T00:30:12.206+0000] {logging_mixin.py:137} INFO - [2022-12-30T00:30:12.206+0000] {dagbag.py:538} INFO - Filling up the DagBag from /home/airflow/.local/lib/python3.7/site-packages/airflow/example_dags/tutorial_taskflow_api.py
[2022-12-30T00:30:12.221+0000] {processor.py:753} INFO - DAG(s) dict_keys(['tutorial_taskflow_api']) retrieved from /home/airflow/.local/lib/python3.7/site-packages/airflow/example_dags/tutorial_taskflow_api.py
[2022-12-30T00:30:12.250+0000] {logging_mixin.py:137} INFO - [2022-12-30T00:30:12.250+0000] {dag.py:2676} INFO - Sync 1 DAGs
[2022-12-30T00:30:12.270+0000] {logging_mixin.py:137} INFO - [2022-12-30T00:30:12.270+0000] {dag.py:3427} INFO - Setting next_dagrun for tutorial_taskflow_api to None, run_after=None
[2022-12-30T00:30:12.286+0000] {processor.py:175} INFO - Processing /home/airflow/.local/lib/python3.7/site-packages/airflow/example_dags/tutorial_taskflow_api.py took 0.084 seconds
[2022-12-30T00:30:42.823+0000] {processor.py:153} INFO - Started process (PID=40157) to work on /home/airflow/.local/lib/python3.7/site-packages/airflow/example_dags/tutorial_taskflow_api.py
[2022-12-30T00:30:42.824+0000] {processor.py:743} INFO - Processing file /home/airflow/.local/lib/python3.7/site-packages/airflow/example_dags/tutorial_taskflow_api.py for tasks to queue
[2022-12-30T00:30:42.825+0000] {logging_mixin.py:137} INFO - [2022-12-30T00:30:42.824+0000] {dagbag.py:538} INFO - Filling up the DagBag from /home/airflow/.local/lib/python3.7/site-packages/airflow/example_dags/tutorial_taskflow_api.py
[2022-12-30T00:30:42.842+0000] {processor.py:753} INFO - DAG(s) dict_keys(['tutorial_taskflow_api']) retrieved from /home/airflow/.local/lib/python3.7/site-packages/airflow/example_dags/tutorial_taskflow_api.py
[2022-12-30T00:30:42.874+0000] {logging_mixin.py:137} INFO - [2022-12-30T00:30:42.874+0000] {dag.py:2676} INFO - Sync 1 DAGs
[2022-12-30T00:30:42.896+0000] {logging_mixin.py:137} INFO - [2022-12-30T00:30:42.896+0000] {dag.py:3427} INFO - Setting next_dagrun for tutorial_taskflow_api to None, run_after=None
[2022-12-30T00:30:42.907+0000] {processor.py:175} INFO - Processing /home/airflow/.local/lib/python3.7/site-packages/airflow/example_dags/tutorial_taskflow_api.py took 0.087 seconds
[2022-12-30T00:31:13.283+0000] {processor.py:153} INFO - Started process (PID=40239) to work on /home/airflow/.local/lib/python3.7/site-packages/airflow/example_dags/tutorial_taskflow_api.py
[2022-12-30T00:31:13.283+0000] {processor.py:743} INFO - Processing file /home/airflow/.local/lib/python3.7/site-packages/airflow/example_dags/tutorial_taskflow_api.py for tasks to queue
[2022-12-30T00:31:13.284+0000] {logging_mixin.py:137} INFO - [2022-12-30T00:31:13.284+0000] {dagbag.py:538} INFO - Filling up the DagBag from /home/airflow/.local/lib/python3.7/site-packages/airflow/example_dags/tutorial_taskflow_api.py
[2022-12-30T00:31:13.301+0000] {processor.py:753} INFO - DAG(s) dict_keys(['tutorial_taskflow_api']) retrieved from /home/airflow/.local/lib/python3.7/site-packages/airflow/example_dags/tutorial_taskflow_api.py
[2022-12-30T00:31:13.337+0000] {logging_mixin.py:137} INFO - [2022-12-30T00:31:13.336+0000] {dag.py:2676} INFO - Sync 1 DAGs
[2022-12-30T00:31:13.356+0000] {logging_mixin.py:137} INFO - [2022-12-30T00:31:13.356+0000] {dag.py:3427} INFO - Setting next_dagrun for tutorial_taskflow_api to None, run_after=None
[2022-12-30T00:31:13.369+0000] {processor.py:175} INFO - Processing /home/airflow/.local/lib/python3.7/site-packages/airflow/example_dags/tutorial_taskflow_api.py took 0.089 seconds
[2022-12-30T00:31:43.820+0000] {processor.py:153} INFO - Started process (PID=40341) to work on /home/airflow/.local/lib/python3.7/site-packages/airflow/example_dags/tutorial_taskflow_api.py
[2022-12-30T00:31:43.821+0000] {processor.py:743} INFO - Processing file /home/airflow/.local/lib/python3.7/site-packages/airflow/example_dags/tutorial_taskflow_api.py for tasks to queue
[2022-12-30T00:31:43.821+0000] {logging_mixin.py:137} INFO - [2022-12-30T00:31:43.821+0000] {dagbag.py:538} INFO - Filling up the DagBag from /home/airflow/.local/lib/python3.7/site-packages/airflow/example_dags/tutorial_taskflow_api.py
[2022-12-30T00:31:43.837+0000] {processor.py:753} INFO - DAG(s) dict_keys(['tutorial_taskflow_api']) retrieved from /home/airflow/.local/lib/python3.7/site-packages/airflow/example_dags/tutorial_taskflow_api.py
[2022-12-30T00:31:43.866+0000] {logging_mixin.py:137} INFO - [2022-12-30T00:31:43.866+0000] {dag.py:2676} INFO - Sync 1 DAGs
[2022-12-30T00:31:43.886+0000] {logging_mixin.py:137} INFO - [2022-12-30T00:31:43.885+0000] {dag.py:3427} INFO - Setting next_dagrun for tutorial_taskflow_api to None, run_after=None
[2022-12-30T00:31:43.898+0000] {processor.py:175} INFO - Processing /home/airflow/.local/lib/python3.7/site-packages/airflow/example_dags/tutorial_taskflow_api.py took 0.081 seconds
[2022-12-30T00:32:14.082+0000] {processor.py:153} INFO - Started process (PID=40424) to work on /home/airflow/.local/lib/python3.7/site-packages/airflow/example_dags/tutorial_taskflow_api.py
[2022-12-30T00:32:14.082+0000] {processor.py:743} INFO - Processing file /home/airflow/.local/lib/python3.7/site-packages/airflow/example_dags/tutorial_taskflow_api.py for tasks to queue
[2022-12-30T00:32:14.082+0000] {logging_mixin.py:137} INFO - [2022-12-30T00:32:14.082+0000] {dagbag.py:538} INFO - Filling up the DagBag from /home/airflow/.local/lib/python3.7/site-packages/airflow/example_dags/tutorial_taskflow_api.py
[2022-12-30T00:32:14.098+0000] {processor.py:753} INFO - DAG(s) dict_keys(['tutorial_taskflow_api']) retrieved from /home/airflow/.local/lib/python3.7/site-packages/airflow/example_dags/tutorial_taskflow_api.py
[2022-12-30T00:32:14.132+0000] {logging_mixin.py:137} INFO - [2022-12-30T00:32:14.132+0000] {dag.py:2676} INFO - Sync 1 DAGs
[2022-12-30T00:32:14.155+0000] {logging_mixin.py:137} INFO - [2022-12-30T00:32:14.155+0000] {dag.py:3427} INFO - Setting next_dagrun for tutorial_taskflow_api to None, run_after=None
[2022-12-30T00:32:14.169+0000] {processor.py:175} INFO - Processing /home/airflow/.local/lib/python3.7/site-packages/airflow/example_dags/tutorial_taskflow_api.py took 0.090 seconds
[2022-12-30T00:32:44.446+0000] {processor.py:153} INFO - Started process (PID=40526) to work on /home/airflow/.local/lib/python3.7/site-packages/airflow/example_dags/tutorial_taskflow_api.py
[2022-12-30T00:32:44.447+0000] {processor.py:743} INFO - Processing file /home/airflow/.local/lib/python3.7/site-packages/airflow/example_dags/tutorial_taskflow_api.py for tasks to queue
[2022-12-30T00:32:44.447+0000] {logging_mixin.py:137} INFO - [2022-12-30T00:32:44.447+0000] {dagbag.py:538} INFO - Filling up the DagBag from /home/airflow/.local/lib/python3.7/site-packages/airflow/example_dags/tutorial_taskflow_api.py
[2022-12-30T00:32:44.462+0000] {processor.py:753} INFO - DAG(s) dict_keys(['tutorial_taskflow_api']) retrieved from /home/airflow/.local/lib/python3.7/site-packages/airflow/example_dags/tutorial_taskflow_api.py
[2022-12-30T00:32:44.493+0000] {logging_mixin.py:137} INFO - [2022-12-30T00:32:44.493+0000] {dag.py:2676} INFO - Sync 1 DAGs
[2022-12-30T00:32:44.514+0000] {logging_mixin.py:137} INFO - [2022-12-30T00:32:44.514+0000] {dag.py:3427} INFO - Setting next_dagrun for tutorial_taskflow_api to None, run_after=None
[2022-12-30T00:32:44.527+0000] {processor.py:175} INFO - Processing /home/airflow/.local/lib/python3.7/site-packages/airflow/example_dags/tutorial_taskflow_api.py took 0.084 seconds
[2022-12-30T00:33:15.223+0000] {processor.py:153} INFO - Started process (PID=40615) to work on /home/airflow/.local/lib/python3.7/site-packages/airflow/example_dags/tutorial_taskflow_api.py
[2022-12-30T00:33:15.224+0000] {processor.py:743} INFO - Processing file /home/airflow/.local/lib/python3.7/site-packages/airflow/example_dags/tutorial_taskflow_api.py for tasks to queue
[2022-12-30T00:33:15.224+0000] {logging_mixin.py:137} INFO - [2022-12-30T00:33:15.224+0000] {dagbag.py:538} INFO - Filling up the DagBag from /home/airflow/.local/lib/python3.7/site-packages/airflow/example_dags/tutorial_taskflow_api.py
[2022-12-30T00:33:15.240+0000] {processor.py:753} INFO - DAG(s) dict_keys(['tutorial_taskflow_api']) retrieved from /home/airflow/.local/lib/python3.7/site-packages/airflow/example_dags/tutorial_taskflow_api.py
[2022-12-30T00:33:15.268+0000] {logging_mixin.py:137} INFO - [2022-12-30T00:33:15.268+0000] {dag.py:2676} INFO - Sync 1 DAGs
[2022-12-30T00:33:15.288+0000] {logging_mixin.py:137} INFO - [2022-12-30T00:33:15.288+0000] {dag.py:3427} INFO - Setting next_dagrun for tutorial_taskflow_api to None, run_after=None
[2022-12-30T00:33:15.303+0000] {processor.py:175} INFO - Processing /home/airflow/.local/lib/python3.7/site-packages/airflow/example_dags/tutorial_taskflow_api.py took 0.082 seconds
[2022-12-30T00:33:45.789+0000] {processor.py:153} INFO - Started process (PID=40710) to work on /home/airflow/.local/lib/python3.7/site-packages/airflow/example_dags/tutorial_taskflow_api.py
[2022-12-30T00:33:45.789+0000] {processor.py:743} INFO - Processing file /home/airflow/.local/lib/python3.7/site-packages/airflow/example_dags/tutorial_taskflow_api.py for tasks to queue
[2022-12-30T00:33:45.790+0000] {logging_mixin.py:137} INFO - [2022-12-30T00:33:45.790+0000] {dagbag.py:538} INFO - Filling up the DagBag from /home/airflow/.local/lib/python3.7/site-packages/airflow/example_dags/tutorial_taskflow_api.py
[2022-12-30T00:33:45.805+0000] {processor.py:753} INFO - DAG(s) dict_keys(['tutorial_taskflow_api']) retrieved from /home/airflow/.local/lib/python3.7/site-packages/airflow/example_dags/tutorial_taskflow_api.py
[2022-12-30T00:33:45.834+0000] {logging_mixin.py:137} INFO - [2022-12-30T00:33:45.833+0000] {dag.py:2676} INFO - Sync 1 DAGs
[2022-12-30T00:33:45.853+0000] {logging_mixin.py:137} INFO - [2022-12-30T00:33:45.853+0000] {dag.py:3427} INFO - Setting next_dagrun for tutorial_taskflow_api to None, run_after=None
[2022-12-30T00:33:45.866+0000] {processor.py:175} INFO - Processing /home/airflow/.local/lib/python3.7/site-packages/airflow/example_dags/tutorial_taskflow_api.py took 0.080 seconds
