[2022-12-30T00:20:13.737+0000] {taskinstance.py:1087} INFO - Dependencies all met for <TaskInstance: a_incremental_load.refresh_views scheduled__2022-12-29T00:00:00+00:00 [queued]>
[2022-12-30T00:20:13.744+0000] {taskinstance.py:1087} INFO - Dependencies all met for <TaskInstance: a_incremental_load.refresh_views scheduled__2022-12-29T00:00:00+00:00 [queued]>
[2022-12-30T00:20:13.744+0000] {taskinstance.py:1283} INFO - 
--------------------------------------------------------------------------------
[2022-12-30T00:20:13.744+0000] {taskinstance.py:1284} INFO - Starting attempt 1 of 1
[2022-12-30T00:20:13.744+0000] {taskinstance.py:1285} INFO - 
--------------------------------------------------------------------------------
[2022-12-30T00:20:13.755+0000] {taskinstance.py:1304} INFO - Executing <Task(PythonOperator): refresh_views> on 2022-12-29 00:00:00+00:00
[2022-12-30T00:20:13.763+0000] {standard_task_runner.py:55} INFO - Started process 21849 to run task
[2022-12-30T00:20:13.766+0000] {standard_task_runner.py:82} INFO - Running: ['***', 'tasks', 'run', 'a_incremental_load', 'refresh_views', 'scheduled__2022-12-29T00:00:00+00:00', '--job-id', '38', '--raw', '--subdir', 'DAGS_FOLDER/incremental_load.py', '--cfg-path', '/tmp/tmpy79ozw6f']
[2022-12-30T00:20:13.767+0000] {standard_task_runner.py:83} INFO - Job 38: Subtask refresh_views
[2022-12-30T00:20:13.832+0000] {task_command.py:389} INFO - Running <TaskInstance: a_incremental_load.refresh_views scheduled__2022-12-29T00:00:00+00:00 [running]> on host 617cc505ea19
[2022-12-30T00:20:13.904+0000] {taskinstance.py:1513} INFO - Exporting the following env vars:
AIRFLOW_CTX_DAG_OWNER=***
AIRFLOW_CTX_DAG_ID=a_incremental_load
AIRFLOW_CTX_TASK_ID=refresh_views
AIRFLOW_CTX_EXECUTION_DATE=2022-12-29T00:00:00+00:00
AIRFLOW_CTX_TRY_NUMBER=1
AIRFLOW_CTX_DAG_RUN_ID=scheduled__2022-12-29T00:00:00+00:00
[2022-12-30T00:20:13.910+0000] {logging_mixin.py:137} INFO - REFRESH MATERIALIZED VIEW aaplview
[2022-12-30T00:20:14.646+0000] {logging_mixin.py:137} INFO - REFRESH MATERIALIZED VIEW googlview
[2022-12-30T00:20:15.067+0000] {logging_mixin.py:137} INFO - REFRESH MATERIALIZED VIEW msftview
[2022-12-30T00:20:15.603+0000] {logging_mixin.py:137} INFO - REFRESH MATERIALIZED VIEW ibmview
[2022-12-30T00:20:15.978+0000] {logging_mixin.py:137} INFO - REFRESH MATERIALIZED VIEW nvdaview
[2022-12-30T00:20:16.573+0000] {logging_mixin.py:137} INFO - REFRESH MATERIALIZED VIEW orclview
[2022-12-30T00:20:16.950+0000] {logging_mixin.py:137} INFO - REFRESH MATERIALIZED VIEW intcview
[2022-12-30T00:20:17.485+0000] {logging_mixin.py:137} INFO - REFRESH MATERIALIZED VIEW qcomview
[2022-12-30T00:20:17.946+0000] {logging_mixin.py:137} INFO - REFRESH MATERIALIZED VIEW amdview
[2022-12-30T00:20:18.690+0000] {logging_mixin.py:137} INFO - REFRESH MATERIALIZED VIEW tsmview
[2022-12-30T00:20:19.194+0000] {python.py:177} INFO - Done. Returned value was: None
[2022-12-30T00:20:19.204+0000] {taskinstance.py:1327} INFO - Marking task as SUCCESS. dag_id=a_incremental_load, task_id=refresh_views, execution_date=20221229T000000, start_date=20221230T002013, end_date=20221230T002019
[2022-12-30T00:20:19.227+0000] {local_task_job.py:159} INFO - Task exited with return code 0
[2022-12-30T00:20:19.248+0000] {taskinstance.py:2582} INFO - 1 downstream tasks scheduled from follow-on schedule check
